venv: /zhome/87/8/147075/venv-name/bin/activate
[1713562908.757047] [n-62-29-17:32185:0]          ib_md.c:1063 UCX  WARN  IB: ibv_fork_init() was disabled or failed, yet a fork() has been issued.
[1713562908.757079] [n-62-29-17:32185:0]          ib_md.c:1064 UCX  WARN  IB: data corruption might occur when using registered memory.
[1713562908.757117] [n-62-29-17:32183:0]          ib_md.c:1063 UCX  WARN  IB: ibv_fork_init() was disabled or failed, yet a fork() has been issued.
[1713562908.757151] [n-62-29-17:32183:0]          ib_md.c:1064 UCX  WARN  IB: data corruption might occur when using registered memory.
[1713562908.757209] [n-62-29-17:32184:0]          ib_md.c:1063 UCX  WARN  IB: ibv_fork_init() was disabled or failed, yet a fork() has been issued.
[1713562908.757235] [n-62-29-17:32184:0]          ib_md.c:1064 UCX  WARN  IB: data corruption might occur when using registered memory.
[1713562908.757268] [n-62-29-17:32187:0]          ib_md.c:1063 UCX  WARN  IB: ibv_fork_init() was disabled or failed, yet a fork() has been issued.
[1713562908.757296] [n-62-29-17:32187:0]          ib_md.c:1064 UCX  WARN  IB: data corruption might occur when using registered memory.
[1713562908.761139] [n-62-29-17:32177:0]          ib_md.c:1063 UCX  WARN  IB: ibv_fork_init() was disabled or failed, yet a fork() has been issued.
[1713562908.761183] [n-62-29-17:32177:0]          ib_md.c:1064 UCX  WARN  IB: data corruption might occur when using registered memory.
[1713562908.761435] [n-62-29-17:32180:0]          ib_md.c:1063 UCX  WARN  IB: ibv_fork_init() was disabled or failed, yet a fork() has been issued.
[1713562908.761464] [n-62-29-17:32175:0]          ib_md.c:1063 UCX  WARN  IB: ibv_fork_init() was disabled or failed, yet a fork() has been issued.
[1713562908.761515] [n-62-29-17:32175:0]          ib_md.c:1064 UCX  WARN  IB: data corruption might occur when using registered memory.
[1713562908.761501] [n-62-29-17:32180:0]          ib_md.c:1064 UCX  WARN  IB: data corruption might occur when using registered memory.
[1713562908.761609] [n-62-29-17:32179:0]          ib_md.c:1063 UCX  WARN  IB: ibv_fork_init() was disabled or failed, yet a fork() has been issued.
[1713562908.761686] [n-62-29-17:32179:0]          ib_md.c:1064 UCX  WARN  IB: data corruption might occur when using registered memory.
[1713562908.761753] [n-62-29-17:32182:0]          ib_md.c:1063 UCX  WARN  IB: ibv_fork_init() was disabled or failed, yet a fork() has been issued.
[1713562908.761781] [n-62-29-17:32182:0]          ib_md.c:1064 UCX  WARN  IB: data corruption might occur when using registered memory.
[1713562908.761834] [n-62-29-17:32178:0]          ib_md.c:1063 UCX  WARN  IB: ibv_fork_init() was disabled or failed, yet a fork() has been issued.
[1713562908.761914] [n-62-29-17:32178:0]          ib_md.c:1064 UCX  WARN  IB: data corruption might occur when using registered memory.
[1713562908.761927] [n-62-29-17:32176:0]          ib_md.c:1063 UCX  WARN  IB: ibv_fork_init() was disabled or failed, yet a fork() has been issued.
[1713562908.762006] [n-62-29-17:32176:0]          ib_md.c:1064 UCX  WARN  IB: data corruption might occur when using registered memory.
[1713562908.762375] [n-62-29-17:32181:0]          ib_md.c:1063 UCX  WARN  IB: ibv_fork_init() was disabled or failed, yet a fork() has been issued.
[1713562908.762408] [n-62-29-17:32181:0]          ib_md.c:1064 UCX  WARN  IB: data corruption might occur when using registered memory.
Calculating ground state
5 q-points in the path
=====================================
Calculating q=[0.2833333333333333, 0.2833333333333333, 0]
Calculating ground state
5 q-points in the path
=====================================
Calculating q=[0.2833333333333333, 0.2833333333333333, 0]
Calculating ground state
5 q-points in the path
=====================================
Calculating q=[0.2833333333333333, 0.2833333333333333, 0]
Calculating ground state
5 q-points in the path
=====================================
Calculating q=[0.2833333333333333, 0.2833333333333333, 0]
Calculating ground state
5 q-points in the path
=====================================
Calculating q=[0.2833333333333333, 0.2833333333333333, 0]
Calculating ground state
5 q-points in the path
=====================================
Calculating ground state
5 q-points in the path
Calculating ground state
5 q-points in the path
Calculating q=[0.2833333333333333, 0.2833333333333333, 0]
=====================================
=====================================
Calculating q=[0.2833333333333333, 0.2833333333333333, 0]
Calculating q=[0.2833333333333333, 0.2833333333333333, 0]
Calculating ground state
5 q-points in the path
=====================================
Calculating ground state
5 q-points in the path
=====================================
Calculating q=[0.2833333333333333, 0.2833333333333333, 0]
Calculating q=[0.2833333333333333, 0.2833333333333333, 0]
Calculating ground state
5 q-points in the path
=====================================
Calculating q=[0.2833333333333333, 0.2833333333333333, 0]
Calculating ground state
5 q-points in the path
=====================================
Calculating q=[0.2833333333333333, 0.2833333333333333, 0]
Energy: -11.909040344822245 eV
Magnetic moment: 5.222732458566519e-15 Bohr magnetons
Calculating q=[0.3, 0.2833333333333333, 0]
Energy: -11.909040344822245 eV
Magnetic moment: 5.222732458566519e-15 Bohr magnetons
Calculating q=[0.3, 0.2833333333333333, 0]
Energy: -11.909040344822245 eV
Magnetic moment: 5.222732458566519e-15 Bohr magnetons
Calculating q=[0.3, 0.2833333333333333, 0]
Energy: -11.909040344822245 eV
Magnetic moment: 5.222732458566519e-15 Bohr magnetons
Calculating q=[0.3, 0.2833333333333333, 0]
Energy: -11.909040344822245 eV
Magnetic moment: 5.222732458566519e-15 Bohr magnetons
Calculating q=[0.3, 0.2833333333333333, 0]
Energy: -11.909040344822245 eV
Magnetic moment: 5.222732458566519e-15 Bohr magnetons
Calculating q=[0.3, 0.2833333333333333, 0]
Energy: -11.909040344822245 eV
Magnetic moment: 5.222732458566519e-15 Bohr magnetons
Calculating q=[0.3, 0.2833333333333333, 0]
Energy: -11.909040344822245 eV
Magnetic moment: 5.222732458566519e-15 Bohr magnetons
Calculating q=[0.3, 0.2833333333333333, 0]
Energy: -11.909040344822245 eV
Magnetic moment: 5.222732458566519e-15 Bohr magnetons
Calculating q=[0.3, 0.2833333333333333, 0]
Energy: -11.909040344822245 eV
Magnetic moment: 5.222732458566519e-15 Bohr magnetons
Calculating q=[0.3, 0.2833333333333333, 0]
Energy: -11.909040344822245 eV
Magnetic moment: 5.222732458566519e-15 Bohr magnetons
Calculating q=[0.3, 0.2833333333333333, 0]
Energy: -11.909040344822245 eV
Magnetic moment: 5.222732458566519e-15 Bohr magnetons
Calculating q=[0.3, 0.2833333333333333, 0]
Energy: -11.908791262990183 eV
Magnetic moment: 4.8705970000773117e-14 Bohr magnetons
Calculating q=[0.31666666666666665, 0.2833333333333333, 0]
Energy: -11.908791262990183 eV
Magnetic moment: 4.8705970000773117e-14 Bohr magnetons
Calculating q=[0.31666666666666665, 0.2833333333333333, 0]
Energy: -11.908791262990183 eV
Magnetic moment: 4.8705970000773117e-14 Bohr magnetons
Calculating q=[0.31666666666666665, 0.2833333333333333, 0]
Energy: -11.908791262990183 eV
Magnetic moment: 4.8705970000773117e-14 Bohr magnetons
Calculating q=[0.31666666666666665, 0.2833333333333333, 0]
Energy: -11.908791262990183 eV
Magnetic moment: 4.8705970000773117e-14 Bohr magnetons
Calculating q=[0.31666666666666665, 0.2833333333333333, 0]
Energy: -11.908791262990183 eV
Magnetic moment: 4.8705970000773117e-14 Bohr magnetons
Calculating q=[0.31666666666666665, 0.2833333333333333, 0]
Energy: -11.908791262990183 eV
Magnetic moment: 4.8705970000773117e-14 Bohr magnetons
Calculating q=[0.31666666666666665, 0.2833333333333333, 0]
Energy: -11.908791262990183 eV
Magnetic moment: 4.8705970000773117e-14 Bohr magnetons
Calculating q=[0.31666666666666665, 0.2833333333333333, 0]
Energy: -11.908791262990183 eV
Magnetic moment: 4.8705970000773117e-14 Bohr magnetons
Calculating q=[0.31666666666666665, 0.2833333333333333, 0]
Energy: -11.908791262990183 eV
Magnetic moment: 4.8705970000773117e-14 Bohr magnetons
Calculating q=[0.31666666666666665, 0.2833333333333333, 0]
Energy: -11.908791262990183 eV
Magnetic moment: 4.8705970000773117e-14 Bohr magnetons
Calculating q=[0.31666666666666665, 0.2833333333333333, 0]
Energy: -11.908791262990183 eV
Magnetic moment: 4.8705970000773117e-14 Bohr magnetons
Calculating q=[0.31666666666666665, 0.2833333333333333, 0]
Energy: -11.908646337939208 eV
Magnetic moment: -1.633972167979516e-14 Bohr magnetons
Calculating q=[0.3333333333333333, 0.2833333333333333, 0]
Energy: -11.908646337939208 eV
Magnetic moment: -1.633972167979516e-14 Bohr magnetons
Calculating q=[0.3333333333333333, 0.2833333333333333, 0]
Energy: -11.908646337939208 eV
Magnetic moment: -1.633972167979516e-14 Bohr magnetons
Calculating q=[0.3333333333333333, 0.2833333333333333, 0]
Energy: -11.908646337939208 eV
Magnetic moment: -1.633972167979516e-14 Bohr magnetons
Calculating q=[0.3333333333333333, 0.2833333333333333, 0]
Energy: -11.908646337939208 eV
Magnetic moment: -1.633972167979516e-14 Bohr magnetons
Calculating q=[0.3333333333333333, 0.2833333333333333, 0]
Energy: -11.908646337939208 eV
Magnetic moment: -1.633972167979516e-14 Bohr magnetons
Calculating q=[0.3333333333333333, 0.2833333333333333, 0]
Energy: -11.908646337939208 eV
Magnetic moment: -1.633972167979516e-14 Bohr magnetons
Calculating q=[0.3333333333333333, 0.2833333333333333, 0]
Energy: -11.908646337939208 eV
Magnetic moment: -1.633972167979516e-14 Bohr magnetons
Calculating q=[0.3333333333333333, 0.2833333333333333, 0]
Energy: -11.908646337939208 eV
Magnetic moment: -1.633972167979516e-14 Bohr magnetons
Calculating q=[0.3333333333333333, 0.2833333333333333, 0]
Energy: -11.908646337939208 eV
Magnetic moment: -1.633972167979516e-14 Bohr magnetons
Calculating q=[0.3333333333333333, 0.2833333333333333, 0]
Energy: -11.908646337939208 eV
Magnetic moment: -1.633972167979516e-14 Bohr magnetons
Calculating q=[0.3333333333333333, 0.2833333333333333, 0]
Energy: -11.908646337939208 eV
Magnetic moment: -1.633972167979516e-14 Bohr magnetons
Calculating q=[0.3333333333333333, 0.2833333333333333, 0]
Energy: -11.90855120022296 eV
Magnetic moment: 2.5902451668868463e-15 Bohr magnetons
Calculating q=[0.35, 0.2833333333333333, 0]
Energy: -11.90855120022296 eV
Magnetic moment: 2.5902451668868463e-15 Bohr magnetons
Calculating q=[0.35, 0.2833333333333333, 0]
Energy: -11.90855120022296 eV
Magnetic moment: 2.5902451668868463e-15 Bohr magnetons
Calculating q=[0.35, 0.2833333333333333, 0]
Energy: -11.90855120022296 eV
Magnetic moment: 2.5902451668868463e-15 Bohr magnetons
Calculating q=[0.35, 0.2833333333333333, 0]
Energy: -11.90855120022296 eV
Magnetic moment: 2.5902451668868463e-15 Bohr magnetons
Calculating q=[0.35, 0.2833333333333333, 0]
Energy: -11.90855120022296 eV
Magnetic moment: 2.5902451668868463e-15 Bohr magnetons
Calculating q=[0.35, 0.2833333333333333, 0]
Energy: -11.90855120022296 eV
Magnetic moment: 2.5902451668868463e-15 Bohr magnetons
Calculating q=[0.35, 0.2833333333333333, 0]
Energy: -11.90855120022296 eV
Magnetic moment: 2.5902451668868463e-15 Bohr magnetons
Calculating q=[0.35, 0.2833333333333333, 0]
Energy: -11.90855120022296 eV
Magnetic moment: 2.5902451668868463e-15 Bohr magnetons
Calculating q=[0.35, 0.2833333333333333, 0]
Energy: -11.90855120022296 eV
Magnetic moment: 2.5902451668868463e-15 Bohr magnetons
Calculating q=[0.35, 0.2833333333333333, 0]
Energy: -11.90855120022296 eV
Magnetic moment: 2.5902451668868463e-15 Bohr magnetons
Calculating q=[0.35, 0.2833333333333333, 0]
Energy: -11.90855120022296 eV
Magnetic moment: 2.5902451668868463e-15 Bohr magnetons
Calculating q=[0.35, 0.2833333333333333, 0]
Energy: -11.908487334340917 eV
Magnetic moment: 4.0268333747920405e-14 Bohr magnetons
Energy: -11.908487334340917 eV
Magnetic moment: 4.0268333747920405e-14 Bohr magnetons
Energy: -11.908487334340917 eV
Magnetic moment: 4.0268333747920405e-14 Bohr magnetons
Energy: -11.908487334340917 eV
Magnetic moment: 4.0268333747920405e-14 Bohr magnetons
Energy: -11.908487334340917 eV
Magnetic moment: 4.0268333747920405e-14 Bohr magnetons
Energy: -11.908487334340917 eV
Magnetic moment: 4.0268333747920405e-14 Bohr magnetons
Energy: -11.908487334340917 eV
Magnetic moment: 4.0268333747920405e-14 Bohr magnetons
Energy: -11.908487334340917 eV
Magnetic moment: 4.0268333747920405e-14 Bohr magnetons
Energy: -11.908487334340917 eV
Magnetic moment: 4.0268333747920405e-14 Bohr magnetons
Energy: -11.908487334340917 eV
Magnetic moment: 4.0268333747920405e-14 Bohr magnetons
Energy: -11.908487334340917 eV
Magnetic moment: 4.0268333747920405e-14 Bohr magnetons
Energy: -11.908487334340917 eV
Magnetic moment: 4.0268333747920405e-14 Bohr magnetons

------------------------------------------------------------
Sender: LSF System <lsfadmin@hpc.dtu.dk>
Subject: Job 21504698: <plot_17.py> in cluster <dcc> Done

Job <plot_17.py> was submitted from host <n-62-30-5> by user <s194113> in cluster <dcc> at Fri Apr 19 18:00:00 2024
Job was executed on host(s) <12*n-62-29-17>, in queue <hpc>, as user <s194113> in cluster <dcc> at Fri Apr 19 23:41:44 2024
</zhome/87/8/147075> was used as the home directory.
</zhome/87/8/147075/10302/10302_NM/NiI2_2D> was used as the working directory.
Started at Fri Apr 19 23:41:44 2024
Terminated at Sat Apr 20 00:26:23 2024
Results reported at Sat Apr 20 00:26:23 2024

Your job looked like:

------------------------------------------------------------
# LSBATCH: User input
#!/bin/bash -l
id=$LSB_JOBID
mq=/zhome/87/8/147075/.myqueue/lsf-$id
source /zhome/87/8/147075/venv-name/bin/activate
echo "venv: /zhome/87/8/147075/venv-name/bin/activate"
(touch $mq-0 && \
 cd '/zhome/87/8/147075/10302/10302_NM/NiI2_2D' && \
 mpiexec python3 plot_17.py && \
 touch $mq-1) || \
(touch $mq-2; exit 1)

------------------------------------------------------------

Successfully completed.

Resource usage summary:

    CPU time :                                   32095.74 sec.
    Max Memory :                                 5789 MB
    Average Memory :                             4483.04 MB
    Total Requested Memory :                     73728.00 MB
    Delta Memory :                               67939.00 MB
    Max Swap :                                   -
    Max Processes :                              17
    Max Threads :                                57
    Run time :                                   2678 sec.
    Turnaround time :                            23183 sec.

The output (if any) is above this job summary.



PS:

Read file </zhome/87/8/147075/10302/10302_NM/NiI2_2D/plot_17.py.21504698.err> for stderr output of this job.

