venv: /zhome/87/8/147075/venv-name/bin/activate
[1713554329.233916] [n-62-28-29:27201:0]          ib_md.c:1063 UCX  WARN  IB: ibv_fork_init() was disabled or failed, yet a fork() has been issued.
[1713554329.233955] [n-62-28-29:27201:0]          ib_md.c:1064 UCX  WARN  IB: data corruption might occur when using registered memory.
[1713554329.233916] [n-62-28-29:27204:0]          ib_md.c:1063 UCX  WARN  IB: ibv_fork_init() was disabled or failed, yet a fork() has been issued.
[1713554329.233959] [n-62-28-29:27202:0]          ib_md.c:1063 UCX  WARN  IB: ibv_fork_init() was disabled or failed, yet a fork() has been issued.
[1713554329.234000] [n-62-28-29:27202:0]          ib_md.c:1064 UCX  WARN  IB: data corruption might occur when using registered memory.
[1713554329.234009] [n-62-28-29:27205:0]          ib_md.c:1063 UCX  WARN  IB: ibv_fork_init() was disabled or failed, yet a fork() has been issued.
[1713554329.233960] [n-62-28-29:27206:0]          ib_md.c:1063 UCX  WARN  IB: ibv_fork_init() was disabled or failed, yet a fork() has been issued.
[1713554329.233996] [n-62-28-29:27206:0]          ib_md.c:1064 UCX  WARN  IB: data corruption might occur when using registered memory.
[1713554329.234003] [n-62-28-29:27208:0]          ib_md.c:1063 UCX  WARN  IB: ibv_fork_init() was disabled or failed, yet a fork() has been issued.
[1713554329.234047] [n-62-28-29:27208:0]          ib_md.c:1064 UCX  WARN  IB: data corruption might occur when using registered memory.
[1713554329.234022] [n-62-28-29:27209:0]          ib_md.c:1063 UCX  WARN  IB: ibv_fork_init() was disabled or failed, yet a fork() has been issued.
[1713554329.234058] [n-62-28-29:27209:0]          ib_md.c:1064 UCX  WARN  IB: data corruption might occur when using registered memory.
[1713554329.233960] [n-62-28-29:27210:0]          ib_md.c:1063 UCX  WARN  IB: ibv_fork_init() was disabled or failed, yet a fork() has been issued.
[1713554329.233996] [n-62-28-29:27210:0]          ib_md.c:1064 UCX  WARN  IB: data corruption might occur when using registered memory.
[1713554329.233962] [n-62-28-29:27212:0]          ib_md.c:1063 UCX  WARN  IB: ibv_fork_init() was disabled or failed, yet a fork() has been issued.
[1713554329.233997] [n-62-28-29:27212:0]          ib_md.c:1064 UCX  WARN  IB: data corruption might occur when using registered memory.
[1713554329.234050] [n-62-28-29:27204:0]          ib_md.c:1064 UCX  WARN  IB: data corruption might occur when using registered memory.
[1713554329.234052] [n-62-28-29:27200:0]          ib_md.c:1063 UCX  WARN  IB: ibv_fork_init() was disabled or failed, yet a fork() has been issued.
[1713554329.234098] [n-62-28-29:27200:0]          ib_md.c:1064 UCX  WARN  IB: data corruption might occur when using registered memory.
[1713554329.234028] [n-62-28-29:27203:0]          ib_md.c:1063 UCX  WARN  IB: ibv_fork_init() was disabled or failed, yet a fork() has been issued.
[1713554329.234061] [n-62-28-29:27203:0]          ib_md.c:1064 UCX  WARN  IB: data corruption might occur when using registered memory.
[1713554329.234064] [n-62-28-29:27205:0]          ib_md.c:1064 UCX  WARN  IB: data corruption might occur when using registered memory.
[1713554329.234068] [n-62-28-29:27211:0]          ib_md.c:1063 UCX  WARN  IB: ibv_fork_init() was disabled or failed, yet a fork() has been issued.
[1713554329.234106] [n-62-28-29:27211:0]          ib_md.c:1064 UCX  WARN  IB: data corruption might occur when using registered memory.
Calculating ground state
18 q-points in the path
=====================================
Calculating q=[0.13333333333333333, 0.13333333333333333, 0]
Calculating ground state
18 q-points in the path
=====================================
Calculating q=[0.13333333333333333, 0.13333333333333333, 0]
Calculating ground state
18 q-points in the path
=====================================
Calculating q=[0.13333333333333333, 0.13333333333333333, 0]
Calculating ground state
18 q-points in the path
=====================================
Calculating q=[0.13333333333333333, 0.13333333333333333, 0]
Calculating ground state
18 q-points in the path
=====================================
Calculating q=[0.13333333333333333, 0.13333333333333333, 0]
Calculating ground state
18 q-points in the path
=====================================
Calculating ground state
18 q-points in the path
=====================================
Calculating q=[0.13333333333333333, 0.13333333333333333, 0]
Calculating q=[0.13333333333333333, 0.13333333333333333, 0]
Calculating ground state
18 q-points in the path
=====================================
Calculating q=[0.13333333333333333, 0.13333333333333333, 0]
Calculating ground state
18 q-points in the path
=====================================
Calculating q=[0.13333333333333333, 0.13333333333333333, 0]
Calculating ground state
18 q-points in the path
=====================================
Calculating q=[0.13333333333333333, 0.13333333333333333, 0]
Calculating ground state
18 q-points in the path
=====================================
Calculating q=[0.13333333333333333, 0.13333333333333333, 0]
Calculating ground state
18 q-points in the path
=====================================
Calculating q=[0.13333333333333333, 0.13333333333333333, 0]
Energy: -11.934163900901035 eV
Magnetic moment: -6.161909103924471e-15 Bohr magnetons
Calculating q=[0.15, 0.13333333333333333, 0]
Energy: -11.934163900901035 eV
Magnetic moment: -6.161909103924471e-15 Bohr magnetons
Calculating q=[0.15, 0.13333333333333333, 0]
Energy: -11.934163900901035 eV
Magnetic moment: -6.161909103924471e-15 Bohr magnetons
Calculating q=[0.15, 0.13333333333333333, 0]
Energy: -11.934163900901035 eV
Magnetic moment: -6.161909103924471e-15 Bohr magnetons
Calculating q=[0.15, 0.13333333333333333, 0]
Energy: -11.934163900901035 eV
Magnetic moment: -6.161909103924471e-15 Bohr magnetons
Calculating q=[0.15, 0.13333333333333333, 0]
Energy: -11.934163900901035 eV
Magnetic moment: -6.161909103924471e-15 Bohr magnetons
Calculating q=[0.15, 0.13333333333333333, 0]
Energy: -11.934163900901035 eV
Magnetic moment: -6.161909103924471e-15 Bohr magnetons
Calculating q=[0.15, 0.13333333333333333, 0]
Energy: -11.934163900901035 eV
Magnetic moment: -6.161909103924471e-15 Bohr magnetons
Calculating q=[0.15, 0.13333333333333333, 0]
Energy: -11.934163900901035 eV
Magnetic moment: -6.161909103924471e-15 Bohr magnetons
Calculating q=[0.15, 0.13333333333333333, 0]
Energy: -11.934163900901035 eV
Magnetic moment: -6.161909103924471e-15 Bohr magnetons
Calculating q=[0.15, 0.13333333333333333, 0]
Energy: -11.934163900901035 eV
Magnetic moment: -6.161909103924471e-15 Bohr magnetons
Calculating q=[0.15, 0.13333333333333333, 0]
Energy: -11.934163900901035 eV
Magnetic moment: -6.161909103924471e-15 Bohr magnetons
Calculating q=[0.15, 0.13333333333333333, 0]
Energy: -11.933139083576503 eV
Magnetic moment: -3.8705806664052884e-15 Bohr magnetons
Calculating q=[0.16666666666666666, 0.13333333333333333, 0]
Energy: -11.933139083576503 eV
Magnetic moment: -3.8705806664052884e-15 Bohr magnetons
Calculating q=[0.16666666666666666, 0.13333333333333333, 0]
Energy: -11.933139083576503 eV
Magnetic moment: -3.8705806664052884e-15 Bohr magnetons
Calculating q=[0.16666666666666666, 0.13333333333333333, 0]
Energy: -11.933139083576503 eV
Magnetic moment: -3.8705806664052884e-15 Bohr magnetons
Calculating q=[0.16666666666666666, 0.13333333333333333, 0]
Energy: -11.933139083576503 eV
Magnetic moment: -3.8705806664052884e-15 Bohr magnetons
Calculating q=[0.16666666666666666, 0.13333333333333333, 0]
Energy: -11.933139083576503 eV
Magnetic moment: -3.8705806664052884e-15 Bohr magnetons
Calculating q=[0.16666666666666666, 0.13333333333333333, 0]
Energy: -11.933139083576503 eV
Magnetic moment: -3.8705806664052884e-15 Bohr magnetons
Calculating q=[0.16666666666666666, 0.13333333333333333, 0]
Energy: -11.933139083576503 eV
Magnetic moment: -3.8705806664052884e-15 Bohr magnetons
Calculating q=[0.16666666666666666, 0.13333333333333333, 0]
Energy: -11.933139083576503 eV
Magnetic moment: -3.8705806664052884e-15 Bohr magnetons
Calculating q=[0.16666666666666666, 0.13333333333333333, 0]
Energy: -11.933139083576503 eV
Magnetic moment: -3.8705806664052884e-15 Bohr magnetons
Calculating q=[0.16666666666666666, 0.13333333333333333, 0]
Energy: -11.933139083576503 eV
Magnetic moment: -3.8705806664052884e-15 Bohr magnetons
Calculating q=[0.16666666666666666, 0.13333333333333333, 0]
Energy: -11.933139083576503 eV
Magnetic moment: -3.8705806664052884e-15 Bohr magnetons
Calculating q=[0.16666666666666666, 0.13333333333333333, 0]
Energy: -11.931768392446088 eV
Magnetic moment: -9.759822909125945e-15 Bohr magnetons
Calculating q=[0.18333333333333332, 0.13333333333333333, 0]
Energy: -11.931768392446088 eV
Magnetic moment: -9.759822909125945e-15 Bohr magnetons
Calculating q=[0.18333333333333332, 0.13333333333333333, 0]
Energy: -11.931768392446088 eV
Magnetic moment: -9.759822909125945e-15 Bohr magnetons
Calculating q=[0.18333333333333332, 0.13333333333333333, 0]
Energy: -11.931768392446088 eV
Magnetic moment: -9.759822909125945e-15 Bohr magnetons
Calculating q=[0.18333333333333332, 0.13333333333333333, 0]
Energy: -11.931768392446088 eV
Magnetic moment: -9.759822909125945e-15 Bohr magnetons
Calculating q=[0.18333333333333332, 0.13333333333333333, 0]
Energy: -11.931768392446088 eV
Magnetic moment: -9.759822909125945e-15 Bohr magnetons
Calculating q=[0.18333333333333332, 0.13333333333333333, 0]
Energy: -11.931768392446088 eV
Magnetic moment: -9.759822909125945e-15 Bohr magnetons
Calculating q=[0.18333333333333332, 0.13333333333333333, 0]
Energy: -11.931768392446088 eV
Magnetic moment: -9.759822909125945e-15 Bohr magnetons
Calculating q=[0.18333333333333332, 0.13333333333333333, 0]
Energy: -11.931768392446088 eV
Magnetic moment: -9.759822909125945e-15 Bohr magnetons
Calculating q=[0.18333333333333332, 0.13333333333333333, 0]
Energy: -11.931768392446088 eV
Magnetic moment: -9.759822909125945e-15 Bohr magnetons
Calculating q=[0.18333333333333332, 0.13333333333333333, 0]
Energy: -11.931768392446088 eV
Magnetic moment: -9.759822909125945e-15 Bohr magnetons
Energy: -11.931768392446088 eV
Magnetic moment: -9.759822909125945e-15 Bohr magnetons
Calculating q=[0.18333333333333332, 0.13333333333333333, 0]
Calculating q=[0.18333333333333332, 0.13333333333333333, 0]
Energy: -11.929951844245966 eV
Magnetic moment: 3.277326322207259e-14 Bohr magnetons
Calculating q=[0.2, 0.13333333333333333, 0]
Energy: -11.929951844245966 eV
Magnetic moment: 3.277326322207259e-14 Bohr magnetons
Calculating q=[0.2, 0.13333333333333333, 0]
Energy: -11.929951844245966 eV
Magnetic moment: 3.277326322207259e-14 Bohr magnetons
Calculating q=[0.2, 0.13333333333333333, 0]
Energy: -11.929951844245966 eV
Magnetic moment: 3.277326322207259e-14 Bohr magnetons
Calculating q=[0.2, 0.13333333333333333, 0]
Energy: -11.929951844245966 eV
Magnetic moment: 3.277326322207259e-14 Bohr magnetons
Calculating q=[0.2, 0.13333333333333333, 0]
Energy: -11.929951844245966 eV
Magnetic moment: 3.277326322207259e-14 Bohr magnetons
Calculating q=[0.2, 0.13333333333333333, 0]
Energy: -11.929951844245966 eV
Magnetic moment: 3.277326322207259e-14 Bohr magnetons
Calculating q=[0.2, 0.13333333333333333, 0]
Energy: -11.929951844245966 eV
Magnetic moment: 3.277326322207259e-14 Bohr magnetons
Calculating q=[0.2, 0.13333333333333333, 0]
Energy: -11.929951844245966 eV
Magnetic moment: 3.277326322207259e-14 Bohr magnetons
Calculating q=[0.2, 0.13333333333333333, 0]
Energy: -11.929951844245966 eV
Magnetic moment: 3.277326322207259e-14 Bohr magnetons
Calculating q=[0.2, 0.13333333333333333, 0]
Energy: -11.929951844245966 eV
Magnetic moment: 3.277326322207259e-14 Bohr magnetons
Calculating q=[0.2, 0.13333333333333333, 0]
Energy: -11.929951844245966 eV
Magnetic moment: 3.277326322207259e-14 Bohr magnetons
Calculating q=[0.2, 0.13333333333333333, 0]
Energy: -11.927915906808384 eV
Magnetic moment: -2.239654817494563e-14 Bohr magnetons
Calculating q=[0.21666666666666667, 0.13333333333333333, 0]
Energy: -11.927915906808384 eV
Magnetic moment: -2.239654817494563e-14 Bohr magnetons
Calculating q=[0.21666666666666667, 0.13333333333333333, 0]
Energy: -11.927915906808384 eV
Magnetic moment: -2.239654817494563e-14 Bohr magnetons
Calculating q=[0.21666666666666667, 0.13333333333333333, 0]
Energy: -11.927915906808384 eV
Magnetic moment: -2.239654817494563e-14 Bohr magnetons
Calculating q=[0.21666666666666667, 0.13333333333333333, 0]
Energy: -11.927915906808384 eV
Magnetic moment: -2.239654817494563e-14 Bohr magnetons
Calculating q=[0.21666666666666667, 0.13333333333333333, 0]
Energy: -11.927915906808384 eV
Magnetic moment: -2.239654817494563e-14 Bohr magnetons
Calculating q=[0.21666666666666667, 0.13333333333333333, 0]
Energy: -11.927915906808384 eV
Magnetic moment: -2.239654817494563e-14 Bohr magnetons
Calculating q=[0.21666666666666667, 0.13333333333333333, 0]
Energy: -11.927915906808384 eV
Magnetic moment: -2.239654817494563e-14 Bohr magnetons
Calculating q=[0.21666666666666667, 0.13333333333333333, 0]
Energy: -11.927915906808384 eV
Magnetic moment: -2.239654817494563e-14 Bohr magnetons
Calculating q=[0.21666666666666667, 0.13333333333333333, 0]
Energy: -11.927915906808384 eV
Magnetic moment: -2.239654817494563e-14 Bohr magnetons
Calculating q=[0.21666666666666667, 0.13333333333333333, 0]
Energy: -11.927915906808384 eV
Magnetic moment: -2.239654817494563e-14 Bohr magnetons
Calculating q=[0.21666666666666667, 0.13333333333333333, 0]
Energy: -11.927915906808384 eV
Magnetic moment: -2.239654817494563e-14 Bohr magnetons
Calculating q=[0.21666666666666667, 0.13333333333333333, 0]
Energy: -11.92549259143535 eV
Magnetic moment: 5.073880913452573e-15 Bohr magnetons
Calculating q=[0.23333333333333334, 0.13333333333333333, 0]
Energy: -11.92549259143535 eV
Magnetic moment: 5.073880913452573e-15 Bohr magnetons
Calculating q=[0.23333333333333334, 0.13333333333333333, 0]
Energy: -11.92549259143535 eV
Magnetic moment: 5.073880913452573e-15 Bohr magnetons
Calculating q=[0.23333333333333334, 0.13333333333333333, 0]
Energy: -11.92549259143535 eV
Magnetic moment: 5.073880913452573e-15 Bohr magnetons
Calculating q=[0.23333333333333334, 0.13333333333333333, 0]
Energy: -11.92549259143535 eV
Magnetic moment: 5.073880913452573e-15 Bohr magnetons
Calculating q=[0.23333333333333334, 0.13333333333333333, 0]
Energy: -11.92549259143535 eV
Magnetic moment: 5.073880913452573e-15 Bohr magnetons
Calculating q=[0.23333333333333334, 0.13333333333333333, 0]
Energy: -11.92549259143535 eV
Magnetic moment: 5.073880913452573e-15 Bohr magnetons
Calculating q=[0.23333333333333334, 0.13333333333333333, 0]
Energy: -11.92549259143535 eV
Magnetic moment: 5.073880913452573e-15 Bohr magnetons
Calculating q=[0.23333333333333334, 0.13333333333333333, 0]
Energy: -11.92549259143535 eV
Magnetic moment: 5.073880913452573e-15 Bohr magnetons
Calculating q=[0.23333333333333334, 0.13333333333333333, 0]
Energy: -11.92549259143535 eV
Magnetic moment: 5.073880913452573e-15 Bohr magnetons
Calculating q=[0.23333333333333334, 0.13333333333333333, 0]
Energy: -11.92549259143535 eV
Magnetic moment: 5.073880913452573e-15 Bohr magnetons
Calculating q=[0.23333333333333334, 0.13333333333333333, 0]
Energy: -11.92549259143535 eV
Magnetic moment: 5.073880913452573e-15 Bohr magnetons
Calculating q=[0.23333333333333334, 0.13333333333333333, 0]
Energy: -11.92278763463727 eV
Magnetic moment: 1.2147805818055166e-14 Bohr magnetons
Calculating q=[0.25, 0.13333333333333333, 0]
Energy: -11.92278763463727 eV
Magnetic moment: 1.2147805818055166e-14 Bohr magnetons
Calculating q=[0.25, 0.13333333333333333, 0]
Energy: -11.92278763463727 eV
Magnetic moment: 1.2147805818055166e-14 Bohr magnetons
Calculating q=[0.25, 0.13333333333333333, 0]
Energy: -11.92278763463727 eV
Magnetic moment: 1.2147805818055166e-14 Bohr magnetons
Calculating q=[0.25, 0.13333333333333333, 0]
Energy: -11.92278763463727 eV
Magnetic moment: 1.2147805818055166e-14 Bohr magnetons
Calculating q=[0.25, 0.13333333333333333, 0]
Energy: -11.92278763463727 eV
Magnetic moment: 1.2147805818055166e-14 Bohr magnetons
Calculating q=[0.25, 0.13333333333333333, 0]
Energy: -11.92278763463727 eV
Magnetic moment: 1.2147805818055166e-14 Bohr magnetons
Calculating q=[0.25, 0.13333333333333333, 0]
Energy: -11.92278763463727 eV
Magnetic moment: 1.2147805818055166e-14 Bohr magnetons
Calculating q=[0.25, 0.13333333333333333, 0]
Energy: -11.92278763463727 eV
Magnetic moment: 1.2147805818055166e-14 Bohr magnetons
Calculating q=[0.25, 0.13333333333333333, 0]
Energy: -11.92278763463727 eV
Magnetic moment: 1.2147805818055166e-14 Bohr magnetons
Calculating q=[0.25, 0.13333333333333333, 0]
Energy: -11.92278763463727 eV
Magnetic moment: 1.2147805818055166e-14 Bohr magnetons
Calculating q=[0.25, 0.13333333333333333, 0]
Energy: -11.92278763463727 eV
Magnetic moment: 1.2147805818055166e-14 Bohr magnetons
Calculating q=[0.25, 0.13333333333333333, 0]
Energy: -11.919861410268322 eV
Magnetic moment: -1.0630209200822213e-13 Bohr magnetons
Calculating q=[0.26666666666666666, 0.13333333333333333, 0]
Energy: -11.919861410268322 eV
Magnetic moment: -1.0630209200822213e-13 Bohr magnetons
Calculating q=[0.26666666666666666, 0.13333333333333333, 0]
Energy: -11.919861410268322 eV
Magnetic moment: -1.0630209200822213e-13 Bohr magnetons
Calculating q=[0.26666666666666666, 0.13333333333333333, 0]
Energy: -11.919861410268322 eV
Magnetic moment: -1.0630209200822213e-13 Bohr magnetons
Calculating q=[0.26666666666666666, 0.13333333333333333, 0]
Energy: -11.919861410268322 eV
Magnetic moment: -1.0630209200822213e-13 Bohr magnetons
Calculating q=[0.26666666666666666, 0.13333333333333333, 0]
Energy: -11.919861410268322 eV
Magnetic moment: -1.0630209200822213e-13 Bohr magnetons
Calculating q=[0.26666666666666666, 0.13333333333333333, 0]
Energy: -11.919861410268322 eV
Magnetic moment: -1.0630209200822213e-13 Bohr magnetons
Calculating q=[0.26666666666666666, 0.13333333333333333, 0]
Energy: -11.919861410268322 eV
Magnetic moment: -1.0630209200822213e-13 Bohr magnetons
Calculating q=[0.26666666666666666, 0.13333333333333333, 0]
Energy: -11.919861410268322 eV
Magnetic moment: -1.0630209200822213e-13 Bohr magnetons
Calculating q=[0.26666666666666666, 0.13333333333333333, 0]
Energy: -11.919861410268322 eV
Magnetic moment: -1.0630209200822213e-13 Bohr magnetons
Calculating q=[0.26666666666666666, 0.13333333333333333, 0]
Energy: -11.919861410268322 eV
Magnetic moment: -1.0630209200822213e-13 Bohr magnetons
Calculating q=[0.26666666666666666, 0.13333333333333333, 0]
Energy: -11.919861410268322 eV
Magnetic moment: -1.0630209200822213e-13 Bohr magnetons
Calculating q=[0.26666666666666666, 0.13333333333333333, 0]
Energy: -11.916757341259736 eV
Magnetic moment: -3.9917801815176914e-14 Bohr magnetons
Calculating q=[0.2833333333333333, 0.13333333333333333, 0]
Energy: -11.916757341259736 eV
Magnetic moment: -3.9917801815176914e-14 Bohr magnetons
Calculating q=[0.2833333333333333, 0.13333333333333333, 0]
Energy: -11.916757341259736 eV
Magnetic moment: -3.9917801815176914e-14 Bohr magnetons
Calculating q=[0.2833333333333333, 0.13333333333333333, 0]
Energy: -11.916757341259736 eV
Magnetic moment: -3.9917801815176914e-14 Bohr magnetons
Calculating q=[0.2833333333333333, 0.13333333333333333, 0]
Energy: -11.916757341259736 eV
Magnetic moment: -3.9917801815176914e-14 Bohr magnetons
Calculating q=[0.2833333333333333, 0.13333333333333333, 0]
Energy: -11.916757341259736 eV
Magnetic moment: -3.9917801815176914e-14 Bohr magnetons
Calculating q=[0.2833333333333333, 0.13333333333333333, 0]
Energy: -11.916757341259736 eV
Magnetic moment: -3.9917801815176914e-14 Bohr magnetons
Calculating q=[0.2833333333333333, 0.13333333333333333, 0]
Energy: -11.916757341259736 eV
Magnetic moment: -3.9917801815176914e-14 Bohr magnetons
Calculating q=[0.2833333333333333, 0.13333333333333333, 0]
Energy: -11.916757341259736 eV
Magnetic moment: -3.9917801815176914e-14 Bohr magnetons
Calculating q=[0.2833333333333333, 0.13333333333333333, 0]
Energy: -11.916757341259736 eV
Magnetic moment: -3.9917801815176914e-14 Bohr magnetons
Calculating q=[0.2833333333333333, 0.13333333333333333, 0]
Energy: -11.916757341259736 eV
Magnetic moment: -3.9917801815176914e-14 Bohr magnetons
Calculating q=[0.2833333333333333, 0.13333333333333333, 0]
Energy: -11.916757341259736 eV
Magnetic moment: -3.9917801815176914e-14 Bohr magnetons
Calculating q=[0.2833333333333333, 0.13333333333333333, 0]
Energy: -11.91358025779427 eV
Magnetic moment: -6.871175777828305e-14 Bohr magnetons
Calculating q=[0.3, 0.13333333333333333, 0]
Energy: -11.91358025779427 eV
Magnetic moment: -6.871175777828305e-14 Bohr magnetons
Calculating q=[0.3, 0.13333333333333333, 0]
Energy: -11.91358025779427 eV
Magnetic moment: -6.871175777828305e-14 Bohr magnetons
Calculating q=[0.3, 0.13333333333333333, 0]
Energy: -11.91358025779427 eV
Magnetic moment: -6.871175777828305e-14 Bohr magnetons
Calculating q=[0.3, 0.13333333333333333, 0]
Energy: -11.91358025779427 eV
Magnetic moment: -6.871175777828305e-14 Bohr magnetons
Calculating q=[0.3, 0.13333333333333333, 0]
Energy: -11.91358025779427 eV
Magnetic moment: -6.871175777828305e-14 Bohr magnetons
Calculating q=[0.3, 0.13333333333333333, 0]
Energy: -11.91358025779427 eV
Magnetic moment: -6.871175777828305e-14 Bohr magnetons
Calculating q=[0.3, 0.13333333333333333, 0]
Energy: -11.91358025779427 eV
Magnetic moment: -6.871175777828305e-14 Bohr magnetons
Calculating q=[0.3, 0.13333333333333333, 0]
Energy: -11.91358025779427 eV
Magnetic moment: -6.871175777828305e-14 Bohr magnetons
Calculating q=[0.3, 0.13333333333333333, 0]
Energy: -11.91358025779427 eV
Magnetic moment: -6.871175777828305e-14 Bohr magnetons
Calculating q=[0.3, 0.13333333333333333, 0]
Energy: -11.91358025779427 eV
Magnetic moment: -6.871175777828305e-14 Bohr magnetons
Calculating q=[0.3, 0.13333333333333333, 0]
Energy: -11.91358025779427 eV
Magnetic moment: -6.871175777828305e-14 Bohr magnetons
Calculating q=[0.3, 0.13333333333333333, 0]
Energy: -11.9104081044877 eV
Magnetic moment: -1.0688471049001948e-14 Bohr magnetons
Calculating q=[0.31666666666666665, 0.13333333333333333, 0]
Energy: -11.9104081044877 eV
Magnetic moment: -1.0688471049001948e-14 Bohr magnetons
Calculating q=[0.31666666666666665, 0.13333333333333333, 0]
Energy: -11.9104081044877 eV
Magnetic moment: -1.0688471049001948e-14 Bohr magnetons
Calculating q=[0.31666666666666665, 0.13333333333333333, 0]
Energy: -11.9104081044877 eV
Magnetic moment: -1.0688471049001948e-14 Bohr magnetons
Calculating q=[0.31666666666666665, 0.13333333333333333, 0]
Energy: -11.9104081044877 eV
Magnetic moment: -1.0688471049001948e-14 Bohr magnetons
Calculating q=[0.31666666666666665, 0.13333333333333333, 0]
Energy: -11.9104081044877 eV
Magnetic moment: -1.0688471049001948e-14 Bohr magnetons
Calculating q=[0.31666666666666665, 0.13333333333333333, 0]
Energy: -11.9104081044877 eV
Magnetic moment: -1.0688471049001948e-14 Bohr magnetons
Calculating q=[0.31666666666666665, 0.13333333333333333, 0]
Energy: -11.9104081044877 eV
Magnetic moment: -1.0688471049001948e-14 Bohr magnetons
Calculating q=[0.31666666666666665, 0.13333333333333333, 0]
Energy: -11.9104081044877 eV
Magnetic moment: -1.0688471049001948e-14 Bohr magnetons
Calculating q=[0.31666666666666665, 0.13333333333333333, 0]
Energy: -11.9104081044877 eV
Magnetic moment: -1.0688471049001948e-14 Bohr magnetons
Calculating q=[0.31666666666666665, 0.13333333333333333, 0]
Energy: -11.9104081044877 eV
Magnetic moment: -1.0688471049001948e-14 Bohr magnetons
Calculating q=[0.31666666666666665, 0.13333333333333333, 0]
Energy: -11.9104081044877 eV
Magnetic moment: -1.0688471049001948e-14 Bohr magnetons
Calculating q=[0.31666666666666665, 0.13333333333333333, 0]
Energy: -11.90733012966043 eV
Magnetic moment: -1.6865156605395284e-14 Bohr magnetons
Calculating q=[0.3333333333333333, 0.13333333333333333, 0]
Energy: -11.90733012966043 eV
Magnetic moment: -1.6865156605395284e-14 Bohr magnetons
Calculating q=[0.3333333333333333, 0.13333333333333333, 0]
Energy: -11.90733012966043 eV
Magnetic moment: -1.6865156605395284e-14 Bohr magnetons
Calculating q=[0.3333333333333333, 0.13333333333333333, 0]
Energy: -11.90733012966043 eV
Magnetic moment: -1.6865156605395284e-14 Bohr magnetons
Calculating q=[0.3333333333333333, 0.13333333333333333, 0]
Energy: -11.90733012966043 eV
Magnetic moment: -1.6865156605395284e-14 Bohr magnetons
Calculating q=[0.3333333333333333, 0.13333333333333333, 0]
Energy: -11.90733012966043 eV
Magnetic moment: -1.6865156605395284e-14 Bohr magnetons
Calculating q=[0.3333333333333333, 0.13333333333333333, 0]
Energy: -11.90733012966043 eV
Magnetic moment: -1.6865156605395284e-14 Bohr magnetons
Calculating q=[0.3333333333333333, 0.13333333333333333, 0]
Energy: -11.90733012966043 eV
Magnetic moment: -1.6865156605395284e-14 Bohr magnetons
Calculating q=[0.3333333333333333, 0.13333333333333333, 0]
Energy: -11.90733012966043 eV
Magnetic moment: -1.6865156605395284e-14 Bohr magnetons
Calculating q=[0.3333333333333333, 0.13333333333333333, 0]
Energy: -11.90733012966043 eV
Magnetic moment: -1.6865156605395284e-14 Bohr magnetons
Calculating q=[0.3333333333333333, 0.13333333333333333, 0]
Energy: -11.90733012966043 eV
Magnetic moment: -1.6865156605395284e-14 Bohr magnetons
Calculating q=[0.3333333333333333, 0.13333333333333333, 0]
Energy: -11.90733012966043 eV
Magnetic moment: -1.6865156605395284e-14 Bohr magnetons
Calculating q=[0.3333333333333333, 0.13333333333333333, 0]
Energy: -11.904415254989518 eV
Magnetic moment: 5.0057983018281486e-14 Bohr magnetons
Calculating q=[0.35, 0.13333333333333333, 0]
Energy: -11.904415254989518 eV
Magnetic moment: 5.0057983018281486e-14 Bohr magnetons
Calculating q=[0.35, 0.13333333333333333, 0]
Energy: -11.904415254989518 eV
Magnetic moment: 5.0057983018281486e-14 Bohr magnetons
Calculating q=[0.35, 0.13333333333333333, 0]
Energy: -11.904415254989518 eV
Magnetic moment: 5.0057983018281486e-14 Bohr magnetons
Calculating q=[0.35, 0.13333333333333333, 0]
Energy: -11.904415254989518 eV
Magnetic moment: 5.0057983018281486e-14 Bohr magnetons
Calculating q=[0.35, 0.13333333333333333, 0]
Energy: -11.904415254989518 eV
Magnetic moment: 5.0057983018281486e-14 Bohr magnetons
Calculating q=[0.35, 0.13333333333333333, 0]
Energy: -11.904415254989518 eV
Magnetic moment: 5.0057983018281486e-14 Bohr magnetons
Calculating q=[0.35, 0.13333333333333333, 0]
Energy: -11.904415254989518 eV
Magnetic moment: 5.0057983018281486e-14 Bohr magnetons
Calculating q=[0.35, 0.13333333333333333, 0]
Energy: -11.904415254989518 eV
Magnetic moment: 5.0057983018281486e-14 Bohr magnetons
Calculating q=[0.35, 0.13333333333333333, 0]
Energy: -11.904415254989518 eV
Magnetic moment: 5.0057983018281486e-14 Bohr magnetons
Calculating q=[0.35, 0.13333333333333333, 0]
Energy: -11.904415254989518 eV
Magnetic moment: 5.0057983018281486e-14 Bohr magnetons
Calculating q=[0.35, 0.13333333333333333, 0]
Energy: -11.904415254989518 eV
Magnetic moment: 5.0057983018281486e-14 Bohr magnetons
Calculating q=[0.35, 0.13333333333333333, 0]
Energy: -11.901795353831469 eV
Magnetic moment: -1.733726269430427e-14 Bohr magnetons
Calculating q=[0.36666666666666664, 0.13333333333333333, 0]
Energy: -11.901795353831469 eV
Magnetic moment: -1.733726269430427e-14 Bohr magnetons
Calculating q=[0.36666666666666664, 0.13333333333333333, 0]
Energy: -11.901795353831469 eV
Magnetic moment: -1.733726269430427e-14 Bohr magnetons
Calculating q=[0.36666666666666664, 0.13333333333333333, 0]
Energy: -11.901795353831469 eV
Magnetic moment: -1.733726269430427e-14 Bohr magnetons
Calculating q=[0.36666666666666664, 0.13333333333333333, 0]
Energy: -11.901795353831469 eV
Magnetic moment: -1.733726269430427e-14 Bohr magnetons
Calculating q=[0.36666666666666664, 0.13333333333333333, 0]
Energy: -11.901795353831469 eV
Magnetic moment: -1.733726269430427e-14 Bohr magnetons
Calculating q=[0.36666666666666664, 0.13333333333333333, 0]
Energy: -11.901795353831469 eV
Magnetic moment: -1.733726269430427e-14 Bohr magnetons
Calculating q=[0.36666666666666664, 0.13333333333333333, 0]
Energy: -11.901795353831469 eV
Magnetic moment: -1.733726269430427e-14 Bohr magnetons
Calculating q=[0.36666666666666664, 0.13333333333333333, 0]
Energy: -11.901795353831469 eV
Magnetic moment: -1.733726269430427e-14 Bohr magnetons
Calculating q=[0.36666666666666664, 0.13333333333333333, 0]
Energy: -11.901795353831469 eV
Magnetic moment: -1.733726269430427e-14 Bohr magnetons
Calculating q=[0.36666666666666664, 0.13333333333333333, 0]
Energy: -11.901795353831469 eV
Magnetic moment: -1.733726269430427e-14 Bohr magnetons
Calculating q=[0.36666666666666664, 0.13333333333333333, 0]
Energy: -11.901795353831469 eV
Magnetic moment: -1.733726269430427e-14 Bohr magnetons
Calculating q=[0.36666666666666664, 0.13333333333333333, 0]
Energy: -11.899508245288873 eV
Magnetic moment: -9.913724409373277e-15 Bohr magnetons
Calculating q=[0.3833333333333333, 0.13333333333333333, 0]
Energy: -11.899508245288873 eV
Magnetic moment: -9.913724409373277e-15 Bohr magnetons
Calculating q=[0.3833333333333333, 0.13333333333333333, 0]
Energy: -11.899508245288873 eV
Magnetic moment: -9.913724409373277e-15 Bohr magnetons
Calculating q=[0.3833333333333333, 0.13333333333333333, 0]
Energy: -11.899508245288873 eV
Magnetic moment: -9.913724409373277e-15 Bohr magnetons
Calculating q=[0.3833333333333333, 0.13333333333333333, 0]
Energy: -11.899508245288873 eV
Magnetic moment: -9.913724409373277e-15 Bohr magnetons
Calculating q=[0.3833333333333333, 0.13333333333333333, 0]
Energy: -11.899508245288873 eV
Magnetic moment: -9.913724409373277e-15 Bohr magnetons
Calculating q=[0.3833333333333333, 0.13333333333333333, 0]
Energy: -11.899508245288873 eV
Magnetic moment: -9.913724409373277e-15 Bohr magnetons
Calculating q=[0.3833333333333333, 0.13333333333333333, 0]
Energy: -11.899508245288873 eV
Magnetic moment: -9.913724409373277e-15 Bohr magnetons
Calculating q=[0.3833333333333333, 0.13333333333333333, 0]
Energy: -11.899508245288873 eV
Magnetic moment: -9.913724409373277e-15 Bohr magnetons
Calculating q=[0.3833333333333333, 0.13333333333333333, 0]
Energy: -11.899508245288873 eV
Magnetic moment: -9.913724409373277e-15 Bohr magnetons
Calculating q=[0.3833333333333333, 0.13333333333333333, 0]
Energy: -11.899508245288873 eV
Magnetic moment: -9.913724409373277e-15 Bohr magnetons
Calculating q=[0.3833333333333333, 0.13333333333333333, 0]
Energy: -11.899508245288873 eV
Magnetic moment: -9.913724409373277e-15 Bohr magnetons
Calculating q=[0.3833333333333333, 0.13333333333333333, 0]
Energy: -11.897656456429347 eV
Magnetic moment: -8.988869505993983e-15 Bohr magnetons
Calculating q=[0.4, 0.13333333333333333, 0]
Energy: -11.897656456429347 eV
Magnetic moment: -8.988869505993983e-15 Bohr magnetons
Calculating q=[0.4, 0.13333333333333333, 0]
Energy: -11.897656456429347 eV
Magnetic moment: -8.988869505993983e-15 Bohr magnetons
Calculating q=[0.4, 0.13333333333333333, 0]
Energy: -11.897656456429347 eV
Magnetic moment: -8.988869505993983e-15 Bohr magnetons
Calculating q=[0.4, 0.13333333333333333, 0]
Energy: -11.897656456429347 eV
Magnetic moment: -8.988869505993983e-15 Bohr magnetons
Calculating q=[0.4, 0.13333333333333333, 0]
Energy: -11.897656456429347 eV
Magnetic moment: -8.988869505993983e-15 Bohr magnetons
Calculating q=[0.4, 0.13333333333333333, 0]
Energy: -11.897656456429347 eV
Magnetic moment: -8.988869505993983e-15 Bohr magnetons
Calculating q=[0.4, 0.13333333333333333, 0]
Energy: -11.897656456429347 eV
Magnetic moment: -8.988869505993983e-15 Bohr magnetons
Calculating q=[0.4, 0.13333333333333333, 0]
Energy: -11.897656456429347 eV
Magnetic moment: -8.988869505993983e-15 Bohr magnetons
Calculating q=[0.4, 0.13333333333333333, 0]
Energy: -11.897656456429347 eV
Magnetic moment: -8.988869505993983e-15 Bohr magnetons
Calculating q=[0.4, 0.13333333333333333, 0]
Energy: -11.897656456429347 eV
Magnetic moment: -8.988869505993983e-15 Bohr magnetons
Calculating q=[0.4, 0.13333333333333333, 0]
Energy: -11.897656456429347 eV
Magnetic moment: -8.988869505993983e-15 Bohr magnetons
Calculating q=[0.4, 0.13333333333333333, 0]
Energy: -11.89628536454721 eV
Magnetic moment: -2.460719941296209e-15 Bohr magnetons
Calculating q=[0.41666666666666663, 0.13333333333333333, 0]
Energy: -11.89628536454721 eV
Magnetic moment: -2.460719941296209e-15 Bohr magnetons
Calculating q=[0.41666666666666663, 0.13333333333333333, 0]
Energy: -11.89628536454721 eV
Magnetic moment: -2.460719941296209e-15 Bohr magnetons
Calculating q=[0.41666666666666663, 0.13333333333333333, 0]
Energy: -11.89628536454721 eV
Magnetic moment: -2.460719941296209e-15 Bohr magnetons
Calculating q=[0.41666666666666663, 0.13333333333333333, 0]
Energy: -11.89628536454721 eV
Magnetic moment: -2.460719941296209e-15 Bohr magnetons
Calculating q=[0.41666666666666663, 0.13333333333333333, 0]
Energy: -11.89628536454721 eV
Magnetic moment: -2.460719941296209e-15 Bohr magnetons
Calculating q=[0.41666666666666663, 0.13333333333333333, 0]
Energy: -11.89628536454721 eV
Magnetic moment: -2.460719941296209e-15 Bohr magnetons
Calculating q=[0.41666666666666663, 0.13333333333333333, 0]
Energy: -11.89628536454721 eV
Magnetic moment: -2.460719941296209e-15 Bohr magnetons
Calculating q=[0.41666666666666663, 0.13333333333333333, 0]
Energy: -11.89628536454721 eV
Magnetic moment: -2.460719941296209e-15 Bohr magnetons
Calculating q=[0.41666666666666663, 0.13333333333333333, 0]
Energy: -11.89628536454721 eV
Magnetic moment: -2.460719941296209e-15 Bohr magnetons
Calculating q=[0.41666666666666663, 0.13333333333333333, 0]
Energy: -11.89628536454721 eV
Magnetic moment: -2.460719941296209e-15 Bohr magnetons
Calculating q=[0.41666666666666663, 0.13333333333333333, 0]
Energy: -11.89628536454721 eV
Magnetic moment: -2.460719941296209e-15 Bohr magnetons
Calculating q=[0.41666666666666663, 0.13333333333333333, 0]
Energy: -11.895440558753439 eV
Magnetic moment: -2.6384189395130513e-14 Bohr magnetons
Energy: -11.895440558753439 eV
Magnetic moment: -2.6384189395130513e-14 Bohr magnetons
Energy: -11.895440558753439 eV
Magnetic moment: -2.6384189395130513e-14 Bohr magnetons
Energy: -11.895440558753439 eV
Magnetic moment: -2.6384189395130513e-14 Bohr magnetons
Energy: -11.895440558753439 eV
Magnetic moment: -2.6384189395130513e-14 Bohr magnetons
Energy: -11.895440558753439 eV
Magnetic moment: -2.6384189395130513e-14 Bohr magnetons
Energy: -11.895440558753439 eV
Magnetic moment: -2.6384189395130513e-14 Bohr magnetons
Energy: -11.895440558753439 eV
Magnetic moment: -2.6384189395130513e-14 Bohr magnetons
Energy: -11.895440558753439 eV
Magnetic moment: -2.6384189395130513e-14 Bohr magnetons
Energy: -11.895440558753439 eV
Magnetic moment: -2.6384189395130513e-14 Bohr magnetons
Energy: -11.895440558753439 eV
Magnetic moment: -2.6384189395130513e-14 Bohr magnetons
Energy: -11.895440558753439 eV
Magnetic moment: -2.6384189395130513e-14 Bohr magnetons

------------------------------------------------------------
Sender: LSF System <lsfadmin@hpc.dtu.dk>
Subject: Job 21504679: <plot_8.py> in cluster <dcc> Done

Job <plot_8.py> was submitted from host <n-62-30-5> by user <s194113> in cluster <dcc> at Fri Apr 19 17:59:21 2024
Job was executed on host(s) <12*n-62-28-29>, in queue <hpc>, as user <s194113> in cluster <dcc> at Fri Apr 19 21:18:44 2024
</zhome/87/8/147075> was used as the home directory.
</zhome/87/8/147075/10302/10302_NM/NiI2_2D> was used as the working directory.
Started at Fri Apr 19 21:18:44 2024
Terminated at Fri Apr 19 23:30:18 2024
Results reported at Fri Apr 19 23:30:18 2024

Your job looked like:

------------------------------------------------------------
# LSBATCH: User input
#!/bin/bash -l
id=$LSB_JOBID
mq=/zhome/87/8/147075/.myqueue/lsf-$id
source /zhome/87/8/147075/venv-name/bin/activate
echo "venv: /zhome/87/8/147075/venv-name/bin/activate"
(touch $mq-0 && \
 cd '/zhome/87/8/147075/10302/10302_NM/NiI2_2D' && \
 mpiexec python3 plot_8.py && \
 touch $mq-1) || \
(touch $mq-2; exit 1)

------------------------------------------------------------

Successfully completed.

Resource usage summary:

    CPU time :                                   94660.25 sec.
    Max Memory :                                 8163 MB
    Average Memory :                             5687.22 MB
    Total Requested Memory :                     73728.00 MB
    Delta Memory :                               65565.00 MB
    Max Swap :                                   -
    Max Processes :                              17
    Max Threads :                                57
    Run time :                                   7894 sec.
    Turnaround time :                            19857 sec.

The output (if any) is above this job summary.



PS:

Read file </zhome/87/8/147075/10302/10302_NM/NiI2_2D/plot_8.py.21504679.err> for stderr output of this job.

