venv: /zhome/87/8/147075/venv-name/bin/activate
[1713560442.614631] [n-62-28-33:30045:0]          ib_md.c:1063 UCX  WARN  IB: ibv_fork_init() was disabled or failed, yet a fork() has been issued.
[1713560442.614664] [n-62-28-33:30045:0]          ib_md.c:1064 UCX  WARN  IB: data corruption might occur when using registered memory.
[1713560442.614630] [n-62-28-33:30047:0]          ib_md.c:1063 UCX  WARN  IB: ibv_fork_init() was disabled or failed, yet a fork() has been issued.
[1713560442.614664] [n-62-28-33:30047:0]          ib_md.c:1064 UCX  WARN  IB: data corruption might occur when using registered memory.
[1713560442.616987] [n-62-28-33:30039:0]          ib_md.c:1063 UCX  WARN  IB: ibv_fork_init() was disabled or failed, yet a fork() has been issued.
[1713560442.616992] [n-62-28-33:30041:0]          ib_md.c:1063 UCX  WARN  IB: ibv_fork_init() was disabled or failed, yet a fork() has been issued.
[1713560442.617025] [n-62-28-33:30041:0]          ib_md.c:1064 UCX  WARN  IB: data corruption might occur when using registered memory.
[1713560442.617089] [n-62-28-33:30039:0]          ib_md.c:1064 UCX  WARN  IB: data corruption might occur when using registered memory.
[1713560442.618274] [n-62-28-33:30044:0]          ib_md.c:1063 UCX  WARN  IB: ibv_fork_init() was disabled or failed, yet a fork() has been issued.
[1713560442.618306] [n-62-28-33:30044:0]          ib_md.c:1064 UCX  WARN  IB: data corruption might occur when using registered memory.
[1713560442.618690] [n-62-28-33:30036:0]          ib_md.c:1063 UCX  WARN  IB: ibv_fork_init() was disabled or failed, yet a fork() has been issued.
[1713560442.618774] [n-62-28-33:30036:0]          ib_md.c:1064 UCX  WARN  IB: data corruption might occur when using registered memory.
[1713560442.618908] [n-62-28-33:30038:0]          ib_md.c:1063 UCX  WARN  IB: ibv_fork_init() was disabled or failed, yet a fork() has been issued.
[1713560442.618986] [n-62-28-33:30038:0]          ib_md.c:1064 UCX  WARN  IB: data corruption might occur when using registered memory.
[1713560442.618988] [n-62-28-33:30043:0]          ib_md.c:1063 UCX  WARN  IB: ibv_fork_init() was disabled or failed, yet a fork() has been issued.
[1713560442.619029] [n-62-28-33:30043:0]          ib_md.c:1064 UCX  WARN  IB: data corruption might occur when using registered memory.
[1713560442.619110] [n-62-28-33:30037:0]          ib_md.c:1063 UCX  WARN  IB: ibv_fork_init() was disabled or failed, yet a fork() has been issued.
[1713560442.619158] [n-62-28-33:30037:0]          ib_md.c:1064 UCX  WARN  IB: data corruption might occur when using registered memory.
[1713560442.619116] [n-62-28-33:30040:0]          ib_md.c:1063 UCX  WARN  IB: ibv_fork_init() was disabled or failed, yet a fork() has been issued.
[1713560442.619146] [n-62-28-33:30040:0]          ib_md.c:1064 UCX  WARN  IB: data corruption might occur when using registered memory.
[1713560442.619190] [n-62-28-33:30035:0]          ib_md.c:1063 UCX  WARN  IB: ibv_fork_init() was disabled or failed, yet a fork() has been issued.
[1713560442.619233] [n-62-28-33:30035:0]          ib_md.c:1064 UCX  WARN  IB: data corruption might occur when using registered memory.
[1713560442.619369] [n-62-28-33:30042:0]          ib_md.c:1063 UCX  WARN  IB: ibv_fork_init() was disabled or failed, yet a fork() has been issued.
[1713560442.619399] [n-62-28-33:30042:0]          ib_md.c:1064 UCX  WARN  IB: data corruption might occur when using registered memory.
Calculating ground state
11 q-points in the path
=====================================
Calculating q=[0.21666666666666667, 0.21666666666666667, 0]
Calculating ground state
11 q-points in the path
=====================================
Calculating q=[0.21666666666666667, 0.21666666666666667, 0]
Calculating ground state
11 q-points in the path
=====================================
Calculating q=[0.21666666666666667, 0.21666666666666667, 0]
Calculating ground state
11 q-points in the path
=====================================
Calculating q=[0.21666666666666667, 0.21666666666666667, 0]
Calculating ground state
Calculating ground state
11 q-points in the path
Calculating ground state
=====================================
Calculating q=[0.21666666666666667, 0.21666666666666667, 0]
11 q-points in the path
=====================================
Calculating ground state
Calculating ground state
11 q-points in the path
=====================================
11 q-points in the path
=====================================
Calculating q=[0.21666666666666667, 0.21666666666666667, 0]
Calculating q=[0.21666666666666667, 0.21666666666666667, 0]
Calculating q=[0.21666666666666667, 0.21666666666666667, 0]
11 q-points in the path
=====================================
Calculating ground state
Calculating q=[0.21666666666666667, 0.21666666666666667, 0]
Calculating ground state
11 q-points in the path
=====================================
Calculating q=[0.21666666666666667, 0.21666666666666667, 0]
11 q-points in the path
=====================================
Calculating q=[0.21666666666666667, 0.21666666666666667, 0]
Calculating ground state
11 q-points in the path
=====================================
Calculating q=[0.21666666666666667, 0.21666666666666667, 0]
Energy: -11.917248745093774 eV
Magnetic moment: -8.843290012174382e-15 Bohr magnetons
Calculating q=[0.23333333333333334, 0.21666666666666667, 0]
Energy: -11.917248745093774 eV
Magnetic moment: -8.843290012174382e-15 Bohr magnetons
Calculating q=[0.23333333333333334, 0.21666666666666667, 0]
Energy: -11.917248745093774 eV
Magnetic moment: -8.843290012174382e-15 Bohr magnetons
Calculating q=[0.23333333333333334, 0.21666666666666667, 0]
Energy: -11.917248745093774 eV
Magnetic moment: -8.843290012174382e-15 Bohr magnetons
Calculating q=[0.23333333333333334, 0.21666666666666667, 0]
Energy: -11.917248745093774 eV
Magnetic moment: -8.843290012174382e-15 Bohr magnetons
Calculating q=[0.23333333333333334, 0.21666666666666667, 0]
Energy: -11.917248745093774 eV
Magnetic moment: -8.843290012174382e-15 Bohr magnetons
Calculating q=[0.23333333333333334, 0.21666666666666667, 0]
Energy: -11.917248745093774 eV
Magnetic moment: -8.843290012174382e-15 Bohr magnetons
Calculating q=[0.23333333333333334, 0.21666666666666667, 0]
Energy: -11.917248745093774 eV
Magnetic moment: -8.843290012174382e-15 Bohr magnetons
Calculating q=[0.23333333333333334, 0.21666666666666667, 0]
Energy: -11.917248745093774 eV
Magnetic moment: -8.843290012174382e-15 Bohr magnetons
Calculating q=[0.23333333333333334, 0.21666666666666667, 0]
Energy: -11.917248745093774 eV
Magnetic moment: -8.843290012174382e-15 Bohr magnetons
Calculating q=[0.23333333333333334, 0.21666666666666667, 0]
Energy: -11.917248745093774 eV
Magnetic moment: -8.843290012174382e-15 Bohr magnetons
Calculating q=[0.23333333333333334, 0.21666666666666667, 0]
Energy: -11.917248745093774 eV
Magnetic moment: -8.843290012174382e-15 Bohr magnetons
Calculating q=[0.23333333333333334, 0.21666666666666667, 0]
Energy: -11.91544358175745 eV
Magnetic moment: 2.972805645945227e-14 Bohr magnetons
Calculating q=[0.25, 0.21666666666666667, 0]
Energy: -11.91544358175745 eV
Magnetic moment: 2.972805645945227e-14 Bohr magnetons
Calculating q=[0.25, 0.21666666666666667, 0]
Energy: -11.91544358175745 eV
Magnetic moment: 2.972805645945227e-14 Bohr magnetons
Calculating q=[0.25, 0.21666666666666667, 0]
Energy: -11.91544358175745 eV
Magnetic moment: 2.972805645945227e-14 Bohr magnetons
Calculating q=[0.25, 0.21666666666666667, 0]
Energy: -11.91544358175745 eV
Magnetic moment: 2.972805645945227e-14 Bohr magnetons
Calculating q=[0.25, 0.21666666666666667, 0]
Energy: -11.91544358175745 eV
Magnetic moment: 2.972805645945227e-14 Bohr magnetons
Calculating q=[0.25, 0.21666666666666667, 0]
Energy: -11.91544358175745 eV
Magnetic moment: 2.972805645945227e-14 Bohr magnetons
Calculating q=[0.25, 0.21666666666666667, 0]
Energy: -11.91544358175745 eV
Magnetic moment: 2.972805645945227e-14 Bohr magnetons
Calculating q=[0.25, 0.21666666666666667, 0]
Energy: -11.91544358175745 eV
Magnetic moment: 2.972805645945227e-14 Bohr magnetons
Calculating q=[0.25, 0.21666666666666667, 0]
Energy: -11.91544358175745 eV
Magnetic moment: 2.972805645945227e-14 Bohr magnetons
Calculating q=[0.25, 0.21666666666666667, 0]
Energy: -11.91544358175745 eV
Magnetic moment: 2.972805645945227e-14 Bohr magnetons
Calculating q=[0.25, 0.21666666666666667, 0]
Energy: -11.91544358175745 eV
Magnetic moment: 2.972805645945227e-14 Bohr magnetons
Calculating q=[0.25, 0.21666666666666667, 0]
Energy: -11.913673632427606 eV
Magnetic moment: 2.341306599529963e-14 Bohr magnetons
Calculating q=[0.26666666666666666, 0.21666666666666667, 0]
Energy: -11.913673632427606 eV
Magnetic moment: 2.341306599529963e-14 Bohr magnetons
Calculating q=[0.26666666666666666, 0.21666666666666667, 0]
Energy: -11.913673632427606 eV
Magnetic moment: 2.341306599529963e-14 Bohr magnetons
Calculating q=[0.26666666666666666, 0.21666666666666667, 0]
Energy: -11.913673632427606 eV
Magnetic moment: 2.341306599529963e-14 Bohr magnetons
Calculating q=[0.26666666666666666, 0.21666666666666667, 0]
Energy: -11.913673632427606 eV
Magnetic moment: 2.341306599529963e-14 Bohr magnetons
Calculating q=[0.26666666666666666, 0.21666666666666667, 0]
Energy: -11.913673632427606 eV
Magnetic moment: 2.341306599529963e-14 Bohr magnetons
Calculating q=[0.26666666666666666, 0.21666666666666667, 0]
Energy: -11.913673632427606 eV
Magnetic moment: 2.341306599529963e-14 Bohr magnetons
Calculating q=[0.26666666666666666, 0.21666666666666667, 0]
Energy: -11.913673632427606 eV
Magnetic moment: 2.341306599529963e-14 Bohr magnetons
Calculating q=[0.26666666666666666, 0.21666666666666667, 0]
Energy: -11.913673632427606 eV
Magnetic moment: 2.341306599529963e-14 Bohr magnetons
Calculating q=[0.26666666666666666, 0.21666666666666667, 0]
Energy: -11.913673632427606 eV
Magnetic moment: 2.341306599529963e-14 Bohr magnetons
Calculating q=[0.26666666666666666, 0.21666666666666667, 0]
Energy: -11.913673632427606 eV
Energy: -11.913673632427606 eV
Magnetic moment: 2.341306599529963e-14 Bohr magnetons
Calculating q=[0.26666666666666666, 0.21666666666666667, 0]
Magnetic moment: 2.341306599529963e-14 Bohr magnetons
Calculating q=[0.26666666666666666, 0.21666666666666667, 0]
Energy: -11.911964884892333 eV
Magnetic moment: -1.4383812323401318e-14 Bohr magnetons
Calculating q=[0.2833333333333333, 0.21666666666666667, 0]
Energy: -11.911964884892333 eV
Magnetic moment: -1.4383812323401318e-14 Bohr magnetons
Calculating q=[0.2833333333333333, 0.21666666666666667, 0]
Energy: -11.911964884892333 eV
Magnetic moment: -1.4383812323401318e-14 Bohr magnetons
Calculating q=[0.2833333333333333, 0.21666666666666667, 0]
Energy: -11.911964884892333 eV
Magnetic moment: -1.4383812323401318e-14 Bohr magnetons
Calculating q=[0.2833333333333333, 0.21666666666666667, 0]
Energy: -11.911964884892333 eV
Magnetic moment: -1.4383812323401318e-14 Bohr magnetons
Calculating q=[0.2833333333333333, 0.21666666666666667, 0]
Energy: -11.911964884892333 eV
Magnetic moment: -1.4383812323401318e-14 Bohr magnetons
Calculating q=[0.2833333333333333, 0.21666666666666667, 0]
Energy: -11.911964884892333 eV
Magnetic moment: -1.4383812323401318e-14 Bohr magnetons
Calculating q=[0.2833333333333333, 0.21666666666666667, 0]
Energy: -11.911964884892333 eV
Magnetic moment: -1.4383812323401318e-14 Bohr magnetons
Calculating q=[0.2833333333333333, 0.21666666666666667, 0]
Energy: -11.911964884892333 eV
Magnetic moment: -1.4383812323401318e-14 Bohr magnetons
Calculating q=[0.2833333333333333, 0.21666666666666667, 0]
Energy: -11.911964884892333 eV
Magnetic moment: -1.4383812323401318e-14 Bohr magnetons
Calculating q=[0.2833333333333333, 0.21666666666666667, 0]
Energy: -11.911964884892333 eV
Magnetic moment: -1.4383812323401318e-14 Bohr magnetons
Calculating q=[0.2833333333333333, 0.21666666666666667, 0]
Energy: -11.911964884892333 eV
Magnetic moment: -1.4383812323401318e-14 Bohr magnetons
Calculating q=[0.2833333333333333, 0.21666666666666667, 0]
Energy: -11.91033599748224 eV
Magnetic moment: 1.6002073079996577e-14 Bohr magnetons
Calculating q=[0.3, 0.21666666666666667, 0]
Energy: -11.91033599748224 eV
Magnetic moment: 1.6002073079996577e-14 Bohr magnetons
Calculating q=[0.3, 0.21666666666666667, 0]
Energy: -11.91033599748224 eV
Magnetic moment: 1.6002073079996577e-14 Bohr magnetons
Calculating q=[0.3, 0.21666666666666667, 0]
Energy: -11.91033599748224 eV
Magnetic moment: 1.6002073079996577e-14 Bohr magnetons
Calculating q=[0.3, 0.21666666666666667, 0]
Energy: -11.91033599748224 eV
Magnetic moment: 1.6002073079996577e-14 Bohr magnetons
Calculating q=[0.3, 0.21666666666666667, 0]
Energy: -11.91033599748224 eV
Magnetic moment: 1.6002073079996577e-14 Bohr magnetons
Calculating q=[0.3, 0.21666666666666667, 0]
Energy: -11.91033599748224 eV
Magnetic moment: 1.6002073079996577e-14 Bohr magnetons
Calculating q=[0.3, 0.21666666666666667, 0]
Energy: -11.91033599748224 eV
Magnetic moment: 1.6002073079996577e-14 Bohr magnetons
Calculating q=[0.3, 0.21666666666666667, 0]
Energy: -11.91033599748224 eV
Magnetic moment: 1.6002073079996577e-14 Bohr magnetons
Calculating q=[0.3, 0.21666666666666667, 0]
Energy: -11.91033599748224 eV
Magnetic moment: 1.6002073079996577e-14 Bohr magnetons
Calculating q=[0.3, 0.21666666666666667, 0]
Energy: -11.91033599748224 eV
Magnetic moment: 1.6002073079996577e-14 Bohr magnetons
Calculating q=[0.3, 0.21666666666666667, 0]
Energy: -11.91033599748224 eV
Magnetic moment: 1.6002073079996577e-14 Bohr magnetons
Calculating q=[0.3, 0.21666666666666667, 0]
Energy: -11.908841765926473 eV
Magnetic moment: 4.658785181906516e-14 Bohr magnetons
Calculating q=[0.31666666666666665, 0.21666666666666667, 0]
Energy: -11.908841765926473 eV
Magnetic moment: 4.658785181906516e-14 Bohr magnetons
Calculating q=[0.31666666666666665, 0.21666666666666667, 0]
Energy: -11.908841765926473 eV
Magnetic moment: 4.658785181906516e-14 Bohr magnetons
Calculating q=[0.31666666666666665, 0.21666666666666667, 0]
Energy: -11.908841765926473 eV
Magnetic moment: 4.658785181906516e-14 Bohr magnetons
Calculating q=[0.31666666666666665, 0.21666666666666667, 0]
Energy: -11.908841765926473 eV
Magnetic moment: 4.658785181906516e-14 Bohr magnetons
Calculating q=[0.31666666666666665, 0.21666666666666667, 0]
Energy: -11.908841765926473 eV
Magnetic moment: 4.658785181906516e-14 Bohr magnetons
Calculating q=[0.31666666666666665, 0.21666666666666667, 0]
Energy: -11.908841765926473 eV
Magnetic moment: 4.658785181906516e-14 Bohr magnetons
Calculating q=[0.31666666666666665, 0.21666666666666667, 0]
Energy: -11.908841765926473 eV
Magnetic moment: 4.658785181906516e-14 Bohr magnetons
Calculating q=[0.31666666666666665, 0.21666666666666667, 0]
Energy: -11.908841765926473 eV
Magnetic moment: 4.658785181906516e-14 Bohr magnetons
Calculating q=[0.31666666666666665, 0.21666666666666667, 0]
Energy: -11.908841765926473 eV
Magnetic moment: 4.658785181906516e-14 Bohr magnetons
Calculating q=[0.31666666666666665, 0.21666666666666667, 0]
Energy: -11.908841765926473 eV
Magnetic moment: 4.658785181906516e-14 Bohr magnetons
Calculating q=[0.31666666666666665, 0.21666666666666667, 0]
Energy: -11.908841765926473 eV
Magnetic moment: 4.658785181906516e-14 Bohr magnetons
Calculating q=[0.31666666666666665, 0.21666666666666667, 0]
Energy: -11.907521329067295 eV
Magnetic moment: -1.322857238357993e-14 Bohr magnetons
Calculating q=[0.3333333333333333, 0.21666666666666667, 0]
Energy: -11.907521329067295 eV
Magnetic moment: -1.322857238357993e-14 Bohr magnetons
Calculating q=[0.3333333333333333, 0.21666666666666667, 0]
Energy: -11.907521329067295 eV
Magnetic moment: -1.322857238357993e-14 Bohr magnetons
Calculating q=[0.3333333333333333, 0.21666666666666667, 0]
Energy: -11.907521329067295 eV
Magnetic moment: -1.322857238357993e-14 Bohr magnetons
Calculating q=[0.3333333333333333, 0.21666666666666667, 0]
Energy: -11.907521329067295 eV
Magnetic moment: -1.322857238357993e-14 Bohr magnetons
Calculating q=[0.3333333333333333, 0.21666666666666667, 0]
Energy: -11.907521329067295 eV
Magnetic moment: -1.322857238357993e-14 Bohr magnetons
Calculating q=[0.3333333333333333, 0.21666666666666667, 0]
Energy: -11.907521329067295 eV
Magnetic moment: -1.322857238357993e-14 Bohr magnetons
Calculating q=[0.3333333333333333, 0.21666666666666667, 0]
Energy: -11.907521329067295 eV
Magnetic moment: -1.322857238357993e-14 Bohr magnetons
Calculating q=[0.3333333333333333, 0.21666666666666667, 0]
Energy: -11.907521329067295 eV
Magnetic moment: -1.322857238357993e-14 Bohr magnetons
Calculating q=[0.3333333333333333, 0.21666666666666667, 0]
Energy: -11.907521329067295 eV
Magnetic moment: -1.322857238357993e-14 Bohr magnetons
Energy: -11.907521329067295 eV
Magnetic moment: -1.322857238357993e-14 Bohr magnetons
Energy: -11.907521329067295 eV
Magnetic moment: -1.322857238357993e-14 Bohr magnetons
Calculating q=[0.3333333333333333, 0.21666666666666667, 0]
Calculating q=[0.3333333333333333, 0.21666666666666667, 0]
Calculating q=[0.3333333333333333, 0.21666666666666667, 0]
Energy: -11.906412664367467 eV
Magnetic moment: -1.9180635919792687e-14 Bohr magnetons
Calculating q=[0.35, 0.21666666666666667, 0]
Energy: -11.906412664367467 eV
Magnetic moment: -1.9180635919792687e-14 Bohr magnetons
Calculating q=[0.35, 0.21666666666666667, 0]
Energy: -11.906412664367467 eV
Magnetic moment: -1.9180635919792687e-14 Bohr magnetons
Calculating q=[0.35, 0.21666666666666667, 0]
Energy: -11.906412664367467 eV
Magnetic moment: -1.9180635919792687e-14 Bohr magnetons
Calculating q=[0.35, 0.21666666666666667, 0]
Energy: -11.906412664367467 eV
Magnetic moment: -1.9180635919792687e-14 Bohr magnetons
Calculating q=[0.35, 0.21666666666666667, 0]
Energy: -11.906412664367467 eV
Magnetic moment: -1.9180635919792687e-14 Bohr magnetons
Calculating q=[0.35, 0.21666666666666667, 0]
Energy: -11.906412664367467 eV
Magnetic moment: -1.9180635919792687e-14 Bohr magnetons
Calculating q=[0.35, 0.21666666666666667, 0]
Energy: -11.906412664367467 eV
Magnetic moment: -1.9180635919792687e-14 Bohr magnetons
Calculating q=[0.35, 0.21666666666666667, 0]
Energy: -11.906412664367467 eV
Magnetic moment: -1.9180635919792687e-14 Bohr magnetons
Calculating q=[0.35, 0.21666666666666667, 0]
Energy: -11.906412664367467 eV
Magnetic moment: -1.9180635919792687e-14 Bohr magnetons
Calculating q=[0.35, 0.21666666666666667, 0]
Energy: -11.906412664367467 eV
Magnetic moment: -1.9180635919792687e-14 Bohr magnetons
Calculating q=[0.35, 0.21666666666666667, 0]
Energy: -11.906412664367467 eV
Magnetic moment: -1.9180635919792687e-14 Bohr magnetons
Calculating q=[0.35, 0.21666666666666667, 0]
Energy: -11.905538317512644 eV
Magnetic moment: -9.472239294508934e-14 Bohr magnetons
Calculating q=[0.36666666666666664, 0.21666666666666667, 0]
Energy: -11.905538317512644 eV
Magnetic moment: -9.472239294508934e-14 Bohr magnetons
Calculating q=[0.36666666666666664, 0.21666666666666667, 0]
Energy: -11.905538317512644 eV
Magnetic moment: -9.472239294508934e-14 Bohr magnetons
Calculating q=[0.36666666666666664, 0.21666666666666667, 0]
Energy: -11.905538317512644 eV
Magnetic moment: -9.472239294508934e-14 Bohr magnetons
Calculating q=[0.36666666666666664, 0.21666666666666667, 0]
Energy: -11.905538317512644 eV
Magnetic moment: -9.472239294508934e-14 Bohr magnetons
Calculating q=[0.36666666666666664, 0.21666666666666667, 0]
Energy: -11.905538317512644 eV
Magnetic moment: -9.472239294508934e-14 Bohr magnetons
Calculating q=[0.36666666666666664, 0.21666666666666667, 0]
Energy: -11.905538317512644 eV
Magnetic moment: -9.472239294508934e-14 Bohr magnetons
Calculating q=[0.36666666666666664, 0.21666666666666667, 0]
Energy: -11.905538317512644 eV
Magnetic moment: -9.472239294508934e-14 Bohr magnetons
Calculating q=[0.36666666666666664, 0.21666666666666667, 0]
Energy: -11.905538317512644 eV
Magnetic moment: -9.472239294508934e-14 Bohr magnetons
Calculating q=[0.36666666666666664, 0.21666666666666667, 0]
Energy: -11.905538317512644 eV
Magnetic moment: -9.472239294508934e-14 Bohr magnetons
Calculating q=[0.36666666666666664, 0.21666666666666667, 0]
Energy: -11.905538317512644 eV
Magnetic moment: -9.472239294508934e-14 Bohr magnetons
Calculating q=[0.36666666666666664, 0.21666666666666667, 0]
Energy: -11.905538317512644 eV
Magnetic moment: -9.472239294508934e-14 Bohr magnetons
Calculating q=[0.36666666666666664, 0.21666666666666667, 0]
Energy: -11.90493887829962 eV
Magnetic moment: -2.3553864944580325e-14 Bohr magnetons
Calculating q=[0.3833333333333333, 0.21666666666666667, 0]
Energy: -11.90493887829962 eV
Magnetic moment: -2.3553864944580325e-14 Bohr magnetons
Calculating q=[0.3833333333333333, 0.21666666666666667, 0]
Energy: -11.90493887829962 eV
Magnetic moment: -2.3553864944580325e-14 Bohr magnetons
Calculating q=[0.3833333333333333, 0.21666666666666667, 0]
Energy: -11.90493887829962 eV
Magnetic moment: -2.3553864944580325e-14 Bohr magnetons
Calculating q=[0.3833333333333333, 0.21666666666666667, 0]
Energy: -11.90493887829962 eV
Magnetic moment: -2.3553864944580325e-14 Bohr magnetons
Calculating q=[0.3833333333333333, 0.21666666666666667, 0]
Energy: -11.90493887829962 eV
Magnetic moment: -2.3553864944580325e-14 Bohr magnetons
Calculating q=[0.3833333333333333, 0.21666666666666667, 0]
Energy: -11.90493887829962 eV
Magnetic moment: -2.3553864944580325e-14 Bohr magnetons
Calculating q=[0.3833333333333333, 0.21666666666666667, 0]
Energy: -11.90493887829962 eV
Magnetic moment: -2.3553864944580325e-14 Bohr magnetons
Calculating q=[0.3833333333333333, 0.21666666666666667, 0]
Energy: -11.90493887829962 eV
Magnetic moment: -2.3553864944580325e-14 Bohr magnetons
Calculating q=[0.3833333333333333, 0.21666666666666667, 0]
Energy: -11.90493887829962 eV
Magnetic moment: -2.3553864944580325e-14 Bohr magnetons
Calculating q=[0.3833333333333333, 0.21666666666666667, 0]
Energy: -11.90493887829962 eV
Magnetic moment: -2.3553864944580325e-14 Bohr magnetons
Calculating q=[0.3833333333333333, 0.21666666666666667, 0]
Energy: -11.90493887829962 eV
Magnetic moment: -2.3553864944580325e-14 Bohr magnetons
Calculating q=[0.3833333333333333, 0.21666666666666667, 0]
Energy: -11.904630557468353 eV
Magnetic moment: 6.394667455160042e-14 Bohr magnetons
Energy: -11.904630557468353 eV
Magnetic moment: 6.394667455160042e-14 Bohr magnetons
Energy: -11.904630557468353 eV
Magnetic moment: 6.394667455160042e-14 Bohr magnetons
Energy: -11.904630557468353 eV
Magnetic moment: 6.394667455160042e-14 Bohr magnetons
Energy: -11.904630557468353 eV
Magnetic moment: 6.394667455160042e-14 Bohr magnetons
Energy: -11.904630557468353 eV
Magnetic moment: 6.394667455160042e-14 Bohr magnetons
Energy: -11.904630557468353 eV
Magnetic moment: 6.394667455160042e-14 Bohr magnetons
Energy: -11.904630557468353 eV
Magnetic moment: 6.394667455160042e-14 Bohr magnetons
Energy: -11.904630557468353 eV
Magnetic moment: 6.394667455160042e-14 Bohr magnetons
Energy: -11.904630557468353 eV
Magnetic moment: 6.394667455160042e-14 Bohr magnetons
Energy: -11.904630557468353 eV
Magnetic moment: 6.394667455160042e-14 Bohr magnetons
Energy: -11.904630557468353 eV
Magnetic moment: 6.394667455160042e-14 Bohr magnetons

------------------------------------------------------------
Sender: LSF System <lsfadmin@hpc.dtu.dk>
Subject: Job 21504690: <plot_13.py> in cluster <dcc> Done

Job <plot_13.py> was submitted from host <n-62-30-5> by user <s194113> in cluster <dcc> at Fri Apr 19 17:59:44 2024
Job was executed on host(s) <12*n-62-28-33>, in queue <hpc>, as user <s194113> in cluster <dcc> at Fri Apr 19 23:00:37 2024
</zhome/87/8/147075> was used as the home directory.
</zhome/87/8/147075/10302/10302_NM/NiI2_2D> was used as the working directory.
Started at Fri Apr 19 23:00:37 2024
Terminated at Sat Apr 20 00:34:02 2024
Results reported at Sat Apr 20 00:34:02 2024

Your job looked like:

------------------------------------------------------------
# LSBATCH: User input
#!/bin/bash -l
id=$LSB_JOBID
mq=/zhome/87/8/147075/.myqueue/lsf-$id
source /zhome/87/8/147075/venv-name/bin/activate
echo "venv: /zhome/87/8/147075/venv-name/bin/activate"
(touch $mq-0 && \
 cd '/zhome/87/8/147075/10302/10302_NM/NiI2_2D' && \
 mpiexec python3 plot_13.py && \
 touch $mq-1) || \
(touch $mq-2; exit 1)

------------------------------------------------------------

Successfully completed.

Resource usage summary:

    CPU time :                                   67194.51 sec.
    Max Memory :                                 7319 MB
    Average Memory :                             5151.66 MB
    Total Requested Memory :                     73728.00 MB
    Delta Memory :                               66409.00 MB
    Max Swap :                                   -
    Max Processes :                              17
    Max Threads :                                57
    Run time :                                   5605 sec.
    Turnaround time :                            23658 sec.

The output (if any) is above this job summary.



PS:

Read file </zhome/87/8/147075/10302/10302_NM/NiI2_2D/plot_13.py.21504690.err> for stderr output of this job.

