venv: /zhome/87/8/147075/venv-name/bin/activate
[1713563408.410246] [n-62-29-30:8788 :0]          ib_md.c:1063 UCX  WARN  IB: ibv_fork_init() was disabled or failed, yet a fork() has been issued.
[1713563408.410282] [n-62-29-30:8788 :0]          ib_md.c:1064 UCX  WARN  IB: data corruption might occur when using registered memory.
[1713563408.410536] [n-62-29-30:8787 :0]          ib_md.c:1063 UCX  WARN  IB: ibv_fork_init() was disabled or failed, yet a fork() has been issued.
[1713563408.410574] [n-62-29-30:8787 :0]          ib_md.c:1064 UCX  WARN  IB: data corruption might occur when using registered memory.
[1713563408.415411] [n-62-29-30:8782 :0]          ib_md.c:1063 UCX  WARN  IB: ibv_fork_init() was disabled or failed, yet a fork() has been issued.
[1713563408.415538] [n-62-29-30:8782 :0]          ib_md.c:1064 UCX  WARN  IB: data corruption might occur when using registered memory.
[1713563408.415748] [n-62-29-30:8777 :0]          ib_md.c:1063 UCX  WARN  IB: ibv_fork_init() was disabled or failed, yet a fork() has been issued.
[1713563408.415836] [n-62-29-30:8777 :0]          ib_md.c:1064 UCX  WARN  IB: data corruption might occur when using registered memory.
[1713563408.415854] [n-62-29-30:8780 :0]          ib_md.c:1063 UCX  WARN  IB: ibv_fork_init() was disabled or failed, yet a fork() has been issued.
[1713563408.415884] [n-62-29-30:8780 :0]          ib_md.c:1064 UCX  WARN  IB: data corruption might occur when using registered memory.
[1713563408.416232] [n-62-29-30:8778 :0]          ib_md.c:1063 UCX  WARN  IB: ibv_fork_init() was disabled or failed, yet a fork() has been issued.
[1713563408.416261] [n-62-29-30:8778 :0]          ib_md.c:1064 UCX  WARN  IB: data corruption might occur when using registered memory.
[1713563408.416287] [n-62-29-30:8779 :0]          ib_md.c:1063 UCX  WARN  IB: ibv_fork_init() was disabled or failed, yet a fork() has been issued.
[1713563408.416332] [n-62-29-30:8779 :0]          ib_md.c:1064 UCX  WARN  IB: data corruption might occur when using registered memory.
[1713563408.416497] [n-62-29-30:8781 :0]          ib_md.c:1063 UCX  WARN  IB: ibv_fork_init() was disabled or failed, yet a fork() has been issued.
[1713563408.416574] [n-62-29-30:8781 :0]          ib_md.c:1064 UCX  WARN  IB: data corruption might occur when using registered memory.
[1713563408.416818] [n-62-29-30:8783 :0]          ib_md.c:1063 UCX  WARN  IB: ibv_fork_init() was disabled or failed, yet a fork() has been issued.
[1713563408.416848] [n-62-29-30:8783 :0]          ib_md.c:1064 UCX  WARN  IB: data corruption might occur when using registered memory.
[1713563408.416875] [n-62-29-30:8786 :0]          ib_md.c:1063 UCX  WARN  IB: ibv_fork_init() was disabled or failed, yet a fork() has been issued.
[1713563408.416925] [n-62-29-30:8776 :0]          ib_md.c:1063 UCX  WARN  IB: ibv_fork_init() was disabled or failed, yet a fork() has been issued.
[1713563408.416967] [n-62-29-30:8786 :0]          ib_md.c:1064 UCX  WARN  IB: data corruption might occur when using registered memory.
[1713563408.417026] [n-62-29-30:8776 :0]          ib_md.c:1064 UCX  WARN  IB: data corruption might occur when using registered memory.
[1713563408.417750] [n-62-29-30:8784 :0]          ib_md.c:1063 UCX  WARN  IB: ibv_fork_init() was disabled or failed, yet a fork() has been issued.
[1713563408.417851] [n-62-29-30:8784 :0]          ib_md.c:1064 UCX  WARN  IB: data corruption might occur when using registered memory.
Calculating ground state
Calculating ground state
1 q-points in the path
1 q-points in the path
=====================================
Calculating q=[0.3333333333333333, 0.3333333333333333, 0]
=====================================
Calculating ground state
Calculating q=[0.3333333333333333, 0.3333333333333333, 0]
1 q-points in the path
Calculating ground state
1 q-points in the path
=====================================
=====================================
Calculating q=[0.3333333333333333, 0.3333333333333333, 0]
Calculating q=[0.3333333333333333, 0.3333333333333333, 0]
Calculating ground state
1 q-points in the path
=====================================
Calculating ground state
Calculating q=[0.3333333333333333, 0.3333333333333333, 0]
Calculating ground state
1 q-points in the path
=====================================
1 q-points in the path
=====================================
Calculating q=[0.3333333333333333, 0.3333333333333333, 0]
Calculating ground state
Calculating ground state
Calculating q=[0.3333333333333333, 0.3333333333333333, 0]
1 q-points in the path
1 q-points in the path
=====================================
Calculating q=[0.3333333333333333, 0.3333333333333333, 0]
=====================================
Calculating ground state
Calculating ground state
1 q-points in the path
=====================================
Calculating q=[0.3333333333333333, 0.3333333333333333, 0]
Calculating q=[0.3333333333333333, 0.3333333333333333, 0]
Calculating ground state
1 q-points in the path
=====================================
Calculating q=[0.3333333333333333, 0.3333333333333333, 0]
1 q-points in the path
=====================================
Calculating q=[0.3333333333333333, 0.3333333333333333, 0]
Energy: -11.9091331535046 eV
Magnetic moment: -2.2703226206783977e-14 Bohr magnetons
Energy: -11.9091331535046 eV
Magnetic moment: -2.2703226206783977e-14 Bohr magnetons
Energy: -11.9091331535046 eV
Magnetic moment: -2.2703226206783977e-14 Bohr magnetons
Energy: -11.9091331535046 eV
Magnetic moment: -2.2703226206783977e-14 Bohr magnetons
Energy: -11.9091331535046 eV
Magnetic moment: -2.2703226206783977e-14 Bohr magnetons
Energy: -11.9091331535046 eV
Magnetic moment: -2.2703226206783977e-14 Bohr magnetons
Energy: -11.9091331535046 eV
Magnetic moment: -2.2703226206783977e-14 Bohr magnetons
Energy: -11.9091331535046 eV
Magnetic moment: -2.2703226206783977e-14 Bohr magnetons
Energy: -11.9091331535046 eV
Magnetic moment: -2.2703226206783977e-14 Bohr magnetons
Energy: -11.9091331535046 eV
Magnetic moment: -2.2703226206783977e-14 Bohr magnetons
Energy: -11.9091331535046 eV
Magnetic moment: -2.2703226206783977e-14 Bohr magnetons
Energy: -11.9091331535046 eV
Magnetic moment: -2.2703226206783977e-14 Bohr magnetons

------------------------------------------------------------
Sender: LSF System <lsfadmin@hpc.dtu.dk>
Subject: Job 21504703: <plot_20.py> in cluster <dcc> Done

Job <plot_20.py> was submitted from host <n-62-30-5> by user <s194113> in cluster <dcc> at Fri Apr 19 18:00:13 2024
Job was executed on host(s) <12*n-62-29-30>, in queue <hpc>, as user <s194113> in cluster <dcc> at Fri Apr 19 23:50:04 2024
</zhome/87/8/147075> was used as the home directory.
</zhome/87/8/147075/10302/10302_NM/NiI2_2D> was used as the working directory.
Started at Fri Apr 19 23:50:04 2024
Terminated at Fri Apr 19 23:59:33 2024
Results reported at Fri Apr 19 23:59:33 2024

Your job looked like:

------------------------------------------------------------
# LSBATCH: User input
#!/bin/bash -l
id=$LSB_JOBID
mq=/zhome/87/8/147075/.myqueue/lsf-$id
source /zhome/87/8/147075/venv-name/bin/activate
echo "venv: /zhome/87/8/147075/venv-name/bin/activate"
(touch $mq-0 && \
 cd '/zhome/87/8/147075/10302/10302_NM/NiI2_2D' && \
 mpiexec python3 plot_20.py && \
 touch $mq-1) || \
(touch $mq-2; exit 1)

------------------------------------------------------------

Successfully completed.

Resource usage summary:

    CPU time :                                   6781.00 sec.
    Max Memory :                                 2957 MB
    Average Memory :                             2789.43 MB
    Total Requested Memory :                     73728.00 MB
    Delta Memory :                               70771.00 MB
    Max Swap :                                   -
    Max Processes :                              17
    Max Threads :                                57
    Run time :                                   568 sec.
    Turnaround time :                            21560 sec.

The output (if any) is above this job summary.



PS:

Read file </zhome/87/8/147075/10302/10302_NM/NiI2_2D/plot_20.py.21504703.err> for stderr output of this job.

