venv: /zhome/87/8/147075/venv-name/bin/activate
[1713555078.078890] [n-62-29-17:22917:0]          ib_md.c:1063 UCX  WARN  IB: ibv_fork_init() was disabled or failed, yet a fork() has been issued.
[1713555078.078920] [n-62-29-17:22917:0]          ib_md.c:1064 UCX  WARN  IB: data corruption might occur when using registered memory.
[1713555078.078888] [n-62-29-17:22918:0]          ib_md.c:1063 UCX  WARN  IB: ibv_fork_init() was disabled or failed, yet a fork() has been issued.
[1713555078.078921] [n-62-29-17:22918:0]          ib_md.c:1064 UCX  WARN  IB: data corruption might occur when using registered memory.
[1713555078.078936] [n-62-29-17:22919:0]          ib_md.c:1063 UCX  WARN  IB: ibv_fork_init() was disabled or failed, yet a fork() has been issued.
[1713555078.078966] [n-62-29-17:22919:0]          ib_md.c:1064 UCX  WARN  IB: data corruption might occur when using registered memory.
[1713555078.079006] [n-62-29-17:22915:0]          ib_md.c:1063 UCX  WARN  IB: ibv_fork_init() was disabled or failed, yet a fork() has been issued.
[1713555078.079033] [n-62-29-17:22915:0]          ib_md.c:1064 UCX  WARN  IB: data corruption might occur when using registered memory.
[1713555078.082484] [n-62-29-17:22909:0]          ib_md.c:1063 UCX  WARN  IB: ibv_fork_init() was disabled or failed, yet a fork() has been issued.
[1713555078.082603] [n-62-29-17:22909:0]          ib_md.c:1064 UCX  WARN  IB: data corruption might occur when using registered memory.
[1713555078.082765] [n-62-29-17:22911:0]          ib_md.c:1063 UCX  WARN  IB: ibv_fork_init() was disabled or failed, yet a fork() has been issued.
[1713555078.082843] [n-62-29-17:22911:0]          ib_md.c:1064 UCX  WARN  IB: data corruption might occur when using registered memory.
[1713555078.083797] [n-62-29-17:22910:0]          ib_md.c:1063 UCX  WARN  IB: ibv_fork_init() was disabled or failed, yet a fork() has been issued.
[1713555078.083883] [n-62-29-17:22910:0]          ib_md.c:1064 UCX  WARN  IB: data corruption might occur when using registered memory.
[1713555078.084300] [n-62-29-17:22912:0]          ib_md.c:1063 UCX  WARN  IB: ibv_fork_init() was disabled or failed, yet a fork() has been issued.
[1713555078.084379] [n-62-29-17:22912:0]          ib_md.c:1064 UCX  WARN  IB: data corruption might occur when using registered memory.
[1713555078.084457] [n-62-29-17:22914:0]          ib_md.c:1063 UCX  WARN  IB: ibv_fork_init() was disabled or failed, yet a fork() has been issued.
[1713555078.084539] [n-62-29-17:22914:0]          ib_md.c:1064 UCX  WARN  IB: data corruption might occur when using registered memory.
[1713555078.084613] [n-62-29-17:22907:0]          ib_md.c:1063 UCX  WARN  IB: ibv_fork_init() was disabled or failed, yet a fork() has been issued.
[1713555078.084696] [n-62-29-17:22907:0]          ib_md.c:1064 UCX  WARN  IB: data corruption might occur when using registered memory.
[1713555078.084812] [n-62-29-17:22908:0]          ib_md.c:1063 UCX  WARN  IB: ibv_fork_init() was disabled or failed, yet a fork() has been issued.
[1713555078.084841] [n-62-29-17:22908:0]          ib_md.c:1064 UCX  WARN  IB: data corruption might occur when using registered memory.
[1713555078.085018] [n-62-29-17:22913:0]          ib_md.c:1063 UCX  WARN  IB: ibv_fork_init() was disabled or failed, yet a fork() has been issued.
[1713555078.085058] [n-62-29-17:22913:0]          ib_md.c:1064 UCX  WARN  IB: data corruption might occur when using registered memory.
Calculating ground state
Calculating ground state
16 q-points in the path
=====================================
Calculating q=[0.16666666666666666, 0.16666666666666666, 0]
16 q-points in the path
Calculating ground state
16 q-points in the path
=====================================
=====================================
Calculating q=[0.16666666666666666, 0.16666666666666666, 0]
Calculating q=[0.16666666666666666, 0.16666666666666666, 0]
Calculating ground state
16 q-points in the path
=====================================
Calculating ground state
Calculating q=[0.16666666666666666, 0.16666666666666666, 0]
16 q-points in the path
=====================================
Calculating q=[0.16666666666666666, 0.16666666666666666, 0]
Calculating ground state
16 q-points in the path
=====================================
Calculating q=[0.16666666666666666, 0.16666666666666666, 0]
Calculating ground state
16 q-points in the path
=====================================
Calculating q=[0.16666666666666666, 0.16666666666666666, 0]
Calculating ground state
16 q-points in the path
=====================================
Calculating q=[0.16666666666666666, 0.16666666666666666, 0]
Calculating ground state
16 q-points in the path
=====================================
Calculating q=[0.16666666666666666, 0.16666666666666666, 0]
Calculating ground state
16 q-points in the path
=====================================
Calculating q=[0.16666666666666666, 0.16666666666666666, 0]
Calculating ground state
16 q-points in the path
=====================================
Calculating ground state
16 q-points in the path
=====================================
Calculating q=[0.16666666666666666, 0.16666666666666666, 0]
Calculating q=[0.16666666666666666, 0.16666666666666666, 0]
Energy: -11.928765633988487 eV
Magnetic moment: 9.797373527015646e-15 Bohr magnetons
Calculating q=[0.18333333333333332, 0.16666666666666666, 0]
Energy: -11.928765633988487 eV
Magnetic moment: 9.797373527015646e-15 Bohr magnetons
Calculating q=[0.18333333333333332, 0.16666666666666666, 0]
Energy: -11.928765633988487 eV
Magnetic moment: 9.797373527015646e-15 Bohr magnetons
Calculating q=[0.18333333333333332, 0.16666666666666666, 0]
Energy: -11.928765633988487 eV
Magnetic moment: 9.797373527015646e-15 Bohr magnetons
Calculating q=[0.18333333333333332, 0.16666666666666666, 0]
Energy: -11.928765633988487 eV
Magnetic moment: 9.797373527015646e-15 Bohr magnetons
Calculating q=[0.18333333333333332, 0.16666666666666666, 0]
Energy: -11.928765633988487 eV
Magnetic moment: 9.797373527015646e-15 Bohr magnetons
Calculating q=[0.18333333333333332, 0.16666666666666666, 0]
Energy: -11.928765633988487 eV
Magnetic moment: 9.797373527015646e-15 Bohr magnetons
Calculating q=[0.18333333333333332, 0.16666666666666666, 0]
Energy: -11.928765633988487 eV
Magnetic moment: 9.797373527015646e-15 Bohr magnetons
Calculating q=[0.18333333333333332, 0.16666666666666666, 0]
Energy: -11.928765633988487 eV
Magnetic moment: 9.797373527015646e-15 Bohr magnetons
Calculating q=[0.18333333333333332, 0.16666666666666666, 0]
Energy: -11.928765633988487 eV
Magnetic moment: 9.797373527015646e-15 Bohr magnetons
Calculating q=[0.18333333333333332, 0.16666666666666666, 0]
Energy: -11.928765633988487 eV
Magnetic moment: 9.797373527015646e-15 Bohr magnetons
Calculating q=[0.18333333333333332, 0.16666666666666666, 0]
Energy: -11.928765633988487 eV
Magnetic moment: 9.797373527015646e-15 Bohr magnetons
Calculating q=[0.18333333333333332, 0.16666666666666666, 0]
Energy: -11.926909112880612 eV
Magnetic moment: -7.603855162544929e-17 Bohr magnetons
Calculating q=[0.2, 0.16666666666666666, 0]
Energy: -11.926909112880612 eV
Magnetic moment: -7.603855162544929e-17 Bohr magnetons
Calculating q=[0.2, 0.16666666666666666, 0]
Energy: -11.926909112880612 eV
Magnetic moment: -7.603855162544929e-17 Bohr magnetons
Calculating q=[0.2, 0.16666666666666666, 0]
Energy: -11.926909112880612 eV
Magnetic moment: -7.603855162544929e-17 Bohr magnetons
Calculating q=[0.2, 0.16666666666666666, 0]
Energy: -11.926909112880612 eV
Magnetic moment: -7.603855162544929e-17 Bohr magnetons
Calculating q=[0.2, 0.16666666666666666, 0]
Energy: -11.926909112880612 eV
Magnetic moment: -7.603855162544929e-17 Bohr magnetons
Calculating q=[0.2, 0.16666666666666666, 0]
Energy: -11.926909112880612 eV
Magnetic moment: -7.603855162544929e-17 Bohr magnetons
Calculating q=[0.2, 0.16666666666666666, 0]
Energy: -11.926909112880612 eV
Magnetic moment: -7.603855162544929e-17 Bohr magnetons
Calculating q=[0.2, 0.16666666666666666, 0]
Energy: -11.926909112880612 eV
Magnetic moment: -7.603855162544929e-17 Bohr magnetons
Calculating q=[0.2, 0.16666666666666666, 0]
Energy: -11.926909112880612 eV
Magnetic moment: -7.603855162544929e-17 Bohr magnetons
Calculating q=[0.2, 0.16666666666666666, 0]
Energy: -11.926909112880612 eV
Magnetic moment: -7.603855162544929e-17 Bohr magnetons
Calculating q=[0.2, 0.16666666666666666, 0]
Energy: -11.926909112880612 eV
Magnetic moment: -7.603855162544929e-17 Bohr magnetons
Calculating q=[0.2, 0.16666666666666666, 0]
Energy: -11.924762001367691 eV
Magnetic moment: 1.33428306614464e-14 Bohr magnetons
Calculating q=[0.21666666666666667, 0.16666666666666666, 0]
Energy: -11.924762001367691 eV
Magnetic moment: 1.33428306614464e-14 Bohr magnetons
Calculating q=[0.21666666666666667, 0.16666666666666666, 0]
Energy: -11.924762001367691 eV
Magnetic moment: 1.33428306614464e-14 Bohr magnetons
Calculating q=[0.21666666666666667, 0.16666666666666666, 0]
Energy: -11.924762001367691 eV
Magnetic moment: 1.33428306614464e-14 Bohr magnetons
Calculating q=[0.21666666666666667, 0.16666666666666666, 0]
Energy: -11.924762001367691 eV
Magnetic moment: 1.33428306614464e-14 Bohr magnetons
Calculating q=[0.21666666666666667, 0.16666666666666666, 0]
Energy: -11.924762001367691 eV
Magnetic moment: 1.33428306614464e-14 Bohr magnetons
Calculating q=[0.21666666666666667, 0.16666666666666666, 0]
Energy: -11.924762001367691 eV
Magnetic moment: 1.33428306614464e-14 Bohr magnetons
Calculating q=[0.21666666666666667, 0.16666666666666666, 0]
Energy: -11.924762001367691 eV
Magnetic moment: 1.33428306614464e-14 Bohr magnetons
Calculating q=[0.21666666666666667, 0.16666666666666666, 0]
Energy: -11.924762001367691 eV
Magnetic moment: 1.33428306614464e-14 Bohr magnetons
Calculating q=[0.21666666666666667, 0.16666666666666666, 0]
Energy: -11.924762001367691 eV
Magnetic moment: 1.33428306614464e-14 Bohr magnetons
Calculating q=[0.21666666666666667, 0.16666666666666666, 0]
Energy: -11.924762001367691 eV
Magnetic moment: 1.33428306614464e-14 Bohr magnetons
Calculating q=[0.21666666666666667, 0.16666666666666666, 0]
Energy: -11.924762001367691 eV
Magnetic moment: 1.33428306614464e-14 Bohr magnetons
Calculating q=[0.21666666666666667, 0.16666666666666666, 0]
Energy: -11.922407928303226 eV
Magnetic moment: 1.0913666858159348e-14 Bohr magnetons
Calculating q=[0.23333333333333334, 0.16666666666666666, 0]
Energy: -11.922407928303226 eV
Magnetic moment: 1.0913666858159348e-14 Bohr magnetons
Calculating q=[0.23333333333333334, 0.16666666666666666, 0]
Energy: -11.922407928303226 eV
Magnetic moment: 1.0913666858159348e-14 Bohr magnetons
Calculating q=[0.23333333333333334, 0.16666666666666666, 0]
Energy: -11.922407928303226 eV
Magnetic moment: 1.0913666858159348e-14 Bohr magnetons
Calculating q=[0.23333333333333334, 0.16666666666666666, 0]
Energy: -11.922407928303226 eV
Magnetic moment: 1.0913666858159348e-14 Bohr magnetons
Calculating q=[0.23333333333333334, 0.16666666666666666, 0]
Energy: -11.922407928303226 eV
Magnetic moment: 1.0913666858159348e-14 Bohr magnetons
Calculating q=[0.23333333333333334, 0.16666666666666666, 0]
Energy: -11.922407928303226 eV
Magnetic moment: 1.0913666858159348e-14 Bohr magnetons
Calculating q=[0.23333333333333334, 0.16666666666666666, 0]
Energy: -11.922407928303226 eV
Magnetic moment: 1.0913666858159348e-14 Bohr magnetons
Calculating q=[0.23333333333333334, 0.16666666666666666, 0]
Energy: -11.922407928303226 eV
Magnetic moment: 1.0913666858159348e-14 Bohr magnetons
Calculating q=[0.23333333333333334, 0.16666666666666666, 0]
Energy: -11.922407928303226 eV
Magnetic moment: 1.0913666858159348e-14 Bohr magnetons
Calculating q=[0.23333333333333334, 0.16666666666666666, 0]
Energy: -11.922407928303226 eV
Magnetic moment: 1.0913666858159348e-14 Bohr magnetons
Calculating q=[0.23333333333333334, 0.16666666666666666, 0]
Energy: -11.922407928303226 eV
Magnetic moment: 1.0913666858159348e-14 Bohr magnetons
Calculating q=[0.23333333333333334, 0.16666666666666666, 0]
Energy: -11.919889847595755 eV
Magnetic moment: -1.8242682946916322e-14 Bohr magnetons
Calculating q=[0.25, 0.16666666666666666, 0]
Energy: -11.919889847595755 eV
Magnetic moment: -1.8242682946916322e-14 Bohr magnetons
Calculating q=[0.25, 0.16666666666666666, 0]
Energy: -11.919889847595755 eV
Magnetic moment: -1.8242682946916322e-14 Bohr magnetons
Calculating q=[0.25, 0.16666666666666666, 0]
Energy: -11.919889847595755 eV
Magnetic moment: -1.8242682946916322e-14 Bohr magnetons
Calculating q=[0.25, 0.16666666666666666, 0]
Energy: -11.919889847595755 eV
Magnetic moment: -1.8242682946916322e-14 Bohr magnetons
Calculating q=[0.25, 0.16666666666666666, 0]
Energy: -11.919889847595755 eV
Magnetic moment: -1.8242682946916322e-14 Bohr magnetons
Calculating q=[0.25, 0.16666666666666666, 0]
Energy: -11.919889847595755 eV
Magnetic moment: -1.8242682946916322e-14 Bohr magnetons
Calculating q=[0.25, 0.16666666666666666, 0]
Energy: -11.919889847595755 eV
Magnetic moment: -1.8242682946916322e-14 Bohr magnetons
Calculating q=[0.25, 0.16666666666666666, 0]
Energy: -11.919889847595755 eV
Magnetic moment: -1.8242682946916322e-14 Bohr magnetons
Calculating q=[0.25, 0.16666666666666666, 0]
Energy: -11.919889847595755 eV
Magnetic moment: -1.8242682946916322e-14 Bohr magnetons
Calculating q=[0.25, 0.16666666666666666, 0]
Energy: -11.919889847595755 eV
Magnetic moment: -1.8242682946916322e-14 Bohr magnetons
Calculating q=[0.25, 0.16666666666666666, 0]
Energy: -11.919889847595755 eV
Magnetic moment: -1.8242682946916322e-14 Bohr magnetons
Calculating q=[0.25, 0.16666666666666666, 0]
Energy: -11.917309963901284 eV
Magnetic moment: 9.304175262429551e-15 Bohr magnetons
Calculating q=[0.26666666666666666, 0.16666666666666666, 0]
Energy: -11.917309963901284 eV
Magnetic moment: 9.304175262429551e-15 Bohr magnetons
Calculating q=[0.26666666666666666, 0.16666666666666666, 0]
Energy: -11.917309963901284 eV
Magnetic moment: 9.304175262429551e-15 Bohr magnetons
Calculating q=[0.26666666666666666, 0.16666666666666666, 0]
Energy: -11.917309963901284 eV
Magnetic moment: 9.304175262429551e-15 Bohr magnetons
Calculating q=[0.26666666666666666, 0.16666666666666666, 0]
Energy: -11.917309963901284 eV
Magnetic moment: 9.304175262429551e-15 Bohr magnetons
Calculating q=[0.26666666666666666, 0.16666666666666666, 0]
Energy: -11.917309963901284 eV
Magnetic moment: 9.304175262429551e-15 Bohr magnetons
Calculating q=[0.26666666666666666, 0.16666666666666666, 0]
Energy: -11.917309963901284 eV
Magnetic moment: 9.304175262429551e-15 Bohr magnetons
Calculating q=[0.26666666666666666, 0.16666666666666666, 0]
Energy: -11.917309963901284 eV
Magnetic moment: 9.304175262429551e-15 Bohr magnetons
Calculating q=[0.26666666666666666, 0.16666666666666666, 0]
Energy: -11.917309963901284 eV
Magnetic moment: 9.304175262429551e-15 Bohr magnetons
Calculating q=[0.26666666666666666, 0.16666666666666666, 0]
Energy: -11.917309963901284 eV
Magnetic moment: 9.304175262429551e-15 Bohr magnetons
Calculating q=[0.26666666666666666, 0.16666666666666666, 0]
Energy: -11.917309963901284 eV
Magnetic moment: 9.304175262429551e-15 Bohr magnetons
Energy: -11.917309963901284 eV
Magnetic moment: 9.304175262429551e-15 Bohr magnetons
Calculating q=[0.26666666666666666, 0.16666666666666666, 0]
Calculating q=[0.26666666666666666, 0.16666666666666666, 0]
Energy: -11.914639453341602 eV
Magnetic moment: 1.8487272064863682e-14 Bohr magnetons
Calculating q=[0.2833333333333333, 0.16666666666666666, 0]
Energy: -11.914639453341602 eV
Magnetic moment: 1.8487272064863682e-14 Bohr magnetons
Calculating q=[0.2833333333333333, 0.16666666666666666, 0]
Energy: -11.914639453341602 eV
Magnetic moment: 1.8487272064863682e-14 Bohr magnetons
Calculating q=[0.2833333333333333, 0.16666666666666666, 0]
Energy: -11.914639453341602 eV
Magnetic moment: 1.8487272064863682e-14 Bohr magnetons
Calculating q=[0.2833333333333333, 0.16666666666666666, 0]
Energy: -11.914639453341602 eV
Magnetic moment: 1.8487272064863682e-14 Bohr magnetons
Calculating q=[0.2833333333333333, 0.16666666666666666, 0]
Energy: -11.914639453341602 eV
Magnetic moment: 1.8487272064863682e-14 Bohr magnetons
Calculating q=[0.2833333333333333, 0.16666666666666666, 0]
Energy: -11.914639453341602 eV
Magnetic moment: 1.8487272064863682e-14 Bohr magnetons
Calculating q=[0.2833333333333333, 0.16666666666666666, 0]
Energy: -11.914639453341602 eV
Magnetic moment: 1.8487272064863682e-14 Bohr magnetons
Calculating q=[0.2833333333333333, 0.16666666666666666, 0]
Energy: -11.914639453341602 eV
Magnetic moment: 1.8487272064863682e-14 Bohr magnetons
Calculating q=[0.2833333333333333, 0.16666666666666666, 0]
Energy: -11.914639453341602 eV
Magnetic moment: 1.8487272064863682e-14 Bohr magnetons
Calculating q=[0.2833333333333333, 0.16666666666666666, 0]
Energy: -11.914639453341602 eV
Magnetic moment: 1.8487272064863682e-14 Bohr magnetons
Calculating q=[0.2833333333333333, 0.16666666666666666, 0]
Energy: -11.914639453341602 eV
Magnetic moment: 1.8487272064863682e-14 Bohr magnetons
Calculating q=[0.2833333333333333, 0.16666666666666666, 0]
Energy: -11.91197404474692 eV
Magnetic moment: -1.0893031948050958e-14 Bohr magnetons
Calculating q=[0.3, 0.16666666666666666, 0]
Energy: -11.91197404474692 eV
Magnetic moment: -1.0893031948050958e-14 Bohr magnetons
Calculating q=[0.3, 0.16666666666666666, 0]
Energy: -11.91197404474692 eV
Magnetic moment: -1.0893031948050958e-14 Bohr magnetons
Calculating q=[0.3, 0.16666666666666666, 0]
Energy: -11.91197404474692 eV
Magnetic moment: -1.0893031948050958e-14 Bohr magnetons
Calculating q=[0.3, 0.16666666666666666, 0]
Energy: -11.91197404474692 eV
Magnetic moment: -1.0893031948050958e-14 Bohr magnetons
Calculating q=[0.3, 0.16666666666666666, 0]
Energy: -11.91197404474692 eV
Magnetic moment: -1.0893031948050958e-14 Bohr magnetons
Calculating q=[0.3, 0.16666666666666666, 0]
Energy: -11.91197404474692 eV
Magnetic moment: -1.0893031948050958e-14 Bohr magnetons
Calculating q=[0.3, 0.16666666666666666, 0]
Energy: -11.91197404474692 eV
Magnetic moment: -1.0893031948050958e-14 Bohr magnetons
Calculating q=[0.3, 0.16666666666666666, 0]
Energy: -11.91197404474692 eV
Magnetic moment: -1.0893031948050958e-14 Bohr magnetons
Calculating q=[0.3, 0.16666666666666666, 0]
Energy: -11.91197404474692 eV
Magnetic moment: -1.0893031948050958e-14 Bohr magnetons
Calculating q=[0.3, 0.16666666666666666, 0]
Energy: -11.91197404474692 eV
Magnetic moment: -1.0893031948050958e-14 Bohr magnetons
Calculating q=[0.3, 0.16666666666666666, 0]
Energy: -11.91197404474692 eV
Magnetic moment: -1.0893031948050958e-14 Bohr magnetons
Calculating q=[0.3, 0.16666666666666666, 0]
Energy: -11.909336435657874 eV
Magnetic moment: -5.1868169096785186e-15 Bohr magnetons
Calculating q=[0.31666666666666665, 0.16666666666666666, 0]
Energy: -11.909336435657874 eV
Magnetic moment: -5.1868169096785186e-15 Bohr magnetons
Calculating q=[0.31666666666666665, 0.16666666666666666, 0]
Energy: -11.909336435657874 eV
Magnetic moment: -5.1868169096785186e-15 Bohr magnetons
Calculating q=[0.31666666666666665, 0.16666666666666666, 0]
Energy: -11.909336435657874 eV
Magnetic moment: -5.1868169096785186e-15 Bohr magnetons
Calculating q=[0.31666666666666665, 0.16666666666666666, 0]
Energy: -11.909336435657874 eV
Magnetic moment: -5.1868169096785186e-15 Bohr magnetons
Calculating q=[0.31666666666666665, 0.16666666666666666, 0]
Energy: -11.909336435657874 eV
Magnetic moment: -5.1868169096785186e-15 Bohr magnetons
Calculating q=[0.31666666666666665, 0.16666666666666666, 0]
Energy: -11.909336435657874 eV
Magnetic moment: -5.1868169096785186e-15 Bohr magnetons
Calculating q=[0.31666666666666665, 0.16666666666666666, 0]
Energy: -11.909336435657874 eV
Magnetic moment: -5.1868169096785186e-15 Bohr magnetons
Calculating q=[0.31666666666666665, 0.16666666666666666, 0]
Energy: -11.909336435657874 eV
Magnetic moment: -5.1868169096785186e-15 Bohr magnetons
Calculating q=[0.31666666666666665, 0.16666666666666666, 0]
Energy: -11.909336435657874 eV
Magnetic moment: -5.1868169096785186e-15 Bohr magnetons
Calculating q=[0.31666666666666665, 0.16666666666666666, 0]
Energy: -11.909336435657874 eV
Magnetic moment: -5.1868169096785186e-15 Bohr magnetons
Calculating q=[0.31666666666666665, 0.16666666666666666, 0]
Energy: -11.909336435657874 eV
Magnetic moment: -5.1868169096785186e-15 Bohr magnetons
Calculating q=[0.31666666666666665, 0.16666666666666666, 0]
Energy: -11.907006687009465 eV
Magnetic moment: 2.9363038628784865e-15 Bohr magnetons
Calculating q=[0.3333333333333333, 0.16666666666666666, 0]
Energy: -11.907006687009465 eV
Magnetic moment: 2.9363038628784865e-15 Bohr magnetons
Calculating q=[0.3333333333333333, 0.16666666666666666, 0]
Energy: -11.907006687009465 eV
Magnetic moment: 2.9363038628784865e-15 Bohr magnetons
Calculating q=[0.3333333333333333, 0.16666666666666666, 0]
Energy: -11.907006687009465 eV
Magnetic moment: 2.9363038628784865e-15 Bohr magnetons
Calculating q=[0.3333333333333333, 0.16666666666666666, 0]
Energy: -11.907006687009465 eV
Magnetic moment: 2.9363038628784865e-15 Bohr magnetons
Calculating q=[0.3333333333333333, 0.16666666666666666, 0]
Energy: -11.907006687009465 eV
Magnetic moment: 2.9363038628784865e-15 Bohr magnetons
Calculating q=[0.3333333333333333, 0.16666666666666666, 0]
Energy: -11.907006687009465 eV
Magnetic moment: 2.9363038628784865e-15 Bohr magnetons
Calculating q=[0.3333333333333333, 0.16666666666666666, 0]
Energy: -11.907006687009465 eV
Magnetic moment: 2.9363038628784865e-15 Bohr magnetons
Calculating q=[0.3333333333333333, 0.16666666666666666, 0]
Energy: -11.907006687009465 eV
Magnetic moment: 2.9363038628784865e-15 Bohr magnetons
Calculating q=[0.3333333333333333, 0.16666666666666666, 0]
Energy: -11.907006687009465 eV
Magnetic moment: 2.9363038628784865e-15 Bohr magnetons
Calculating q=[0.3333333333333333, 0.16666666666666666, 0]
Energy: -11.907006687009465 eV
Magnetic moment: 2.9363038628784865e-15 Bohr magnetons
Calculating q=[0.3333333333333333, 0.16666666666666666, 0]
Energy: -11.907006687009465 eV
Magnetic moment: 2.9363038628784865e-15 Bohr magnetons
Calculating q=[0.3333333333333333, 0.16666666666666666, 0]
Energy: -11.904827729686176 eV
Magnetic moment: -1.7259522662254663e-14 Bohr magnetons
Calculating q=[0.35, 0.16666666666666666, 0]
Energy: -11.904827729686176 eV
Magnetic moment: -1.7259522662254663e-14 Bohr magnetons
Calculating q=[0.35, 0.16666666666666666, 0]
Energy: -11.904827729686176 eV
Magnetic moment: -1.7259522662254663e-14 Bohr magnetons
Calculating q=[0.35, 0.16666666666666666, 0]
Energy: -11.904827729686176 eV
Magnetic moment: -1.7259522662254663e-14 Bohr magnetons
Calculating q=[0.35, 0.16666666666666666, 0]
Energy: -11.904827729686176 eV
Magnetic moment: -1.7259522662254663e-14 Bohr magnetons
Calculating q=[0.35, 0.16666666666666666, 0]
Energy: -11.904827729686176 eV
Magnetic moment: -1.7259522662254663e-14 Bohr magnetons
Calculating q=[0.35, 0.16666666666666666, 0]
Energy: -11.904827729686176 eV
Magnetic moment: -1.7259522662254663e-14 Bohr magnetons
Calculating q=[0.35, 0.16666666666666666, 0]
Energy: -11.904827729686176 eV
Magnetic moment: -1.7259522662254663e-14 Bohr magnetons
Calculating q=[0.35, 0.16666666666666666, 0]
Energy: -11.904827729686176 eV
Magnetic moment: -1.7259522662254663e-14 Bohr magnetons
Calculating q=[0.35, 0.16666666666666666, 0]
Energy: -11.904827729686176 eV
Magnetic moment: -1.7259522662254663e-14 Bohr magnetons
Calculating q=[0.35, 0.16666666666666666, 0]
Energy: -11.904827729686176 eV
Magnetic moment: -1.7259522662254663e-14 Bohr magnetons
Calculating q=[0.35, 0.16666666666666666, 0]
Energy: -11.904827729686176 eV
Magnetic moment: -1.7259522662254663e-14 Bohr magnetons
Calculating q=[0.35, 0.16666666666666666, 0]
Energy: -11.90293080249003 eV
Magnetic moment: -6.66004184320597e-14 Bohr magnetons
Calculating q=[0.36666666666666664, 0.16666666666666666, 0]
Energy: -11.90293080249003 eV
Magnetic moment: -6.66004184320597e-14 Bohr magnetons
Calculating q=[0.36666666666666664, 0.16666666666666666, 0]
Energy: -11.90293080249003 eV
Magnetic moment: -6.66004184320597e-14 Bohr magnetons
Calculating q=[0.36666666666666664, 0.16666666666666666, 0]
Energy: -11.90293080249003 eV
Magnetic moment: -6.66004184320597e-14 Bohr magnetons
Calculating q=[0.36666666666666664, 0.16666666666666666, 0]
Energy: -11.90293080249003 eV
Magnetic moment: -6.66004184320597e-14 Bohr magnetons
Calculating q=[0.36666666666666664, 0.16666666666666666, 0]
Energy: -11.90293080249003 eV
Magnetic moment: -6.66004184320597e-14 Bohr magnetons
Calculating q=[0.36666666666666664, 0.16666666666666666, 0]
Energy: -11.90293080249003 eV
Magnetic moment: -6.66004184320597e-14 Bohr magnetons
Calculating q=[0.36666666666666664, 0.16666666666666666, 0]
Energy: -11.90293080249003 eV
Magnetic moment: -6.66004184320597e-14 Bohr magnetons
Calculating q=[0.36666666666666664, 0.16666666666666666, 0]
Energy: -11.90293080249003 eV
Magnetic moment: -6.66004184320597e-14 Bohr magnetons
Calculating q=[0.36666666666666664, 0.16666666666666666, 0]
Energy: -11.90293080249003 eV
Magnetic moment: -6.66004184320597e-14 Bohr magnetons
Calculating q=[0.36666666666666664, 0.16666666666666666, 0]
Energy: -11.90293080249003 eV
Magnetic moment: -6.66004184320597e-14 Bohr magnetons
Calculating q=[0.36666666666666664, 0.16666666666666666, 0]
Energy: -11.90293080249003 eV
Magnetic moment: -6.66004184320597e-14 Bohr magnetons
Calculating q=[0.36666666666666664, 0.16666666666666666, 0]
Energy: -11.901388532595817 eV
Magnetic moment: 4.111811855126213e-14 Bohr magnetons
Calculating q=[0.3833333333333333, 0.16666666666666666, 0]
Energy: -11.901388532595817 eV
Magnetic moment: 4.111811855126213e-14 Bohr magnetons
Calculating q=[0.3833333333333333, 0.16666666666666666, 0]
Energy: -11.901388532595817 eV
Magnetic moment: 4.111811855126213e-14 Bohr magnetons
Calculating q=[0.3833333333333333, 0.16666666666666666, 0]
Energy: -11.901388532595817 eV
Magnetic moment: 4.111811855126213e-14 Bohr magnetons
Calculating q=[0.3833333333333333, 0.16666666666666666, 0]
Energy: -11.901388532595817 eV
Magnetic moment: 4.111811855126213e-14 Bohr magnetons
Calculating q=[0.3833333333333333, 0.16666666666666666, 0]
Energy: -11.901388532595817 eV
Magnetic moment: 4.111811855126213e-14 Bohr magnetons
Calculating q=[0.3833333333333333, 0.16666666666666666, 0]
Energy: -11.901388532595817 eV
Magnetic moment: 4.111811855126213e-14 Bohr magnetons
Calculating q=[0.3833333333333333, 0.16666666666666666, 0]
Energy: -11.901388532595817 eV
Magnetic moment: 4.111811855126213e-14 Bohr magnetons
Calculating q=[0.3833333333333333, 0.16666666666666666, 0]
Energy: -11.901388532595817 eV
Magnetic moment: 4.111811855126213e-14 Bohr magnetons
Calculating q=[0.3833333333333333, 0.16666666666666666, 0]
Energy: -11.901388532595817 eV
Magnetic moment: 4.111811855126213e-14 Bohr magnetons
Calculating q=[0.3833333333333333, 0.16666666666666666, 0]
Energy: -11.901388532595817 eV
Magnetic moment: 4.111811855126213e-14 Bohr magnetons
Calculating q=[0.3833333333333333, 0.16666666666666666, 0]
Energy: -11.901388532595817 eV
Magnetic moment: 4.111811855126213e-14 Bohr magnetons
Calculating q=[0.3833333333333333, 0.16666666666666666, 0]
Energy: -11.900246049388484 eV
Magnetic moment: -7.026290151345903e-14 Bohr magnetons
Calculating q=[0.4, 0.16666666666666666, 0]
Energy: -11.900246049388484 eV
Magnetic moment: -7.026290151345903e-14 Bohr magnetons
Calculating q=[0.4, 0.16666666666666666, 0]
Energy: -11.900246049388484 eV
Magnetic moment: -7.026290151345903e-14 Bohr magnetons
Calculating q=[0.4, 0.16666666666666666, 0]
Energy: -11.900246049388484 eV
Magnetic moment: -7.026290151345903e-14 Bohr magnetons
Calculating q=[0.4, 0.16666666666666666, 0]
Energy: -11.900246049388484 eV
Magnetic moment: -7.026290151345903e-14 Bohr magnetons
Calculating q=[0.4, 0.16666666666666666, 0]
Energy: -11.900246049388484 eV
Magnetic moment: -7.026290151345903e-14 Bohr magnetons
Calculating q=[0.4, 0.16666666666666666, 0]
Energy: -11.900246049388484 eV
Magnetic moment: -7.026290151345903e-14 Bohr magnetons
Calculating q=[0.4, 0.16666666666666666, 0]
Energy: -11.900246049388484 eV
Magnetic moment: -7.026290151345903e-14 Bohr magnetons
Calculating q=[0.4, 0.16666666666666666, 0]
Energy: -11.900246049388484 eV
Magnetic moment: -7.026290151345903e-14 Bohr magnetons
Calculating q=[0.4, 0.16666666666666666, 0]
Energy: -11.900246049388484 eV
Magnetic moment: -7.026290151345903e-14 Bohr magnetons
Calculating q=[0.4, 0.16666666666666666, 0]
Energy: -11.900246049388484 eV
Energy: -11.900246049388484 eV
Magnetic moment: -7.026290151345903e-14 Bohr magnetons
Calculating q=[0.4, 0.16666666666666666, 0]
Magnetic moment: -7.026290151345903e-14 Bohr magnetons
Calculating q=[0.4, 0.16666666666666666, 0]
Energy: -11.899542275436161 eV
Magnetic moment: 2.033500586690705e-14 Bohr magnetons
Calculating q=[0.41666666666666663, 0.16666666666666666, 0]
Energy: -11.899542275436161 eV
Magnetic moment: 2.033500586690705e-14 Bohr magnetons
Calculating q=[0.41666666666666663, 0.16666666666666666, 0]
Energy: -11.899542275436161 eV
Magnetic moment: 2.033500586690705e-14 Bohr magnetons
Calculating q=[0.41666666666666663, 0.16666666666666666, 0]
Energy: -11.899542275436161 eV
Magnetic moment: 2.033500586690705e-14 Bohr magnetons
Calculating q=[0.41666666666666663, 0.16666666666666666, 0]
Energy: -11.899542275436161 eV
Magnetic moment: 2.033500586690705e-14 Bohr magnetons
Calculating q=[0.41666666666666663, 0.16666666666666666, 0]
Energy: -11.899542275436161 eV
Magnetic moment: 2.033500586690705e-14 Bohr magnetons
Calculating q=[0.41666666666666663, 0.16666666666666666, 0]
Energy: -11.899542275436161 eV
Magnetic moment: 2.033500586690705e-14 Bohr magnetons
Calculating q=[0.41666666666666663, 0.16666666666666666, 0]
Energy: -11.899542275436161 eV
Magnetic moment: 2.033500586690705e-14 Bohr magnetons
Calculating q=[0.41666666666666663, 0.16666666666666666, 0]
Energy: -11.899542275436161 eV
Magnetic moment: 2.033500586690705e-14 Bohr magnetons
Calculating q=[0.41666666666666663, 0.16666666666666666, 0]
Energy: -11.899542275436161 eV
Magnetic moment: 2.033500586690705e-14 Bohr magnetons
Calculating q=[0.41666666666666663, 0.16666666666666666, 0]
Energy: -11.899542275436161 eV
Magnetic moment: 2.033500586690705e-14 Bohr magnetons
Calculating q=[0.41666666666666663, 0.16666666666666666, 0]
Energy: -11.899542275436161 eV
Magnetic moment: 2.033500586690705e-14 Bohr magnetons
Calculating q=[0.41666666666666663, 0.16666666666666666, 0]
Energy: -11.899246023212115 eV
Magnetic moment: 4.131118995149939e-15 Bohr magnetons
Energy: -11.899246023212115 eV
Magnetic moment: 4.131118995149939e-15 Bohr magnetons
Energy: -11.899246023212115 eV
Magnetic moment: 4.131118995149939e-15 Bohr magnetons
Energy: -11.899246023212115 eV
Magnetic moment: 4.131118995149939e-15 Bohr magnetons
Energy: -11.899246023212115 eV
Magnetic moment: 4.131118995149939e-15 Bohr magnetons
Energy: -11.899246023212115 eV
Magnetic moment: 4.131118995149939e-15 Bohr magnetons
Energy: -11.899246023212115 eV
Magnetic moment: 4.131118995149939e-15 Bohr magnetons
Energy: -11.899246023212115 eV
Magnetic moment: 4.131118995149939e-15 Bohr magnetons
Energy: -11.899246023212115 eV
Magnetic moment: 4.131118995149939e-15 Bohr magnetons
Energy: -11.899246023212115 eV
Magnetic moment: 4.131118995149939e-15 Bohr magnetons
Energy: -11.899246023212115 eV
Magnetic moment: 4.131118995149939e-15 Bohr magnetons
Energy: -11.899246023212115 eV
Magnetic moment: 4.131118995149939e-15 Bohr magnetons

------------------------------------------------------------
Sender: LSF System <lsfadmin@hpc.dtu.dk>
Subject: Job 21504684: <plot_10.py> in cluster <dcc> Done

Job <plot_10.py> was submitted from host <n-62-30-5> by user <s194113> in cluster <dcc> at Fri Apr 19 17:59:31 2024
Job was executed on host(s) <12*n-62-29-17>, in queue <hpc>, as user <s194113> in cluster <dcc> at Fri Apr 19 21:31:14 2024
</zhome/87/8/147075> was used as the home directory.
</zhome/87/8/147075/10302/10302_NM/NiI2_2D> was used as the working directory.
Started at Fri Apr 19 21:31:14 2024
Terminated at Fri Apr 19 23:41:44 2024
Results reported at Fri Apr 19 23:41:44 2024

Your job looked like:

------------------------------------------------------------
# LSBATCH: User input
#!/bin/bash -l
id=$LSB_JOBID
mq=/zhome/87/8/147075/.myqueue/lsf-$id
source /zhome/87/8/147075/venv-name/bin/activate
echo "venv: /zhome/87/8/147075/venv-name/bin/activate"
(touch $mq-0 && \
 cd '/zhome/87/8/147075/10302/10302_NM/NiI2_2D' && \
 mpiexec python3 plot_10.py && \
 touch $mq-1) || \
(touch $mq-2; exit 1)

------------------------------------------------------------

Successfully completed.

Resource usage summary:

    CPU time :                                   93904.98 sec.
    Max Memory :                                 7553 MB
    Average Memory :                             5664.09 MB
    Total Requested Memory :                     73728.00 MB
    Delta Memory :                               66175.00 MB
    Max Swap :                                   -
    Max Processes :                              17
    Max Threads :                                57
    Run time :                                   7829 sec.
    Turnaround time :                            20533 sec.

The output (if any) is above this job summary.



PS:

Read file </zhome/87/8/147075/10302/10302_NM/NiI2_2D/plot_10.py.21504684.err> for stderr output of this job.

