venv: /zhome/87/8/147075/venv-name/bin/activate
[1713563171.926803] [n-62-29-8:21997:0]          ib_md.c:1063 UCX  WARN  IB: ibv_fork_init() was disabled or failed, yet a fork() has been issued.
[1713563171.926941] [n-62-29-8:21997:0]          ib_md.c:1064 UCX  WARN  IB: data corruption might occur when using registered memory.
[1713563171.927616] [n-62-29-8:21998:0]          ib_md.c:1063 UCX  WARN  IB: ibv_fork_init() was disabled or failed, yet a fork() has been issued.
[1713563171.927697] [n-62-29-8:21998:0]          ib_md.c:1064 UCX  WARN  IB: data corruption might occur when using registered memory.
[1713563171.927822] [n-62-29-8:22001:0]          ib_md.c:1063 UCX  WARN  IB: ibv_fork_init() was disabled or failed, yet a fork() has been issued.
[1713563171.927899] [n-62-29-8:22001:0]          ib_md.c:1064 UCX  WARN  IB: data corruption might occur when using registered memory.
[1713563171.927962] [n-62-29-8:22003:0]          ib_md.c:1063 UCX  WARN  IB: ibv_fork_init() was disabled or failed, yet a fork() has been issued.
[1713563171.927995] [n-62-29-8:22003:0]          ib_md.c:1064 UCX  WARN  IB: data corruption might occur when using registered memory.
[1713563171.928040] [n-62-29-8:21994:0]          ib_md.c:1063 UCX  WARN  IB: ibv_fork_init() was disabled or failed, yet a fork() has been issued.
[1713563171.928106] [n-62-29-8:21994:0]          ib_md.c:1064 UCX  WARN  IB: data corruption might occur when using registered memory.
[1713563171.928075] [n-62-29-8:22005:0]          ib_md.c:1063 UCX  WARN  IB: ibv_fork_init() was disabled or failed, yet a fork() has been issued.
[1713563171.928092] [n-62-29-8:21995:0]          ib_md.c:1063 UCX  WARN  IB: ibv_fork_init() was disabled or failed, yet a fork() has been issued.
[1713563171.928133] [n-62-29-8:21995:0]          ib_md.c:1064 UCX  WARN  IB: data corruption might occur when using registered memory.
[1713563171.928115] [n-62-29-8:21996:0]          ib_md.c:1063 UCX  WARN  IB: ibv_fork_init() was disabled or failed, yet a fork() has been issued.
[1713563171.928082] [n-62-29-8:22000:0]          ib_md.c:1063 UCX  WARN  IB: ibv_fork_init() was disabled or failed, yet a fork() has been issued.
[1713563171.928117] [n-62-29-8:22000:0]          ib_md.c:1064 UCX  WARN  IB: data corruption might occur when using registered memory.
[1713563171.928153] [n-62-29-8:22005:0]          ib_md.c:1064 UCX  WARN  IB: data corruption might occur when using registered memory.
[1713563171.928134] [n-62-29-8:21993:0]          ib_md.c:1063 UCX  WARN  IB: ibv_fork_init() was disabled or failed, yet a fork() has been issued.
[1713563171.928170] [n-62-29-8:21993:0]          ib_md.c:1064 UCX  WARN  IB: data corruption might occur when using registered memory.
[1713563171.928265] [n-62-29-8:21996:0]          ib_md.c:1064 UCX  WARN  IB: data corruption might occur when using registered memory.
[1713563171.928393] [n-62-29-8:21999:0]          ib_md.c:1063 UCX  WARN  IB: ibv_fork_init() was disabled or failed, yet a fork() has been issued.
[1713563171.928485] [n-62-29-8:21999:0]          ib_md.c:1064 UCX  WARN  IB: data corruption might occur when using registered memory.
[1713563171.929524] [n-62-29-8:22004:0]          ib_md.c:1063 UCX  WARN  IB: ibv_fork_init() was disabled or failed, yet a fork() has been issued.
[1713563171.929561] [n-62-29-8:22004:0]          ib_md.c:1064 UCX  WARN  IB: data corruption might occur when using registered memory.
Calculating ground state
2 q-points in the path
=====================================
Calculating q=[0.31666666666666665, 0.31666666666666665, 0]
Calculating ground state
2 q-points in the path
=====================================
Calculating q=[0.31666666666666665, 0.31666666666666665, 0]
Calculating ground state
2 q-points in the path
=====================================
Calculating ground state
2 q-points in the path
=====================================
Calculating q=[0.31666666666666665, 0.31666666666666665, 0]
Calculating q=[0.31666666666666665, 0.31666666666666665, 0]
Calculating ground state
Calculating ground state
2 q-points in the path
=====================================
Calculating q=[0.31666666666666665, 0.31666666666666665, 0]
2 q-points in the path
=====================================
Calculating q=[0.31666666666666665, 0.31666666666666665, 0]
Calculating ground state
2 q-points in the path
=====================================
Calculating ground state
2 q-points in the path
=====================================
Calculating ground state
Calculating q=[0.31666666666666665, 0.31666666666666665, 0]
Calculating q=[0.31666666666666665, 0.31666666666666665, 0]
Calculating ground state
2 q-points in the path
=====================================
2 q-points in the path
Calculating q=[0.31666666666666665, 0.31666666666666665, 0]
Calculating ground state
2 q-points in the path
=====================================
Calculating ground state
=====================================
Calculating q=[0.31666666666666665, 0.31666666666666665, 0]
2 q-points in the path
=====================================
Calculating q=[0.31666666666666665, 0.31666666666666665, 0]
Calculating q=[0.31666666666666665, 0.31666666666666665, 0]
Energy: -11.909015136040317 eV
Magnetic moment: 2.3342305055023446e-15 Bohr magnetons
Calculating q=[0.3333333333333333, 0.31666666666666665, 0]
Energy: -11.909015136040317 eV
Magnetic moment: 2.3342305055023446e-15 Bohr magnetons
Calculating q=[0.3333333333333333, 0.31666666666666665, 0]
Energy: -11.909015136040317 eV
Magnetic moment: 2.3342305055023446e-15 Bohr magnetons
Calculating q=[0.3333333333333333, 0.31666666666666665, 0]
Energy: -11.909015136040317 eV
Magnetic moment: 2.3342305055023446e-15 Bohr magnetons
Calculating q=[0.3333333333333333, 0.31666666666666665, 0]
Energy: -11.909015136040317 eV
Magnetic moment: 2.3342305055023446e-15 Bohr magnetons
Calculating q=[0.3333333333333333, 0.31666666666666665, 0]
Energy: -11.909015136040317 eV
Magnetic moment: 2.3342305055023446e-15 Bohr magnetons
Calculating q=[0.3333333333333333, 0.31666666666666665, 0]
Energy: -11.909015136040317 eV
Magnetic moment: 2.3342305055023446e-15 Bohr magnetons
Calculating q=[0.3333333333333333, 0.31666666666666665, 0]
Energy: -11.909015136040317 eV
Magnetic moment: 2.3342305055023446e-15 Bohr magnetons
Calculating q=[0.3333333333333333, 0.31666666666666665, 0]
Energy: -11.909015136040317 eV
Magnetic moment: 2.3342305055023446e-15 Bohr magnetons
Calculating q=[0.3333333333333333, 0.31666666666666665, 0]
Energy: -11.909015136040317 eV
Magnetic moment: 2.3342305055023446e-15 Bohr magnetons
Calculating q=[0.3333333333333333, 0.31666666666666665, 0]
Energy: -11.909015136040317 eV
Energy: -11.909015136040317 eV
Magnetic moment: 2.3342305055023446e-15 Bohr magnetons
Calculating q=[0.3333333333333333, 0.31666666666666665, 0]
Magnetic moment: 2.3342305055023446e-15 Bohr magnetons
Calculating q=[0.3333333333333333, 0.31666666666666665, 0]
Energy: -11.909067996660541 eV
Magnetic moment: -3.023494841514517e-14 Bohr magnetons
Energy: -11.909067996660541 eV
Magnetic moment: -3.023494841514517e-14 Bohr magnetons
Energy: -11.909067996660541 eV
Magnetic moment: -3.023494841514517e-14 Bohr magnetons
Energy: -11.909067996660541 eV
Magnetic moment: -3.023494841514517e-14 Bohr magnetons
Energy: -11.909067996660541 eV
Magnetic moment: -3.023494841514517e-14 Bohr magnetons
Energy: -11.909067996660541 eV
Magnetic moment: -3.023494841514517e-14 Bohr magnetons
Energy: -11.909067996660541 eV
Magnetic moment: -3.023494841514517e-14 Bohr magnetons
Energy: -11.909067996660541 eV
Magnetic moment: -3.023494841514517e-14 Bohr magnetons
Energy: -11.909067996660541 eV
Magnetic moment: -3.023494841514517e-14 Bohr magnetons
Energy: -11.909067996660541 eV
Magnetic moment: -3.023494841514517e-14 Bohr magnetons
Energy: -11.909067996660541 eV
Energy: -11.909067996660541 eV
Magnetic moment: -3.023494841514517e-14 Bohr magnetons
Magnetic moment: -3.023494841514517e-14 Bohr magnetons

------------------------------------------------------------
Sender: LSF System <lsfadmin@hpc.dtu.dk>
Subject: Job 21504701: <plot_19.py> in cluster <dcc> Done

Job <plot_19.py> was submitted from host <n-62-30-5> by user <s194113> in cluster <dcc> at Fri Apr 19 18:00:09 2024
Job was executed on host(s) <12*n-62-29-8>, in queue <hpc>, as user <s194113> in cluster <dcc> at Fri Apr 19 23:46:07 2024
</zhome/87/8/147075> was used as the home directory.
</zhome/87/8/147075/10302/10302_NM/NiI2_2D> was used as the working directory.
Started at Fri Apr 19 23:46:07 2024
Terminated at Sat Apr 20 00:06:23 2024
Results reported at Sat Apr 20 00:06:23 2024

Your job looked like:

------------------------------------------------------------
# LSBATCH: User input
#!/bin/bash -l
id=$LSB_JOBID
mq=/zhome/87/8/147075/.myqueue/lsf-$id
source /zhome/87/8/147075/venv-name/bin/activate
echo "venv: /zhome/87/8/147075/venv-name/bin/activate"
(touch $mq-0 && \
 cd '/zhome/87/8/147075/10302/10302_NM/NiI2_2D' && \
 mpiexec python3 plot_19.py && \
 touch $mq-1) || \
(touch $mq-2; exit 1)

------------------------------------------------------------

Successfully completed.

Resource usage summary:

    CPU time :                                   14538.64 sec.
    Max Memory :                                 4245 MB
    Average Memory :                             3568.09 MB
    Total Requested Memory :                     73728.00 MB
    Delta Memory :                               69483.00 MB
    Max Swap :                                   -
    Max Processes :                              17
    Max Threads :                                57
    Run time :                                   1216 sec.
    Turnaround time :                            21974 sec.

The output (if any) is above this job summary.



PS:

Read file </zhome/87/8/147075/10302/10302_NM/NiI2_2D/plot_19.py.21504701.err> for stderr output of this job.

