venv: /zhome/87/8/147075/venv-name/bin/activate
[1713550379.890915] [n-62-28-34:26229:0]          ib_md.c:1063 UCX  WARN  IB: ibv_fork_init() was disabled or failed, yet a fork() has been issued.
[1713550379.890945] [n-62-28-34:26229:0]          ib_md.c:1064 UCX  WARN  IB: data corruption might occur when using registered memory.
[1713550379.890892] [n-62-28-34:26231:0]          ib_md.c:1063 UCX  WARN  IB: ibv_fork_init() was disabled or failed, yet a fork() has been issued.
[1713550379.890924] [n-62-28-34:26231:0]          ib_md.c:1064 UCX  WARN  IB: data corruption might occur when using registered memory.
[1713550379.890905] [n-62-28-34:26232:0]          ib_md.c:1063 UCX  WARN  IB: ibv_fork_init() was disabled or failed, yet a fork() has been issued.
[1713550379.890884] [n-62-28-34:26233:0]          ib_md.c:1063 UCX  WARN  IB: ibv_fork_init() was disabled or failed, yet a fork() has been issued.
[1713550379.890936] [n-62-28-34:26233:0]          ib_md.c:1064 UCX  WARN  IB: data corruption might occur when using registered memory.
[1713550379.890917] [n-62-28-34:26234:0]          ib_md.c:1063 UCX  WARN  IB: ibv_fork_init() was disabled or failed, yet a fork() has been issued.
[1713550379.890971] [n-62-28-34:26234:0]          ib_md.c:1064 UCX  WARN  IB: data corruption might occur when using registered memory.
[1713550379.890935] [n-62-28-34:26241:0]          ib_md.c:1063 UCX  WARN  IB: ibv_fork_init() was disabled or failed, yet a fork() has been issued.
[1713550379.890968] [n-62-28-34:26241:0]          ib_md.c:1064 UCX  WARN  IB: data corruption might occur when using registered memory.
[1713550379.890923] [n-62-28-34:26243:0]          ib_md.c:1063 UCX  WARN  IB: ibv_fork_init() was disabled or failed, yet a fork() has been issued.
[1713550379.890955] [n-62-28-34:26243:0]          ib_md.c:1064 UCX  WARN  IB: data corruption might occur when using registered memory.
[1713550379.890917] [n-62-28-34:26244:0]          ib_md.c:1063 UCX  WARN  IB: ibv_fork_init() was disabled or failed, yet a fork() has been issued.
[1713550379.890954] [n-62-28-34:26244:0]          ib_md.c:1064 UCX  WARN  IB: data corruption might occur when using registered memory.
[1713550379.890961] [n-62-28-34:26236:0]          ib_md.c:1063 UCX  WARN  IB: ibv_fork_init() was disabled or failed, yet a fork() has been issued.
[1713550379.891036] [n-62-28-34:26236:0]          ib_md.c:1064 UCX  WARN  IB: data corruption might occur when using registered memory.
[1713550379.890981] [n-62-28-34:26238:0]          ib_md.c:1063 UCX  WARN  IB: ibv_fork_init() was disabled or failed, yet a fork() has been issued.
[1713550379.891012] [n-62-28-34:26238:0]          ib_md.c:1064 UCX  WARN  IB: data corruption might occur when using registered memory.
[1713550379.891021] [n-62-28-34:26239:0]          ib_md.c:1063 UCX  WARN  IB: ibv_fork_init() was disabled or failed, yet a fork() has been issued.
[1713550379.891054] [n-62-28-34:26239:0]          ib_md.c:1064 UCX  WARN  IB: data corruption might occur when using registered memory.
[1713550379.891142] [n-62-28-34:26232:0]          ib_md.c:1064 UCX  WARN  IB: data corruption might occur when using registered memory.
[1713550379.891081] [n-62-28-34:26240:0]          ib_md.c:1063 UCX  WARN  IB: ibv_fork_init() was disabled or failed, yet a fork() has been issued.
[1713550379.891117] [n-62-28-34:26240:0]          ib_md.c:1064 UCX  WARN  IB: data corruption might occur when using registered memory.
Calculating ground state
23 q-points in the path
=====================================
Calculating ground state
23 q-points in the path
=====================================
Calculating ground state
23 q-points in the path
=====================================
Calculating q=[0.08333333333333333, 0.08333333333333333, 0]
Calculating ground state
Calculating ground state
23 q-points in the path
=====================================
Calculating q=[0.08333333333333333, 0.08333333333333333, 0]
Calculating ground state
23 q-points in the path
=====================================
Calculating ground state
23 q-points in the path
Calculating ground state
23 q-points in the path
=====================================
Calculating q=[0.08333333333333333, 0.08333333333333333, 0]
Calculating ground state
23 q-points in the path
=====================================
Calculating q=[0.08333333333333333, 0.08333333333333333, 0]
Calculating q=[0.08333333333333333, 0.08333333333333333, 0]
=====================================
Calculating q=[0.08333333333333333, 0.08333333333333333, 0]
Calculating q=[0.08333333333333333, 0.08333333333333333, 0]
Calculating ground state
23 q-points in the path
=====================================
Calculating q=[0.08333333333333333, 0.08333333333333333, 0]
Calculating ground state
23 q-points in the path
=====================================
Calculating ground state
23 q-points in the path
=====================================
Calculating q=[0.08333333333333333, 0.08333333333333333, 0]
Calculating q=[0.08333333333333333, 0.08333333333333333, 0]
Calculating q=[0.08333333333333333, 0.08333333333333333, 0]
23 q-points in the path
=====================================
Calculating q=[0.08333333333333333, 0.08333333333333333, 0]
Energy: -11.933802728325675 eV
Magnetic moment: 1.615445747511193e-13 Bohr magnetons
Calculating q=[0.1, 0.08333333333333333, 0]
Energy: -11.933802728325675 eV
Magnetic moment: 1.615445747511193e-13 Bohr magnetons
Calculating q=[0.1, 0.08333333333333333, 0]
Energy: -11.933802728325675 eV
Magnetic moment: 1.615445747511193e-13 Bohr magnetons
Calculating q=[0.1, 0.08333333333333333, 0]
Energy: -11.933802728325675 eV
Magnetic moment: 1.615445747511193e-13 Bohr magnetons
Calculating q=[0.1, 0.08333333333333333, 0]
Energy: -11.933802728325675 eV
Magnetic moment: 1.615445747511193e-13 Bohr magnetons
Calculating q=[0.1, 0.08333333333333333, 0]
Energy: -11.933802728325675 eV
Magnetic moment: 1.615445747511193e-13 Bohr magnetons
Calculating q=[0.1, 0.08333333333333333, 0]
Energy: -11.933802728325675 eV
Magnetic moment: 1.615445747511193e-13 Bohr magnetons
Calculating q=[0.1, 0.08333333333333333, 0]
Energy: -11.933802728325675 eV
Magnetic moment: 1.615445747511193e-13 Bohr magnetons
Calculating q=[0.1, 0.08333333333333333, 0]
Energy: -11.933802728325675 eV
Magnetic moment: 1.615445747511193e-13 Bohr magnetons
Calculating q=[0.1, 0.08333333333333333, 0]
Energy: -11.933802728325675 eV
Magnetic moment: 1.615445747511193e-13 Bohr magnetons
Calculating q=[0.1, 0.08333333333333333, 0]
Energy: -11.933802728325675 eV
Magnetic moment: 1.615445747511193e-13 Bohr magnetons
Calculating q=[0.1, 0.08333333333333333, 0]
Energy: -11.933802728325675 eV
Magnetic moment: 1.615445747511193e-13 Bohr magnetons
Calculating q=[0.1, 0.08333333333333333, 0]
Energy: -11.934658543555758 eV
Magnetic moment: 2.903116546494391e-14 Bohr magnetons
Energy: -11.934658543555758 eV
Magnetic moment: 2.903116546494391e-14 Bohr magnetons
Calculating q=[0.11666666666666667, 0.08333333333333333, 0]
Energy: -11.934658543555758 eV
Magnetic moment: 2.903116546494391e-14 Bohr magnetons
Calculating q=[0.11666666666666667, 0.08333333333333333, 0]
Energy: -11.934658543555758 eV
Magnetic moment: 2.903116546494391e-14 Bohr magnetons
Calculating q=[0.11666666666666667, 0.08333333333333333, 0]
Energy: -11.934658543555758 eV
Magnetic moment: 2.903116546494391e-14 Bohr magnetons
Calculating q=[0.11666666666666667, 0.08333333333333333, 0]
Energy: -11.934658543555758 eV
Magnetic moment: 2.903116546494391e-14 Bohr magnetons
Calculating q=[0.11666666666666667, 0.08333333333333333, 0]
Energy: -11.934658543555758 eV
Magnetic moment: 2.903116546494391e-14 Bohr magnetons
Energy: -11.934658543555758 eV
Magnetic moment: 2.903116546494391e-14 Bohr magnetons
Calculating q=[0.11666666666666667, 0.08333333333333333, 0]
Energy: -11.934658543555758 eV
Energy: -11.934658543555758 eV
Magnetic moment: 2.903116546494391e-14 Bohr magnetons
Calculating q=[0.11666666666666667, 0.08333333333333333, 0]
Energy: -11.934658543555758 eV
Magnetic moment: 2.903116546494391e-14 Bohr magnetons
Calculating q=[0.11666666666666667, 0.08333333333333333, 0]
Energy: -11.934658543555758 eV
Calculating q=[0.11666666666666667, 0.08333333333333333, 0]
Calculating q=[0.11666666666666667, 0.08333333333333333, 0]
Magnetic moment: 2.903116546494391e-14 Bohr magnetons
Calculating q=[0.11666666666666667, 0.08333333333333333, 0]
Magnetic moment: 2.903116546494391e-14 Bohr magnetons
Calculating q=[0.11666666666666667, 0.08333333333333333, 0]
Energy: -11.934891613084323 eV
Magnetic moment: -1.3133402120407724e-14 Bohr magnetons
Calculating q=[0.13333333333333333, 0.08333333333333333, 0]
Energy: -11.934891613084323 eV
Magnetic moment: -1.3133402120407724e-14 Bohr magnetons
Energy: -11.934891613084323 eV
Magnetic moment: -1.3133402120407724e-14 Bohr magnetons
Calculating q=[0.13333333333333333, 0.08333333333333333, 0]
Energy: -11.934891613084323 eV
Magnetic moment: -1.3133402120407724e-14 Bohr magnetons
Calculating q=[0.13333333333333333, 0.08333333333333333, 0]
Energy: -11.934891613084323 eV
Magnetic moment: -1.3133402120407724e-14 Bohr magnetons
Calculating q=[0.13333333333333333, 0.08333333333333333, 0]
Energy: -11.934891613084323 eV
Magnetic moment: -1.3133402120407724e-14 Bohr magnetons
Calculating q=[0.13333333333333333, 0.08333333333333333, 0]
Energy: -11.934891613084323 eV
Magnetic moment: -1.3133402120407724e-14 Bohr magnetons
Calculating q=[0.13333333333333333, 0.08333333333333333, 0]
Energy: -11.934891613084323 eV
Magnetic moment: -1.3133402120407724e-14 Bohr magnetons
Calculating q=[0.13333333333333333, 0.08333333333333333, 0]
Energy: -11.934891613084323 eV
Magnetic moment: -1.3133402120407724e-14 Bohr magnetons
Calculating q=[0.13333333333333333, 0.08333333333333333, 0]
Energy: -11.934891613084323 eV
Magnetic moment: -1.3133402120407724e-14 Bohr magnetons
Calculating q=[0.13333333333333333, 0.08333333333333333, 0]
Energy: -11.934891613084323 eV
Calculating q=[0.13333333333333333, 0.08333333333333333, 0]
Energy: -11.934891613084323 eV
Magnetic moment: -1.3133402120407724e-14 Bohr magnetons
Calculating q=[0.13333333333333333, 0.08333333333333333, 0]
Magnetic moment: -1.3133402120407724e-14 Bohr magnetons
Calculating q=[0.13333333333333333, 0.08333333333333333, 0]
Energy: -11.93526677486384 eV
Magnetic moment: -8.577758833769028e-15 Bohr magnetons
Calculating q=[0.15, 0.08333333333333333, 0]
Energy: -11.93526677486384 eV
Magnetic moment: -8.577758833769028e-15 Bohr magnetons
Calculating q=[0.15, 0.08333333333333333, 0]
Energy: -11.93526677486384 eV
Magnetic moment: -8.577758833769028e-15 Bohr magnetons
Calculating q=[0.15, 0.08333333333333333, 0]
Energy: -11.93526677486384 eV
Magnetic moment: -8.577758833769028e-15 Bohr magnetons
Calculating q=[0.15, 0.08333333333333333, 0]
Energy: -11.93526677486384 eV
Magnetic moment: -8.577758833769028e-15 Bohr magnetons
Calculating q=[0.15, 0.08333333333333333, 0]
Energy: -11.93526677486384 eV
Magnetic moment: -8.577758833769028e-15 Bohr magnetons
Calculating q=[0.15, 0.08333333333333333, 0]
Energy: -11.93526677486384 eV
Magnetic moment: -8.577758833769028e-15 Bohr magnetons
Calculating q=[0.15, 0.08333333333333333, 0]
Energy: -11.93526677486384 eV
Magnetic moment: -8.577758833769028e-15 Bohr magnetons
Calculating q=[0.15, 0.08333333333333333, 0]
Energy: -11.93526677486384 eV
Magnetic moment: -8.577758833769028e-15 Bohr magnetons
Calculating q=[0.15, 0.08333333333333333, 0]
Energy: -11.93526677486384 eV
Magnetic moment: -8.577758833769028e-15 Bohr magnetons
Calculating q=[0.15, 0.08333333333333333, 0]
Energy: -11.93526677486384 eV
Magnetic moment: -8.577758833769028e-15 Bohr magnetons
Calculating q=[0.15, 0.08333333333333333, 0]
Energy: -11.93526677486384 eV
Magnetic moment: -8.577758833769028e-15 Bohr magnetons
Calculating q=[0.15, 0.08333333333333333, 0]
Energy: -11.934909125355777 eV
Magnetic moment: 1.0693021600299e-14 Bohr magnetons
Calculating q=[0.16666666666666666, 0.08333333333333333, 0]
Energy: -11.934909125355777 eV
Magnetic moment: 1.0693021600299e-14 Bohr magnetons
Calculating q=[0.16666666666666666, 0.08333333333333333, 0]
Energy: -11.934909125355777 eV
Magnetic moment: 1.0693021600299e-14 Bohr magnetons
Calculating q=[0.16666666666666666, 0.08333333333333333, 0]
Energy: -11.934909125355777 eV
Energy: -11.934909125355777 eV
Magnetic moment: 1.0693021600299e-14 Bohr magnetons
Calculating q=[0.16666666666666666, 0.08333333333333333, 0]
Energy: -11.934909125355777 eV
Magnetic moment: 1.0693021600299e-14 Bohr magnetons
Calculating q=[0.16666666666666666, 0.08333333333333333, 0]
Energy: -11.934909125355777 eV
Magnetic moment: 1.0693021600299e-14 Bohr magnetons
Calculating q=[0.16666666666666666, 0.08333333333333333, 0]
Energy: -11.934909125355777 eV
Magnetic moment: 1.0693021600299e-14 Bohr magnetons
Calculating q=[0.16666666666666666, 0.08333333333333333, 0]
Energy: -11.934909125355777 eV
Magnetic moment: 1.0693021600299e-14 Bohr magnetons
Calculating q=[0.16666666666666666, 0.08333333333333333, 0]
Energy: -11.934909125355777 eV
Magnetic moment: 1.0693021600299e-14 Bohr magnetons
Calculating q=[0.16666666666666666, 0.08333333333333333, 0]
Energy: -11.934909125355777 eV
Magnetic moment: 1.0693021600299e-14 Bohr magnetons
Calculating q=[0.16666666666666666, 0.08333333333333333, 0]
Energy: -11.934909125355777 eV
Magnetic moment: 1.0693021600299e-14 Bohr magnetons
Calculating q=[0.16666666666666666, 0.08333333333333333, 0]
Magnetic moment: 1.0693021600299e-14 Bohr magnetons
Calculating q=[0.16666666666666666, 0.08333333333333333, 0]
Energy: -11.93427358100004 eV
Magnetic moment: 8.406918841043652e-15 Bohr magnetons
Energy: -11.93427358100004 eV
Magnetic moment: 8.406918841043652e-15 Bohr magnetons
Calculating q=[0.18333333333333332, 0.08333333333333333, 0]
Energy: -11.93427358100004 eV
Magnetic moment: 8.406918841043652e-15 Bohr magnetons
Calculating q=[0.18333333333333332, 0.08333333333333333, 0]
Energy: -11.93427358100004 eV
Magnetic moment: 8.406918841043652e-15 Bohr magnetons
Calculating q=[0.18333333333333332, 0.08333333333333333, 0]
Energy: -11.93427358100004 eV
Energy: -11.93427358100004 eV
Magnetic moment: 8.406918841043652e-15 Bohr magnetons
Calculating q=[0.18333333333333332, 0.08333333333333333, 0]
Energy: -11.93427358100004 eV
Magnetic moment: 8.406918841043652e-15 Bohr magnetons
Calculating q=[0.18333333333333332, 0.08333333333333333, 0]
Energy: -11.93427358100004 eV
Magnetic moment: 8.406918841043652e-15 Bohr magnetons
Calculating q=[0.18333333333333332, 0.08333333333333333, 0]
Energy: -11.93427358100004 eV
Magnetic moment: 8.406918841043652e-15 Bohr magnetons
Calculating q=[0.18333333333333332, 0.08333333333333333, 0]
Energy: -11.93427358100004 eV
Magnetic moment: 8.406918841043652e-15 Bohr magnetons
Calculating q=[0.18333333333333332, 0.08333333333333333, 0]
Energy: -11.93427358100004 eV
Magnetic moment: 8.406918841043652e-15 Bohr magnetons
Calculating q=[0.18333333333333332, 0.08333333333333333, 0]
Energy: -11.93427358100004 eV
Calculating q=[0.18333333333333332, 0.08333333333333333, 0]
Magnetic moment: 8.406918841043652e-15 Bohr magnetons
Calculating q=[0.18333333333333332, 0.08333333333333333, 0]
Magnetic moment: 8.406918841043652e-15 Bohr magnetons
Calculating q=[0.18333333333333332, 0.08333333333333333, 0]
Energy: -11.933088472144807 eV
Magnetic moment: -1.3482815167086203e-14 Bohr magnetons
Calculating q=[0.2, 0.08333333333333333, 0]
Energy: -11.933088472144807 eV
Energy: -11.933088472144807 eV
Magnetic moment: -1.3482815167086203e-14 Bohr magnetons
Calculating q=[0.2, 0.08333333333333333, 0]
Energy: -11.933088472144807 eV
Magnetic moment: -1.3482815167086203e-14 Bohr magnetons
Calculating q=[0.2, 0.08333333333333333, 0]
Energy: -11.933088472144807 eV
Magnetic moment: -1.3482815167086203e-14 Bohr magnetons
Calculating q=[0.2, 0.08333333333333333, 0]
Energy: -11.933088472144807 eV
Magnetic moment: -1.3482815167086203e-14 Bohr magnetons
Calculating q=[0.2, 0.08333333333333333, 0]
Energy: -11.933088472144807 eV
Magnetic moment: -1.3482815167086203e-14 Bohr magnetons
Calculating q=[0.2, 0.08333333333333333, 0]
Energy: -11.933088472144807 eV
Magnetic moment: -1.3482815167086203e-14 Bohr magnetons
Calculating q=[0.2, 0.08333333333333333, 0]
Energy: -11.933088472144807 eV
Magnetic moment: -1.3482815167086203e-14 Bohr magnetons
Calculating q=[0.2, 0.08333333333333333, 0]
Magnetic moment: -1.3482815167086203e-14 Bohr magnetons
Energy: -11.933088472144807 eV
Energy: -11.933088472144807 eV
Magnetic moment: -1.3482815167086203e-14 Bohr magnetons
Energy: -11.933088472144807 eV
Magnetic moment: -1.3482815167086203e-14 Bohr magnetons
Calculating q=[0.2, 0.08333333333333333, 0]
Calculating q=[0.2, 0.08333333333333333, 0]
Magnetic moment: -1.3482815167086203e-14 Bohr magnetons
Calculating q=[0.2, 0.08333333333333333, 0]
Calculating q=[0.2, 0.08333333333333333, 0]
Energy: -11.931437144334051 eV
Magnetic moment: -6.046776320088173e-15 Bohr magnetons
Calculating q=[0.21666666666666667, 0.08333333333333333, 0]
Energy: -11.931437144334051 eV
Magnetic moment: -6.046776320088173e-15 Bohr magnetons
Calculating q=[0.21666666666666667, 0.08333333333333333, 0]
Energy: -11.931437144334051 eV
Magnetic moment: -6.046776320088173e-15 Bohr magnetons
Calculating q=[0.21666666666666667, 0.08333333333333333, 0]
Energy: -11.931437144334051 eV
Magnetic moment: -6.046776320088173e-15 Bohr magnetons
Calculating q=[0.21666666666666667, 0.08333333333333333, 0]
Energy: -11.931437144334051 eV
Energy: -11.931437144334051 eV
Magnetic moment: -6.046776320088173e-15 Bohr magnetons
Calculating q=[0.21666666666666667, 0.08333333333333333, 0]
Energy: -11.931437144334051 eV
Magnetic moment: -6.046776320088173e-15 Bohr magnetons
Calculating q=[0.21666666666666667, 0.08333333333333333, 0]
Energy: -11.931437144334051 eV
Magnetic moment: -6.046776320088173e-15 Bohr magnetons
Calculating q=[0.21666666666666667, 0.08333333333333333, 0]
Energy: -11.931437144334051 eV
Magnetic moment: -6.046776320088173e-15 Bohr magnetons
Calculating q=[0.21666666666666667, 0.08333333333333333, 0]
Energy: -11.931437144334051 eV
Magnetic moment: -6.046776320088173e-15 Bohr magnetons
Calculating q=[0.21666666666666667, 0.08333333333333333, 0]
Energy: -11.931437144334051 eV
Magnetic moment: -6.046776320088173e-15 Bohr magnetons
Calculating q=[0.21666666666666667, 0.08333333333333333, 0]
Energy: -11.931437144334051 eV
Magnetic moment: -6.046776320088173e-15 Bohr magnetons
Calculating q=[0.21666666666666667, 0.08333333333333333, 0]
Magnetic moment: -6.046776320088173e-15 Bohr magnetons
Calculating q=[0.21666666666666667, 0.08333333333333333, 0]
Energy: -11.929311538192707 eV
Magnetic moment: 3.0652010526431095e-14 Bohr magnetons
Calculating q=[0.23333333333333334, 0.08333333333333333, 0]
Energy: -11.929311538192707 eV
Magnetic moment: 3.0652010526431095e-14 Bohr magnetons
Calculating q=[0.23333333333333334, 0.08333333333333333, 0]
Energy: -11.929311538192707 eV
Magnetic moment: 3.0652010526431095e-14 Bohr magnetons
Calculating q=[0.23333333333333334, 0.08333333333333333, 0]
Energy: -11.929311538192707 eV
Magnetic moment: 3.0652010526431095e-14 Bohr magnetons
Calculating q=[0.23333333333333334, 0.08333333333333333, 0]
Energy: -11.929311538192707 eV
Magnetic moment: 3.0652010526431095e-14 Bohr magnetons
Calculating q=[0.23333333333333334, 0.08333333333333333, 0]
Energy: -11.929311538192707 eV
Magnetic moment: 3.0652010526431095e-14 Bohr magnetons
Calculating q=[0.23333333333333334, 0.08333333333333333, 0]
Energy: -11.929311538192707 eV
Magnetic moment: 3.0652010526431095e-14 Bohr magnetons
Calculating q=[0.23333333333333334, 0.08333333333333333, 0]
Energy: -11.929311538192707 eV
Magnetic moment: 3.0652010526431095e-14 Bohr magnetons
Calculating q=[0.23333333333333334, 0.08333333333333333, 0]
Energy: -11.929311538192707 eV
Magnetic moment: 3.0652010526431095e-14 Bohr magnetons
Calculating q=[0.23333333333333334, 0.08333333333333333, 0]
Energy: -11.929311538192707 eV
Magnetic moment: 3.0652010526431095e-14 Bohr magnetons
Calculating q=[0.23333333333333334, 0.08333333333333333, 0]
Energy: -11.929311538192707 eV
Energy: -11.929311538192707 eV
Magnetic moment: 3.0652010526431095e-14 Bohr magnetons
Calculating q=[0.23333333333333334, 0.08333333333333333, 0]
Magnetic moment: 3.0652010526431095e-14 Bohr magnetons
Calculating q=[0.23333333333333334, 0.08333333333333333, 0]
Energy: -11.926448091001468 eV
Magnetic moment: 4.613293356565442e-15 Bohr magnetons
Calculating q=[0.25, 0.08333333333333333, 0]
Energy: -11.926448091001468 eV
Magnetic moment: 4.613293356565442e-15 Bohr magnetons
Calculating q=[0.25, 0.08333333333333333, 0]
Energy: -11.926448091001468 eV
Magnetic moment: 4.613293356565442e-15 Bohr magnetons
Calculating q=[0.25, 0.08333333333333333, 0]
Energy: -11.926448091001468 eV
Magnetic moment: 4.613293356565442e-15 Bohr magnetons
Calculating q=[0.25, 0.08333333333333333, 0]
Energy: -11.926448091001468 eV
Magnetic moment: 4.613293356565442e-15 Bohr magnetons
Calculating q=[0.25, 0.08333333333333333, 0]
Energy: -11.926448091001468 eV
Magnetic moment: 4.613293356565442e-15 Bohr magnetons
Calculating q=[0.25, 0.08333333333333333, 0]
Energy: -11.926448091001468 eV
Magnetic moment: 4.613293356565442e-15 Bohr magnetons
Calculating q=[0.25, 0.08333333333333333, 0]
Energy: -11.926448091001468 eV
Magnetic moment: 4.613293356565442e-15 Bohr magnetons
Calculating q=[0.25, 0.08333333333333333, 0]
Energy: -11.926448091001468 eV
Magnetic moment: 4.613293356565442e-15 Bohr magnetons
Calculating q=[0.25, 0.08333333333333333, 0]
Energy: -11.926448091001468 eV
Magnetic moment: 4.613293356565442e-15 Bohr magnetons
Calculating q=[0.25, 0.08333333333333333, 0]
Energy: -11.926448091001468 eV
Magnetic moment: 4.613293356565442e-15 Bohr magnetons
Calculating q=[0.25, 0.08333333333333333, 0]
Energy: -11.926448091001468 eV
Magnetic moment: 4.613293356565442e-15 Bohr magnetons
Calculating q=[0.25, 0.08333333333333333, 0]
Energy: -11.923772172291777 eV
Magnetic moment: -1.0824163459101279e-14 Bohr magnetons
Calculating q=[0.26666666666666666, 0.08333333333333333, 0]
Energy: -11.923772172291777 eV
Magnetic moment: -1.0824163459101279e-14 Bohr magnetons
Calculating q=[0.26666666666666666, 0.08333333333333333, 0]
Energy: -11.923772172291777 eV
Magnetic moment: -1.0824163459101279e-14 Bohr magnetons
Calculating q=[0.26666666666666666, 0.08333333333333333, 0]
Energy: -11.923772172291777 eV
Magnetic moment: -1.0824163459101279e-14 Bohr magnetons
Calculating q=[0.26666666666666666, 0.08333333333333333, 0]
Energy: -11.923772172291777 eV
Magnetic moment: -1.0824163459101279e-14 Bohr magnetons
Calculating q=[0.26666666666666666, 0.08333333333333333, 0]
Energy: -11.923772172291777 eV
Magnetic moment: -1.0824163459101279e-14 Bohr magnetons
Calculating q=[0.26666666666666666, 0.08333333333333333, 0]
Energy: -11.923772172291777 eV
Magnetic moment: -1.0824163459101279e-14 Bohr magnetons
Calculating q=[0.26666666666666666, 0.08333333333333333, 0]
Energy: -11.923772172291777 eV
Magnetic moment: -1.0824163459101279e-14 Bohr magnetons
Calculating q=[0.26666666666666666, 0.08333333333333333, 0]
Energy: -11.923772172291777 eV
Magnetic moment: -1.0824163459101279e-14 Bohr magnetons
Calculating q=[0.26666666666666666, 0.08333333333333333, 0]
Energy: -11.923772172291777 eV
Magnetic moment: -1.0824163459101279e-14 Bohr magnetons
Calculating q=[0.26666666666666666, 0.08333333333333333, 0]
Energy: -11.923772172291777 eV
Magnetic moment: -1.0824163459101279e-14 Bohr magnetons
Calculating q=[0.26666666666666666, 0.08333333333333333, 0]
Energy: -11.923772172291777 eV
Magnetic moment: -1.0824163459101279e-14 Bohr magnetons
Calculating q=[0.26666666666666666, 0.08333333333333333, 0]
Energy: -11.920464311852022 eV
Magnetic moment: 4.53748642572323e-15 Bohr magnetons
Calculating q=[0.2833333333333333, 0.08333333333333333, 0]
Energy: -11.920464311852022 eV
Magnetic moment: 4.53748642572323e-15 Bohr magnetons
Calculating q=[0.2833333333333333, 0.08333333333333333, 0]
Energy: -11.920464311852022 eV
Magnetic moment: 4.53748642572323e-15 Bohr magnetons
Calculating q=[0.2833333333333333, 0.08333333333333333, 0]
Energy: -11.920464311852022 eV
Magnetic moment: 4.53748642572323e-15 Bohr magnetons
Calculating q=[0.2833333333333333, 0.08333333333333333, 0]
Energy: -11.920464311852022 eV
Magnetic moment: 4.53748642572323e-15 Bohr magnetons
Calculating q=[0.2833333333333333, 0.08333333333333333, 0]
Energy: -11.920464311852022 eV
Magnetic moment: 4.53748642572323e-15 Bohr magnetons
Calculating q=[0.2833333333333333, 0.08333333333333333, 0]
Energy: -11.920464311852022 eV
Magnetic moment: 4.53748642572323e-15 Bohr magnetons
Calculating q=[0.2833333333333333, 0.08333333333333333, 0]
Energy: -11.920464311852022 eV
Magnetic moment: 4.53748642572323e-15 Bohr magnetons
Calculating q=[0.2833333333333333, 0.08333333333333333, 0]
Energy: -11.920464311852022 eV
Magnetic moment: 4.53748642572323e-15 Bohr magnetons
Calculating q=[0.2833333333333333, 0.08333333333333333, 0]
Energy: -11.920464311852022 eV
Magnetic moment: 4.53748642572323e-15 Bohr magnetons
Calculating q=[0.2833333333333333, 0.08333333333333333, 0]
Energy: -11.920464311852022 eV
Magnetic moment: 4.53748642572323e-15 Bohr magnetons
Calculating q=[0.2833333333333333, 0.08333333333333333, 0]
Energy: -11.920464311852022 eV
Magnetic moment: 4.53748642572323e-15 Bohr magnetons
Calculating q=[0.2833333333333333, 0.08333333333333333, 0]
Energy: -11.916899497323701 eV
Magnetic moment: 1.2049502104143364e-14 Bohr magnetons
Calculating q=[0.3, 0.08333333333333333, 0]
Energy: -11.916899497323701 eV
Magnetic moment: 1.2049502104143364e-14 Bohr magnetons
Calculating q=[0.3, 0.08333333333333333, 0]
Energy: -11.916899497323701 eV
Magnetic moment: 1.2049502104143364e-14 Bohr magnetons
Calculating q=[0.3, 0.08333333333333333, 0]
Energy: -11.916899497323701 eV
Magnetic moment: 1.2049502104143364e-14 Bohr magnetons
Calculating q=[0.3, 0.08333333333333333, 0]
Energy: -11.916899497323701 eV
Magnetic moment: 1.2049502104143364e-14 Bohr magnetons
Calculating q=[0.3, 0.08333333333333333, 0]
Energy: -11.916899497323701 eV
Magnetic moment: 1.2049502104143364e-14 Bohr magnetons
Calculating q=[0.3, 0.08333333333333333, 0]
Energy: -11.916899497323701 eV
Magnetic moment: 1.2049502104143364e-14 Bohr magnetons
Calculating q=[0.3, 0.08333333333333333, 0]
Energy: -11.916899497323701 eV
Magnetic moment: 1.2049502104143364e-14 Bohr magnetons
Calculating q=[0.3, 0.08333333333333333, 0]
Energy: -11.916899497323701 eV
Magnetic moment: 1.2049502104143364e-14 Bohr magnetons
Calculating q=[0.3, 0.08333333333333333, 0]
Energy: -11.916899497323701 eV
Magnetic moment: 1.2049502104143364e-14 Bohr magnetons
Calculating q=[0.3, 0.08333333333333333, 0]
Energy: -11.916899497323701 eV
Magnetic moment: 1.2049502104143364e-14 Bohr magnetons
Calculating q=[0.3, 0.08333333333333333, 0]
Energy: -11.916899497323701 eV
Magnetic moment: 1.2049502104143364e-14 Bohr magnetons
Calculating q=[0.3, 0.08333333333333333, 0]
Energy: -11.913176890134507 eV
Magnetic moment: 3.549431930611078e-14 Bohr magnetons
Calculating q=[0.31666666666666665, 0.08333333333333333, 0]
Energy: -11.913176890134507 eV
Magnetic moment: 3.549431930611078e-14 Bohr magnetons
Calculating q=[0.31666666666666665, 0.08333333333333333, 0]
Energy: -11.913176890134507 eV
Magnetic moment: 3.549431930611078e-14 Bohr magnetons
Calculating q=[0.31666666666666665, 0.08333333333333333, 0]
Energy: -11.913176890134507 eV
Magnetic moment: 3.549431930611078e-14 Bohr magnetons
Calculating q=[0.31666666666666665, 0.08333333333333333, 0]
Energy: -11.913176890134507 eV
Magnetic moment: 3.549431930611078e-14 Bohr magnetons
Calculating q=[0.31666666666666665, 0.08333333333333333, 0]
Energy: -11.913176890134507 eV
Magnetic moment: 3.549431930611078e-14 Bohr magnetons
Calculating q=[0.31666666666666665, 0.08333333333333333, 0]
Energy: -11.913176890134507 eV
Magnetic moment: 3.549431930611078e-14 Bohr magnetons
Calculating q=[0.31666666666666665, 0.08333333333333333, 0]
Energy: -11.913176890134507 eV
Magnetic moment: 3.549431930611078e-14 Bohr magnetons
Calculating q=[0.31666666666666665, 0.08333333333333333, 0]
Energy: -11.913176890134507 eV
Magnetic moment: 3.549431930611078e-14 Bohr magnetons
Calculating q=[0.31666666666666665, 0.08333333333333333, 0]
Energy: -11.913176890134507 eV
Magnetic moment: 3.549431930611078e-14 Bohr magnetons
Calculating q=[0.31666666666666665, 0.08333333333333333, 0]
Energy: -11.913176890134507 eV
Magnetic moment: 3.549431930611078e-14 Bohr magnetons
Calculating q=[0.31666666666666665, 0.08333333333333333, 0]
Energy: -11.913176890134507 eV
Magnetic moment: 3.549431930611078e-14 Bohr magnetons
Calculating q=[0.31666666666666665, 0.08333333333333333, 0]
Energy: -11.909379890659393 eV
Magnetic moment: 1.1646663086501302e-14 Bohr magnetons
Calculating q=[0.3333333333333333, 0.08333333333333333, 0]
Energy: -11.909379890659393 eV
Magnetic moment: 1.1646663086501302e-14 Bohr magnetons
Calculating q=[0.3333333333333333, 0.08333333333333333, 0]
Energy: -11.909379890659393 eV
Magnetic moment: 1.1646663086501302e-14 Bohr magnetons
Calculating q=[0.3333333333333333, 0.08333333333333333, 0]
Energy: -11.909379890659393 eV
Magnetic moment: 1.1646663086501302e-14 Bohr magnetons
Calculating q=[0.3333333333333333, 0.08333333333333333, 0]
Energy: -11.909379890659393 eV
Magnetic moment: 1.1646663086501302e-14 Bohr magnetons
Calculating q=[0.3333333333333333, 0.08333333333333333, 0]
Energy: -11.909379890659393 eV
Magnetic moment: 1.1646663086501302e-14 Bohr magnetons
Calculating q=[0.3333333333333333, 0.08333333333333333, 0]
Energy: -11.909379890659393 eV
Magnetic moment: 1.1646663086501302e-14 Bohr magnetons
Calculating q=[0.3333333333333333, 0.08333333333333333, 0]
Energy: -11.909379890659393 eV
Magnetic moment: 1.1646663086501302e-14 Bohr magnetons
Calculating q=[0.3333333333333333, 0.08333333333333333, 0]
Energy: -11.909379890659393 eV
Magnetic moment: 1.1646663086501302e-14 Bohr magnetons
Calculating q=[0.3333333333333333, 0.08333333333333333, 0]
Energy: -11.909379890659393 eV
Magnetic moment: 1.1646663086501302e-14 Bohr magnetons
Calculating q=[0.3333333333333333, 0.08333333333333333, 0]
Energy: -11.909379890659393 eV
Magnetic moment: 1.1646663086501302e-14 Bohr magnetons
Calculating q=[0.3333333333333333, 0.08333333333333333, 0]
Energy: -11.909379890659393 eV
Magnetic moment: 1.1646663086501302e-14 Bohr magnetons
Calculating q=[0.3333333333333333, 0.08333333333333333, 0]
Energy: -11.905639365656011 eV
Magnetic moment: 1.5190626027591322e-14 Bohr magnetons
Calculating q=[0.35, 0.08333333333333333, 0]
Energy: -11.905639365656011 eV
Magnetic moment: 1.5190626027591322e-14 Bohr magnetons
Calculating q=[0.35, 0.08333333333333333, 0]
Energy: -11.905639365656011 eV
Magnetic moment: 1.5190626027591322e-14 Bohr magnetons
Calculating q=[0.35, 0.08333333333333333, 0]
Energy: -11.905639365656011 eV
Magnetic moment: 1.5190626027591322e-14 Bohr magnetons
Calculating q=[0.35, 0.08333333333333333, 0]
Energy: -11.905639365656011 eV
Magnetic moment: 1.5190626027591322e-14 Bohr magnetons
Calculating q=[0.35, 0.08333333333333333, 0]
Energy: -11.905639365656011 eV
Magnetic moment: 1.5190626027591322e-14 Bohr magnetons
Calculating q=[0.35, 0.08333333333333333, 0]
Energy: -11.905639365656011 eV
Magnetic moment: 1.5190626027591322e-14 Bohr magnetons
Calculating q=[0.35, 0.08333333333333333, 0]
Energy: -11.905639365656011 eV
Magnetic moment: 1.5190626027591322e-14 Bohr magnetons
Calculating q=[0.35, 0.08333333333333333, 0]
Energy: -11.905639365656011 eV
Magnetic moment: 1.5190626027591322e-14 Bohr magnetons
Calculating q=[0.35, 0.08333333333333333, 0]
Energy: -11.905639365656011 eV
Magnetic moment: 1.5190626027591322e-14 Bohr magnetons
Calculating q=[0.35, 0.08333333333333333, 0]
Energy: -11.905639365656011 eV
Magnetic moment: 1.5190626027591322e-14 Bohr magnetons
Calculating q=[0.35, 0.08333333333333333, 0]
Energy: -11.905639365656011 eV
Magnetic moment: 1.5190626027591322e-14 Bohr magnetons
Calculating q=[0.35, 0.08333333333333333, 0]
Energy: -11.902074583174807 eV
Magnetic moment: 1.2595442416234315e-14 Bohr magnetons
Calculating q=[0.36666666666666664, 0.08333333333333333, 0]
Energy: -11.902074583174807 eV
Magnetic moment: 1.2595442416234315e-14 Bohr magnetons
Calculating q=[0.36666666666666664, 0.08333333333333333, 0]
Energy: -11.902074583174807 eV
Magnetic moment: 1.2595442416234315e-14 Bohr magnetons
Calculating q=[0.36666666666666664, 0.08333333333333333, 0]
Energy: -11.902074583174807 eV
Magnetic moment: 1.2595442416234315e-14 Bohr magnetons
Calculating q=[0.36666666666666664, 0.08333333333333333, 0]
Energy: -11.902074583174807 eV
Magnetic moment: 1.2595442416234315e-14 Bohr magnetons
Calculating q=[0.36666666666666664, 0.08333333333333333, 0]
Energy: -11.902074583174807 eV
Magnetic moment: 1.2595442416234315e-14 Bohr magnetons
Calculating q=[0.36666666666666664, 0.08333333333333333, 0]
Energy: -11.902074583174807 eV
Magnetic moment: 1.2595442416234315e-14 Bohr magnetons
Calculating q=[0.36666666666666664, 0.08333333333333333, 0]
Energy: -11.902074583174807 eV
Magnetic moment: 1.2595442416234315e-14 Bohr magnetons
Calculating q=[0.36666666666666664, 0.08333333333333333, 0]
Energy: -11.902074583174807 eV
Magnetic moment: 1.2595442416234315e-14 Bohr magnetons
Calculating q=[0.36666666666666664, 0.08333333333333333, 0]
Energy: -11.902074583174807 eV
Magnetic moment: 1.2595442416234315e-14 Bohr magnetons
Calculating q=[0.36666666666666664, 0.08333333333333333, 0]
Energy: -11.902074583174807 eV
Magnetic moment: 1.2595442416234315e-14 Bohr magnetons
Calculating q=[0.36666666666666664, 0.08333333333333333, 0]
Energy: -11.902074583174807 eV
Magnetic moment: 1.2595442416234315e-14 Bohr magnetons
Calculating q=[0.36666666666666664, 0.08333333333333333, 0]
Energy: -11.89873364826434 eV
Magnetic moment: -4.698924916172842e-14 Bohr magnetons
Calculating q=[0.3833333333333333, 0.08333333333333333, 0]
Energy: -11.89873364826434 eV
Magnetic moment: -4.698924916172842e-14 Bohr magnetons
Calculating q=[0.3833333333333333, 0.08333333333333333, 0]
Energy: -11.89873364826434 eV
Magnetic moment: -4.698924916172842e-14 Bohr magnetons
Calculating q=[0.3833333333333333, 0.08333333333333333, 0]
Energy: -11.89873364826434 eV
Magnetic moment: -4.698924916172842e-14 Bohr magnetons
Calculating q=[0.3833333333333333, 0.08333333333333333, 0]
Energy: -11.89873364826434 eV
Magnetic moment: -4.698924916172842e-14 Bohr magnetons
Calculating q=[0.3833333333333333, 0.08333333333333333, 0]
Energy: -11.89873364826434 eV
Magnetic moment: -4.698924916172842e-14 Bohr magnetons
Calculating q=[0.3833333333333333, 0.08333333333333333, 0]
Energy: -11.89873364826434 eV
Magnetic moment: -4.698924916172842e-14 Bohr magnetons
Calculating q=[0.3833333333333333, 0.08333333333333333, 0]
Energy: -11.89873364826434 eV
Magnetic moment: -4.698924916172842e-14 Bohr magnetons
Calculating q=[0.3833333333333333, 0.08333333333333333, 0]
Energy: -11.89873364826434 eV
Magnetic moment: -4.698924916172842e-14 Bohr magnetons
Calculating q=[0.3833333333333333, 0.08333333333333333, 0]
Energy: -11.89873364826434 eV
Magnetic moment: -4.698924916172842e-14 Bohr magnetons
Calculating q=[0.3833333333333333, 0.08333333333333333, 0]
Energy: -11.89873364826434 eV
Magnetic moment: -4.698924916172842e-14 Bohr magnetons
Calculating q=[0.3833333333333333, 0.08333333333333333, 0]
Energy: -11.89873364826434 eV
Magnetic moment: -4.698924916172842e-14 Bohr magnetons
Calculating q=[0.3833333333333333, 0.08333333333333333, 0]
Energy: -11.895784713149178 eV
Magnetic moment: 1.4894394610205864e-14 Bohr magnetons
Calculating q=[0.4, 0.08333333333333333, 0]
Energy: -11.895784713149178 eV
Magnetic moment: 1.4894394610205864e-14 Bohr magnetons
Calculating q=[0.4, 0.08333333333333333, 0]
Energy: -11.895784713149178 eV
Magnetic moment: 1.4894394610205864e-14 Bohr magnetons
Calculating q=[0.4, 0.08333333333333333, 0]
Energy: -11.895784713149178 eV
Magnetic moment: 1.4894394610205864e-14 Bohr magnetons
Calculating q=[0.4, 0.08333333333333333, 0]
Energy: -11.895784713149178 eV
Magnetic moment: 1.4894394610205864e-14 Bohr magnetons
Calculating q=[0.4, 0.08333333333333333, 0]
Energy: -11.895784713149178 eV
Magnetic moment: 1.4894394610205864e-14 Bohr magnetons
Calculating q=[0.4, 0.08333333333333333, 0]
Energy: -11.895784713149178 eV
Magnetic moment: 1.4894394610205864e-14 Bohr magnetons
Calculating q=[0.4, 0.08333333333333333, 0]
Energy: -11.895784713149178 eV
Magnetic moment: 1.4894394610205864e-14 Bohr magnetons
Calculating q=[0.4, 0.08333333333333333, 0]
Energy: -11.895784713149178 eV
Magnetic moment: 1.4894394610205864e-14 Bohr magnetons
Calculating q=[0.4, 0.08333333333333333, 0]
Energy: -11.895784713149178 eV
Magnetic moment: 1.4894394610205864e-14 Bohr magnetons
Calculating q=[0.4, 0.08333333333333333, 0]
Energy: -11.895784713149178 eV
Magnetic moment: 1.4894394610205864e-14 Bohr magnetons
Calculating q=[0.4, 0.08333333333333333, 0]
Energy: -11.895784713149178 eV
Magnetic moment: 1.4894394610205864e-14 Bohr magnetons
Calculating q=[0.4, 0.08333333333333333, 0]
Energy: -11.893289925115115 eV
Magnetic moment: 1.1760677813170716e-14 Bohr magnetons
Calculating q=[0.41666666666666663, 0.08333333333333333, 0]
Energy: -11.893289925115115 eV
Magnetic moment: 1.1760677813170716e-14 Bohr magnetons
Calculating q=[0.41666666666666663, 0.08333333333333333, 0]
Energy: -11.893289925115115 eV
Magnetic moment: 1.1760677813170716e-14 Bohr magnetons
Calculating q=[0.41666666666666663, 0.08333333333333333, 0]
Energy: -11.893289925115115 eV
Magnetic moment: 1.1760677813170716e-14 Bohr magnetons
Calculating q=[0.41666666666666663, 0.08333333333333333, 0]
Energy: -11.893289925115115 eV
Magnetic moment: 1.1760677813170716e-14 Bohr magnetons
Calculating q=[0.41666666666666663, 0.08333333333333333, 0]
Energy: -11.893289925115115 eV
Magnetic moment: 1.1760677813170716e-14 Bohr magnetons
Calculating q=[0.41666666666666663, 0.08333333333333333, 0]
Energy: -11.893289925115115 eV
Magnetic moment: 1.1760677813170716e-14 Bohr magnetons
Calculating q=[0.41666666666666663, 0.08333333333333333, 0]
Energy: -11.893289925115115 eV
Magnetic moment: 1.1760677813170716e-14 Bohr magnetons
Calculating q=[0.41666666666666663, 0.08333333333333333, 0]
Energy: -11.893289925115115 eV
Magnetic moment: 1.1760677813170716e-14 Bohr magnetons
Calculating q=[0.41666666666666663, 0.08333333333333333, 0]
Energy: -11.893289925115115 eV
Magnetic moment: 1.1760677813170716e-14 Bohr magnetons
Calculating q=[0.41666666666666663, 0.08333333333333333, 0]
Energy: -11.893289925115115 eV
Magnetic moment: 1.1760677813170716e-14 Bohr magnetons
Calculating q=[0.41666666666666663, 0.08333333333333333, 0]
Energy: -11.893289925115115 eV
Magnetic moment: 1.1760677813170716e-14 Bohr magnetons
Calculating q=[0.41666666666666663, 0.08333333333333333, 0]
Energy: -11.891346071416375 eV
Magnetic moment: 8.951413398282974e-14 Bohr magnetons
Calculating q=[0.43333333333333335, 0.08333333333333333, 0]
Energy: -11.891346071416375 eV
Magnetic moment: 8.951413398282974e-14 Bohr magnetons
Calculating q=[0.43333333333333335, 0.08333333333333333, 0]
Energy: -11.891346071416375 eV
Magnetic moment: 8.951413398282974e-14 Bohr magnetons
Calculating q=[0.43333333333333335, 0.08333333333333333, 0]
Energy: -11.891346071416375 eV
Magnetic moment: 8.951413398282974e-14 Bohr magnetons
Calculating q=[0.43333333333333335, 0.08333333333333333, 0]
Energy: -11.891346071416375 eV
Magnetic moment: 8.951413398282974e-14 Bohr magnetons
Calculating q=[0.43333333333333335, 0.08333333333333333, 0]
Energy: -11.891346071416375 eV
Magnetic moment: 8.951413398282974e-14 Bohr magnetons
Calculating q=[0.43333333333333335, 0.08333333333333333, 0]
Energy: -11.891346071416375 eV
Magnetic moment: 8.951413398282974e-14 Bohr magnetons
Calculating q=[0.43333333333333335, 0.08333333333333333, 0]
Energy: -11.891346071416375 eV
Magnetic moment: 8.951413398282974e-14 Bohr magnetons
Calculating q=[0.43333333333333335, 0.08333333333333333, 0]
Energy: -11.891346071416375 eV
Magnetic moment: 8.951413398282974e-14 Bohr magnetons
Calculating q=[0.43333333333333335, 0.08333333333333333, 0]
Energy: -11.891346071416375 eV
Magnetic moment: 8.951413398282974e-14 Bohr magnetons
Calculating q=[0.43333333333333335, 0.08333333333333333, 0]
Energy: -11.891346071416375 eV
Magnetic moment: 8.951413398282974e-14 Bohr magnetons
Calculating q=[0.43333333333333335, 0.08333333333333333, 0]
Energy: -11.891346071416375 eV
Magnetic moment: 8.951413398282974e-14 Bohr magnetons
Calculating q=[0.43333333333333335, 0.08333333333333333, 0]
Energy: -11.890012336656236 eV
Magnetic moment: -2.204470771081545e-14 Bohr magnetons
Calculating q=[0.45, 0.08333333333333333, 0]
Energy: -11.890012336656236 eV
Magnetic moment: -2.204470771081545e-14 Bohr magnetons
Calculating q=[0.45, 0.08333333333333333, 0]
Energy: -11.890012336656236 eV
Magnetic moment: -2.204470771081545e-14 Bohr magnetons
Calculating q=[0.45, 0.08333333333333333, 0]
Energy: -11.890012336656236 eV
Magnetic moment: -2.204470771081545e-14 Bohr magnetons
Calculating q=[0.45, 0.08333333333333333, 0]
Energy: -11.890012336656236 eV
Magnetic moment: -2.204470771081545e-14 Bohr magnetons
Calculating q=[0.45, 0.08333333333333333, 0]
Energy: -11.890012336656236 eV
Magnetic moment: -2.204470771081545e-14 Bohr magnetons
Calculating q=[0.45, 0.08333333333333333, 0]
Energy: -11.890012336656236 eV
Magnetic moment: -2.204470771081545e-14 Bohr magnetons
Calculating q=[0.45, 0.08333333333333333, 0]
Energy: -11.890012336656236 eV
Magnetic moment: -2.204470771081545e-14 Bohr magnetons
Calculating q=[0.45, 0.08333333333333333, 0]
Energy: -11.890012336656236 eV
Magnetic moment: -2.204470771081545e-14 Bohr magnetons
Calculating q=[0.45, 0.08333333333333333, 0]
Energy: -11.890012336656236 eV
Magnetic moment: -2.204470771081545e-14 Bohr magnetons
Calculating q=[0.45, 0.08333333333333333, 0]
Energy: -11.890012336656236 eV
Magnetic moment: -2.204470771081545e-14 Bohr magnetons
Calculating q=[0.45, 0.08333333333333333, 0]
Energy: -11.890012336656236 eV
Magnetic moment: -2.204470771081545e-14 Bohr magnetons
Calculating q=[0.45, 0.08333333333333333, 0]
Energy: -11.889355828611993 eV
Magnetic moment: -8.710232385635666e-16 Bohr magnetons
Energy: -11.889355828611993 eV
Magnetic moment: -8.710232385635666e-16 Bohr magnetons
Energy: -11.889355828611993 eV
Magnetic moment: -8.710232385635666e-16 Bohr magnetons
Energy: -11.889355828611993 eV
Magnetic moment: -8.710232385635666e-16 Bohr magnetons
Energy: -11.889355828611993 eV
Magnetic moment: -8.710232385635666e-16 Bohr magnetons
Energy: -11.889355828611993 eV
Magnetic moment: -8.710232385635666e-16 Bohr magnetons
Energy: -11.889355828611993 eV
Magnetic moment: -8.710232385635666e-16 Bohr magnetons
Energy: -11.889355828611993 eV
Magnetic moment: -8.710232385635666e-16 Bohr magnetons
Energy: -11.889355828611993 eV
Magnetic moment: -8.710232385635666e-16 Bohr magnetons
Energy: -11.889355828611993 eV
Magnetic moment: -8.710232385635666e-16 Bohr magnetons
Energy: -11.889355828611993 eV
Magnetic moment: -8.710232385635666e-16 Bohr magnetons
Energy: -11.889355828611993 eV
Magnetic moment: -8.710232385635666e-16 Bohr magnetons

------------------------------------------------------------
Sender: LSF System <lsfadmin@hpc.dtu.dk>
Subject: Job 21504665: <plot_5.py> in cluster <dcc> Done

Job <plot_5.py> was submitted from host <n-62-30-5> by user <s194113> in cluster <dcc> at Fri Apr 19 17:58:30 2024
Job was executed on host(s) <12*n-62-28-34>, in queue <hpc>, as user <s194113> in cluster <dcc> at Fri Apr 19 20:12:54 2024
</zhome/87/8/147075> was used as the home directory.
</zhome/87/8/147075/10302/10302_NM/NiI2_2D> was used as the working directory.
Started at Fri Apr 19 20:12:54 2024
Terminated at Fri Apr 19 23:02:08 2024
Results reported at Fri Apr 19 23:02:08 2024

Your job looked like:

------------------------------------------------------------
# LSBATCH: User input
#!/bin/bash -l
id=$LSB_JOBID
mq=/zhome/87/8/147075/.myqueue/lsf-$id
source /zhome/87/8/147075/venv-name/bin/activate
echo "venv: /zhome/87/8/147075/venv-name/bin/activate"
(touch $mq-0 && \
 cd '/zhome/87/8/147075/10302/10302_NM/NiI2_2D' && \
 mpiexec python3 plot_5.py && \
 touch $mq-1) || \
(touch $mq-2; exit 1)

------------------------------------------------------------

Successfully completed.

Resource usage summary:

    CPU time :                                   121749.21 sec.
    Max Memory :                                 8905 MB
    Average Memory :                             5812.29 MB
    Total Requested Memory :                     73728.00 MB
    Delta Memory :                               64823.00 MB
    Max Swap :                                   -
    Max Processes :                              17
    Max Threads :                                57
    Run time :                                   10154 sec.
    Turnaround time :                            18218 sec.

The output (if any) is above this job summary.



PS:

Read file </zhome/87/8/147075/10302/10302_NM/NiI2_2D/plot_5.py.21504665.err> for stderr output of this job.

