venv: /zhome/87/8/147075/venv-name/bin/activate
[1713557096.149775] [n-62-29-30:1394 :0]          ib_md.c:1063 UCX  WARN  IB: ibv_fork_init() was disabled or failed, yet a fork() has been issued.
[1713557096.149814] [n-62-29-30:1394 :0]          ib_md.c:1064 UCX  WARN  IB: data corruption might occur when using registered memory.
[1713557096.149834] [n-62-29-30:1386 :0]          ib_md.c:1063 UCX  WARN  IB: ibv_fork_init() was disabled or failed, yet a fork() has been issued.
[1713557096.149879] [n-62-29-30:1386 :0]          ib_md.c:1064 UCX  WARN  IB: data corruption might occur when using registered memory.
[1713557096.150225] [n-62-29-30:1388 :0]          ib_md.c:1063 UCX  WARN  IB: ibv_fork_init() was disabled or failed, yet a fork() has been issued.
[1713557096.150254] [n-62-29-30:1388 :0]          ib_md.c:1064 UCX  WARN  IB: data corruption might occur when using registered memory.
[1713557096.150640] [n-62-29-30:1390 :0]          ib_md.c:1063 UCX  WARN  IB: ibv_fork_init() was disabled or failed, yet a fork() has been issued.
[1713557096.150723] [n-62-29-30:1390 :0]          ib_md.c:1064 UCX  WARN  IB: data corruption might occur when using registered memory.
[1713557096.150720] [n-62-29-30:1393 :0]          ib_md.c:1063 UCX  WARN  IB: ibv_fork_init() was disabled or failed, yet a fork() has been issued.
[1713557096.150747] [n-62-29-30:1393 :0]          ib_md.c:1064 UCX  WARN  IB: data corruption might occur when using registered memory.
[1713557096.150724] [n-62-29-30:1392 :0]          ib_md.c:1063 UCX  WARN  IB: ibv_fork_init() was disabled or failed, yet a fork() has been issued.
[1713557096.150750] [n-62-29-30:1392 :0]          ib_md.c:1064 UCX  WARN  IB: data corruption might occur when using registered memory.
[1713557096.150861] [n-62-29-30:1396 :0]          ib_md.c:1063 UCX  WARN  IB: ibv_fork_init() was disabled or failed, yet a fork() has been issued.
[1713557096.150890] [n-62-29-30:1396 :0]          ib_md.c:1064 UCX  WARN  IB: data corruption might occur when using registered memory.
[1713557096.150931] [n-62-29-30:1389 :0]          ib_md.c:1063 UCX  WARN  IB: ibv_fork_init() was disabled or failed, yet a fork() has been issued.
[1713557096.150990] [n-62-29-30:1397 :0]          ib_md.c:1063 UCX  WARN  IB: ibv_fork_init() was disabled or failed, yet a fork() has been issued.
[1713557096.151018] [n-62-29-30:1397 :0]          ib_md.c:1064 UCX  WARN  IB: data corruption might occur when using registered memory.
[1713557096.151015] [n-62-29-30:1389 :0]          ib_md.c:1064 UCX  WARN  IB: data corruption might occur when using registered memory.
[1713557096.151093] [n-62-29-30:1398 :0]          ib_md.c:1063 UCX  WARN  IB: ibv_fork_init() was disabled or failed, yet a fork() has been issued.
[1713557096.151123] [n-62-29-30:1398 :0]          ib_md.c:1064 UCX  WARN  IB: data corruption might occur when using registered memory.
[1713557096.151243] [n-62-29-30:1387 :0]          ib_md.c:1063 UCX  WARN  IB: ibv_fork_init() was disabled or failed, yet a fork() has been issued.
[1713557096.151337] [n-62-29-30:1387 :0]          ib_md.c:1064 UCX  WARN  IB: data corruption might occur when using registered memory.
[1713557096.151883] [n-62-29-30:1391 :0]          ib_md.c:1063 UCX  WARN  IB: ibv_fork_init() was disabled or failed, yet a fork() has been issued.
[1713557096.151975] [n-62-29-30:1391 :0]          ib_md.c:1064 UCX  WARN  IB: data corruption might occur when using registered memory.
Calculating ground state
14 q-points in the path
=====================================
Calculating q=[0.18333333333333332, 0.18333333333333332, 0]
Calculating ground state
Calculating ground state
14 q-points in the path
=====================================
Calculating q=[0.18333333333333332, 0.18333333333333332, 0]
14 q-points in the path
=====================================
Calculating q=[0.18333333333333332, 0.18333333333333332, 0]
Calculating ground state
14 q-points in the path
=====================================
Calculating q=[0.18333333333333332, 0.18333333333333332, 0]
Calculating ground state
14 q-points in the path
=====================================
Calculating ground state
Calculating q=[0.18333333333333332, 0.18333333333333332, 0]
Calculating ground state
14 q-points in the path
=====================================
14 q-points in the path
Calculating q=[0.18333333333333332, 0.18333333333333332, 0]
=====================================
Calculating q=[0.18333333333333332, 0.18333333333333332, 0]
Calculating ground state
14 q-points in the path
=====================================
Calculating q=[0.18333333333333332, 0.18333333333333332, 0]
Calculating ground state
14 q-points in the path
=====================================
Calculating q=[0.18333333333333332, 0.18333333333333332, 0]
Calculating ground state
14 q-points in the path
=====================================
Calculating ground state
Calculating ground state
Calculating q=[0.18333333333333332, 0.18333333333333332, 0]
14 q-points in the path
=====================================
14 q-points in the path
=====================================
Calculating q=[0.18333333333333332, 0.18333333333333332, 0]
Calculating q=[0.18333333333333332, 0.18333333333333332, 0]
Energy: -11.925068648764654 eV
Magnetic moment: 3.562594769727409e-15 Bohr magnetons
Calculating q=[0.2, 0.18333333333333332, 0]
Energy: -11.925068648764654 eV
Magnetic moment: 3.562594769727409e-15 Bohr magnetons
Calculating q=[0.2, 0.18333333333333332, 0]
Energy: -11.925068648764654 eV
Magnetic moment: 3.562594769727409e-15 Bohr magnetons
Calculating q=[0.2, 0.18333333333333332, 0]
Energy: -11.925068648764654 eV
Magnetic moment: 3.562594769727409e-15 Bohr magnetons
Calculating q=[0.2, 0.18333333333333332, 0]
Energy: -11.925068648764654 eV
Magnetic moment: 3.562594769727409e-15 Bohr magnetons
Calculating q=[0.2, 0.18333333333333332, 0]
Energy: -11.925068648764654 eV
Magnetic moment: 3.562594769727409e-15 Bohr magnetons
Calculating q=[0.2, 0.18333333333333332, 0]
Energy: -11.925068648764654 eV
Magnetic moment: 3.562594769727409e-15 Bohr magnetons
Calculating q=[0.2, 0.18333333333333332, 0]
Energy: -11.925068648764654 eV
Magnetic moment: 3.562594769727409e-15 Bohr magnetons
Calculating q=[0.2, 0.18333333333333332, 0]
Energy: -11.925068648764654 eV
Magnetic moment: 3.562594769727409e-15 Bohr magnetons
Calculating q=[0.2, 0.18333333333333332, 0]
Energy: -11.925068648764654 eV
Magnetic moment: 3.562594769727409e-15 Bohr magnetons
Calculating q=[0.2, 0.18333333333333332, 0]
Energy: -11.925068648764654 eV
Magnetic moment: 3.562594769727409e-15 Bohr magnetons
Calculating q=[0.2, 0.18333333333333332, 0]
Energy: -11.925068648764654 eV
Magnetic moment: 3.562594769727409e-15 Bohr magnetons
Calculating q=[0.2, 0.18333333333333332, 0]
Energy: -11.922952831267937 eV
Magnetic moment: -1.321637469784115e-14 Bohr magnetons
Calculating q=[0.21666666666666667, 0.18333333333333332, 0]
Energy: -11.922952831267937 eV
Magnetic moment: -1.321637469784115e-14 Bohr magnetons
Calculating q=[0.21666666666666667, 0.18333333333333332, 0]
Energy: -11.922952831267937 eV
Magnetic moment: -1.321637469784115e-14 Bohr magnetons
Calculating q=[0.21666666666666667, 0.18333333333333332, 0]
Energy: -11.922952831267937 eV
Magnetic moment: -1.321637469784115e-14 Bohr magnetons
Calculating q=[0.21666666666666667, 0.18333333333333332, 0]
Energy: -11.922952831267937 eV
Magnetic moment: -1.321637469784115e-14 Bohr magnetons
Calculating q=[0.21666666666666667, 0.18333333333333332, 0]
Energy: -11.922952831267937 eV
Magnetic moment: -1.321637469784115e-14 Bohr magnetons
Calculating q=[0.21666666666666667, 0.18333333333333332, 0]
Energy: -11.922952831267937 eV
Magnetic moment: -1.321637469784115e-14 Bohr magnetons
Calculating q=[0.21666666666666667, 0.18333333333333332, 0]
Energy: -11.922952831267937 eV
Magnetic moment: -1.321637469784115e-14 Bohr magnetons
Calculating q=[0.21666666666666667, 0.18333333333333332, 0]
Energy: -11.922952831267937 eV
Magnetic moment: -1.321637469784115e-14 Bohr magnetons
Calculating q=[0.21666666666666667, 0.18333333333333332, 0]
Energy: -11.922952831267937 eV
Magnetic moment: -1.321637469784115e-14 Bohr magnetons
Calculating q=[0.21666666666666667, 0.18333333333333332, 0]
Energy: -11.922952831267937 eV
Magnetic moment: -1.321637469784115e-14 Bohr magnetons
Calculating q=[0.21666666666666667, 0.18333333333333332, 0]
Energy: -11.922952831267937 eV
Magnetic moment: -1.321637469784115e-14 Bohr magnetons
Calculating q=[0.21666666666666667, 0.18333333333333332, 0]
Energy: -11.92075810915988 eV
Magnetic moment: -2.3003510336352773e-14 Bohr magnetons
Calculating q=[0.23333333333333334, 0.18333333333333332, 0]
Energy: -11.92075810915988 eV
Magnetic moment: -2.3003510336352773e-14 Bohr magnetons
Calculating q=[0.23333333333333334, 0.18333333333333332, 0]
Energy: -11.92075810915988 eV
Magnetic moment: -2.3003510336352773e-14 Bohr magnetons
Calculating q=[0.23333333333333334, 0.18333333333333332, 0]
Energy: -11.92075810915988 eV
Magnetic moment: -2.3003510336352773e-14 Bohr magnetons
Calculating q=[0.23333333333333334, 0.18333333333333332, 0]
Energy: -11.92075810915988 eV
Magnetic moment: -2.3003510336352773e-14 Bohr magnetons
Calculating q=[0.23333333333333334, 0.18333333333333332, 0]
Energy: -11.92075810915988 eV
Magnetic moment: -2.3003510336352773e-14 Bohr magnetons
Calculating q=[0.23333333333333334, 0.18333333333333332, 0]
Energy: -11.92075810915988 eV
Magnetic moment: -2.3003510336352773e-14 Bohr magnetons
Calculating q=[0.23333333333333334, 0.18333333333333332, 0]
Energy: -11.92075810915988 eV
Magnetic moment: -2.3003510336352773e-14 Bohr magnetons
Calculating q=[0.23333333333333334, 0.18333333333333332, 0]
Energy: -11.92075810915988 eV
Magnetic moment: -2.3003510336352773e-14 Bohr magnetons
Calculating q=[0.23333333333333334, 0.18333333333333332, 0]
Energy: -11.92075810915988 eV
Magnetic moment: -2.3003510336352773e-14 Bohr magnetons
Calculating q=[0.23333333333333334, 0.18333333333333332, 0]
Energy: -11.92075810915988 eV
Magnetic moment: -2.3003510336352773e-14 Bohr magnetons
Calculating q=[0.23333333333333334, 0.18333333333333332, 0]
Energy: -11.92075810915988 eV
Magnetic moment: -2.3003510336352773e-14 Bohr magnetons
Calculating q=[0.23333333333333334, 0.18333333333333332, 0]
Energy: -11.918444092339936 eV
Magnetic moment: -2.1705464815708078e-14 Bohr magnetons
Calculating q=[0.25, 0.18333333333333332, 0]
Energy: -11.918444092339936 eV
Magnetic moment: -2.1705464815708078e-14 Bohr magnetons
Calculating q=[0.25, 0.18333333333333332, 0]
Energy: -11.918444092339936 eV
Magnetic moment: -2.1705464815708078e-14 Bohr magnetons
Calculating q=[0.25, 0.18333333333333332, 0]
Energy: -11.918444092339936 eV
Magnetic moment: -2.1705464815708078e-14 Bohr magnetons
Calculating q=[0.25, 0.18333333333333332, 0]
Energy: -11.918444092339936 eV
Magnetic moment: -2.1705464815708078e-14 Bohr magnetons
Calculating q=[0.25, 0.18333333333333332, 0]
Energy: -11.918444092339936 eV
Magnetic moment: -2.1705464815708078e-14 Bohr magnetons
Calculating q=[0.25, 0.18333333333333332, 0]
Energy: -11.918444092339936 eV
Magnetic moment: -2.1705464815708078e-14 Bohr magnetons
Calculating q=[0.25, 0.18333333333333332, 0]
Energy: -11.918444092339936 eV
Magnetic moment: -2.1705464815708078e-14 Bohr magnetons
Calculating q=[0.25, 0.18333333333333332, 0]
Energy: -11.918444092339936 eV
Magnetic moment: -2.1705464815708078e-14 Bohr magnetons
Calculating q=[0.25, 0.18333333333333332, 0]
Energy: -11.918444092339936 eV
Magnetic moment: -2.1705464815708078e-14 Bohr magnetons
Calculating q=[0.25, 0.18333333333333332, 0]
Energy: -11.918444092339936 eV
Magnetic moment: -2.1705464815708078e-14 Bohr magnetons
Calculating q=[0.25, 0.18333333333333332, 0]
Energy: -11.918444092339936 eV
Magnetic moment: -2.1705464815708078e-14 Bohr magnetons
Calculating q=[0.25, 0.18333333333333332, 0]
Energy: -11.916069916981654 eV
Magnetic moment: -1.1143319975034282e-14 Bohr magnetons
Calculating q=[0.26666666666666666, 0.18333333333333332, 0]
Energy: -11.916069916981654 eV
Magnetic moment: -1.1143319975034282e-14 Bohr magnetons
Calculating q=[0.26666666666666666, 0.18333333333333332, 0]
Energy: -11.916069916981654 eV
Magnetic moment: -1.1143319975034282e-14 Bohr magnetons
Calculating q=[0.26666666666666666, 0.18333333333333332, 0]
Energy: -11.916069916981654 eV
Magnetic moment: -1.1143319975034282e-14 Bohr magnetons
Calculating q=[0.26666666666666666, 0.18333333333333332, 0]
Energy: -11.916069916981654 eV
Magnetic moment: -1.1143319975034282e-14 Bohr magnetons
Calculating q=[0.26666666666666666, 0.18333333333333332, 0]
Energy: -11.916069916981654 eV
Magnetic moment: -1.1143319975034282e-14 Bohr magnetons
Calculating q=[0.26666666666666666, 0.18333333333333332, 0]
Energy: -11.916069916981654 eV
Magnetic moment: -1.1143319975034282e-14 Bohr magnetons
Calculating q=[0.26666666666666666, 0.18333333333333332, 0]
Energy: -11.916069916981654 eV
Magnetic moment: -1.1143319975034282e-14 Bohr magnetons
Calculating q=[0.26666666666666666, 0.18333333333333332, 0]
Energy: -11.916069916981654 eV
Magnetic moment: -1.1143319975034282e-14 Bohr magnetons
Calculating q=[0.26666666666666666, 0.18333333333333332, 0]
Energy: -11.916069916981654 eV
Magnetic moment: -1.1143319975034282e-14 Bohr magnetons
Calculating q=[0.26666666666666666, 0.18333333333333332, 0]
Energy: -11.916069916981654 eV
Magnetic moment: -1.1143319975034282e-14 Bohr magnetons
Calculating q=[0.26666666666666666, 0.18333333333333332, 0]
Energy: -11.916069916981654 eV
Magnetic moment: -1.1143319975034282e-14 Bohr magnetons
Calculating q=[0.26666666666666666, 0.18333333333333332, 0]
Energy: -11.913674142847805 eV
Magnetic moment: -1.1409895859299642e-14 Bohr magnetons
Calculating q=[0.2833333333333333, 0.18333333333333332, 0]
Energy: -11.913674142847805 eV
Magnetic moment: -1.1409895859299642e-14 Bohr magnetons
Calculating q=[0.2833333333333333, 0.18333333333333332, 0]
Energy: -11.913674142847805 eV
Magnetic moment: -1.1409895859299642e-14 Bohr magnetons
Calculating q=[0.2833333333333333, 0.18333333333333332, 0]
Energy: -11.913674142847805 eV
Magnetic moment: -1.1409895859299642e-14 Bohr magnetons
Calculating q=[0.2833333333333333, 0.18333333333333332, 0]
Energy: -11.913674142847805 eV
Magnetic moment: -1.1409895859299642e-14 Bohr magnetons
Calculating q=[0.2833333333333333, 0.18333333333333332, 0]
Energy: -11.913674142847805 eV
Magnetic moment: -1.1409895859299642e-14 Bohr magnetons
Calculating q=[0.2833333333333333, 0.18333333333333332, 0]
Energy: -11.913674142847805 eV
Magnetic moment: -1.1409895859299642e-14 Bohr magnetons
Calculating q=[0.2833333333333333, 0.18333333333333332, 0]
Energy: -11.913674142847805 eV
Magnetic moment: -1.1409895859299642e-14 Bohr magnetons
Calculating q=[0.2833333333333333, 0.18333333333333332, 0]
Energy: -11.913674142847805 eV
Magnetic moment: -1.1409895859299642e-14 Bohr magnetons
Calculating q=[0.2833333333333333, 0.18333333333333332, 0]
Energy: -11.913674142847805 eV
Magnetic moment: -1.1409895859299642e-14 Bohr magnetons
Calculating q=[0.2833333333333333, 0.18333333333333332, 0]
Energy: -11.913674142847805 eV
Magnetic moment: -1.1409895859299642e-14 Bohr magnetons
Calculating q=[0.2833333333333333, 0.18333333333333332, 0]
Energy: -11.913674142847805 eV
Magnetic moment: -1.1409895859299642e-14 Bohr magnetons
Calculating q=[0.2833333333333333, 0.18333333333333332, 0]
Energy: -11.911356155814385 eV
Magnetic moment: 1.4401502027969816e-14 Bohr magnetons
Calculating q=[0.3, 0.18333333333333332, 0]
Energy: -11.911356155814385 eV
Magnetic moment: 1.4401502027969816e-14 Bohr magnetons
Calculating q=[0.3, 0.18333333333333332, 0]
Energy: -11.911356155814385 eV
Magnetic moment: 1.4401502027969816e-14 Bohr magnetons
Calculating q=[0.3, 0.18333333333333332, 0]
Energy: -11.911356155814385 eV
Magnetic moment: 1.4401502027969816e-14 Bohr magnetons
Calculating q=[0.3, 0.18333333333333332, 0]
Energy: -11.911356155814385 eV
Magnetic moment: 1.4401502027969816e-14 Bohr magnetons
Calculating q=[0.3, 0.18333333333333332, 0]
Energy: -11.911356155814385 eV
Magnetic moment: 1.4401502027969816e-14 Bohr magnetons
Calculating q=[0.3, 0.18333333333333332, 0]
Energy: -11.911356155814385 eV
Magnetic moment: 1.4401502027969816e-14 Bohr magnetons
Calculating q=[0.3, 0.18333333333333332, 0]
Energy: -11.911356155814385 eV
Magnetic moment: 1.4401502027969816e-14 Bohr magnetons
Calculating q=[0.3, 0.18333333333333332, 0]
Energy: -11.911356155814385 eV
Magnetic moment: 1.4401502027969816e-14 Bohr magnetons
Calculating q=[0.3, 0.18333333333333332, 0]
Energy: -11.911356155814385 eV
Magnetic moment: 1.4401502027969816e-14 Bohr magnetons
Calculating q=[0.3, 0.18333333333333332, 0]
Energy: -11.911356155814385 eV
Magnetic moment: 1.4401502027969816e-14 Bohr magnetons
Calculating q=[0.3, 0.18333333333333332, 0]
Energy: -11.911356155814385 eV
Magnetic moment: 1.4401502027969816e-14 Bohr magnetons
Calculating q=[0.3, 0.18333333333333332, 0]
Energy: -11.909138703017412 eV
Magnetic moment: 1.109244928502341e-15 Bohr magnetons
Calculating q=[0.31666666666666665, 0.18333333333333332, 0]
Energy: -11.909138703017412 eV
Magnetic moment: 1.109244928502341e-15 Bohr magnetons
Calculating q=[0.31666666666666665, 0.18333333333333332, 0]
Energy: -11.909138703017412 eV
Magnetic moment: 1.109244928502341e-15 Bohr magnetons
Calculating q=[0.31666666666666665, 0.18333333333333332, 0]
Energy: -11.909138703017412 eV
Magnetic moment: 1.109244928502341e-15 Bohr magnetons
Calculating q=[0.31666666666666665, 0.18333333333333332, 0]
Energy: -11.909138703017412 eV
Magnetic moment: 1.109244928502341e-15 Bohr magnetons
Calculating q=[0.31666666666666665, 0.18333333333333332, 0]
Energy: -11.909138703017412 eV
Magnetic moment: 1.109244928502341e-15 Bohr magnetons
Calculating q=[0.31666666666666665, 0.18333333333333332, 0]
Energy: -11.909138703017412 eV
Magnetic moment: 1.109244928502341e-15 Bohr magnetons
Calculating q=[0.31666666666666665, 0.18333333333333332, 0]
Energy: -11.909138703017412 eV
Magnetic moment: 1.109244928502341e-15 Bohr magnetons
Calculating q=[0.31666666666666665, 0.18333333333333332, 0]
Energy: -11.909138703017412 eV
Magnetic moment: 1.109244928502341e-15 Bohr magnetons
Calculating q=[0.31666666666666665, 0.18333333333333332, 0]
Energy: -11.909138703017412 eV
Magnetic moment: 1.109244928502341e-15 Bohr magnetons
Calculating q=[0.31666666666666665, 0.18333333333333332, 0]
Energy: -11.909138703017412 eV
Magnetic moment: 1.109244928502341e-15 Bohr magnetons
Calculating q=[0.31666666666666665, 0.18333333333333332, 0]
Energy: -11.909138703017412 eV
Magnetic moment: 1.109244928502341e-15 Bohr magnetons
Calculating q=[0.31666666666666665, 0.18333333333333332, 0]
Energy: -11.907079666658102 eV
Magnetic moment: 2.438658899884e-15 Bohr magnetons
Calculating q=[0.3333333333333333, 0.18333333333333332, 0]
Energy: -11.907079666658102 eV
Magnetic moment: 2.438658899884e-15 Bohr magnetons
Calculating q=[0.3333333333333333, 0.18333333333333332, 0]
Energy: -11.907079666658102 eV
Magnetic moment: 2.438658899884e-15 Bohr magnetons
Calculating q=[0.3333333333333333, 0.18333333333333332, 0]
Energy: -11.907079666658102 eV
Magnetic moment: 2.438658899884e-15 Bohr magnetons
Calculating q=[0.3333333333333333, 0.18333333333333332, 0]
Energy: -11.907079666658102 eV
Magnetic moment: 2.438658899884e-15 Bohr magnetons
Calculating q=[0.3333333333333333, 0.18333333333333332, 0]
Energy: -11.907079666658102 eV
Magnetic moment: 2.438658899884e-15 Bohr magnetons
Calculating q=[0.3333333333333333, 0.18333333333333332, 0]
Energy: -11.907079666658102 eV
Magnetic moment: 2.438658899884e-15 Bohr magnetons
Calculating q=[0.3333333333333333, 0.18333333333333332, 0]
Energy: -11.907079666658102 eV
Magnetic moment: 2.438658899884e-15 Bohr magnetons
Calculating q=[0.3333333333333333, 0.18333333333333332, 0]
Energy: -11.907079666658102 eV
Magnetic moment: 2.438658899884e-15 Bohr magnetons
Calculating q=[0.3333333333333333, 0.18333333333333332, 0]
Energy: -11.907079666658102 eV
Magnetic moment: 2.438658899884e-15 Bohr magnetons
Calculating q=[0.3333333333333333, 0.18333333333333332, 0]
Energy: -11.907079666658102 eV
Magnetic moment: 2.438658899884e-15 Bohr magnetons
Calculating q=[0.3333333333333333, 0.18333333333333332, 0]
Energy: -11.907079666658102 eV
Magnetic moment: 2.438658899884e-15 Bohr magnetons
Calculating q=[0.3333333333333333, 0.18333333333333332, 0]
Energy: -11.905251648399727 eV
Magnetic moment: 3.164291275385464e-14 Bohr magnetons
Calculating q=[0.35, 0.18333333333333332, 0]
Energy: -11.905251648399727 eV
Magnetic moment: 3.164291275385464e-14 Bohr magnetons
Calculating q=[0.35, 0.18333333333333332, 0]
Energy: -11.905251648399727 eV
Magnetic moment: 3.164291275385464e-14 Bohr magnetons
Calculating q=[0.35, 0.18333333333333332, 0]
Energy: -11.905251648399727 eV
Magnetic moment: 3.164291275385464e-14 Bohr magnetons
Calculating q=[0.35, 0.18333333333333332, 0]
Energy: -11.905251648399727 eV
Magnetic moment: 3.164291275385464e-14 Bohr magnetons
Calculating q=[0.35, 0.18333333333333332, 0]
Energy: -11.905251648399727 eV
Magnetic moment: 3.164291275385464e-14 Bohr magnetons
Calculating q=[0.35, 0.18333333333333332, 0]
Energy: -11.905251648399727 eV
Magnetic moment: 3.164291275385464e-14 Bohr magnetons
Calculating q=[0.35, 0.18333333333333332, 0]
Energy: -11.905251648399727 eV
Magnetic moment: 3.164291275385464e-14 Bohr magnetons
Calculating q=[0.35, 0.18333333333333332, 0]
Energy: -11.905251648399727 eV
Magnetic moment: 3.164291275385464e-14 Bohr magnetons
Calculating q=[0.35, 0.18333333333333332, 0]
Energy: -11.905251648399727 eV
Magnetic moment: 3.164291275385464e-14 Bohr magnetons
Calculating q=[0.35, 0.18333333333333332, 0]
Energy: -11.905251648399727 eV
Magnetic moment: 3.164291275385464e-14 Bohr magnetons
Calculating q=[0.35, 0.18333333333333332, 0]
Energy: -11.905251648399727 eV
Magnetic moment: 3.164291275385464e-14 Bohr magnetons
Calculating q=[0.35, 0.18333333333333332, 0]
Energy: -11.903739542327168 eV
Magnetic moment: 5.956922636859534e-14 Bohr magnetons
Calculating q=[0.36666666666666664, 0.18333333333333332, 0]
Energy: -11.903739542327168 eV
Magnetic moment: 5.956922636859534e-14 Bohr magnetons
Calculating q=[0.36666666666666664, 0.18333333333333332, 0]
Energy: -11.903739542327168 eV
Magnetic moment: 5.956922636859534e-14 Bohr magnetons
Calculating q=[0.36666666666666664, 0.18333333333333332, 0]
Energy: -11.903739542327168 eV
Magnetic moment: 5.956922636859534e-14 Bohr magnetons
Calculating q=[0.36666666666666664, 0.18333333333333332, 0]
Energy: -11.903739542327168 eV
Magnetic moment: 5.956922636859534e-14 Bohr magnetons
Calculating q=[0.36666666666666664, 0.18333333333333332, 0]
Energy: -11.903739542327168 eV
Magnetic moment: 5.956922636859534e-14 Bohr magnetons
Calculating q=[0.36666666666666664, 0.18333333333333332, 0]
Energy: -11.903739542327168 eV
Magnetic moment: 5.956922636859534e-14 Bohr magnetons
Calculating q=[0.36666666666666664, 0.18333333333333332, 0]
Energy: -11.903739542327168 eV
Magnetic moment: 5.956922636859534e-14 Bohr magnetons
Calculating q=[0.36666666666666664, 0.18333333333333332, 0]
Energy: -11.903739542327168 eV
Magnetic moment: 5.956922636859534e-14 Bohr magnetons
Calculating q=[0.36666666666666664, 0.18333333333333332, 0]
Energy: -11.903739542327168 eV
Magnetic moment: 5.956922636859534e-14 Bohr magnetons
Calculating q=[0.36666666666666664, 0.18333333333333332, 0]
Energy: -11.903739542327168 eV
Magnetic moment: 5.956922636859534e-14 Bohr magnetons
Calculating q=[0.36666666666666664, 0.18333333333333332, 0]
Energy: -11.903739542327168 eV
Magnetic moment: 5.956922636859534e-14 Bohr magnetons
Calculating q=[0.36666666666666664, 0.18333333333333332, 0]
Energy: -11.902544299455053 eV
Magnetic moment: -4.0842455158491016e-14 Bohr magnetons
Calculating q=[0.3833333333333333, 0.18333333333333332, 0]
Energy: -11.902544299455053 eV
Magnetic moment: -4.0842455158491016e-14 Bohr magnetons
Calculating q=[0.3833333333333333, 0.18333333333333332, 0]
Energy: -11.902544299455053 eV
Magnetic moment: -4.0842455158491016e-14 Bohr magnetons
Calculating q=[0.3833333333333333, 0.18333333333333332, 0]
Energy: -11.902544299455053 eV
Magnetic moment: -4.0842455158491016e-14 Bohr magnetons
Calculating q=[0.3833333333333333, 0.18333333333333332, 0]
Energy: -11.902544299455053 eV
Magnetic moment: -4.0842455158491016e-14 Bohr magnetons
Calculating q=[0.3833333333333333, 0.18333333333333332, 0]
Energy: -11.902544299455053 eV
Magnetic moment: -4.0842455158491016e-14 Bohr magnetons
Calculating q=[0.3833333333333333, 0.18333333333333332, 0]
Energy: -11.902544299455053 eV
Magnetic moment: -4.0842455158491016e-14 Bohr magnetons
Calculating q=[0.3833333333333333, 0.18333333333333332, 0]
Energy: -11.902544299455053 eV
Magnetic moment: -4.0842455158491016e-14 Bohr magnetons
Calculating q=[0.3833333333333333, 0.18333333333333332, 0]
Energy: -11.902544299455053 eV
Magnetic moment: -4.0842455158491016e-14 Bohr magnetons
Calculating q=[0.3833333333333333, 0.18333333333333332, 0]
Energy: -11.902544299455053 eV
Magnetic moment: -4.0842455158491016e-14 Bohr magnetons
Calculating q=[0.3833333333333333, 0.18333333333333332, 0]
Energy: -11.902544299455053 eV
Magnetic moment: -4.0842455158491016e-14 Bohr magnetons
Calculating q=[0.3833333333333333, 0.18333333333333332, 0]
Energy: -11.902544299455053 eV
Magnetic moment: -4.0842455158491016e-14 Bohr magnetons
Calculating q=[0.3833333333333333, 0.18333333333333332, 0]
Energy: -11.90171903160892 eV
Magnetic moment: -2.0691206177189575e-13 Bohr magnetons
Calculating q=[0.4, 0.18333333333333332, 0]
Energy: -11.90171903160892 eV
Magnetic moment: -2.0691206177189575e-13 Bohr magnetons
Calculating q=[0.4, 0.18333333333333332, 0]
Energy: -11.90171903160892 eV
Magnetic moment: -2.0691206177189575e-13 Bohr magnetons
Calculating q=[0.4, 0.18333333333333332, 0]
Energy: -11.90171903160892 eV
Magnetic moment: -2.0691206177189575e-13 Bohr magnetons
Calculating q=[0.4, 0.18333333333333332, 0]
Energy: -11.90171903160892 eV
Magnetic moment: -2.0691206177189575e-13 Bohr magnetons
Calculating q=[0.4, 0.18333333333333332, 0]
Energy: -11.90171903160892 eV
Magnetic moment: -2.0691206177189575e-13 Bohr magnetons
Calculating q=[0.4, 0.18333333333333332, 0]
Energy: -11.90171903160892 eV
Magnetic moment: -2.0691206177189575e-13 Bohr magnetons
Calculating q=[0.4, 0.18333333333333332, 0]
Energy: -11.90171903160892 eV
Magnetic moment: -2.0691206177189575e-13 Bohr magnetons
Calculating q=[0.4, 0.18333333333333332, 0]
Energy: -11.90171903160892 eV
Magnetic moment: -2.0691206177189575e-13 Bohr magnetons
Calculating q=[0.4, 0.18333333333333332, 0]
Energy: -11.90171903160892 eV
Magnetic moment: -2.0691206177189575e-13 Bohr magnetons
Calculating q=[0.4, 0.18333333333333332, 0]
Energy: -11.90171903160892 eV
Magnetic moment: -2.0691206177189575e-13 Bohr magnetons
Calculating q=[0.4, 0.18333333333333332, 0]
Energy: -11.90171903160892 eV
Magnetic moment: -2.0691206177189575e-13 Bohr magnetons
Calculating q=[0.4, 0.18333333333333332, 0]
Energy: -11.901306597172665 eV
Magnetic moment: 4.912210309608938e-14 Bohr magnetons
Energy: -11.901306597172665 eV
Magnetic moment: 4.912210309608938e-14 Bohr magnetons
Energy: -11.901306597172665 eV
Magnetic moment: 4.912210309608938e-14 Bohr magnetons
Energy: -11.901306597172665 eV
Magnetic moment: 4.912210309608938e-14 Bohr magnetons
Energy: -11.901306597172665 eV
Magnetic moment: 4.912210309608938e-14 Bohr magnetons
Energy: -11.901306597172665 eV
Magnetic moment: 4.912210309608938e-14 Bohr magnetons
Energy: -11.901306597172665 eV
Magnetic moment: 4.912210309608938e-14 Bohr magnetons
Energy: -11.901306597172665 eV
Magnetic moment: 4.912210309608938e-14 Bohr magnetons
Energy: -11.901306597172665 eV
Magnetic moment: 4.912210309608938e-14 Bohr magnetons
Energy: -11.901306597172665 eV
Magnetic moment: 4.912210309608938e-14 Bohr magnetons
Energy: -11.901306597172665 eV
Magnetic moment: 4.912210309608938e-14 Bohr magnetons
Energy: -11.901306597172665 eV
Magnetic moment: 4.912210309608938e-14 Bohr magnetons

------------------------------------------------------------
Sender: LSF System <lsfadmin@hpc.dtu.dk>
Subject: Job 21504686: <plot_11.py> in cluster <dcc> Done

Job <plot_11.py> was submitted from host <n-62-30-5> by user <s194113> in cluster <dcc> at Fri Apr 19 17:59:35 2024
Job was executed on host(s) <12*n-62-29-30>, in queue <hpc>, as user <s194113> in cluster <dcc> at Fri Apr 19 22:04:51 2024
</zhome/87/8/147075> was used as the home directory.
</zhome/87/8/147075/10302/10302_NM/NiI2_2D> was used as the working directory.
Started at Fri Apr 19 22:04:51 2024
Terminated at Fri Apr 19 23:50:02 2024
Results reported at Fri Apr 19 23:50:02 2024

Your job looked like:

------------------------------------------------------------
# LSBATCH: User input
#!/bin/bash -l
id=$LSB_JOBID
mq=/zhome/87/8/147075/.myqueue/lsf-$id
source /zhome/87/8/147075/venv-name/bin/activate
echo "venv: /zhome/87/8/147075/venv-name/bin/activate"
(touch $mq-0 && \
 cd '/zhome/87/8/147075/10302/10302_NM/NiI2_2D' && \
 mpiexec python3 plot_11.py && \
 touch $mq-1) || \
(touch $mq-2; exit 1)

------------------------------------------------------------

Successfully completed.

Resource usage summary:

    CPU time :                                   75670.69 sec.
    Max Memory :                                 7539 MB
    Average Memory :                             5536.40 MB
    Total Requested Memory :                     73728.00 MB
    Delta Memory :                               66189.00 MB
    Max Swap :                                   -
    Max Processes :                              17
    Max Threads :                                57
    Run time :                                   6311 sec.
    Turnaround time :                            21027 sec.

The output (if any) is above this job summary.



PS:

Read file </zhome/87/8/147075/10302/10302_NM/NiI2_2D/plot_11.py.21504686.err> for stderr output of this job.

