venv: /zhome/87/8/147075/venv-name/bin/activate
[1713554573.233895] [n-62-29-33:17552:0]          ib_md.c:1063 UCX  WARN  IB: ibv_fork_init() was disabled or failed, yet a fork() has been issued.
[1713554573.233929] [n-62-29-33:17552:0]          ib_md.c:1064 UCX  WARN  IB: data corruption might occur when using registered memory.
[1713554573.233964] [n-62-29-33:17555:0]          ib_md.c:1063 UCX  WARN  IB: ibv_fork_init() was disabled or failed, yet a fork() has been issued.
[1713554573.233995] [n-62-29-33:17555:0]          ib_md.c:1064 UCX  WARN  IB: data corruption might occur when using registered memory.
[1713554573.233962] [n-62-29-33:17557:0]          ib_md.c:1063 UCX  WARN  IB: ibv_fork_init() was disabled or failed, yet a fork() has been issued.
[1713554573.233995] [n-62-29-33:17557:0]          ib_md.c:1064 UCX  WARN  IB: data corruption might occur when using registered memory.
[1713554573.234072] [n-62-29-33:17556:0]          ib_md.c:1063 UCX  WARN  IB: ibv_fork_init() was disabled or failed, yet a fork() has been issued.
[1713554573.234109] [n-62-29-33:17556:0]          ib_md.c:1064 UCX  WARN  IB: data corruption might occur when using registered memory.
[1713554573.237302] [n-62-29-33:17550:0]          ib_md.c:1063 UCX  WARN  IB: ibv_fork_init() was disabled or failed, yet a fork() has been issued.
[1713554573.237346] [n-62-29-33:17550:0]          ib_md.c:1064 UCX  WARN  IB: data corruption might occur when using registered memory.
[1713554573.237306] [n-62-29-33:17551:0]          ib_md.c:1063 UCX  WARN  IB: ibv_fork_init() was disabled or failed, yet a fork() has been issued.
[1713554573.237332] [n-62-29-33:17551:0]          ib_md.c:1064 UCX  WARN  IB: data corruption might occur when using registered memory.
[1713554573.238091] [n-62-29-33:17549:0]          ib_md.c:1063 UCX  WARN  IB: ibv_fork_init() was disabled or failed, yet a fork() has been issued.
[1713554573.238178] [n-62-29-33:17549:0]          ib_md.c:1064 UCX  WARN  IB: data corruption might occur when using registered memory.
[1713554573.238365] [n-62-29-33:17546:0]          ib_md.c:1063 UCX  WARN  IB: ibv_fork_init() was disabled or failed, yet a fork() has been issued.
[1713554573.238450] [n-62-29-33:17546:0]          ib_md.c:1064 UCX  WARN  IB: data corruption might occur when using registered memory.
[1713554573.238842] [n-62-29-33:17554:0]          ib_md.c:1063 UCX  WARN  IB: ibv_fork_init() was disabled or failed, yet a fork() has been issued.
[1713554573.238927] [n-62-29-33:17554:0]          ib_md.c:1064 UCX  WARN  IB: data corruption might occur when using registered memory.
[1713554573.238916] [n-62-29-33:17548:0]          ib_md.c:1063 UCX  WARN  IB: ibv_fork_init() was disabled or failed, yet a fork() has been issued.
[1713554573.238949] [n-62-29-33:17547:0]          ib_md.c:1063 UCX  WARN  IB: ibv_fork_init() was disabled or failed, yet a fork() has been issued.
[1713554573.238991] [n-62-29-33:17548:0]          ib_md.c:1064 UCX  WARN  IB: data corruption might occur when using registered memory.
[1713554573.239044] [n-62-29-33:17547:0]          ib_md.c:1064 UCX  WARN  IB: data corruption might occur when using registered memory.
[1713554573.239122] [n-62-29-33:17553:0]          ib_md.c:1063 UCX  WARN  IB: ibv_fork_init() was disabled or failed, yet a fork() has been issued.
[1713554573.239214] [n-62-29-33:17553:0]          ib_md.c:1064 UCX  WARN  IB: data corruption might occur when using registered memory.
Calculating ground state
17 q-points in the path
=====================================
Calculating q=[0.15, 0.15, 0]
Calculating ground state
17 q-points in the path
=====================================
Calculating q=[0.15, 0.15, 0]
Calculating ground state
17 q-points in the path
=====================================
Calculating ground state
17 q-points in the path
=====================================
Calculating ground state
Calculating ground state
17 q-points in the path
=====================================
Calculating q=[0.15, 0.15, 0]
Calculating q=[0.15, 0.15, 0]
Calculating ground state
17 q-points in the path
=====================================
Calculating q=[0.15, 0.15, 0]
Calculating ground state
17 q-points in the path
=====================================
Calculating q=[0.15, 0.15, 0]
17 q-points in the path
=====================================
Calculating q=[0.15, 0.15, 0]
Calculating q=[0.15, 0.15, 0]
Calculating ground state
17 q-points in the path
=====================================
Calculating q=[0.15, 0.15, 0]
Calculating ground state
17 q-points in the path
=====================================
Calculating q=[0.15, 0.15, 0]
Calculating ground state
17 q-points in the path
=====================================
Calculating q=[0.15, 0.15, 0]
Calculating ground state
17 q-points in the path
=====================================
Calculating q=[0.15, 0.15, 0]
Energy: -11.931927231546675 eV
Magnetic moment: 2.115241219069663e-14 Bohr magnetons
Calculating q=[0.16666666666666666, 0.15, 0]
Energy: -11.931927231546675 eV
Magnetic moment: 2.115241219069663e-14 Bohr magnetons
Calculating q=[0.16666666666666666, 0.15, 0]
Energy: -11.931927231546675 eV
Magnetic moment: 2.115241219069663e-14 Bohr magnetons
Calculating q=[0.16666666666666666, 0.15, 0]
Energy: -11.931927231546675 eV
Magnetic moment: 2.115241219069663e-14 Bohr magnetons
Calculating q=[0.16666666666666666, 0.15, 0]
Energy: -11.931927231546675 eV
Magnetic moment: 2.115241219069663e-14 Bohr magnetons
Calculating q=[0.16666666666666666, 0.15, 0]
Energy: -11.931927231546675 eV
Magnetic moment: 2.115241219069663e-14 Bohr magnetons
Calculating q=[0.16666666666666666, 0.15, 0]
Energy: -11.931927231546675 eV
Magnetic moment: 2.115241219069663e-14 Bohr magnetons
Calculating q=[0.16666666666666666, 0.15, 0]
Energy: -11.931927231546675 eV
Energy: -11.931927231546675 eV
Magnetic moment: 2.115241219069663e-14 Bohr magnetons
Calculating q=[0.16666666666666666, 0.15, 0]
Energy: -11.931927231546675 eV
Magnetic moment: 2.115241219069663e-14 Bohr magnetons
Calculating q=[0.16666666666666666, 0.15, 0]
Energy: -11.931927231546675 eV
Magnetic moment: 2.115241219069663e-14 Bohr magnetons
Calculating q=[0.16666666666666666, 0.15, 0]
Energy: -11.931927231546675 eV
Magnetic moment: 2.115241219069663e-14 Bohr magnetons
Calculating q=[0.16666666666666666, 0.15, 0]
Magnetic moment: 2.115241219069663e-14 Bohr magnetons
Calculating q=[0.16666666666666666, 0.15, 0]
Energy: -11.930013812366068 eV
Magnetic moment: -2.46323471440652e-15 Bohr magnetons
Calculating q=[0.18333333333333332, 0.15, 0]
Energy: -11.930013812366068 eV
Magnetic moment: -2.46323471440652e-15 Bohr magnetons
Calculating q=[0.18333333333333332, 0.15, 0]
Energy: -11.930013812366068 eV
Magnetic moment: -2.46323471440652e-15 Bohr magnetons
Calculating q=[0.18333333333333332, 0.15, 0]
Energy: -11.930013812366068 eV
Magnetic moment: -2.46323471440652e-15 Bohr magnetons
Calculating q=[0.18333333333333332, 0.15, 0]
Energy: -11.930013812366068 eV
Magnetic moment: -2.46323471440652e-15 Bohr magnetons
Calculating q=[0.18333333333333332, 0.15, 0]
Energy: -11.930013812366068 eV
Magnetic moment: -2.46323471440652e-15 Bohr magnetons
Calculating q=[0.18333333333333332, 0.15, 0]
Energy: -11.930013812366068 eV
Magnetic moment: -2.46323471440652e-15 Bohr magnetons
Calculating q=[0.18333333333333332, 0.15, 0]
Energy: -11.930013812366068 eV
Magnetic moment: -2.46323471440652e-15 Bohr magnetons
Calculating q=[0.18333333333333332, 0.15, 0]
Energy: -11.930013812366068 eV
Magnetic moment: -2.46323471440652e-15 Bohr magnetons
Calculating q=[0.18333333333333332, 0.15, 0]
Energy: -11.930013812366068 eV
Magnetic moment: -2.46323471440652e-15 Bohr magnetons
Calculating q=[0.18333333333333332, 0.15, 0]
Energy: -11.930013812366068 eV
Magnetic moment: -2.46323471440652e-15 Bohr magnetons
Calculating q=[0.18333333333333332, 0.15, 0]
Energy: -11.930013812366068 eV
Magnetic moment: -2.46323471440652e-15 Bohr magnetons
Calculating q=[0.18333333333333332, 0.15, 0]
Energy: -11.928570496727476 eV
Magnetic moment: 7.535131588324142e-15 Bohr magnetons
Calculating q=[0.2, 0.15, 0]
Energy: -11.928570496727476 eV
Magnetic moment: 7.535131588324142e-15 Bohr magnetons
Calculating q=[0.2, 0.15, 0]
Energy: -11.928570496727476 eV
Magnetic moment: 7.535131588324142e-15 Bohr magnetons
Calculating q=[0.2, 0.15, 0]
Energy: -11.928570496727476 eV
Magnetic moment: 7.535131588324142e-15 Bohr magnetons
Calculating q=[0.2, 0.15, 0]
Energy: -11.928570496727476 eV
Magnetic moment: 7.535131588324142e-15 Bohr magnetons
Calculating q=[0.2, 0.15, 0]
Energy: -11.928570496727476 eV
Magnetic moment: 7.535131588324142e-15 Bohr magnetons
Calculating q=[0.2, 0.15, 0]
Energy: -11.928570496727476 eV
Magnetic moment: 7.535131588324142e-15 Bohr magnetons
Calculating q=[0.2, 0.15, 0]
Energy: -11.928570496727476 eV
Magnetic moment: 7.535131588324142e-15 Bohr magnetons
Calculating q=[0.2, 0.15, 0]
Energy: -11.928570496727476 eV
Magnetic moment: 7.535131588324142e-15 Bohr magnetons
Calculating q=[0.2, 0.15, 0]
Energy: -11.928570496727476 eV
Magnetic moment: 7.535131588324142e-15 Bohr magnetons
Calculating q=[0.2, 0.15, 0]
Energy: -11.928570496727476 eV
Magnetic moment: 7.535131588324142e-15 Bohr magnetons
Calculating q=[0.2, 0.15, 0]
Energy: -11.928570496727476 eV
Magnetic moment: 7.535131588324142e-15 Bohr magnetons
Calculating q=[0.2, 0.15, 0]
Energy: -11.926502443232096 eV
Magnetic moment: -3.143825816438973e-15 Bohr magnetons
Calculating q=[0.21666666666666667, 0.15, 0]
Energy: -11.926502443232096 eV
Magnetic moment: -3.143825816438973e-15 Bohr magnetons
Calculating q=[0.21666666666666667, 0.15, 0]
Energy: -11.926502443232096 eV
Magnetic moment: -3.143825816438973e-15 Bohr magnetons
Calculating q=[0.21666666666666667, 0.15, 0]
Energy: -11.926502443232096 eV
Magnetic moment: -3.143825816438973e-15 Bohr magnetons
Calculating q=[0.21666666666666667, 0.15, 0]
Energy: -11.926502443232096 eV
Magnetic moment: -3.143825816438973e-15 Bohr magnetons
Calculating q=[0.21666666666666667, 0.15, 0]
Energy: -11.926502443232096 eV
Magnetic moment: -3.143825816438973e-15 Bohr magnetons
Calculating q=[0.21666666666666667, 0.15, 0]
Energy: -11.926502443232096 eV
Magnetic moment: -3.143825816438973e-15 Bohr magnetons
Calculating q=[0.21666666666666667, 0.15, 0]
Energy: -11.926502443232096 eV
Magnetic moment: -3.143825816438973e-15 Bohr magnetons
Calculating q=[0.21666666666666667, 0.15, 0]
Energy: -11.926502443232096 eV
Magnetic moment: -3.143825816438973e-15 Bohr magnetons
Calculating q=[0.21666666666666667, 0.15, 0]
Energy: -11.926502443232096 eV
Magnetic moment: -3.143825816438973e-15 Bohr magnetons
Calculating q=[0.21666666666666667, 0.15, 0]
Energy: -11.926502443232096 eV
Magnetic moment: -3.143825816438973e-15 Bohr magnetons
Calculating q=[0.21666666666666667, 0.15, 0]
Energy: -11.926502443232096 eV
Magnetic moment: -3.143825816438973e-15 Bohr magnetons
Calculating q=[0.21666666666666667, 0.15, 0]
Energy: -11.924007526996437 eV
Magnetic moment: 7.540724293215666e-15 Bohr magnetons
Calculating q=[0.23333333333333334, 0.15, 0]
Energy: -11.924007526996437 eV
Magnetic moment: 7.540724293215666e-15 Bohr magnetons
Calculating q=[0.23333333333333334, 0.15, 0]
Energy: -11.924007526996437 eV
Magnetic moment: 7.540724293215666e-15 Bohr magnetons
Calculating q=[0.23333333333333334, 0.15, 0]
Energy: -11.924007526996437 eV
Magnetic moment: 7.540724293215666e-15 Bohr magnetons
Calculating q=[0.23333333333333334, 0.15, 0]
Energy: -11.924007526996437 eV
Magnetic moment: 7.540724293215666e-15 Bohr magnetons
Calculating q=[0.23333333333333334, 0.15, 0]
Energy: -11.924007526996437 eV
Magnetic moment: 7.540724293215666e-15 Bohr magnetons
Calculating q=[0.23333333333333334, 0.15, 0]
Energy: -11.924007526996437 eV
Magnetic moment: 7.540724293215666e-15 Bohr magnetons
Calculating q=[0.23333333333333334, 0.15, 0]
Energy: -11.924007526996437 eV
Magnetic moment: 7.540724293215666e-15 Bohr magnetons
Calculating q=[0.23333333333333334, 0.15, 0]
Energy: -11.924007526996437 eV
Magnetic moment: 7.540724293215666e-15 Bohr magnetons
Calculating q=[0.23333333333333334, 0.15, 0]
Energy: -11.924007526996437 eV
Magnetic moment: 7.540724293215666e-15 Bohr magnetons
Calculating q=[0.23333333333333334, 0.15, 0]
Energy: -11.924007526996437 eV
Magnetic moment: 7.540724293215666e-15 Bohr magnetons
Calculating q=[0.23333333333333334, 0.15, 0]
Energy: -11.924007526996437 eV
Magnetic moment: 7.540724293215666e-15 Bohr magnetons
Calculating q=[0.23333333333333334, 0.15, 0]
Energy: -11.921378867727372 eV
Magnetic moment: -1.2774176958280664e-14 Bohr magnetons
Calculating q=[0.25, 0.15, 0]
Energy: -11.921378867727372 eV
Magnetic moment: -1.2774176958280664e-14 Bohr magnetons
Calculating q=[0.25, 0.15, 0]
Energy: -11.921378867727372 eV
Magnetic moment: -1.2774176958280664e-14 Bohr magnetons
Calculating q=[0.25, 0.15, 0]
Energy: -11.921378867727372 eV
Magnetic moment: -1.2774176958280664e-14 Bohr magnetons
Calculating q=[0.25, 0.15, 0]
Energy: -11.921378867727372 eV
Magnetic moment: -1.2774176958280664e-14 Bohr magnetons
Calculating q=[0.25, 0.15, 0]
Energy: -11.921378867727372 eV
Magnetic moment: -1.2774176958280664e-14 Bohr magnetons
Calculating q=[0.25, 0.15, 0]
Energy: -11.921378867727372 eV
Magnetic moment: -1.2774176958280664e-14 Bohr magnetons
Calculating q=[0.25, 0.15, 0]
Energy: -11.921378867727372 eV
Magnetic moment: -1.2774176958280664e-14 Bohr magnetons
Calculating q=[0.25, 0.15, 0]
Energy: -11.921378867727372 eV
Magnetic moment: -1.2774176958280664e-14 Bohr magnetons
Calculating q=[0.25, 0.15, 0]
Energy: -11.921378867727372 eV
Magnetic moment: -1.2774176958280664e-14 Bohr magnetons
Calculating q=[0.25, 0.15, 0]
Energy: -11.921378867727372 eV
Magnetic moment: -1.2774176958280664e-14 Bohr magnetons
Calculating q=[0.25, 0.15, 0]
Energy: -11.921378867727372 eV
Magnetic moment: -1.2774176958280664e-14 Bohr magnetons
Calculating q=[0.25, 0.15, 0]
Energy: -11.91856094183707 eV
Magnetic moment: -2.878267087752035e-14 Bohr magnetons
Calculating q=[0.26666666666666666, 0.15, 0]
Energy: -11.91856094183707 eV
Magnetic moment: -2.878267087752035e-14 Bohr magnetons
Calculating q=[0.26666666666666666, 0.15, 0]
Energy: -11.91856094183707 eV
Magnetic moment: -2.878267087752035e-14 Bohr magnetons
Calculating q=[0.26666666666666666, 0.15, 0]
Energy: -11.91856094183707 eV
Magnetic moment: -2.878267087752035e-14 Bohr magnetons
Calculating q=[0.26666666666666666, 0.15, 0]
Energy: -11.91856094183707 eV
Magnetic moment: -2.878267087752035e-14 Bohr magnetons
Calculating q=[0.26666666666666666, 0.15, 0]
Energy: -11.91856094183707 eV
Magnetic moment: -2.878267087752035e-14 Bohr magnetons
Calculating q=[0.26666666666666666, 0.15, 0]
Energy: -11.91856094183707 eV
Magnetic moment: -2.878267087752035e-14 Bohr magnetons
Calculating q=[0.26666666666666666, 0.15, 0]
Energy: -11.91856094183707 eV
Magnetic moment: -2.878267087752035e-14 Bohr magnetons
Calculating q=[0.26666666666666666, 0.15, 0]
Energy: -11.91856094183707 eV
Magnetic moment: -2.878267087752035e-14 Bohr magnetons
Calculating q=[0.26666666666666666, 0.15, 0]
Energy: -11.91856094183707 eV
Magnetic moment: -2.878267087752035e-14 Bohr magnetons
Calculating q=[0.26666666666666666, 0.15, 0]
Energy: -11.91856094183707 eV
Magnetic moment: -2.878267087752035e-14 Bohr magnetons
Calculating q=[0.26666666666666666, 0.15, 0]
Energy: -11.91856094183707 eV
Magnetic moment: -2.878267087752035e-14 Bohr magnetons
Calculating q=[0.26666666666666666, 0.15, 0]
Energy: -11.915672054782647 eV
Magnetic moment: 1.108717638408268e-14 Bohr magnetons
Calculating q=[0.2833333333333333, 0.15, 0]
Energy: -11.915672054782647 eV
Magnetic moment: 1.108717638408268e-14 Bohr magnetons
Calculating q=[0.2833333333333333, 0.15, 0]
Energy: -11.915672054782647 eV
Magnetic moment: 1.108717638408268e-14 Bohr magnetons
Calculating q=[0.2833333333333333, 0.15, 0]
Energy: -11.915672054782647 eV
Magnetic moment: 1.108717638408268e-14 Bohr magnetons
Calculating q=[0.2833333333333333, 0.15, 0]
Energy: -11.915672054782647 eV
Magnetic moment: 1.108717638408268e-14 Bohr magnetons
Calculating q=[0.2833333333333333, 0.15, 0]
Energy: -11.915672054782647 eV
Magnetic moment: 1.108717638408268e-14 Bohr magnetons
Calculating q=[0.2833333333333333, 0.15, 0]
Energy: -11.915672054782647 eV
Magnetic moment: 1.108717638408268e-14 Bohr magnetons
Calculating q=[0.2833333333333333, 0.15, 0]
Energy: -11.915672054782647 eV
Magnetic moment: 1.108717638408268e-14 Bohr magnetons
Calculating q=[0.2833333333333333, 0.15, 0]
Energy: -11.915672054782647 eV
Magnetic moment: 1.108717638408268e-14 Bohr magnetons
Calculating q=[0.2833333333333333, 0.15, 0]
Energy: -11.915672054782647 eV
Magnetic moment: 1.108717638408268e-14 Bohr magnetons
Calculating q=[0.2833333333333333, 0.15, 0]
Energy: -11.915672054782647 eV
Magnetic moment: 1.108717638408268e-14 Bohr magnetons
Calculating q=[0.2833333333333333, 0.15, 0]
Energy: -11.915672054782647 eV
Magnetic moment: 1.108717638408268e-14 Bohr magnetons
Calculating q=[0.2833333333333333, 0.15, 0]
Energy: -11.912729860623754 eV
Magnetic moment: -4.784226898760528e-15 Bohr magnetons
Calculating q=[0.3, 0.15, 0]
Energy: -11.912729860623754 eV
Magnetic moment: -4.784226898760528e-15 Bohr magnetons
Calculating q=[0.3, 0.15, 0]
Energy: -11.912729860623754 eV
Magnetic moment: -4.784226898760528e-15 Bohr magnetons
Calculating q=[0.3, 0.15, 0]
Energy: -11.912729860623754 eV
Magnetic moment: -4.784226898760528e-15 Bohr magnetons
Calculating q=[0.3, 0.15, 0]
Energy: -11.912729860623754 eV
Magnetic moment: -4.784226898760528e-15 Bohr magnetons
Calculating q=[0.3, 0.15, 0]
Energy: -11.912729860623754 eV
Magnetic moment: -4.784226898760528e-15 Bohr magnetons
Calculating q=[0.3, 0.15, 0]
Energy: -11.912729860623754 eV
Magnetic moment: -4.784226898760528e-15 Bohr magnetons
Calculating q=[0.3, 0.15, 0]
Energy: -11.912729860623754 eV
Magnetic moment: -4.784226898760528e-15 Bohr magnetons
Calculating q=[0.3, 0.15, 0]
Energy: -11.912729860623754 eV
Magnetic moment: -4.784226898760528e-15 Bohr magnetons
Calculating q=[0.3, 0.15, 0]
Energy: -11.912729860623754 eV
Magnetic moment: -4.784226898760528e-15 Bohr magnetons
Calculating q=[0.3, 0.15, 0]
Energy: -11.912729860623754 eV
Magnetic moment: -4.784226898760528e-15 Bohr magnetons
Calculating q=[0.3, 0.15, 0]
Energy: -11.912729860623754 eV
Magnetic moment: -4.784226898760528e-15 Bohr magnetons
Calculating q=[0.3, 0.15, 0]
Energy: -11.909851797146324 eV
Magnetic moment: 1.5868356116282703e-14 Bohr magnetons
Calculating q=[0.31666666666666665, 0.15, 0]
Energy: -11.909851797146324 eV
Magnetic moment: 1.5868356116282703e-14 Bohr magnetons
Calculating q=[0.31666666666666665, 0.15, 0]
Energy: -11.909851797146324 eV
Magnetic moment: 1.5868356116282703e-14 Bohr magnetons
Calculating q=[0.31666666666666665, 0.15, 0]
Energy: -11.909851797146324 eV
Magnetic moment: 1.5868356116282703e-14 Bohr magnetons
Calculating q=[0.31666666666666665, 0.15, 0]
Energy: -11.909851797146324 eV
Magnetic moment: 1.5868356116282703e-14 Bohr magnetons
Calculating q=[0.31666666666666665, 0.15, 0]
Energy: -11.909851797146324 eV
Magnetic moment: 1.5868356116282703e-14 Bohr magnetons
Calculating q=[0.31666666666666665, 0.15, 0]
Energy: -11.909851797146324 eV
Magnetic moment: 1.5868356116282703e-14 Bohr magnetons
Calculating q=[0.31666666666666665, 0.15, 0]
Energy: -11.909851797146324 eV
Magnetic moment: 1.5868356116282703e-14 Bohr magnetons
Calculating q=[0.31666666666666665, 0.15, 0]
Energy: -11.909851797146324 eV
Magnetic moment: 1.5868356116282703e-14 Bohr magnetons
Calculating q=[0.31666666666666665, 0.15, 0]
Energy: -11.909851797146324 eV
Magnetic moment: 1.5868356116282703e-14 Bohr magnetons
Calculating q=[0.31666666666666665, 0.15, 0]
Energy: -11.909851797146324 eV
Magnetic moment: 1.5868356116282703e-14 Bohr magnetons
Calculating q=[0.31666666666666665, 0.15, 0]
Energy: -11.909851797146324 eV
Magnetic moment: 1.5868356116282703e-14 Bohr magnetons
Calculating q=[0.31666666666666665, 0.15, 0]
Energy: -11.907073270335527 eV
Magnetic moment: -4.628193018314306e-14 Bohr magnetons
Calculating q=[0.3333333333333333, 0.15, 0]
Energy: -11.907073270335527 eV
Magnetic moment: -4.628193018314306e-14 Bohr magnetons
Calculating q=[0.3333333333333333, 0.15, 0]
Energy: -11.907073270335527 eV
Magnetic moment: -4.628193018314306e-14 Bohr magnetons
Calculating q=[0.3333333333333333, 0.15, 0]
Energy: -11.907073270335527 eV
Magnetic moment: -4.628193018314306e-14 Bohr magnetons
Calculating q=[0.3333333333333333, 0.15, 0]
Energy: -11.907073270335527 eV
Magnetic moment: -4.628193018314306e-14 Bohr magnetons
Calculating q=[0.3333333333333333, 0.15, 0]
Energy: -11.907073270335527 eV
Magnetic moment: -4.628193018314306e-14 Bohr magnetons
Calculating q=[0.3333333333333333, 0.15, 0]
Energy: -11.907073270335527 eV
Magnetic moment: -4.628193018314306e-14 Bohr magnetons
Calculating q=[0.3333333333333333, 0.15, 0]
Energy: -11.907073270335527 eV
Magnetic moment: -4.628193018314306e-14 Bohr magnetons
Calculating q=[0.3333333333333333, 0.15, 0]
Energy: -11.907073270335527 eV
Magnetic moment: -4.628193018314306e-14 Bohr magnetons
Calculating q=[0.3333333333333333, 0.15, 0]
Energy: -11.907073270335527 eV
Magnetic moment: -4.628193018314306e-14 Bohr magnetons
Calculating q=[0.3333333333333333, 0.15, 0]
Energy: -11.907073270335527 eV
Magnetic moment: -4.628193018314306e-14 Bohr magnetons
Calculating q=[0.3333333333333333, 0.15, 0]
Energy: -11.907073270335527 eV
Magnetic moment: -4.628193018314306e-14 Bohr magnetons
Calculating q=[0.3333333333333333, 0.15, 0]
Energy: -11.90450756751563 eV
Magnetic moment: -3.17093430955819e-15 Bohr magnetons
Calculating q=[0.35, 0.15, 0]
Energy: -11.90450756751563 eV
Magnetic moment: -3.17093430955819e-15 Bohr magnetons
Calculating q=[0.35, 0.15, 0]
Energy: -11.90450756751563 eV
Magnetic moment: -3.17093430955819e-15 Bohr magnetons
Calculating q=[0.35, 0.15, 0]
Energy: -11.90450756751563 eV
Magnetic moment: -3.17093430955819e-15 Bohr magnetons
Calculating q=[0.35, 0.15, 0]
Energy: -11.90450756751563 eV
Magnetic moment: -3.17093430955819e-15 Bohr magnetons
Calculating q=[0.35, 0.15, 0]
Energy: -11.90450756751563 eV
Magnetic moment: -3.17093430955819e-15 Bohr magnetons
Calculating q=[0.35, 0.15, 0]
Energy: -11.90450756751563 eV
Magnetic moment: -3.17093430955819e-15 Bohr magnetons
Calculating q=[0.35, 0.15, 0]
Energy: -11.90450756751563 eV
Magnetic moment: -3.17093430955819e-15 Bohr magnetons
Calculating q=[0.35, 0.15, 0]
Energy: -11.90450756751563 eV
Magnetic moment: -3.17093430955819e-15 Bohr magnetons
Calculating q=[0.35, 0.15, 0]
Energy: -11.90450756751563 eV
Magnetic moment: -3.17093430955819e-15 Bohr magnetons
Calculating q=[0.35, 0.15, 0]
Energy: -11.90450756751563 eV
Magnetic moment: -3.17093430955819e-15 Bohr magnetons
Calculating q=[0.35, 0.15, 0]
Energy: -11.90450756751563 eV
Magnetic moment: -3.17093430955819e-15 Bohr magnetons
Calculating q=[0.35, 0.15, 0]
Energy: -11.902225581150516 eV
Magnetic moment: -5.247183049046367e-14 Bohr magnetons
Calculating q=[0.36666666666666664, 0.15, 0]
Energy: -11.902225581150516 eV
Magnetic moment: -5.247183049046367e-14 Bohr magnetons
Calculating q=[0.36666666666666664, 0.15, 0]
Energy: -11.902225581150516 eV
Magnetic moment: -5.247183049046367e-14 Bohr magnetons
Calculating q=[0.36666666666666664, 0.15, 0]
Energy: -11.902225581150516 eV
Magnetic moment: -5.247183049046367e-14 Bohr magnetons
Calculating q=[0.36666666666666664, 0.15, 0]
Energy: -11.902225581150516 eV
Magnetic moment: -5.247183049046367e-14 Bohr magnetons
Calculating q=[0.36666666666666664, 0.15, 0]
Energy: -11.902225581150516 eV
Magnetic moment: -5.247183049046367e-14 Bohr magnetons
Calculating q=[0.36666666666666664, 0.15, 0]
Energy: -11.902225581150516 eV
Magnetic moment: -5.247183049046367e-14 Bohr magnetons
Calculating q=[0.36666666666666664, 0.15, 0]
Energy: -11.902225581150516 eV
Magnetic moment: -5.247183049046367e-14 Bohr magnetons
Calculating q=[0.36666666666666664, 0.15, 0]
Energy: -11.902225581150516 eV
Magnetic moment: -5.247183049046367e-14 Bohr magnetons
Calculating q=[0.36666666666666664, 0.15, 0]
Energy: -11.902225581150516 eV
Magnetic moment: -5.247183049046367e-14 Bohr magnetons
Calculating q=[0.36666666666666664, 0.15, 0]
Energy: -11.902225581150516 eV
Magnetic moment: -5.247183049046367e-14 Bohr magnetons
Calculating q=[0.36666666666666664, 0.15, 0]
Energy: -11.902225581150516 eV
Magnetic moment: -5.247183049046367e-14 Bohr magnetons
Calculating q=[0.36666666666666664, 0.15, 0]
Energy: -11.900358731033734 eV
Magnetic moment: 7.122097924619711e-15 Bohr magnetons
Calculating q=[0.3833333333333333, 0.15, 0]
Energy: -11.900358731033734 eV
Magnetic moment: 7.122097924619711e-15 Bohr magnetons
Calculating q=[0.3833333333333333, 0.15, 0]
Energy: -11.900358731033734 eV
Magnetic moment: 7.122097924619711e-15 Bohr magnetons
Calculating q=[0.3833333333333333, 0.15, 0]
Energy: -11.900358731033734 eV
Magnetic moment: 7.122097924619711e-15 Bohr magnetons
Calculating q=[0.3833333333333333, 0.15, 0]
Energy: -11.900358731033734 eV
Magnetic moment: 7.122097924619711e-15 Bohr magnetons
Calculating q=[0.3833333333333333, 0.15, 0]
Energy: -11.900358731033734 eV
Magnetic moment: 7.122097924619711e-15 Bohr magnetons
Calculating q=[0.3833333333333333, 0.15, 0]
Energy: -11.900358731033734 eV
Magnetic moment: 7.122097924619711e-15 Bohr magnetons
Calculating q=[0.3833333333333333, 0.15, 0]
Energy: -11.900358731033734 eV
Magnetic moment: 7.122097924619711e-15 Bohr magnetons
Calculating q=[0.3833333333333333, 0.15, 0]
Energy: -11.900358731033734 eV
Magnetic moment: 7.122097924619711e-15 Bohr magnetons
Calculating q=[0.3833333333333333, 0.15, 0]
Energy: -11.900358731033734 eV
Magnetic moment: 7.122097924619711e-15 Bohr magnetons
Calculating q=[0.3833333333333333, 0.15, 0]
Energy: -11.900358731033734 eV
Magnetic moment: 7.122097924619711e-15 Bohr magnetons
Calculating q=[0.3833333333333333, 0.15, 0]
Energy: -11.900358731033734 eV
Magnetic moment: 7.122097924619711e-15 Bohr magnetons
Calculating q=[0.3833333333333333, 0.15, 0]
Energy: -11.898866064790948 eV
Magnetic moment: -2.5014419860813355e-14 Bohr magnetons
Calculating q=[0.4, 0.15, 0]
Energy: -11.898866064790948 eV
Magnetic moment: -2.5014419860813355e-14 Bohr magnetons
Calculating q=[0.4, 0.15, 0]
Energy: -11.898866064790948 eV
Magnetic moment: -2.5014419860813355e-14 Bohr magnetons
Calculating q=[0.4, 0.15, 0]
Energy: -11.898866064790948 eV
Magnetic moment: -2.5014419860813355e-14 Bohr magnetons
Calculating q=[0.4, 0.15, 0]
Energy: -11.898866064790948 eV
Magnetic moment: -2.5014419860813355e-14 Bohr magnetons
Calculating q=[0.4, 0.15, 0]
Energy: -11.898866064790948 eV
Magnetic moment: -2.5014419860813355e-14 Bohr magnetons
Calculating q=[0.4, 0.15, 0]
Energy: -11.898866064790948 eV
Magnetic moment: -2.5014419860813355e-14 Bohr magnetons
Calculating q=[0.4, 0.15, 0]
Energy: -11.898866064790948 eV
Magnetic moment: -2.5014419860813355e-14 Bohr magnetons
Calculating q=[0.4, 0.15, 0]
Energy: -11.898866064790948 eV
Magnetic moment: -2.5014419860813355e-14 Bohr magnetons
Calculating q=[0.4, 0.15, 0]
Energy: -11.898866064790948 eV
Magnetic moment: -2.5014419860813355e-14 Bohr magnetons
Calculating q=[0.4, 0.15, 0]
Energy: -11.898866064790948 eV
Magnetic moment: -2.5014419860813355e-14 Bohr magnetons
Calculating q=[0.4, 0.15, 0]
Energy: -11.898866064790948 eV
Magnetic moment: -2.5014419860813355e-14 Bohr magnetons
Calculating q=[0.4, 0.15, 0]
Energy: -11.89783982878109 eV
Magnetic moment: -2.277798028624015e-14 Bohr magnetons
Calculating q=[0.41666666666666663, 0.15, 0]
Energy: -11.89783982878109 eV
Magnetic moment: -2.277798028624015e-14 Bohr magnetons
Calculating q=[0.41666666666666663, 0.15, 0]
Energy: -11.89783982878109 eV
Magnetic moment: -2.277798028624015e-14 Bohr magnetons
Calculating q=[0.41666666666666663, 0.15, 0]
Energy: -11.89783982878109 eV
Magnetic moment: -2.277798028624015e-14 Bohr magnetons
Calculating q=[0.41666666666666663, 0.15, 0]
Energy: -11.89783982878109 eV
Magnetic moment: -2.277798028624015e-14 Bohr magnetons
Calculating q=[0.41666666666666663, 0.15, 0]
Energy: -11.89783982878109 eV
Magnetic moment: -2.277798028624015e-14 Bohr magnetons
Calculating q=[0.41666666666666663, 0.15, 0]
Energy: -11.89783982878109 eV
Magnetic moment: -2.277798028624015e-14 Bohr magnetons
Calculating q=[0.41666666666666663, 0.15, 0]
Energy: -11.89783982878109 eV
Magnetic moment: -2.277798028624015e-14 Bohr magnetons
Calculating q=[0.41666666666666663, 0.15, 0]
Energy: -11.89783982878109 eV
Magnetic moment: -2.277798028624015e-14 Bohr magnetons
Calculating q=[0.41666666666666663, 0.15, 0]
Energy: -11.89783982878109 eV
Magnetic moment: -2.277798028624015e-14 Bohr magnetons
Calculating q=[0.41666666666666663, 0.15, 0]
Energy: -11.89783982878109 eV
Magnetic moment: -2.277798028624015e-14 Bohr magnetons
Calculating q=[0.41666666666666663, 0.15, 0]
Energy: -11.89783982878109 eV
Magnetic moment: -2.277798028624015e-14 Bohr magnetons
Calculating q=[0.41666666666666663, 0.15, 0]
Energy: -11.897317662384548 eV
Magnetic moment: 4.960708761952048e-15 Bohr magnetons
Energy: -11.897317662384548 eV
Magnetic moment: 4.960708761952048e-15 Bohr magnetons
Energy: -11.897317662384548 eV
Magnetic moment: 4.960708761952048e-15 Bohr magnetons
Energy: -11.897317662384548 eV
Magnetic moment: 4.960708761952048e-15 Bohr magnetons
Energy: -11.897317662384548 eV
Magnetic moment: 4.960708761952048e-15 Bohr magnetons
Energy: -11.897317662384548 eV
Magnetic moment: 4.960708761952048e-15 Bohr magnetons
Energy: -11.897317662384548 eV
Magnetic moment: 4.960708761952048e-15 Bohr magnetons
Energy: -11.897317662384548 eV
Magnetic moment: 4.960708761952048e-15 Bohr magnetons
Energy: -11.897317662384548 eV
Magnetic moment: 4.960708761952048e-15 Bohr magnetons
Energy: -11.897317662384548 eV
Magnetic moment: 4.960708761952048e-15 Bohr magnetons
Energy: -11.897317662384548 eV
Magnetic moment: 4.960708761952048e-15 Bohr magnetons
Energy: -11.897317662384548 eV
Magnetic moment: 4.960708761952048e-15 Bohr magnetons

------------------------------------------------------------
Sender: LSF System <lsfadmin@hpc.dtu.dk>
Subject: Job 21504681: <plot_9.py> in cluster <dcc> Done

Job <plot_9.py> was submitted from host <n-62-30-5> by user <s194113> in cluster <dcc> at Fri Apr 19 17:59:26 2024
Job was executed on host(s) <12*n-62-29-33>, in queue <hpc>, as user <s194113> in cluster <dcc> at Fri Apr 19 21:22:49 2024
</zhome/87/8/147075> was used as the home directory.
</zhome/87/8/147075/10302/10302_NM/NiI2_2D> was used as the working directory.
Started at Fri Apr 19 21:22:49 2024
Terminated at Fri Apr 19 23:41:14 2024
Results reported at Fri Apr 19 23:41:14 2024

Your job looked like:

------------------------------------------------------------
# LSBATCH: User input
#!/bin/bash -l
id=$LSB_JOBID
mq=/zhome/87/8/147075/.myqueue/lsf-$id
source /zhome/87/8/147075/venv-name/bin/activate
echo "venv: /zhome/87/8/147075/venv-name/bin/activate"
(touch $mq-0 && \
 cd '/zhome/87/8/147075/10302/10302_NM/NiI2_2D' && \
 mpiexec python3 plot_9.py && \
 touch $mq-1) || \
(touch $mq-2; exit 1)

------------------------------------------------------------

Successfully completed.

Resource usage summary:

    CPU time :                                   99610.45 sec.
    Max Memory :                                 8197 MB
    Average Memory :                             5726.58 MB
    Total Requested Memory :                     73728.00 MB
    Delta Memory :                               65531.00 MB
    Max Swap :                                   -
    Max Processes :                              17
    Max Threads :                                57
    Run time :                                   8305 sec.
    Turnaround time :                            20508 sec.

The output (if any) is above this job summary.



PS:

Read file </zhome/87/8/147075/10302/10302_NM/NiI2_2D/plot_9.py.21504681.err> for stderr output of this job.

