Modules Release 4.8.0 (2021-07-14)
DCC-SW: Added modules (2023-aug/XeonE5-2660v3)
DCC-SW: Removed standard modules: /apps/dcc/etc/ModulesSL73/modulefiles
DCC-SW: Using gnu/12.3.0 compiler (requested)
DCC-SW: Released modules (2023-aug/XeonE5-2660v3)
DCC-SW: Added modules (2020-aug/XeonE5-2660v3)
DCC-SW: Removed standard modules: /apps/dcc/etc/ModulesSL73/modulefiles
DCC-SW: Using gnu/9.3.0 compiler
Loading python/3.8.5
  Loading requirement: build-tools/1.0 gcc/9.3.0 zlib/1.2.11 expat/2.2.0
    libffi/3.3
Loading scalapack/2.1.0
  Loading requirement: numactl/2.0.12 libxml2/2.9.10 hwloc/2.2.0 knem/1.1.4
    ucx/1.8.1 openmpi/4.0.4
(null): Forwarding signal 18 to job
Traceback (most recent call last):
  File "Band.py", line 52, in <module>
    energy = atoms.get_potential_energy()
  File "/zhome/87/8/147075/venv-name/ase/ase/atoms.py", line 755, in get_potential_energy
    energy = self._calc.get_potential_energy(self)
  File "/zhome/87/8/147075/venv-name/gpaw/gpaw/new/ase_interface.py", line 253, in get_potential_energy
    return self.calculate_property(atoms,
  File "/zhome/87/8/147075/venv-name/gpaw/gpaw/new/ase_interface.py", line 167, in calculate_property
    self.converge()
  File "/zhome/87/8/147075/venv-name/gpaw/gpaw/new/ase_interface.py", line 226, in converge
    self.calculation.converge(calculate_forces=self._calculate_forces)
  File "/zhome/87/8/147075/venv-name/gpaw/gpaw/new/calculation.py", line 171, in converge
    for step, _ in enumerate(self.iconverge(convergence,
  File "/zhome/87/8/147075/venv-name/gpaw/gpaw/new/calculation.py", line 158, in iconverge
    yield from self.scf_loop.iterate(self.state,
  File "/zhome/87/8/147075/venv-name/gpaw/gpaw/new/scf.py", line 107, in iterate
    state.density.update(state.ibzwfs,
  File "/zhome/87/8/147075/venv-name/gpaw/gpaw/new/density.py", line 209, in update
    ibzwfs.add_to_density(self.nt_sR, self.D_asii)
  File "/zhome/87/8/147075/venv-name/gpaw/gpaw/new/ibzwfs.py", line 196, in add_to_density
    wfs.add_to_density(nt_sR, D_asii)
  File "/zhome/87/8/147075/venv-name/gpaw/gpaw/new/pwfd/wave_functions.py", line 159, in add_to_density
    psit_sG.ifft(out=tmp_sR)
  File "/zhome/87/8/147075/venv-name/gpaw/gpaw/core/plane_waves.py", line 364, in ifft
    plan.ifft_sphere(coef_G, self.desc, out1)
  File "/zhome/87/8/147075/venv-name/gpaw/gpaw/fftw.py", line 149, in ifft_sphere
    self.ifft()
  File "/zhome/87/8/147075/venv-name/gpaw/gpaw/fftw.py", line 172, in ifft
    _gpaw.FFTWExecute(self._ifftplan)
KeyboardInterrupt
