venv: /zhome/84/5/147090/venv1/bin/activate
Calculating ground state
31 q-points in the path
=====================================
Calculating q=[0. 0. 0.]
Calculating ground state
31 q-points in the path
=====================================
Calculating q=[0. 0. 0.]
Calculating ground state
31 q-points in the path
=====================================
Calculating q=[0. 0. 0.]
Calculating ground state
31 q-points in the path
=====================================
Calculating q=[0. 0. 0.]
Calculating ground state
31 q-points in the path
=====================================
Calculating q=[0. 0. 0.]
Calculating ground state
Calculating ground state
Calculating ground state
31 q-points in the path
31 q-points in the path
=====================================
Calculating ground state
=====================================
31 q-points in the path
=====================================
31 q-points in the path
Calculating ground state
31 q-points in the path
=====================================
Calculating q=[0. 0. 0.]
=====================================
Calculating q=[0. 0. 0.]
Calculating ground state
Calculating q=[0. 0. 0.]
Calculating q=[0. 0. 0.]
31 q-points in the path
=====================================
Calculating q=[0. 0. 0.]
Calculating q=[0. 0. 0.]
Calculating ground state
31 q-points in the path
=====================================
Calculating q=[0. 0. 0.]
Energy: -15.10315651609826 eV
Magnetic moment: 9.067857623477879e-10 Bohr magnetons
Energy: -15.10315651609826 eV
Magnetic moment: 9.067857623477879e-10 Bohr magnetons
Energy: -15.10315651609826 eV
Magnetic moment: 9.067857623477879e-10 Bohr magnetons
Energy: -15.10315651609826 eV
Magnetic moment: 9.067857623477879e-10 Bohr magnetons
Energy: -15.10315651609826 eV
Magnetic moment: 9.067857623477879e-10 Bohr magnetons
Energy: -15.10315651609826 eV
Magnetic moment: 9.067857623477879e-10 Bohr magnetons
Energy: -15.10315651609826 eV
Magnetic moment: 9.067857623477879e-10 Bohr magnetons
Energy: -15.10315651609826 eV
Magnetic moment: 9.067857623477879e-10 Bohr magnetons
Energy: -15.10315651609826 eV
Magnetic moment: 9.067857623477879e-10 Bohr magnetons
Energy: -15.10315651609826 eV
Magnetic moment: 9.067857623477879e-10 Bohr magnetons
Energy: -15.10315651609826 eV
Magnetic moment: 9.067857623477879e-10 Bohr magnetons
Calculating q=[0.05 0.   0.  ]
Calculating q=[0.05 0.   0.  ]
Calculating q=[0.05 0.   0.  ]
Energy: -15.10315651609826 eV
Magnetic moment: 9.067857623477879e-10 Bohr magnetons
Calculating q=[0.05 0.   0.  ]
Calculating q=[0.05 0.   0.  ]
Calculating q=[0.05 0.   0.  ]
Calculating q=[0.05 0.   0.  ]
Calculating q=[0.05 0.   0.  ]
Calculating q=[0.05 0.   0.  ]
Calculating q=[0.05 0.   0.  ]
Calculating q=[0.05 0.   0.  ]
Calculating q=[0.05 0.   0.  ]
Energy: -15.106898693739891 eV
Magnetic moment: 2.7235660532774367e-13 Bohr magnetons
Energy: -15.106898693739891 eV
Magnetic moment: 2.7235660532774367e-13 Bohr magnetons
Energy: -15.106898693739891 eV
Magnetic moment: 2.7235660532774367e-13 Bohr magnetons
Energy: -15.106898693739891 eV
Magnetic moment: 2.7235660532774367e-13 Bohr magnetons
Energy: -15.106898693739891 eV
Magnetic moment: 2.7235660532774367e-13 Bohr magnetons
Energy: -15.106898693739891 eV
Magnetic moment: 2.7235660532774367e-13 Bohr magnetons
Energy: -15.106898693739891 eV
Magnetic moment: 2.7235660532774367e-13 Bohr magnetons
Energy: -15.106898693739891 eV
Magnetic moment: 2.7235660532774367e-13 Bohr magnetons
Energy: -15.106898693739891 eV
Magnetic moment: 2.7235660532774367e-13 Bohr magnetons
Energy: -15.106898693739891 eV
Magnetic moment: 2.7235660532774367e-13 Bohr magnetons
Energy: -15.106898693739891 eV
Magnetic moment: 2.7235660532774367e-13 Bohr magnetons
Calculating q=[0.1 0.  0. ]
Energy: -15.106898693739891 eV
Magnetic moment: 2.7235660532774367e-13 Bohr magnetons
Calculating q=[0.1 0.  0. ]
Calculating q=[0.1 0.  0. ]
Calculating q=[0.1 0.  0. ]
Calculating q=[0.1 0.  0. ]
Calculating q=[0.1 0.  0. ]
Calculating q=[0.1 0.  0. ]
Calculating q=[0.1 0.  0. ]
Calculating q=[0.1 0.  0. ]
Calculating q=[0.1 0.  0. ]
Calculating q=[0.1 0.  0. ]
Calculating q=[0.1 0.  0. ]
Energy: -15.117009874575055 eV
Magnetic moment: 3.420809401295064e-13 Bohr magnetons
Energy: -15.117009874575055 eV
Magnetic moment: 3.420809401295064e-13 Bohr magnetons
Energy: -15.117009874575055 eV
Magnetic moment: 3.420809401295064e-13 Bohr magnetons
Energy: -15.117009874575055 eV
Magnetic moment: 3.420809401295064e-13 Bohr magnetons
Energy: -15.117009874575055 eV
Magnetic moment: 3.420809401295064e-13 Bohr magnetons
Energy: -15.117009874575055 eV
Magnetic moment: 3.420809401295064e-13 Bohr magnetons
Energy: -15.117009874575055 eV
Magnetic moment: 3.420809401295064e-13 Bohr magnetons
Energy: -15.117009874575055 eV
Magnetic moment: 3.420809401295064e-13 Bohr magnetons
Energy: -15.117009874575055 eV
Magnetic moment: 3.420809401295064e-13 Bohr magnetons
Energy: -15.117009874575055 eV
Magnetic moment: 3.420809401295064e-13 Bohr magnetons
Energy: -15.117009874575055 eV
Magnetic moment: 3.420809401295064e-13 Bohr magnetons
Energy: -15.117009874575055 eV
Magnetic moment: 3.420809401295064e-13 Bohr magnetons
Calculating q=[0.15 0.   0.  ]
Calculating q=[0.15 0.   0.  ]
Calculating q=[0.15 0.   0.  ]
Calculating q=[0.15 0.   0.  ]
Calculating q=[0.15 0.   0.  ]
Calculating q=[0.15 0.   0.  ]
Calculating q=[0.15 0.   0.  ]
Calculating q=[0.15 0.   0.  ]
Calculating q=[0.15 0.   0.  ]
Calculating q=[0.15 0.   0.  ]
Calculating q=[0.15 0.   0.  ]
Calculating q=[0.15 0.   0.  ]
