venv: /zhome/87/8/147075/venv-name/bin/activate
[1714726182.753903] [n-62-28-31:15625:0]          ib_md.c:1063 UCX  WARN  IB: ibv_fork_init() was disabled or failed, yet a fork() has been issued.
[1714726182.753955] [n-62-28-31:15630:0]          ib_md.c:1063 UCX  WARN  IB: ibv_fork_init() was disabled or failed, yet a fork() has been issued.
[1714726182.753991] [n-62-28-31:15630:0]          ib_md.c:1064 UCX  WARN  IB: data corruption might occur when using registered memory.
[1714726182.754464] [n-62-28-31:15622:0]          ib_md.c:1063 UCX  WARN  IB: ibv_fork_init() was disabled or failed, yet a fork() has been issued.
[1714726182.754494] [n-62-28-31:15622:0]          ib_md.c:1064 UCX  WARN  IB: data corruption might occur when using registered memory.
[1714726182.754096] [n-62-28-31:15623:0]          ib_md.c:1063 UCX  WARN  IB: ibv_fork_init() was disabled or failed, yet a fork() has been issued.
[1714726182.754132] [n-62-28-31:15623:0]          ib_md.c:1064 UCX  WARN  IB: data corruption might occur when using registered memory.
[1714726182.754308] [n-62-28-31:15624:0]          ib_md.c:1063 UCX  WARN  IB: ibv_fork_init() was disabled or failed, yet a fork() has been issued.
[1714726182.754342] [n-62-28-31:15624:0]          ib_md.c:1064 UCX  WARN  IB: data corruption might occur when using registered memory.
[1714726182.755243] [n-62-28-31:15626:0]          ib_md.c:1063 UCX  WARN  IB: ibv_fork_init() was disabled or failed, yet a fork() has been issued.
[1714726182.755280] [n-62-28-31:15626:0]          ib_md.c:1064 UCX  WARN  IB: data corruption might occur when using registered memory.
[1714726182.755147] [n-62-28-31:15627:0]          ib_md.c:1063 UCX  WARN  IB: ibv_fork_init() was disabled or failed, yet a fork() has been issued.
[1714726182.755182] [n-62-28-31:15627:0]          ib_md.c:1064 UCX  WARN  IB: data corruption might occur when using registered memory.
[1714726182.754429] [n-62-28-31:15628:0]          ib_md.c:1063 UCX  WARN  IB: ibv_fork_init() was disabled or failed, yet a fork() has been issued.
[1714726182.754457] [n-62-28-31:15628:0]          ib_md.c:1064 UCX  WARN  IB: data corruption might occur when using registered memory.
[1714726182.754620] [n-62-28-31:15629:0]          ib_md.c:1063 UCX  WARN  IB: ibv_fork_init() was disabled or failed, yet a fork() has been issued.
[1714726182.754654] [n-62-28-31:15629:0]          ib_md.c:1064 UCX  WARN  IB: data corruption might occur when using registered memory.
[1714726182.754036] [n-62-28-31:15625:0]          ib_md.c:1064 UCX  WARN  IB: data corruption might occur when using registered memory.
[1714726182.754980] [n-62-28-31:15631:0]          ib_md.c:1063 UCX  WARN  IB: ibv_fork_init() was disabled or failed, yet a fork() has been issued.
[1714726182.755019] [n-62-28-31:15631:0]          ib_md.c:1064 UCX  WARN  IB: data corruption might occur when using registered memory.
[1714726182.754786] [n-62-28-31:15632:0]          ib_md.c:1063 UCX  WARN  IB: ibv_fork_init() was disabled or failed, yet a fork() has been issued.
[1714726182.754820] [n-62-28-31:15632:0]          ib_md.c:1064 UCX  WARN  IB: data corruption might occur when using registered memory.
[1714726182.754786] [n-62-28-31:15633:0]          ib_md.c:1063 UCX  WARN  IB: ibv_fork_init() was disabled or failed, yet a fork() has been issued.
[1714726182.754820] [n-62-28-31:15633:0]          ib_md.c:1064 UCX  WARN  IB: data corruption might occur when using registered memory.

------------------------------------------------------------
Sender: LSF System <lsfadmin@hpc.dtu.dk>
Subject: Job 21673490: <soc.py> in cluster <dcc> Exited

Job <soc.py> was submitted from host <n-62-30-1> by user <s194113> in cluster <dcc> at Fri May  3 10:45:09 2024
Job was executed on host(s) <12*n-62-28-31>, in queue <hpc>, as user <s194113> in cluster <dcc> at Fri May  3 10:49:38 2024
</zhome/87/8/147075> was used as the home directory.
</work3/s194113/10302/10302_NM/MnI2_Supercell> was used as the working directory.
Started at Fri May  3 10:49:38 2024
Terminated at Fri May  3 10:49:59 2024
Results reported at Fri May  3 10:49:59 2024

Your job looked like:

------------------------------------------------------------
# LSBATCH: User input
#!/bin/bash -l
id=$LSB_JOBID
mq=/work3/s194113/10302/10302_NM/.myqueue/lsf-$id
source /zhome/87/8/147075/venv-name/bin/activate
echo "venv: /zhome/87/8/147075/venv-name/bin/activate"
(touch $mq-0 && \
 cd '/work3/s194113/10302/10302_NM/MnI2_Supercell' && \
 mpiexec python3 soc.py && \
 touch $mq-1) || \
(touch $mq-2; exit 1)

------------------------------------------------------------

Exited with exit code 1.

Resource usage summary:

    CPU time :                                   114.00 sec.
    Max Memory :                                 1525 MB
    Average Memory :                             1525.00 MB
    Total Requested Memory :                     73728.00 MB
    Delta Memory :                               72203.00 MB
    Max Swap :                                   -
    Max Processes :                              17
    Max Threads :                                57
    Run time :                                   20 sec.
    Turnaround time :                            290 sec.

The output (if any) is above this job summary.



PS:

Read file </work3/s194113/10302/10302_NM/MnI2_Supercell/soc.py.21673490.err> for stderr output of this job.

