venv: /zhome/87/8/147075/venv-name/bin/activate
[1714726625.220136] [n-62-28-18:13564:0]          ib_md.c:1063 UCX  WARN  IB: ibv_fork_init() was disabled or failed, yet a fork() has been issued.
[1714726625.220170] [n-62-28-18:13564:0]          ib_md.c:1064 UCX  WARN  IB: data corruption might occur when using registered memory.
[1714726625.220133] [n-62-28-18:13565:0]          ib_md.c:1063 UCX  WARN  IB: ibv_fork_init() was disabled or failed, yet a fork() has been issued.
[1714726625.220150] [n-62-28-18:13566:0]          ib_md.c:1063 UCX  WARN  IB: ibv_fork_init() was disabled or failed, yet a fork() has been issued.
[1714726625.220178] [n-62-28-18:13566:0]          ib_md.c:1064 UCX  WARN  IB: data corruption might occur when using registered memory.
[1714726625.220156] [n-62-28-18:13568:0]          ib_md.c:1063 UCX  WARN  IB: ibv_fork_init() was disabled or failed, yet a fork() has been issued.
[1714726625.220187] [n-62-28-18:13568:0]          ib_md.c:1064 UCX  WARN  IB: data corruption might occur when using registered memory.
[1714726625.220138] [n-62-28-18:13570:0]          ib_md.c:1063 UCX  WARN  IB: ibv_fork_init() was disabled or failed, yet a fork() has been issued.
[1714726625.220170] [n-62-28-18:13570:0]          ib_md.c:1064 UCX  WARN  IB: data corruption might occur when using registered memory.
[1714726625.220150] [n-62-28-18:13571:0]          ib_md.c:1063 UCX  WARN  IB: ibv_fork_init() was disabled or failed, yet a fork() has been issued.
[1714726625.220180] [n-62-28-18:13571:0]          ib_md.c:1064 UCX  WARN  IB: data corruption might occur when using registered memory.
[1714726625.220203] [n-62-28-18:13562:0]          ib_md.c:1063 UCX  WARN  IB: ibv_fork_init() was disabled or failed, yet a fork() has been issued.
[1714726625.220231] [n-62-28-18:13562:0]          ib_md.c:1064 UCX  WARN  IB: data corruption might occur when using registered memory.
[1714726625.220209] [n-62-28-18:13563:0]          ib_md.c:1063 UCX  WARN  IB: ibv_fork_init() was disabled or failed, yet a fork() has been issued.
[1714726625.220240] [n-62-28-18:13563:0]          ib_md.c:1064 UCX  WARN  IB: data corruption might occur when using registered memory.
[1714726625.220185] [n-62-28-18:13567:0]          ib_md.c:1063 UCX  WARN  IB: ibv_fork_init() was disabled or failed, yet a fork() has been issued.
[1714726625.220225] [n-62-28-18:13567:0]          ib_md.c:1064 UCX  WARN  IB: data corruption might occur when using registered memory.
[1714726625.220197] [n-62-28-18:13569:0]          ib_md.c:1063 UCX  WARN  IB: ibv_fork_init() was disabled or failed, yet a fork() has been issued.
[1714726625.220243] [n-62-28-18:13569:0]          ib_md.c:1064 UCX  WARN  IB: data corruption might occur when using registered memory.
[1714726625.220320] [n-62-28-18:13565:0]          ib_md.c:1064 UCX  WARN  IB: data corruption might occur when using registered memory.

------------------------------------------------------------
Sender: LSF System <lsfadmin@hpc.dtu.dk>
Subject: Job 21673541: <soc.py> in cluster <dcc> Exited

Job <soc.py> was submitted from host <n-62-27-19> by user <s194113> in cluster <dcc> at Fri May  3 10:56:59 2024
Job was executed on host(s) <10*n-62-28-18>, in queue <hpc>, as user <s194113> in cluster <dcc> at Fri May  3 10:56:59 2024
</zhome/87/8/147075> was used as the home directory.
</work3/s194113/10302/10302_NM/MnI2_Supercell> was used as the working directory.
Started at Fri May  3 10:56:59 2024
Terminated at Fri May  3 12:57:32 2024
Results reported at Fri May  3 12:57:32 2024

Your job looked like:

------------------------------------------------------------
# LSBATCH: User input
#!/bin/bash -l
id=$LSB_JOBID
mq=/work3/s194113/10302/10302_NM/.myqueue/lsf-$id
source /zhome/87/8/147075/venv-name/bin/activate
echo "venv: /zhome/87/8/147075/venv-name/bin/activate"
(touch $mq-0 && \
 cd '/work3/s194113/10302/10302_NM/MnI2_Supercell' && \
 mpiexec python3 soc.py && \
 touch $mq-1) || \
(touch $mq-2; exit 1)

------------------------------------------------------------

TERM_RUNLIMIT: job killed after reaching LSF run time limit.
Exited with exit code 140.

Resource usage summary:

    CPU time :                                   72138.00 sec.
    Max Memory :                                 1741 MB
    Average Memory :                             1624.50 MB
    Total Requested Memory :                     61440.00 MB
    Delta Memory :                               59699.00 MB
    Max Swap :                                   -
    Max Processes :                              15
    Max Threads :                                49
    Run time :                                   7289 sec.
    Turnaround time :                            7233 sec.

The output (if any) is above this job summary.



PS:

Read file </work3/s194113/10302/10302_NM/MnI2_Supercell/soc.py.21673541.err> for stderr output of this job.

