venv: /zhome/87/8/147075/venv-name/bin/activate
[1713708735.580456] [n-62-29-27:18141:0]          ib_md.c:1063 UCX  WARN  IB: ibv_fork_init() was disabled or failed, yet a fork() has been issued.
[1713708735.580492] [n-62-29-27:18141:0]          ib_md.c:1064 UCX  WARN  IB: data corruption might occur when using registered memory.
[1713708735.580411] [n-62-29-27:18142:0]          ib_md.c:1063 UCX  WARN  IB: ibv_fork_init() was disabled or failed, yet a fork() has been issued.
[1713708735.580445] [n-62-29-27:18142:0]          ib_md.c:1064 UCX  WARN  IB: data corruption might occur when using registered memory.
[1713708735.588588] [n-62-29-27:18135:0]          ib_md.c:1063 UCX  WARN  IB: ibv_fork_init() was disabled or failed, yet a fork() has been issued.
[1713708735.588622] [n-62-29-27:18135:0]          ib_md.c:1064 UCX  WARN  IB: data corruption might occur when using registered memory.
[1713708735.589842] [n-62-29-27:18137:0]          ib_md.c:1063 UCX  WARN  IB: ibv_fork_init() was disabled or failed, yet a fork() has been issued.
[1713708735.589880] [n-62-29-27:18137:0]          ib_md.c:1064 UCX  WARN  IB: data corruption might occur when using registered memory.
[1713708735.590039] [n-62-29-27:18131:0]          ib_md.c:1063 UCX  WARN  IB: ibv_fork_init() was disabled or failed, yet a fork() has been issued.
[1713708735.590070] [n-62-29-27:18131:0]          ib_md.c:1064 UCX  WARN  IB: data corruption might occur when using registered memory.
[1713708735.590175] [n-62-29-27:18139:0]          ib_md.c:1063 UCX  WARN  IB: ibv_fork_init() was disabled or failed, yet a fork() has been issued.
[1713708735.590260] [n-62-29-27:18139:0]          ib_md.c:1064 UCX  WARN  IB: data corruption might occur when using registered memory.
[1713708735.590713] [n-62-29-27:18134:0]          ib_md.c:1063 UCX  WARN  IB: ibv_fork_init() was disabled or failed, yet a fork() has been issued.
[1713708735.590793] [n-62-29-27:18134:0]          ib_md.c:1064 UCX  WARN  IB: data corruption might occur when using registered memory.
[1713708735.591086] [n-62-29-27:18136:0]          ib_md.c:1063 UCX  WARN  IB: ibv_fork_init() was disabled or failed, yet a fork() has been issued.
[1713708735.591148] [n-62-29-27:18133:0]          ib_md.c:1063 UCX  WARN  IB: ibv_fork_init() was disabled or failed, yet a fork() has been issued.
[1713708735.591179] [n-62-29-27:18136:0]          ib_md.c:1064 UCX  WARN  IB: data corruption might occur when using registered memory.
[1713708735.591242] [n-62-29-27:18133:0]          ib_md.c:1064 UCX  WARN  IB: data corruption might occur when using registered memory.
[1713708735.591291] [n-62-29-27:18132:0]          ib_md.c:1063 UCX  WARN  IB: ibv_fork_init() was disabled or failed, yet a fork() has been issued.
[1713708735.591323] [n-62-29-27:18132:0]          ib_md.c:1064 UCX  WARN  IB: data corruption might occur when using registered memory.
[1713708735.591684] [n-62-29-27:18140:0]          ib_md.c:1063 UCX  WARN  IB: ibv_fork_init() was disabled or failed, yet a fork() has been issued.
[1713708735.591773] [n-62-29-27:18140:0]          ib_md.c:1064 UCX  WARN  IB: data corruption might occur when using registered memory.
[1713708735.591926] [n-62-29-27:18138:0]          ib_md.c:1063 UCX  WARN  IB: ibv_fork_init() was disabled or failed, yet a fork() has been issued.
[1713708735.591960] [n-62-29-27:18138:0]          ib_md.c:1064 UCX  WARN  IB: data corruption might occur when using registered memory.
Calculating ground state
31 q-points in the path
=====================================
Calculating ground state
31 q-points in the path
=====================================
Calculating q=[0. 0. 0.]
Calculating ground state
Calculating ground state
31 q-points in the path
=====================================
31 q-points in the path
Calculating q=[0. 0. 0.]
=====================================
Calculating ground state
Calculating ground state
Calculating q=[0. 0. 0.]
31 q-points in the path
31 q-points in the path
=====================================
Calculating ground state
31 q-points in the path
=====================================
=====================================
Calculating q=[0. 0. 0.]
Calculating ground state
Calculating ground state
31 q-points in the path
=====================================
Calculating q=[0. 0. 0.]
Calculating q=[0. 0. 0.]
31 q-points in the path
=====================================
Calculating ground state
Calculating ground state
31 q-points in the path
Calculating q=[0. 0. 0.]
31 q-points in the path
=====================================
=====================================
Calculating q=[0. 0. 0.]
Calculating q=[0. 0. 0.]
Calculating ground state
Calculating q=[0. 0. 0.]
Calculating q=[0. 0. 0.]
31 q-points in the path
=====================================
Calculating q=[0. 0. 0.]
Energy: -15.536586576492454 eV
Magnetic moment: -7.535849536299043e-12 Bohr magnetons
Energy: -15.536586576492454 eV
Magnetic moment: -7.535849536299043e-12 Bohr magnetons
Energy: -15.536586576492454 eV
Magnetic moment: -7.535849536299043e-12 Bohr magnetons
Energy: -15.536586576492454 eV
Magnetic moment: -7.535849536299043e-12 Bohr magnetons
Energy: -15.536586576492454 eV
Magnetic moment: -7.535849536299043e-12 Bohr magnetons
Energy: -15.536586576492454 eV
Magnetic moment: -7.535849536299043e-12 Bohr magnetons
Energy: -15.536586576492454 eV
Magnetic moment: -7.535849536299043e-12 Bohr magnetons
Energy: -15.536586576492454 eV
Magnetic moment: -7.535849536299043e-12 Bohr magnetons
Energy: -15.536586576492454 eV
Magnetic moment: -7.535849536299043e-12 Bohr magnetons
Energy: -15.536586576492454 eV
Magnetic moment: -7.535849536299043e-12 Bohr magnetons
Energy: -15.536586576492454 eV
Magnetic moment: -7.535849536299043e-12 Bohr magnetons
Calculating q=[0.05 0.   0.  ]
Calculating q=[0.05 0.   0.  ]
Calculating q=[0.05 0.   0.  ]
Calculating q=[0.05 0.   0.  ]
Calculating q=[0.05 0.   0.  ]
Calculating q=[0.05 0.   0.  ]
Calculating q=[0.05 0.   0.  ]
Energy: -15.536586576492454 eV
Magnetic moment: -7.535849536299043e-12 Bohr magnetons
Calculating q=[0.05 0.   0.  ]
Calculating q=[0.05 0.   0.  ]
Calculating q=[0.05 0.   0.  ]
Calculating q=[0.05 0.   0.  ]
Calculating q=[0.05 0.   0.  ]
Energy: -15.537980807471934 eV
Magnetic moment: -6.276066353450677e-15 Bohr magnetons
Energy: -15.537980807471934 eV
Magnetic moment: -6.276066353450677e-15 Bohr magnetons
Energy: -15.537980807471934 eV
Magnetic moment: -6.276066353450677e-15 Bohr magnetons
Energy: -15.537980807471934 eV
Magnetic moment: -6.276066353450677e-15 Bohr magnetons
Energy: -15.537980807471934 eV
Magnetic moment: -6.276066353450677e-15 Bohr magnetons
Energy: -15.537980807471934 eV
Magnetic moment: -6.276066353450677e-15 Bohr magnetons
Energy: -15.537980807471934 eV
Magnetic moment: -6.276066353450677e-15 Bohr magnetons
Energy: -15.537980807471934 eV
Magnetic moment: -6.276066353450677e-15 Bohr magnetons
Energy: -15.537980807471934 eV
Magnetic moment: -6.276066353450677e-15 Bohr magnetons
Energy: -15.537980807471934 eV
Magnetic moment: -6.276066353450677e-15 Bohr magnetons
Energy: -15.537980807471934 eV
Magnetic moment: -6.276066353450677e-15 Bohr magnetons
Energy: -15.537980807471934 eV
Magnetic moment: -6.276066353450677e-15 Bohr magnetons
Calculating q=[0.1 0.  0. ]
Calculating q=[0.1 0.  0. ]
Calculating q=[0.1 0.  0. ]
Calculating q=[0.1 0.  0. ]
Calculating q=[0.1 0.  0. ]
Calculating q=[0.1 0.  0. ]
Calculating q=[0.1 0.  0. ]
Calculating q=[0.1 0.  0. ]
Calculating q=[0.1 0.  0. ]
Calculating q=[0.1 0.  0. ]
Calculating q=[0.1 0.  0. ]
Calculating q=[0.1 0.  0. ]
Energy: -15.541915060871418 eV
Magnetic moment: -9.275108072999467e-15 Bohr magnetons
Energy: -15.541915060871418 eV
Magnetic moment: -9.275108072999467e-15 Bohr magnetons
Energy: -15.541915060871418 eV
Magnetic moment: -9.275108072999467e-15 Bohr magnetons
Energy: -15.541915060871418 eV
Magnetic moment: -9.275108072999467e-15 Bohr magnetons
Energy: -15.541915060871418 eV
Magnetic moment: -9.275108072999467e-15 Bohr magnetons
Energy: -15.541915060871418 eV
Magnetic moment: -9.275108072999467e-15 Bohr magnetons
Energy: -15.541915060871418 eV
Magnetic moment: -9.275108072999467e-15 Bohr magnetons
Energy: -15.541915060871418 eV
Magnetic moment: -9.275108072999467e-15 Bohr magnetons
Energy: -15.541915060871418 eV
Magnetic moment: -9.275108072999467e-15 Bohr magnetons
Energy: -15.541915060871418 eV
Magnetic moment: -9.275108072999467e-15 Bohr magnetons
Energy: -15.541915060871418 eV
Magnetic moment: -9.275108072999467e-15 Bohr magnetons
Energy: -15.541915060871418 eV
Magnetic moment: -9.275108072999467e-15 Bohr magnetons
Calculating q=[0.15 0.   0.  ]
Calculating q=[0.15 0.   0.  ]
Calculating q=[0.15 0.   0.  ]
Calculating q=[0.15 0.   0.  ]
Calculating q=[0.15 0.   0.  ]
Calculating q=[0.15 0.   0.  ]
Calculating q=[0.15 0.   0.  ]
Calculating q=[0.15 0.   0.  ]
Calculating q=[0.15 0.   0.  ]
Calculating q=[0.15 0.   0.  ]
Calculating q=[0.15 0.   0.  ]
Calculating q=[0.15 0.   0.  ]
Energy: -15.547744543349022 eV
Magnetic moment: -1.3229105177328502e-15 Bohr magnetons
Energy: -15.547744543349022 eV
Magnetic moment: -1.3229105177328502e-15 Bohr magnetons
Energy: -15.547744543349022 eV
Magnetic moment: -1.3229105177328502e-15 Bohr magnetons
Energy: -15.547744543349022 eV
Magnetic moment: -1.3229105177328502e-15 Bohr magnetons
Energy: -15.547744543349022 eV
Magnetic moment: -1.3229105177328502e-15 Bohr magnetons
Energy: -15.547744543349022 eV
Magnetic moment: -1.3229105177328502e-15 Bohr magnetons
Energy: -15.547744543349022 eV
Magnetic moment: -1.3229105177328502e-15 Bohr magnetons
Energy: -15.547744543349022 eV
Magnetic moment: -1.3229105177328502e-15 Bohr magnetons
Energy: -15.547744543349022 eV
Magnetic moment: -1.3229105177328502e-15 Bohr magnetons
Energy: -15.547744543349022 eV
Magnetic moment: -1.3229105177328502e-15 Bohr magnetons
Energy: -15.547744543349022 eV
Magnetic moment: -1.3229105177328502e-15 Bohr magnetons
Energy: -15.547744543349022 eV
Magnetic moment: -1.3229105177328502e-15 Bohr magnetons
Calculating q=[0.2 0.  0. ]
Calculating q=[0.2 0.  0. ]
Calculating q=[0.2 0.  0. ]
Calculating q=[0.2 0.  0. ]
Calculating q=[0.2 0.  0. ]
Calculating q=[0.2 0.  0. ]
Calculating q=[0.2 0.  0. ]
Calculating q=[0.2 0.  0. ]
Calculating q=[0.2 0.  0. ]
Calculating q=[0.2 0.  0. ]
Calculating q=[0.2 0.  0. ]
Calculating q=[0.2 0.  0. ]
Energy: -15.554579511898794 eV
Magnetic moment: 4.304632393101591e-09 Bohr magnetons
Energy: -15.554579511898794 eV
Magnetic moment: 4.304632393101591e-09 Bohr magnetons
Energy: -15.554579511898794 eV
Magnetic moment: 4.304632393101591e-09 Bohr magnetons
Energy: -15.554579511898794 eV
Magnetic moment: 4.304632393101591e-09 Bohr magnetons
Energy: -15.554579511898794 eV
Magnetic moment: 4.304632393101591e-09 Bohr magnetons
Energy: -15.554579511898794 eV
Magnetic moment: 4.304632393101591e-09 Bohr magnetons
Energy: -15.554579511898794 eV
Magnetic moment: 4.304632393101591e-09 Bohr magnetons
Energy: -15.554579511898794 eV
Magnetic moment: 4.304632393101591e-09 Bohr magnetons
Energy: -15.554579511898794 eV
Magnetic moment: 4.304632393101591e-09 Bohr magnetons
Energy: -15.554579511898794 eV
Magnetic moment: 4.304632393101591e-09 Bohr magnetons
Energy: -15.554579511898794 eV
Magnetic moment: 4.304632393101591e-09 Bohr magnetons
Energy: -15.554579511898794 eV
Magnetic moment: 4.304632393101591e-09 Bohr magnetons
Calculating q=[0.25 0.   0.  ]
Calculating q=[0.25 0.   0.  ]
Calculating q=[0.25 0.   0.  ]
Calculating q=[0.25 0.   0.  ]
Calculating q=[0.25 0.   0.  ]
Calculating q=[0.25 0.   0.  ]
Calculating q=[0.25 0.   0.  ]
Calculating q=[0.25 0.   0.  ]
Calculating q=[0.25 0.   0.  ]
Calculating q=[0.25 0.   0.  ]
Calculating q=[0.25 0.   0.  ]
Calculating q=[0.25 0.   0.  ]
Energy: -15.561525346242105 eV
Magnetic moment: 5.5115592155354664e-14 Bohr magnetons
Energy: -15.561525346242105 eV
Magnetic moment: 5.5115592155354664e-14 Bohr magnetons
Energy: -15.561525346242105 eV
Magnetic moment: 5.5115592155354664e-14 Bohr magnetons
Energy: -15.561525346242105 eV
Magnetic moment: 5.5115592155354664e-14 Bohr magnetons
Energy: -15.561525346242105 eV
Magnetic moment: 5.5115592155354664e-14 Bohr magnetons
Energy: -15.561525346242105 eV
Magnetic moment: 5.5115592155354664e-14 Bohr magnetons
Energy: -15.561525346242105 eV
Magnetic moment: 5.5115592155354664e-14 Bohr magnetons
Energy: -15.561525346242105 eV
Magnetic moment: 5.5115592155354664e-14 Bohr magnetons
Energy: -15.561525346242105 eV
Magnetic moment: 5.5115592155354664e-14 Bohr magnetons
Energy: -15.561525346242105 eV
Magnetic moment: 5.5115592155354664e-14 Bohr magnetons
Energy: -15.561525346242105 eV
Magnetic moment: 5.5115592155354664e-14 Bohr magnetons
Energy: -15.561525346242105 eV
Magnetic moment: 5.5115592155354664e-14 Bohr magnetons
Calculating q=[0.3 0.  0. ]
Calculating q=[0.3 0.  0. ]
Calculating q=[0.3 0.  0. ]
Calculating q=[0.3 0.  0. ]
Calculating q=[0.3 0.  0. ]
Calculating q=[0.3 0.  0. ]
Calculating q=[0.3 0.  0. ]
Calculating q=[0.3 0.  0. ]
Calculating q=[0.3 0.  0. ]
Calculating q=[0.3 0.  0. ]
Calculating q=[0.3 0.  0. ]
Calculating q=[0.3 0.  0. ]
Energy: -15.567822327156836 eV
Magnetic moment: 1.779314174510962e-14 Bohr magnetons
Energy: -15.567822327156836 eV
Magnetic moment: 1.779314174510962e-14 Bohr magnetons
Energy: -15.567822327156836 eV
Magnetic moment: 1.779314174510962e-14 Bohr magnetons
Energy: -15.567822327156836 eV
Magnetic moment: 1.779314174510962e-14 Bohr magnetons
Energy: -15.567822327156836 eV
Magnetic moment: 1.779314174510962e-14 Bohr magnetons
Energy: -15.567822327156836 eV
Magnetic moment: 1.779314174510962e-14 Bohr magnetons
Energy: -15.567822327156836 eV
Magnetic moment: 1.779314174510962e-14 Bohr magnetons
Energy: -15.567822327156836 eV
Magnetic moment: 1.779314174510962e-14 Bohr magnetons
Energy: -15.567822327156836 eV
Magnetic moment: 1.779314174510962e-14 Bohr magnetons
Energy: -15.567822327156836 eV
Magnetic moment: 1.779314174510962e-14 Bohr magnetons
Energy: -15.567822327156836 eV
Magnetic moment: 1.779314174510962e-14 Bohr magnetons
Energy: -15.567822327156836 eV
Magnetic moment: 1.779314174510962e-14 Bohr magnetons
Calculating q=[0.35 0.   0.  ]
Calculating q=[0.35 0.   0.  ]
Calculating q=[0.35 0.   0.  ]
Calculating q=[0.35 0.   0.  ]
Calculating q=[0.35 0.   0.  ]
Calculating q=[0.35 0.   0.  ]
Calculating q=[0.35 0.   0.  ]
Calculating q=[0.35 0.   0.  ]
Calculating q=[0.35 0.   0.  ]
Calculating q=[0.35 0.   0.  ]
Calculating q=[0.35 0.   0.  ]
Calculating q=[0.35 0.   0.  ]
Energy: -15.572972862451762 eV
Magnetic moment: 1.2461495359392925e-11 Bohr magnetons
Energy: -15.572972862451762 eV
Magnetic moment: 1.2461495359392925e-11 Bohr magnetons
Energy: -15.572972862451762 eV
Magnetic moment: 1.2461495359392925e-11 Bohr magnetons
Energy: -15.572972862451762 eV
Magnetic moment: 1.2461495359392925e-11 Bohr magnetons
Energy: -15.572972862451762 eV
Magnetic moment: 1.2461495359392925e-11 Bohr magnetons
Energy: -15.572972862451762 eV
Magnetic moment: 1.2461495359392925e-11 Bohr magnetons
Energy: -15.572972862451762 eV
Magnetic moment: 1.2461495359392925e-11 Bohr magnetons
Energy: -15.572972862451762 eV
Magnetic moment: 1.2461495359392925e-11 Bohr magnetons
Energy: -15.572972862451762 eV
Magnetic moment: 1.2461495359392925e-11 Bohr magnetons
Energy: -15.572972862451762 eV
Magnetic moment: 1.2461495359392925e-11 Bohr magnetons
Energy: -15.572972862451762 eV
Magnetic moment: 1.2461495359392925e-11 Bohr magnetons
Energy: -15.572972862451762 eV
Magnetic moment: 1.2461495359392925e-11 Bohr magnetons
Calculating q=[0.4 0.  0. ]
Calculating q=[0.4 0.  0. ]
Calculating q=[0.4 0.  0. ]
Calculating q=[0.4 0.  0. ]
Calculating q=[0.4 0.  0. ]
Calculating q=[0.4 0.  0. ]
Calculating q=[0.4 0.  0. ]
Calculating q=[0.4 0.  0. ]
Calculating q=[0.4 0.  0. ]
Calculating q=[0.4 0.  0. ]
Calculating q=[0.4 0.  0. ]
Calculating q=[0.4 0.  0. ]
Energy: -15.576704697623835 eV
Magnetic moment: 4.3912642509184356e-15 Bohr magnetons
Energy: -15.576704697623835 eV
Magnetic moment: 4.3912642509184356e-15 Bohr magnetons
Energy: -15.576704697623835 eV
Magnetic moment: 4.3912642509184356e-15 Bohr magnetons
Energy: -15.576704697623835 eV
Magnetic moment: 4.3912642509184356e-15 Bohr magnetons
Energy: -15.576704697623835 eV
Magnetic moment: 4.3912642509184356e-15 Bohr magnetons
Energy: -15.576704697623835 eV
Magnetic moment: 4.3912642509184356e-15 Bohr magnetons
Energy: -15.576704697623835 eV
Magnetic moment: 4.3912642509184356e-15 Bohr magnetons
Energy: -15.576704697623835 eV
Magnetic moment: 4.3912642509184356e-15 Bohr magnetons
Energy: -15.576704697623835 eV
Magnetic moment: 4.3912642509184356e-15 Bohr magnetons
Energy: -15.576704697623835 eV
Magnetic moment: 4.3912642509184356e-15 Bohr magnetons
Energy: -15.576704697623835 eV
Magnetic moment: 4.3912642509184356e-15 Bohr magnetons
Energy: -15.576704697623835 eV
Magnetic moment: 4.3912642509184356e-15 Bohr magnetons
Calculating q=[0.45 0.   0.  ]
Calculating q=[0.45 0.   0.  ]
Calculating q=[0.45 0.   0.  ]
Calculating q=[0.45 0.   0.  ]
Calculating q=[0.45 0.   0.  ]
Calculating q=[0.45 0.   0.  ]
Calculating q=[0.45 0.   0.  ]
Calculating q=[0.45 0.   0.  ]
Calculating q=[0.45 0.   0.  ]
Calculating q=[0.45 0.   0.  ]
Calculating q=[0.45 0.   0.  ]
Calculating q=[0.45 0.   0.  ]
Energy: -15.578930323730418 eV
Magnetic moment: -3.138764209378367e-11 Bohr magnetons
Energy: -15.578930323730418 eV
Magnetic moment: -3.138764209378367e-11 Bohr magnetons
Energy: -15.578930323730418 eV
Magnetic moment: -3.138764209378367e-11 Bohr magnetons
Energy: -15.578930323730418 eV
Magnetic moment: -3.138764209378367e-11 Bohr magnetons
Energy: -15.578930323730418 eV
Magnetic moment: -3.138764209378367e-11 Bohr magnetons
Energy: -15.578930323730418 eV
Magnetic moment: -3.138764209378367e-11 Bohr magnetons
Energy: -15.578930323730418 eV
Magnetic moment: -3.138764209378367e-11 Bohr magnetons
Energy: -15.578930323730418 eV
Magnetic moment: -3.138764209378367e-11 Bohr magnetons
Energy: -15.578930323730418 eV
Magnetic moment: -3.138764209378367e-11 Bohr magnetons
Energy: -15.578930323730418 eV
Magnetic moment: -3.138764209378367e-11 Bohr magnetons
Energy: -15.578930323730418 eV
Magnetic moment: -3.138764209378367e-11 Bohr magnetons
Energy: -15.578930323730418 eV
Magnetic moment: -3.138764209378367e-11 Bohr magnetons
Calculating q=[0.5 0.  0. ]
Calculating q=[0.5 0.  0. ]
Calculating q=[0.5 0.  0. ]
Calculating q=[0.5 0.  0. ]
Calculating q=[0.5 0.  0. ]
Calculating q=[0.5 0.  0. ]
Calculating q=[0.5 0.  0. ]
Calculating q=[0.5 0.  0. ]
Calculating q=[0.5 0.  0. ]
Calculating q=[0.5 0.  0. ]
Calculating q=[0.5 0.  0. ]
Calculating q=[0.5 0.  0. ]
Energy: -15.579653111239024 eV
Magnetic moment: -4.582615811125126e-15 Bohr magnetons
Energy: -15.579653111239024 eV
Magnetic moment: -4.582615811125126e-15 Bohr magnetons
Energy: -15.579653111239024 eV
Magnetic moment: -4.582615811125126e-15 Bohr magnetons
Energy: -15.579653111239024 eV
Magnetic moment: -4.582615811125126e-15 Bohr magnetons
Energy: -15.579653111239024 eV
Magnetic moment: -4.582615811125126e-15 Bohr magnetons
Energy: -15.579653111239024 eV
Magnetic moment: -4.582615811125126e-15 Bohr magnetons
Energy: -15.579653111239024 eV
Magnetic moment: -4.582615811125126e-15 Bohr magnetons
Energy: -15.579653111239024 eV
Magnetic moment: -4.582615811125126e-15 Bohr magnetons
Energy: -15.579653111239024 eV
Magnetic moment: -4.582615811125126e-15 Bohr magnetons
Energy: -15.579653111239024 eV
Magnetic moment: -4.582615811125126e-15 Bohr magnetons
Energy: -15.579653111239024 eV
Magnetic moment: -4.582615811125126e-15 Bohr magnetons
Energy: -15.579653111239024 eV
Magnetic moment: -4.582615811125126e-15 Bohr magnetons
Calculating q=[0.47222222 0.05555556 0.        ]
Calculating q=[0.47222222 0.05555556 0.        ]
Calculating q=[0.47222222 0.05555556 0.        ]
Calculating q=[0.47222222 0.05555556 0.        ]
Calculating q=[0.47222222 0.05555556 0.        ]
Calculating q=[0.47222222 0.05555556 0.        ]
Calculating q=[0.47222222 0.05555556 0.        ]
Calculating q=[0.47222222 0.05555556 0.        ]
Calculating q=[0.47222222 0.05555556 0.        ]
Calculating q=[0.47222222 0.05555556 0.        ]
Calculating q=[0.47222222 0.05555556 0.        ]
Calculating q=[0.47222222 0.05555556 0.        ]
Energy: -15.58022867734982 eV
Magnetic moment: 2.0347381225477694e-15 Bohr magnetons
Energy: -15.58022867734982 eV
Magnetic moment: 2.0347381225477694e-15 Bohr magnetons
Energy: -15.58022867734982 eV
Magnetic moment: 2.0347381225477694e-15 Bohr magnetons
Energy: -15.58022867734982 eV
Magnetic moment: 2.0347381225477694e-15 Bohr magnetons
Energy: -15.58022867734982 eV
Magnetic moment: 2.0347381225477694e-15 Bohr magnetons
Energy: -15.58022867734982 eV
Magnetic moment: 2.0347381225477694e-15 Bohr magnetons
Energy: -15.58022867734982 eV
Magnetic moment: 2.0347381225477694e-15 Bohr magnetons
Energy: -15.58022867734982 eV
Magnetic moment: 2.0347381225477694e-15 Bohr magnetons
Energy: -15.58022867734982 eV
Magnetic moment: 2.0347381225477694e-15 Bohr magnetons
Energy: -15.58022867734982 eV
Magnetic moment: 2.0347381225477694e-15 Bohr magnetons
Energy: -15.58022867734982 eV
Magnetic moment: 2.0347381225477694e-15 Bohr magnetons
Energy: -15.58022867734982 eV
Magnetic moment: 2.0347381225477694e-15 Bohr magnetons
Calculating q=[0.44444444 0.11111111 0.        ]
Calculating q=[0.44444444 0.11111111 0.        ]
Calculating q=[0.44444444 0.11111111 0.        ]
Calculating q=[0.44444444 0.11111111 0.        ]
Calculating q=[0.44444444 0.11111111 0.        ]
Calculating q=[0.44444444 0.11111111 0.        ]
Calculating q=[0.44444444 0.11111111 0.        ]
Calculating q=[0.44444444 0.11111111 0.        ]
Calculating q=[0.44444444 0.11111111 0.        ]
Calculating q=[0.44444444 0.11111111 0.        ]
Calculating q=[0.44444444 0.11111111 0.        ]
Calculating q=[0.44444444 0.11111111 0.        ]
Energy: -15.581795555905456 eV
Magnetic moment: 2.943229563365628e-15 Bohr magnetons
Energy: -15.581795555905456 eV
Magnetic moment: 2.943229563365628e-15 Bohr magnetons
Energy: -15.581795555905456 eV
Magnetic moment: 2.943229563365628e-15 Bohr magnetons
Energy: -15.581795555905456 eV
Magnetic moment: 2.943229563365628e-15 Bohr magnetons
Energy: -15.581795555905456 eV
Magnetic moment: 2.943229563365628e-15 Bohr magnetons
Energy: -15.581795555905456 eV
Magnetic moment: 2.943229563365628e-15 Bohr magnetons
Energy: -15.581795555905456 eV
Magnetic moment: 2.943229563365628e-15 Bohr magnetons
Energy: -15.581795555905456 eV
Magnetic moment: 2.943229563365628e-15 Bohr magnetons
Energy: -15.581795555905456 eV
Magnetic moment: 2.943229563365628e-15 Bohr magnetons
Energy: -15.581795555905456 eV
Magnetic moment: 2.943229563365628e-15 Bohr magnetons
Energy: -15.581795555905456 eV
Magnetic moment: 2.943229563365628e-15 Bohr magnetons
Energy: -15.581795555905456 eV
Magnetic moment: 2.943229563365628e-15 Bohr magnetons
Calculating q=[0.41666667 0.16666667 0.        ]
Calculating q=[0.41666667 0.16666667 0.        ]
Calculating q=[0.41666667 0.16666667 0.        ]
Calculating q=[0.41666667 0.16666667 0.        ]
Calculating q=[0.41666667 0.16666667 0.        ]
Calculating q=[0.41666667 0.16666667 0.        ]
Calculating q=[0.41666667 0.16666667 0.        ]
Calculating q=[0.41666667 0.16666667 0.        ]
Calculating q=[0.41666667 0.16666667 0.        ]
Calculating q=[0.41666667 0.16666667 0.        ]
Calculating q=[0.41666667 0.16666667 0.        ]
Calculating q=[0.41666667 0.16666667 0.        ]
Energy: -15.583890155094958 eV
Magnetic moment: -1.0948984428882878e-15 Bohr magnetons
Energy: -15.583890155094958 eV
Magnetic moment: -1.0948984428882878e-15 Bohr magnetons
Energy: -15.583890155094958 eV
Magnetic moment: -1.0948984428882878e-15 Bohr magnetons
Energy: -15.583890155094958 eV
Magnetic moment: -1.0948984428882878e-15 Bohr magnetons
Energy: -15.583890155094958 eV
Magnetic moment: -1.0948984428882878e-15 Bohr magnetons
Energy: -15.583890155094958 eV
Magnetic moment: -1.0948984428882878e-15 Bohr magnetons
Energy: -15.583890155094958 eV
Magnetic moment: -1.0948984428882878e-15 Bohr magnetons
Energy: -15.583890155094958 eV
Magnetic moment: -1.0948984428882878e-15 Bohr magnetons
Energy: -15.583890155094958 eV
Magnetic moment: -1.0948984428882878e-15 Bohr magnetons
Energy: -15.583890155094958 eV
Magnetic moment: -1.0948984428882878e-15 Bohr magnetons
Energy: -15.583890155094958 eV
Magnetic moment: -1.0948984428882878e-15 Bohr magnetons
Energy: -15.583890155094958 eV
Magnetic moment: -1.0948984428882878e-15 Bohr magnetons
Calculating q=[0.38888889 0.22222222 0.        ]
Calculating q=[0.38888889 0.22222222 0.        ]
Calculating q=[0.38888889 0.22222222 0.        ]
Calculating q=[0.38888889 0.22222222 0.        ]
Calculating q=[0.38888889 0.22222222 0.        ]
Calculating q=[0.38888889 0.22222222 0.        ]
Calculating q=[0.38888889 0.22222222 0.        ]
Calculating q=[0.38888889 0.22222222 0.        ]
Calculating q=[0.38888889 0.22222222 0.        ]
Calculating q=[0.38888889 0.22222222 0.        ]
Calculating q=[0.38888889 0.22222222 0.        ]
Calculating q=[0.38888889 0.22222222 0.        ]
Energy: -15.585938139789219 eV
Magnetic moment: -1.1191485678960742e-14 Bohr magnetons
Energy: -15.585938139789219 eV
Magnetic moment: -1.1191485678960742e-14 Bohr magnetons
Energy: -15.585938139789219 eV
Magnetic moment: -1.1191485678960742e-14 Bohr magnetons
Energy: -15.585938139789219 eV
Magnetic moment: -1.1191485678960742e-14 Bohr magnetons
Energy: -15.585938139789219 eV
Magnetic moment: -1.1191485678960742e-14 Bohr magnetons
Energy: -15.585938139789219 eV
Magnetic moment: -1.1191485678960742e-14 Bohr magnetons
Energy: -15.585938139789219 eV
Magnetic moment: -1.1191485678960742e-14 Bohr magnetons
Energy: -15.585938139789219 eV
Magnetic moment: -1.1191485678960742e-14 Bohr magnetons
Energy: -15.585938139789219 eV
Magnetic moment: -1.1191485678960742e-14 Bohr magnetons
Energy: -15.585938139789219 eV
Magnetic moment: -1.1191485678960742e-14 Bohr magnetons
Energy: -15.585938139789219 eV
Magnetic moment: -1.1191485678960742e-14 Bohr magnetons
Energy: -15.585938139789219 eV
Magnetic moment: -1.1191485678960742e-14 Bohr magnetons
Calculating q=[0.36111111 0.27777778 0.        ]
Calculating q=[0.36111111 0.27777778 0.        ]
Calculating q=[0.36111111 0.27777778 0.        ]
Calculating q=[0.36111111 0.27777778 0.        ]
Calculating q=[0.36111111 0.27777778 0.        ]
Calculating q=[0.36111111 0.27777778 0.        ]
Calculating q=[0.36111111 0.27777778 0.        ]
Calculating q=[0.36111111 0.27777778 0.        ]
Calculating q=[0.36111111 0.27777778 0.        ]
Calculating q=[0.36111111 0.27777778 0.        ]
Calculating q=[0.36111111 0.27777778 0.        ]
Calculating q=[0.36111111 0.27777778 0.        ]
Energy: -15.587416513531508 eV
Magnetic moment: -2.061124754134505e-15 Bohr magnetons
Energy: -15.587416513531508 eV
Magnetic moment: -2.061124754134505e-15 Bohr magnetons
Energy: -15.587416513531508 eV
Magnetic moment: -2.061124754134505e-15 Bohr magnetons
Energy: -15.587416513531508 eV
Magnetic moment: -2.061124754134505e-15 Bohr magnetons
Energy: -15.587416513531508 eV
Magnetic moment: -2.061124754134505e-15 Bohr magnetons
Energy: -15.587416513531508 eV
Magnetic moment: -2.061124754134505e-15 Bohr magnetons
Energy: -15.587416513531508 eV
Magnetic moment: -2.061124754134505e-15 Bohr magnetons
Energy: -15.587416513531508 eV
Magnetic moment: -2.061124754134505e-15 Bohr magnetons
Energy: -15.587416513531508 eV
Magnetic moment: -2.061124754134505e-15 Bohr magnetons
Energy: -15.587416513531508 eV
Magnetic moment: -2.061124754134505e-15 Bohr magnetons
Energy: -15.587416513531508 eV
Magnetic moment: -2.061124754134505e-15 Bohr magnetons
Energy: -15.587416513531508 eV
Magnetic moment: -2.061124754134505e-15 Bohr magnetons
Calculating q=[0.33333333 0.33333333 0.        ]
Calculating q=[0.33333333 0.33333333 0.        ]
Calculating q=[0.33333333 0.33333333 0.        ]
Calculating q=[0.33333333 0.33333333 0.        ]
Calculating q=[0.33333333 0.33333333 0.        ]
Calculating q=[0.33333333 0.33333333 0.        ]
Calculating q=[0.33333333 0.33333333 0.        ]
Calculating q=[0.33333333 0.33333333 0.        ]
Calculating q=[0.33333333 0.33333333 0.        ]
Calculating q=[0.33333333 0.33333333 0.        ]
Calculating q=[0.33333333 0.33333333 0.        ]
Calculating q=[0.33333333 0.33333333 0.        ]
Energy: -15.587946240350433 eV
Magnetic moment: -2.027676360671782e-15 Bohr magnetons
Energy: -15.587946240350433 eV
Magnetic moment: -2.027676360671782e-15 Bohr magnetons
Energy: -15.587946240350433 eV
Magnetic moment: -2.027676360671782e-15 Bohr magnetons
Energy: -15.587946240350433 eV
Magnetic moment: -2.027676360671782e-15 Bohr magnetons
Energy: -15.587946240350433 eV
Magnetic moment: -2.027676360671782e-15 Bohr magnetons
Energy: -15.587946240350433 eV
Magnetic moment: -2.027676360671782e-15 Bohr magnetons
Energy: -15.587946240350433 eV
Magnetic moment: -2.027676360671782e-15 Bohr magnetons
Energy: -15.587946240350433 eV
Magnetic moment: -2.027676360671782e-15 Bohr magnetons
Energy: -15.587946240350433 eV
Magnetic moment: -2.027676360671782e-15 Bohr magnetons
Energy: -15.587946240350433 eV
Magnetic moment: -2.027676360671782e-15 Bohr magnetons
Energy: -15.587946240350433 eV
Magnetic moment: -2.027676360671782e-15 Bohr magnetons
Energy: -15.587946240350433 eV
Magnetic moment: -2.027676360671782e-15 Bohr magnetons
Calculating q=[0.30952381 0.30952381 0.        ]
Calculating q=[0.30952381 0.30952381 0.        ]
Calculating q=[0.30952381 0.30952381 0.        ]
Calculating q=[0.30952381 0.30952381 0.        ]
Calculating q=[0.30952381 0.30952381 0.        ]
Calculating q=[0.30952381 0.30952381 0.        ]
Calculating q=[0.30952381 0.30952381 0.        ]
Calculating q=[0.30952381 0.30952381 0.        ]
Calculating q=[0.30952381 0.30952381 0.        ]
Calculating q=[0.30952381 0.30952381 0.        ]
Calculating q=[0.30952381 0.30952381 0.        ]
Calculating q=[0.30952381 0.30952381 0.        ]
Energy: -15.587527744843964 eV
Magnetic moment: 2.0075799895231247e-15 Bohr magnetons
Energy: -15.587527744843964 eV
Magnetic moment: 2.0075799895231247e-15 Bohr magnetons
Energy: -15.587527744843964 eV
Magnetic moment: 2.0075799895231247e-15 Bohr magnetons
Energy: -15.587527744843964 eV
Magnetic moment: 2.0075799895231247e-15 Bohr magnetons
Energy: -15.587527744843964 eV
Magnetic moment: 2.0075799895231247e-15 Bohr magnetons
Energy: -15.587527744843964 eV
Magnetic moment: 2.0075799895231247e-15 Bohr magnetons
Energy: -15.587527744843964 eV
Magnetic moment: 2.0075799895231247e-15 Bohr magnetons
Energy: -15.587527744843964 eV
Magnetic moment: 2.0075799895231247e-15 Bohr magnetons
Energy: -15.587527744843964 eV
Magnetic moment: 2.0075799895231247e-15 Bohr magnetons
Energy: -15.587527744843964 eV
Magnetic moment: 2.0075799895231247e-15 Bohr magnetons
Energy: -15.587527744843964 eV
Magnetic moment: 2.0075799895231247e-15 Bohr magnetons
Energy: -15.587527744843964 eV
Magnetic moment: 2.0075799895231247e-15 Bohr magnetons
Calculating q=[0.28571429 0.28571429 0.        ]
Calculating q=[0.28571429 0.28571429 0.        ]
Calculating q=[0.28571429 0.28571429 0.        ]
Calculating q=[0.28571429 0.28571429 0.        ]
Calculating q=[0.28571429 0.28571429 0.        ]
Calculating q=[0.28571429 0.28571429 0.        ]
Calculating q=[0.28571429 0.28571429 0.        ]
Calculating q=[0.28571429 0.28571429 0.        ]
Calculating q=[0.28571429 0.28571429 0.        ]
Calculating q=[0.28571429 0.28571429 0.        ]
Calculating q=[0.28571429 0.28571429 0.        ]
Calculating q=[0.28571429 0.28571429 0.        ]
Energy: -15.586218144387734 eV
Magnetic moment: 2.6926066891422187e-15 Bohr magnetons
Energy: -15.586218144387734 eV
Magnetic moment: 2.6926066891422187e-15 Bohr magnetons
Energy: -15.586218144387734 eV
Magnetic moment: 2.6926066891422187e-15 Bohr magnetons
Energy: -15.586218144387734 eV
Magnetic moment: 2.6926066891422187e-15 Bohr magnetons
Energy: -15.586218144387734 eV
Magnetic moment: 2.6926066891422187e-15 Bohr magnetons
Energy: -15.586218144387734 eV
Magnetic moment: 2.6926066891422187e-15 Bohr magnetons
Energy: -15.586218144387734 eV
Magnetic moment: 2.6926066891422187e-15 Bohr magnetons
Energy: -15.586218144387734 eV
Magnetic moment: 2.6926066891422187e-15 Bohr magnetons
Energy: -15.586218144387734 eV
Magnetic moment: 2.6926066891422187e-15 Bohr magnetons
Energy: -15.586218144387734 eV
Magnetic moment: 2.6926066891422187e-15 Bohr magnetons
Energy: -15.586218144387734 eV
Magnetic moment: 2.6926066891422187e-15 Bohr magnetons
Energy: -15.586218144387734 eV
Magnetic moment: 2.6926066891422187e-15 Bohr magnetons
Calculating q=[0.26190476 0.26190476 0.        ]
Calculating q=[0.26190476 0.26190476 0.        ]
Calculating q=[0.26190476 0.26190476 0.        ]
Calculating q=[0.26190476 0.26190476 0.        ]
Calculating q=[0.26190476 0.26190476 0.        ]
Calculating q=[0.26190476 0.26190476 0.        ]
Calculating q=[0.26190476 0.26190476 0.        ]
Calculating q=[0.26190476 0.26190476 0.        ]
Calculating q=[0.26190476 0.26190476 0.        ]
Calculating q=[0.26190476 0.26190476 0.        ]
Calculating q=[0.26190476 0.26190476 0.        ]
Calculating q=[0.26190476 0.26190476 0.        ]
Energy: -15.584025788849154 eV
Magnetic moment: 4.282994469967866e-15 Bohr magnetons
Energy: -15.584025788849154 eV
Magnetic moment: 4.282994469967866e-15 Bohr magnetons
Energy: -15.584025788849154 eV
Magnetic moment: 4.282994469967866e-15 Bohr magnetons
Energy: -15.584025788849154 eV
Magnetic moment: 4.282994469967866e-15 Bohr magnetons
Energy: -15.584025788849154 eV
Magnetic moment: 4.282994469967866e-15 Bohr magnetons
Energy: -15.584025788849154 eV
Magnetic moment: 4.282994469967866e-15 Bohr magnetons
Energy: -15.584025788849154 eV
Magnetic moment: 4.282994469967866e-15 Bohr magnetons
Energy: -15.584025788849154 eV
Magnetic moment: 4.282994469967866e-15 Bohr magnetons
Energy: -15.584025788849154 eV
Magnetic moment: 4.282994469967866e-15 Bohr magnetons
Energy: -15.584025788849154 eV
Magnetic moment: 4.282994469967866e-15 Bohr magnetons
Energy: -15.584025788849154 eV
Magnetic moment: 4.282994469967866e-15 Bohr magnetons
Energy: -15.584025788849154 eV
Magnetic moment: 4.282994469967866e-15 Bohr magnetons
Calculating q=[0.23809524 0.23809524 0.        ]
Calculating q=[0.23809524 0.23809524 0.        ]
Calculating q=[0.23809524 0.23809524 0.        ]
Calculating q=[0.23809524 0.23809524 0.        ]
Calculating q=[0.23809524 0.23809524 0.        ]
Calculating q=[0.23809524 0.23809524 0.        ]
Calculating q=[0.23809524 0.23809524 0.        ]
Calculating q=[0.23809524 0.23809524 0.        ]
Calculating q=[0.23809524 0.23809524 0.        ]
Calculating q=[0.23809524 0.23809524 0.        ]
Calculating q=[0.23809524 0.23809524 0.        ]
Calculating q=[0.23809524 0.23809524 0.        ]
Energy: -15.580980033194836 eV
Magnetic moment: 9.172478802121104e-15 Bohr magnetons
Energy: -15.580980033194836 eV
Magnetic moment: 9.172478802121104e-15 Bohr magnetons
Energy: -15.580980033194836 eV
Magnetic moment: 9.172478802121104e-15 Bohr magnetons
Energy: -15.580980033194836 eV
Magnetic moment: 9.172478802121104e-15 Bohr magnetons
Energy: -15.580980033194836 eV
Magnetic moment: 9.172478802121104e-15 Bohr magnetons
Energy: -15.580980033194836 eV
Magnetic moment: 9.172478802121104e-15 Bohr magnetons
Energy: -15.580980033194836 eV
Magnetic moment: 9.172478802121104e-15 Bohr magnetons
Energy: -15.580980033194836 eV
Magnetic moment: 9.172478802121104e-15 Bohr magnetons
Energy: -15.580980033194836 eV
Magnetic moment: 9.172478802121104e-15 Bohr magnetons
Energy: -15.580980033194836 eV
Magnetic moment: 9.172478802121104e-15 Bohr magnetons
Energy: -15.580980033194836 eV
Magnetic moment: 9.172478802121104e-15 Bohr magnetons
Energy: -15.580980033194836 eV
Magnetic moment: 9.172478802121104e-15 Bohr magnetons
Calculating q=[0.21428571 0.21428571 0.        ]
Calculating q=[0.21428571 0.21428571 0.        ]
Calculating q=[0.21428571 0.21428571 0.        ]
Calculating q=[0.21428571 0.21428571 0.        ]
Calculating q=[0.21428571 0.21428571 0.        ]
Calculating q=[0.21428571 0.21428571 0.        ]
Calculating q=[0.21428571 0.21428571 0.        ]
Calculating q=[0.21428571 0.21428571 0.        ]
Calculating q=[0.21428571 0.21428571 0.        ]
Calculating q=[0.21428571 0.21428571 0.        ]
Calculating q=[0.21428571 0.21428571 0.        ]
Calculating q=[0.21428571 0.21428571 0.        ]
Energy: -15.577125482785489 eV
Magnetic moment: 7.639278848598933e-16 Bohr magnetons
Energy: -15.577125482785489 eV
Magnetic moment: 7.639278848598933e-16 Bohr magnetons
Energy: -15.577125482785489 eV
Magnetic moment: 7.639278848598933e-16 Bohr magnetons
Energy: -15.577125482785489 eV
Magnetic moment: 7.639278848598933e-16 Bohr magnetons
Energy: -15.577125482785489 eV
Magnetic moment: 7.639278848598933e-16 Bohr magnetons
Energy: -15.577125482785489 eV
Magnetic moment: 7.639278848598933e-16 Bohr magnetons
Energy: -15.577125482785489 eV
Magnetic moment: 7.639278848598933e-16 Bohr magnetons
Energy: -15.577125482785489 eV
Magnetic moment: 7.639278848598933e-16 Bohr magnetons
Energy: -15.577125482785489 eV
Magnetic moment: 7.639278848598933e-16 Bohr magnetons
Energy: -15.577125482785489 eV
Magnetic moment: 7.639278848598933e-16 Bohr magnetons
Energy: -15.577125482785489 eV
Magnetic moment: 7.639278848598933e-16 Bohr magnetons
Energy: -15.577125482785489 eV
Magnetic moment: 7.639278848598933e-16 Bohr magnetons
Calculating q=[0.19047619 0.19047619 0.        ]
Calculating q=[0.19047619 0.19047619 0.        ]
Calculating q=[0.19047619 0.19047619 0.        ]
Calculating q=[0.19047619 0.19047619 0.        ]
Calculating q=[0.19047619 0.19047619 0.        ]
Calculating q=[0.19047619 0.19047619 0.        ]
Calculating q=[0.19047619 0.19047619 0.        ]
Calculating q=[0.19047619 0.19047619 0.        ]
Calculating q=[0.19047619 0.19047619 0.        ]
Calculating q=[0.19047619 0.19047619 0.        ]
Calculating q=[0.19047619 0.19047619 0.        ]
Calculating q=[0.19047619 0.19047619 0.        ]
Energy: -15.572523001304745 eV
Magnetic moment: 1.1178458556550748e-15 Bohr magnetons
Energy: -15.572523001304745 eV
Magnetic moment: 1.1178458556550748e-15 Bohr magnetons
Energy: -15.572523001304745 eV
Magnetic moment: 1.1178458556550748e-15 Bohr magnetons
Energy: -15.572523001304745 eV
Magnetic moment: 1.1178458556550748e-15 Bohr magnetons
Energy: -15.572523001304745 eV
Magnetic moment: 1.1178458556550748e-15 Bohr magnetons
Energy: -15.572523001304745 eV
Magnetic moment: 1.1178458556550748e-15 Bohr magnetons
Energy: -15.572523001304745 eV
Magnetic moment: 1.1178458556550748e-15 Bohr magnetons
Energy: -15.572523001304745 eV
Magnetic moment: 1.1178458556550748e-15 Bohr magnetons
Energy: -15.572523001304745 eV
Magnetic moment: 1.1178458556550748e-15 Bohr magnetons
Energy: -15.572523001304745 eV
Magnetic moment: 1.1178458556550748e-15 Bohr magnetons
Energy: -15.572523001304745 eV
Magnetic moment: 1.1178458556550748e-15 Bohr magnetons
Energy: -15.572523001304745 eV
Magnetic moment: 1.1178458556550748e-15 Bohr magnetons
Calculating q=[0.16666667 0.16666667 0.        ]
Calculating q=[0.16666667 0.16666667 0.        ]
Calculating q=[0.16666667 0.16666667 0.        ]
Calculating q=[0.16666667 0.16666667 0.        ]
Calculating q=[0.16666667 0.16666667 0.        ]
Calculating q=[0.16666667 0.16666667 0.        ]
Calculating q=[0.16666667 0.16666667 0.        ]
Calculating q=[0.16666667 0.16666667 0.        ]
Calculating q=[0.16666667 0.16666667 0.        ]
Calculating q=[0.16666667 0.16666667 0.        ]
Calculating q=[0.16666667 0.16666667 0.        ]
Calculating q=[0.16666667 0.16666667 0.        ]
Energy: -15.567272161027491 eV
Magnetic moment: -3.9033232190813674e-15 Bohr magnetons
Energy: -15.567272161027491 eV
Magnetic moment: -3.9033232190813674e-15 Bohr magnetons
Energy: -15.567272161027491 eV
Magnetic moment: -3.9033232190813674e-15 Bohr magnetons
Energy: -15.567272161027491 eV
Magnetic moment: -3.9033232190813674e-15 Bohr magnetons
Energy: -15.567272161027491 eV
Magnetic moment: -3.9033232190813674e-15 Bohr magnetons
Energy: -15.567272161027491 eV
Magnetic moment: -3.9033232190813674e-15 Bohr magnetons
Energy: -15.567272161027491 eV
Magnetic moment: -3.9033232190813674e-15 Bohr magnetons
Energy: -15.567272161027491 eV
Magnetic moment: -3.9033232190813674e-15 Bohr magnetons
Energy: -15.567272161027491 eV
Magnetic moment: -3.9033232190813674e-15 Bohr magnetons
Energy: -15.567272161027491 eV
Magnetic moment: -3.9033232190813674e-15 Bohr magnetons
Energy: -15.567272161027491 eV
Magnetic moment: -3.9033232190813674e-15 Bohr magnetons
Energy: -15.567272161027491 eV
Magnetic moment: -3.9033232190813674e-15 Bohr magnetons
Calculating q=[0.14285714 0.14285714 0.        ]
Calculating q=[0.14285714 0.14285714 0.        ]
Calculating q=[0.14285714 0.14285714 0.        ]
Calculating q=[0.14285714 0.14285714 0.        ]
Calculating q=[0.14285714 0.14285714 0.        ]
Calculating q=[0.14285714 0.14285714 0.        ]
Calculating q=[0.14285714 0.14285714 0.        ]
Calculating q=[0.14285714 0.14285714 0.        ]
Calculating q=[0.14285714 0.14285714 0.        ]
Calculating q=[0.14285714 0.14285714 0.        ]
Calculating q=[0.14285714 0.14285714 0.        ]
Calculating q=[0.14285714 0.14285714 0.        ]
Energy: -15.56154121553931 eV
Magnetic moment: -2.2416107160803387e-15 Bohr magnetons
Energy: -15.56154121553931 eV
Magnetic moment: -2.2416107160803387e-15 Bohr magnetons
Energy: -15.56154121553931 eV
Magnetic moment: -2.2416107160803387e-15 Bohr magnetons
Energy: -15.56154121553931 eV
Magnetic moment: -2.2416107160803387e-15 Bohr magnetons
Energy: -15.56154121553931 eV
Magnetic moment: -2.2416107160803387e-15 Bohr magnetons
Energy: -15.56154121553931 eV
Magnetic moment: -2.2416107160803387e-15 Bohr magnetons
Energy: -15.56154121553931 eV
Magnetic moment: -2.2416107160803387e-15 Bohr magnetons
Energy: -15.56154121553931 eV
Magnetic moment: -2.2416107160803387e-15 Bohr magnetons
Energy: -15.56154121553931 eV
Magnetic moment: -2.2416107160803387e-15 Bohr magnetons
Energy: -15.56154121553931 eV
Magnetic moment: -2.2416107160803387e-15 Bohr magnetons
Energy: -15.56154121553931 eV
Magnetic moment: -2.2416107160803387e-15 Bohr magnetons
Energy: -15.56154121553931 eV
Magnetic moment: -2.2416107160803387e-15 Bohr magnetons
Calculating q=[0.11904762 0.11904762 0.        ]
Calculating q=[0.11904762 0.11904762 0.        ]
Calculating q=[0.11904762 0.11904762 0.        ]
Calculating q=[0.11904762 0.11904762 0.        ]
Calculating q=[0.11904762 0.11904762 0.        ]
Calculating q=[0.11904762 0.11904762 0.        ]
Calculating q=[0.11904762 0.11904762 0.        ]
Calculating q=[0.11904762 0.11904762 0.        ]
Calculating q=[0.11904762 0.11904762 0.        ]
Calculating q=[0.11904762 0.11904762 0.        ]
Calculating q=[0.11904762 0.11904762 0.        ]
Calculating q=[0.11904762 0.11904762 0.        ]
Energy: -15.555582824804754 eV
Magnetic moment: 3.027414609784528e-15 Bohr magnetons
Energy: -15.555582824804754 eV
Magnetic moment: 3.027414609784528e-15 Bohr magnetons
Energy: -15.555582824804754 eV
Magnetic moment: 3.027414609784528e-15 Bohr magnetons
Energy: -15.555582824804754 eV
Magnetic moment: 3.027414609784528e-15 Bohr magnetons
Energy: -15.555582824804754 eV
Magnetic moment: 3.027414609784528e-15 Bohr magnetons
Energy: -15.555582824804754 eV
Magnetic moment: 3.027414609784528e-15 Bohr magnetons
Energy: -15.555582824804754 eV
Magnetic moment: 3.027414609784528e-15 Bohr magnetons
Energy: -15.555582824804754 eV
Magnetic moment: 3.027414609784528e-15 Bohr magnetons
Energy: -15.555582824804754 eV
Magnetic moment: 3.027414609784528e-15 Bohr magnetons
Energy: -15.555582824804754 eV
Magnetic moment: 3.027414609784528e-15 Bohr magnetons
Energy: -15.555582824804754 eV
Magnetic moment: 3.027414609784528e-15 Bohr magnetons
Energy: -15.555582824804754 eV
Magnetic moment: 3.027414609784528e-15 Bohr magnetons
Calculating q=[0.0952381 0.0952381 0.       ]
Calculating q=[0.0952381 0.0952381 0.       ]
Calculating q=[0.0952381 0.0952381 0.       ]
Calculating q=[0.0952381 0.0952381 0.       ]
Calculating q=[0.0952381 0.0952381 0.       ]
Calculating q=[0.0952381 0.0952381 0.       ]
Calculating q=[0.0952381 0.0952381 0.       ]
Calculating q=[0.0952381 0.0952381 0.       ]
Calculating q=[0.0952381 0.0952381 0.       ]
Calculating q=[0.0952381 0.0952381 0.       ]
Calculating q=[0.0952381 0.0952381 0.       ]
Calculating q=[0.0952381 0.0952381 0.       ]
Energy: -15.549755366297727 eV
Magnetic moment: -4.194264982762842e-13 Bohr magnetons
Energy: -15.549755366297727 eV
Magnetic moment: -4.194264982762842e-13 Bohr magnetons
Energy: -15.549755366297727 eV
Magnetic moment: -4.194264982762842e-13 Bohr magnetons
Energy: -15.549755366297727 eV
Magnetic moment: -4.194264982762842e-13 Bohr magnetons
Energy: -15.549755366297727 eV
Magnetic moment: -4.194264982762842e-13 Bohr magnetons
Energy: -15.549755366297727 eV
Magnetic moment: -4.194264982762842e-13 Bohr magnetons
Energy: -15.549755366297727 eV
Magnetic moment: -4.194264982762842e-13 Bohr magnetons
Energy: -15.549755366297727 eV
Magnetic moment: -4.194264982762842e-13 Bohr magnetons
Energy: -15.549755366297727 eV
Magnetic moment: -4.194264982762842e-13 Bohr magnetons
Energy: -15.549755366297727 eV
Magnetic moment: -4.194264982762842e-13 Bohr magnetons
Energy: -15.549755366297727 eV
Magnetic moment: -4.194264982762842e-13 Bohr magnetons
Energy: -15.549755366297727 eV
Magnetic moment: -4.194264982762842e-13 Bohr magnetons
Calculating q=[0.07142857 0.07142857 0.        ]
Calculating q=[0.07142857 0.07142857 0.        ]
Calculating q=[0.07142857 0.07142857 0.        ]
Calculating q=[0.07142857 0.07142857 0.        ]
Calculating q=[0.07142857 0.07142857 0.        ]
Calculating q=[0.07142857 0.07142857 0.        ]
Calculating q=[0.07142857 0.07142857 0.        ]
Calculating q=[0.07142857 0.07142857 0.        ]
Calculating q=[0.07142857 0.07142857 0.        ]
Calculating q=[0.07142857 0.07142857 0.        ]
Calculating q=[0.07142857 0.07142857 0.        ]
Calculating q=[0.07142857 0.07142857 0.        ]
Energy: -15.544492945259922 eV
Magnetic moment: -1.4217265241600013e-15 Bohr magnetons
Energy: -15.544492945259922 eV
Magnetic moment: -1.4217265241600013e-15 Bohr magnetons
Energy: -15.544492945259922 eV
Magnetic moment: -1.4217265241600013e-15 Bohr magnetons
Energy: -15.544492945259922 eV
Magnetic moment: -1.4217265241600013e-15 Bohr magnetons
Energy: -15.544492945259922 eV
Magnetic moment: -1.4217265241600013e-15 Bohr magnetons
Energy: -15.544492945259922 eV
Magnetic moment: -1.4217265241600013e-15 Bohr magnetons
Energy: -15.544492945259922 eV
Magnetic moment: -1.4217265241600013e-15 Bohr magnetons
Energy: -15.544492945259922 eV
Magnetic moment: -1.4217265241600013e-15 Bohr magnetons
Energy: -15.544492945259922 eV
Magnetic moment: -1.4217265241600013e-15 Bohr magnetons
Energy: -15.544492945259922 eV
Magnetic moment: -1.4217265241600013e-15 Bohr magnetons
Energy: -15.544492945259922 eV
Magnetic moment: -1.4217265241600013e-15 Bohr magnetons
Energy: -15.544492945259922 eV
Magnetic moment: -1.4217265241600013e-15 Bohr magnetons
Calculating q=[0.04761905 0.04761905 0.        ]
Calculating q=[0.04761905 0.04761905 0.        ]
Calculating q=[0.04761905 0.04761905 0.        ]
Calculating q=[0.04761905 0.04761905 0.        ]
Calculating q=[0.04761905 0.04761905 0.        ]
Calculating q=[0.04761905 0.04761905 0.        ]
Calculating q=[0.04761905 0.04761905 0.        ]
Calculating q=[0.04761905 0.04761905 0.        ]
Calculating q=[0.04761905 0.04761905 0.        ]
Calculating q=[0.04761905 0.04761905 0.        ]
Calculating q=[0.04761905 0.04761905 0.        ]
Calculating q=[0.04761905 0.04761905 0.        ]
Energy: -15.54027432497648 eV
Magnetic moment: 1.835706256043419e-15 Bohr magnetons
Energy: -15.54027432497648 eV
Magnetic moment: 1.835706256043419e-15 Bohr magnetons
Energy: -15.54027432497648 eV
Magnetic moment: 1.835706256043419e-15 Bohr magnetons
Energy: -15.54027432497648 eV
Magnetic moment: 1.835706256043419e-15 Bohr magnetons
Energy: -15.54027432497648 eV
Magnetic moment: 1.835706256043419e-15 Bohr magnetons
Energy: -15.54027432497648 eV
Magnetic moment: 1.835706256043419e-15 Bohr magnetons
Calculating q=[0.02380952 0.02380952 0.        ]
Energy: -15.54027432497648 eV
Magnetic moment: 1.835706256043419e-15 Bohr magnetons
Calculating q=[0.02380952 0.02380952 0.        ]
Calculating q=[0.02380952 0.02380952 0.        ]
Energy: -15.54027432497648 eV
Magnetic moment: 1.835706256043419e-15 Bohr magnetons
Calculating q=[0.02380952 0.02380952 0.        ]
Energy: -15.54027432497648 eV
Magnetic moment: 1.835706256043419e-15 Bohr magnetons
Calculating q=[0.02380952 0.02380952 0.        ]
Calculating q=[0.02380952 0.02380952 0.        ]
Energy: -15.54027432497648 eV
Magnetic moment: 1.835706256043419e-15 Bohr magnetons
Calculating q=[0.02380952 0.02380952 0.        ]
Energy: -15.54027432497648 eV
Magnetic moment: 1.835706256043419e-15 Bohr magnetons
Calculating q=[0.02380952 0.02380952 0.        ]
Energy: -15.54027432497648 eV
Magnetic moment: 1.835706256043419e-15 Bohr magnetons
Calculating q=[0.02380952 0.02380952 0.        ]
Calculating q=[0.02380952 0.02380952 0.        ]
Calculating q=[0.02380952 0.02380952 0.        ]
Calculating q=[0.02380952 0.02380952 0.        ]
Energy: -15.537539319074007 eV
Magnetic moment: 1.5834530543874862e-16 Bohr magnetons
Energy: -15.537539319074007 eV
Magnetic moment: 1.5834530543874862e-16 Bohr magnetons
Energy: -15.537539319074007 eV
Magnetic moment: 1.5834530543874862e-16 Bohr magnetons
Energy: -15.537539319074007 eV
Magnetic moment: 1.5834530543874862e-16 Bohr magnetons
Energy: -15.537539319074007 eV
Magnetic moment: 1.5834530543874862e-16 Bohr magnetons
Energy: -15.537539319074007 eV
Magnetic moment: 1.5834530543874862e-16 Bohr magnetons
Energy: -15.537539319074007 eV
Magnetic moment: 1.5834530543874862e-16 Bohr magnetons
Energy: -15.537539319074007 eV
Magnetic moment: 1.5834530543874862e-16 Bohr magnetons
Energy: -15.537539319074007 eV
Magnetic moment: 1.5834530543874862e-16 Bohr magnetons
Energy: -15.537539319074007 eV
Magnetic moment: 1.5834530543874862e-16 Bohr magnetons
Energy: -15.537539319074007 eV
Magnetic moment: 1.5834530543874862e-16 Bohr magnetons
Energy: -15.537539319074007 eV
Magnetic moment: 1.5834530543874862e-16 Bohr magnetons
Calculating q=[0. 0. 0.]
Calculating q=[0. 0. 0.]
Calculating q=[0. 0. 0.]
Calculating q=[0. 0. 0.]
Calculating q=[0. 0. 0.]
Calculating q=[0. 0. 0.]
Calculating q=[0. 0. 0.]
Calculating q=[0. 0. 0.]
Calculating q=[0. 0. 0.]
Calculating q=[0. 0. 0.]
Calculating q=[0. 0. 0.]
Calculating q=[0. 0. 0.]
Energy: -15.536586576492454 eV
Magnetic moment: -7.535849536299043e-12 Bohr magnetons
Energy: -15.536586576492454 eV
Magnetic moment: -7.535849536299043e-12 Bohr magnetons
Energy: -15.536586576492454 eV
Magnetic moment: -7.535849536299043e-12 Bohr magnetons
Energy: -15.536586576492454 eV
Magnetic moment: -7.535849536299043e-12 Bohr magnetons
Energy: -15.536586576492454 eV
Magnetic moment: -7.535849536299043e-12 Bohr magnetons
Energy: -15.536586576492454 eV
Magnetic moment: -7.535849536299043e-12 Bohr magnetons
Energy: -15.536586576492454 eV
Magnetic moment: -7.535849536299043e-12 Bohr magnetons
Energy: -15.536586576492454 eV
Magnetic moment: -7.535849536299043e-12 Bohr magnetons
Energy: -15.536586576492454 eV
Magnetic moment: -7.535849536299043e-12 Bohr magnetons
Energy: -15.536586576492454 eV
Magnetic moment: -7.535849536299043e-12 Bohr magnetons
Energy: -15.536586576492454 eV
Magnetic moment: -7.535849536299043e-12 Bohr magnetons
Energy: -15.536586576492454 eV
Magnetic moment: -7.535849536299043e-12 Bohr magnetons

------------------------------------------------------------
Sender: LSF System <lsfadmin@hpc.dtu.dk>
Subject: Job 21535521: <plot_4.py> in cluster <dcc> Done

Job <plot_4.py> was submitted from host <n-62-30-1> by user <s194113> in cluster <dcc> at Sun Apr 21 14:08:52 2024
Job was executed on host(s) <12*n-62-29-27>, in queue <hpc>, as user <s194113> in cluster <dcc> at Sun Apr 21 16:12:11 2024
</zhome/87/8/147075> was used as the home directory.
</zhome/87/8/147075/10302/10302_NM/VBr2/V_con> was used as the working directory.
Started at Sun Apr 21 16:12:11 2024
Terminated at Sun Apr 21 20:22:35 2024
Results reported at Sun Apr 21 20:22:35 2024

Your job looked like:

------------------------------------------------------------
# LSBATCH: User input
#!/bin/bash -l
id=$LSB_JOBID
mq=/zhome/87/8/147075/.myqueue/lsf-$id
source /zhome/87/8/147075/venv-name/bin/activate
echo "venv: /zhome/87/8/147075/venv-name/bin/activate"
(touch $mq-0 && \
 cd '/zhome/87/8/147075/10302/10302_NM/VBr2/V_con' && \
 mpiexec python3 plot_4.py && \
 touch $mq-1) || \
(touch $mq-2; exit 1)

------------------------------------------------------------

Successfully completed.

Resource usage summary:

    CPU time :                                   180219.36 sec.
    Max Memory :                                 9447 MB
    Average Memory :                             6472.40 MB
    Total Requested Memory :                     73728.00 MB
    Delta Memory :                               64281.00 MB
    Max Swap :                                   -
    Max Processes :                              17
    Max Threads :                                57
    Run time :                                   15023 sec.
    Turnaround time :                            22423 sec.

The output (if any) is above this job summary.



PS:

Read file </zhome/87/8/147075/10302/10302_NM/VBr2/V_con/plot_4.py.21535521.err> for stderr output of this job.

