venv: /zhome/87/8/147075/venv-name/bin/activate
[1713703819.711640] [n-62-29-33:27912:0]          ib_md.c:1063 UCX  WARN  IB: ibv_fork_init() was disabled or failed, yet a fork() has been issued.
[1713703819.711725] [n-62-29-33:27920:0]          ib_md.c:1063 UCX  WARN  IB: ibv_fork_init() was disabled or failed, yet a fork() has been issued.
[1713703819.711773] [n-62-29-33:27920:0]          ib_md.c:1064 UCX  WARN  IB: data corruption might occur when using registered memory.
[1713703819.711760] [n-62-29-33:27912:0]          ib_md.c:1064 UCX  WARN  IB: data corruption might occur when using registered memory.
[1713703819.711746] [n-62-29-33:27913:0]          ib_md.c:1063 UCX  WARN  IB: ibv_fork_init() was disabled or failed, yet a fork() has been issued.
[1713703819.711785] [n-62-29-33:27913:0]          ib_md.c:1064 UCX  WARN  IB: data corruption might occur when using registered memory.
[1713703819.711900] [n-62-29-33:27914:0]          ib_md.c:1063 UCX  WARN  IB: ibv_fork_init() was disabled or failed, yet a fork() has been issued.
[1713703819.711935] [n-62-29-33:27914:0]          ib_md.c:1064 UCX  WARN  IB: data corruption might occur when using registered memory.
[1713703819.711802] [n-62-29-33:27916:0]          ib_md.c:1063 UCX  WARN  IB: ibv_fork_init() was disabled or failed, yet a fork() has been issued.
[1713703819.711845] [n-62-29-33:27916:0]          ib_md.c:1064 UCX  WARN  IB: data corruption might occur when using registered memory.
[1713703819.711824] [n-62-29-33:27917:0]          ib_md.c:1063 UCX  WARN  IB: ibv_fork_init() was disabled or failed, yet a fork() has been issued.
[1713703819.711865] [n-62-29-33:27917:0]          ib_md.c:1064 UCX  WARN  IB: data corruption might occur when using registered memory.
[1713703819.711809] [n-62-29-33:27919:0]          ib_md.c:1063 UCX  WARN  IB: ibv_fork_init() was disabled or failed, yet a fork() has been issued.
[1713703819.711836] [n-62-29-33:27919:0]          ib_md.c:1064 UCX  WARN  IB: data corruption might occur when using registered memory.
[1713703819.712013] [n-62-29-33:27918:0]          ib_md.c:1063 UCX  WARN  IB: ibv_fork_init() was disabled or failed, yet a fork() has been issued.
[1713703819.712103] [n-62-29-33:27918:0]          ib_md.c:1064 UCX  WARN  IB: data corruption might occur when using registered memory.
[1713703819.712117] [n-62-29-33:27911:0]          ib_md.c:1063 UCX  WARN  IB: ibv_fork_init() was disabled or failed, yet a fork() has been issued.
[1713703819.712154] [n-62-29-33:27915:0]          ib_md.c:1063 UCX  WARN  IB: ibv_fork_init() was disabled or failed, yet a fork() has been issued.
[1713703819.712197] [n-62-29-33:27911:0]          ib_md.c:1064 UCX  WARN  IB: data corruption might occur when using registered memory.
[1713703819.712245] [n-62-29-33:27915:0]          ib_md.c:1064 UCX  WARN  IB: data corruption might occur when using registered memory.
[1713703819.713487] [n-62-29-33:27921:0]          ib_md.c:1063 UCX  WARN  IB: ibv_fork_init() was disabled or failed, yet a fork() has been issued.
[1713703819.713525] [n-62-29-33:27921:0]          ib_md.c:1064 UCX  WARN  IB: data corruption might occur when using registered memory.
[1713703819.713486] [n-62-29-33:27923:0]          ib_md.c:1063 UCX  WARN  IB: ibv_fork_init() was disabled or failed, yet a fork() has been issued.
[1713703819.713539] [n-62-29-33:27923:0]          ib_md.c:1064 UCX  WARN  IB: data corruption might occur when using registered memory.
Calculating ground state
31 q-points in the path
=====================================
Calculating ground state
Calculating ground state
31 q-points in the path
=====================================
Calculating ground state
31 q-points in the path
=====================================
Calculating ground state
31 q-points in the path
=====================================
Calculating ground state
31 q-points in the path
=====================================
31 q-points in the path
Calculating ground state
=====================================
31 q-points in the path
Calculating q=[0. 0. 0.]
Calculating ground state
31 q-points in the path
=====================================
Calculating q=[0. 0. 0.]
Calculating q=[0. 0. 0.]
Calculating ground state
Calculating ground state
31 q-points in the path
=====================================
Calculating q=[0. 0. 0.]
=====================================
Calculating q=[0. 0. 0.]
31 q-points in the path
=====================================
Calculating q=[0. 0. 0.]
Calculating q=[0. 0. 0.]
Calculating q=[0. 0. 0.]
Calculating q=[0. 0. 0.]
Calculating q=[0. 0. 0.]
Calculating ground state
31 q-points in the path
=====================================
Calculating q=[0. 0. 0.]
Calculating ground state
31 q-points in the path
=====================================
Calculating q=[0. 0. 0.]
Energy: -15.536586576500035 eV
Magnetic moment: -9.597451954109802e-12 Bohr magnetons
Energy: -15.536586576500035 eV
Magnetic moment: -9.597451954109802e-12 Bohr magnetons
Energy: -15.536586576500035 eV
Magnetic moment: -9.597451954109802e-12 Bohr magnetons
Energy: -15.536586576500035 eV
Magnetic moment: -9.597451954109802e-12 Bohr magnetons
Energy: -15.536586576500035 eV
Magnetic moment: -9.597451954109802e-12 Bohr magnetons
Energy: -15.536586576500035 eV
Magnetic moment: -9.597451954109802e-12 Bohr magnetons
Energy: -15.536586576500035 eV
Energy: -15.536586576500035 eV
Magnetic moment: -9.597451954109802e-12 Bohr magnetons
Energy: -15.536586576500035 eV
Magnetic moment: -9.597451954109802e-12 Bohr magnetons
Energy: -15.536586576500035 eV
Magnetic moment: -9.597451954109802e-12 Bohr magnetons
Energy: -15.536586576500035 eV
Magnetic moment: -9.597451954109802e-12 Bohr magnetons
Energy: -15.536586576500035 eV
Magnetic moment: -9.597451954109802e-12 Bohr magnetons
Calculating q=[0.05 0.   0.  ]
Calculating q=[0.05 0.   0.  ]
Calculating q=[0.05 0.   0.  ]
Calculating q=[0.05 0.   0.  ]
Calculating q=[0.05 0.   0.  ]
Calculating q=[0.05 0.   0.  ]
Magnetic moment: -9.597451954109802e-12 Bohr magnetons
Calculating q=[0.05 0.   0.  ]
Calculating q=[0.05 0.   0.  ]
Calculating q=[0.05 0.   0.  ]
Calculating q=[0.05 0.   0.  ]
Calculating q=[0.05 0.   0.  ]
Calculating q=[0.05 0.   0.  ]
Energy: -15.537980807470047 eV
Magnetic moment: -2.2107953968373655e-15 Bohr magnetons
Energy: -15.537980807470047 eV
Magnetic moment: -2.2107953968373655e-15 Bohr magnetons
Energy: -15.537980807470047 eV
Magnetic moment: -2.2107953968373655e-15 Bohr magnetons
Energy: -15.537980807470047 eV
Magnetic moment: -2.2107953968373655e-15 Bohr magnetons
Energy: -15.537980807470047 eV
Magnetic moment: -2.2107953968373655e-15 Bohr magnetons
Energy: -15.537980807470047 eV
Magnetic moment: -2.2107953968373655e-15 Bohr magnetons
Energy: -15.537980807470047 eV
Magnetic moment: -2.2107953968373655e-15 Bohr magnetons
Energy: -15.537980807470047 eV
Magnetic moment: -2.2107953968373655e-15 Bohr magnetons
Energy: -15.537980807470047 eV
Magnetic moment: -2.2107953968373655e-15 Bohr magnetons
Energy: -15.537980807470047 eV
Energy: -15.537980807470047 eV
Magnetic moment: -2.2107953968373655e-15 Bohr magnetons
Energy: -15.537980807470047 eV
Magnetic moment: -2.2107953968373655e-15 Bohr magnetons
Calculating q=[0.1 0.  0. ]
Calculating q=[0.1 0.  0. ]
Calculating q=[0.1 0.  0. ]
Calculating q=[0.1 0.  0. ]
Calculating q=[0.1 0.  0. ]
Calculating q=[0.1 0.  0. ]
Calculating q=[0.1 0.  0. ]
Calculating q=[0.1 0.  0. ]
Magnetic moment: -2.2107953968373655e-15 Bohr magnetons
Calculating q=[0.1 0.  0. ]
Calculating q=[0.1 0.  0. ]
Calculating q=[0.1 0.  0. ]
Calculating q=[0.1 0.  0. ]
Energy: -15.541915060869062 eV
Magnetic moment: 2.70847014373151e-15 Bohr magnetons
Energy: -15.541915060869062 eV
Magnetic moment: 2.70847014373151e-15 Bohr magnetons
Energy: -15.541915060869062 eV
Magnetic moment: 2.70847014373151e-15 Bohr magnetons
Energy: -15.541915060869062 eV
Magnetic moment: 2.70847014373151e-15 Bohr magnetons
Energy: -15.541915060869062 eV
Magnetic moment: 2.70847014373151e-15 Bohr magnetons
Energy: -15.541915060869062 eV
Magnetic moment: 2.70847014373151e-15 Bohr magnetons
Energy: -15.541915060869062 eV
Magnetic moment: 2.70847014373151e-15 Bohr magnetons
Energy: -15.541915060869062 eV
Magnetic moment: 2.70847014373151e-15 Bohr magnetons
Energy: -15.541915060869062 eV
Energy: -15.541915060869062 eV
Magnetic moment: 2.70847014373151e-15 Bohr magnetons
Energy: -15.541915060869062 eV
Magnetic moment: 2.70847014373151e-15 Bohr magnetons
Energy: -15.541915060869062 eV
Magnetic moment: 2.70847014373151e-15 Bohr magnetons
Magnetic moment: 2.70847014373151e-15 Bohr magnetons
Calculating q=[0.15 0.   0.  ]
Calculating q=[0.15 0.   0.  ]
Calculating q=[0.15 0.   0.  ]
Calculating q=[0.15 0.   0.  ]
Calculating q=[0.15 0.   0.  ]
Calculating q=[0.15 0.   0.  ]
Calculating q=[0.15 0.   0.  ]
Calculating q=[0.15 0.   0.  ]
Calculating q=[0.15 0.   0.  ]
Calculating q=[0.15 0.   0.  ]
Calculating q=[0.15 0.   0.  ]
Calculating q=[0.15 0.   0.  ]
Energy: -15.54774454334754 eV
Magnetic moment: -5.626720101025981e-15 Bohr magnetons
Energy: -15.54774454334754 eV
Magnetic moment: -5.626720101025981e-15 Bohr magnetons
Energy: -15.54774454334754 eV
Magnetic moment: -5.626720101025981e-15 Bohr magnetons
Energy: -15.54774454334754 eV
Magnetic moment: -5.626720101025981e-15 Bohr magnetons
Energy: -15.54774454334754 eV
Magnetic moment: -5.626720101025981e-15 Bohr magnetons
Energy: -15.54774454334754 eV
Magnetic moment: -5.626720101025981e-15 Bohr magnetons
Energy: -15.54774454334754 eV
Magnetic moment: -5.626720101025981e-15 Bohr magnetons
Energy: -15.54774454334754 eV
Magnetic moment: -5.626720101025981e-15 Bohr magnetons
Energy: -15.54774454334754 eV
Magnetic moment: -5.626720101025981e-15 Bohr magnetons
Energy: -15.54774454334754 eV
Magnetic moment: -5.626720101025981e-15 Bohr magnetons
Energy: -15.54774454334754 eV
Energy: -15.54774454334754 eV
Magnetic moment: -5.626720101025981e-15 Bohr magnetons
Magnetic moment: -5.626720101025981e-15 Bohr magnetons
Calculating q=[0.2 0.  0. ]
Calculating q=[0.2 0.  0. ]
Calculating q=[0.2 0.  0. ]
Calculating q=[0.2 0.  0. ]
Calculating q=[0.2 0.  0. ]
Calculating q=[0.2 0.  0. ]
Calculating q=[0.2 0.  0. ]
Calculating q=[0.2 0.  0. ]
Calculating q=[0.2 0.  0. ]
Calculating q=[0.2 0.  0. ]
Calculating q=[0.2 0.  0. ]
Calculating q=[0.2 0.  0. ]
Energy: -15.554579514212978 eV
Magnetic moment: -3.547436223738527e-09 Bohr magnetons
Energy: -15.554579514212978 eV
Energy: -15.554579514212978 eV
Magnetic moment: -3.547436223738527e-09 Bohr magnetons
Energy: -15.554579514212978 eV
Magnetic moment: -3.547436223738527e-09 Bohr magnetons
Energy: -15.554579514212978 eV
Magnetic moment: -3.547436223738527e-09 Bohr magnetons
Energy: -15.554579514212978 eV
Magnetic moment: -3.547436223738527e-09 Bohr magnetons
Energy: -15.554579514212978 eV
Magnetic moment: -3.547436223738527e-09 Bohr magnetons
Energy: -15.554579514212978 eV
Magnetic moment: -3.547436223738527e-09 Bohr magnetons
Energy: -15.554579514212978 eV
Magnetic moment: -3.547436223738527e-09 Bohr magnetons
Energy: -15.554579514212978 eV
Magnetic moment: -3.547436223738527e-09 Bohr magnetons
Energy: -15.554579514212978 eV
Magnetic moment: -3.547436223738527e-09 Bohr magnetons
Energy: -15.554579514212978 eV
Magnetic moment: -3.547436223738527e-09 Bohr magnetons
Calculating q=[0.25 0.   0.  ]
Calculating q=[0.25 0.   0.  ]
Magnetic moment: -3.547436223738527e-09 Bohr magnetons
Calculating q=[0.25 0.   0.  ]
Calculating q=[0.25 0.   0.  ]
Calculating q=[0.25 0.   0.  ]
Calculating q=[0.25 0.   0.  ]
Calculating q=[0.25 0.   0.  ]
Calculating q=[0.25 0.   0.  ]
Calculating q=[0.25 0.   0.  ]
Calculating q=[0.25 0.   0.  ]
Calculating q=[0.25 0.   0.  ]
Calculating q=[0.25 0.   0.  ]
Energy: -15.561525346240872 eV
Magnetic moment: -4.4861821860499716e-14 Bohr magnetons
Energy: -15.561525346240872 eV
Magnetic moment: -4.4861821860499716e-14 Bohr magnetons
Energy: -15.561525346240872 eV
Magnetic moment: -4.4861821860499716e-14 Bohr magnetons
Energy: -15.561525346240872 eV
Magnetic moment: -4.4861821860499716e-14 Bohr magnetons
Energy: -15.561525346240872 eV
Magnetic moment: -4.4861821860499716e-14 Bohr magnetons
Energy: -15.561525346240872 eV
Magnetic moment: -4.4861821860499716e-14 Bohr magnetons
Energy: -15.561525346240872 eV
Magnetic moment: -4.4861821860499716e-14 Bohr magnetons
Energy: -15.561525346240872 eV
Magnetic moment: -4.4861821860499716e-14 Bohr magnetons
Energy: -15.561525346240872 eV
Magnetic moment: -4.4861821860499716e-14 Bohr magnetons
Energy: -15.561525346240872 eV
Energy: -15.561525346240872 eV
Magnetic moment: -4.4861821860499716e-14 Bohr magnetons
Energy: -15.561525346240872 eV
Magnetic moment: -4.4861821860499716e-14 Bohr magnetons
Magnetic moment: -4.4861821860499716e-14 Bohr magnetons
Calculating q=[0.3 0.  0. ]
Calculating q=[0.3 0.  0. ]
Calculating q=[0.3 0.  0. ]
Calculating q=[0.3 0.  0. ]
Calculating q=[0.3 0.  0. ]
Calculating q=[0.3 0.  0. ]
Calculating q=[0.3 0.  0. ]
Calculating q=[0.3 0.  0. ]
Calculating q=[0.3 0.  0. ]
Calculating q=[0.3 0.  0. ]
Calculating q=[0.3 0.  0. ]
Calculating q=[0.3 0.  0. ]
Energy: -15.567822327156765 eV
Magnetic moment: -2.4578548174953815e-14 Bohr magnetons
Energy: -15.567822327156765 eV
Magnetic moment: -2.4578548174953815e-14 Bohr magnetons
Energy: -15.567822327156765 eV
Magnetic moment: -2.4578548174953815e-14 Bohr magnetons
Energy: -15.567822327156765 eV
Magnetic moment: -2.4578548174953815e-14 Bohr magnetons
Energy: -15.567822327156765 eV
Magnetic moment: -2.4578548174953815e-14 Bohr magnetons
Energy: -15.567822327156765 eV
Magnetic moment: -2.4578548174953815e-14 Bohr magnetons
Energy: -15.567822327156765 eV
Magnetic moment: -2.4578548174953815e-14 Bohr magnetons
Energy: -15.567822327156765 eV
Magnetic moment: -2.4578548174953815e-14 Bohr magnetons
Energy: -15.567822327156765 eV
Magnetic moment: -2.4578548174953815e-14 Bohr magnetons
Energy: -15.567822327156765 eV
Energy: -15.567822327156765 eV
Magnetic moment: -2.4578548174953815e-14 Bohr magnetons
Energy: -15.567822327156765 eV
Magnetic moment: -2.4578548174953815e-14 Bohr magnetons
Magnetic moment: -2.4578548174953815e-14 Bohr magnetons
Calculating q=[0.35 0.   0.  ]
Calculating q=[0.35 0.   0.  ]
Calculating q=[0.35 0.   0.  ]
Calculating q=[0.35 0.   0.  ]
Calculating q=[0.35 0.   0.  ]
Calculating q=[0.35 0.   0.  ]
Calculating q=[0.35 0.   0.  ]
Calculating q=[0.35 0.   0.  ]
Calculating q=[0.35 0.   0.  ]
Calculating q=[0.35 0.   0.  ]
Calculating q=[0.35 0.   0.  ]
Calculating q=[0.35 0.   0.  ]
Energy: -15.572972862452563 eV
Magnetic moment: 1.0190009135163714e-11 Bohr magnetons
Energy: -15.572972862452563 eV
Magnetic moment: 1.0190009135163714e-11 Bohr magnetons
Energy: -15.572972862452563 eV
Magnetic moment: 1.0190009135163714e-11 Bohr magnetons
Energy: -15.572972862452563 eV
Magnetic moment: 1.0190009135163714e-11 Bohr magnetons
Energy: -15.572972862452563 eV
Magnetic moment: 1.0190009135163714e-11 Bohr magnetons
Energy: -15.572972862452563 eV
Magnetic moment: 1.0190009135163714e-11 Bohr magnetons
Energy: -15.572972862452563 eV
Magnetic moment: 1.0190009135163714e-11 Bohr magnetons
Energy: -15.572972862452563 eV
Magnetic moment: 1.0190009135163714e-11 Bohr magnetons
Energy: -15.572972862452563 eV
Magnetic moment: 1.0190009135163714e-11 Bohr magnetons
Energy: -15.572972862452563 eV
Energy: -15.572972862452563 eV
Magnetic moment: 1.0190009135163714e-11 Bohr magnetons
Energy: -15.572972862452563 eV
Magnetic moment: 1.0190009135163714e-11 Bohr magnetons
Magnetic moment: 1.0190009135163714e-11 Bohr magnetons
Calculating q=[0.4 0.  0. ]
Calculating q=[0.4 0.  0. ]
Calculating q=[0.4 0.  0. ]
Calculating q=[0.4 0.  0. ]
Calculating q=[0.4 0.  0. ]
Calculating q=[0.4 0.  0. ]
Calculating q=[0.4 0.  0. ]
Calculating q=[0.4 0.  0. ]
Calculating q=[0.4 0.  0. ]
Calculating q=[0.4 0.  0. ]
Calculating q=[0.4 0.  0. ]
Calculating q=[0.4 0.  0. ]
Energy: -15.576704697622775 eV
Magnetic moment: 2.6603315112097408e-15 Bohr magnetons
Energy: -15.576704697622775 eV
Magnetic moment: 2.6603315112097408e-15 Bohr magnetons
Energy: -15.576704697622775 eV
Magnetic moment: 2.6603315112097408e-15 Bohr magnetons
Energy: -15.576704697622775 eV
Magnetic moment: 2.6603315112097408e-15 Bohr magnetons
Energy: -15.576704697622775 eV
Magnetic moment: 2.6603315112097408e-15 Bohr magnetons
Energy: -15.576704697622775 eV
Magnetic moment: 2.6603315112097408e-15 Bohr magnetons
Energy: -15.576704697622775 eV
Magnetic moment: 2.6603315112097408e-15 Bohr magnetons
Energy: -15.576704697622775 eV
Magnetic moment: 2.6603315112097408e-15 Bohr magnetons
Energy: -15.576704697622775 eV
Magnetic moment: 2.6603315112097408e-15 Bohr magnetons
Energy: -15.576704697622775 eV
Magnetic moment: 2.6603315112097408e-15 Bohr magnetons
Energy: -15.576704697622775 eV
Energy: -15.576704697622775 eV
Magnetic moment: 2.6603315112097408e-15 Bohr magnetons
Calculating q=[0.45 0.   0.  ]
Calculating q=[0.45 0.   0.  ]
Calculating q=[0.45 0.   0.  ]
Magnetic moment: 2.6603315112097408e-15 Bohr magnetons
Calculating q=[0.45 0.   0.  ]
Calculating q=[0.45 0.   0.  ]
Calculating q=[0.45 0.   0.  ]
Calculating q=[0.45 0.   0.  ]
Calculating q=[0.45 0.   0.  ]
Calculating q=[0.45 0.   0.  ]
Calculating q=[0.45 0.   0.  ]
Calculating q=[0.45 0.   0.  ]
Calculating q=[0.45 0.   0.  ]
Energy: -15.578930323731864 eV
Magnetic moment: -5.178852149530354e-12 Bohr magnetons
Energy: -15.578930323731864 eV
Magnetic moment: -5.178852149530354e-12 Bohr magnetons
Energy: -15.578930323731864 eV
Magnetic moment: -5.178852149530354e-12 Bohr magnetons
Energy: -15.578930323731864 eV
Magnetic moment: -5.178852149530354e-12 Bohr magnetons
Energy: -15.578930323731864 eV
Magnetic moment: -5.178852149530354e-12 Bohr magnetons
Energy: -15.578930323731864 eV
Magnetic moment: -5.178852149530354e-12 Bohr magnetons
Energy: -15.578930323731864 eV
Magnetic moment: -5.178852149530354e-12 Bohr magnetons
Energy: -15.578930323731864 eV
Magnetic moment: -5.178852149530354e-12 Bohr magnetons
Energy: -15.578930323731864 eV
Magnetic moment: -5.178852149530354e-12 Bohr magnetons
Energy: -15.578930323731864 eV
Energy: -15.578930323731864 eV
Magnetic moment: -5.178852149530354e-12 Bohr magnetons
Energy: -15.578930323731864 eV
Magnetic moment: -5.178852149530354e-12 Bohr magnetons
Calculating q=[0.5 0.  0. ]
Calculating q=[0.5 0.  0. ]
Calculating q=[0.5 0.  0. ]
Calculating q=[0.5 0.  0. ]
Magnetic moment: -5.178852149530354e-12 Bohr magnetons
Calculating q=[0.5 0.  0. ]
Calculating q=[0.5 0.  0. ]
Calculating q=[0.5 0.  0. ]
Calculating q=[0.5 0.  0. ]
Calculating q=[0.5 0.  0. ]
Calculating q=[0.5 0.  0. ]
Calculating q=[0.5 0.  0. ]
Calculating q=[0.5 0.  0. ]
Energy: -15.57965311124009 eV
Magnetic moment: -3.921326599286954e-15 Bohr magnetons
Energy: -15.57965311124009 eV
Magnetic moment: -3.921326599286954e-15 Bohr magnetons
Energy: -15.57965311124009 eV
Magnetic moment: -3.921326599286954e-15 Bohr magnetons
Energy: -15.57965311124009 eV
Magnetic moment: -3.921326599286954e-15 Bohr magnetons
Energy: -15.57965311124009 eV
Magnetic moment: -3.921326599286954e-15 Bohr magnetons
Energy: -15.57965311124009 eV
Magnetic moment: -3.921326599286954e-15 Bohr magnetons
Energy: -15.57965311124009 eV
Magnetic moment: -3.921326599286954e-15 Bohr magnetons
Energy: -15.57965311124009 eV
Magnetic moment: -3.921326599286954e-15 Bohr magnetons
Energy: -15.57965311124009 eV
Magnetic moment: -3.921326599286954e-15 Bohr magnetons
Energy: -15.57965311124009 eV
Energy: -15.57965311124009 eV
Magnetic moment: -3.921326599286954e-15 Bohr magnetons
Energy: -15.57965311124009 eV
Magnetic moment: -3.921326599286954e-15 Bohr magnetons
Magnetic moment: -3.921326599286954e-15 Bohr magnetons
Calculating q=[0.47222222 0.05555556 0.        ]
Calculating q=[0.47222222 0.05555556 0.        ]
Calculating q=[0.47222222 0.05555556 0.        ]
Calculating q=[0.47222222 0.05555556 0.        ]
Calculating q=[0.47222222 0.05555556 0.        ]
Calculating q=[0.47222222 0.05555556 0.        ]
Calculating q=[0.47222222 0.05555556 0.        ]
Calculating q=[0.47222222 0.05555556 0.        ]
Calculating q=[0.47222222 0.05555556 0.        ]
Calculating q=[0.47222222 0.05555556 0.        ]
Calculating q=[0.47222222 0.05555556 0.        ]
Calculating q=[0.47222222 0.05555556 0.        ]
Energy: -15.580228677350336 eV
Magnetic moment: 4.710070804556869e-15 Bohr magnetons
Energy: -15.580228677350336 eV
Magnetic moment: 4.710070804556869e-15 Bohr magnetons
Energy: -15.580228677350336 eV
Magnetic moment: 4.710070804556869e-15 Bohr magnetons
Energy: -15.580228677350336 eV
Magnetic moment: 4.710070804556869e-15 Bohr magnetons
Energy: -15.580228677350336 eV
Magnetic moment: 4.710070804556869e-15 Bohr magnetons
Energy: -15.580228677350336 eV
Magnetic moment: 4.710070804556869e-15 Bohr magnetons
Energy: -15.580228677350336 eV
Magnetic moment: 4.710070804556869e-15 Bohr magnetons
Energy: -15.580228677350336 eV
Magnetic moment: 4.710070804556869e-15 Bohr magnetons
Energy: -15.580228677350336 eV
Magnetic moment: 4.710070804556869e-15 Bohr magnetons
Energy: -15.580228677350336 eV
Magnetic moment: 4.710070804556869e-15 Bohr magnetons
Energy: -15.580228677350336 eV
Energy: -15.580228677350336 eV
Magnetic moment: 4.710070804556869e-15 Bohr magnetons
Calculating q=[0.44444444 0.11111111 0.        ]
Calculating q=[0.44444444 0.11111111 0.        ]
Calculating q=[0.44444444 0.11111111 0.        ]
Calculating q=[0.44444444 0.11111111 0.        ]
Calculating q=[0.44444444 0.11111111 0.        ]
Calculating q=[0.44444444 0.11111111 0.        ]
Magnetic moment: 4.710070804556869e-15 Bohr magnetons
Calculating q=[0.44444444 0.11111111 0.        ]
Calculating q=[0.44444444 0.11111111 0.        ]
Calculating q=[0.44444444 0.11111111 0.        ]
Calculating q=[0.44444444 0.11111111 0.        ]
Calculating q=[0.44444444 0.11111111 0.        ]
Calculating q=[0.44444444 0.11111111 0.        ]
Energy: -15.581795555905064 eV
Magnetic moment: -6.197694086793479e-16 Bohr magnetons
Energy: -15.581795555905064 eV
Magnetic moment: -6.197694086793479e-16 Bohr magnetons
Energy: -15.581795555905064 eV
Magnetic moment: -6.197694086793479e-16 Bohr magnetons
Energy: -15.581795555905064 eV
Magnetic moment: -6.197694086793479e-16 Bohr magnetons
Energy: -15.581795555905064 eV
Magnetic moment: -6.197694086793479e-16 Bohr magnetons
Energy: -15.581795555905064 eV
Magnetic moment: -6.197694086793479e-16 Bohr magnetons
Energy: -15.581795555905064 eV
Magnetic moment: -6.197694086793479e-16 Bohr magnetons
Energy: -15.581795555905064 eV
Magnetic moment: -6.197694086793479e-16 Bohr magnetons
Energy: -15.581795555905064 eV
Magnetic moment: -6.197694086793479e-16 Bohr magnetons
Energy: -15.581795555905064 eV
Energy: -15.581795555905064 eV
Magnetic moment: -6.197694086793479e-16 Bohr magnetons
Energy: -15.581795555905064 eV
Magnetic moment: -6.197694086793479e-16 Bohr magnetons
Magnetic moment: -6.197694086793479e-16 Bohr magnetons
Calculating q=[0.41666667 0.16666667 0.        ]
Calculating q=[0.41666667 0.16666667 0.        ]
Calculating q=[0.41666667 0.16666667 0.        ]
Calculating q=[0.41666667 0.16666667 0.        ]
Calculating q=[0.41666667 0.16666667 0.        ]
Calculating q=[0.41666667 0.16666667 0.        ]
Calculating q=[0.41666667 0.16666667 0.        ]
Calculating q=[0.41666667 0.16666667 0.        ]
Calculating q=[0.41666667 0.16666667 0.        ]
Calculating q=[0.41666667 0.16666667 0.        ]
Calculating q=[0.41666667 0.16666667 0.        ]
Calculating q=[0.41666667 0.16666667 0.        ]
Energy: -15.58389015509692 eV
Magnetic moment: 5.460289902339584e-16 Bohr magnetons
Energy: -15.58389015509692 eV
Magnetic moment: 5.460289902339584e-16 Bohr magnetons
Energy: -15.58389015509692 eV
Magnetic moment: 5.460289902339584e-16 Bohr magnetons
Energy: -15.58389015509692 eV
Magnetic moment: 5.460289902339584e-16 Bohr magnetons
Energy: -15.58389015509692 eV
Magnetic moment: 5.460289902339584e-16 Bohr magnetons
Energy: -15.58389015509692 eV
Magnetic moment: 5.460289902339584e-16 Bohr magnetons
Energy: -15.58389015509692 eV
Magnetic moment: 5.460289902339584e-16 Bohr magnetons
Energy: -15.58389015509692 eV
Magnetic moment: 5.460289902339584e-16 Bohr magnetons
Energy: -15.58389015509692 eV
Magnetic moment: 5.460289902339584e-16 Bohr magnetons
Energy: -15.58389015509692 eV
Magnetic moment: 5.460289902339584e-16 Bohr magnetons
Energy: -15.58389015509692 eV
Energy: -15.58389015509692 eV
Magnetic moment: 5.460289902339584e-16 Bohr magnetons
Calculating q=[0.38888889 0.22222222 0.        ]
Magnetic moment: 5.460289902339584e-16 Bohr magnetons
Calculating q=[0.38888889 0.22222222 0.        ]
Calculating q=[0.38888889 0.22222222 0.        ]
Calculating q=[0.38888889 0.22222222 0.        ]
Calculating q=[0.38888889 0.22222222 0.        ]
Calculating q=[0.38888889 0.22222222 0.        ]
Calculating q=[0.38888889 0.22222222 0.        ]
Calculating q=[0.38888889 0.22222222 0.        ]
Calculating q=[0.38888889 0.22222222 0.        ]
Calculating q=[0.38888889 0.22222222 0.        ]
Calculating q=[0.38888889 0.22222222 0.        ]
Calculating q=[0.38888889 0.22222222 0.        ]
Energy: -15.58593813978811 eV
Magnetic moment: -9.183744413057826e-15 Bohr magnetons
Energy: -15.58593813978811 eV
Magnetic moment: -9.183744413057826e-15 Bohr magnetons
Energy: -15.58593813978811 eV
Energy: -15.58593813978811 eV
Magnetic moment: -9.183744413057826e-15 Bohr magnetons
Energy: -15.58593813978811 eV
Magnetic moment: -9.183744413057826e-15 Bohr magnetons
Energy: -15.58593813978811 eV
Magnetic moment: -9.183744413057826e-15 Bohr magnetons
Energy: -15.58593813978811 eV
Magnetic moment: -9.183744413057826e-15 Bohr magnetons
Energy: -15.58593813978811 eV
Magnetic moment: -9.183744413057826e-15 Bohr magnetons
Energy: -15.58593813978811 eV
Magnetic moment: -9.183744413057826e-15 Bohr magnetons
Energy: -15.58593813978811 eV
Magnetic moment: -9.183744413057826e-15 Bohr magnetons
Energy: -15.58593813978811 eV
Magnetic moment: -9.183744413057826e-15 Bohr magnetons
Energy: -15.58593813978811 eV
Magnetic moment: -9.183744413057826e-15 Bohr magnetons
Magnetic moment: -9.183744413057826e-15 Bohr magnetons
Calculating q=[0.36111111 0.27777778 0.        ]
Calculating q=[0.36111111 0.27777778 0.        ]
Calculating q=[0.36111111 0.27777778 0.        ]
Calculating q=[0.36111111 0.27777778 0.        ]
Calculating q=[0.36111111 0.27777778 0.        ]
Calculating q=[0.36111111 0.27777778 0.        ]
Calculating q=[0.36111111 0.27777778 0.        ]
Calculating q=[0.36111111 0.27777778 0.        ]
Calculating q=[0.36111111 0.27777778 0.        ]
Calculating q=[0.36111111 0.27777778 0.        ]
Calculating q=[0.36111111 0.27777778 0.        ]
Calculating q=[0.36111111 0.27777778 0.        ]
Energy: -15.587416513531037 eV
Magnetic moment: 1.8260662829567043e-15 Bohr magnetons
Energy: -15.587416513531037 eV
Magnetic moment: 1.8260662829567043e-15 Bohr magnetons
Energy: -15.587416513531037 eV
Magnetic moment: 1.8260662829567043e-15 Bohr magnetons
Energy: -15.587416513531037 eV
Magnetic moment: 1.8260662829567043e-15 Bohr magnetons
Energy: -15.587416513531037 eV
Magnetic moment: 1.8260662829567043e-15 Bohr magnetons
Energy: -15.587416513531037 eV
Magnetic moment: 1.8260662829567043e-15 Bohr magnetons
Energy: -15.587416513531037 eV
Magnetic moment: 1.8260662829567043e-15 Bohr magnetons
Energy: -15.587416513531037 eV
Magnetic moment: 1.8260662829567043e-15 Bohr magnetons
Energy: -15.587416513531037 eV
Energy: -15.587416513531037 eV
Magnetic moment: 1.8260662829567043e-15 Bohr magnetons
Energy: -15.587416513531037 eV
Energy: -15.587416513531037 eV
Magnetic moment: 1.8260662829567043e-15 Bohr magnetons
Calculating q=[0.33333333 0.33333333 0.        ]
Magnetic moment: 1.8260662829567043e-15 Bohr magnetons
Calculating q=[0.33333333 0.33333333 0.        ]
Calculating q=[0.33333333 0.33333333 0.        ]
Calculating q=[0.33333333 0.33333333 0.        ]
Calculating q=[0.33333333 0.33333333 0.        ]
Calculating q=[0.33333333 0.33333333 0.        ]
Calculating q=[0.33333333 0.33333333 0.        ]
Calculating q=[0.33333333 0.33333333 0.        ]
Calculating q=[0.33333333 0.33333333 0.        ]
Calculating q=[0.33333333 0.33333333 0.        ]
Magnetic moment: 1.8260662829567043e-15 Bohr magnetons
Calculating q=[0.33333333 0.33333333 0.        ]
Calculating q=[0.33333333 0.33333333 0.        ]
Energy: -15.587946240349869 eV
Magnetic moment: 9.531536504327112e-16 Bohr magnetons
Energy: -15.587946240349869 eV
Energy: -15.587946240349869 eV
Magnetic moment: 9.531536504327112e-16 Bohr magnetons
Energy: -15.587946240349869 eV
Magnetic moment: 9.531536504327112e-16 Bohr magnetons
Energy: -15.587946240349869 eV
Magnetic moment: 9.531536504327112e-16 Bohr magnetons
Energy: -15.587946240349869 eV
Magnetic moment: 9.531536504327112e-16 Bohr magnetons
Energy: -15.587946240349869 eV
Magnetic moment: 9.531536504327112e-16 Bohr magnetons
Energy: -15.587946240349869 eV
Magnetic moment: 9.531536504327112e-16 Bohr magnetons
Energy: -15.587946240349869 eV
Magnetic moment: 9.531536504327112e-16 Bohr magnetons
Energy: -15.587946240349869 eV
Magnetic moment: 9.531536504327112e-16 Bohr magnetons
Energy: -15.587946240349869 eV
Magnetic moment: 9.531536504327112e-16 Bohr magnetons
Energy: -15.587946240349869 eV
Magnetic moment: 9.531536504327112e-16 Bohr magnetons
Calculating q=[0.30952381 0.30952381 0.        ]
Calculating q=[0.30952381 0.30952381 0.        ]
Calculating q=[0.30952381 0.30952381 0.        ]
Magnetic moment: 9.531536504327112e-16 Bohr magnetons
Calculating q=[0.30952381 0.30952381 0.        ]
Calculating q=[0.30952381 0.30952381 0.        ]
Calculating q=[0.30952381 0.30952381 0.        ]
Calculating q=[0.30952381 0.30952381 0.        ]
Calculating q=[0.30952381 0.30952381 0.        ]
Calculating q=[0.30952381 0.30952381 0.        ]
Calculating q=[0.30952381 0.30952381 0.        ]
Calculating q=[0.30952381 0.30952381 0.        ]
Calculating q=[0.30952381 0.30952381 0.        ]
Energy: -15.587527744844541 eV
Magnetic moment: -6.056517489299593e-15 Bohr magnetons
Energy: -15.587527744844541 eV
Magnetic moment: -6.056517489299593e-15 Bohr magnetons
Energy: -15.587527744844541 eV
Magnetic moment: -6.056517489299593e-15 Bohr magnetons
Energy: -15.587527744844541 eV
Energy: -15.587527744844541 eV
Magnetic moment: -6.056517489299593e-15 Bohr magnetons
Energy: -15.587527744844541 eV
Magnetic moment: -6.056517489299593e-15 Bohr magnetons
Energy: -15.587527744844541 eV
Magnetic moment: -6.056517489299593e-15 Bohr magnetons
Energy: -15.587527744844541 eV
Magnetic moment: -6.056517489299593e-15 Bohr magnetons
Energy: -15.587527744844541 eV
Magnetic moment: -6.056517489299593e-15 Bohr magnetons
Energy: -15.587527744844541 eV
Magnetic moment: -6.056517489299593e-15 Bohr magnetons
Energy: -15.587527744844541 eV
Magnetic moment: -6.056517489299593e-15 Bohr magnetons
Energy: -15.587527744844541 eV
Calculating q=[0.28571429 0.28571429 0.        ]
Calculating q=[0.28571429 0.28571429 0.        ]
Calculating q=[0.28571429 0.28571429 0.        ]
Calculating q=[0.28571429 0.28571429 0.        ]
Calculating q=[0.28571429 0.28571429 0.        ]
Magnetic moment: -6.056517489299593e-15 Bohr magnetons
Calculating q=[0.28571429 0.28571429 0.        ]
Calculating q=[0.28571429 0.28571429 0.        ]
Calculating q=[0.28571429 0.28571429 0.        ]
Calculating q=[0.28571429 0.28571429 0.        ]
Magnetic moment: -6.056517489299593e-15 Bohr magnetons
Calculating q=[0.28571429 0.28571429 0.        ]
Calculating q=[0.28571429 0.28571429 0.        ]
Calculating q=[0.28571429 0.28571429 0.        ]
Energy: -15.586218144388006 eV
Magnetic moment: -1.5081612302863516e-15 Bohr magnetons
Energy: -15.586218144388006 eV
Magnetic moment: -1.5081612302863516e-15 Bohr magnetons
Energy: -15.586218144388006 eV
Magnetic moment: -1.5081612302863516e-15 Bohr magnetons
Energy: -15.586218144388006 eV
Magnetic moment: -1.5081612302863516e-15 Bohr magnetons
Energy: -15.586218144388006 eV
Magnetic moment: -1.5081612302863516e-15 Bohr magnetons
Energy: -15.586218144388006 eV
Magnetic moment: -1.5081612302863516e-15 Bohr magnetons
Energy: -15.586218144388006 eV
Magnetic moment: -1.5081612302863516e-15 Bohr magnetons
Energy: -15.586218144388006 eV
Magnetic moment: -1.5081612302863516e-15 Bohr magnetons
Energy: -15.586218144388006 eV
Magnetic moment: -1.5081612302863516e-15 Bohr magnetons
Energy: -15.586218144388006 eV
Energy: -15.586218144388006 eV
Magnetic moment: -1.5081612302863516e-15 Bohr magnetons
Energy: -15.586218144388006 eV
Magnetic moment: -1.5081612302863516e-15 Bohr magnetons
Magnetic moment: -1.5081612302863516e-15 Bohr magnetons
Calculating q=[0.26190476 0.26190476 0.        ]
Calculating q=[0.26190476 0.26190476 0.        ]
Calculating q=[0.26190476 0.26190476 0.        ]
Calculating q=[0.26190476 0.26190476 0.        ]
Calculating q=[0.26190476 0.26190476 0.        ]
Calculating q=[0.26190476 0.26190476 0.        ]
Calculating q=[0.26190476 0.26190476 0.        ]
Calculating q=[0.26190476 0.26190476 0.        ]
Calculating q=[0.26190476 0.26190476 0.        ]
Calculating q=[0.26190476 0.26190476 0.        ]
Calculating q=[0.26190476 0.26190476 0.        ]
Calculating q=[0.26190476 0.26190476 0.        ]
Energy: -15.584025788849939 eV
Magnetic moment: -1.2935877995664166e-15 Bohr magnetons
Energy: -15.584025788849939 eV
Magnetic moment: -1.2935877995664166e-15 Bohr magnetons
Energy: -15.584025788849939 eV
Magnetic moment: -1.2935877995664166e-15 Bohr magnetons
Energy: -15.584025788849939 eV
Magnetic moment: -1.2935877995664166e-15 Bohr magnetons
Energy: -15.584025788849939 eV
Magnetic moment: -1.2935877995664166e-15 Bohr magnetons
Energy: -15.584025788849939 eV
Magnetic moment: -1.2935877995664166e-15 Bohr magnetons
Energy: -15.584025788849939 eV
Magnetic moment: -1.2935877995664166e-15 Bohr magnetons
Energy: -15.584025788849939 eV
Magnetic moment: -1.2935877995664166e-15 Bohr magnetons
Energy: -15.584025788849939 eV
Magnetic moment: -1.2935877995664166e-15 Bohr magnetons
Energy: -15.584025788849939 eV
Energy: -15.584025788849939 eV
Magnetic moment: -1.2935877995664166e-15 Bohr magnetons
Energy: -15.584025788849939 eV
Magnetic moment: -1.2935877995664166e-15 Bohr magnetons
Magnetic moment: -1.2935877995664166e-15 Bohr magnetons
Calculating q=[0.23809524 0.23809524 0.        ]
Calculating q=[0.23809524 0.23809524 0.        ]
Calculating q=[0.23809524 0.23809524 0.        ]
Calculating q=[0.23809524 0.23809524 0.        ]
Calculating q=[0.23809524 0.23809524 0.        ]
Calculating q=[0.23809524 0.23809524 0.        ]
Calculating q=[0.23809524 0.23809524 0.        ]
Calculating q=[0.23809524 0.23809524 0.        ]
Calculating q=[0.23809524 0.23809524 0.        ]
Calculating q=[0.23809524 0.23809524 0.        ]
Calculating q=[0.23809524 0.23809524 0.        ]
Calculating q=[0.23809524 0.23809524 0.        ]
Energy: -15.580980033193555 eV
Magnetic moment: 2.2981014314377406e-16 Bohr magnetons
Energy: -15.580980033193555 eV
Magnetic moment: 2.2981014314377406e-16 Bohr magnetons
Energy: -15.580980033193555 eV
Magnetic moment: 2.2981014314377406e-16 Bohr magnetons
Energy: -15.580980033193555 eV
Magnetic moment: 2.2981014314377406e-16 Bohr magnetons
Energy: -15.580980033193555 eV
Magnetic moment: 2.2981014314377406e-16 Bohr magnetons
Energy: -15.580980033193555 eV
Magnetic moment: 2.2981014314377406e-16 Bohr magnetons
Energy: -15.580980033193555 eV
Magnetic moment: 2.2981014314377406e-16 Bohr magnetons
Energy: -15.580980033193555 eV
Magnetic moment: 2.2981014314377406e-16 Bohr magnetons
Energy: -15.580980033193555 eV
Magnetic moment: 2.2981014314377406e-16 Bohr magnetons
Energy: -15.580980033193555 eV
Energy: -15.580980033193555 eV
Magnetic moment: 2.2981014314377406e-16 Bohr magnetons
Energy: -15.580980033193555 eV
Magnetic moment: 2.2981014314377406e-16 Bohr magnetons
Calculating q=[0.21428571 0.21428571 0.        ]
Magnetic moment: 2.2981014314377406e-16 Bohr magnetons
Calculating q=[0.21428571 0.21428571 0.        ]
Calculating q=[0.21428571 0.21428571 0.        ]
Calculating q=[0.21428571 0.21428571 0.        ]
Calculating q=[0.21428571 0.21428571 0.        ]
Calculating q=[0.21428571 0.21428571 0.        ]
Calculating q=[0.21428571 0.21428571 0.        ]
Calculating q=[0.21428571 0.21428571 0.        ]
Calculating q=[0.21428571 0.21428571 0.        ]
Calculating q=[0.21428571 0.21428571 0.        ]
Calculating q=[0.21428571 0.21428571 0.        ]
Calculating q=[0.21428571 0.21428571 0.        ]
Energy: -15.577125482784812 eV
Magnetic moment: 6.773400840821505e-17 Bohr magnetons
Energy: -15.577125482784812 eV
Magnetic moment: 6.773400840821505e-17 Bohr magnetons
Energy: -15.577125482784812 eV
Energy: -15.577125482784812 eV
Magnetic moment: 6.773400840821505e-17 Bohr magnetons
Energy: -15.577125482784812 eV
Magnetic moment: 6.773400840821505e-17 Bohr magnetons
Energy: -15.577125482784812 eV
Magnetic moment: 6.773400840821505e-17 Bohr magnetons
Energy: -15.577125482784812 eV
Magnetic moment: 6.773400840821505e-17 Bohr magnetons
Energy: -15.577125482784812 eV
Magnetic moment: 6.773400840821505e-17 Bohr magnetons
Energy: -15.577125482784812 eV
Magnetic moment: 6.773400840821505e-17 Bohr magnetons
Energy: -15.577125482784812 eV
Magnetic moment: 6.773400840821505e-17 Bohr magnetons
Energy: -15.577125482784812 eV
Magnetic moment: 6.773400840821505e-17 Bohr magnetons
Energy: -15.577125482784812 eV
Magnetic moment: 6.773400840821505e-17 Bohr magnetons
Magnetic moment: 6.773400840821505e-17 Bohr magnetons
Calculating q=[0.19047619 0.19047619 0.        ]
Calculating q=[0.19047619 0.19047619 0.        ]
Calculating q=[0.19047619 0.19047619 0.        ]
Calculating q=[0.19047619 0.19047619 0.        ]
Calculating q=[0.19047619 0.19047619 0.        ]
Calculating q=[0.19047619 0.19047619 0.        ]
Calculating q=[0.19047619 0.19047619 0.        ]
Calculating q=[0.19047619 0.19047619 0.        ]
Calculating q=[0.19047619 0.19047619 0.        ]
Calculating q=[0.19047619 0.19047619 0.        ]
Calculating q=[0.19047619 0.19047619 0.        ]
Calculating q=[0.19047619 0.19047619 0.        ]
Energy: -15.572523001305477 eV
Magnetic moment: -2.239685737406741e-15 Bohr magnetons
Energy: -15.572523001305477 eV
Magnetic moment: -2.239685737406741e-15 Bohr magnetons
Energy: -15.572523001305477 eV
Magnetic moment: -2.239685737406741e-15 Bohr magnetons
Energy: -15.572523001305477 eV
Magnetic moment: -2.239685737406741e-15 Bohr magnetons
Energy: -15.572523001305477 eV
Magnetic moment: -2.239685737406741e-15 Bohr magnetons
Energy: -15.572523001305477 eV
Magnetic moment: -2.239685737406741e-15 Bohr magnetons
Energy: -15.572523001305477 eV
Magnetic moment: -2.239685737406741e-15 Bohr magnetons
Energy: -15.572523001305477 eV
Magnetic moment: -2.239685737406741e-15 Bohr magnetons
Energy: -15.572523001305477 eV
Magnetic moment: -2.239685737406741e-15 Bohr magnetons
Energy: -15.572523001305477 eV
Energy: -15.572523001305477 eV
Magnetic moment: -2.239685737406741e-15 Bohr magnetons
Energy: -15.572523001305477 eV
Magnetic moment: -2.239685737406741e-15 Bohr magnetons
Magnetic moment: -2.239685737406741e-15 Bohr magnetons
Calculating q=[0.16666667 0.16666667 0.        ]
Calculating q=[0.16666667 0.16666667 0.        ]
Calculating q=[0.16666667 0.16666667 0.        ]
Calculating q=[0.16666667 0.16666667 0.        ]
Calculating q=[0.16666667 0.16666667 0.        ]
Calculating q=[0.16666667 0.16666667 0.        ]
Calculating q=[0.16666667 0.16666667 0.        ]
Calculating q=[0.16666667 0.16666667 0.        ]
Calculating q=[0.16666667 0.16666667 0.        ]
Calculating q=[0.16666667 0.16666667 0.        ]
Calculating q=[0.16666667 0.16666667 0.        ]
Calculating q=[0.16666667 0.16666667 0.        ]
Energy: -15.567272161026404 eV
Magnetic moment: 4.323972279605432e-15 Bohr magnetons
Energy: -15.567272161026404 eV
Magnetic moment: 4.323972279605432e-15 Bohr magnetons
Energy: -15.567272161026404 eV
Magnetic moment: 4.323972279605432e-15 Bohr magnetons
Energy: -15.567272161026404 eV
Magnetic moment: 4.323972279605432e-15 Bohr magnetons
Energy: -15.567272161026404 eV
Magnetic moment: 4.323972279605432e-15 Bohr magnetons
Energy: -15.567272161026404 eV
Magnetic moment: 4.323972279605432e-15 Bohr magnetons
Energy: -15.567272161026404 eV
Magnetic moment: 4.323972279605432e-15 Bohr magnetons
Energy: -15.567272161026404 eV
Magnetic moment: 4.323972279605432e-15 Bohr magnetons
Energy: -15.567272161026404 eV
Magnetic moment: 4.323972279605432e-15 Bohr magnetons
Energy: -15.567272161026404 eV
Energy: -15.567272161026404 eV
Magnetic moment: 4.323972279605432e-15 Bohr magnetons
Energy: -15.567272161026404 eV
Magnetic moment: 4.323972279605432e-15 Bohr magnetons
Calculating q=[0.14285714 0.14285714 0.        ]
Magnetic moment: 4.323972279605432e-15 Bohr magnetons
Calculating q=[0.14285714 0.14285714 0.        ]
Calculating q=[0.14285714 0.14285714 0.        ]
Calculating q=[0.14285714 0.14285714 0.        ]
Calculating q=[0.14285714 0.14285714 0.        ]
Calculating q=[0.14285714 0.14285714 0.        ]
Calculating q=[0.14285714 0.14285714 0.        ]
Calculating q=[0.14285714 0.14285714 0.        ]
Calculating q=[0.14285714 0.14285714 0.        ]
Calculating q=[0.14285714 0.14285714 0.        ]
Calculating q=[0.14285714 0.14285714 0.        ]
Calculating q=[0.14285714 0.14285714 0.        ]
Energy: -15.561541215538783 eV
Magnetic moment: -4.5734420724522436e-15 Bohr magnetons
Energy: -15.561541215538783 eV
Magnetic moment: -4.5734420724522436e-15 Bohr magnetons
Energy: -15.561541215538783 eV
Magnetic moment: -4.5734420724522436e-15 Bohr magnetons
Energy: -15.561541215538783 eV
Magnetic moment: -4.5734420724522436e-15 Bohr magnetons
Energy: -15.561541215538783 eV
Magnetic moment: -4.5734420724522436e-15 Bohr magnetons
Energy: -15.561541215538783 eV
Magnetic moment: -4.5734420724522436e-15 Bohr magnetons
Energy: -15.561541215538783 eV
Magnetic moment: -4.5734420724522436e-15 Bohr magnetons
Energy: -15.561541215538783 eV
Magnetic moment: -4.5734420724522436e-15 Bohr magnetons
Energy: -15.561541215538783 eV
Magnetic moment: -4.5734420724522436e-15 Bohr magnetons
Energy: -15.561541215538783 eV
Magnetic moment: -4.5734420724522436e-15 Bohr magnetons
Energy: -15.561541215538783 eV
Magnetic moment: -4.5734420724522436e-15 Bohr magnetons
Energy: -15.561541215538783 eV
Magnetic moment: -4.5734420724522436e-15 Bohr magnetons
Calculating q=[0.11904762 0.11904762 0.        ]
Calculating q=[0.11904762 0.11904762 0.        ]
Calculating q=[0.11904762 0.11904762 0.        ]
Calculating q=[0.11904762 0.11904762 0.        ]
Calculating q=[0.11904762 0.11904762 0.        ]
Calculating q=[0.11904762 0.11904762 0.        ]
Calculating q=[0.11904762 0.11904762 0.        ]
Calculating q=[0.11904762 0.11904762 0.        ]
Calculating q=[0.11904762 0.11904762 0.        ]
Calculating q=[0.11904762 0.11904762 0.        ]
Calculating q=[0.11904762 0.11904762 0.        ]
Calculating q=[0.11904762 0.11904762 0.        ]
Energy: -15.555582824802778 eV
Magnetic moment: 2.311609101688667e-15 Bohr magnetons
Energy: -15.555582824802778 eV
Magnetic moment: 2.311609101688667e-15 Bohr magnetons
Energy: -15.555582824802778 eV
Magnetic moment: 2.311609101688667e-15 Bohr magnetons
Energy: -15.555582824802778 eV
Magnetic moment: 2.311609101688667e-15 Bohr magnetons
Energy: -15.555582824802778 eV
Magnetic moment: 2.311609101688667e-15 Bohr magnetons
Energy: -15.555582824802778 eV
Magnetic moment: 2.311609101688667e-15 Bohr magnetons
Energy: -15.555582824802778 eV
Magnetic moment: 2.311609101688667e-15 Bohr magnetons
Energy: -15.555582824802778 eV
Magnetic moment: 2.311609101688667e-15 Bohr magnetons
Energy: -15.555582824802778 eV
Magnetic moment: 2.311609101688667e-15 Bohr magnetons
Energy: -15.555582824802778 eV
Energy: -15.555582824802778 eV
Magnetic moment: 2.311609101688667e-15 Bohr magnetons
Energy: -15.555582824802778 eV
Magnetic moment: 2.311609101688667e-15 Bohr magnetons
Magnetic moment: 2.311609101688667e-15 Bohr magnetons
Calculating q=[0.0952381 0.0952381 0.       ]
Calculating q=[0.0952381 0.0952381 0.       ]
Calculating q=[0.0952381 0.0952381 0.       ]
Calculating q=[0.0952381 0.0952381 0.       ]
Calculating q=[0.0952381 0.0952381 0.       ]
Calculating q=[0.0952381 0.0952381 0.       ]
Calculating q=[0.0952381 0.0952381 0.       ]
Calculating q=[0.0952381 0.0952381 0.       ]
Calculating q=[0.0952381 0.0952381 0.       ]
Calculating q=[0.0952381 0.0952381 0.       ]
Calculating q=[0.0952381 0.0952381 0.       ]
Calculating q=[0.0952381 0.0952381 0.       ]
Energy: -15.549755366296775 eV
Magnetic moment: -2.469386666463943e-13 Bohr magnetons
Energy: -15.549755366296775 eV
Magnetic moment: -2.469386666463943e-13 Bohr magnetons
Energy: -15.549755366296775 eV
Magnetic moment: -2.469386666463943e-13 Bohr magnetons
Energy: -15.549755366296775 eV
Magnetic moment: -2.469386666463943e-13 Bohr magnetons
Energy: -15.549755366296775 eV
Magnetic moment: -2.469386666463943e-13 Bohr magnetons
Energy: -15.549755366296775 eV
Magnetic moment: -2.469386666463943e-13 Bohr magnetons
Energy: -15.549755366296775 eV
Magnetic moment: -2.469386666463943e-13 Bohr magnetons
Energy: -15.549755366296775 eV
Magnetic moment: -2.469386666463943e-13 Bohr magnetons
Energy: -15.549755366296775 eV
Magnetic moment: -2.469386666463943e-13 Bohr magnetons
Energy: -15.549755366296775 eV
Magnetic moment: -2.469386666463943e-13 Bohr magnetons
Energy: -15.549755366296775 eV
Energy: -15.549755366296775 eV
Magnetic moment: -2.469386666463943e-13 Bohr magnetons
Magnetic moment: -2.469386666463943e-13 Bohr magnetons
Calculating q=[0.07142857 0.07142857 0.        ]
Calculating q=[0.07142857 0.07142857 0.        ]
Calculating q=[0.07142857 0.07142857 0.        ]
Calculating q=[0.07142857 0.07142857 0.        ]
Calculating q=[0.07142857 0.07142857 0.        ]
Calculating q=[0.07142857 0.07142857 0.        ]
Calculating q=[0.07142857 0.07142857 0.        ]
Calculating q=[0.07142857 0.07142857 0.        ]
Calculating q=[0.07142857 0.07142857 0.        ]
Calculating q=[0.07142857 0.07142857 0.        ]
Calculating q=[0.07142857 0.07142857 0.        ]
Calculating q=[0.07142857 0.07142857 0.        ]
Energy: -15.544492945258378 eV
Magnetic moment: 1.0581127062643068e-15 Bohr magnetons
Energy: -15.544492945258378 eV
Magnetic moment: 1.0581127062643068e-15 Bohr magnetons
Energy: -15.544492945258378 eV
Energy: -15.544492945258378 eV
Magnetic moment: 1.0581127062643068e-15 Bohr magnetons
Energy: -15.544492945258378 eV
Magnetic moment: 1.0581127062643068e-15 Bohr magnetons
Energy: -15.544492945258378 eV
Magnetic moment: 1.0581127062643068e-15 Bohr magnetons
Energy: -15.544492945258378 eV
Magnetic moment: 1.0581127062643068e-15 Bohr magnetons
Energy: -15.544492945258378 eV
Magnetic moment: 1.0581127062643068e-15 Bohr magnetons
Energy: -15.544492945258378 eV
Magnetic moment: 1.0581127062643068e-15 Bohr magnetons
Energy: -15.544492945258378 eV
Magnetic moment: 1.0581127062643068e-15 Bohr magnetons
Energy: -15.544492945258378 eV
Magnetic moment: 1.0581127062643068e-15 Bohr magnetons
Energy: -15.544492945258378 eV
Magnetic moment: 1.0581127062643068e-15 Bohr magnetons
Calculating q=[0.04761905 0.04761905 0.        ]
Calculating q=[0.04761905 0.04761905 0.        ]
Calculating q=[0.04761905 0.04761905 0.        ]
Calculating q=[0.04761905 0.04761905 0.        ]
Magnetic moment: 1.0581127062643068e-15 Bohr magnetons
Calculating q=[0.04761905 0.04761905 0.        ]
Calculating q=[0.04761905 0.04761905 0.        ]
Calculating q=[0.04761905 0.04761905 0.        ]
Calculating q=[0.04761905 0.04761905 0.        ]
Calculating q=[0.04761905 0.04761905 0.        ]
Calculating q=[0.04761905 0.04761905 0.        ]
Calculating q=[0.04761905 0.04761905 0.        ]
Calculating q=[0.04761905 0.04761905 0.        ]
Energy: -15.540274324974117 eV
Magnetic moment: -1.4754766937891288e-16 Bohr magnetons
Energy: -15.540274324974117 eV
Magnetic moment: -1.4754766937891288e-16 Bohr magnetons
Energy: -15.540274324974117 eV
Magnetic moment: -1.4754766937891288e-16 Bohr magnetons
Energy: -15.540274324974117 eV
Magnetic moment: -1.4754766937891288e-16 Bohr magnetons
Energy: -15.540274324974117 eV
Magnetic moment: -1.4754766937891288e-16 Bohr magnetons
Energy: -15.540274324974117 eV
Magnetic moment: -1.4754766937891288e-16 Bohr magnetons
Energy: -15.540274324974117 eV
Magnetic moment: -1.4754766937891288e-16 Bohr magnetons
Energy: -15.540274324974117 eV
Magnetic moment: -1.4754766937891288e-16 Bohr magnetons
Energy: -15.540274324974117 eV
Magnetic moment: -1.4754766937891288e-16 Bohr magnetons
Energy: -15.540274324974117 eV
Magnetic moment: -1.4754766937891288e-16 Bohr magnetons
Energy: -15.540274324974117 eV
Magnetic moment: -1.4754766937891288e-16 Bohr magnetons
Energy: -15.540274324974117 eV
Magnetic moment: -1.4754766937891288e-16 Bohr magnetons
Calculating q=[0.02380952 0.02380952 0.        ]
Calculating q=[0.02380952 0.02380952 0.        ]
Calculating q=[0.02380952 0.02380952 0.        ]
Calculating q=[0.02380952 0.02380952 0.        ]
Calculating q=[0.02380952 0.02380952 0.        ]
Calculating q=[0.02380952 0.02380952 0.        ]
Calculating q=[0.02380952 0.02380952 0.        ]
Calculating q=[0.02380952 0.02380952 0.        ]
Calculating q=[0.02380952 0.02380952 0.        ]
Calculating q=[0.02380952 0.02380952 0.        ]
Calculating q=[0.02380952 0.02380952 0.        ]
Calculating q=[0.02380952 0.02380952 0.        ]
Energy: -15.537539319069928 eV
Magnetic moment: -3.0367519624913974e-15 Bohr magnetons
Energy: -15.537539319069928 eV
Magnetic moment: -3.0367519624913974e-15 Bohr magnetons
Energy: -15.537539319069928 eV
Magnetic moment: -3.0367519624913974e-15 Bohr magnetons
Energy: -15.537539319069928 eV
Magnetic moment: -3.0367519624913974e-15 Bohr magnetons
Energy: -15.537539319069928 eV
Magnetic moment: -3.0367519624913974e-15 Bohr magnetons
Energy: -15.537539319069928 eV
Magnetic moment: -3.0367519624913974e-15 Bohr magnetons
Energy: -15.537539319069928 eV
Magnetic moment: -3.0367519624913974e-15 Bohr magnetons
Energy: -15.537539319069928 eV
Magnetic moment: -3.0367519624913974e-15 Bohr magnetons
Energy: -15.537539319069928 eV
Magnetic moment: -3.0367519624913974e-15 Bohr magnetons
Energy: -15.537539319069928 eV
Energy: -15.537539319069928 eV
Magnetic moment: -3.0367519624913974e-15 Bohr magnetons
Energy: -15.537539319069928 eV
Magnetic moment: -3.0367519624913974e-15 Bohr magnetons
Magnetic moment: -3.0367519624913974e-15 Bohr magnetons
Calculating q=[0. 0. 0.]
Calculating q=[0. 0. 0.]
Calculating q=[0. 0. 0.]
Calculating q=[0. 0. 0.]
Calculating q=[0. 0. 0.]
Calculating q=[0. 0. 0.]
Calculating q=[0. 0. 0.]
Calculating q=[0. 0. 0.]
Calculating q=[0. 0. 0.]
Calculating q=[0. 0. 0.]
Calculating q=[0. 0. 0.]
Calculating q=[0. 0. 0.]
Energy: -15.536586576500035 eV
Magnetic moment: -9.597451954109802e-12 Bohr magnetons
Energy: -15.536586576500035 eV
Magnetic moment: -9.597451954109802e-12 Bohr magnetons
Energy: -15.536586576500035 eV
Magnetic moment: -9.597451954109802e-12 Bohr magnetons
Energy: -15.536586576500035 eV
Magnetic moment: -9.597451954109802e-12 Bohr magnetons
Energy: -15.536586576500035 eV
Magnetic moment: -9.597451954109802e-12 Bohr magnetons
Energy: -15.536586576500035 eV
Magnetic moment: -9.597451954109802e-12 Bohr magnetons
Energy: -15.536586576500035 eV
Magnetic moment: -9.597451954109802e-12 Bohr magnetons
Energy: -15.536586576500035 eV
Magnetic moment: -9.597451954109802e-12 Bohr magnetons
Energy: -15.536586576500035 eV
Magnetic moment: -9.597451954109802e-12 Bohr magnetons
Energy: -15.536586576500035 eV
Energy: -15.536586576500035 eV
Energy: -15.536586576500035 eV
Magnetic moment: -9.597451954109802e-12 Bohr magnetons
Magnetic moment: -9.597451954109802e-12 Bohr magnetons
Magnetic moment: -9.597451954109802e-12 Bohr magnetons

------------------------------------------------------------
Sender: LSF System <lsfadmin@hpc.dtu.dk>
Subject: Job 21535518: <plot_1.py> in cluster <dcc> Done

Job <plot_1.py> was submitted from host <n-62-30-1> by user <s194113> in cluster <dcc> at Sun Apr 21 14:08:37 2024
Job was executed on host(s) <12*n-62-29-33>, in queue <hpc>, as user <s194113> in cluster <dcc> at Sun Apr 21 14:50:16 2024
</zhome/87/8/147075> was used as the home directory.
</zhome/87/8/147075/10302/10302_NM/VBr2/V_con> was used as the working directory.
Started at Sun Apr 21 14:50:16 2024
Terminated at Sun Apr 21 19:05:48 2024
Results reported at Sun Apr 21 19:05:48 2024

Your job looked like:

------------------------------------------------------------
# LSBATCH: User input
#!/bin/bash -l
id=$LSB_JOBID
mq=/zhome/87/8/147075/.myqueue/lsf-$id
source /zhome/87/8/147075/venv-name/bin/activate
echo "venv: /zhome/87/8/147075/venv-name/bin/activate"
(touch $mq-0 && \
 cd '/zhome/87/8/147075/10302/10302_NM/VBr2/V_con' && \
 mpiexec python3 plot_1.py && \
 touch $mq-1) || \
(touch $mq-2; exit 1)

------------------------------------------------------------

Successfully completed.

Resource usage summary:

    CPU time :                                   183915.02 sec.
    Max Memory :                                 9477 MB
    Average Memory :                             6451.25 MB
    Total Requested Memory :                     73728.00 MB
    Delta Memory :                               64251.00 MB
    Max Swap :                                   -
    Max Processes :                              17
    Max Threads :                                57
    Run time :                                   15332 sec.
    Turnaround time :                            17831 sec.

The output (if any) is above this job summary.



PS:

Read file </zhome/87/8/147075/10302/10302_NM/VBr2/V_con/plot_1.py.21535518.err> for stderr output of this job.

