venv: /zhome/87/8/147075/venv-name/bin/activate
[1713620810.810704] [n-62-29-33:8797 :0]          ib_md.c:1063 UCX  WARN  IB: ibv_fork_init() was disabled or failed, yet a fork() has been issued.
[1713620810.810739] [n-62-29-33:8797 :0]          ib_md.c:1064 UCX  WARN  IB: data corruption might occur when using registered memory.
[1713620810.810906] [n-62-29-33:8796 :0]          ib_md.c:1063 UCX  WARN  IB: ibv_fork_init() was disabled or failed, yet a fork() has been issued.
[1713620810.810937] [n-62-29-33:8796 :0]          ib_md.c:1064 UCX  WARN  IB: data corruption might occur when using registered memory.
[1713620810.821452] [n-62-29-33:8789 :0]          ib_md.c:1063 UCX  WARN  IB: ibv_fork_init() was disabled or failed, yet a fork() has been issued.
[1713620810.821488] [n-62-29-33:8789 :0]          ib_md.c:1064 UCX  WARN  IB: data corruption might occur when using registered memory.
[1713620810.821452] [n-62-29-33:8791 :0]          ib_md.c:1063 UCX  WARN  IB: ibv_fork_init() was disabled or failed, yet a fork() has been issued.
[1713620810.821503] [n-62-29-33:8791 :0]          ib_md.c:1064 UCX  WARN  IB: data corruption might occur when using registered memory.
[1713620810.821622] [n-62-29-33:8785 :0]          ib_md.c:1063 UCX  WARN  IB: ibv_fork_init() was disabled or failed, yet a fork() has been issued.
[1713620810.821740] [n-62-29-33:8785 :0]          ib_md.c:1064 UCX  WARN  IB: data corruption might occur when using registered memory.
[1713620810.821874] [n-62-29-33:8792 :0]          ib_md.c:1063 UCX  WARN  IB: ibv_fork_init() was disabled or failed, yet a fork() has been issued.
[1713620810.821934] [n-62-29-33:8786 :0]          ib_md.c:1063 UCX  WARN  IB: ibv_fork_init() was disabled or failed, yet a fork() has been issued.
[1713620810.821955] [n-62-29-33:8792 :0]          ib_md.c:1064 UCX  WARN  IB: data corruption might occur when using registered memory.
[1713620810.821976] [n-62-29-33:8790 :0]          ib_md.c:1063 UCX  WARN  IB: ibv_fork_init() was disabled or failed, yet a fork() has been issued.
[1713620810.822016] [n-62-29-33:8790 :0]          ib_md.c:1064 UCX  WARN  IB: data corruption might occur when using registered memory.
[1713620810.822011] [n-62-29-33:8786 :0]          ib_md.c:1064 UCX  WARN  IB: data corruption might occur when using registered memory.
[1713620810.822447] [n-62-29-33:8794 :0]          ib_md.c:1063 UCX  WARN  IB: ibv_fork_init() was disabled or failed, yet a fork() has been issued.
[1713620810.822498] [n-62-29-33:8788 :0]          ib_md.c:1063 UCX  WARN  IB: ibv_fork_init() was disabled or failed, yet a fork() has been issued.
[1713620810.822532] [n-62-29-33:8794 :0]          ib_md.c:1064 UCX  WARN  IB: data corruption might occur when using registered memory.
[1713620810.822586] [n-62-29-33:8788 :0]          ib_md.c:1064 UCX  WARN  IB: data corruption might occur when using registered memory.
[1713620810.822745] [n-62-29-33:8795 :0]          ib_md.c:1063 UCX  WARN  IB: ibv_fork_init() was disabled or failed, yet a fork() has been issued.
[1713620810.822829] [n-62-29-33:8795 :0]          ib_md.c:1064 UCX  WARN  IB: data corruption might occur when using registered memory.
[1713620810.823469] [n-62-29-33:8793 :0]          ib_md.c:1063 UCX  WARN  IB: ibv_fork_init() was disabled or failed, yet a fork() has been issued.
[1713620810.823554] [n-62-29-33:8793 :0]          ib_md.c:1064 UCX  WARN  IB: data corruption might occur when using registered memory.
Calculating ground state
Calculating ground state
31 q-points in the path
=====================================
Calculating ground state
31 q-points in the path
=====================================
Calculating ground state
31 q-points in the path
=====================================
31 q-points in the path
=====================================
Calculating q=[0. 0. 0.]
Calculating ground state
31 q-points in the path
=====================================
Calculating q=[0. 0. 0.]
Calculating q=[0. 0. 0.]
Calculating q=[0. 0. 0.]
Calculating q=[0. 0. 0.]
Calculating ground state
31 q-points in the path
=====================================
Calculating ground state
31 q-points in the path
=====================================
Calculating ground state
Calculating ground state
31 q-points in the path
=====================================
Calculating ground state
Calculating ground state
31 q-points in the path
=====================================
31 q-points in the path
=====================================
31 q-points in the path
Calculating q=[0. 0. 0.]
=====================================
Calculating q=[0. 0. 0.]
Calculating q=[0. 0. 0.]
Calculating q=[0. 0. 0.]
Calculating ground state
Calculating q=[0. 0. 0.]
Calculating q=[0. 0. 0.]
31 q-points in the path
=====================================
Calculating q=[0. 0. 0.]
Energy: -15.536586576502843 eV
Magnetic moment: 2.287686041576379e-12 Bohr magnetons
Energy: -15.536586576502843 eV
Magnetic moment: 2.287686041576379e-12 Bohr magnetons
Energy: -15.536586576502843 eV
Magnetic moment: 2.287686041576379e-12 Bohr magnetons
Energy: -15.536586576502843 eV
Magnetic moment: 2.287686041576379e-12 Bohr magnetons
Energy: -15.536586576502843 eV
Magnetic moment: 2.287686041576379e-12 Bohr magnetons
Energy: -15.536586576502843 eV
Energy: -15.536586576502843 eV
Magnetic moment: 2.287686041576379e-12 Bohr magnetons
Energy: -15.536586576502843 eV
Magnetic moment: 2.287686041576379e-12 Bohr magnetons
Energy: -15.536586576502843 eV
Magnetic moment: 2.287686041576379e-12 Bohr magnetons
Energy: -15.536586576502843 eV
Magnetic moment: 2.287686041576379e-12 Bohr magnetons
Energy: -15.536586576502843 eV
Magnetic moment: 2.287686041576379e-12 Bohr magnetons
Energy: -15.536586576502843 eV
Magnetic moment: 2.287686041576379e-12 Bohr magnetons
Magnetic moment: 2.287686041576379e-12 Bohr magnetons
Calculating q=[0.05 0.   0.  ]
Calculating q=[0.05 0.   0.  ]
Calculating q=[0.05 0.   0.  ]
Calculating q=[0.05 0.   0.  ]
Calculating q=[0.05 0.   0.  ]
Calculating q=[0.05 0.   0.  ]
Calculating q=[0.05 0.   0.  ]
Calculating q=[0.05 0.   0.  ]
Calculating q=[0.05 0.   0.  ]
Calculating q=[0.05 0.   0.  ]
Calculating q=[0.05 0.   0.  ]
Calculating q=[0.05 0.   0.  ]
Energy: -15.537980807467886 eV
Magnetic moment: 7.998064504730889e-15 Bohr magnetons
Energy: -15.537980807467886 eV
Magnetic moment: 7.998064504730889e-15 Bohr magnetons
Energy: -15.537980807467886 eV
Magnetic moment: 7.998064504730889e-15 Bohr magnetons
Energy: -15.537980807467886 eV
Magnetic moment: 7.998064504730889e-15 Bohr magnetons
Energy: -15.537980807467886 eV
Magnetic moment: 7.998064504730889e-15 Bohr magnetons
Energy: -15.537980807467886 eV
Magnetic moment: 7.998064504730889e-15 Bohr magnetons
Energy: -15.537980807467886 eV
Magnetic moment: 7.998064504730889e-15 Bohr magnetons
Energy: -15.537980807467886 eV
Magnetic moment: 7.998064504730889e-15 Bohr magnetons
Energy: -15.537980807467886 eV
Magnetic moment: 7.998064504730889e-15 Bohr magnetons
Energy: -15.537980807467886 eV
Magnetic moment: 7.998064504730889e-15 Bohr magnetons
Energy: -15.537980807467886 eV
Magnetic moment: 7.998064504730889e-15 Bohr magnetons
Energy: -15.537980807467886 eV
Calculating q=[0.1 0.  0. ]
Calculating q=[0.1 0.  0. ]
Calculating q=[0.1 0.  0. ]
Calculating q=[0.1 0.  0. ]
Calculating q=[0.1 0.  0. ]
Calculating q=[0.1 0.  0. ]
Calculating q=[0.1 0.  0. ]
Calculating q=[0.1 0.  0. ]
Calculating q=[0.1 0.  0. ]
Calculating q=[0.1 0.  0. ]
Calculating q=[0.1 0.  0. ]
Magnetic moment: 7.998064504730889e-15 Bohr magnetons
Calculating q=[0.1 0.  0. ]
Energy: -15.541915060871903 eV
Magnetic moment: -1.9806312420888916e-15 Bohr magnetons
Energy: -15.541915060871903 eV
Magnetic moment: -1.9806312420888916e-15 Bohr magnetons
Energy: -15.541915060871903 eV
Magnetic moment: -1.9806312420888916e-15 Bohr magnetons
Energy: -15.541915060871903 eV
Magnetic moment: -1.9806312420888916e-15 Bohr magnetons
Energy: -15.541915060871903 eV
Magnetic moment: -1.9806312420888916e-15 Bohr magnetons
Energy: -15.541915060871903 eV
Magnetic moment: -1.9806312420888916e-15 Bohr magnetons
Energy: -15.541915060871903 eV
Magnetic moment: -1.9806312420888916e-15 Bohr magnetons
Energy: -15.541915060871903 eV
Magnetic moment: -1.9806312420888916e-15 Bohr magnetons
Energy: -15.541915060871903 eV
Magnetic moment: -1.9806312420888916e-15 Bohr magnetons
Energy: -15.541915060871903 eV
Magnetic moment: -1.9806312420888916e-15 Bohr magnetons
Energy: -15.541915060871903 eV
Energy: -15.541915060871903 eV
Magnetic moment: -1.9806312420888916e-15 Bohr magnetons
Magnetic moment: -1.9806312420888916e-15 Bohr magnetons
Calculating q=[0.15 0.   0.  ]
Calculating q=[0.15 0.   0.  ]
Calculating q=[0.15 0.   0.  ]
Calculating q=[0.15 0.   0.  ]
Calculating q=[0.15 0.   0.  ]
Calculating q=[0.15 0.   0.  ]
Calculating q=[0.15 0.   0.  ]
Calculating q=[0.15 0.   0.  ]
Calculating q=[0.15 0.   0.  ]
Calculating q=[0.15 0.   0.  ]
Calculating q=[0.15 0.   0.  ]
Calculating q=[0.15 0.   0.  ]
Energy: -15.547744543346868 eV
Magnetic moment: 1.1935377963415887e-14 Bohr magnetons
Energy: -15.547744543346868 eV
Magnetic moment: 1.1935377963415887e-14 Bohr magnetons
Energy: -15.547744543346868 eV
Energy: -15.547744543346868 eV
Magnetic moment: 1.1935377963415887e-14 Bohr magnetons
Energy: -15.547744543346868 eV
Magnetic moment: 1.1935377963415887e-14 Bohr magnetons
Energy: -15.547744543346868 eV
Magnetic moment: 1.1935377963415887e-14 Bohr magnetons
Energy: -15.547744543346868 eV
Magnetic moment: 1.1935377963415887e-14 Bohr magnetons
Energy: -15.547744543346868 eV
Magnetic moment: 1.1935377963415887e-14 Bohr magnetons
Energy: -15.547744543346868 eV
Magnetic moment: 1.1935377963415887e-14 Bohr magnetons
Energy: -15.547744543346868 eV
Magnetic moment: 1.1935377963415887e-14 Bohr magnetons
Energy: -15.547744543346868 eV
Magnetic moment: 1.1935377963415887e-14 Bohr magnetons
Energy: -15.547744543346868 eV
Magnetic moment: 1.1935377963415887e-14 Bohr magnetons
Magnetic moment: 1.1935377963415887e-14 Bohr magnetons
Calculating q=[0.2 0.  0. ]
Calculating q=[0.2 0.  0. ]
Calculating q=[0.2 0.  0. ]
Calculating q=[0.2 0.  0. ]
Calculating q=[0.2 0.  0. ]
Calculating q=[0.2 0.  0. ]
Calculating q=[0.2 0.  0. ]
Calculating q=[0.2 0.  0. ]
Calculating q=[0.2 0.  0. ]
Calculating q=[0.2 0.  0. ]
Calculating q=[0.2 0.  0. ]
Calculating q=[0.2 0.  0. ]
Energy: -15.554579513831722 eV
Magnetic moment: 2.2842415608200286e-12 Bohr magnetons
Energy: -15.554579513831722 eV
Magnetic moment: 2.2842415608200286e-12 Bohr magnetons
Energy: -15.554579513831722 eV
Magnetic moment: 2.2842415608200286e-12 Bohr magnetons
Energy: -15.554579513831722 eV
Magnetic moment: 2.2842415608200286e-12 Bohr magnetons
Energy: -15.554579513831722 eV
Magnetic moment: 2.2842415608200286e-12 Bohr magnetons
Energy: -15.554579513831722 eV
Magnetic moment: 2.2842415608200286e-12 Bohr magnetons
Energy: -15.554579513831722 eV
Magnetic moment: 2.2842415608200286e-12 Bohr magnetons
Energy: -15.554579513831722 eV
Magnetic moment: 2.2842415608200286e-12 Bohr magnetons
Energy: -15.554579513831722 eV
Magnetic moment: 2.2842415608200286e-12 Bohr magnetons
Energy: -15.554579513831722 eV
Magnetic moment: 2.2842415608200286e-12 Bohr magnetons
Energy: -15.554579513831722 eV
Magnetic moment: 2.2842415608200286e-12 Bohr magnetons
Energy: -15.554579513831722 eV
Calculating q=[0.25 0.   0.  ]
Calculating q=[0.25 0.   0.  ]
Calculating q=[0.25 0.   0.  ]
Calculating q=[0.25 0.   0.  ]
Calculating q=[0.25 0.   0.  ]
Calculating q=[0.25 0.   0.  ]
Calculating q=[0.25 0.   0.  ]
Calculating q=[0.25 0.   0.  ]
Calculating q=[0.25 0.   0.  ]
Calculating q=[0.25 0.   0.  ]
Magnetic moment: 2.2842415608200286e-12 Bohr magnetons
Calculating q=[0.25 0.   0.  ]
Calculating q=[0.25 0.   0.  ]
Energy: -15.561525346241533 eV
Magnetic moment: -4.9204222997463034e-14 Bohr magnetons
Energy: -15.561525346241533 eV
Magnetic moment: -4.9204222997463034e-14 Bohr magnetons
Energy: -15.561525346241533 eV
Magnetic moment: -4.9204222997463034e-14 Bohr magnetons
Energy: -15.561525346241533 eV
Magnetic moment: -4.9204222997463034e-14 Bohr magnetons
Energy: -15.561525346241533 eV
Magnetic moment: -4.9204222997463034e-14 Bohr magnetons
Energy: -15.561525346241533 eV
Magnetic moment: -4.9204222997463034e-14 Bohr magnetons
Energy: -15.561525346241533 eV
Magnetic moment: -4.9204222997463034e-14 Bohr magnetons
Energy: -15.561525346241533 eV
Magnetic moment: -4.9204222997463034e-14 Bohr magnetons
Energy: -15.561525346241533 eV
Magnetic moment: -4.9204222997463034e-14 Bohr magnetons
Energy: -15.561525346241533 eV
Magnetic moment: -4.9204222997463034e-14 Bohr magnetons
Energy: -15.561525346241533 eV
Magnetic moment: -4.9204222997463034e-14 Bohr magnetons
Energy: -15.561525346241533 eV
Magnetic moment: -4.9204222997463034e-14 Bohr magnetons
Calculating q=[0.3 0.  0. ]
Calculating q=[0.3 0.  0. ]
Calculating q=[0.3 0.  0. ]
Calculating q=[0.3 0.  0. ]
Calculating q=[0.3 0.  0. ]
Calculating q=[0.3 0.  0. ]
Calculating q=[0.3 0.  0. ]
Calculating q=[0.3 0.  0. ]
Calculating q=[0.3 0.  0. ]
Calculating q=[0.3 0.  0. ]
Calculating q=[0.3 0.  0. ]
Calculating q=[0.3 0.  0. ]
Energy: -15.567822327154905 eV
Magnetic moment: -1.3442141556861817e-14 Bohr magnetons
Energy: -15.567822327154905 eV
Magnetic moment: -1.3442141556861817e-14 Bohr magnetons
Energy: -15.567822327154905 eV
Magnetic moment: -1.3442141556861817e-14 Bohr magnetons
Energy: -15.567822327154905 eV
Magnetic moment: -1.3442141556861817e-14 Bohr magnetons
Energy: -15.567822327154905 eV
Magnetic moment: -1.3442141556861817e-14 Bohr magnetons
Energy: -15.567822327154905 eV
Magnetic moment: -1.3442141556861817e-14 Bohr magnetons
Energy: -15.567822327154905 eV
Magnetic moment: -1.3442141556861817e-14 Bohr magnetons
Energy: -15.567822327154905 eV
Magnetic moment: -1.3442141556861817e-14 Bohr magnetons
Energy: -15.567822327154905 eV
Magnetic moment: -1.3442141556861817e-14 Bohr magnetons
Energy: -15.567822327154905 eV
Magnetic moment: -1.3442141556861817e-14 Bohr magnetons
Energy: -15.567822327154905 eV
Magnetic moment: -1.3442141556861817e-14 Bohr magnetons
Energy: -15.567822327154905 eV
Magnetic moment: -1.3442141556861817e-14 Bohr magnetons
Calculating q=[0.35 0.   0.  ]
Calculating q=[0.35 0.   0.  ]
Calculating q=[0.35 0.   0.  ]
Calculating q=[0.35 0.   0.  ]
Calculating q=[0.35 0.   0.  ]
Calculating q=[0.35 0.   0.  ]
Calculating q=[0.35 0.   0.  ]
Calculating q=[0.35 0.   0.  ]
Calculating q=[0.35 0.   0.  ]
Calculating q=[0.35 0.   0.  ]
Calculating q=[0.35 0.   0.  ]
Calculating q=[0.35 0.   0.  ]
Energy: -15.572972862453561 eV
Magnetic moment: -3.713465021254746e-12 Bohr magnetons
Energy: -15.572972862453561 eV
Magnetic moment: -3.713465021254746e-12 Bohr magnetons
Energy: -15.572972862453561 eV
Magnetic moment: -3.713465021254746e-12 Bohr magnetons
Energy: -15.572972862453561 eV
Magnetic moment: -3.713465021254746e-12 Bohr magnetons
Energy: -15.572972862453561 eV
Magnetic moment: -3.713465021254746e-12 Bohr magnetons
Energy: -15.572972862453561 eV
Magnetic moment: -3.713465021254746e-12 Bohr magnetons
Energy: -15.572972862453561 eV
Magnetic moment: -3.713465021254746e-12 Bohr magnetons
Energy: -15.572972862453561 eV
Magnetic moment: -3.713465021254746e-12 Bohr magnetons
Energy: -15.572972862453561 eV
Magnetic moment: -3.713465021254746e-12 Bohr magnetons
Energy: -15.572972862453561 eV
Magnetic moment: -3.713465021254746e-12 Bohr magnetons
Energy: -15.572972862453561 eV
Magnetic moment: -3.713465021254746e-12 Bohr magnetons
Energy: -15.572972862453561 eV
Magnetic moment: -3.713465021254746e-12 Bohr magnetons
Calculating q=[0.4 0.  0. ]
Calculating q=[0.4 0.  0. ]
Calculating q=[0.4 0.  0. ]
Calculating q=[0.4 0.  0. ]
Calculating q=[0.4 0.  0. ]
Calculating q=[0.4 0.  0. ]
Calculating q=[0.4 0.  0. ]
Calculating q=[0.4 0.  0. ]
Calculating q=[0.4 0.  0. ]
Calculating q=[0.4 0.  0. ]
Calculating q=[0.4 0.  0. ]
Calculating q=[0.4 0.  0. ]
Energy: -15.576704697624615 eV
Magnetic moment: -4.938093865275374e-15 Bohr magnetons
Energy: -15.576704697624615 eV
Magnetic moment: -4.938093865275374e-15 Bohr magnetons
Energy: -15.576704697624615 eV
Magnetic moment: -4.938093865275374e-15 Bohr magnetons
Energy: -15.576704697624615 eV
Magnetic moment: -4.938093865275374e-15 Bohr magnetons
Energy: -15.576704697624615 eV
Magnetic moment: -4.938093865275374e-15 Bohr magnetons
Energy: -15.576704697624615 eV
Magnetic moment: -4.938093865275374e-15 Bohr magnetons
Energy: -15.576704697624615 eV
Magnetic moment: -4.938093865275374e-15 Bohr magnetons
Energy: -15.576704697624615 eV
Magnetic moment: -4.938093865275374e-15 Bohr magnetons
Energy: -15.576704697624615 eV
Magnetic moment: -4.938093865275374e-15 Bohr magnetons
Energy: -15.576704697624615 eV
Magnetic moment: -4.938093865275374e-15 Bohr magnetons
Energy: -15.576704697624615 eV
Magnetic moment: -4.938093865275374e-15 Bohr magnetons
Energy: -15.576704697624615 eV
Calculating q=[0.45 0.   0.  ]
Calculating q=[0.45 0.   0.  ]
Calculating q=[0.45 0.   0.  ]
Calculating q=[0.45 0.   0.  ]
Calculating q=[0.45 0.   0.  ]
Calculating q=[0.45 0.   0.  ]
Calculating q=[0.45 0.   0.  ]
Calculating q=[0.45 0.   0.  ]
Calculating q=[0.45 0.   0.  ]
Calculating q=[0.45 0.   0.  ]
Calculating q=[0.45 0.   0.  ]
Magnetic moment: -4.938093865275374e-15 Bohr magnetons
Calculating q=[0.45 0.   0.  ]
Energy: -15.5789303237296 eV
Magnetic moment: 1.7319029582159375e-11 Bohr magnetons
Energy: -15.5789303237296 eV
Magnetic moment: 1.7319029582159375e-11 Bohr magnetons
Energy: -15.5789303237296 eV
Magnetic moment: 1.7319029582159375e-11 Bohr magnetons
Energy: -15.5789303237296 eV
Magnetic moment: 1.7319029582159375e-11 Bohr magnetons
Energy: -15.5789303237296 eV
Magnetic moment: 1.7319029582159375e-11 Bohr magnetons
Energy: -15.5789303237296 eV
Magnetic moment: 1.7319029582159375e-11 Bohr magnetons
Energy: -15.5789303237296 eV
Magnetic moment: 1.7319029582159375e-11 Bohr magnetons
Energy: -15.5789303237296 eV
Magnetic moment: 1.7319029582159375e-11 Bohr magnetons
Energy: -15.5789303237296 eV
Magnetic moment: 1.7319029582159375e-11 Bohr magnetons
Energy: -15.5789303237296 eV
Magnetic moment: 1.7319029582159375e-11 Bohr magnetons
Energy: -15.5789303237296 eV
Magnetic moment: 1.7319029582159375e-11 Bohr magnetons
Energy: -15.5789303237296 eV
Calculating q=[0.5 0.  0. ]
Calculating q=[0.5 0.  0. ]
Calculating q=[0.5 0.  0. ]
Calculating q=[0.5 0.  0. ]
Calculating q=[0.5 0.  0. ]
Calculating q=[0.5 0.  0. ]
Calculating q=[0.5 0.  0. ]
Calculating q=[0.5 0.  0. ]
Calculating q=[0.5 0.  0. ]
Calculating q=[0.5 0.  0. ]
Calculating q=[0.5 0.  0. ]
Magnetic moment: 1.7319029582159375e-11 Bohr magnetons
Calculating q=[0.5 0.  0. ]
Energy: -15.579653111240372 eV
Magnetic moment: -1.5035738860078055e-14 Bohr magnetons
Energy: -15.579653111240372 eV
Magnetic moment: -1.5035738860078055e-14 Bohr magnetons
Energy: -15.579653111240372 eV
Magnetic moment: -1.5035738860078055e-14 Bohr magnetons
Energy: -15.579653111240372 eV
Magnetic moment: -1.5035738860078055e-14 Bohr magnetons
Energy: -15.579653111240372 eV
Magnetic moment: -1.5035738860078055e-14 Bohr magnetons
Energy: -15.579653111240372 eV
Magnetic moment: -1.5035738860078055e-14 Bohr magnetons
Energy: -15.579653111240372 eV
Magnetic moment: -1.5035738860078055e-14 Bohr magnetons
Energy: -15.579653111240372 eV
Magnetic moment: -1.5035738860078055e-14 Bohr magnetons
Energy: -15.579653111240372 eV
Magnetic moment: -1.5035738860078055e-14 Bohr magnetons
Energy: -15.579653111240372 eV
Magnetic moment: -1.5035738860078055e-14 Bohr magnetons
Energy: -15.579653111240372 eV
Magnetic moment: -1.5035738860078055e-14 Bohr magnetons
Energy: -15.579653111240372 eV
Magnetic moment: -1.5035738860078055e-14 Bohr magnetons
Calculating q=[0.47222222 0.05555556 0.        ]
Calculating q=[0.47222222 0.05555556 0.        ]
Calculating q=[0.47222222 0.05555556 0.        ]
Calculating q=[0.47222222 0.05555556 0.        ]
Calculating q=[0.47222222 0.05555556 0.        ]
Calculating q=[0.47222222 0.05555556 0.        ]
Calculating q=[0.47222222 0.05555556 0.        ]
Calculating q=[0.47222222 0.05555556 0.        ]
Calculating q=[0.47222222 0.05555556 0.        ]
Calculating q=[0.47222222 0.05555556 0.        ]
Calculating q=[0.47222222 0.05555556 0.        ]
Calculating q=[0.47222222 0.05555556 0.        ]
Energy: -15.580228677351341 eV
Magnetic moment: -1.1154085650594931e-15 Bohr magnetons
Energy: -15.580228677351341 eV
Magnetic moment: -1.1154085650594931e-15 Bohr magnetons
Energy: -15.580228677351341 eV
Magnetic moment: -1.1154085650594931e-15 Bohr magnetons
Energy: -15.580228677351341 eV
Magnetic moment: -1.1154085650594931e-15 Bohr magnetons
Energy: -15.580228677351341 eV
Magnetic moment: -1.1154085650594931e-15 Bohr magnetons
Energy: -15.580228677351341 eV
Magnetic moment: -1.1154085650594931e-15 Bohr magnetons
Energy: -15.580228677351341 eV
Magnetic moment: -1.1154085650594931e-15 Bohr magnetons
Energy: -15.580228677351341 eV
Magnetic moment: -1.1154085650594931e-15 Bohr magnetons
Energy: -15.580228677351341 eV
Magnetic moment: -1.1154085650594931e-15 Bohr magnetons
Energy: -15.580228677351341 eV
Magnetic moment: -1.1154085650594931e-15 Bohr magnetons
Energy: -15.580228677351341 eV
Energy: -15.580228677351341 eV
Magnetic moment: -1.1154085650594931e-15 Bohr magnetons
Calculating q=[0.44444444 0.11111111 0.        ]
Calculating q=[0.44444444 0.11111111 0.        ]
Calculating q=[0.44444444 0.11111111 0.        ]
Calculating q=[0.44444444 0.11111111 0.        ]
Calculating q=[0.44444444 0.11111111 0.        ]
Calculating q=[0.44444444 0.11111111 0.        ]
Magnetic moment: -1.1154085650594931e-15 Bohr magnetons
Calculating q=[0.44444444 0.11111111 0.        ]
Calculating q=[0.44444444 0.11111111 0.        ]
Calculating q=[0.44444444 0.11111111 0.        ]
Calculating q=[0.44444444 0.11111111 0.        ]
Calculating q=[0.44444444 0.11111111 0.        ]
Calculating q=[0.44444444 0.11111111 0.        ]
Energy: -15.58179555590652 eV
Magnetic moment: -1.6464337777706717e-15 Bohr magnetons
Energy: -15.58179555590652 eV
Magnetic moment: -1.6464337777706717e-15 Bohr magnetons
Energy: -15.58179555590652 eV
Magnetic moment: -1.6464337777706717e-15 Bohr magnetons
Energy: -15.58179555590652 eV
Magnetic moment: -1.6464337777706717e-15 Bohr magnetons
Energy: -15.58179555590652 eV
Magnetic moment: -1.6464337777706717e-15 Bohr magnetons
Energy: -15.58179555590652 eV
Magnetic moment: -1.6464337777706717e-15 Bohr magnetons
Energy: -15.58179555590652 eV
Magnetic moment: -1.6464337777706717e-15 Bohr magnetons
Energy: -15.58179555590652 eV
Magnetic moment: -1.6464337777706717e-15 Bohr magnetons
Energy: -15.58179555590652 eV
Magnetic moment: -1.6464337777706717e-15 Bohr magnetons
Energy: -15.58179555590652 eV
Magnetic moment: -1.6464337777706717e-15 Bohr magnetons
Energy: -15.58179555590652 eV
Magnetic moment: -1.6464337777706717e-15 Bohr magnetons
Energy: -15.58179555590652 eV
Calculating q=[0.41666667 0.16666667 0.        ]
Calculating q=[0.41666667 0.16666667 0.        ]
Calculating q=[0.41666667 0.16666667 0.        ]
Calculating q=[0.41666667 0.16666667 0.        ]
Calculating q=[0.41666667 0.16666667 0.        ]
Calculating q=[0.41666667 0.16666667 0.        ]
Calculating q=[0.41666667 0.16666667 0.        ]
Calculating q=[0.41666667 0.16666667 0.        ]
Calculating q=[0.41666667 0.16666667 0.        ]
Calculating q=[0.41666667 0.16666667 0.        ]
Calculating q=[0.41666667 0.16666667 0.        ]
Magnetic moment: -1.6464337777706717e-15 Bohr magnetons
Calculating q=[0.41666667 0.16666667 0.        ]
Energy: -15.583890155096592 eV
Magnetic moment: -1.203599949585735e-15 Bohr magnetons
Energy: -15.583890155096592 eV
Magnetic moment: -1.203599949585735e-15 Bohr magnetons
Energy: -15.583890155096592 eV
Magnetic moment: -1.203599949585735e-15 Bohr magnetons
Energy: -15.583890155096592 eV
Magnetic moment: -1.203599949585735e-15 Bohr magnetons
Energy: -15.583890155096592 eV
Magnetic moment: -1.203599949585735e-15 Bohr magnetons
Energy: -15.583890155096592 eV
Magnetic moment: -1.203599949585735e-15 Bohr magnetons
Energy: -15.583890155096592 eV
Magnetic moment: -1.203599949585735e-15 Bohr magnetons
Energy: -15.583890155096592 eV
Magnetic moment: -1.203599949585735e-15 Bohr magnetons
Energy: -15.583890155096592 eV
Magnetic moment: -1.203599949585735e-15 Bohr magnetons
Energy: -15.583890155096592 eV
Magnetic moment: -1.203599949585735e-15 Bohr magnetons
Energy: -15.583890155096592 eV
Magnetic moment: -1.203599949585735e-15 Bohr magnetons
Energy: -15.583890155096592 eV
Magnetic moment: -1.203599949585735e-15 Bohr magnetons
Calculating q=[0.38888889 0.22222222 0.        ]
Calculating q=[0.38888889 0.22222222 0.        ]
Calculating q=[0.38888889 0.22222222 0.        ]
Calculating q=[0.38888889 0.22222222 0.        ]
Calculating q=[0.38888889 0.22222222 0.        ]
Calculating q=[0.38888889 0.22222222 0.        ]
Calculating q=[0.38888889 0.22222222 0.        ]
Calculating q=[0.38888889 0.22222222 0.        ]
Calculating q=[0.38888889 0.22222222 0.        ]
Calculating q=[0.38888889 0.22222222 0.        ]
Calculating q=[0.38888889 0.22222222 0.        ]
Calculating q=[0.38888889 0.22222222 0.        ]
Energy: -15.585938139789102 eV
Magnetic moment: 5.372941105635471e-15 Bohr magnetons
Energy: -15.585938139789102 eV
Magnetic moment: 5.372941105635471e-15 Bohr magnetons
Energy: -15.585938139789102 eV
Magnetic moment: 5.372941105635471e-15 Bohr magnetons
Energy: -15.585938139789102 eV
Magnetic moment: 5.372941105635471e-15 Bohr magnetons
Energy: -15.585938139789102 eV
Magnetic moment: 5.372941105635471e-15 Bohr magnetons
Energy: -15.585938139789102 eV
Magnetic moment: 5.372941105635471e-15 Bohr magnetons
Energy: -15.585938139789102 eV
Magnetic moment: 5.372941105635471e-15 Bohr magnetons
Energy: -15.585938139789102 eV
Magnetic moment: 5.372941105635471e-15 Bohr magnetons
Energy: -15.585938139789102 eV
Magnetic moment: 5.372941105635471e-15 Bohr magnetons
Energy: -15.585938139789102 eV
Magnetic moment: 5.372941105635471e-15 Bohr magnetons
Energy: -15.585938139789102 eV
Energy: -15.585938139789102 eV
Magnetic moment: 5.372941105635471e-15 Bohr magnetons
Magnetic moment: 5.372941105635471e-15 Bohr magnetons
Calculating q=[0.36111111 0.27777778 0.        ]
Calculating q=[0.36111111 0.27777778 0.        ]
Calculating q=[0.36111111 0.27777778 0.        ]
Calculating q=[0.36111111 0.27777778 0.        ]
Calculating q=[0.36111111 0.27777778 0.        ]
Calculating q=[0.36111111 0.27777778 0.        ]
Calculating q=[0.36111111 0.27777778 0.        ]
Calculating q=[0.36111111 0.27777778 0.        ]
Calculating q=[0.36111111 0.27777778 0.        ]
Calculating q=[0.36111111 0.27777778 0.        ]
Calculating q=[0.36111111 0.27777778 0.        ]
Calculating q=[0.36111111 0.27777778 0.        ]
Energy: -15.587416513533103 eV
Magnetic moment: -4.353462876539037e-16 Bohr magnetons
Energy: -15.587416513533103 eV
Magnetic moment: -4.353462876539037e-16 Bohr magnetons
Energy: -15.587416513533103 eV
Magnetic moment: -4.353462876539037e-16 Bohr magnetons
Energy: -15.587416513533103 eV
Magnetic moment: -4.353462876539037e-16 Bohr magnetons
Energy: -15.587416513533103 eV
Magnetic moment: -4.353462876539037e-16 Bohr magnetons
Energy: -15.587416513533103 eV
Magnetic moment: -4.353462876539037e-16 Bohr magnetons
Energy: -15.587416513533103 eV
Magnetic moment: -4.353462876539037e-16 Bohr magnetons
Energy: -15.587416513533103 eV
Magnetic moment: -4.353462876539037e-16 Bohr magnetons
Energy: -15.587416513533103 eV
Magnetic moment: -4.353462876539037e-16 Bohr magnetons
Energy: -15.587416513533103 eV
Energy: -15.587416513533103 eV
Magnetic moment: -4.353462876539037e-16 Bohr magnetons
Energy: -15.587416513533103 eV
Magnetic moment: -4.353462876539037e-16 Bohr magnetons
Calculating q=[0.33333333 0.33333333 0.        ]
Magnetic moment: -4.353462876539037e-16 Bohr magnetons
Calculating q=[0.33333333 0.33333333 0.        ]
Calculating q=[0.33333333 0.33333333 0.        ]
Calculating q=[0.33333333 0.33333333 0.        ]
Calculating q=[0.33333333 0.33333333 0.        ]
Calculating q=[0.33333333 0.33333333 0.        ]
Calculating q=[0.33333333 0.33333333 0.        ]
Calculating q=[0.33333333 0.33333333 0.        ]
Calculating q=[0.33333333 0.33333333 0.        ]
Calculating q=[0.33333333 0.33333333 0.        ]
Calculating q=[0.33333333 0.33333333 0.        ]
Calculating q=[0.33333333 0.33333333 0.        ]
Energy: -15.58794624035027 eV
Magnetic moment: 1.2414123193119168e-15 Bohr magnetons
Energy: -15.58794624035027 eV
Magnetic moment: 1.2414123193119168e-15 Bohr magnetons
Energy: -15.58794624035027 eV
Magnetic moment: 1.2414123193119168e-15 Bohr magnetons
Energy: -15.58794624035027 eV
Magnetic moment: 1.2414123193119168e-15 Bohr magnetons
Energy: -15.58794624035027 eV
Magnetic moment: 1.2414123193119168e-15 Bohr magnetons
Energy: -15.58794624035027 eV
Magnetic moment: 1.2414123193119168e-15 Bohr magnetons
Energy: -15.58794624035027 eV
Magnetic moment: 1.2414123193119168e-15 Bohr magnetons
Energy: -15.58794624035027 eV
Magnetic moment: 1.2414123193119168e-15 Bohr magnetons
Energy: -15.58794624035027 eV
Magnetic moment: 1.2414123193119168e-15 Bohr magnetons
Energy: -15.58794624035027 eV
Energy: -15.58794624035027 eV
Magnetic moment: 1.2414123193119168e-15 Bohr magnetons
Energy: -15.58794624035027 eV
Magnetic moment: 1.2414123193119168e-15 Bohr magnetons
Calculating q=[0.30952381 0.30952381 0.        ]
Calculating q=[0.30952381 0.30952381 0.        ]
Magnetic moment: 1.2414123193119168e-15 Bohr magnetons
Calculating q=[0.30952381 0.30952381 0.        ]
Calculating q=[0.30952381 0.30952381 0.        ]
Calculating q=[0.30952381 0.30952381 0.        ]
Calculating q=[0.30952381 0.30952381 0.        ]
Calculating q=[0.30952381 0.30952381 0.        ]
Calculating q=[0.30952381 0.30952381 0.        ]
Calculating q=[0.30952381 0.30952381 0.        ]
Calculating q=[0.30952381 0.30952381 0.        ]
Calculating q=[0.30952381 0.30952381 0.        ]
Calculating q=[0.30952381 0.30952381 0.        ]
Energy: -15.5875277448443 eV
Magnetic moment: -4.168345152977328e-15 Bohr magnetons
Energy: -15.5875277448443 eV
Magnetic moment: -4.168345152977328e-15 Bohr magnetons
Energy: -15.5875277448443 eV
Magnetic moment: -4.168345152977328e-15 Bohr magnetons
Energy: -15.5875277448443 eV
Magnetic moment: -4.168345152977328e-15 Bohr magnetons
Energy: -15.5875277448443 eV
Magnetic moment: -4.168345152977328e-15 Bohr magnetons
Energy: -15.5875277448443 eV
Magnetic moment: -4.168345152977328e-15 Bohr magnetons
Energy: -15.5875277448443 eV
Magnetic moment: -4.168345152977328e-15 Bohr magnetons
Energy: -15.5875277448443 eV
Magnetic moment: -4.168345152977328e-15 Bohr magnetons
Energy: -15.5875277448443 eV
Magnetic moment: -4.168345152977328e-15 Bohr magnetons
Energy: -15.5875277448443 eV
Energy: -15.5875277448443 eV
Magnetic moment: -4.168345152977328e-15 Bohr magnetons
Energy: -15.5875277448443 eV
Magnetic moment: -4.168345152977328e-15 Bohr magnetons
Magnetic moment: -4.168345152977328e-15 Bohr magnetons
Calculating q=[0.28571429 0.28571429 0.        ]
Calculating q=[0.28571429 0.28571429 0.        ]
Calculating q=[0.28571429 0.28571429 0.        ]
Calculating q=[0.28571429 0.28571429 0.        ]
Calculating q=[0.28571429 0.28571429 0.        ]
Calculating q=[0.28571429 0.28571429 0.        ]
Calculating q=[0.28571429 0.28571429 0.        ]
Calculating q=[0.28571429 0.28571429 0.        ]
Calculating q=[0.28571429 0.28571429 0.        ]
Calculating q=[0.28571429 0.28571429 0.        ]
Calculating q=[0.28571429 0.28571429 0.        ]
Calculating q=[0.28571429 0.28571429 0.        ]
Energy: -15.586218144386702 eV
Magnetic moment: -2.793674204217314e-15 Bohr magnetons
Energy: -15.586218144386702 eV
Magnetic moment: -2.793674204217314e-15 Bohr magnetons
Energy: -15.586218144386702 eV
Magnetic moment: -2.793674204217314e-15 Bohr magnetons
Energy: -15.586218144386702 eV
Magnetic moment: -2.793674204217314e-15 Bohr magnetons
Energy: -15.586218144386702 eV
Magnetic moment: -2.793674204217314e-15 Bohr magnetons
Energy: -15.586218144386702 eV
Magnetic moment: -2.793674204217314e-15 Bohr magnetons
Energy: -15.586218144386702 eV
Magnetic moment: -2.793674204217314e-15 Bohr magnetons
Energy: -15.586218144386702 eV
Magnetic moment: -2.793674204217314e-15 Bohr magnetons
Energy: -15.586218144386702 eV
Magnetic moment: -2.793674204217314e-15 Bohr magnetons
Energy: -15.586218144386702 eV
Energy: -15.586218144386702 eV
Magnetic moment: -2.793674204217314e-15 Bohr magnetons
Energy: -15.586218144386702 eV
Magnetic moment: -2.793674204217314e-15 Bohr magnetons
Magnetic moment: -2.793674204217314e-15 Bohr magnetons
Calculating q=[0.26190476 0.26190476 0.        ]
Calculating q=[0.26190476 0.26190476 0.        ]
Calculating q=[0.26190476 0.26190476 0.        ]
Calculating q=[0.26190476 0.26190476 0.        ]
Calculating q=[0.26190476 0.26190476 0.        ]
Calculating q=[0.26190476 0.26190476 0.        ]
Calculating q=[0.26190476 0.26190476 0.        ]
Calculating q=[0.26190476 0.26190476 0.        ]
Calculating q=[0.26190476 0.26190476 0.        ]
Calculating q=[0.26190476 0.26190476 0.        ]
Calculating q=[0.26190476 0.26190476 0.        ]
Calculating q=[0.26190476 0.26190476 0.        ]
Energy: -15.584025788849447 eV
Magnetic moment: 1.1563174405017324e-15 Bohr magnetons
Energy: -15.584025788849447 eV
Magnetic moment: 1.1563174405017324e-15 Bohr magnetons
Energy: -15.584025788849447 eV
Magnetic moment: 1.1563174405017324e-15 Bohr magnetons
Energy: -15.584025788849447 eV
Magnetic moment: 1.1563174405017324e-15 Bohr magnetons
Energy: -15.584025788849447 eV
Magnetic moment: 1.1563174405017324e-15 Bohr magnetons
Energy: -15.584025788849447 eV
Magnetic moment: 1.1563174405017324e-15 Bohr magnetons
Energy: -15.584025788849447 eV
Magnetic moment: 1.1563174405017324e-15 Bohr magnetons
Energy: -15.584025788849447 eV
Magnetic moment: 1.1563174405017324e-15 Bohr magnetons
Energy: -15.584025788849447 eV
Magnetic moment: 1.1563174405017324e-15 Bohr magnetons
Energy: -15.584025788849447 eV
Energy: -15.584025788849447 eV
Magnetic moment: 1.1563174405017324e-15 Bohr magnetons
Energy: -15.584025788849447 eV
Magnetic moment: 1.1563174405017324e-15 Bohr magnetons
Calculating q=[0.23809524 0.23809524 0.        ]
Magnetic moment: 1.1563174405017324e-15 Bohr magnetons
Calculating q=[0.23809524 0.23809524 0.        ]
Calculating q=[0.23809524 0.23809524 0.        ]
Calculating q=[0.23809524 0.23809524 0.        ]
Calculating q=[0.23809524 0.23809524 0.        ]
Calculating q=[0.23809524 0.23809524 0.        ]
Calculating q=[0.23809524 0.23809524 0.        ]
Calculating q=[0.23809524 0.23809524 0.        ]
Calculating q=[0.23809524 0.23809524 0.        ]
Calculating q=[0.23809524 0.23809524 0.        ]
Calculating q=[0.23809524 0.23809524 0.        ]
Calculating q=[0.23809524 0.23809524 0.        ]
Energy: -15.580980033194061 eV
Magnetic moment: -1.7522229233314258e-15 Bohr magnetons
Energy: -15.580980033194061 eV
Magnetic moment: -1.7522229233314258e-15 Bohr magnetons
Energy: -15.580980033194061 eV
Magnetic moment: -1.7522229233314258e-15 Bohr magnetons
Energy: -15.580980033194061 eV
Magnetic moment: -1.7522229233314258e-15 Bohr magnetons
Energy: -15.580980033194061 eV
Magnetic moment: -1.7522229233314258e-15 Bohr magnetons
Energy: -15.580980033194061 eV
Magnetic moment: -1.7522229233314258e-15 Bohr magnetons
Energy: -15.580980033194061 eV
Magnetic moment: -1.7522229233314258e-15 Bohr magnetons
Energy: -15.580980033194061 eV
Magnetic moment: -1.7522229233314258e-15 Bohr magnetons
Energy: -15.580980033194061 eV
Magnetic moment: -1.7522229233314258e-15 Bohr magnetons
Energy: -15.580980033194061 eV
Magnetic moment: -1.7522229233314258e-15 Bohr magnetons
Energy: -15.580980033194061 eV
Magnetic moment: -1.7522229233314258e-15 Bohr magnetons
Energy: -15.580980033194061 eV
Magnetic moment: -1.7522229233314258e-15 Bohr magnetons
Calculating q=[0.21428571 0.21428571 0.        ]
Calculating q=[0.21428571 0.21428571 0.        ]
Calculating q=[0.21428571 0.21428571 0.        ]
Calculating q=[0.21428571 0.21428571 0.        ]
Calculating q=[0.21428571 0.21428571 0.        ]
Calculating q=[0.21428571 0.21428571 0.        ]
Calculating q=[0.21428571 0.21428571 0.        ]
Calculating q=[0.21428571 0.21428571 0.        ]
Calculating q=[0.21428571 0.21428571 0.        ]
Calculating q=[0.21428571 0.21428571 0.        ]
Calculating q=[0.21428571 0.21428571 0.        ]
Calculating q=[0.21428571 0.21428571 0.        ]
Energy: -15.577125482785414 eV
Magnetic moment: 7.875331295705594e-16 Bohr magnetons
Energy: -15.577125482785414 eV
Magnetic moment: 7.875331295705594e-16 Bohr magnetons
Energy: -15.577125482785414 eV
Magnetic moment: 7.875331295705594e-16 Bohr magnetons
Energy: -15.577125482785414 eV
Magnetic moment: 7.875331295705594e-16 Bohr magnetons
Energy: -15.577125482785414 eV
Magnetic moment: 7.875331295705594e-16 Bohr magnetons
Energy: -15.577125482785414 eV
Magnetic moment: 7.875331295705594e-16 Bohr magnetons
Energy: -15.577125482785414 eV
Magnetic moment: 7.875331295705594e-16 Bohr magnetons
Energy: -15.577125482785414 eV
Magnetic moment: 7.875331295705594e-16 Bohr magnetons
Energy: -15.577125482785414 eV
Magnetic moment: 7.875331295705594e-16 Bohr magnetons
Energy: -15.577125482785414 eV
Energy: -15.577125482785414 eV
Magnetic moment: 7.875331295705594e-16 Bohr magnetons
Energy: -15.577125482785414 eV
Magnetic moment: 7.875331295705594e-16 Bohr magnetons
Magnetic moment: 7.875331295705594e-16 Bohr magnetons
Calculating q=[0.19047619 0.19047619 0.        ]
Calculating q=[0.19047619 0.19047619 0.        ]
Calculating q=[0.19047619 0.19047619 0.        ]
Calculating q=[0.19047619 0.19047619 0.        ]
Calculating q=[0.19047619 0.19047619 0.        ]
Calculating q=[0.19047619 0.19047619 0.        ]
Calculating q=[0.19047619 0.19047619 0.        ]
Calculating q=[0.19047619 0.19047619 0.        ]
Calculating q=[0.19047619 0.19047619 0.        ]
Calculating q=[0.19047619 0.19047619 0.        ]
Calculating q=[0.19047619 0.19047619 0.        ]
Calculating q=[0.19047619 0.19047619 0.        ]
Energy: -15.57252300130477 eV
Magnetic moment: 9.549353148954194e-15 Bohr magnetons
Energy: -15.57252300130477 eV
Magnetic moment: 9.549353148954194e-15 Bohr magnetons
Energy: -15.57252300130477 eV
Magnetic moment: 9.549353148954194e-15 Bohr magnetons
Energy: -15.57252300130477 eV
Magnetic moment: 9.549353148954194e-15 Bohr magnetons
Energy: -15.57252300130477 eV
Magnetic moment: 9.549353148954194e-15 Bohr magnetons
Energy: -15.57252300130477 eV
Magnetic moment: 9.549353148954194e-15 Bohr magnetons
Energy: -15.57252300130477 eV
Magnetic moment: 9.549353148954194e-15 Bohr magnetons
Energy: -15.57252300130477 eV
Magnetic moment: 9.549353148954194e-15 Bohr magnetons
Energy: -15.57252300130477 eV
Magnetic moment: 9.549353148954194e-15 Bohr magnetons
Energy: -15.57252300130477 eV
Energy: -15.57252300130477 eV
Magnetic moment: 9.549353148954194e-15 Bohr magnetons
Energy: -15.57252300130477 eV
Magnetic moment: 9.549353148954194e-15 Bohr magnetons
Magnetic moment: 9.549353148954194e-15 Bohr magnetons
Calculating q=[0.16666667 0.16666667 0.        ]
Calculating q=[0.16666667 0.16666667 0.        ]
Calculating q=[0.16666667 0.16666667 0.        ]
Calculating q=[0.16666667 0.16666667 0.        ]
Calculating q=[0.16666667 0.16666667 0.        ]
Calculating q=[0.16666667 0.16666667 0.        ]
Calculating q=[0.16666667 0.16666667 0.        ]
Calculating q=[0.16666667 0.16666667 0.        ]
Calculating q=[0.16666667 0.16666667 0.        ]
Calculating q=[0.16666667 0.16666667 0.        ]
Calculating q=[0.16666667 0.16666667 0.        ]
Calculating q=[0.16666667 0.16666667 0.        ]
Energy: -15.567272161027637 eV
Magnetic moment: -4.6157947712282035e-15 Bohr magnetons
Energy: -15.567272161027637 eV
Energy: -15.567272161027637 eV
Magnetic moment: -4.6157947712282035e-15 Bohr magnetons
Energy: -15.567272161027637 eV
Magnetic moment: -4.6157947712282035e-15 Bohr magnetons
Energy: -15.567272161027637 eV
Magnetic moment: -4.6157947712282035e-15 Bohr magnetons
Energy: -15.567272161027637 eV
Magnetic moment: -4.6157947712282035e-15 Bohr magnetons
Energy: -15.567272161027637 eV
Magnetic moment: -4.6157947712282035e-15 Bohr magnetons
Energy: -15.567272161027637 eV
Magnetic moment: -4.6157947712282035e-15 Bohr magnetons
Energy: -15.567272161027637 eV
Magnetic moment: -4.6157947712282035e-15 Bohr magnetons
Energy: -15.567272161027637 eV
Magnetic moment: -4.6157947712282035e-15 Bohr magnetons
Energy: -15.567272161027637 eV
Magnetic moment: -4.6157947712282035e-15 Bohr magnetons
Energy: -15.567272161027637 eV
Magnetic moment: -4.6157947712282035e-15 Bohr magnetons
Calculating q=[0.14285714 0.14285714 0.        ]
Calculating q=[0.14285714 0.14285714 0.        ]
Magnetic moment: -4.6157947712282035e-15 Bohr magnetons
Calculating q=[0.14285714 0.14285714 0.        ]
Calculating q=[0.14285714 0.14285714 0.        ]
Calculating q=[0.14285714 0.14285714 0.        ]
Calculating q=[0.14285714 0.14285714 0.        ]
Calculating q=[0.14285714 0.14285714 0.        ]
Calculating q=[0.14285714 0.14285714 0.        ]
Calculating q=[0.14285714 0.14285714 0.        ]
Calculating q=[0.14285714 0.14285714 0.        ]
Calculating q=[0.14285714 0.14285714 0.        ]
Calculating q=[0.14285714 0.14285714 0.        ]
Energy: -15.5615412155377 eV
Magnetic moment: 1.5761571104610826e-15 Bohr magnetons
Energy: -15.5615412155377 eV
Magnetic moment: 1.5761571104610826e-15 Bohr magnetons
Energy: -15.5615412155377 eV
Magnetic moment: 1.5761571104610826e-15 Bohr magnetons
Energy: -15.5615412155377 eV
Energy: -15.5615412155377 eV
Magnetic moment: 1.5761571104610826e-15 Bohr magnetons
Energy: -15.5615412155377 eV
Magnetic moment: 1.5761571104610826e-15 Bohr magnetons
Energy: -15.5615412155377 eV
Magnetic moment: 1.5761571104610826e-15 Bohr magnetons
Energy: -15.5615412155377 eV
Magnetic moment: 1.5761571104610826e-15 Bohr magnetons
Energy: -15.5615412155377 eV
Magnetic moment: 1.5761571104610826e-15 Bohr magnetons
Energy: -15.5615412155377 eV
Magnetic moment: 1.5761571104610826e-15 Bohr magnetons
Energy: -15.5615412155377 eV
Magnetic moment: 1.5761571104610826e-15 Bohr magnetons
Energy: -15.5615412155377 eV
Magnetic moment: 1.5761571104610826e-15 Bohr magnetons
Magnetic moment: 1.5761571104610826e-15 Bohr magnetons
Calculating q=[0.11904762 0.11904762 0.        ]
Calculating q=[0.11904762 0.11904762 0.        ]
Calculating q=[0.11904762 0.11904762 0.        ]
Calculating q=[0.11904762 0.11904762 0.        ]
Calculating q=[0.11904762 0.11904762 0.        ]
Calculating q=[0.11904762 0.11904762 0.        ]
Calculating q=[0.11904762 0.11904762 0.        ]
Calculating q=[0.11904762 0.11904762 0.        ]
Calculating q=[0.11904762 0.11904762 0.        ]
Calculating q=[0.11904762 0.11904762 0.        ]
Calculating q=[0.11904762 0.11904762 0.        ]
Calculating q=[0.11904762 0.11904762 0.        ]
Energy: -15.555582824803892 eV
Magnetic moment: 3.3490760637831137e-15 Bohr magnetons
Energy: -15.555582824803892 eV
Magnetic moment: 3.3490760637831137e-15 Bohr magnetons
Energy: -15.555582824803892 eV
Magnetic moment: 3.3490760637831137e-15 Bohr magnetons
Energy: -15.555582824803892 eV
Magnetic moment: 3.3490760637831137e-15 Bohr magnetons
Energy: -15.555582824803892 eV
Magnetic moment: 3.3490760637831137e-15 Bohr magnetons
Energy: -15.555582824803892 eV
Magnetic moment: 3.3490760637831137e-15 Bohr magnetons
Energy: -15.555582824803892 eV
Magnetic moment: 3.3490760637831137e-15 Bohr magnetons
Energy: -15.555582824803892 eV
Magnetic moment: 3.3490760637831137e-15 Bohr magnetons
Energy: -15.555582824803892 eV
Magnetic moment: 3.3490760637831137e-15 Bohr magnetons
Energy: -15.555582824803892 eV
Energy: -15.555582824803892 eV
Magnetic moment: 3.3490760637831137e-15 Bohr magnetons
Energy: -15.555582824803892 eV
Magnetic moment: 3.3490760637831137e-15 Bohr magnetons
Magnetic moment: 3.3490760637831137e-15 Bohr magnetons
Calculating q=[0.0952381 0.0952381 0.       ]
Calculating q=[0.0952381 0.0952381 0.       ]
Calculating q=[0.0952381 0.0952381 0.       ]
Calculating q=[0.0952381 0.0952381 0.       ]
Calculating q=[0.0952381 0.0952381 0.       ]
Calculating q=[0.0952381 0.0952381 0.       ]
Calculating q=[0.0952381 0.0952381 0.       ]
Calculating q=[0.0952381 0.0952381 0.       ]
Calculating q=[0.0952381 0.0952381 0.       ]
Calculating q=[0.0952381 0.0952381 0.       ]
Calculating q=[0.0952381 0.0952381 0.       ]
Calculating q=[0.0952381 0.0952381 0.       ]
Energy: -15.549755366297981 eV
Magnetic moment: 1.9124891238094422e-13 Bohr magnetons
Energy: -15.549755366297981 eV
Magnetic moment: 1.9124891238094422e-13 Bohr magnetons
Energy: -15.549755366297981 eV
Magnetic moment: 1.9124891238094422e-13 Bohr magnetons
Energy: -15.549755366297981 eV
Magnetic moment: 1.9124891238094422e-13 Bohr magnetons
Energy: -15.549755366297981 eV
Magnetic moment: 1.9124891238094422e-13 Bohr magnetons
Energy: -15.549755366297981 eV
Magnetic moment: 1.9124891238094422e-13 Bohr magnetons
Energy: -15.549755366297981 eV
Magnetic moment: 1.9124891238094422e-13 Bohr magnetons
Energy: -15.549755366297981 eV
Magnetic moment: 1.9124891238094422e-13 Bohr magnetons
Energy: -15.549755366297981 eV
Magnetic moment: 1.9124891238094422e-13 Bohr magnetons
Energy: -15.549755366297981 eV
Energy: -15.549755366297981 eV
Magnetic moment: 1.9124891238094422e-13 Bohr magnetons
Energy: -15.549755366297981 eV
Magnetic moment: 1.9124891238094422e-13 Bohr magnetons
Calculating q=[0.07142857 0.07142857 0.        ]
Magnetic moment: 1.9124891238094422e-13 Bohr magnetons
Calculating q=[0.07142857 0.07142857 0.        ]
Calculating q=[0.07142857 0.07142857 0.        ]
Calculating q=[0.07142857 0.07142857 0.        ]
Calculating q=[0.07142857 0.07142857 0.        ]
Calculating q=[0.07142857 0.07142857 0.        ]
Calculating q=[0.07142857 0.07142857 0.        ]
Calculating q=[0.07142857 0.07142857 0.        ]
Calculating q=[0.07142857 0.07142857 0.        ]
Calculating q=[0.07142857 0.07142857 0.        ]
Calculating q=[0.07142857 0.07142857 0.        ]
Calculating q=[0.07142857 0.07142857 0.        ]
Energy: -15.544492945257675 eV
Magnetic moment: 5.593158331114302e-15 Bohr magnetons
Energy: -15.544492945257675 eV
Magnetic moment: 5.593158331114302e-15 Bohr magnetons
Energy: -15.544492945257675 eV
Energy: -15.544492945257675 eV
Magnetic moment: 5.593158331114302e-15 Bohr magnetons
Energy: -15.544492945257675 eV
Magnetic moment: 5.593158331114302e-15 Bohr magnetons
Energy: -15.544492945257675 eV
Magnetic moment: 5.593158331114302e-15 Bohr magnetons
Energy: -15.544492945257675 eV
Magnetic moment: 5.593158331114302e-15 Bohr magnetons
Energy: -15.544492945257675 eV
Magnetic moment: 5.593158331114302e-15 Bohr magnetons
Energy: -15.544492945257675 eV
Magnetic moment: 5.593158331114302e-15 Bohr magnetons
Energy: -15.544492945257675 eV
Magnetic moment: 5.593158331114302e-15 Bohr magnetons
Energy: -15.544492945257675 eV
Magnetic moment: 5.593158331114302e-15 Bohr magnetons
Energy: -15.544492945257675 eV
Magnetic moment: 5.593158331114302e-15 Bohr magnetons
Calculating q=[0.04761905 0.04761905 0.        ]
Calculating q=[0.04761905 0.04761905 0.        ]
Calculating q=[0.04761905 0.04761905 0.        ]
Magnetic moment: 5.593158331114302e-15 Bohr magnetons
Calculating q=[0.04761905 0.04761905 0.        ]
Calculating q=[0.04761905 0.04761905 0.        ]
Calculating q=[0.04761905 0.04761905 0.        ]
Calculating q=[0.04761905 0.04761905 0.        ]
Calculating q=[0.04761905 0.04761905 0.        ]
Calculating q=[0.04761905 0.04761905 0.        ]
Calculating q=[0.04761905 0.04761905 0.        ]
Calculating q=[0.04761905 0.04761905 0.        ]
Calculating q=[0.04761905 0.04761905 0.        ]
Energy: -15.540274324975066 eV
Magnetic moment: 3.2244411992007228e-15 Bohr magnetons
Energy: -15.540274324975066 eV
Magnetic moment: 3.2244411992007228e-15 Bohr magnetons
Energy: -15.540274324975066 eV
Magnetic moment: 3.2244411992007228e-15 Bohr magnetons
Energy: -15.540274324975066 eV
Magnetic moment: 3.2244411992007228e-15 Bohr magnetons
Energy: -15.540274324975066 eV
Magnetic moment: 3.2244411992007228e-15 Bohr magnetons
Energy: -15.540274324975066 eV
Magnetic moment: 3.2244411992007228e-15 Bohr magnetons
Energy: -15.540274324975066 eV
Magnetic moment: 3.2244411992007228e-15 Bohr magnetons
Energy: -15.540274324975066 eV
Magnetic moment: 3.2244411992007228e-15 Bohr magnetons
Energy: -15.540274324975066 eV
Magnetic moment: 3.2244411992007228e-15 Bohr magnetons
Energy: -15.540274324975066 eV
Energy: -15.540274324975066 eV
Energy: -15.540274324975066 eV
Magnetic moment: 3.2244411992007228e-15 Bohr magnetons
Magnetic moment: 3.2244411992007228e-15 Bohr magnetons
Magnetic moment: 3.2244411992007228e-15 Bohr magnetons
Calculating q=[0.02380952 0.02380952 0.        ]
Calculating q=[0.02380952 0.02380952 0.        ]
Calculating q=[0.02380952 0.02380952 0.        ]
Calculating q=[0.02380952 0.02380952 0.        ]
Calculating q=[0.02380952 0.02380952 0.        ]
Calculating q=[0.02380952 0.02380952 0.        ]
Calculating q=[0.02380952 0.02380952 0.        ]
Calculating q=[0.02380952 0.02380952 0.        ]
Calculating q=[0.02380952 0.02380952 0.        ]
Calculating q=[0.02380952 0.02380952 0.        ]
Calculating q=[0.02380952 0.02380952 0.        ]
Calculating q=[0.02380952 0.02380952 0.        ]
Energy: -15.537539319071493 eV
Magnetic moment: -1.3181697656978146e-15 Bohr magnetons
Energy: -15.537539319071493 eV
Magnetic moment: -1.3181697656978146e-15 Bohr magnetons
Energy: -15.537539319071493 eV
Magnetic moment: -1.3181697656978146e-15 Bohr magnetons
Energy: -15.537539319071493 eV
Magnetic moment: -1.3181697656978146e-15 Bohr magnetons
Energy: -15.537539319071493 eV
Magnetic moment: -1.3181697656978146e-15 Bohr magnetons
Energy: -15.537539319071493 eV
Magnetic moment: -1.3181697656978146e-15 Bohr magnetons
Energy: -15.537539319071493 eV
Magnetic moment: -1.3181697656978146e-15 Bohr magnetons
Energy: -15.537539319071493 eV
Magnetic moment: -1.3181697656978146e-15 Bohr magnetons
Energy: -15.537539319071493 eV
Magnetic moment: -1.3181697656978146e-15 Bohr magnetons
Energy: -15.537539319071493 eV
Energy: -15.537539319071493 eV
Magnetic moment: -1.3181697656978146e-15 Bohr magnetons
Energy: -15.537539319071493 eV
Magnetic moment: -1.3181697656978146e-15 Bohr magnetons
Calculating q=[0. 0. 0.]
Calculating q=[0. 0. 0.]
Calculating q=[0. 0. 0.]
Calculating q=[0. 0. 0.]
Calculating q=[0. 0. 0.]
Calculating q=[0. 0. 0.]
Magnetic moment: -1.3181697656978146e-15 Bohr magnetons
Calculating q=[0. 0. 0.]
Calculating q=[0. 0. 0.]
Calculating q=[0. 0. 0.]
Calculating q=[0. 0. 0.]
Calculating q=[0. 0. 0.]
Calculating q=[0. 0. 0.]
Energy: -15.536586576502843 eV
Magnetic moment: 2.287686041576379e-12 Bohr magnetons
Energy: -15.536586576502843 eV
Magnetic moment: 2.287686041576379e-12 Bohr magnetons
Energy: -15.536586576502843 eV
Magnetic moment: 2.287686041576379e-12 Bohr magnetons
Energy: -15.536586576502843 eV
Magnetic moment: 2.287686041576379e-12 Bohr magnetons
Energy: -15.536586576502843 eV
Magnetic moment: 2.287686041576379e-12 Bohr magnetons
Energy: -15.536586576502843 eV
Magnetic moment: 2.287686041576379e-12 Bohr magnetons
Energy: -15.536586576502843 eV
Magnetic moment: 2.287686041576379e-12 Bohr magnetons
Energy: -15.536586576502843 eV
Energy: -15.536586576502843 eV
Magnetic moment: 2.287686041576379e-12 Bohr magnetons
Energy: -15.536586576502843 eV
Magnetic moment: 2.287686041576379e-12 Bohr magnetons
Energy: -15.536586576502843 eV
Magnetic moment: 2.287686041576379e-12 Bohr magnetons
Energy: -15.536586576502843 eV
Magnetic moment: 2.287686041576379e-12 Bohr magnetons
Magnetic moment: 2.287686041576379e-12 Bohr magnetons

------------------------------------------------------------
Sender: LSF System <lsfadmin@hpc.dtu.dk>
Subject: Job 21516974: <plot_7.py> in cluster <dcc> Done

Job <plot_7.py> was submitted from host <gbarlogin2> by user <s194113> in cluster <dcc> at Sat Apr 20 11:36:20 2024
Job was executed on host(s) <12*n-62-29-33>, in queue <hpc>, as user <s194113> in cluster <dcc> at Sat Apr 20 15:46:47 2024
</zhome/87/8/147075> was used as the home directory.
</zhome/87/8/147075/10302/10302_NM/VBr2/V_con> was used as the working directory.
Started at Sat Apr 20 15:46:47 2024
Terminated at Sat Apr 20 20:06:47 2024
Results reported at Sat Apr 20 20:06:47 2024

Your job looked like:

------------------------------------------------------------
# LSBATCH: User input
#!/bin/bash -l
id=$LSB_JOBID
mq=/zhome/87/8/147075/.myqueue/lsf-$id
source /zhome/87/8/147075/venv-name/bin/activate
echo "venv: /zhome/87/8/147075/venv-name/bin/activate"
(touch $mq-0 && \
 cd '/zhome/87/8/147075/10302/10302_NM/VBr2/V_con' && \
 mpiexec python3 plot_7.py && \
 touch $mq-1) || \
(touch $mq-2; exit 1)

------------------------------------------------------------

Successfully completed.

Resource usage summary:

    CPU time :                                   187126.72 sec.
    Max Memory :                                 9428 MB
    Average Memory :                             6289.76 MB
    Total Requested Memory :                     73728.00 MB
    Delta Memory :                               64300.00 MB
    Max Swap :                                   -
    Max Processes :                              17
    Max Threads :                                57
    Run time :                                   15599 sec.
    Turnaround time :                            30627 sec.

The output (if any) is above this job summary.



PS:

Read file </zhome/87/8/147075/10302/10302_NM/VBr2/V_con/plot_7.py.21516974.err> for stderr output of this job.

