venv: /zhome/87/8/147075/venv-name/bin/activate
[1713853538.056539] [n-62-29-7:29211:0]          ib_md.c:1063 UCX  WARN  IB: ibv_fork_init() was disabled or failed, yet a fork() has been issued.
[1713853538.056574] [n-62-29-7:29211:0]          ib_md.c:1064 UCX  WARN  IB: data corruption might occur when using registered memory.
[1713853538.056543] [n-62-29-7:29212:0]          ib_md.c:1063 UCX  WARN  IB: ibv_fork_init() was disabled or failed, yet a fork() has been issued.
[1713853538.056574] [n-62-29-7:29212:0]          ib_md.c:1064 UCX  WARN  IB: data corruption might occur when using registered memory.
[1713853538.056539] [n-62-29-7:29213:0]          ib_md.c:1063 UCX  WARN  IB: ibv_fork_init() was disabled or failed, yet a fork() has been issued.
[1713853538.056574] [n-62-29-7:29213:0]          ib_md.c:1064 UCX  WARN  IB: data corruption might occur when using registered memory.
[1713853538.056518] [n-62-29-7:29214:0]          ib_md.c:1063 UCX  WARN  IB: ibv_fork_init() was disabled or failed, yet a fork() has been issued.
[1713853538.056557] [n-62-29-7:29214:0]          ib_md.c:1064 UCX  WARN  IB: data corruption might occur when using registered memory.
[1713853538.056565] [n-62-29-7:29222:0]          ib_md.c:1063 UCX  WARN  IB: ibv_fork_init() was disabled or failed, yet a fork() has been issued.
[1713853538.056603] [n-62-29-7:29222:0]          ib_md.c:1064 UCX  WARN  IB: data corruption might occur when using registered memory.
[1713853538.056523] [n-62-29-7:29224:0]          ib_md.c:1063 UCX  WARN  IB: ibv_fork_init() was disabled or failed, yet a fork() has been issued.
[1713853538.056557] [n-62-29-7:29224:0]          ib_md.c:1064 UCX  WARN  IB: data corruption might occur when using registered memory.
[1713853538.056626] [n-62-29-7:29215:0]          ib_md.c:1063 UCX  WARN  IB: ibv_fork_init() was disabled or failed, yet a fork() has been issued.
[1713853538.056666] [n-62-29-7:29215:0]          ib_md.c:1064 UCX  WARN  IB: data corruption might occur when using registered memory.
[1713853538.056587] [n-62-29-7:29218:0]          ib_md.c:1063 UCX  WARN  IB: ibv_fork_init() was disabled or failed, yet a fork() has been issued.
[1713853538.056628] [n-62-29-7:29218:0]          ib_md.c:1064 UCX  WARN  IB: data corruption might occur when using registered memory.
[1713853538.056641] [n-62-29-7:29225:0]          ib_md.c:1063 UCX  WARN  IB: ibv_fork_init() was disabled or failed, yet a fork() has been issued.
[1713853538.056676] [n-62-29-7:29225:0]          ib_md.c:1064 UCX  WARN  IB: data corruption might occur when using registered memory.
[1713853538.056601] [n-62-29-7:29226:0]          ib_md.c:1063 UCX  WARN  IB: ibv_fork_init() was disabled or failed, yet a fork() has been issued.
[1713853538.056645] [n-62-29-7:29226:0]          ib_md.c:1064 UCX  WARN  IB: data corruption might occur when using registered memory.
[1713853538.056659] [n-62-29-7:29209:0]          ib_md.c:1063 UCX  WARN  IB: ibv_fork_init() was disabled or failed, yet a fork() has been issued.
[1713853538.056689] [n-62-29-7:29209:0]          ib_md.c:1064 UCX  WARN  IB: data corruption might occur when using registered memory.
[1713853538.056696] [n-62-29-7:29219:0]          ib_md.c:1063 UCX  WARN  IB: ibv_fork_init() was disabled or failed, yet a fork() has been issued.
[1713853538.056739] [n-62-29-7:29219:0]          ib_md.c:1064 UCX  WARN  IB: data corruption might occur when using registered memory.
Calculating ground state
31 q-points in the path
=====================================
Calculating ground state
31 q-points in the path
=====================================
Calculating q=[0. 0. 0.]
Calculating ground state
Calculating ground state
31 q-points in the path
=====================================
Calculating ground state
Calculating q=[0. 0. 0.]
31 q-points in the path
=====================================
31 q-points in the path
Calculating ground state
31 q-points in the path
=====================================
=====================================
Calculating q=[0. 0. 0.]
Calculating ground state
31 q-points in the path
=====================================
Calculating ground state
31 q-points in the path
=====================================
Calculating ground state
Calculating ground state
Calculating q=[0. 0. 0.]
31 q-points in the path
=====================================
31 q-points in the path
=====================================
Calculating ground state
31 q-points in the path
=====================================
Calculating q=[0. 0. 0.]
Calculating ground state
31 q-points in the path
=====================================
Calculating q=[0. 0. 0.]
Calculating q=[0. 0. 0.]
Calculating q=[0. 0. 0.]
Calculating q=[0. 0. 0.]
Calculating q=[0. 0. 0.]
Calculating q=[0. 0. 0.]
Calculating q=[0. 0. 0.]
Energy: -15.379701667773347 eV
Magnetic moment: -8.163083318501678e-10 Bohr magnetons
Energy: -15.379701667773347 eV
Magnetic moment: -8.163083318501678e-10 Bohr magnetons
Energy: -15.379701667773347 eV
Magnetic moment: -8.163083318501678e-10 Bohr magnetons
Energy: -15.379701667773347 eV
Magnetic moment: -8.163083318501678e-10 Bohr magnetons
Energy: -15.379701667773347 eV
Magnetic moment: -8.163083318501678e-10 Bohr magnetons
Energy: -15.379701667773347 eV
Magnetic moment: -8.163083318501678e-10 Bohr magnetons
Energy: -15.379701667773347 eV
Magnetic moment: -8.163083318501678e-10 Bohr magnetons
Energy: -15.379701667773347 eV
Magnetic moment: -8.163083318501678e-10 Bohr magnetons
Energy: -15.379701667773347 eV
Energy: -15.379701667773347 eV
Magnetic moment: -8.163083318501678e-10 Bohr magnetons
Energy: -15.379701667773347 eV
Magnetic moment: -8.163083318501678e-10 Bohr magnetons
Energy: -15.379701667773347 eV
Magnetic moment: -8.163083318501678e-10 Bohr magnetons
Magnetic moment: -8.163083318501678e-10 Bohr magnetons
Calculating q=[0.05 0.   0.  ]
Calculating q=[0.05 0.   0.  ]
Calculating q=[0.05 0.   0.  ]
Calculating q=[0.05 0.   0.  ]
Calculating q=[0.05 0.   0.  ]
Calculating q=[0.05 0.   0.  ]
Calculating q=[0.05 0.   0.  ]
Calculating q=[0.05 0.   0.  ]
Calculating q=[0.05 0.   0.  ]
Calculating q=[0.05 0.   0.  ]
Calculating q=[0.05 0.   0.  ]
Calculating q=[0.05 0.   0.  ]
Energy: -15.382894713052925 eV
Magnetic moment: -8.41628978454778e-15 Bohr magnetons
Energy: -15.382894713052925 eV
Magnetic moment: -8.41628978454778e-15 Bohr magnetons
Energy: -15.382894713052925 eV
Magnetic moment: -8.41628978454778e-15 Bohr magnetons
Energy: -15.382894713052925 eV
Magnetic moment: -8.41628978454778e-15 Bohr magnetons
Energy: -15.382894713052925 eV
Magnetic moment: -8.41628978454778e-15 Bohr magnetons
Energy: -15.382894713052925 eV
Magnetic moment: -8.41628978454778e-15 Bohr magnetons
Energy: -15.382894713052925 eV
Magnetic moment: -8.41628978454778e-15 Bohr magnetons
Energy: -15.382894713052925 eV
Magnetic moment: -8.41628978454778e-15 Bohr magnetons
Energy: -15.382894713052925 eV
Magnetic moment: -8.41628978454778e-15 Bohr magnetons
Energy: -15.382894713052925 eV
Magnetic moment: -8.41628978454778e-15 Bohr magnetons
Energy: -15.382894713052925 eV
Magnetic moment: -8.41628978454778e-15 Bohr magnetons
Energy: -15.382894713052925 eV
Magnetic moment: -8.41628978454778e-15 Bohr magnetons
Calculating q=[0.1 0.  0. ]
Calculating q=[0.1 0.  0. ]
Calculating q=[0.1 0.  0. ]
Calculating q=[0.1 0.  0. ]
Calculating q=[0.1 0.  0. ]
Calculating q=[0.1 0.  0. ]
Calculating q=[0.1 0.  0. ]
Calculating q=[0.1 0.  0. ]
Calculating q=[0.1 0.  0. ]
Calculating q=[0.1 0.  0. ]
Calculating q=[0.1 0.  0. ]
Calculating q=[0.1 0.  0. ]
Energy: -15.391867549496475 eV
Magnetic moment: 4.735358462179285e-15 Bohr magnetons
Energy: -15.391867549496475 eV
Magnetic moment: 4.735358462179285e-15 Bohr magnetons
Energy: -15.391867549496475 eV
Magnetic moment: 4.735358462179285e-15 Bohr magnetons
Energy: -15.391867549496475 eV
Magnetic moment: 4.735358462179285e-15 Bohr magnetons
Energy: -15.391867549496475 eV
Magnetic moment: 4.735358462179285e-15 Bohr magnetons
Energy: -15.391867549496475 eV
Magnetic moment: 4.735358462179285e-15 Bohr magnetons
Energy: -15.391867549496475 eV
Magnetic moment: 4.735358462179285e-15 Bohr magnetons
Energy: -15.391867549496475 eV
Magnetic moment: 4.735358462179285e-15 Bohr magnetons
Energy: -15.391867549496475 eV
Magnetic moment: 4.735358462179285e-15 Bohr magnetons
Energy: -15.391867549496475 eV
Magnetic moment: 4.735358462179285e-15 Bohr magnetons
Energy: -15.391867549496475 eV
Magnetic moment: 4.735358462179285e-15 Bohr magnetons
Energy: -15.391867549496475 eV
Magnetic moment: 4.735358462179285e-15 Bohr magnetons
Calculating q=[0.15 0.   0.  ]
Calculating q=[0.15 0.   0.  ]
Calculating q=[0.15 0.   0.  ]
Calculating q=[0.15 0.   0.  ]
Calculating q=[0.15 0.   0.  ]
Calculating q=[0.15 0.   0.  ]
Calculating q=[0.15 0.   0.  ]
Calculating q=[0.15 0.   0.  ]
Calculating q=[0.15 0.   0.  ]
Calculating q=[0.15 0.   0.  ]
Calculating q=[0.15 0.   0.  ]
Calculating q=[0.15 0.   0.  ]
Energy: -15.4049148014757 eV
Magnetic moment: 6.876918733890238e-15 Bohr magnetons
Energy: -15.4049148014757 eV
Magnetic moment: 6.876918733890238e-15 Bohr magnetons
Energy: -15.4049148014757 eV
Magnetic moment: 6.876918733890238e-15 Bohr magnetons
Energy: -15.4049148014757 eV
Magnetic moment: 6.876918733890238e-15 Bohr magnetons
Energy: -15.4049148014757 eV
Magnetic moment: 6.876918733890238e-15 Bohr magnetons
Energy: -15.4049148014757 eV
Magnetic moment: 6.876918733890238e-15 Bohr magnetons
Energy: -15.4049148014757 eV
Magnetic moment: 6.876918733890238e-15 Bohr magnetons
Energy: -15.4049148014757 eV
Magnetic moment: 6.876918733890238e-15 Bohr magnetons
Energy: -15.4049148014757 eV
Magnetic moment: 6.876918733890238e-15 Bohr magnetons
Energy: -15.4049148014757 eV
Magnetic moment: 6.876918733890238e-15 Bohr magnetons
Energy: -15.4049148014757 eV
Magnetic moment: 6.876918733890238e-15 Bohr magnetons
Energy: -15.4049148014757 eV
Magnetic moment: 6.876918733890238e-15 Bohr magnetons
Calculating q=[0.2 0.  0. ]
Calculating q=[0.2 0.  0. ]
Calculating q=[0.2 0.  0. ]
Calculating q=[0.2 0.  0. ]
Calculating q=[0.2 0.  0. ]
Calculating q=[0.2 0.  0. ]
Calculating q=[0.2 0.  0. ]
Calculating q=[0.2 0.  0. ]
Calculating q=[0.2 0.  0. ]
Calculating q=[0.2 0.  0. ]
Calculating q=[0.2 0.  0. ]
Calculating q=[0.2 0.  0. ]
Energy: -15.419832195756413 eV
Magnetic moment: 2.8173813020145013e-15 Bohr magnetons
Energy: -15.419832195756413 eV
Magnetic moment: 2.8173813020145013e-15 Bohr magnetons
Energy: -15.419832195756413 eV
Magnetic moment: 2.8173813020145013e-15 Bohr magnetons
Energy: -15.419832195756413 eV
Magnetic moment: 2.8173813020145013e-15 Bohr magnetons
Energy: -15.419832195756413 eV
Magnetic moment: 2.8173813020145013e-15 Bohr magnetons
Energy: -15.419832195756413 eV
Magnetic moment: 2.8173813020145013e-15 Bohr magnetons
Energy: -15.419832195756413 eV
Magnetic moment: 2.8173813020145013e-15 Bohr magnetons
Energy: -15.419832195756413 eV
Magnetic moment: 2.8173813020145013e-15 Bohr magnetons
Energy: -15.419832195756413 eV
Magnetic moment: 2.8173813020145013e-15 Bohr magnetons
Energy: -15.419832195756413 eV
Magnetic moment: 2.8173813020145013e-15 Bohr magnetons
Energy: -15.419832195756413 eV
Magnetic moment: 2.8173813020145013e-15 Bohr magnetons
Energy: -15.419832195756413 eV
Magnetic moment: 2.8173813020145013e-15 Bohr magnetons
Calculating q=[0.25 0.   0.  ]
Calculating q=[0.25 0.   0.  ]
Calculating q=[0.25 0.   0.  ]
Calculating q=[0.25 0.   0.  ]
Calculating q=[0.25 0.   0.  ]
Calculating q=[0.25 0.   0.  ]
Calculating q=[0.25 0.   0.  ]
Calculating q=[0.25 0.   0.  ]
Calculating q=[0.25 0.   0.  ]
Calculating q=[0.25 0.   0.  ]
Calculating q=[0.25 0.   0.  ]
Calculating q=[0.25 0.   0.  ]
Energy: -15.434453163425438 eV
Magnetic moment: -6.887931141707595e-15 Bohr magnetons
Energy: -15.434453163425438 eV
Magnetic moment: -6.887931141707595e-15 Bohr magnetons
Energy: -15.434453163425438 eV
Magnetic moment: -6.887931141707595e-15 Bohr magnetons
Energy: -15.434453163425438 eV
Magnetic moment: -6.887931141707595e-15 Bohr magnetons
Energy: -15.434453163425438 eV
Magnetic moment: -6.887931141707595e-15 Bohr magnetons
Energy: -15.434453163425438 eV
Magnetic moment: -6.887931141707595e-15 Bohr magnetons
Energy: -15.434453163425438 eV
Magnetic moment: -6.887931141707595e-15 Bohr magnetons
Energy: -15.434453163425438 eV
Magnetic moment: -6.887931141707595e-15 Bohr magnetons
Energy: -15.434453163425438 eV
Magnetic moment: -6.887931141707595e-15 Bohr magnetons
Energy: -15.434453163425438 eV
Magnetic moment: -6.887931141707595e-15 Bohr magnetons
Energy: -15.434453163425438 eV
Magnetic moment: -6.887931141707595e-15 Bohr magnetons
Energy: -15.434453163425438 eV
Magnetic moment: -6.887931141707595e-15 Bohr magnetons
Calculating q=[0.3 0.  0. ]
Calculating q=[0.3 0.  0. ]
Calculating q=[0.3 0.  0. ]
Calculating q=[0.3 0.  0. ]
Calculating q=[0.3 0.  0. ]
Calculating q=[0.3 0.  0. ]
Calculating q=[0.3 0.  0. ]
Calculating q=[0.3 0.  0. ]
Calculating q=[0.3 0.  0. ]
Calculating q=[0.3 0.  0. ]
Calculating q=[0.3 0.  0. ]
Calculating q=[0.3 0.  0. ]
Energy: -15.447128749688884 eV
Magnetic moment: -1.0605137108838939e-16 Bohr magnetons
Calculating q=[0.35 0.   0.  ]
Energy: -15.447128749688884 eV
Magnetic moment: -1.0605137108838939e-16 Bohr magnetons
Calculating q=[0.35 0.   0.  ]
Energy: -15.447128749688884 eV
Magnetic moment: -1.0605137108838939e-16 Bohr magnetons
Calculating q=[0.35 0.   0.  ]
Energy: -15.447128749688884 eV
Magnetic moment: -1.0605137108838939e-16 Bohr magnetons
Calculating q=[0.35 0.   0.  ]
Energy: -15.447128749688884 eV
Magnetic moment: -1.0605137108838939e-16 Bohr magnetons
Calculating q=[0.35 0.   0.  ]
Energy: -15.447128749688884 eV
Magnetic moment: -1.0605137108838939e-16 Bohr magnetons
Calculating q=[0.35 0.   0.  ]
Energy: -15.447128749688884 eV
Magnetic moment: -1.0605137108838939e-16 Bohr magnetons
Calculating q=[0.35 0.   0.  ]
Energy: -15.447128749688884 eV
Magnetic moment: -1.0605137108838939e-16 Bohr magnetons
Calculating q=[0.35 0.   0.  ]
Energy: -15.447128749688884 eV
Magnetic moment: -1.0605137108838939e-16 Bohr magnetons
Calculating q=[0.35 0.   0.  ]
Energy: -15.447128749688884 eV
Magnetic moment: -1.0605137108838939e-16 Bohr magnetons
Calculating q=[0.35 0.   0.  ]
Energy: -15.447128749688884 eV
Magnetic moment: -1.0605137108838939e-16 Bohr magnetons
Calculating q=[0.35 0.   0.  ]
Energy: -15.447128749688884 eV
Magnetic moment: -1.0605137108838939e-16 Bohr magnetons
Calculating q=[0.35 0.   0.  ]
Energy: -15.456861870210542 eV
Magnetic moment: -5.287709068693841e-15 Bohr magnetons
Energy: -15.456861870210542 eV
Magnetic moment: -5.287709068693841e-15 Bohr magnetons
Energy: -15.456861870210542 eV
Magnetic moment: -5.287709068693841e-15 Bohr magnetons
Energy: -15.456861870210542 eV
Magnetic moment: -5.287709068693841e-15 Bohr magnetons
Energy: -15.456861870210542 eV
Magnetic moment: -5.287709068693841e-15 Bohr magnetons
Energy: -15.456861870210542 eV
Magnetic moment: -5.287709068693841e-15 Bohr magnetons
Energy: -15.456861870210542 eV
Magnetic moment: -5.287709068693841e-15 Bohr magnetons
Energy: -15.456861870210542 eV
Magnetic moment: -5.287709068693841e-15 Bohr magnetons
Energy: -15.456861870210542 eV
Magnetic moment: -5.287709068693841e-15 Bohr magnetons
Energy: -15.456861870210542 eV
Magnetic moment: -5.287709068693841e-15 Bohr magnetons
Energy: -15.456861870210542 eV
Magnetic moment: -5.287709068693841e-15 Bohr magnetons
Energy: -15.456861870210542 eV
Magnetic moment: -5.287709068693841e-15 Bohr magnetons
Calculating q=[0.4 0.  0. ]
Calculating q=[0.4 0.  0. ]
Calculating q=[0.4 0.  0. ]
Calculating q=[0.4 0.  0. ]
Calculating q=[0.4 0.  0. ]
Calculating q=[0.4 0.  0. ]
Calculating q=[0.4 0.  0. ]
Calculating q=[0.4 0.  0. ]
Calculating q=[0.4 0.  0. ]
Calculating q=[0.4 0.  0. ]
Calculating q=[0.4 0.  0. ]
Calculating q=[0.4 0.  0. ]
Energy: -15.463343671573377 eV
Magnetic moment: -6.920417645149148e-16 Bohr magnetons
Energy: -15.463343671573377 eV
Magnetic moment: -6.920417645149148e-16 Bohr magnetons
Energy: -15.463343671573377 eV
Magnetic moment: -6.920417645149148e-16 Bohr magnetons
Energy: -15.463343671573377 eV
Magnetic moment: -6.920417645149148e-16 Bohr magnetons
Energy: -15.463343671573377 eV
Magnetic moment: -6.920417645149148e-16 Bohr magnetons
Energy: -15.463343671573377 eV
Magnetic moment: -6.920417645149148e-16 Bohr magnetons
Energy: -15.463343671573377 eV
Magnetic moment: -6.920417645149148e-16 Bohr magnetons
Energy: -15.463343671573377 eV
Magnetic moment: -6.920417645149148e-16 Bohr magnetons
Energy: -15.463343671573377 eV
Magnetic moment: -6.920417645149148e-16 Bohr magnetons
Energy: -15.463343671573377 eV
Magnetic moment: -6.920417645149148e-16 Bohr magnetons
Energy: -15.463343671573377 eV
Magnetic moment: -6.920417645149148e-16 Bohr magnetons
Energy: -15.463343671573377 eV
Magnetic moment: -6.920417645149148e-16 Bohr magnetons
Calculating q=[0.45 0.   0.  ]
Calculating q=[0.45 0.   0.  ]
Calculating q=[0.45 0.   0.  ]
Calculating q=[0.45 0.   0.  ]
Calculating q=[0.45 0.   0.  ]
Calculating q=[0.45 0.   0.  ]
Calculating q=[0.45 0.   0.  ]
Calculating q=[0.45 0.   0.  ]
Calculating q=[0.45 0.   0.  ]
Calculating q=[0.45 0.   0.  ]
Calculating q=[0.45 0.   0.  ]
Calculating q=[0.45 0.   0.  ]
Energy: -15.466831828551 eV
Magnetic moment: 5.029227295117474e-15 Bohr magnetons
Energy: -15.466831828551 eV
Magnetic moment: 5.029227295117474e-15 Bohr magnetons
Energy: -15.466831828551 eV
Magnetic moment: 5.029227295117474e-15 Bohr magnetons
Energy: -15.466831828551 eV
Magnetic moment: 5.029227295117474e-15 Bohr magnetons
Energy: -15.466831828551 eV
Magnetic moment: 5.029227295117474e-15 Bohr magnetons
Energy: -15.466831828551 eV
Magnetic moment: 5.029227295117474e-15 Bohr magnetons
Energy: -15.466831828551 eV
Magnetic moment: 5.029227295117474e-15 Bohr magnetons
Energy: -15.466831828551 eV
Magnetic moment: 5.029227295117474e-15 Bohr magnetons
Energy: -15.466831828551 eV
Magnetic moment: 5.029227295117474e-15 Bohr magnetons
Energy: -15.466831828551 eV
Magnetic moment: 5.029227295117474e-15 Bohr magnetons
Energy: -15.466831828551 eV
Magnetic moment: 5.029227295117474e-15 Bohr magnetons
Calculating q=[0.5 0.  0. ]
Energy: -15.466831828551 eV
Magnetic moment: 5.029227295117474e-15 Bohr magnetons
Calculating q=[0.5 0.  0. ]
Calculating q=[0.5 0.  0. ]
Calculating q=[0.5 0.  0. ]
Calculating q=[0.5 0.  0. ]
Calculating q=[0.5 0.  0. ]
Calculating q=[0.5 0.  0. ]
Calculating q=[0.5 0.  0. ]
Calculating q=[0.5 0.  0. ]
Calculating q=[0.5 0.  0. ]
Calculating q=[0.5 0.  0. ]
Calculating q=[0.5 0.  0. ]
Energy: -15.46788891831472 eV
Magnetic moment: -1.4420047300255113e-16 Bohr magnetons
Energy: -15.46788891831472 eV
Magnetic moment: -1.4420047300255113e-16 Bohr magnetons
Energy: -15.46788891831472 eV
Magnetic moment: -1.4420047300255113e-16 Bohr magnetons
Energy: -15.46788891831472 eV
Magnetic moment: -1.4420047300255113e-16 Bohr magnetons
Energy: -15.46788891831472 eV
Magnetic moment: -1.4420047300255113e-16 Bohr magnetons
Energy: -15.46788891831472 eV
Magnetic moment: -1.4420047300255113e-16 Bohr magnetons
Energy: -15.46788891831472 eV
Magnetic moment: -1.4420047300255113e-16 Bohr magnetons
Energy: -15.46788891831472 eV
Magnetic moment: -1.4420047300255113e-16 Bohr magnetons
Energy: -15.46788891831472 eV
Magnetic moment: -1.4420047300255113e-16 Bohr magnetons
Energy: -15.46788891831472 eV
Magnetic moment: -1.4420047300255113e-16 Bohr magnetons
Energy: -15.46788891831472 eV
Magnetic moment: -1.4420047300255113e-16 Bohr magnetons
Energy: -15.46788891831472 eV
Magnetic moment: -1.4420047300255113e-16 Bohr magnetons
Calculating q=[0.47222222 0.05555556 0.        ]
Calculating q=[0.47222222 0.05555556 0.        ]
Calculating q=[0.47222222 0.05555556 0.        ]
Calculating q=[0.47222222 0.05555556 0.        ]
Calculating q=[0.47222222 0.05555556 0.        ]
Calculating q=[0.47222222 0.05555556 0.        ]
Calculating q=[0.47222222 0.05555556 0.        ]
Calculating q=[0.47222222 0.05555556 0.        ]
Calculating q=[0.47222222 0.05555556 0.        ]
Calculating q=[0.47222222 0.05555556 0.        ]
Calculating q=[0.47222222 0.05555556 0.        ]
Calculating q=[0.47222222 0.05555556 0.        ]
Energy: -15.468447696842194 eV
Magnetic moment: -6.290313810793263e-15 Bohr magnetons
Energy: -15.468447696842194 eV
Magnetic moment: -6.290313810793263e-15 Bohr magnetons
Energy: -15.468447696842194 eV
Magnetic moment: -6.290313810793263e-15 Bohr magnetons
Energy: -15.468447696842194 eV
Magnetic moment: -6.290313810793263e-15 Bohr magnetons
Energy: -15.468447696842194 eV
Magnetic moment: -6.290313810793263e-15 Bohr magnetons
Energy: -15.468447696842194 eV
Magnetic moment: -6.290313810793263e-15 Bohr magnetons
Energy: -15.468447696842194 eV
Magnetic moment: -6.290313810793263e-15 Bohr magnetons
Energy: -15.468447696842194 eV
Magnetic moment: -6.290313810793263e-15 Bohr magnetons
Energy: -15.468447696842194 eV
Magnetic moment: -6.290313810793263e-15 Bohr magnetons
Energy: -15.468447696842194 eV
Magnetic moment: -6.290313810793263e-15 Bohr magnetons
Energy: -15.468447696842194 eV
Magnetic moment: -6.290313810793263e-15 Bohr magnetons
Energy: -15.468447696842194 eV
Magnetic moment: -6.290313810793263e-15 Bohr magnetons
Calculating q=[0.44444444 0.11111111 0.        ]
Calculating q=[0.44444444 0.11111111 0.        ]
Calculating q=[0.44444444 0.11111111 0.        ]
Calculating q=[0.44444444 0.11111111 0.        ]
Calculating q=[0.44444444 0.11111111 0.        ]
Calculating q=[0.44444444 0.11111111 0.        ]
Calculating q=[0.44444444 0.11111111 0.        ]
Calculating q=[0.44444444 0.11111111 0.        ]
Calculating q=[0.44444444 0.11111111 0.        ]
Calculating q=[0.44444444 0.11111111 0.        ]
Calculating q=[0.44444444 0.11111111 0.        ]
Calculating q=[0.44444444 0.11111111 0.        ]
Energy: -15.469906561237519 eV
Magnetic moment: -4.27406063813461e-15 Bohr magnetons
Energy: -15.469906561237519 eV
Magnetic moment: -4.27406063813461e-15 Bohr magnetons
Energy: -15.469906561237519 eV
Magnetic moment: -4.27406063813461e-15 Bohr magnetons
Energy: -15.469906561237519 eV
Magnetic moment: -4.27406063813461e-15 Bohr magnetons
Energy: -15.469906561237519 eV
Magnetic moment: -4.27406063813461e-15 Bohr magnetons
Energy: -15.469906561237519 eV
Magnetic moment: -4.27406063813461e-15 Bohr magnetons
Energy: -15.469906561237519 eV
Magnetic moment: -4.27406063813461e-15 Bohr magnetons
Energy: -15.469906561237519 eV
Magnetic moment: -4.27406063813461e-15 Bohr magnetons
Energy: -15.469906561237519 eV
Magnetic moment: -4.27406063813461e-15 Bohr magnetons
Energy: -15.469906561237519 eV
Magnetic moment: -4.27406063813461e-15 Bohr magnetons
Energy: -15.469906561237519 eV
Magnetic moment: -4.27406063813461e-15 Bohr magnetons
Energy: -15.469906561237519 eV
Magnetic moment: -4.27406063813461e-15 Bohr magnetons
Calculating q=[0.41666667 0.16666667 0.        ]
Calculating q=[0.41666667 0.16666667 0.        ]
Calculating q=[0.41666667 0.16666667 0.        ]
Calculating q=[0.41666667 0.16666667 0.        ]
Calculating q=[0.41666667 0.16666667 0.        ]
Calculating q=[0.41666667 0.16666667 0.        ]
Calculating q=[0.41666667 0.16666667 0.        ]
Calculating q=[0.41666667 0.16666667 0.        ]
Calculating q=[0.41666667 0.16666667 0.        ]
Calculating q=[0.41666667 0.16666667 0.        ]
Calculating q=[0.41666667 0.16666667 0.        ]
Calculating q=[0.41666667 0.16666667 0.        ]
Energy: -15.471728148951144 eV
Magnetic moment: 8.637381530622061e-17 Bohr magnetons
Energy: -15.471728148951144 eV
Magnetic moment: 8.637381530622061e-17 Bohr magnetons
Energy: -15.471728148951144 eV
Magnetic moment: 8.637381530622061e-17 Bohr magnetons
Energy: -15.471728148951144 eV
Magnetic moment: 8.637381530622061e-17 Bohr magnetons
Energy: -15.471728148951144 eV
Magnetic moment: 8.637381530622061e-17 Bohr magnetons
Energy: -15.471728148951144 eV
Magnetic moment: 8.637381530622061e-17 Bohr magnetons
Energy: -15.471728148951144 eV
Magnetic moment: 8.637381530622061e-17 Bohr magnetons
Energy: -15.471728148951144 eV
Magnetic moment: 8.637381530622061e-17 Bohr magnetons
Energy: -15.471728148951144 eV
Magnetic moment: 8.637381530622061e-17 Bohr magnetons
Energy: -15.471728148951144 eV
Magnetic moment: 8.637381530622061e-17 Bohr magnetons
Energy: -15.471728148951144 eV
Magnetic moment: 8.637381530622061e-17 Bohr magnetons
Energy: -15.471728148951144 eV
Magnetic moment: 8.637381530622061e-17 Bohr magnetons
Calculating q=[0.38888889 0.22222222 0.        ]
Calculating q=[0.38888889 0.22222222 0.        ]
Calculating q=[0.38888889 0.22222222 0.        ]
Calculating q=[0.38888889 0.22222222 0.        ]
Calculating q=[0.38888889 0.22222222 0.        ]
Calculating q=[0.38888889 0.22222222 0.        ]
Calculating q=[0.38888889 0.22222222 0.        ]
Calculating q=[0.38888889 0.22222222 0.        ]
Calculating q=[0.38888889 0.22222222 0.        ]
Calculating q=[0.38888889 0.22222222 0.        ]
Calculating q=[0.38888889 0.22222222 0.        ]
Calculating q=[0.38888889 0.22222222 0.        ]
Energy: -15.47333762601172 eV
Magnetic moment: 2.8506438252110193e-15 Bohr magnetons
Energy: -15.47333762601172 eV
Magnetic moment: 2.8506438252110193e-15 Bohr magnetons
Energy: -15.47333762601172 eV
Magnetic moment: 2.8506438252110193e-15 Bohr magnetons
Energy: -15.47333762601172 eV
Magnetic moment: 2.8506438252110193e-15 Bohr magnetons
Energy: -15.47333762601172 eV
Magnetic moment: 2.8506438252110193e-15 Bohr magnetons
Energy: -15.47333762601172 eV
Magnetic moment: 2.8506438252110193e-15 Bohr magnetons
Energy: -15.47333762601172 eV
Magnetic moment: 2.8506438252110193e-15 Bohr magnetons
Energy: -15.47333762601172 eV
Magnetic moment: 2.8506438252110193e-15 Bohr magnetons
Energy: -15.47333762601172 eV
Magnetic moment: 2.8506438252110193e-15 Bohr magnetons
Energy: -15.47333762601172 eV
Magnetic moment: 2.8506438252110193e-15 Bohr magnetons
Energy: -15.47333762601172 eV
Magnetic moment: 2.8506438252110193e-15 Bohr magnetons
Calculating q=[0.36111111 0.27777778 0.        ]
Calculating q=[0.36111111 0.27777778 0.        ]
Calculating q=[0.36111111 0.27777778 0.        ]
Calculating q=[0.36111111 0.27777778 0.        ]
Calculating q=[0.36111111 0.27777778 0.        ]
Calculating q=[0.36111111 0.27777778 0.        ]
Calculating q=[0.36111111 0.27777778 0.        ]
Energy: -15.47333762601172 eV
Magnetic moment: 2.8506438252110193e-15 Bohr magnetons
Calculating q=[0.36111111 0.27777778 0.        ]
Calculating q=[0.36111111 0.27777778 0.        ]
Calculating q=[0.36111111 0.27777778 0.        ]
Calculating q=[0.36111111 0.27777778 0.        ]
Calculating q=[0.36111111 0.27777778 0.        ]
Energy: -15.474369854526506 eV
Magnetic moment: 6.824299741636884e-15 Bohr magnetons
Energy: -15.474369854526506 eV
Magnetic moment: 6.824299741636884e-15 Bohr magnetons
Energy: -15.474369854526506 eV
Magnetic moment: 6.824299741636884e-15 Bohr magnetons
Energy: -15.474369854526506 eV
Magnetic moment: 6.824299741636884e-15 Bohr magnetons
Energy: -15.474369854526506 eV
Magnetic moment: 6.824299741636884e-15 Bohr magnetons
Energy: -15.474369854526506 eV
Magnetic moment: 6.824299741636884e-15 Bohr magnetons
Energy: -15.474369854526506 eV
Magnetic moment: 6.824299741636884e-15 Bohr magnetons
Energy: -15.474369854526506 eV
Magnetic moment: 6.824299741636884e-15 Bohr magnetons
Energy: -15.474369854526506 eV
Magnetic moment: 6.824299741636884e-15 Bohr magnetons
Energy: -15.474369854526506 eV
Magnetic moment: 6.824299741636884e-15 Bohr magnetons
Energy: -15.474369854526506 eV
Magnetic moment: 6.824299741636884e-15 Bohr magnetons
Energy: -15.474369854526506 eV
Magnetic moment: 6.824299741636884e-15 Bohr magnetons
Calculating q=[0.33333333 0.33333333 0.        ]
Calculating q=[0.33333333 0.33333333 0.        ]
Calculating q=[0.33333333 0.33333333 0.        ]
Calculating q=[0.33333333 0.33333333 0.        ]
Calculating q=[0.33333333 0.33333333 0.        ]
Calculating q=[0.33333333 0.33333333 0.        ]
Calculating q=[0.33333333 0.33333333 0.        ]
Calculating q=[0.33333333 0.33333333 0.        ]
Calculating q=[0.33333333 0.33333333 0.        ]
Calculating q=[0.33333333 0.33333333 0.        ]
Calculating q=[0.33333333 0.33333333 0.        ]
Calculating q=[0.33333333 0.33333333 0.        ]
Energy: -15.474698716796324 eV
Magnetic moment: 1.2030088587379131e-14 Bohr magnetons
Energy: -15.474698716796324 eV
Magnetic moment: 1.2030088587379131e-14 Bohr magnetons
Energy: -15.474698716796324 eV
Magnetic moment: 1.2030088587379131e-14 Bohr magnetons
Energy: -15.474698716796324 eV
Magnetic moment: 1.2030088587379131e-14 Bohr magnetons
Energy: -15.474698716796324 eV
Magnetic moment: 1.2030088587379131e-14 Bohr magnetons
Energy: -15.474698716796324 eV
Magnetic moment: 1.2030088587379131e-14 Bohr magnetons
Energy: -15.474698716796324 eV
Magnetic moment: 1.2030088587379131e-14 Bohr magnetons
Energy: -15.474698716796324 eV
Magnetic moment: 1.2030088587379131e-14 Bohr magnetons
Energy: -15.474698716796324 eV
Magnetic moment: 1.2030088587379131e-14 Bohr magnetons
Energy: -15.474698716796324 eV
Magnetic moment: 1.2030088587379131e-14 Bohr magnetons
Energy: -15.474698716796324 eV
Magnetic moment: 1.2030088587379131e-14 Bohr magnetons
Energy: -15.474698716796324 eV
Magnetic moment: 1.2030088587379131e-14 Bohr magnetons
Calculating q=[0.30952381 0.30952381 0.        ]
Calculating q=[0.30952381 0.30952381 0.        ]
Calculating q=[0.30952381 0.30952381 0.        ]
Calculating q=[0.30952381 0.30952381 0.        ]
Calculating q=[0.30952381 0.30952381 0.        ]
Calculating q=[0.30952381 0.30952381 0.        ]
Calculating q=[0.30952381 0.30952381 0.        ]
Calculating q=[0.30952381 0.30952381 0.        ]
Calculating q=[0.30952381 0.30952381 0.        ]
Calculating q=[0.30952381 0.30952381 0.        ]
Calculating q=[0.30952381 0.30952381 0.        ]
Calculating q=[0.30952381 0.30952381 0.        ]
Energy: -15.474401791199075 eV
Magnetic moment: -1.5130940944917526e-15 Bohr magnetons
Energy: -15.474401791199075 eV
Magnetic moment: -1.5130940944917526e-15 Bohr magnetons
Energy: -15.474401791199075 eV
Magnetic moment: -1.5130940944917526e-15 Bohr magnetons
Energy: -15.474401791199075 eV
Magnetic moment: -1.5130940944917526e-15 Bohr magnetons
Energy: -15.474401791199075 eV
Magnetic moment: -1.5130940944917526e-15 Bohr magnetons
Energy: -15.474401791199075 eV
Magnetic moment: -1.5130940944917526e-15 Bohr magnetons
Energy: -15.474401791199075 eV
Magnetic moment: -1.5130940944917526e-15 Bohr magnetons
Energy: -15.474401791199075 eV
Magnetic moment: -1.5130940944917526e-15 Bohr magnetons
Energy: -15.474401791199075 eV
Magnetic moment: -1.5130940944917526e-15 Bohr magnetons
Energy: -15.474401791199075 eV
Magnetic moment: -1.5130940944917526e-15 Bohr magnetons
Energy: -15.474401791199075 eV
Magnetic moment: -1.5130940944917526e-15 Bohr magnetons
Energy: -15.474401791199075 eV
Magnetic moment: -1.5130940944917526e-15 Bohr magnetons
Calculating q=[0.28571429 0.28571429 0.        ]
Calculating q=[0.28571429 0.28571429 0.        ]
Calculating q=[0.28571429 0.28571429 0.        ]
Calculating q=[0.28571429 0.28571429 0.        ]
Calculating q=[0.28571429 0.28571429 0.        ]
Calculating q=[0.28571429 0.28571429 0.        ]
Calculating q=[0.28571429 0.28571429 0.        ]
Calculating q=[0.28571429 0.28571429 0.        ]
Calculating q=[0.28571429 0.28571429 0.        ]
Calculating q=[0.28571429 0.28571429 0.        ]
Calculating q=[0.28571429 0.28571429 0.        ]
Calculating q=[0.28571429 0.28571429 0.        ]
Energy: -15.473348736732442 eV
Magnetic moment: 6.373282827954288e-15 Bohr magnetons
Energy: -15.473348736732442 eV
Magnetic moment: 6.373282827954288e-15 Bohr magnetons
Energy: -15.473348736732442 eV
Magnetic moment: 6.373282827954288e-15 Bohr magnetons
Energy: -15.473348736732442 eV
Magnetic moment: 6.373282827954288e-15 Bohr magnetons
Energy: -15.473348736732442 eV
Magnetic moment: 6.373282827954288e-15 Bohr magnetons
Energy: -15.473348736732442 eV
Magnetic moment: 6.373282827954288e-15 Bohr magnetons
Energy: -15.473348736732442 eV
Magnetic moment: 6.373282827954288e-15 Bohr magnetons
Energy: -15.473348736732442 eV
Magnetic moment: 6.373282827954288e-15 Bohr magnetons
Energy: -15.473348736732442 eV
Magnetic moment: 6.373282827954288e-15 Bohr magnetons
Energy: -15.473348736732442 eV
Magnetic moment: 6.373282827954288e-15 Bohr magnetons
Energy: -15.473348736732442 eV
Magnetic moment: 6.373282827954288e-15 Bohr magnetons
Energy: -15.473348736732442 eV
Magnetic moment: 6.373282827954288e-15 Bohr magnetons
Calculating q=[0.26190476 0.26190476 0.        ]
Calculating q=[0.26190476 0.26190476 0.        ]
Calculating q=[0.26190476 0.26190476 0.        ]
Calculating q=[0.26190476 0.26190476 0.        ]
Calculating q=[0.26190476 0.26190476 0.        ]
Calculating q=[0.26190476 0.26190476 0.        ]
Calculating q=[0.26190476 0.26190476 0.        ]
Calculating q=[0.26190476 0.26190476 0.        ]
Calculating q=[0.26190476 0.26190476 0.        ]
Calculating q=[0.26190476 0.26190476 0.        ]
Calculating q=[0.26190476 0.26190476 0.        ]
Calculating q=[0.26190476 0.26190476 0.        ]
Energy: -15.471211851500337 eV
Magnetic moment: 7.501470212015258e-16 Bohr magnetons
Energy: -15.471211851500337 eV
Magnetic moment: 7.501470212015258e-16 Bohr magnetons
Energy: -15.471211851500337 eV
Magnetic moment: 7.501470212015258e-16 Bohr magnetons
Energy: -15.471211851500337 eV
Magnetic moment: 7.501470212015258e-16 Bohr magnetons
Energy: -15.471211851500337 eV
Magnetic moment: 7.501470212015258e-16 Bohr magnetons
Energy: -15.471211851500337 eV
Magnetic moment: 7.501470212015258e-16 Bohr magnetons
Energy: -15.471211851500337 eV
Magnetic moment: 7.501470212015258e-16 Bohr magnetons
Energy: -15.471211851500337 eV
Magnetic moment: 7.501470212015258e-16 Bohr magnetons
Energy: -15.471211851500337 eV
Magnetic moment: 7.501470212015258e-16 Bohr magnetons
Energy: -15.471211851500337 eV
Magnetic moment: 7.501470212015258e-16 Bohr magnetons
Energy: -15.471211851500337 eV
Magnetic moment: 7.501470212015258e-16 Bohr magnetons
Energy: -15.471211851500337 eV
Magnetic moment: 7.501470212015258e-16 Bohr magnetons
Calculating q=[0.23809524 0.23809524 0.        ]
Calculating q=[0.23809524 0.23809524 0.        ]
Calculating q=[0.23809524 0.23809524 0.        ]
Calculating q=[0.23809524 0.23809524 0.        ]
Calculating q=[0.23809524 0.23809524 0.        ]
Calculating q=[0.23809524 0.23809524 0.        ]
Calculating q=[0.23809524 0.23809524 0.        ]
Calculating q=[0.23809524 0.23809524 0.        ]
Calculating q=[0.23809524 0.23809524 0.        ]
Calculating q=[0.23809524 0.23809524 0.        ]
Calculating q=[0.23809524 0.23809524 0.        ]
Calculating q=[0.23809524 0.23809524 0.        ]
Energy: -15.467603919261208 eV
Magnetic moment: -6.019846424283909e-15 Bohr magnetons
Energy: -15.467603919261208 eV
Magnetic moment: -6.019846424283909e-15 Bohr magnetons
Energy: -15.467603919261208 eV
Magnetic moment: -6.019846424283909e-15 Bohr magnetons
Energy: -15.467603919261208 eV
Magnetic moment: -6.019846424283909e-15 Bohr magnetons
Energy: -15.467603919261208 eV
Magnetic moment: -6.019846424283909e-15 Bohr magnetons
Energy: -15.467603919261208 eV
Magnetic moment: -6.019846424283909e-15 Bohr magnetons
Energy: -15.467603919261208 eV
Magnetic moment: -6.019846424283909e-15 Bohr magnetons
Energy: -15.467603919261208 eV
Magnetic moment: -6.019846424283909e-15 Bohr magnetons
Energy: -15.467603919261208 eV
Magnetic moment: -6.019846424283909e-15 Bohr magnetons
Energy: -15.467603919261208 eV
Magnetic moment: -6.019846424283909e-15 Bohr magnetons
Energy: -15.467603919261208 eV
Magnetic moment: -6.019846424283909e-15 Bohr magnetons
Calculating q=[0.21428571 0.21428571 0.        ]
Energy: -15.467603919261208 eV
Magnetic moment: -6.019846424283909e-15 Bohr magnetons
Calculating q=[0.21428571 0.21428571 0.        ]
Calculating q=[0.21428571 0.21428571 0.        ]
Calculating q=[0.21428571 0.21428571 0.        ]
Calculating q=[0.21428571 0.21428571 0.        ]
Calculating q=[0.21428571 0.21428571 0.        ]
Calculating q=[0.21428571 0.21428571 0.        ]
Calculating q=[0.21428571 0.21428571 0.        ]
Calculating q=[0.21428571 0.21428571 0.        ]
Calculating q=[0.21428571 0.21428571 0.        ]
Calculating q=[0.21428571 0.21428571 0.        ]
Calculating q=[0.21428571 0.21428571 0.        ]
Energy: -15.462160297718814 eV
Energy: -15.462160297718814 eV
Magnetic moment: 2.758211025465856e-15 Bohr magnetons
Energy: -15.462160297718814 eV
Magnetic moment: 2.758211025465856e-15 Bohr magnetons
Energy: -15.462160297718814 eV
Magnetic moment: 2.758211025465856e-15 Bohr magnetons
Energy: -15.462160297718814 eV
Magnetic moment: 2.758211025465856e-15 Bohr magnetons
Energy: -15.462160297718814 eV
Magnetic moment: 2.758211025465856e-15 Bohr magnetons
Energy: -15.462160297718814 eV
Magnetic moment: 2.758211025465856e-15 Bohr magnetons
Energy: -15.462160297718814 eV
Magnetic moment: 2.758211025465856e-15 Bohr magnetons
Energy: -15.462160297718814 eV
Magnetic moment: 2.758211025465856e-15 Bohr magnetons
Energy: -15.462160297718814 eV
Magnetic moment: 2.758211025465856e-15 Bohr magnetons
Energy: -15.462160297718814 eV
Magnetic moment: 2.758211025465856e-15 Bohr magnetons
Magnetic moment: 2.758211025465856e-15 Bohr magnetons
Energy: -15.462160297718814 eV
Magnetic moment: 2.758211025465856e-15 Bohr magnetons
Calculating q=[0.19047619 0.19047619 0.        ]
Calculating q=[0.19047619 0.19047619 0.        ]
Calculating q=[0.19047619 0.19047619 0.        ]
Calculating q=[0.19047619 0.19047619 0.        ]
Calculating q=[0.19047619 0.19047619 0.        ]
Calculating q=[0.19047619 0.19047619 0.        ]
Calculating q=[0.19047619 0.19047619 0.        ]
Calculating q=[0.19047619 0.19047619 0.        ]
Calculating q=[0.19047619 0.19047619 0.        ]
Calculating q=[0.19047619 0.19047619 0.        ]
Calculating q=[0.19047619 0.19047619 0.        ]
Calculating q=[0.19047619 0.19047619 0.        ]
Energy: -15.454688036778599 eV
Magnetic moment: 1.3268503223119886e-15 Bohr magnetons
Energy: -15.454688036778599 eV
Magnetic moment: 1.3268503223119886e-15 Bohr magnetons
Energy: -15.454688036778599 eV
Magnetic moment: 1.3268503223119886e-15 Bohr magnetons
Energy: -15.454688036778599 eV
Magnetic moment: 1.3268503223119886e-15 Bohr magnetons
Energy: -15.454688036778599 eV
Magnetic moment: 1.3268503223119886e-15 Bohr magnetons
Energy: -15.454688036778599 eV
Magnetic moment: 1.3268503223119886e-15 Bohr magnetons
Energy: -15.454688036778599 eV
Magnetic moment: 1.3268503223119886e-15 Bohr magnetons
Energy: -15.454688036778599 eV
Magnetic moment: 1.3268503223119886e-15 Bohr magnetons
Energy: -15.454688036778599 eV
Magnetic moment: 1.3268503223119886e-15 Bohr magnetons
Energy: -15.454688036778599 eV
Magnetic moment: 1.3268503223119886e-15 Bohr magnetons
Energy: -15.454688036778599 eV
Magnetic moment: 1.3268503223119886e-15 Bohr magnetons
Energy: -15.454688036778599 eV
Magnetic moment: 1.3268503223119886e-15 Bohr magnetons
Calculating q=[0.16666667 0.16666667 0.        ]
Calculating q=[0.16666667 0.16666667 0.        ]
Calculating q=[0.16666667 0.16666667 0.        ]
Calculating q=[0.16666667 0.16666667 0.        ]
Calculating q=[0.16666667 0.16666667 0.        ]
Calculating q=[0.16666667 0.16666667 0.        ]
Calculating q=[0.16666667 0.16666667 0.        ]
Calculating q=[0.16666667 0.16666667 0.        ]
Calculating q=[0.16666667 0.16666667 0.        ]
Calculating q=[0.16666667 0.16666667 0.        ]
Calculating q=[0.16666667 0.16666667 0.        ]
Calculating q=[0.16666667 0.16666667 0.        ]
Energy: -15.445225897763828 eV
Magnetic moment: 2.1028081774172436e-15 Bohr magnetons
Energy: -15.445225897763828 eV
Magnetic moment: 2.1028081774172436e-15 Bohr magnetons
Energy: -15.445225897763828 eV
Magnetic moment: 2.1028081774172436e-15 Bohr magnetons
Energy: -15.445225897763828 eV
Magnetic moment: 2.1028081774172436e-15 Bohr magnetons
Energy: -15.445225897763828 eV
Magnetic moment: 2.1028081774172436e-15 Bohr magnetons
Energy: -15.445225897763828 eV
Magnetic moment: 2.1028081774172436e-15 Bohr magnetons
Energy: -15.445225897763828 eV
Magnetic moment: 2.1028081774172436e-15 Bohr magnetons
Energy: -15.445225897763828 eV
Magnetic moment: 2.1028081774172436e-15 Bohr magnetons
Energy: -15.445225897763828 eV
Magnetic moment: 2.1028081774172436e-15 Bohr magnetons
Energy: -15.445225897763828 eV
Magnetic moment: 2.1028081774172436e-15 Bohr magnetons
Energy: -15.445225897763828 eV
Magnetic moment: 2.1028081774172436e-15 Bohr magnetons
Energy: -15.445225897763828 eV
Magnetic moment: 2.1028081774172436e-15 Bohr magnetons
Calculating q=[0.14285714 0.14285714 0.        ]
Calculating q=[0.14285714 0.14285714 0.        ]
Calculating q=[0.14285714 0.14285714 0.        ]
Calculating q=[0.14285714 0.14285714 0.        ]
Calculating q=[0.14285714 0.14285714 0.        ]
Calculating q=[0.14285714 0.14285714 0.        ]
Calculating q=[0.14285714 0.14285714 0.        ]
Calculating q=[0.14285714 0.14285714 0.        ]
Calculating q=[0.14285714 0.14285714 0.        ]
Calculating q=[0.14285714 0.14285714 0.        ]
Calculating q=[0.14285714 0.14285714 0.        ]
Calculating q=[0.14285714 0.14285714 0.        ]
Energy: -15.434055228320139 eV
Magnetic moment: 8.477126018713323e-15 Bohr magnetons
Energy: -15.434055228320139 eV
Magnetic moment: 8.477126018713323e-15 Bohr magnetons
Energy: -15.434055228320139 eV
Magnetic moment: 8.477126018713323e-15 Bohr magnetons
Energy: -15.434055228320139 eV
Magnetic moment: 8.477126018713323e-15 Bohr magnetons
Energy: -15.434055228320139 eV
Magnetic moment: 8.477126018713323e-15 Bohr magnetons
Energy: -15.434055228320139 eV
Magnetic moment: 8.477126018713323e-15 Bohr magnetons
Energy: -15.434055228320139 eV
Magnetic moment: 8.477126018713323e-15 Bohr magnetons
Energy: -15.434055228320139 eV
Magnetic moment: 8.477126018713323e-15 Bohr magnetons
Energy: -15.434055228320139 eV
Magnetic moment: 8.477126018713323e-15 Bohr magnetons
Energy: -15.434055228320139 eV
Magnetic moment: 8.477126018713323e-15 Bohr magnetons
Energy: -15.434055228320139 eV
Magnetic moment: 8.477126018713323e-15 Bohr magnetons
Energy: -15.434055228320139 eV
Magnetic moment: 8.477126018713323e-15 Bohr magnetons
Calculating q=[0.11904762 0.11904762 0.        ]
Calculating q=[0.11904762 0.11904762 0.        ]
Calculating q=[0.11904762 0.11904762 0.        ]
Calculating q=[0.11904762 0.11904762 0.        ]
Calculating q=[0.11904762 0.11904762 0.        ]
Calculating q=[0.11904762 0.11904762 0.        ]
Calculating q=[0.11904762 0.11904762 0.        ]
Calculating q=[0.11904762 0.11904762 0.        ]
Calculating q=[0.11904762 0.11904762 0.        ]
Calculating q=[0.11904762 0.11904762 0.        ]
Calculating q=[0.11904762 0.11904762 0.        ]
Calculating q=[0.11904762 0.11904762 0.        ]
Energy: -15.421779296900633 eV
Magnetic moment: -1.1809983079028526e-14 Bohr magnetons
Energy: -15.421779296900633 eV
Magnetic moment: -1.1809983079028526e-14 Bohr magnetons
Energy: -15.421779296900633 eV
Magnetic moment: -1.1809983079028526e-14 Bohr magnetons
Energy: -15.421779296900633 eV
Magnetic moment: -1.1809983079028526e-14 Bohr magnetons
Energy: -15.421779296900633 eV
Magnetic moment: -1.1809983079028526e-14 Bohr magnetons
Energy: -15.421779296900633 eV
Magnetic moment: -1.1809983079028526e-14 Bohr magnetons
Energy: -15.421779296900633 eV
Magnetic moment: -1.1809983079028526e-14 Bohr magnetons
Energy: -15.421779296900633 eV
Magnetic moment: -1.1809983079028526e-14 Bohr magnetons
Energy: -15.421779296900633 eV
Magnetic moment: -1.1809983079028526e-14 Bohr magnetons
Energy: -15.421779296900633 eV
Magnetic moment: -1.1809983079028526e-14 Bohr magnetons
Energy: -15.421779296900633 eV
Magnetic moment: -1.1809983079028526e-14 Bohr magnetons
Energy: -15.421779296900633 eV
Magnetic moment: -1.1809983079028526e-14 Bohr magnetons
Calculating q=[0.0952381 0.0952381 0.       ]
Calculating q=[0.0952381 0.0952381 0.       ]
Calculating q=[0.0952381 0.0952381 0.       ]
Calculating q=[0.0952381 0.0952381 0.       ]
Calculating q=[0.0952381 0.0952381 0.       ]
Calculating q=[0.0952381 0.0952381 0.       ]
Calculating q=[0.0952381 0.0952381 0.       ]
Calculating q=[0.0952381 0.0952381 0.       ]
Calculating q=[0.0952381 0.0952381 0.       ]
Calculating q=[0.0952381 0.0952381 0.       ]
Calculating q=[0.0952381 0.0952381 0.       ]
Calculating q=[0.0952381 0.0952381 0.       ]
Energy: -15.409246368123334 eV
Magnetic moment: -2.9192430354879688e-15 Bohr magnetons
Energy: -15.409246368123334 eV
Magnetic moment: -2.9192430354879688e-15 Bohr magnetons
Energy: -15.409246368123334 eV
Magnetic moment: -2.9192430354879688e-15 Bohr magnetons
Energy: -15.409246368123334 eV
Magnetic moment: -2.9192430354879688e-15 Bohr magnetons
Energy: -15.409246368123334 eV
Magnetic moment: -2.9192430354879688e-15 Bohr magnetons
Energy: -15.409246368123334 eV
Magnetic moment: -2.9192430354879688e-15 Bohr magnetons
Energy: -15.409246368123334 eV
Magnetic moment: -2.9192430354879688e-15 Bohr magnetons
Energy: -15.409246368123334 eV
Magnetic moment: -2.9192430354879688e-15 Bohr magnetons
Energy: -15.409246368123334 eV
Magnetic moment: -2.9192430354879688e-15 Bohr magnetons
Energy: -15.409246368123334 eV
Magnetic moment: -2.9192430354879688e-15 Bohr magnetons
Energy: -15.409246368123334 eV
Magnetic moment: -2.9192430354879688e-15 Bohr magnetons
Energy: -15.409246368123334 eV
Magnetic moment: -2.9192430354879688e-15 Bohr magnetons
Calculating q=[0.07142857 0.07142857 0.        ]
Calculating q=[0.07142857 0.07142857 0.        ]
Calculating q=[0.07142857 0.07142857 0.        ]
Calculating q=[0.07142857 0.07142857 0.        ]
Calculating q=[0.07142857 0.07142857 0.        ]
Calculating q=[0.07142857 0.07142857 0.        ]
Calculating q=[0.07142857 0.07142857 0.        ]
Calculating q=[0.07142857 0.07142857 0.        ]
Calculating q=[0.07142857 0.07142857 0.        ]
Calculating q=[0.07142857 0.07142857 0.        ]
Calculating q=[0.07142857 0.07142857 0.        ]
Calculating q=[0.07142857 0.07142857 0.        ]
Energy: -15.397551795361917 eV
Magnetic moment: 8.341767731745528e-15 Bohr magnetons
Energy: -15.397551795361917 eV
Magnetic moment: 8.341767731745528e-15 Bohr magnetons
Energy: -15.397551795361917 eV
Magnetic moment: 8.341767731745528e-15 Bohr magnetons
Energy: -15.397551795361917 eV
Magnetic moment: 8.341767731745528e-15 Bohr magnetons
Energy: -15.397551795361917 eV
Magnetic moment: 8.341767731745528e-15 Bohr magnetons
Energy: -15.397551795361917 eV
Magnetic moment: 8.341767731745528e-15 Bohr magnetons
Energy: -15.397551795361917 eV
Magnetic moment: 8.341767731745528e-15 Bohr magnetons
Energy: -15.397551795361917 eV
Magnetic moment: 8.341767731745528e-15 Bohr magnetons
Energy: -15.397551795361917 eV
Magnetic moment: 8.341767731745528e-15 Bohr magnetons
Energy: -15.397551795361917 eV
Magnetic moment: 8.341767731745528e-15 Bohr magnetons
Energy: -15.397551795361917 eV
Magnetic moment: 8.341767731745528e-15 Bohr magnetons
Energy: -15.397551795361917 eV
Magnetic moment: 8.341767731745528e-15 Bohr magnetons
Calculating q=[0.04761905 0.04761905 0.        ]
Calculating q=[0.04761905 0.04761905 0.        ]
Calculating q=[0.04761905 0.04761905 0.        ]
Calculating q=[0.04761905 0.04761905 0.        ]
Calculating q=[0.04761905 0.04761905 0.        ]
Calculating q=[0.04761905 0.04761905 0.        ]
Calculating q=[0.04761905 0.04761905 0.        ]
Calculating q=[0.04761905 0.04761905 0.        ]
Calculating q=[0.04761905 0.04761905 0.        ]
Calculating q=[0.04761905 0.04761905 0.        ]
Calculating q=[0.04761905 0.04761905 0.        ]
Calculating q=[0.04761905 0.04761905 0.        ]
Energy: -15.3881350104384 eV
Magnetic moment: -1.6828672456494317e-15 Bohr magnetons
Energy: -15.3881350104384 eV
Magnetic moment: -1.6828672456494317e-15 Bohr magnetons
Energy: -15.3881350104384 eV
Magnetic moment: -1.6828672456494317e-15 Bohr magnetons
Energy: -15.3881350104384 eV
Magnetic moment: -1.6828672456494317e-15 Bohr magnetons
Energy: -15.3881350104384 eV
Magnetic moment: -1.6828672456494317e-15 Bohr magnetons
Energy: -15.3881350104384 eV
Magnetic moment: -1.6828672456494317e-15 Bohr magnetons
Energy: -15.3881350104384 eV
Magnetic moment: -1.6828672456494317e-15 Bohr magnetons
Energy: -15.3881350104384 eV
Magnetic moment: -1.6828672456494317e-15 Bohr magnetons
Energy: -15.3881350104384 eV
Magnetic moment: -1.6828672456494317e-15 Bohr magnetons
Energy: -15.3881350104384 eV
Magnetic moment: -1.6828672456494317e-15 Bohr magnetons
Energy: -15.3881350104384 eV
Magnetic moment: -1.6828672456494317e-15 Bohr magnetons
Energy: -15.3881350104384 eV
Magnetic moment: -1.6828672456494317e-15 Bohr magnetons
Calculating q=[0.02380952 0.02380952 0.        ]
Calculating q=[0.02380952 0.02380952 0.        ]
Calculating q=[0.02380952 0.02380952 0.        ]
Calculating q=[0.02380952 0.02380952 0.        ]
Calculating q=[0.02380952 0.02380952 0.        ]
Calculating q=[0.02380952 0.02380952 0.        ]
Calculating q=[0.02380952 0.02380952 0.        ]
Calculating q=[0.02380952 0.02380952 0.        ]
Calculating q=[0.02380952 0.02380952 0.        ]
Calculating q=[0.02380952 0.02380952 0.        ]
Calculating q=[0.02380952 0.02380952 0.        ]
Calculating q=[0.02380952 0.02380952 0.        ]
Energy: -15.381840434450273 eV
Magnetic moment: 2.7607050838698605e-15 Bohr magnetons
Energy: -15.381840434450273 eV
Magnetic moment: 2.7607050838698605e-15 Bohr magnetons
Energy: -15.381840434450273 eV
Magnetic moment: 2.7607050838698605e-15 Bohr magnetons
Energy: -15.381840434450273 eV
Magnetic moment: 2.7607050838698605e-15 Bohr magnetons
Energy: -15.381840434450273 eV
Magnetic moment: 2.7607050838698605e-15 Bohr magnetons
Energy: -15.381840434450273 eV
Magnetic moment: 2.7607050838698605e-15 Bohr magnetons
Energy: -15.381840434450273 eV
Magnetic moment: 2.7607050838698605e-15 Bohr magnetons
Energy: -15.381840434450273 eV
Magnetic moment: 2.7607050838698605e-15 Bohr magnetons
Energy: -15.381840434450273 eV
Magnetic moment: 2.7607050838698605e-15 Bohr magnetons
Energy: -15.381840434450273 eV
Magnetic moment: 2.7607050838698605e-15 Bohr magnetons
Energy: -15.381840434450273 eV
Magnetic moment: 2.7607050838698605e-15 Bohr magnetons
Energy: -15.381840434450273 eV
Magnetic moment: 2.7607050838698605e-15 Bohr magnetons
Calculating q=[0. 0. 0.]
Calculating q=[0. 0. 0.]
Calculating q=[0. 0. 0.]
Calculating q=[0. 0. 0.]
Calculating q=[0. 0. 0.]
Calculating q=[0. 0. 0.]
Calculating q=[0. 0. 0.]
Calculating q=[0. 0. 0.]
Calculating q=[0. 0. 0.]
Calculating q=[0. 0. 0.]
Calculating q=[0. 0. 0.]
Calculating q=[0. 0. 0.]
Energy: -15.379701667773347 eV
Magnetic moment: -8.163083318501678e-10 Bohr magnetons
Energy: -15.379701667773347 eV
Magnetic moment: -8.163083318501678e-10 Bohr magnetons
Energy: -15.379701667773347 eV
Magnetic moment: -8.163083318501678e-10 Bohr magnetons
Energy: -15.379701667773347 eV
Magnetic moment: -8.163083318501678e-10 Bohr magnetons
Energy: -15.379701667773347 eV
Magnetic moment: -8.163083318501678e-10 Bohr magnetons
Energy: -15.379701667773347 eV
Magnetic moment: -8.163083318501678e-10 Bohr magnetons
Energy: -15.379701667773347 eV
Magnetic moment: -8.163083318501678e-10 Bohr magnetons
Energy: -15.379701667773347 eV
Energy: -15.379701667773347 eV
Magnetic moment: -8.163083318501678e-10 Bohr magnetons
Energy: -15.379701667773347 eV
Magnetic moment: -8.163083318501678e-10 Bohr magnetons
Energy: -15.379701667773347 eV
Magnetic moment: -8.163083318501678e-10 Bohr magnetons
Energy: -15.379701667773347 eV
Magnetic moment: -8.163083318501678e-10 Bohr magnetons
Magnetic moment: -8.163083318501678e-10 Bohr magnetons

------------------------------------------------------------
Sender: LSF System <lsfadmin@hpc.dtu.dk>
Subject: Job 21540949: <plot_1.py> in cluster <dcc> Done

Job <plot_1.py> was submitted from host <n-62-27-22> by user <s194113> in cluster <dcc> at Mon Apr 22 12:40:15 2024
Job was executed on host(s) <12*n-62-29-7>, in queue <hpc>, as user <s194113> in cluster <dcc> at Tue Apr 23 08:25:31 2024
</zhome/87/8/147075> was used as the home directory.
</zhome/87/8/147075/10302/10302_NM/VBr2/V_con> was used as the working directory.
Started at Tue Apr 23 08:25:31 2024
Terminated at Tue Apr 23 09:40:28 2024
Results reported at Tue Apr 23 09:40:28 2024

Your job looked like:

------------------------------------------------------------
# LSBATCH: User input
#!/bin/bash -l
id=$LSB_JOBID
mq=/zhome/87/8/147075/.myqueue/lsf-$id
source /zhome/87/8/147075/venv-name/bin/activate
echo "venv: /zhome/87/8/147075/venv-name/bin/activate"
(touch $mq-0 && \
 cd '/zhome/87/8/147075/10302/10302_NM/VBr2/V_con' && \
 mpiexec python3 plot_1.py && \
 touch $mq-1) || \
(touch $mq-2; exit 1)

------------------------------------------------------------

Successfully completed.

Resource usage summary:

    CPU time :                                   53866.61 sec.
    Max Memory :                                 5727 MB
    Average Memory :                             3926.03 MB
    Total Requested Memory :                     73728.00 MB
    Delta Memory :                               68001.00 MB
    Max Swap :                                   -
    Max Processes :                              17
    Max Threads :                                57
    Run time :                                   4497 sec.
    Turnaround time :                            75613 sec.

The output (if any) is above this job summary.



PS:

Read file </zhome/87/8/147075/10302/10302_NM/VBr2/V_con/plot_1.py.21540949.err> for stderr output of this job.

