venv: /zhome/87/8/147075/venv-name/bin/activate
[1713605786.856153] [n-62-28-21:30628:0]          ib_md.c:1063 UCX  WARN  IB: ibv_fork_init() was disabled or failed, yet a fork() has been issued.
[1713605786.856187] [n-62-28-21:30628:0]          ib_md.c:1064 UCX  WARN  IB: data corruption might occur when using registered memory.
[1713605786.856167] [n-62-28-21:30629:0]          ib_md.c:1063 UCX  WARN  IB: ibv_fork_init() was disabled or failed, yet a fork() has been issued.
[1713605786.856203] [n-62-28-21:30629:0]          ib_md.c:1064 UCX  WARN  IB: data corruption might occur when using registered memory.
[1713605786.856143] [n-62-28-21:30630:0]          ib_md.c:1063 UCX  WARN  IB: ibv_fork_init() was disabled or failed, yet a fork() has been issued.
[1713605786.856161] [n-62-28-21:30631:0]          ib_md.c:1063 UCX  WARN  IB: ibv_fork_init() was disabled or failed, yet a fork() has been issued.
[1713605786.856193] [n-62-28-21:30631:0]          ib_md.c:1064 UCX  WARN  IB: data corruption might occur when using registered memory.
[1713605786.856157] [n-62-28-21:30632:0]          ib_md.c:1063 UCX  WARN  IB: ibv_fork_init() was disabled or failed, yet a fork() has been issued.
[1713605786.856192] [n-62-28-21:30632:0]          ib_md.c:1064 UCX  WARN  IB: data corruption might occur when using registered memory.
[1713605786.856157] [n-62-28-21:30634:0]          ib_md.c:1063 UCX  WARN  IB: ibv_fork_init() was disabled or failed, yet a fork() has been issued.
[1713605786.856191] [n-62-28-21:30634:0]          ib_md.c:1064 UCX  WARN  IB: data corruption might occur when using registered memory.
[1713605786.856169] [n-62-28-21:30635:0]          ib_md.c:1063 UCX  WARN  IB: ibv_fork_init() was disabled or failed, yet a fork() has been issued.
[1713605786.856204] [n-62-28-21:30635:0]          ib_md.c:1064 UCX  WARN  IB: data corruption might occur when using registered memory.
[1713605786.856162] [n-62-28-21:30636:0]          ib_md.c:1063 UCX  WARN  IB: ibv_fork_init() was disabled or failed, yet a fork() has been issued.
[1713605786.856195] [n-62-28-21:30636:0]          ib_md.c:1064 UCX  WARN  IB: data corruption might occur when using registered memory.
[1713605786.856183] [n-62-28-21:30637:0]          ib_md.c:1063 UCX  WARN  IB: ibv_fork_init() was disabled or failed, yet a fork() has been issued.
[1713605786.856226] [n-62-28-21:30637:0]          ib_md.c:1064 UCX  WARN  IB: data corruption might occur when using registered memory.
[1713605786.856185] [n-62-28-21:30638:0]          ib_md.c:1063 UCX  WARN  IB: ibv_fork_init() was disabled or failed, yet a fork() has been issued.
[1713605786.856226] [n-62-28-21:30638:0]          ib_md.c:1064 UCX  WARN  IB: data corruption might occur when using registered memory.
[1713605786.856227] [n-62-28-21:30626:0]          ib_md.c:1063 UCX  WARN  IB: ibv_fork_init() was disabled or failed, yet a fork() has been issued.
[1713605786.856281] [n-62-28-21:30626:0]          ib_md.c:1064 UCX  WARN  IB: data corruption might occur when using registered memory.
[1713605786.856216] [n-62-28-21:30627:0]          ib_md.c:1063 UCX  WARN  IB: ibv_fork_init() was disabled or failed, yet a fork() has been issued.
[1713605786.856268] [n-62-28-21:30627:0]          ib_md.c:1064 UCX  WARN  IB: data corruption might occur when using registered memory.
[1713605786.856255] [n-62-28-21:30630:0]          ib_md.c:1064 UCX  WARN  IB: data corruption might occur when using registered memory.
Calculating ground state
31 q-points in the path
=====================================
Calculating ground state
Calculating ground state
31 q-points in the path
=====================================
Calculating ground state
31 q-points in the path
=====================================
Calculating ground state
31 q-points in the path
Calculating q=[0. 0. 0.]
=====================================
Calculating ground state
31 q-points in the path
=====================================
Calculating ground state
31 q-points in the path
=====================================
Calculating ground state
Calculating ground state
31 q-points in the path
=====================================
31 q-points in the path
=====================================
Calculating ground state
31 q-points in the path
=====================================
Calculating ground state
31 q-points in the path
=====================================
Calculating q=[0. 0. 0.]
Calculating q=[0. 0. 0.]
31 q-points in the path
Calculating ground state
Calculating q=[0. 0. 0.]
=====================================
Calculating q=[0. 0. 0.]
Calculating q=[0. 0. 0.]
Calculating q=[0. 0. 0.]
31 q-points in the path
=====================================
Calculating q=[0. 0. 0.]
Calculating q=[0. 0. 0.]
Calculating q=[0. 0. 0.]
Calculating q=[0. 0. 0.]
Calculating q=[0. 0. 0.]
Energy: -15.536586576505485 eV
Magnetic moment: -3.24236481785669e-12 Bohr magnetons
Energy: -15.536586576505485 eV
Magnetic moment: -3.24236481785669e-12 Bohr magnetons
Energy: -15.536586576505485 eV
Magnetic moment: -3.24236481785669e-12 Bohr magnetons
Energy: -15.536586576505485 eV
Magnetic moment: -3.24236481785669e-12 Bohr magnetons
Energy: -15.536586576505485 eV
Magnetic moment: -3.24236481785669e-12 Bohr magnetons
Energy: -15.536586576505485 eV
Magnetic moment: -3.24236481785669e-12 Bohr magnetons
Energy: -15.536586576505485 eV
Magnetic moment: -3.24236481785669e-12 Bohr magnetons
Energy: -15.536586576505485 eV
Magnetic moment: -3.24236481785669e-12 Bohr magnetons
Energy: -15.536586576505485 eV
Magnetic moment: -3.24236481785669e-12 Bohr magnetons
Energy: -15.536586576505485 eV
Magnetic moment: -3.24236481785669e-12 Bohr magnetons
Energy: -15.536586576505485 eV
Magnetic moment: -3.24236481785669e-12 Bohr magnetons
Energy: -15.536586576505485 eV
Magnetic moment: -3.24236481785669e-12 Bohr magnetons
Calculating q=[0.05 0.   0.  ]
Calculating q=[0.05 0.   0.  ]
Calculating q=[0.05 0.   0.  ]
Calculating q=[0.05 0.   0.  ]
Calculating q=[0.05 0.   0.  ]
Calculating q=[0.05 0.   0.  ]
Calculating q=[0.05 0.   0.  ]
Calculating q=[0.05 0.   0.  ]
Calculating q=[0.05 0.   0.  ]
Calculating q=[0.05 0.   0.  ]
Calculating q=[0.05 0.   0.  ]
Calculating q=[0.05 0.   0.  ]
Energy: -15.537980807471108 eV
Magnetic moment: -1.945073952176028e-15 Bohr magnetons
Energy: -15.537980807471108 eV
Magnetic moment: -1.945073952176028e-15 Bohr magnetons
Energy: -15.537980807471108 eV
Magnetic moment: -1.945073952176028e-15 Bohr magnetons
Energy: -15.537980807471108 eV
Magnetic moment: -1.945073952176028e-15 Bohr magnetons
Energy: -15.537980807471108 eV
Magnetic moment: -1.945073952176028e-15 Bohr magnetons
Energy: -15.537980807471108 eV
Magnetic moment: -1.945073952176028e-15 Bohr magnetons
Energy: -15.537980807471108 eV
Magnetic moment: -1.945073952176028e-15 Bohr magnetons
Energy: -15.537980807471108 eV
Magnetic moment: -1.945073952176028e-15 Bohr magnetons
Energy: -15.537980807471108 eV
Magnetic moment: -1.945073952176028e-15 Bohr magnetons
Energy: -15.537980807471108 eV
Magnetic moment: -1.945073952176028e-15 Bohr magnetons
Energy: -15.537980807471108 eV
Magnetic moment: -1.945073952176028e-15 Bohr magnetons
Energy: -15.537980807471108 eV
Magnetic moment: -1.945073952176028e-15 Bohr magnetons
Calculating q=[0.1 0.  0. ]
Calculating q=[0.1 0.  0. ]
Calculating q=[0.1 0.  0. ]
Calculating q=[0.1 0.  0. ]
Calculating q=[0.1 0.  0. ]
Calculating q=[0.1 0.  0. ]
Calculating q=[0.1 0.  0. ]
Calculating q=[0.1 0.  0. ]
Calculating q=[0.1 0.  0. ]
Calculating q=[0.1 0.  0. ]
Calculating q=[0.1 0.  0. ]
Calculating q=[0.1 0.  0. ]
Energy: -15.54191506087156 eV
Magnetic moment: 5.336792485338926e-16 Bohr magnetons
Energy: -15.54191506087156 eV
Magnetic moment: 5.336792485338926e-16 Bohr magnetons
Energy: -15.54191506087156 eV
Magnetic moment: 5.336792485338926e-16 Bohr magnetons
Energy: -15.54191506087156 eV
Magnetic moment: 5.336792485338926e-16 Bohr magnetons
Energy: -15.54191506087156 eV
Magnetic moment: 5.336792485338926e-16 Bohr magnetons
Energy: -15.54191506087156 eV
Magnetic moment: 5.336792485338926e-16 Bohr magnetons
Energy: -15.54191506087156 eV
Magnetic moment: 5.336792485338926e-16 Bohr magnetons
Energy: -15.54191506087156 eV
Magnetic moment: 5.336792485338926e-16 Bohr magnetons
Energy: -15.54191506087156 eV
Magnetic moment: 5.336792485338926e-16 Bohr magnetons
Energy: -15.54191506087156 eV
Magnetic moment: 5.336792485338926e-16 Bohr magnetons
Energy: -15.54191506087156 eV
Magnetic moment: 5.336792485338926e-16 Bohr magnetons
Energy: -15.54191506087156 eV
Magnetic moment: 5.336792485338926e-16 Bohr magnetons
Calculating q=[0.15 0.   0.  ]
Calculating q=[0.15 0.   0.  ]
Calculating q=[0.15 0.   0.  ]
Calculating q=[0.15 0.   0.  ]
Calculating q=[0.15 0.   0.  ]
Calculating q=[0.15 0.   0.  ]
Calculating q=[0.15 0.   0.  ]
Calculating q=[0.15 0.   0.  ]
Calculating q=[0.15 0.   0.  ]
Calculating q=[0.15 0.   0.  ]
Calculating q=[0.15 0.   0.  ]
Calculating q=[0.15 0.   0.  ]
Energy: -15.547744543348639 eV
Magnetic moment: 8.232746944249421e-16 Bohr magnetons
Energy: -15.547744543348639 eV
Magnetic moment: 8.232746944249421e-16 Bohr magnetons
Energy: -15.547744543348639 eV
Magnetic moment: 8.232746944249421e-16 Bohr magnetons
Energy: -15.547744543348639 eV
Magnetic moment: 8.232746944249421e-16 Bohr magnetons
Energy: -15.547744543348639 eV
Magnetic moment: 8.232746944249421e-16 Bohr magnetons
Energy: -15.547744543348639 eV
Magnetic moment: 8.232746944249421e-16 Bohr magnetons
Energy: -15.547744543348639 eV
Magnetic moment: 8.232746944249421e-16 Bohr magnetons
Energy: -15.547744543348639 eV
Magnetic moment: 8.232746944249421e-16 Bohr magnetons
Energy: -15.547744543348639 eV
Magnetic moment: 8.232746944249421e-16 Bohr magnetons
Energy: -15.547744543348639 eV
Magnetic moment: 8.232746944249421e-16 Bohr magnetons
Energy: -15.547744543348639 eV
Magnetic moment: 8.232746944249421e-16 Bohr magnetons
Energy: -15.547744543348639 eV
Magnetic moment: 8.232746944249421e-16 Bohr magnetons
Calculating q=[0.2 0.  0. ]
Calculating q=[0.2 0.  0. ]
Calculating q=[0.2 0.  0. ]
Calculating q=[0.2 0.  0. ]
Calculating q=[0.2 0.  0. ]
Calculating q=[0.2 0.  0. ]
Calculating q=[0.2 0.  0. ]
Calculating q=[0.2 0.  0. ]
Calculating q=[0.2 0.  0. ]
Calculating q=[0.2 0.  0. ]
Calculating q=[0.2 0.  0. ]
Calculating q=[0.2 0.  0. ]
Energy: -15.554579512683347 eV
Magnetic moment: 2.1777793574729553e-09 Bohr magnetons
Energy: -15.554579512683347 eV
Magnetic moment: 2.1777793574729553e-09 Bohr magnetons
Energy: -15.554579512683347 eV
Magnetic moment: 2.1777793574729553e-09 Bohr magnetons
Energy: -15.554579512683347 eV
Magnetic moment: 2.1777793574729553e-09 Bohr magnetons
Energy: -15.554579512683347 eV
Magnetic moment: 2.1777793574729553e-09 Bohr magnetons
Energy: -15.554579512683347 eV
Magnetic moment: 2.1777793574729553e-09 Bohr magnetons
Energy: -15.554579512683347 eV
Magnetic moment: 2.1777793574729553e-09 Bohr magnetons
Energy: -15.554579512683347 eV
Magnetic moment: 2.1777793574729553e-09 Bohr magnetons
Energy: -15.554579512683347 eV
Magnetic moment: 2.1777793574729553e-09 Bohr magnetons
Energy: -15.554579512683347 eV
Magnetic moment: 2.1777793574729553e-09 Bohr magnetons
Energy: -15.554579512683347 eV
Magnetic moment: 2.1777793574729553e-09 Bohr magnetons
Energy: -15.554579512683347 eV
Magnetic moment: 2.1777793574729553e-09 Bohr magnetons
Calculating q=[0.25 0.   0.  ]
Calculating q=[0.25 0.   0.  ]
Calculating q=[0.25 0.   0.  ]
Calculating q=[0.25 0.   0.  ]
Calculating q=[0.25 0.   0.  ]
Calculating q=[0.25 0.   0.  ]
Calculating q=[0.25 0.   0.  ]
Calculating q=[0.25 0.   0.  ]
Calculating q=[0.25 0.   0.  ]
Calculating q=[0.25 0.   0.  ]
Calculating q=[0.25 0.   0.  ]
Calculating q=[0.25 0.   0.  ]
Energy: -15.561525346240096 eV
Magnetic moment: -4.050576537954534e-15 Bohr magnetons
Energy: -15.561525346240096 eV
Magnetic moment: -4.050576537954534e-15 Bohr magnetons
Energy: -15.561525346240096 eV
Magnetic moment: -4.050576537954534e-15 Bohr magnetons
Energy: -15.561525346240096 eV
Magnetic moment: -4.050576537954534e-15 Bohr magnetons
Energy: -15.561525346240096 eV
Magnetic moment: -4.050576537954534e-15 Bohr magnetons
Energy: -15.561525346240096 eV
Magnetic moment: -4.050576537954534e-15 Bohr magnetons
Energy: -15.561525346240096 eV
Magnetic moment: -4.050576537954534e-15 Bohr magnetons
Energy: -15.561525346240096 eV
Magnetic moment: -4.050576537954534e-15 Bohr magnetons
Energy: -15.561525346240096 eV
Magnetic moment: -4.050576537954534e-15 Bohr magnetons
Energy: -15.561525346240096 eV
Magnetic moment: -4.050576537954534e-15 Bohr magnetons
Energy: -15.561525346240096 eV
Magnetic moment: -4.050576537954534e-15 Bohr magnetons
Energy: -15.561525346240096 eV
Magnetic moment: -4.050576537954534e-15 Bohr magnetons
Calculating q=[0.3 0.  0. ]
Calculating q=[0.3 0.  0. ]
Calculating q=[0.3 0.  0. ]
Calculating q=[0.3 0.  0. ]
Calculating q=[0.3 0.  0. ]
Calculating q=[0.3 0.  0. ]
Calculating q=[0.3 0.  0. ]
Calculating q=[0.3 0.  0. ]
Calculating q=[0.3 0.  0. ]
Calculating q=[0.3 0.  0. ]
Calculating q=[0.3 0.  0. ]
Calculating q=[0.3 0.  0. ]
Energy: -15.567822327156234 eV
Magnetic moment: -2.186401049016847e-14 Bohr magnetons
Energy: -15.567822327156234 eV
Magnetic moment: -2.186401049016847e-14 Bohr magnetons
Energy: -15.567822327156234 eV
Magnetic moment: -2.186401049016847e-14 Bohr magnetons
Energy: -15.567822327156234 eV
Magnetic moment: -2.186401049016847e-14 Bohr magnetons
Energy: -15.567822327156234 eV
Magnetic moment: -2.186401049016847e-14 Bohr magnetons
Energy: -15.567822327156234 eV
Magnetic moment: -2.186401049016847e-14 Bohr magnetons
Energy: -15.567822327156234 eV
Magnetic moment: -2.186401049016847e-14 Bohr magnetons
Energy: -15.567822327156234 eV
Magnetic moment: -2.186401049016847e-14 Bohr magnetons
Energy: -15.567822327156234 eV
Magnetic moment: -2.186401049016847e-14 Bohr magnetons
Energy: -15.567822327156234 eV
Magnetic moment: -2.186401049016847e-14 Bohr magnetons
Energy: -15.567822327156234 eV
Magnetic moment: -2.186401049016847e-14 Bohr magnetons
Energy: -15.567822327156234 eV
Calculating q=[0.35 0.   0.  ]
Calculating q=[0.35 0.   0.  ]
Calculating q=[0.35 0.   0.  ]
Calculating q=[0.35 0.   0.  ]
Calculating q=[0.35 0.   0.  ]
Calculating q=[0.35 0.   0.  ]
Calculating q=[0.35 0.   0.  ]
Calculating q=[0.35 0.   0.  ]
Calculating q=[0.35 0.   0.  ]
Calculating q=[0.35 0.   0.  ]
Calculating q=[0.35 0.   0.  ]
Magnetic moment: -2.186401049016847e-14 Bohr magnetons
Calculating q=[0.35 0.   0.  ]
Energy: -15.572972862451138 eV
Magnetic moment: 5.681421358230307e-12 Bohr magnetons
Energy: -15.572972862451138 eV
Magnetic moment: 5.681421358230307e-12 Bohr magnetons
Energy: -15.572972862451138 eV
Magnetic moment: 5.681421358230307e-12 Bohr magnetons
Energy: -15.572972862451138 eV
Magnetic moment: 5.681421358230307e-12 Bohr magnetons
Energy: -15.572972862451138 eV
Magnetic moment: 5.681421358230307e-12 Bohr magnetons
Energy: -15.572972862451138 eV
Magnetic moment: 5.681421358230307e-12 Bohr magnetons
Energy: -15.572972862451138 eV
Magnetic moment: 5.681421358230307e-12 Bohr magnetons
Energy: -15.572972862451138 eV
Magnetic moment: 5.681421358230307e-12 Bohr magnetons
Energy: -15.572972862451138 eV
Magnetic moment: 5.681421358230307e-12 Bohr magnetons
Energy: -15.572972862451138 eV
Magnetic moment: 5.681421358230307e-12 Bohr magnetons
Energy: -15.572972862451138 eV
Magnetic moment: 5.681421358230307e-12 Bohr magnetons
Energy: -15.572972862451138 eV
Magnetic moment: 5.681421358230307e-12 Bohr magnetons
Calculating q=[0.4 0.  0. ]
Calculating q=[0.4 0.  0. ]
Calculating q=[0.4 0.  0. ]
Calculating q=[0.4 0.  0. ]
Calculating q=[0.4 0.  0. ]
Calculating q=[0.4 0.  0. ]
Calculating q=[0.4 0.  0. ]
Calculating q=[0.4 0.  0. ]
Calculating q=[0.4 0.  0. ]
Calculating q=[0.4 0.  0. ]
Calculating q=[0.4 0.  0. ]
Calculating q=[0.4 0.  0. ]
Energy: -15.576704697622462 eV
Magnetic moment: 5.2923445298589354e-15 Bohr magnetons
Energy: -15.576704697622462 eV
Magnetic moment: 5.2923445298589354e-15 Bohr magnetons
Energy: -15.576704697622462 eV
Magnetic moment: 5.2923445298589354e-15 Bohr magnetons
Energy: -15.576704697622462 eV
Magnetic moment: 5.2923445298589354e-15 Bohr magnetons
Energy: -15.576704697622462 eV
Magnetic moment: 5.2923445298589354e-15 Bohr magnetons
Energy: -15.576704697622462 eV
Magnetic moment: 5.2923445298589354e-15 Bohr magnetons
Energy: -15.576704697622462 eV
Magnetic moment: 5.2923445298589354e-15 Bohr magnetons
Energy: -15.576704697622462 eV
Magnetic moment: 5.2923445298589354e-15 Bohr magnetons
Energy: -15.576704697622462 eV
Magnetic moment: 5.2923445298589354e-15 Bohr magnetons
Energy: -15.576704697622462 eV
Magnetic moment: 5.2923445298589354e-15 Bohr magnetons
Energy: -15.576704697622462 eV
Magnetic moment: 5.2923445298589354e-15 Bohr magnetons
Energy: -15.576704697622462 eV
Magnetic moment: 5.2923445298589354e-15 Bohr magnetons
Calculating q=[0.45 0.   0.  ]
Calculating q=[0.45 0.   0.  ]
Calculating q=[0.45 0.   0.  ]
Calculating q=[0.45 0.   0.  ]
Calculating q=[0.45 0.   0.  ]
Calculating q=[0.45 0.   0.  ]
Calculating q=[0.45 0.   0.  ]
Calculating q=[0.45 0.   0.  ]
Calculating q=[0.45 0.   0.  ]
Calculating q=[0.45 0.   0.  ]
Calculating q=[0.45 0.   0.  ]
Calculating q=[0.45 0.   0.  ]
Energy: -15.578930323729937 eV
Magnetic moment: 4.7520943048370665e-12 Bohr magnetons
Energy: -15.578930323729937 eV
Magnetic moment: 4.7520943048370665e-12 Bohr magnetons
Energy: -15.578930323729937 eV
Magnetic moment: 4.7520943048370665e-12 Bohr magnetons
Energy: -15.578930323729937 eV
Magnetic moment: 4.7520943048370665e-12 Bohr magnetons
Energy: -15.578930323729937 eV
Magnetic moment: 4.7520943048370665e-12 Bohr magnetons
Energy: -15.578930323729937 eV
Magnetic moment: 4.7520943048370665e-12 Bohr magnetons
Energy: -15.578930323729937 eV
Magnetic moment: 4.7520943048370665e-12 Bohr magnetons
Energy: -15.578930323729937 eV
Magnetic moment: 4.7520943048370665e-12 Bohr magnetons
Energy: -15.578930323729937 eV
Magnetic moment: 4.7520943048370665e-12 Bohr magnetons
Energy: -15.578930323729937 eV
Magnetic moment: 4.7520943048370665e-12 Bohr magnetons
Energy: -15.578930323729937 eV
Magnetic moment: 4.7520943048370665e-12 Bohr magnetons
Energy: -15.578930323729937 eV
Magnetic moment: 4.7520943048370665e-12 Bohr magnetons
Calculating q=[0.5 0.  0. ]
Calculating q=[0.5 0.  0. ]
Calculating q=[0.5 0.  0. ]
Calculating q=[0.5 0.  0. ]
Calculating q=[0.5 0.  0. ]
Calculating q=[0.5 0.  0. ]
Calculating q=[0.5 0.  0. ]
Calculating q=[0.5 0.  0. ]
Calculating q=[0.5 0.  0. ]
Calculating q=[0.5 0.  0. ]
Calculating q=[0.5 0.  0. ]
Calculating q=[0.5 0.  0. ]
Energy: -15.579653111239463 eV
Magnetic moment: -3.368156980513736e-15 Bohr magnetons
Energy: -15.579653111239463 eV
Magnetic moment: -3.368156980513736e-15 Bohr magnetons
Energy: -15.579653111239463 eV
Magnetic moment: -3.368156980513736e-15 Bohr magnetons
Energy: -15.579653111239463 eV
Magnetic moment: -3.368156980513736e-15 Bohr magnetons
Energy: -15.579653111239463 eV
Magnetic moment: -3.368156980513736e-15 Bohr magnetons
Energy: -15.579653111239463 eV
Magnetic moment: -3.368156980513736e-15 Bohr magnetons
Energy: -15.579653111239463 eV
Magnetic moment: -3.368156980513736e-15 Bohr magnetons
Energy: -15.579653111239463 eV
Magnetic moment: -3.368156980513736e-15 Bohr magnetons
Energy: -15.579653111239463 eV
Magnetic moment: -3.368156980513736e-15 Bohr magnetons
Energy: -15.579653111239463 eV
Magnetic moment: -3.368156980513736e-15 Bohr magnetons
Energy: -15.579653111239463 eV
Magnetic moment: -3.368156980513736e-15 Bohr magnetons
Energy: -15.579653111239463 eV
Magnetic moment: -3.368156980513736e-15 Bohr magnetons
Calculating q=[0.47222222 0.05555556 0.        ]
Calculating q=[0.47222222 0.05555556 0.        ]
Calculating q=[0.47222222 0.05555556 0.        ]
Calculating q=[0.47222222 0.05555556 0.        ]
Calculating q=[0.47222222 0.05555556 0.        ]
Calculating q=[0.47222222 0.05555556 0.        ]
Calculating q=[0.47222222 0.05555556 0.        ]
Calculating q=[0.47222222 0.05555556 0.        ]
Calculating q=[0.47222222 0.05555556 0.        ]
Calculating q=[0.47222222 0.05555556 0.        ]
Calculating q=[0.47222222 0.05555556 0.        ]
Calculating q=[0.47222222 0.05555556 0.        ]
Energy: -15.580228677351355 eV
Magnetic moment: -1.781994057522753e-15 Bohr magnetons
Energy: -15.580228677351355 eV
Magnetic moment: -1.781994057522753e-15 Bohr magnetons
Energy: -15.580228677351355 eV
Magnetic moment: -1.781994057522753e-15 Bohr magnetons
Energy: -15.580228677351355 eV
Magnetic moment: -1.781994057522753e-15 Bohr magnetons
Energy: -15.580228677351355 eV
Magnetic moment: -1.781994057522753e-15 Bohr magnetons
Energy: -15.580228677351355 eV
Magnetic moment: -1.781994057522753e-15 Bohr magnetons
Energy: -15.580228677351355 eV
Magnetic moment: -1.781994057522753e-15 Bohr magnetons
Energy: -15.580228677351355 eV
Magnetic moment: -1.781994057522753e-15 Bohr magnetons
Energy: -15.580228677351355 eV
Magnetic moment: -1.781994057522753e-15 Bohr magnetons
Energy: -15.580228677351355 eV
Magnetic moment: -1.781994057522753e-15 Bohr magnetons
Energy: -15.580228677351355 eV
Magnetic moment: -1.781994057522753e-15 Bohr magnetons
Energy: -15.580228677351355 eV
Magnetic moment: -1.781994057522753e-15 Bohr magnetons
Calculating q=[0.44444444 0.11111111 0.        ]
Calculating q=[0.44444444 0.11111111 0.        ]
Calculating q=[0.44444444 0.11111111 0.        ]
Calculating q=[0.44444444 0.11111111 0.        ]
Calculating q=[0.44444444 0.11111111 0.        ]
Calculating q=[0.44444444 0.11111111 0.        ]
Calculating q=[0.44444444 0.11111111 0.        ]
Calculating q=[0.44444444 0.11111111 0.        ]
Calculating q=[0.44444444 0.11111111 0.        ]
Calculating q=[0.44444444 0.11111111 0.        ]
Calculating q=[0.44444444 0.11111111 0.        ]
Calculating q=[0.44444444 0.11111111 0.        ]
Energy: -15.581795555903797 eV
Magnetic moment: 2.179295342883441e-15 Bohr magnetons
Energy: -15.581795555903797 eV
Magnetic moment: 2.179295342883441e-15 Bohr magnetons
Energy: -15.581795555903797 eV
Magnetic moment: 2.179295342883441e-15 Bohr magnetons
Energy: -15.581795555903797 eV
Magnetic moment: 2.179295342883441e-15 Bohr magnetons
Energy: -15.581795555903797 eV
Magnetic moment: 2.179295342883441e-15 Bohr magnetons
Energy: -15.581795555903797 eV
Magnetic moment: 2.179295342883441e-15 Bohr magnetons
Energy: -15.581795555903797 eV
Magnetic moment: 2.179295342883441e-15 Bohr magnetons
Energy: -15.581795555903797 eV
Magnetic moment: 2.179295342883441e-15 Bohr magnetons
Energy: -15.581795555903797 eV
Magnetic moment: 2.179295342883441e-15 Bohr magnetons
Energy: -15.581795555903797 eV
Magnetic moment: 2.179295342883441e-15 Bohr magnetons
Energy: -15.581795555903797 eV
Magnetic moment: 2.179295342883441e-15 Bohr magnetons
Energy: -15.581795555903797 eV
Magnetic moment: 2.179295342883441e-15 Bohr magnetons
Calculating q=[0.41666667 0.16666667 0.        ]
Calculating q=[0.41666667 0.16666667 0.        ]
Calculating q=[0.41666667 0.16666667 0.        ]
Calculating q=[0.41666667 0.16666667 0.        ]
Calculating q=[0.41666667 0.16666667 0.        ]
Calculating q=[0.41666667 0.16666667 0.        ]
Calculating q=[0.41666667 0.16666667 0.        ]
Calculating q=[0.41666667 0.16666667 0.        ]
Calculating q=[0.41666667 0.16666667 0.        ]
Calculating q=[0.41666667 0.16666667 0.        ]
Calculating q=[0.41666667 0.16666667 0.        ]
Calculating q=[0.41666667 0.16666667 0.        ]
Energy: -15.583890155094132 eV
Magnetic moment: -5.210705354291802e-15 Bohr magnetons
Energy: -15.583890155094132 eV
Magnetic moment: -5.210705354291802e-15 Bohr magnetons
Energy: -15.583890155094132 eV
Magnetic moment: -5.210705354291802e-15 Bohr magnetons
Energy: -15.583890155094132 eV
Magnetic moment: -5.210705354291802e-15 Bohr magnetons
Energy: -15.583890155094132 eV
Magnetic moment: -5.210705354291802e-15 Bohr magnetons
Energy: -15.583890155094132 eV
Magnetic moment: -5.210705354291802e-15 Bohr magnetons
Energy: -15.583890155094132 eV
Magnetic moment: -5.210705354291802e-15 Bohr magnetons
Energy: -15.583890155094132 eV
Magnetic moment: -5.210705354291802e-15 Bohr magnetons
Energy: -15.583890155094132 eV
Magnetic moment: -5.210705354291802e-15 Bohr magnetons
Energy: -15.583890155094132 eV
Magnetic moment: -5.210705354291802e-15 Bohr magnetons
Energy: -15.583890155094132 eV
Magnetic moment: -5.210705354291802e-15 Bohr magnetons
Energy: -15.583890155094132 eV
Magnetic moment: -5.210705354291802e-15 Bohr magnetons
Calculating q=[0.38888889 0.22222222 0.        ]
Calculating q=[0.38888889 0.22222222 0.        ]
Calculating q=[0.38888889 0.22222222 0.        ]
Calculating q=[0.38888889 0.22222222 0.        ]
Calculating q=[0.38888889 0.22222222 0.        ]
Calculating q=[0.38888889 0.22222222 0.        ]
Calculating q=[0.38888889 0.22222222 0.        ]
Calculating q=[0.38888889 0.22222222 0.        ]
Calculating q=[0.38888889 0.22222222 0.        ]
Calculating q=[0.38888889 0.22222222 0.        ]
Calculating q=[0.38888889 0.22222222 0.        ]
Calculating q=[0.38888889 0.22222222 0.        ]
Energy: -15.585938139788594 eV
Magnetic moment: 4.513371113831858e-15 Bohr magnetons
Energy: -15.585938139788594 eV
Magnetic moment: 4.513371113831858e-15 Bohr magnetons
Energy: -15.585938139788594 eV
Magnetic moment: 4.513371113831858e-15 Bohr magnetons
Energy: -15.585938139788594 eV
Magnetic moment: 4.513371113831858e-15 Bohr magnetons
Energy: -15.585938139788594 eV
Magnetic moment: 4.513371113831858e-15 Bohr magnetons
Energy: -15.585938139788594 eV
Magnetic moment: 4.513371113831858e-15 Bohr magnetons
Energy: -15.585938139788594 eV
Magnetic moment: 4.513371113831858e-15 Bohr magnetons
Energy: -15.585938139788594 eV
Magnetic moment: 4.513371113831858e-15 Bohr magnetons
Energy: -15.585938139788594 eV
Magnetic moment: 4.513371113831858e-15 Bohr magnetons
Energy: -15.585938139788594 eV
Magnetic moment: 4.513371113831858e-15 Bohr magnetons
Energy: -15.585938139788594 eV
Magnetic moment: 4.513371113831858e-15 Bohr magnetons
Energy: -15.585938139788594 eV
Magnetic moment: 4.513371113831858e-15 Bohr magnetons
Calculating q=[0.36111111 0.27777778 0.        ]
Calculating q=[0.36111111 0.27777778 0.        ]
Calculating q=[0.36111111 0.27777778 0.        ]
Calculating q=[0.36111111 0.27777778 0.        ]
Calculating q=[0.36111111 0.27777778 0.        ]
Calculating q=[0.36111111 0.27777778 0.        ]
Calculating q=[0.36111111 0.27777778 0.        ]
Calculating q=[0.36111111 0.27777778 0.        ]
Calculating q=[0.36111111 0.27777778 0.        ]
Calculating q=[0.36111111 0.27777778 0.        ]
Calculating q=[0.36111111 0.27777778 0.        ]
Calculating q=[0.36111111 0.27777778 0.        ]
Energy: -15.58741651353323 eV
Magnetic moment: -1.0818519522866629e-16 Bohr magnetons
Energy: -15.58741651353323 eV
Magnetic moment: -1.0818519522866629e-16 Bohr magnetons
Energy: -15.58741651353323 eV
Magnetic moment: -1.0818519522866629e-16 Bohr magnetons
Energy: -15.58741651353323 eV
Magnetic moment: -1.0818519522866629e-16 Bohr magnetons
Energy: -15.58741651353323 eV
Magnetic moment: -1.0818519522866629e-16 Bohr magnetons
Energy: -15.58741651353323 eV
Magnetic moment: -1.0818519522866629e-16 Bohr magnetons
Energy: -15.58741651353323 eV
Magnetic moment: -1.0818519522866629e-16 Bohr magnetons
Energy: -15.58741651353323 eV
Magnetic moment: -1.0818519522866629e-16 Bohr magnetons
Energy: -15.58741651353323 eV
Magnetic moment: -1.0818519522866629e-16 Bohr magnetons
Energy: -15.58741651353323 eV
Magnetic moment: -1.0818519522866629e-16 Bohr magnetons
Energy: -15.58741651353323 eV
Magnetic moment: -1.0818519522866629e-16 Bohr magnetons
Energy: -15.58741651353323 eV
Magnetic moment: -1.0818519522866629e-16 Bohr magnetons
Calculating q=[0.33333333 0.33333333 0.        ]
Calculating q=[0.33333333 0.33333333 0.        ]
Calculating q=[0.33333333 0.33333333 0.        ]
Calculating q=[0.33333333 0.33333333 0.        ]
Calculating q=[0.33333333 0.33333333 0.        ]
Calculating q=[0.33333333 0.33333333 0.        ]
Calculating q=[0.33333333 0.33333333 0.        ]
Calculating q=[0.33333333 0.33333333 0.        ]
Calculating q=[0.33333333 0.33333333 0.        ]
Calculating q=[0.33333333 0.33333333 0.        ]
Calculating q=[0.33333333 0.33333333 0.        ]
Calculating q=[0.33333333 0.33333333 0.        ]
Energy: -15.587946240353698 eV
Magnetic moment: 1.0841441037090817e-15 Bohr magnetons
Energy: -15.587946240353698 eV
Magnetic moment: 1.0841441037090817e-15 Bohr magnetons
Energy: -15.587946240353698 eV
Magnetic moment: 1.0841441037090817e-15 Bohr magnetons
Energy: -15.587946240353698 eV
Magnetic moment: 1.0841441037090817e-15 Bohr magnetons
Energy: -15.587946240353698 eV
Magnetic moment: 1.0841441037090817e-15 Bohr magnetons
Energy: -15.587946240353698 eV
Magnetic moment: 1.0841441037090817e-15 Bohr magnetons
Energy: -15.587946240353698 eV
Magnetic moment: 1.0841441037090817e-15 Bohr magnetons
Energy: -15.587946240353698 eV
Magnetic moment: 1.0841441037090817e-15 Bohr magnetons
Energy: -15.587946240353698 eV
Magnetic moment: 1.0841441037090817e-15 Bohr magnetons
Energy: -15.587946240353698 eV
Magnetic moment: 1.0841441037090817e-15 Bohr magnetons
Energy: -15.587946240353698 eV
Magnetic moment: 1.0841441037090817e-15 Bohr magnetons
Energy: -15.587946240353698 eV
Magnetic moment: 1.0841441037090817e-15 Bohr magnetons
Calculating q=[0.30952381 0.30952381 0.        ]
Calculating q=[0.30952381 0.30952381 0.        ]
Calculating q=[0.30952381 0.30952381 0.        ]
Calculating q=[0.30952381 0.30952381 0.        ]
Calculating q=[0.30952381 0.30952381 0.        ]
Calculating q=[0.30952381 0.30952381 0.        ]
Calculating q=[0.30952381 0.30952381 0.        ]
Calculating q=[0.30952381 0.30952381 0.        ]
Calculating q=[0.30952381 0.30952381 0.        ]
Calculating q=[0.30952381 0.30952381 0.        ]
Calculating q=[0.30952381 0.30952381 0.        ]
Calculating q=[0.30952381 0.30952381 0.        ]
Energy: -15.587527744845051 eV
Magnetic moment: -5.740213208559602e-15 Bohr magnetons
Energy: -15.587527744845051 eV
Magnetic moment: -5.740213208559602e-15 Bohr magnetons
Energy: -15.587527744845051 eV
Magnetic moment: -5.740213208559602e-15 Bohr magnetons
Energy: -15.587527744845051 eV
Magnetic moment: -5.740213208559602e-15 Bohr magnetons
Energy: -15.587527744845051 eV
Magnetic moment: -5.740213208559602e-15 Bohr magnetons
Energy: -15.587527744845051 eV
Magnetic moment: -5.740213208559602e-15 Bohr magnetons
Energy: -15.587527744845051 eV
Magnetic moment: -5.740213208559602e-15 Bohr magnetons
Energy: -15.587527744845051 eV
Magnetic moment: -5.740213208559602e-15 Bohr magnetons
Energy: -15.587527744845051 eV
Magnetic moment: -5.740213208559602e-15 Bohr magnetons
Energy: -15.587527744845051 eV
Magnetic moment: -5.740213208559602e-15 Bohr magnetons
Energy: -15.587527744845051 eV
Magnetic moment: -5.740213208559602e-15 Bohr magnetons
Energy: -15.587527744845051 eV
Magnetic moment: -5.740213208559602e-15 Bohr magnetons
Calculating q=[0.28571429 0.28571429 0.        ]
Calculating q=[0.28571429 0.28571429 0.        ]
Calculating q=[0.28571429 0.28571429 0.        ]
Calculating q=[0.28571429 0.28571429 0.        ]
Calculating q=[0.28571429 0.28571429 0.        ]
Calculating q=[0.28571429 0.28571429 0.        ]
Calculating q=[0.28571429 0.28571429 0.        ]
Calculating q=[0.28571429 0.28571429 0.        ]
Calculating q=[0.28571429 0.28571429 0.        ]
Calculating q=[0.28571429 0.28571429 0.        ]
Calculating q=[0.28571429 0.28571429 0.        ]
Calculating q=[0.28571429 0.28571429 0.        ]
Energy: -15.586218144386073 eV
Magnetic moment: -1.86055625124563e-15 Bohr magnetons
Energy: -15.586218144386073 eV
Magnetic moment: -1.86055625124563e-15 Bohr magnetons
Energy: -15.586218144386073 eV
Magnetic moment: -1.86055625124563e-15 Bohr magnetons
Energy: -15.586218144386073 eV
Magnetic moment: -1.86055625124563e-15 Bohr magnetons
Energy: -15.586218144386073 eV
Magnetic moment: -1.86055625124563e-15 Bohr magnetons
Energy: -15.586218144386073 eV
Magnetic moment: -1.86055625124563e-15 Bohr magnetons
Energy: -15.586218144386073 eV
Magnetic moment: -1.86055625124563e-15 Bohr magnetons
Energy: -15.586218144386073 eV
Magnetic moment: -1.86055625124563e-15 Bohr magnetons
Energy: -15.586218144386073 eV
Magnetic moment: -1.86055625124563e-15 Bohr magnetons
Energy: -15.586218144386073 eV
Magnetic moment: -1.86055625124563e-15 Bohr magnetons
Energy: -15.586218144386073 eV
Magnetic moment: -1.86055625124563e-15 Bohr magnetons
Energy: -15.586218144386073 eV
Magnetic moment: -1.86055625124563e-15 Bohr magnetons
Calculating q=[0.26190476 0.26190476 0.        ]
Calculating q=[0.26190476 0.26190476 0.        ]
Calculating q=[0.26190476 0.26190476 0.        ]
Calculating q=[0.26190476 0.26190476 0.        ]
Calculating q=[0.26190476 0.26190476 0.        ]
Calculating q=[0.26190476 0.26190476 0.        ]
Calculating q=[0.26190476 0.26190476 0.        ]
Calculating q=[0.26190476 0.26190476 0.        ]
Calculating q=[0.26190476 0.26190476 0.        ]
Calculating q=[0.26190476 0.26190476 0.        ]
Calculating q=[0.26190476 0.26190476 0.        ]
Calculating q=[0.26190476 0.26190476 0.        ]
Energy: -15.584025788848448 eV
Magnetic moment: -3.2457459358842487e-15 Bohr magnetons
Energy: -15.584025788848448 eV
Magnetic moment: -3.2457459358842487e-15 Bohr magnetons
Energy: -15.584025788848448 eV
Magnetic moment: -3.2457459358842487e-15 Bohr magnetons
Energy: -15.584025788848448 eV
Magnetic moment: -3.2457459358842487e-15 Bohr magnetons
Energy: -15.584025788848448 eV
Magnetic moment: -3.2457459358842487e-15 Bohr magnetons
Energy: -15.584025788848448 eV
Magnetic moment: -3.2457459358842487e-15 Bohr magnetons
Energy: -15.584025788848448 eV
Magnetic moment: -3.2457459358842487e-15 Bohr magnetons
Energy: -15.584025788848448 eV
Magnetic moment: -3.2457459358842487e-15 Bohr magnetons
Energy: -15.584025788848448 eV
Magnetic moment: -3.2457459358842487e-15 Bohr magnetons
Energy: -15.584025788848448 eV
Magnetic moment: -3.2457459358842487e-15 Bohr magnetons
Energy: -15.584025788848448 eV
Magnetic moment: -3.2457459358842487e-15 Bohr magnetons
Energy: -15.584025788848448 eV
Magnetic moment: -3.2457459358842487e-15 Bohr magnetons
Calculating q=[0.23809524 0.23809524 0.        ]
Calculating q=[0.23809524 0.23809524 0.        ]
Calculating q=[0.23809524 0.23809524 0.        ]
Calculating q=[0.23809524 0.23809524 0.        ]
Calculating q=[0.23809524 0.23809524 0.        ]
Calculating q=[0.23809524 0.23809524 0.        ]
Calculating q=[0.23809524 0.23809524 0.        ]
Calculating q=[0.23809524 0.23809524 0.        ]
Calculating q=[0.23809524 0.23809524 0.        ]
Calculating q=[0.23809524 0.23809524 0.        ]
Calculating q=[0.23809524 0.23809524 0.        ]
Calculating q=[0.23809524 0.23809524 0.        ]
Energy: -15.580980033193844 eV
Magnetic moment: 6.714622644954543e-15 Bohr magnetons
Energy: -15.580980033193844 eV
Magnetic moment: 6.714622644954543e-15 Bohr magnetons
Energy: -15.580980033193844 eV
Magnetic moment: 6.714622644954543e-15 Bohr magnetons
Energy: -15.580980033193844 eV
Magnetic moment: 6.714622644954543e-15 Bohr magnetons
Energy: -15.580980033193844 eV
Magnetic moment: 6.714622644954543e-15 Bohr magnetons
Energy: -15.580980033193844 eV
Magnetic moment: 6.714622644954543e-15 Bohr magnetons
Energy: -15.580980033193844 eV
Magnetic moment: 6.714622644954543e-15 Bohr magnetons
Energy: -15.580980033193844 eV
Magnetic moment: 6.714622644954543e-15 Bohr magnetons
Energy: -15.580980033193844 eV
Magnetic moment: 6.714622644954543e-15 Bohr magnetons
Energy: -15.580980033193844 eV
Magnetic moment: 6.714622644954543e-15 Bohr magnetons
Energy: -15.580980033193844 eV
Magnetic moment: 6.714622644954543e-15 Bohr magnetons
Energy: -15.580980033193844 eV
Magnetic moment: 6.714622644954543e-15 Bohr magnetons
Calculating q=[0.21428571 0.21428571 0.        ]
Calculating q=[0.21428571 0.21428571 0.        ]
Calculating q=[0.21428571 0.21428571 0.        ]
Calculating q=[0.21428571 0.21428571 0.        ]
Calculating q=[0.21428571 0.21428571 0.        ]
Calculating q=[0.21428571 0.21428571 0.        ]
Calculating q=[0.21428571 0.21428571 0.        ]
Calculating q=[0.21428571 0.21428571 0.        ]
Calculating q=[0.21428571 0.21428571 0.        ]
Calculating q=[0.21428571 0.21428571 0.        ]
Calculating q=[0.21428571 0.21428571 0.        ]
Calculating q=[0.21428571 0.21428571 0.        ]
Energy: -15.57712548278476 eV
Magnetic moment: 9.411380627837792e-17 Bohr magnetons
Energy: -15.57712548278476 eV
Magnetic moment: 9.411380627837792e-17 Bohr magnetons
Energy: -15.57712548278476 eV
Magnetic moment: 9.411380627837792e-17 Bohr magnetons
Energy: -15.57712548278476 eV
Magnetic moment: 9.411380627837792e-17 Bohr magnetons
Energy: -15.57712548278476 eV
Magnetic moment: 9.411380627837792e-17 Bohr magnetons
Energy: -15.57712548278476 eV
Magnetic moment: 9.411380627837792e-17 Bohr magnetons
Energy: -15.57712548278476 eV
Magnetic moment: 9.411380627837792e-17 Bohr magnetons
Energy: -15.57712548278476 eV
Magnetic moment: 9.411380627837792e-17 Bohr magnetons
Energy: -15.57712548278476 eV
Magnetic moment: 9.411380627837792e-17 Bohr magnetons
Energy: -15.57712548278476 eV
Magnetic moment: 9.411380627837792e-17 Bohr magnetons
Energy: -15.57712548278476 eV
Magnetic moment: 9.411380627837792e-17 Bohr magnetons
Energy: -15.57712548278476 eV
Magnetic moment: 9.411380627837792e-17 Bohr magnetons
Calculating q=[0.19047619 0.19047619 0.        ]
Calculating q=[0.19047619 0.19047619 0.        ]
Calculating q=[0.19047619 0.19047619 0.        ]
Calculating q=[0.19047619 0.19047619 0.        ]
Calculating q=[0.19047619 0.19047619 0.        ]
Calculating q=[0.19047619 0.19047619 0.        ]
Calculating q=[0.19047619 0.19047619 0.        ]
Calculating q=[0.19047619 0.19047619 0.        ]
Calculating q=[0.19047619 0.19047619 0.        ]
Calculating q=[0.19047619 0.19047619 0.        ]
Calculating q=[0.19047619 0.19047619 0.        ]
Calculating q=[0.19047619 0.19047619 0.        ]
Energy: -15.572523001304843 eV
Magnetic moment: -3.356989185659559e-16 Bohr magnetons
Energy: -15.572523001304843 eV
Magnetic moment: -3.356989185659559e-16 Bohr magnetons
Energy: -15.572523001304843 eV
Magnetic moment: -3.356989185659559e-16 Bohr magnetons
Energy: -15.572523001304843 eV
Magnetic moment: -3.356989185659559e-16 Bohr magnetons
Energy: -15.572523001304843 eV
Magnetic moment: -3.356989185659559e-16 Bohr magnetons
Energy: -15.572523001304843 eV
Magnetic moment: -3.356989185659559e-16 Bohr magnetons
Energy: -15.572523001304843 eV
Magnetic moment: -3.356989185659559e-16 Bohr magnetons
Energy: -15.572523001304843 eV
Magnetic moment: -3.356989185659559e-16 Bohr magnetons
Energy: -15.572523001304843 eV
Magnetic moment: -3.356989185659559e-16 Bohr magnetons
Energy: -15.572523001304843 eV
Magnetic moment: -3.356989185659559e-16 Bohr magnetons
Energy: -15.572523001304843 eV
Magnetic moment: -3.356989185659559e-16 Bohr magnetons
Energy: -15.572523001304843 eV
Magnetic moment: -3.356989185659559e-16 Bohr magnetons
Calculating q=[0.16666667 0.16666667 0.        ]
Calculating q=[0.16666667 0.16666667 0.        ]
Calculating q=[0.16666667 0.16666667 0.        ]
Calculating q=[0.16666667 0.16666667 0.        ]
Calculating q=[0.16666667 0.16666667 0.        ]
Calculating q=[0.16666667 0.16666667 0.        ]
Calculating q=[0.16666667 0.16666667 0.        ]
Calculating q=[0.16666667 0.16666667 0.        ]
Calculating q=[0.16666667 0.16666667 0.        ]
Calculating q=[0.16666667 0.16666667 0.        ]
Calculating q=[0.16666667 0.16666667 0.        ]
Calculating q=[0.16666667 0.16666667 0.        ]
Energy: -15.56727216102582 eV
Magnetic moment: 8.219811005770676e-15 Bohr magnetons
Energy: -15.56727216102582 eV
Magnetic moment: 8.219811005770676e-15 Bohr magnetons
Energy: -15.56727216102582 eV
Magnetic moment: 8.219811005770676e-15 Bohr magnetons
Energy: -15.56727216102582 eV
Magnetic moment: 8.219811005770676e-15 Bohr magnetons
Energy: -15.56727216102582 eV
Magnetic moment: 8.219811005770676e-15 Bohr magnetons
Energy: -15.56727216102582 eV
Magnetic moment: 8.219811005770676e-15 Bohr magnetons
Energy: -15.56727216102582 eV
Magnetic moment: 8.219811005770676e-15 Bohr magnetons
Energy: -15.56727216102582 eV
Magnetic moment: 8.219811005770676e-15 Bohr magnetons
Energy: -15.56727216102582 eV
Magnetic moment: 8.219811005770676e-15 Bohr magnetons
Energy: -15.56727216102582 eV
Magnetic moment: 8.219811005770676e-15 Bohr magnetons
Energy: -15.56727216102582 eV
Magnetic moment: 8.219811005770676e-15 Bohr magnetons
Energy: -15.56727216102582 eV
Magnetic moment: 8.219811005770676e-15 Bohr magnetons
Calculating q=[0.14285714 0.14285714 0.        ]
Calculating q=[0.14285714 0.14285714 0.        ]
Calculating q=[0.14285714 0.14285714 0.        ]
Calculating q=[0.14285714 0.14285714 0.        ]
Calculating q=[0.14285714 0.14285714 0.        ]
Calculating q=[0.14285714 0.14285714 0.        ]
Calculating q=[0.14285714 0.14285714 0.        ]
Calculating q=[0.14285714 0.14285714 0.        ]
Calculating q=[0.14285714 0.14285714 0.        ]
Calculating q=[0.14285714 0.14285714 0.        ]
Calculating q=[0.14285714 0.14285714 0.        ]
Calculating q=[0.14285714 0.14285714 0.        ]
Energy: -15.561541215538316 eV
Magnetic moment: 4.889161666827998e-15 Bohr magnetons
Energy: -15.561541215538316 eV
Magnetic moment: 4.889161666827998e-15 Bohr magnetons
Energy: -15.561541215538316 eV
Magnetic moment: 4.889161666827998e-15 Bohr magnetons
Energy: -15.561541215538316 eV
Magnetic moment: 4.889161666827998e-15 Bohr magnetons
Energy: -15.561541215538316 eV
Magnetic moment: 4.889161666827998e-15 Bohr magnetons
Energy: -15.561541215538316 eV
Magnetic moment: 4.889161666827998e-15 Bohr magnetons
Energy: -15.561541215538316 eV
Magnetic moment: 4.889161666827998e-15 Bohr magnetons
Energy: -15.561541215538316 eV
Magnetic moment: 4.889161666827998e-15 Bohr magnetons
Energy: -15.561541215538316 eV
Magnetic moment: 4.889161666827998e-15 Bohr magnetons
Energy: -15.561541215538316 eV
Magnetic moment: 4.889161666827998e-15 Bohr magnetons
Energy: -15.561541215538316 eV
Magnetic moment: 4.889161666827998e-15 Bohr magnetons
Energy: -15.561541215538316 eV
Magnetic moment: 4.889161666827998e-15 Bohr magnetons
Calculating q=[0.11904762 0.11904762 0.        ]
Calculating q=[0.11904762 0.11904762 0.        ]
Calculating q=[0.11904762 0.11904762 0.        ]
Calculating q=[0.11904762 0.11904762 0.        ]
Calculating q=[0.11904762 0.11904762 0.        ]
Calculating q=[0.11904762 0.11904762 0.        ]
Calculating q=[0.11904762 0.11904762 0.        ]
Calculating q=[0.11904762 0.11904762 0.        ]
Calculating q=[0.11904762 0.11904762 0.        ]
Calculating q=[0.11904762 0.11904762 0.        ]
Calculating q=[0.11904762 0.11904762 0.        ]
Calculating q=[0.11904762 0.11904762 0.        ]
Energy: -15.555582824805409 eV
Magnetic moment: -3.794368740610139e-16 Bohr magnetons
Energy: -15.555582824805409 eV
Magnetic moment: -3.794368740610139e-16 Bohr magnetons
Energy: -15.555582824805409 eV
Magnetic moment: -3.794368740610139e-16 Bohr magnetons
Energy: -15.555582824805409 eV
Magnetic moment: -3.794368740610139e-16 Bohr magnetons
Energy: -15.555582824805409 eV
Magnetic moment: -3.794368740610139e-16 Bohr magnetons
Energy: -15.555582824805409 eV
Magnetic moment: -3.794368740610139e-16 Bohr magnetons
Energy: -15.555582824805409 eV
Magnetic moment: -3.794368740610139e-16 Bohr magnetons
Energy: -15.555582824805409 eV
Magnetic moment: -3.794368740610139e-16 Bohr magnetons
Energy: -15.555582824805409 eV
Magnetic moment: -3.794368740610139e-16 Bohr magnetons
Energy: -15.555582824805409 eV
Magnetic moment: -3.794368740610139e-16 Bohr magnetons
Energy: -15.555582824805409 eV
Magnetic moment: -3.794368740610139e-16 Bohr magnetons
Energy: -15.555582824805409 eV
Magnetic moment: -3.794368740610139e-16 Bohr magnetons
Calculating q=[0.0952381 0.0952381 0.       ]
Calculating q=[0.0952381 0.0952381 0.       ]
Calculating q=[0.0952381 0.0952381 0.       ]
Calculating q=[0.0952381 0.0952381 0.       ]
Calculating q=[0.0952381 0.0952381 0.       ]
Calculating q=[0.0952381 0.0952381 0.       ]
Calculating q=[0.0952381 0.0952381 0.       ]
Calculating q=[0.0952381 0.0952381 0.       ]
Calculating q=[0.0952381 0.0952381 0.       ]
Calculating q=[0.0952381 0.0952381 0.       ]
Calculating q=[0.0952381 0.0952381 0.       ]
Calculating q=[0.0952381 0.0952381 0.       ]
Energy: -15.54975536629872 eV
Magnetic moment: 3.84489435885772e-14 Bohr magnetons
Energy: -15.54975536629872 eV
Magnetic moment: 3.84489435885772e-14 Bohr magnetons
Energy: -15.54975536629872 eV
Magnetic moment: 3.84489435885772e-14 Bohr magnetons
Energy: -15.54975536629872 eV
Magnetic moment: 3.84489435885772e-14 Bohr magnetons
Energy: -15.54975536629872 eV
Magnetic moment: 3.84489435885772e-14 Bohr magnetons
Energy: -15.54975536629872 eV
Magnetic moment: 3.84489435885772e-14 Bohr magnetons
Energy: -15.54975536629872 eV
Magnetic moment: 3.84489435885772e-14 Bohr magnetons
Energy: -15.54975536629872 eV
Magnetic moment: 3.84489435885772e-14 Bohr magnetons
Energy: -15.54975536629872 eV
Magnetic moment: 3.84489435885772e-14 Bohr magnetons
Energy: -15.54975536629872 eV
Magnetic moment: 3.84489435885772e-14 Bohr magnetons
Energy: -15.54975536629872 eV
Magnetic moment: 3.84489435885772e-14 Bohr magnetons
Energy: -15.54975536629872 eV
Magnetic moment: 3.84489435885772e-14 Bohr magnetons
Calculating q=[0.07142857 0.07142857 0.        ]
Calculating q=[0.07142857 0.07142857 0.        ]
Calculating q=[0.07142857 0.07142857 0.        ]
Calculating q=[0.07142857 0.07142857 0.        ]
Calculating q=[0.07142857 0.07142857 0.        ]
Calculating q=[0.07142857 0.07142857 0.        ]
Calculating q=[0.07142857 0.07142857 0.        ]
Calculating q=[0.07142857 0.07142857 0.        ]
Calculating q=[0.07142857 0.07142857 0.        ]
Calculating q=[0.07142857 0.07142857 0.        ]
Calculating q=[0.07142857 0.07142857 0.        ]
Calculating q=[0.07142857 0.07142857 0.        ]
Energy: -15.544492945260016 eV
Magnetic moment: -4.313257609547076e-15 Bohr magnetons
Energy: -15.544492945260016 eV
Magnetic moment: -4.313257609547076e-15 Bohr magnetons
Energy: -15.544492945260016 eV
Magnetic moment: -4.313257609547076e-15 Bohr magnetons
Energy: -15.544492945260016 eV
Magnetic moment: -4.313257609547076e-15 Bohr magnetons
Energy: -15.544492945260016 eV
Magnetic moment: -4.313257609547076e-15 Bohr magnetons
Energy: -15.544492945260016 eV
Magnetic moment: -4.313257609547076e-15 Bohr magnetons
Energy: -15.544492945260016 eV
Magnetic moment: -4.313257609547076e-15 Bohr magnetons
Energy: -15.544492945260016 eV
Magnetic moment: -4.313257609547076e-15 Bohr magnetons
Energy: -15.544492945260016 eV
Magnetic moment: -4.313257609547076e-15 Bohr magnetons
Energy: -15.544492945260016 eV
Magnetic moment: -4.313257609547076e-15 Bohr magnetons
Energy: -15.544492945260016 eV
Magnetic moment: -4.313257609547076e-15 Bohr magnetons
Energy: -15.544492945260016 eV
Magnetic moment: -4.313257609547076e-15 Bohr magnetons
Calculating q=[0.04761905 0.04761905 0.        ]
Calculating q=[0.04761905 0.04761905 0.        ]
Calculating q=[0.04761905 0.04761905 0.        ]
Calculating q=[0.04761905 0.04761905 0.        ]
Calculating q=[0.04761905 0.04761905 0.        ]
Calculating q=[0.04761905 0.04761905 0.        ]
Calculating q=[0.04761905 0.04761905 0.        ]
Calculating q=[0.04761905 0.04761905 0.        ]
Calculating q=[0.04761905 0.04761905 0.        ]
Calculating q=[0.04761905 0.04761905 0.        ]
Calculating q=[0.04761905 0.04761905 0.        ]
Calculating q=[0.04761905 0.04761905 0.        ]
Energy: -15.540274324977283 eV
Magnetic moment: 1.4942526611986717e-15 Bohr magnetons
Energy: -15.540274324977283 eV
Magnetic moment: 1.4942526611986717e-15 Bohr magnetons
Energy: -15.540274324977283 eV
Magnetic moment: 1.4942526611986717e-15 Bohr magnetons
Energy: -15.540274324977283 eV
Magnetic moment: 1.4942526611986717e-15 Bohr magnetons
Energy: -15.540274324977283 eV
Magnetic moment: 1.4942526611986717e-15 Bohr magnetons
Energy: -15.540274324977283 eV
Magnetic moment: 1.4942526611986717e-15 Bohr magnetons
Energy: -15.540274324977283 eV
Magnetic moment: 1.4942526611986717e-15 Bohr magnetons
Energy: -15.540274324977283 eV
Magnetic moment: 1.4942526611986717e-15 Bohr magnetons
Energy: -15.540274324977283 eV
Magnetic moment: 1.4942526611986717e-15 Bohr magnetons
Energy: -15.540274324977283 eV
Magnetic moment: 1.4942526611986717e-15 Bohr magnetons
Energy: -15.540274324977283 eV
Magnetic moment: 1.4942526611986717e-15 Bohr magnetons
Energy: -15.540274324977283 eV
Magnetic moment: 1.4942526611986717e-15 Bohr magnetons
Calculating q=[0.02380952 0.02380952 0.        ]
Calculating q=[0.02380952 0.02380952 0.        ]
Calculating q=[0.02380952 0.02380952 0.        ]
Calculating q=[0.02380952 0.02380952 0.        ]
Calculating q=[0.02380952 0.02380952 0.        ]
Calculating q=[0.02380952 0.02380952 0.        ]
Calculating q=[0.02380952 0.02380952 0.        ]
Calculating q=[0.02380952 0.02380952 0.        ]
Calculating q=[0.02380952 0.02380952 0.        ]
Calculating q=[0.02380952 0.02380952 0.        ]
Calculating q=[0.02380952 0.02380952 0.        ]
Calculating q=[0.02380952 0.02380952 0.        ]
Energy: -15.537539319072291 eV
Magnetic moment: -1.2768421259534876e-15 Bohr magnetons
Energy: -15.537539319072291 eV
Magnetic moment: -1.2768421259534876e-15 Bohr magnetons
Energy: -15.537539319072291 eV
Magnetic moment: -1.2768421259534876e-15 Bohr magnetons
Energy: -15.537539319072291 eV
Magnetic moment: -1.2768421259534876e-15 Bohr magnetons
Energy: -15.537539319072291 eV
Magnetic moment: -1.2768421259534876e-15 Bohr magnetons
Energy: -15.537539319072291 eV
Magnetic moment: -1.2768421259534876e-15 Bohr magnetons
Energy: -15.537539319072291 eV
Magnetic moment: -1.2768421259534876e-15 Bohr magnetons
Energy: -15.537539319072291 eV
Magnetic moment: -1.2768421259534876e-15 Bohr magnetons
Energy: -15.537539319072291 eV
Magnetic moment: -1.2768421259534876e-15 Bohr magnetons
Energy: -15.537539319072291 eV
Magnetic moment: -1.2768421259534876e-15 Bohr magnetons
Energy: -15.537539319072291 eV
Magnetic moment: -1.2768421259534876e-15 Bohr magnetons
Energy: -15.537539319072291 eV
Magnetic moment: -1.2768421259534876e-15 Bohr magnetons
Calculating q=[0. 0. 0.]
Calculating q=[0. 0. 0.]
Calculating q=[0. 0. 0.]
Calculating q=[0. 0. 0.]
Calculating q=[0. 0. 0.]
Calculating q=[0. 0. 0.]
Calculating q=[0. 0. 0.]
Calculating q=[0. 0. 0.]
Calculating q=[0. 0. 0.]
Calculating q=[0. 0. 0.]
Calculating q=[0. 0. 0.]
Calculating q=[0. 0. 0.]
Energy: -15.536586576505485 eV
Magnetic moment: -3.24236481785669e-12 Bohr magnetons
Energy: -15.536586576505485 eV
Magnetic moment: -3.24236481785669e-12 Bohr magnetons
Energy: -15.536586576505485 eV
Magnetic moment: -3.24236481785669e-12 Bohr magnetons
Energy: -15.536586576505485 eV
Magnetic moment: -3.24236481785669e-12 Bohr magnetons
Energy: -15.536586576505485 eV
Magnetic moment: -3.24236481785669e-12 Bohr magnetons
Energy: -15.536586576505485 eV
Magnetic moment: -3.24236481785669e-12 Bohr magnetons
Energy: -15.536586576505485 eV
Magnetic moment: -3.24236481785669e-12 Bohr magnetons
Energy: -15.536586576505485 eV
Magnetic moment: -3.24236481785669e-12 Bohr magnetons
Energy: -15.536586576505485 eV
Magnetic moment: -3.24236481785669e-12 Bohr magnetons
Energy: -15.536586576505485 eV
Magnetic moment: -3.24236481785669e-12 Bohr magnetons
Energy: -15.536586576505485 eV
Magnetic moment: -3.24236481785669e-12 Bohr magnetons
Energy: -15.536586576505485 eV
Magnetic moment: -3.24236481785669e-12 Bohr magnetons

------------------------------------------------------------
Sender: LSF System <lsfadmin@hpc.dtu.dk>
Subject: Job 21516965: <plot_3.py> in cluster <dcc> Done

Job <plot_3.py> was submitted from host <gbarlogin2> by user <s194113> in cluster <dcc> at Sat Apr 20 11:36:01 2024
Job was executed on host(s) <12*n-62-28-21>, in queue <hpc>, as user <s194113> in cluster <dcc> at Sat Apr 20 11:36:20 2024
</zhome/87/8/147075> was used as the home directory.
</zhome/87/8/147075/10302/10302_NM/VBr2/V_con> was used as the working directory.
Started at Sat Apr 20 11:36:20 2024
Terminated at Sat Apr 20 15:50:01 2024
Results reported at Sat Apr 20 15:50:01 2024

Your job looked like:

------------------------------------------------------------
# LSBATCH: User input
#!/bin/bash -l
id=$LSB_JOBID
mq=/zhome/87/8/147075/.myqueue/lsf-$id
source /zhome/87/8/147075/venv-name/bin/activate
echo "venv: /zhome/87/8/147075/venv-name/bin/activate"
(touch $mq-0 && \
 cd '/zhome/87/8/147075/10302/10302_NM/VBr2/V_con' && \
 mpiexec python3 plot_3.py && \
 touch $mq-1) || \
(touch $mq-2; exit 1)

------------------------------------------------------------

Successfully completed.

Resource usage summary:

    CPU time :                                   182557.42 sec.
    Max Memory :                                 9486 MB
    Average Memory :                             6591.98 MB
    Total Requested Memory :                     73728.00 MB
    Delta Memory :                               64242.00 MB
    Max Swap :                                   -
    Max Processes :                              17
    Max Threads :                                57
    Run time :                                   15220 sec.
    Turnaround time :                            15240 sec.

The output (if any) is above this job summary.



PS:

Read file </zhome/87/8/147075/10302/10302_NM/VBr2/V_con/plot_3.py.21516965.err> for stderr output of this job.

