venv: /zhome/87/8/147075/venv-name/bin/activate
[1713853956.890034] [n-62-29-17:20786:0]          ib_md.c:1063 UCX  WARN  IB: ibv_fork_init() was disabled or failed, yet a fork() has been issued.
[1713853956.890012] [n-62-29-17:20788:0]          ib_md.c:1063 UCX  WARN  IB: ibv_fork_init() was disabled or failed, yet a fork() has been issued.
[1713853956.890076] [n-62-29-17:20788:0]          ib_md.c:1064 UCX  WARN  IB: data corruption might occur when using registered memory.
[1713853956.890027] [n-62-29-17:20792:0]          ib_md.c:1063 UCX  WARN  IB: ibv_fork_init() was disabled or failed, yet a fork() has been issued.
[1713853956.890068] [n-62-29-17:20792:0]          ib_md.c:1064 UCX  WARN  IB: data corruption might occur when using registered memory.
[1713853956.890042] [n-62-29-17:20793:0]          ib_md.c:1063 UCX  WARN  IB: ibv_fork_init() was disabled or failed, yet a fork() has been issued.
[1713853956.890074] [n-62-29-17:20793:0]          ib_md.c:1064 UCX  WARN  IB: data corruption might occur when using registered memory.
[1713853956.890044] [n-62-29-17:20794:0]          ib_md.c:1063 UCX  WARN  IB: ibv_fork_init() was disabled or failed, yet a fork() has been issued.
[1713853956.890082] [n-62-29-17:20794:0]          ib_md.c:1064 UCX  WARN  IB: data corruption might occur when using registered memory.
[1713853956.890061] [n-62-29-17:20796:0]          ib_md.c:1063 UCX  WARN  IB: ibv_fork_init() was disabled or failed, yet a fork() has been issued.
[1713853956.890099] [n-62-29-17:20796:0]          ib_md.c:1064 UCX  WARN  IB: data corruption might occur when using registered memory.
[1713853956.890022] [n-62-29-17:20798:0]          ib_md.c:1063 UCX  WARN  IB: ibv_fork_init() was disabled or failed, yet a fork() has been issued.
[1713853956.890060] [n-62-29-17:20798:0]          ib_md.c:1064 UCX  WARN  IB: data corruption might occur when using registered memory.
[1713853956.890082] [n-62-29-17:20787:0]          ib_md.c:1063 UCX  WARN  IB: ibv_fork_init() was disabled or failed, yet a fork() has been issued.
[1713853956.890130] [n-62-29-17:20787:0]          ib_md.c:1064 UCX  WARN  IB: data corruption might occur when using registered memory.
[1713853956.890106] [n-62-29-17:20789:0]          ib_md.c:1063 UCX  WARN  IB: ibv_fork_init() was disabled or failed, yet a fork() has been issued.
[1713853956.890156] [n-62-29-17:20789:0]          ib_md.c:1064 UCX  WARN  IB: data corruption might occur when using registered memory.
[1713853956.890124] [n-62-29-17:20790:0]          ib_md.c:1063 UCX  WARN  IB: ibv_fork_init() was disabled or failed, yet a fork() has been issued.
[1713853956.890167] [n-62-29-17:20790:0]          ib_md.c:1064 UCX  WARN  IB: data corruption might occur when using registered memory.
[1713853956.890068] [n-62-29-17:20791:0]          ib_md.c:1063 UCX  WARN  IB: ibv_fork_init() was disabled or failed, yet a fork() has been issued.
[1713853956.890115] [n-62-29-17:20791:0]          ib_md.c:1064 UCX  WARN  IB: data corruption might occur when using registered memory.
[1713853956.890110] [n-62-29-17:20799:0]          ib_md.c:1063 UCX  WARN  IB: ibv_fork_init() was disabled or failed, yet a fork() has been issued.
[1713853956.890153] [n-62-29-17:20799:0]          ib_md.c:1064 UCX  WARN  IB: data corruption might occur when using registered memory.
[1713853956.890266] [n-62-29-17:20786:0]          ib_md.c:1064 UCX  WARN  IB: data corruption might occur when using registered memory.
Calculating ground state
31 q-points in the path
=====================================
Calculating ground state
31 q-points in the path
=====================================
Calculating ground state
31 q-points in the path
=====================================
Calculating ground state
31 q-points in the path
=====================================
Calculating ground state
31 q-points in the path
=====================================
Calculating ground state
31 q-points in the path
=====================================
Calculating ground state
31 q-points in the path
=====================================
Calculating q=[0. 0. 0.]
Calculating q=[0. 0. 0.]
Calculating q=[0. 0. 0.]
Calculating q=[0. 0. 0.]
Calculating ground state
31 q-points in the path
Calculating ground state
31 q-points in the path
=====================================
=====================================
Calculating q=[0. 0. 0.]
Calculating q=[0. 0. 0.]
Calculating ground state
Calculating q=[0. 0. 0.]
31 q-points in the path
=====================================
Calculating ground state
31 q-points in the path
=====================================
Calculating q=[0. 0. 0.]
Calculating q=[0. 0. 0.]
Calculating q=[0. 0. 0.]
Calculating q=[0. 0. 0.]
Calculating ground state
31 q-points in the path
=====================================
Calculating q=[0. 0. 0.]
Energy: -15.583660139914617 eV
Magnetic moment: -9.577695624561585e-14 Bohr magnetons
Energy: -15.583660139914617 eV
Magnetic moment: -9.577695624561585e-14 Bohr magnetons
Energy: -15.583660139914617 eV
Magnetic moment: -9.577695624561585e-14 Bohr magnetons
Energy: -15.583660139914617 eV
Magnetic moment: -9.577695624561585e-14 Bohr magnetons
Energy: -15.583660139914617 eV
Magnetic moment: -9.577695624561585e-14 Bohr magnetons
Energy: -15.583660139914617 eV
Magnetic moment: -9.577695624561585e-14 Bohr magnetons
Energy: -15.583660139914617 eV
Magnetic moment: -9.577695624561585e-14 Bohr magnetons
Energy: -15.583660139914617 eV
Magnetic moment: -9.577695624561585e-14 Bohr magnetons
Energy: -15.583660139914617 eV
Magnetic moment: -9.577695624561585e-14 Bohr magnetons
Energy: -15.583660139914617 eV
Magnetic moment: -9.577695624561585e-14 Bohr magnetons
Energy: -15.583660139914617 eV
Magnetic moment: -9.577695624561585e-14 Bohr magnetons
Energy: -15.583660139914617 eV
Magnetic moment: -9.577695624561585e-14 Bohr magnetons
Calculating q=[0.05 0.   0.  ]
Calculating q=[0.05 0.   0.  ]
Calculating q=[0.05 0.   0.  ]
Calculating q=[0.05 0.   0.  ]
Calculating q=[0.05 0.   0.  ]
Calculating q=[0.05 0.   0.  ]
Calculating q=[0.05 0.   0.  ]
Calculating q=[0.05 0.   0.  ]
Calculating q=[0.05 0.   0.  ]
Calculating q=[0.05 0.   0.  ]
Calculating q=[0.05 0.   0.  ]
Calculating q=[0.05 0.   0.  ]
Energy: -15.584946676052274 eV
Magnetic moment: 2.0113617357664357e-15 Bohr magnetons
Energy: -15.584946676052274 eV
Magnetic moment: 2.0113617357664357e-15 Bohr magnetons
Energy: -15.584946676052274 eV
Magnetic moment: 2.0113617357664357e-15 Bohr magnetons
Energy: -15.584946676052274 eV
Magnetic moment: 2.0113617357664357e-15 Bohr magnetons
Energy: -15.584946676052274 eV
Magnetic moment: 2.0113617357664357e-15 Bohr magnetons
Energy: -15.584946676052274 eV
Magnetic moment: 2.0113617357664357e-15 Bohr magnetons
Energy: -15.584946676052274 eV
Magnetic moment: 2.0113617357664357e-15 Bohr magnetons
Energy: -15.584946676052274 eV
Magnetic moment: 2.0113617357664357e-15 Bohr magnetons
Energy: -15.584946676052274 eV
Magnetic moment: 2.0113617357664357e-15 Bohr magnetons
Energy: -15.584946676052274 eV
Magnetic moment: 2.0113617357664357e-15 Bohr magnetons
Energy: -15.584946676052274 eV
Magnetic moment: 2.0113617357664357e-15 Bohr magnetons
Calculating q=[0.1 0.  0. ]
Energy: -15.584946676052274 eV
Magnetic moment: 2.0113617357664357e-15 Bohr magnetons
Calculating q=[0.1 0.  0. ]
Calculating q=[0.1 0.  0. ]
Calculating q=[0.1 0.  0. ]
Calculating q=[0.1 0.  0. ]
Calculating q=[0.1 0.  0. ]
Calculating q=[0.1 0.  0. ]
Calculating q=[0.1 0.  0. ]
Calculating q=[0.1 0.  0. ]
Calculating q=[0.1 0.  0. ]
Calculating q=[0.1 0.  0. ]
Calculating q=[0.1 0.  0. ]
Energy: -15.588630140765211 eV
Magnetic moment: -6.856869345963183e-14 Bohr magnetons
Energy: -15.588630140765211 eV
Magnetic moment: -6.856869345963183e-14 Bohr magnetons
Energy: -15.588630140765211 eV
Magnetic moment: -6.856869345963183e-14 Bohr magnetons
Energy: -15.588630140765211 eV
Magnetic moment: -6.856869345963183e-14 Bohr magnetons
Energy: -15.588630140765211 eV
Magnetic moment: -6.856869345963183e-14 Bohr magnetons
Energy: -15.588630140765211 eV
Magnetic moment: -6.856869345963183e-14 Bohr magnetons
Energy: -15.588630140765211 eV
Magnetic moment: -6.856869345963183e-14 Bohr magnetons
Energy: -15.588630140765211 eV
Magnetic moment: -6.856869345963183e-14 Bohr magnetons
Energy: -15.588630140765211 eV
Magnetic moment: -6.856869345963183e-14 Bohr magnetons
Energy: -15.588630140765211 eV
Magnetic moment: -6.856869345963183e-14 Bohr magnetons
Energy: -15.588630140765211 eV
Magnetic moment: -6.856869345963183e-14 Bohr magnetons
Energy: -15.588630140765211 eV
Magnetic moment: -6.856869345963183e-14 Bohr magnetons
Calculating q=[0.15 0.   0.  ]
Calculating q=[0.15 0.   0.  ]
Calculating q=[0.15 0.   0.  ]
Calculating q=[0.15 0.   0.  ]
Calculating q=[0.15 0.   0.  ]
Calculating q=[0.15 0.   0.  ]
Calculating q=[0.15 0.   0.  ]
Calculating q=[0.15 0.   0.  ]
Calculating q=[0.15 0.   0.  ]
Calculating q=[0.15 0.   0.  ]
Calculating q=[0.15 0.   0.  ]
Calculating q=[0.15 0.   0.  ]
Energy: -15.594058342422434 eV
Magnetic moment: -9.680480229558768e-15 Bohr magnetons
Energy: -15.594058342422434 eV
Magnetic moment: -9.680480229558768e-15 Bohr magnetons
Energy: -15.594058342422434 eV
Magnetic moment: -9.680480229558768e-15 Bohr magnetons
Energy: -15.594058342422434 eV
Magnetic moment: -9.680480229558768e-15 Bohr magnetons
Energy: -15.594058342422434 eV
Magnetic moment: -9.680480229558768e-15 Bohr magnetons
Energy: -15.594058342422434 eV
Magnetic moment: -9.680480229558768e-15 Bohr magnetons
Energy: -15.594058342422434 eV
Magnetic moment: -9.680480229558768e-15 Bohr magnetons
Energy: -15.594058342422434 eV
Magnetic moment: -9.680480229558768e-15 Bohr magnetons
Energy: -15.594058342422434 eV
Magnetic moment: -9.680480229558768e-15 Bohr magnetons
Energy: -15.594058342422434 eV
Magnetic moment: -9.680480229558768e-15 Bohr magnetons
Energy: -15.594058342422434 eV
Magnetic moment: -9.680480229558768e-15 Bohr magnetons
Energy: -15.594058342422434 eV
Magnetic moment: -9.680480229558768e-15 Bohr magnetons
Calculating q=[0.2 0.  0. ]
Calculating q=[0.2 0.  0. ]
Calculating q=[0.2 0.  0. ]
Calculating q=[0.2 0.  0. ]
Calculating q=[0.2 0.  0. ]
Calculating q=[0.2 0.  0. ]
Calculating q=[0.2 0.  0. ]
Calculating q=[0.2 0.  0. ]
Calculating q=[0.2 0.  0. ]
Calculating q=[0.2 0.  0. ]
Calculating q=[0.2 0.  0. ]
Calculating q=[0.2 0.  0. ]
Energy: -15.60039403192085 eV
Magnetic moment: 6.0848113430268255e-15 Bohr magnetons
Energy: -15.60039403192085 eV
Magnetic moment: 6.0848113430268255e-15 Bohr magnetons
Energy: -15.60039403192085 eV
Magnetic moment: 6.0848113430268255e-15 Bohr magnetons
Energy: -15.60039403192085 eV
Magnetic moment: 6.0848113430268255e-15 Bohr magnetons
Energy: -15.60039403192085 eV
Magnetic moment: 6.0848113430268255e-15 Bohr magnetons
Energy: -15.60039403192085 eV
Magnetic moment: 6.0848113430268255e-15 Bohr magnetons
Energy: -15.60039403192085 eV
Magnetic moment: 6.0848113430268255e-15 Bohr magnetons
Energy: -15.60039403192085 eV
Magnetic moment: 6.0848113430268255e-15 Bohr magnetons
Energy: -15.60039403192085 eV
Magnetic moment: 6.0848113430268255e-15 Bohr magnetons
Energy: -15.60039403192085 eV
Magnetic moment: 6.0848113430268255e-15 Bohr magnetons
Energy: -15.60039403192085 eV
Magnetic moment: 6.0848113430268255e-15 Bohr magnetons
Energy: -15.60039403192085 eV
Magnetic moment: 6.0848113430268255e-15 Bohr magnetons
Calculating q=[0.25 0.   0.  ]
Calculating q=[0.25 0.   0.  ]
Calculating q=[0.25 0.   0.  ]
Calculating q=[0.25 0.   0.  ]
Calculating q=[0.25 0.   0.  ]
Calculating q=[0.25 0.   0.  ]
Calculating q=[0.25 0.   0.  ]
Calculating q=[0.25 0.   0.  ]
Calculating q=[0.25 0.   0.  ]
Calculating q=[0.25 0.   0.  ]
Calculating q=[0.25 0.   0.  ]
Calculating q=[0.25 0.   0.  ]
Energy: -15.606796384303317 eV
Magnetic moment: -2.7590998397596738e-15 Bohr magnetons
Energy: -15.606796384303317 eV
Magnetic moment: -2.7590998397596738e-15 Bohr magnetons
Energy: -15.606796384303317 eV
Magnetic moment: -2.7590998397596738e-15 Bohr magnetons
Energy: -15.606796384303317 eV
Magnetic moment: -2.7590998397596738e-15 Bohr magnetons
Energy: -15.606796384303317 eV
Magnetic moment: -2.7590998397596738e-15 Bohr magnetons
Energy: -15.606796384303317 eV
Magnetic moment: -2.7590998397596738e-15 Bohr magnetons
Energy: -15.606796384303317 eV
Magnetic moment: -2.7590998397596738e-15 Bohr magnetons
Energy: -15.606796384303317 eV
Magnetic moment: -2.7590998397596738e-15 Bohr magnetons
Energy: -15.606796384303317 eV
Magnetic moment: -2.7590998397596738e-15 Bohr magnetons
Energy: -15.606796384303317 eV
Magnetic moment: -2.7590998397596738e-15 Bohr magnetons
Energy: -15.606796384303317 eV
Magnetic moment: -2.7590998397596738e-15 Bohr magnetons
Calculating q=[0.3 0.  0. ]
Calculating q=[0.3 0.  0. ]
Calculating q=[0.3 0.  0. ]
Calculating q=[0.3 0.  0. ]
Energy: -15.606796384303317 eV
Magnetic moment: -2.7590998397596738e-15 Bohr magnetons
Calculating q=[0.3 0.  0. ]
Calculating q=[0.3 0.  0. ]
Calculating q=[0.3 0.  0. ]
Calculating q=[0.3 0.  0. ]
Calculating q=[0.3 0.  0. ]
Calculating q=[0.3 0.  0. ]
Calculating q=[0.3 0.  0. ]
Calculating q=[0.3 0.  0. ]
Energy: -15.612550137276372 eV
Magnetic moment: 7.061881640519201e-15 Bohr magnetons
Energy: -15.612550137276372 eV
Magnetic moment: 7.061881640519201e-15 Bohr magnetons
Energy: -15.612550137276372 eV
Magnetic moment: 7.061881640519201e-15 Bohr magnetons
Energy: -15.612550137276372 eV
Magnetic moment: 7.061881640519201e-15 Bohr magnetons
Energy: -15.612550137276372 eV
Magnetic moment: 7.061881640519201e-15 Bohr magnetons
Energy: -15.612550137276372 eV
Magnetic moment: 7.061881640519201e-15 Bohr magnetons
Energy: -15.612550137276372 eV
Magnetic moment: 7.061881640519201e-15 Bohr magnetons
Energy: -15.612550137276372 eV
Magnetic moment: 7.061881640519201e-15 Bohr magnetons
Energy: -15.612550137276372 eV
Magnetic moment: 7.061881640519201e-15 Bohr magnetons
Energy: -15.612550137276372 eV
Magnetic moment: 7.061881640519201e-15 Bohr magnetons
Energy: -15.612550137276372 eV
Magnetic moment: 7.061881640519201e-15 Bohr magnetons
Energy: -15.612550137276372 eV
Magnetic moment: 7.061881640519201e-15 Bohr magnetons
Calculating q=[0.35 0.   0.  ]
Calculating q=[0.35 0.   0.  ]
Calculating q=[0.35 0.   0.  ]
Calculating q=[0.35 0.   0.  ]
Calculating q=[0.35 0.   0.  ]
Calculating q=[0.35 0.   0.  ]
Calculating q=[0.35 0.   0.  ]
Calculating q=[0.35 0.   0.  ]
Calculating q=[0.35 0.   0.  ]
Calculating q=[0.35 0.   0.  ]
Calculating q=[0.35 0.   0.  ]
Calculating q=[0.35 0.   0.  ]
Energy: -15.617193078867968 eV
Magnetic moment: 5.137821506781717e-16 Bohr magnetons
Energy: -15.617193078867968 eV
Magnetic moment: 5.137821506781717e-16 Bohr magnetons
Energy: -15.617193078867968 eV
Magnetic moment: 5.137821506781717e-16 Bohr magnetons
Energy: -15.617193078867968 eV
Magnetic moment: 5.137821506781717e-16 Bohr magnetons
Energy: -15.617193078867968 eV
Magnetic moment: 5.137821506781717e-16 Bohr magnetons
Energy: -15.617193078867968 eV
Magnetic moment: 5.137821506781717e-16 Bohr magnetons
Energy: -15.617193078867968 eV
Magnetic moment: 5.137821506781717e-16 Bohr magnetons
Energy: -15.617193078867968 eV
Magnetic moment: 5.137821506781717e-16 Bohr magnetons
Energy: -15.617193078867968 eV
Magnetic moment: 5.137821506781717e-16 Bohr magnetons
Energy: -15.617193078867968 eV
Magnetic moment: 5.137821506781717e-16 Bohr magnetons
Energy: -15.617193078867968 eV
Magnetic moment: 5.137821506781717e-16 Bohr magnetons
Energy: -15.617193078867968 eV
Magnetic moment: 5.137821506781717e-16 Bohr magnetons
Calculating q=[0.4 0.  0. ]
Calculating q=[0.4 0.  0. ]
Calculating q=[0.4 0.  0. ]
Calculating q=[0.4 0.  0. ]
Calculating q=[0.4 0.  0. ]
Calculating q=[0.4 0.  0. ]
Calculating q=[0.4 0.  0. ]
Calculating q=[0.4 0.  0. ]
Calculating q=[0.4 0.  0. ]
Calculating q=[0.4 0.  0. ]
Calculating q=[0.4 0.  0. ]
Calculating q=[0.4 0.  0. ]
Energy: -15.620513301002974 eV
Magnetic moment: -1.0549193517606142e-14 Bohr magnetons
Energy: -15.620513301002974 eV
Magnetic moment: -1.0549193517606142e-14 Bohr magnetons
Energy: -15.620513301002974 eV
Magnetic moment: -1.0549193517606142e-14 Bohr magnetons
Energy: -15.620513301002974 eV
Magnetic moment: -1.0549193517606142e-14 Bohr magnetons
Energy: -15.620513301002974 eV
Magnetic moment: -1.0549193517606142e-14 Bohr magnetons
Energy: -15.620513301002974 eV
Magnetic moment: -1.0549193517606142e-14 Bohr magnetons
Energy: -15.620513301002974 eV
Magnetic moment: -1.0549193517606142e-14 Bohr magnetons
Energy: -15.620513301002974 eV
Magnetic moment: -1.0549193517606142e-14 Bohr magnetons
Energy: -15.620513301002974 eV
Magnetic moment: -1.0549193517606142e-14 Bohr magnetons
Energy: -15.620513301002974 eV
Magnetic moment: -1.0549193517606142e-14 Bohr magnetons
Energy: -15.620513301002974 eV
Magnetic moment: -1.0549193517606142e-14 Bohr magnetons
Energy: -15.620513301002974 eV
Magnetic moment: -1.0549193517606142e-14 Bohr magnetons
Calculating q=[0.45 0.   0.  ]
Calculating q=[0.45 0.   0.  ]
Calculating q=[0.45 0.   0.  ]
Calculating q=[0.45 0.   0.  ]
Calculating q=[0.45 0.   0.  ]
Calculating q=[0.45 0.   0.  ]
Calculating q=[0.45 0.   0.  ]
Calculating q=[0.45 0.   0.  ]
Calculating q=[0.45 0.   0.  ]
Calculating q=[0.45 0.   0.  ]
Calculating q=[0.45 0.   0.  ]
Calculating q=[0.45 0.   0.  ]
Energy: -15.622464918708824 eV
Magnetic moment: 3.1476082744663914e-16 Bohr magnetons
Energy: -15.622464918708824 eV
Magnetic moment: 3.1476082744663914e-16 Bohr magnetons
Energy: -15.622464918708824 eV
Magnetic moment: 3.1476082744663914e-16 Bohr magnetons
Energy: -15.622464918708824 eV
Magnetic moment: 3.1476082744663914e-16 Bohr magnetons
Energy: -15.622464918708824 eV
Magnetic moment: 3.1476082744663914e-16 Bohr magnetons
Energy: -15.622464918708824 eV
Magnetic moment: 3.1476082744663914e-16 Bohr magnetons
Energy: -15.622464918708824 eV
Magnetic moment: 3.1476082744663914e-16 Bohr magnetons
Energy: -15.622464918708824 eV
Magnetic moment: 3.1476082744663914e-16 Bohr magnetons
Energy: -15.622464918708824 eV
Magnetic moment: 3.1476082744663914e-16 Bohr magnetons
Energy: -15.622464918708824 eV
Magnetic moment: 3.1476082744663914e-16 Bohr magnetons
Energy: -15.622464918708824 eV
Magnetic moment: 3.1476082744663914e-16 Bohr magnetons
Energy: -15.622464918708824 eV
Magnetic moment: 3.1476082744663914e-16 Bohr magnetons
Calculating q=[0.5 0.  0. ]
Calculating q=[0.5 0.  0. ]
Calculating q=[0.5 0.  0. ]
Calculating q=[0.5 0.  0. ]
Calculating q=[0.5 0.  0. ]
Calculating q=[0.5 0.  0. ]
Calculating q=[0.5 0.  0. ]
Calculating q=[0.5 0.  0. ]
Calculating q=[0.5 0.  0. ]
Calculating q=[0.5 0.  0. ]
Calculating q=[0.5 0.  0. ]
Calculating q=[0.5 0.  0. ]
Energy: -15.623090631044175 eV
Magnetic moment: 1.1945238844542832e-15 Bohr magnetons
Energy: -15.623090631044175 eV
Magnetic moment: 1.1945238844542832e-15 Bohr magnetons
Energy: -15.623090631044175 eV
Magnetic moment: 1.1945238844542832e-15 Bohr magnetons
Energy: -15.623090631044175 eV
Magnetic moment: 1.1945238844542832e-15 Bohr magnetons
Energy: -15.623090631044175 eV
Magnetic moment: 1.1945238844542832e-15 Bohr magnetons
Energy: -15.623090631044175 eV
Magnetic moment: 1.1945238844542832e-15 Bohr magnetons
Energy: -15.623090631044175 eV
Magnetic moment: 1.1945238844542832e-15 Bohr magnetons
Energy: -15.623090631044175 eV
Magnetic moment: 1.1945238844542832e-15 Bohr magnetons
Energy: -15.623090631044175 eV
Magnetic moment: 1.1945238844542832e-15 Bohr magnetons
Energy: -15.623090631044175 eV
Magnetic moment: 1.1945238844542832e-15 Bohr magnetons
Energy: -15.623090631044175 eV
Magnetic moment: 1.1945238844542832e-15 Bohr magnetons
Energy: -15.623090631044175 eV
Magnetic moment: 1.1945238844542832e-15 Bohr magnetons
Calculating q=[0.47222222 0.05555556 0.        ]
Calculating q=[0.47222222 0.05555556 0.        ]
Calculating q=[0.47222222 0.05555556 0.        ]
Calculating q=[0.47222222 0.05555556 0.        ]
Calculating q=[0.47222222 0.05555556 0.        ]
Calculating q=[0.47222222 0.05555556 0.        ]
Calculating q=[0.47222222 0.05555556 0.        ]
Calculating q=[0.47222222 0.05555556 0.        ]
Calculating q=[0.47222222 0.05555556 0.        ]
Calculating q=[0.47222222 0.05555556 0.        ]
Calculating q=[0.47222222 0.05555556 0.        ]
Calculating q=[0.47222222 0.05555556 0.        ]
Energy: -15.62362236031933 eV
Magnetic moment: -5.583911148431122e-16 Bohr magnetons
Energy: -15.62362236031933 eV
Magnetic moment: -5.583911148431122e-16 Bohr magnetons
Energy: -15.62362236031933 eV
Magnetic moment: -5.583911148431122e-16 Bohr magnetons
Energy: -15.62362236031933 eV
Magnetic moment: -5.583911148431122e-16 Bohr magnetons
Energy: -15.62362236031933 eV
Magnetic moment: -5.583911148431122e-16 Bohr magnetons
Energy: -15.62362236031933 eV
Magnetic moment: -5.583911148431122e-16 Bohr magnetons
Energy: -15.62362236031933 eV
Magnetic moment: -5.583911148431122e-16 Bohr magnetons
Energy: -15.62362236031933 eV
Magnetic moment: -5.583911148431122e-16 Bohr magnetons
Energy: -15.62362236031933 eV
Magnetic moment: -5.583911148431122e-16 Bohr magnetons
Energy: -15.62362236031933 eV
Magnetic moment: -5.583911148431122e-16 Bohr magnetons
Energy: -15.62362236031933 eV
Magnetic moment: -5.583911148431122e-16 Bohr magnetons
Calculating q=[0.44444444 0.11111111 0.        ]
Energy: -15.62362236031933 eV
Magnetic moment: -5.583911148431122e-16 Bohr magnetons
Calculating q=[0.44444444 0.11111111 0.        ]
Calculating q=[0.44444444 0.11111111 0.        ]
Calculating q=[0.44444444 0.11111111 0.        ]
Calculating q=[0.44444444 0.11111111 0.        ]
Calculating q=[0.44444444 0.11111111 0.        ]
Calculating q=[0.44444444 0.11111111 0.        ]
Calculating q=[0.44444444 0.11111111 0.        ]
Calculating q=[0.44444444 0.11111111 0.        ]
Calculating q=[0.44444444 0.11111111 0.        ]
Calculating q=[0.44444444 0.11111111 0.        ]
Calculating q=[0.44444444 0.11111111 0.        ]
Energy: -15.625050327629518 eV
Magnetic moment: -1.1954854876711994e-15 Bohr magnetons
Energy: -15.625050327629518 eV
Magnetic moment: -1.1954854876711994e-15 Bohr magnetons
Energy: -15.625050327629518 eV
Magnetic moment: -1.1954854876711994e-15 Bohr magnetons
Energy: -15.625050327629518 eV
Magnetic moment: -1.1954854876711994e-15 Bohr magnetons
Energy: -15.625050327629518 eV
Magnetic moment: -1.1954854876711994e-15 Bohr magnetons
Energy: -15.625050327629518 eV
Magnetic moment: -1.1954854876711994e-15 Bohr magnetons
Energy: -15.625050327629518 eV
Magnetic moment: -1.1954854876711994e-15 Bohr magnetons
Energy: -15.625050327629518 eV
Magnetic moment: -1.1954854876711994e-15 Bohr magnetons
Energy: -15.625050327629518 eV
Magnetic moment: -1.1954854876711994e-15 Bohr magnetons
Energy: -15.625050327629518 eV
Magnetic moment: -1.1954854876711994e-15 Bohr magnetons
Energy: -15.625050327629518 eV
Magnetic moment: -1.1954854876711994e-15 Bohr magnetons
Calculating q=[0.41666667 0.16666667 0.        ]
Calculating q=[0.41666667 0.16666667 0.        ]
Calculating q=[0.41666667 0.16666667 0.        ]
Calculating q=[0.41666667 0.16666667 0.        ]
Calculating q=[0.41666667 0.16666667 0.        ]
Energy: -15.625050327629518 eV
Magnetic moment: -1.1954854876711994e-15 Bohr magnetons
Calculating q=[0.41666667 0.16666667 0.        ]
Calculating q=[0.41666667 0.16666667 0.        ]
Calculating q=[0.41666667 0.16666667 0.        ]
Calculating q=[0.41666667 0.16666667 0.        ]
Calculating q=[0.41666667 0.16666667 0.        ]
Calculating q=[0.41666667 0.16666667 0.        ]
Calculating q=[0.41666667 0.16666667 0.        ]
Energy: -15.62694548781217 eV
Magnetic moment: -1.9387580191641975e-15 Bohr magnetons
Energy: -15.62694548781217 eV
Magnetic moment: -1.9387580191641975e-15 Bohr magnetons
Energy: -15.62694548781217 eV
Magnetic moment: -1.9387580191641975e-15 Bohr magnetons
Energy: -15.62694548781217 eV
Magnetic moment: -1.9387580191641975e-15 Bohr magnetons
Energy: -15.62694548781217 eV
Magnetic moment: -1.9387580191641975e-15 Bohr magnetons
Energy: -15.62694548781217 eV
Magnetic moment: -1.9387580191641975e-15 Bohr magnetons
Energy: -15.62694548781217 eV
Magnetic moment: -1.9387580191641975e-15 Bohr magnetons
Energy: -15.62694548781217 eV
Magnetic moment: -1.9387580191641975e-15 Bohr magnetons
Energy: -15.62694548781217 eV
Magnetic moment: -1.9387580191641975e-15 Bohr magnetons
Energy: -15.62694548781217 eV
Magnetic moment: -1.9387580191641975e-15 Bohr magnetons
Energy: -15.62694548781217 eV
Magnetic moment: -1.9387580191641975e-15 Bohr magnetons
Energy: -15.62694548781217 eV
Magnetic moment: -1.9387580191641975e-15 Bohr magnetons
Calculating q=[0.38888889 0.22222222 0.        ]
Calculating q=[0.38888889 0.22222222 0.        ]
Calculating q=[0.38888889 0.22222222 0.        ]
Calculating q=[0.38888889 0.22222222 0.        ]
Calculating q=[0.38888889 0.22222222 0.        ]
Calculating q=[0.38888889 0.22222222 0.        ]
Calculating q=[0.38888889 0.22222222 0.        ]
Calculating q=[0.38888889 0.22222222 0.        ]
Calculating q=[0.38888889 0.22222222 0.        ]
Calculating q=[0.38888889 0.22222222 0.        ]
Calculating q=[0.38888889 0.22222222 0.        ]
Calculating q=[0.38888889 0.22222222 0.        ]
Energy: -15.628790276661949 eV
Magnetic moment: -1.1446454270971479e-15 Bohr magnetons
Energy: -15.628790276661949 eV
Magnetic moment: -1.1446454270971479e-15 Bohr magnetons
Energy: -15.628790276661949 eV
Magnetic moment: -1.1446454270971479e-15 Bohr magnetons
Energy: -15.628790276661949 eV
Magnetic moment: -1.1446454270971479e-15 Bohr magnetons
Energy: -15.628790276661949 eV
Magnetic moment: -1.1446454270971479e-15 Bohr magnetons
Energy: -15.628790276661949 eV
Magnetic moment: -1.1446454270971479e-15 Bohr magnetons
Energy: -15.628790276661949 eV
Magnetic moment: -1.1446454270971479e-15 Bohr magnetons
Energy: -15.628790276661949 eV
Magnetic moment: -1.1446454270971479e-15 Bohr magnetons
Energy: -15.628790276661949 eV
Magnetic moment: -1.1446454270971479e-15 Bohr magnetons
Energy: -15.628790276661949 eV
Magnetic moment: -1.1446454270971479e-15 Bohr magnetons
Energy: -15.628790276661949 eV
Magnetic moment: -1.1446454270971479e-15 Bohr magnetons
Energy: -15.628790276661949 eV
Magnetic moment: -1.1446454270971479e-15 Bohr magnetons
Calculating q=[0.36111111 0.27777778 0.        ]
Calculating q=[0.36111111 0.27777778 0.        ]
Calculating q=[0.36111111 0.27777778 0.        ]
Calculating q=[0.36111111 0.27777778 0.        ]
Calculating q=[0.36111111 0.27777778 0.        ]
Calculating q=[0.36111111 0.27777778 0.        ]
Calculating q=[0.36111111 0.27777778 0.        ]
Calculating q=[0.36111111 0.27777778 0.        ]
Calculating q=[0.36111111 0.27777778 0.        ]
Calculating q=[0.36111111 0.27777778 0.        ]
Calculating q=[0.36111111 0.27777778 0.        ]
Calculating q=[0.36111111 0.27777778 0.        ]
Energy: -15.630103007788673 eV
Magnetic moment: 6.443167942013299e-15 Bohr magnetons
Energy: -15.630103007788673 eV
Magnetic moment: 6.443167942013299e-15 Bohr magnetons
Energy: -15.630103007788673 eV
Magnetic moment: 6.443167942013299e-15 Bohr magnetons
Energy: -15.630103007788673 eV
Magnetic moment: 6.443167942013299e-15 Bohr magnetons
Energy: -15.630103007788673 eV
Magnetic moment: 6.443167942013299e-15 Bohr magnetons
Energy: -15.630103007788673 eV
Magnetic moment: 6.443167942013299e-15 Bohr magnetons
Energy: -15.630103007788673 eV
Magnetic moment: 6.443167942013299e-15 Bohr magnetons
Energy: -15.630103007788673 eV
Magnetic moment: 6.443167942013299e-15 Bohr magnetons
Energy: -15.630103007788673 eV
Magnetic moment: 6.443167942013299e-15 Bohr magnetons
Energy: -15.630103007788673 eV
Magnetic moment: 6.443167942013299e-15 Bohr magnetons
Energy: -15.630103007788673 eV
Magnetic moment: 6.443167942013299e-15 Bohr magnetons
Calculating q=[0.33333333 0.33333333 0.        ]
Energy: -15.630103007788673 eV
Magnetic moment: 6.443167942013299e-15 Bohr magnetons
Calculating q=[0.33333333 0.33333333 0.        ]
Calculating q=[0.33333333 0.33333333 0.        ]
Calculating q=[0.33333333 0.33333333 0.        ]
Calculating q=[0.33333333 0.33333333 0.        ]
Calculating q=[0.33333333 0.33333333 0.        ]
Calculating q=[0.33333333 0.33333333 0.        ]
Calculating q=[0.33333333 0.33333333 0.        ]
Calculating q=[0.33333333 0.33333333 0.        ]
Calculating q=[0.33333333 0.33333333 0.        ]
Calculating q=[0.33333333 0.33333333 0.        ]
Calculating q=[0.33333333 0.33333333 0.        ]
Energy: -15.63057204915592 eV
Magnetic moment: 8.760630771956696e-15 Bohr magnetons
Energy: -15.63057204915592 eV
Magnetic moment: 8.760630771956696e-15 Bohr magnetons
Energy: -15.63057204915592 eV
Magnetic moment: 8.760630771956696e-15 Bohr magnetons
Energy: -15.63057204915592 eV
Magnetic moment: 8.760630771956696e-15 Bohr magnetons
Energy: -15.63057204915592 eV
Magnetic moment: 8.760630771956696e-15 Bohr magnetons
Energy: -15.63057204915592 eV
Magnetic moment: 8.760630771956696e-15 Bohr magnetons
Energy: -15.63057204915592 eV
Magnetic moment: 8.760630771956696e-15 Bohr magnetons
Energy: -15.63057204915592 eV
Magnetic moment: 8.760630771956696e-15 Bohr magnetons
Energy: -15.63057204915592 eV
Magnetic moment: 8.760630771956696e-15 Bohr magnetons
Energy: -15.63057204915592 eV
Magnetic moment: 8.760630771956696e-15 Bohr magnetons
Energy: -15.63057204915592 eV
Magnetic moment: 8.760630771956696e-15 Bohr magnetons
Calculating q=[0.30952381 0.30952381 0.        ]
Calculating q=[0.30952381 0.30952381 0.        ]
Energy: -15.63057204915592 eV
Magnetic moment: 8.760630771956696e-15 Bohr magnetons
Calculating q=[0.30952381 0.30952381 0.        ]
Calculating q=[0.30952381 0.30952381 0.        ]
Calculating q=[0.30952381 0.30952381 0.        ]
Calculating q=[0.30952381 0.30952381 0.        ]
Calculating q=[0.30952381 0.30952381 0.        ]
Calculating q=[0.30952381 0.30952381 0.        ]
Calculating q=[0.30952381 0.30952381 0.        ]
Calculating q=[0.30952381 0.30952381 0.        ]
Calculating q=[0.30952381 0.30952381 0.        ]
Calculating q=[0.30952381 0.30952381 0.        ]
Energy: -15.630197037746735 eV
Magnetic moment: 2.4692516375339444e-15 Bohr magnetons
Energy: -15.630197037746735 eV
Magnetic moment: 2.4692516375339444e-15 Bohr magnetons
Energy: -15.630197037746735 eV
Magnetic moment: 2.4692516375339444e-15 Bohr magnetons
Energy: -15.630197037746735 eV
Magnetic moment: 2.4692516375339444e-15 Bohr magnetons
Energy: -15.630197037746735 eV
Magnetic moment: 2.4692516375339444e-15 Bohr magnetons
Energy: -15.630197037746735 eV
Magnetic moment: 2.4692516375339444e-15 Bohr magnetons
Energy: -15.630197037746735 eV
Magnetic moment: 2.4692516375339444e-15 Bohr magnetons
Energy: -15.630197037746735 eV
Magnetic moment: 2.4692516375339444e-15 Bohr magnetons
Energy: -15.630197037746735 eV
Magnetic moment: 2.4692516375339444e-15 Bohr magnetons
Energy: -15.630197037746735 eV
Magnetic moment: 2.4692516375339444e-15 Bohr magnetons
Energy: -15.630197037746735 eV
Magnetic moment: 2.4692516375339444e-15 Bohr magnetons
Energy: -15.630197037746735 eV
Magnetic moment: 2.4692516375339444e-15 Bohr magnetons
Calculating q=[0.28571429 0.28571429 0.        ]
Calculating q=[0.28571429 0.28571429 0.        ]
Calculating q=[0.28571429 0.28571429 0.        ]
Calculating q=[0.28571429 0.28571429 0.        ]
Calculating q=[0.28571429 0.28571429 0.        ]
Calculating q=[0.28571429 0.28571429 0.        ]
Calculating q=[0.28571429 0.28571429 0.        ]
Calculating q=[0.28571429 0.28571429 0.        ]
Calculating q=[0.28571429 0.28571429 0.        ]
Calculating q=[0.28571429 0.28571429 0.        ]
Calculating q=[0.28571429 0.28571429 0.        ]
Calculating q=[0.28571429 0.28571429 0.        ]
Energy: -15.629052508612402 eV
Magnetic moment: 5.244655835131122e-15 Bohr magnetons
Energy: -15.629052508612402 eV
Magnetic moment: 5.244655835131122e-15 Bohr magnetons
Energy: -15.629052508612402 eV
Magnetic moment: 5.244655835131122e-15 Bohr magnetons
Energy: -15.629052508612402 eV
Magnetic moment: 5.244655835131122e-15 Bohr magnetons
Energy: -15.629052508612402 eV
Magnetic moment: 5.244655835131122e-15 Bohr magnetons
Energy: -15.629052508612402 eV
Magnetic moment: 5.244655835131122e-15 Bohr magnetons
Energy: -15.629052508612402 eV
Magnetic moment: 5.244655835131122e-15 Bohr magnetons
Energy: -15.629052508612402 eV
Magnetic moment: 5.244655835131122e-15 Bohr magnetons
Energy: -15.629052508612402 eV
Magnetic moment: 5.244655835131122e-15 Bohr magnetons
Energy: -15.629052508612402 eV
Magnetic moment: 5.244655835131122e-15 Bohr magnetons
Energy: -15.629052508612402 eV
Magnetic moment: 5.244655835131122e-15 Bohr magnetons
Calculating q=[0.26190476 0.26190476 0.        ]
Calculating q=[0.26190476 0.26190476 0.        ]
Calculating q=[0.26190476 0.26190476 0.        ]
Calculating q=[0.26190476 0.26190476 0.        ]
Energy: -15.629052508612402 eV
Magnetic moment: 5.244655835131122e-15 Bohr magnetons
Calculating q=[0.26190476 0.26190476 0.        ]
Calculating q=[0.26190476 0.26190476 0.        ]
Calculating q=[0.26190476 0.26190476 0.        ]
Calculating q=[0.26190476 0.26190476 0.        ]
Calculating q=[0.26190476 0.26190476 0.        ]
Calculating q=[0.26190476 0.26190476 0.        ]
Calculating q=[0.26190476 0.26190476 0.        ]
Calculating q=[0.26190476 0.26190476 0.        ]
Energy: -15.627124324171701 eV
Magnetic moment: -8.079077322672828e-17 Bohr magnetons
Energy: -15.627124324171701 eV
Magnetic moment: -8.079077322672828e-17 Bohr magnetons
Energy: -15.627124324171701 eV
Magnetic moment: -8.079077322672828e-17 Bohr magnetons
Energy: -15.627124324171701 eV
Magnetic moment: -8.079077322672828e-17 Bohr magnetons
Energy: -15.627124324171701 eV
Magnetic moment: -8.079077322672828e-17 Bohr magnetons
Energy: -15.627124324171701 eV
Magnetic moment: -8.079077322672828e-17 Bohr magnetons
Energy: -15.627124324171701 eV
Magnetic moment: -8.079077322672828e-17 Bohr magnetons
Energy: -15.627124324171701 eV
Magnetic moment: -8.079077322672828e-17 Bohr magnetons
Energy: -15.627124324171701 eV
Magnetic moment: -8.079077322672828e-17 Bohr magnetons
Energy: -15.627124324171701 eV
Magnetic moment: -8.079077322672828e-17 Bohr magnetons
Energy: -15.627124324171701 eV
Magnetic moment: -8.079077322672828e-17 Bohr magnetons
Calculating q=[0.23809524 0.23809524 0.        ]
Energy: -15.627124324171701 eV
Magnetic moment: -8.079077322672828e-17 Bohr magnetons
Calculating q=[0.23809524 0.23809524 0.        ]
Calculating q=[0.23809524 0.23809524 0.        ]
Calculating q=[0.23809524 0.23809524 0.        ]
Calculating q=[0.23809524 0.23809524 0.        ]
Calculating q=[0.23809524 0.23809524 0.        ]
Calculating q=[0.23809524 0.23809524 0.        ]
Calculating q=[0.23809524 0.23809524 0.        ]
Calculating q=[0.23809524 0.23809524 0.        ]
Calculating q=[0.23809524 0.23809524 0.        ]
Calculating q=[0.23809524 0.23809524 0.        ]
Calculating q=[0.23809524 0.23809524 0.        ]
Energy: -15.624430044075664 eV
Magnetic moment: -2.900746741136714e-15 Bohr magnetons
Energy: -15.624430044075664 eV
Magnetic moment: -2.900746741136714e-15 Bohr magnetons
Energy: -15.624430044075664 eV
Magnetic moment: -2.900746741136714e-15 Bohr magnetons
Energy: -15.624430044075664 eV
Magnetic moment: -2.900746741136714e-15 Bohr magnetons
Energy: -15.624430044075664 eV
Magnetic moment: -2.900746741136714e-15 Bohr magnetons
Energy: -15.624430044075664 eV
Magnetic moment: -2.900746741136714e-15 Bohr magnetons
Energy: -15.624430044075664 eV
Magnetic moment: -2.900746741136714e-15 Bohr magnetons
Energy: -15.624430044075664 eV
Magnetic moment: -2.900746741136714e-15 Bohr magnetons
Energy: -15.624430044075664 eV
Magnetic moment: -2.900746741136714e-15 Bohr magnetons
Energy: -15.624430044075664 eV
Magnetic moment: -2.900746741136714e-15 Bohr magnetons
Energy: -15.624430044075664 eV
Magnetic moment: -2.900746741136714e-15 Bohr magnetons
Energy: -15.624430044075664 eV
Magnetic moment: -2.900746741136714e-15 Bohr magnetons
Calculating q=[0.21428571 0.21428571 0.        ]
Calculating q=[0.21428571 0.21428571 0.        ]
Calculating q=[0.21428571 0.21428571 0.        ]
Calculating q=[0.21428571 0.21428571 0.        ]
Calculating q=[0.21428571 0.21428571 0.        ]
Calculating q=[0.21428571 0.21428571 0.        ]
Calculating q=[0.21428571 0.21428571 0.        ]
Calculating q=[0.21428571 0.21428571 0.        ]
Calculating q=[0.21428571 0.21428571 0.        ]
Calculating q=[0.21428571 0.21428571 0.        ]
Calculating q=[0.21428571 0.21428571 0.        ]
Calculating q=[0.21428571 0.21428571 0.        ]
Energy: -15.62099410739614 eV
Magnetic moment: 2.020554813432792e-15 Bohr magnetons
Calculating q=[0.19047619 0.19047619 0.        ]
Energy: -15.62099410739614 eV
Magnetic moment: 2.020554813432792e-15 Bohr magnetons
Calculating q=[0.19047619 0.19047619 0.        ]
Energy: -15.62099410739614 eV
Magnetic moment: 2.020554813432792e-15 Bohr magnetons
Calculating q=[0.19047619 0.19047619 0.        ]
Energy: -15.62099410739614 eV
Magnetic moment: 2.020554813432792e-15 Bohr magnetons
Calculating q=[0.19047619 0.19047619 0.        ]
Energy: -15.62099410739614 eV
Magnetic moment: 2.020554813432792e-15 Bohr magnetons
Calculating q=[0.19047619 0.19047619 0.        ]
Energy: -15.62099410739614 eV
Magnetic moment: 2.020554813432792e-15 Bohr magnetons
Calculating q=[0.19047619 0.19047619 0.        ]
Energy: -15.62099410739614 eV
Magnetic moment: 2.020554813432792e-15 Bohr magnetons
Calculating q=[0.19047619 0.19047619 0.        ]
Energy: -15.62099410739614 eV
Magnetic moment: 2.020554813432792e-15 Bohr magnetons
Calculating q=[0.19047619 0.19047619 0.        ]
Energy: -15.62099410739614 eV
Magnetic moment: 2.020554813432792e-15 Bohr magnetons
Calculating q=[0.19047619 0.19047619 0.        ]
Energy: -15.62099410739614 eV
Magnetic moment: 2.020554813432792e-15 Bohr magnetons
Calculating q=[0.19047619 0.19047619 0.        ]
Energy: -15.62099410739614 eV
Magnetic moment: 2.020554813432792e-15 Bohr magnetons
Calculating q=[0.19047619 0.19047619 0.        ]
Energy: -15.62099410739614 eV
Magnetic moment: 2.020554813432792e-15 Bohr magnetons
Calculating q=[0.19047619 0.19047619 0.        ]
Energy: -15.61684555659707 eV
Magnetic moment: 2.6079795290057493e-16 Bohr magnetons
Energy: -15.61684555659707 eV
Magnetic moment: 2.6079795290057493e-16 Bohr magnetons
Energy: -15.61684555659707 eV
Magnetic moment: 2.6079795290057493e-16 Bohr magnetons
Energy: -15.61684555659707 eV
Magnetic moment: 2.6079795290057493e-16 Bohr magnetons
Energy: -15.61684555659707 eV
Magnetic moment: 2.6079795290057493e-16 Bohr magnetons
Energy: -15.61684555659707 eV
Magnetic moment: 2.6079795290057493e-16 Bohr magnetons
Energy: -15.61684555659707 eV
Magnetic moment: 2.6079795290057493e-16 Bohr magnetons
Energy: -15.61684555659707 eV
Magnetic moment: 2.6079795290057493e-16 Bohr magnetons
Energy: -15.61684555659707 eV
Magnetic moment: 2.6079795290057493e-16 Bohr magnetons
Energy: -15.61684555659707 eV
Magnetic moment: 2.6079795290057493e-16 Bohr magnetons
Energy: -15.61684555659707 eV
Magnetic moment: 2.6079795290057493e-16 Bohr magnetons
Energy: -15.61684555659707 eV
Magnetic moment: 2.6079795290057493e-16 Bohr magnetons
Calculating q=[0.16666667 0.16666667 0.        ]
Calculating q=[0.16666667 0.16666667 0.        ]
Calculating q=[0.16666667 0.16666667 0.        ]
Calculating q=[0.16666667 0.16666667 0.        ]
Calculating q=[0.16666667 0.16666667 0.        ]
Calculating q=[0.16666667 0.16666667 0.        ]
Calculating q=[0.16666667 0.16666667 0.        ]
Calculating q=[0.16666667 0.16666667 0.        ]
Calculating q=[0.16666667 0.16666667 0.        ]
Calculating q=[0.16666667 0.16666667 0.        ]
Calculating q=[0.16666667 0.16666667 0.        ]
Calculating q=[0.16666667 0.16666667 0.        ]
Energy: -15.612072060805723 eV
Magnetic moment: 1.829161143537646e-15 Bohr magnetons
Energy: -15.612072060805723 eV
Magnetic moment: 1.829161143537646e-15 Bohr magnetons
Energy: -15.612072060805723 eV
Magnetic moment: 1.829161143537646e-15 Bohr magnetons
Energy: -15.612072060805723 eV
Magnetic moment: 1.829161143537646e-15 Bohr magnetons
Energy: -15.612072060805723 eV
Magnetic moment: 1.829161143537646e-15 Bohr magnetons
Energy: -15.612072060805723 eV
Magnetic moment: 1.829161143537646e-15 Bohr magnetons
Energy: -15.612072060805723 eV
Magnetic moment: 1.829161143537646e-15 Bohr magnetons
Energy: -15.612072060805723 eV
Magnetic moment: 1.829161143537646e-15 Bohr magnetons
Energy: -15.612072060805723 eV
Magnetic moment: 1.829161143537646e-15 Bohr magnetons
Energy: -15.612072060805723 eV
Magnetic moment: 1.829161143537646e-15 Bohr magnetons
Energy: -15.612072060805723 eV
Magnetic moment: 1.829161143537646e-15 Bohr magnetons
Energy: -15.612072060805723 eV
Magnetic moment: 1.829161143537646e-15 Bohr magnetons
Calculating q=[0.14285714 0.14285714 0.        ]
Calculating q=[0.14285714 0.14285714 0.        ]
Calculating q=[0.14285714 0.14285714 0.        ]
Calculating q=[0.14285714 0.14285714 0.        ]
Calculating q=[0.14285714 0.14285714 0.        ]
Calculating q=[0.14285714 0.14285714 0.        ]
Calculating q=[0.14285714 0.14285714 0.        ]
Calculating q=[0.14285714 0.14285714 0.        ]
Calculating q=[0.14285714 0.14285714 0.        ]
Calculating q=[0.14285714 0.14285714 0.        ]
Calculating q=[0.14285714 0.14285714 0.        ]
Calculating q=[0.14285714 0.14285714 0.        ]
Energy: -15.606812481236524 eV
Magnetic moment: 4.458681355779512e-15 Bohr magnetons
Energy: -15.606812481236524 eV
Magnetic moment: 4.458681355779512e-15 Bohr magnetons
Energy: -15.606812481236524 eV
Magnetic moment: 4.458681355779512e-15 Bohr magnetons
Energy: -15.606812481236524 eV
Magnetic moment: 4.458681355779512e-15 Bohr magnetons
Energy: -15.606812481236524 eV
Magnetic moment: 4.458681355779512e-15 Bohr magnetons
Energy: -15.606812481236524 eV
Magnetic moment: 4.458681355779512e-15 Bohr magnetons
Energy: -15.606812481236524 eV
Magnetic moment: 4.458681355779512e-15 Bohr magnetons
Energy: -15.606812481236524 eV
Magnetic moment: 4.458681355779512e-15 Bohr magnetons
Energy: -15.606812481236524 eV
Magnetic moment: 4.458681355779512e-15 Bohr magnetons
Energy: -15.606812481236524 eV
Magnetic moment: 4.458681355779512e-15 Bohr magnetons
Energy: -15.606812481236524 eV
Magnetic moment: 4.458681355779512e-15 Bohr magnetons
Energy: -15.606812481236524 eV
Magnetic moment: 4.458681355779512e-15 Bohr magnetons
Calculating q=[0.11904762 0.11904762 0.        ]
Calculating q=[0.11904762 0.11904762 0.        ]
Calculating q=[0.11904762 0.11904762 0.        ]
Calculating q=[0.11904762 0.11904762 0.        ]
Calculating q=[0.11904762 0.11904762 0.        ]
Calculating q=[0.11904762 0.11904762 0.        ]
Calculating q=[0.11904762 0.11904762 0.        ]
Calculating q=[0.11904762 0.11904762 0.        ]
Calculating q=[0.11904762 0.11904762 0.        ]
Calculating q=[0.11904762 0.11904762 0.        ]
Calculating q=[0.11904762 0.11904762 0.        ]
Calculating q=[0.11904762 0.11904762 0.        ]
Energy: -15.601322268470723 eV
Magnetic moment: 6.203452482599102e-16 Bohr magnetons
Energy: -15.601322268470723 eV
Magnetic moment: 6.203452482599102e-16 Bohr magnetons
Energy: -15.601322268470723 eV
Magnetic moment: 6.203452482599102e-16 Bohr magnetons
Energy: -15.601322268470723 eV
Magnetic moment: 6.203452482599102e-16 Bohr magnetons
Energy: -15.601322268470723 eV
Magnetic moment: 6.203452482599102e-16 Bohr magnetons
Energy: -15.601322268470723 eV
Magnetic moment: 6.203452482599102e-16 Bohr magnetons
Energy: -15.601322268470723 eV
Magnetic moment: 6.203452482599102e-16 Bohr magnetons
Energy: -15.601322268470723 eV
Magnetic moment: 6.203452482599102e-16 Bohr magnetons
Energy: -15.601322268470723 eV
Magnetic moment: 6.203452482599102e-16 Bohr magnetons
Energy: -15.601322268470723 eV
Magnetic moment: 6.203452482599102e-16 Bohr magnetons
Energy: -15.601322268470723 eV
Magnetic moment: 6.203452482599102e-16 Bohr magnetons
Energy: -15.601322268470723 eV
Magnetic moment: 6.203452482599102e-16 Bohr magnetons
Calculating q=[0.0952381 0.0952381 0.       ]
Calculating q=[0.0952381 0.0952381 0.       ]
Calculating q=[0.0952381 0.0952381 0.       ]
Calculating q=[0.0952381 0.0952381 0.       ]
Calculating q=[0.0952381 0.0952381 0.       ]
Calculating q=[0.0952381 0.0952381 0.       ]
Calculating q=[0.0952381 0.0952381 0.       ]
Calculating q=[0.0952381 0.0952381 0.       ]
Calculating q=[0.0952381 0.0952381 0.       ]
Calculating q=[0.0952381 0.0952381 0.       ]
Calculating q=[0.0952381 0.0952381 0.       ]
Calculating q=[0.0952381 0.0952381 0.       ]
Energy: -15.595921697769942 eV
Magnetic moment: -5.558162085156769e-15 Bohr magnetons
Energy: -15.595921697769942 eV
Magnetic moment: -5.558162085156769e-15 Bohr magnetons
Energy: -15.595921697769942 eV
Magnetic moment: -5.558162085156769e-15 Bohr magnetons
Energy: -15.595921697769942 eV
Magnetic moment: -5.558162085156769e-15 Bohr magnetons
Energy: -15.595921697769942 eV
Magnetic moment: -5.558162085156769e-15 Bohr magnetons
Energy: -15.595921697769942 eV
Magnetic moment: -5.558162085156769e-15 Bohr magnetons
Energy: -15.595921697769942 eV
Magnetic moment: -5.558162085156769e-15 Bohr magnetons
Energy: -15.595921697769942 eV
Magnetic moment: -5.558162085156769e-15 Bohr magnetons
Energy: -15.595921697769942 eV
Magnetic moment: -5.558162085156769e-15 Bohr magnetons
Energy: -15.595921697769942 eV
Magnetic moment: -5.558162085156769e-15 Bohr magnetons
Energy: -15.595921697769942 eV
Magnetic moment: -5.558162085156769e-15 Bohr magnetons
Calculating q=[0.07142857 0.07142857 0.        ]
Calculating q=[0.07142857 0.07142857 0.        ]
Calculating q=[0.07142857 0.07142857 0.        ]
Calculating q=[0.07142857 0.07142857 0.        ]
Calculating q=[0.07142857 0.07142857 0.        ]
Calculating q=[0.07142857 0.07142857 0.        ]
Calculating q=[0.07142857 0.07142857 0.        ]
Calculating q=[0.07142857 0.07142857 0.        ]
Energy: -15.595921697769942 eV
Magnetic moment: -5.558162085156769e-15 Bohr magnetons
Calculating q=[0.07142857 0.07142857 0.        ]
Calculating q=[0.07142857 0.07142857 0.        ]
Calculating q=[0.07142857 0.07142857 0.        ]
Calculating q=[0.07142857 0.07142857 0.        ]
Energy: -15.591030651297208 eV
Magnetic moment: -1.899980927942738e-15 Bohr magnetons
Energy: -15.591030651297208 eV
Magnetic moment: -1.899980927942738e-15 Bohr magnetons
Energy: -15.591030651297208 eV
Magnetic moment: -1.899980927942738e-15 Bohr magnetons
Energy: -15.591030651297208 eV
Magnetic moment: -1.899980927942738e-15 Bohr magnetons
Energy: -15.591030651297208 eV
Magnetic moment: -1.899980927942738e-15 Bohr magnetons
Energy: -15.591030651297208 eV
Magnetic moment: -1.899980927942738e-15 Bohr magnetons
Energy: -15.591030651297208 eV
Magnetic moment: -1.899980927942738e-15 Bohr magnetons
Energy: -15.591030651297208 eV
Magnetic moment: -1.899980927942738e-15 Bohr magnetons
Energy: -15.591030651297208 eV
Magnetic moment: -1.899980927942738e-15 Bohr magnetons
Energy: -15.591030651297208 eV
Magnetic moment: -1.899980927942738e-15 Bohr magnetons
Energy: -15.591030651297208 eV
Magnetic moment: -1.899980927942738e-15 Bohr magnetons
Calculating q=[0.04761905 0.04761905 0.        ]
Energy: -15.591030651297208 eV
Magnetic moment: -1.899980927942738e-15 Bohr magnetons
Calculating q=[0.04761905 0.04761905 0.        ]
Calculating q=[0.04761905 0.04761905 0.        ]
Calculating q=[0.04761905 0.04761905 0.        ]
Calculating q=[0.04761905 0.04761905 0.        ]
Calculating q=[0.04761905 0.04761905 0.        ]
Calculating q=[0.04761905 0.04761905 0.        ]
Calculating q=[0.04761905 0.04761905 0.        ]
Calculating q=[0.04761905 0.04761905 0.        ]
Calculating q=[0.04761905 0.04761905 0.        ]
Calculating q=[0.04761905 0.04761905 0.        ]
Calculating q=[0.04761905 0.04761905 0.        ]
Energy: -15.587098989093002 eV
Magnetic moment: 7.84099256436614e-16 Bohr magnetons
Energy: -15.587098989093002 eV
Magnetic moment: 7.84099256436614e-16 Bohr magnetons
Energy: -15.587098989093002 eV
Magnetic moment: 7.84099256436614e-16 Bohr magnetons
Energy: -15.587098989093002 eV
Magnetic moment: 7.84099256436614e-16 Bohr magnetons
Energy: -15.587098989093002 eV
Magnetic moment: 7.84099256436614e-16 Bohr magnetons
Energy: -15.587098989093002 eV
Magnetic moment: 7.84099256436614e-16 Bohr magnetons
Energy: -15.587098989093002 eV
Magnetic moment: 7.84099256436614e-16 Bohr magnetons
Energy: -15.587098989093002 eV
Magnetic moment: 7.84099256436614e-16 Bohr magnetons
Energy: -15.587098989093002 eV
Magnetic moment: 7.84099256436614e-16 Bohr magnetons
Energy: -15.587098989093002 eV
Magnetic moment: 7.84099256436614e-16 Bohr magnetons
Energy: -15.587098989093002 eV
Magnetic moment: 7.84099256436614e-16 Bohr magnetons
Energy: -15.587098989093002 eV
Magnetic moment: 7.84099256436614e-16 Bohr magnetons
Calculating q=[0.02380952 0.02380952 0.        ]
Calculating q=[0.02380952 0.02380952 0.        ]
Calculating q=[0.02380952 0.02380952 0.        ]
Calculating q=[0.02380952 0.02380952 0.        ]
Calculating q=[0.02380952 0.02380952 0.        ]
Calculating q=[0.02380952 0.02380952 0.        ]
Calculating q=[0.02380952 0.02380952 0.        ]
Calculating q=[0.02380952 0.02380952 0.        ]
Calculating q=[0.02380952 0.02380952 0.        ]
Calculating q=[0.02380952 0.02380952 0.        ]
Calculating q=[0.02380952 0.02380952 0.        ]
Calculating q=[0.02380952 0.02380952 0.        ]
Energy: -15.584530375603633 eV
Magnetic moment: -6.611695457791206e-15 Bohr magnetons
Energy: -15.584530375603633 eV
Magnetic moment: -6.611695457791206e-15 Bohr magnetons
Energy: -15.584530375603633 eV
Magnetic moment: -6.611695457791206e-15 Bohr magnetons
Energy: -15.584530375603633 eV
Magnetic moment: -6.611695457791206e-15 Bohr magnetons
Energy: -15.584530375603633 eV
Magnetic moment: -6.611695457791206e-15 Bohr magnetons
Energy: -15.584530375603633 eV
Magnetic moment: -6.611695457791206e-15 Bohr magnetons
Energy: -15.584530375603633 eV
Magnetic moment: -6.611695457791206e-15 Bohr magnetons
Energy: -15.584530375603633 eV
Magnetic moment: -6.611695457791206e-15 Bohr magnetons
Energy: -15.584530375603633 eV
Magnetic moment: -6.611695457791206e-15 Bohr magnetons
Energy: -15.584530375603633 eV
Magnetic moment: -6.611695457791206e-15 Bohr magnetons
Energy: -15.584530375603633 eV
Magnetic moment: -6.611695457791206e-15 Bohr magnetons
Energy: -15.584530375603633 eV
Magnetic moment: -6.611695457791206e-15 Bohr magnetons
Calculating q=[0. 0. 0.]
Calculating q=[0. 0. 0.]
Calculating q=[0. 0. 0.]
Calculating q=[0. 0. 0.]
Calculating q=[0. 0. 0.]
Calculating q=[0. 0. 0.]
Calculating q=[0. 0. 0.]
Calculating q=[0. 0. 0.]
Calculating q=[0. 0. 0.]
Calculating q=[0. 0. 0.]
Calculating q=[0. 0. 0.]
Calculating q=[0. 0. 0.]
Energy: -15.583660139914617 eV
Magnetic moment: -9.577695624561585e-14 Bohr magnetons
Energy: -15.583660139914617 eV
Magnetic moment: -9.577695624561585e-14 Bohr magnetons
Energy: -15.583660139914617 eV
Magnetic moment: -9.577695624561585e-14 Bohr magnetons
Energy: -15.583660139914617 eV
Magnetic moment: -9.577695624561585e-14 Bohr magnetons
Energy: -15.583660139914617 eV
Magnetic moment: -9.577695624561585e-14 Bohr magnetons
Energy: -15.583660139914617 eV
Magnetic moment: -9.577695624561585e-14 Bohr magnetons
Energy: -15.583660139914617 eV
Magnetic moment: -9.577695624561585e-14 Bohr magnetons
Energy: -15.583660139914617 eV
Magnetic moment: -9.577695624561585e-14 Bohr magnetons
Energy: -15.583660139914617 eV
Magnetic moment: -9.577695624561585e-14 Bohr magnetons
Energy: -15.583660139914617 eV
Magnetic moment: -9.577695624561585e-14 Bohr magnetons
Energy: -15.583660139914617 eV
Magnetic moment: -9.577695624561585e-14 Bohr magnetons
Energy: -15.583660139914617 eV
Magnetic moment: -9.577695624561585e-14 Bohr magnetons

------------------------------------------------------------
Sender: LSF System <lsfadmin@hpc.dtu.dk>
Subject: Job 21540950: <plot_2.py> in cluster <dcc> Done

Job <plot_2.py> was submitted from host <n-62-27-22> by user <s194113> in cluster <dcc> at Mon Apr 22 12:40:18 2024
Job was executed on host(s) <12*n-62-29-17>, in queue <hpc>, as user <s194113> in cluster <dcc> at Tue Apr 23 08:32:30 2024
</zhome/87/8/147075> was used as the home directory.
</zhome/87/8/147075/10302/10302_NM/VBr2/V_con> was used as the working directory.
Started at Tue Apr 23 08:32:30 2024
Terminated at Tue Apr 23 10:07:20 2024
Results reported at Tue Apr 23 10:07:20 2024

Your job looked like:

------------------------------------------------------------
# LSBATCH: User input
#!/bin/bash -l
id=$LSB_JOBID
mq=/zhome/87/8/147075/.myqueue/lsf-$id
source /zhome/87/8/147075/venv-name/bin/activate
echo "venv: /zhome/87/8/147075/venv-name/bin/activate"
(touch $mq-0 && \
 cd '/zhome/87/8/147075/10302/10302_NM/VBr2/V_con' && \
 mpiexec python3 plot_2.py && \
 touch $mq-1) || \
(touch $mq-2; exit 1)

------------------------------------------------------------

Successfully completed.

Resource usage summary:

    CPU time :                                   68186.39 sec.
    Max Memory :                                 6447 MB
    Average Memory :                             4496.40 MB
    Total Requested Memory :                     73728.00 MB
    Delta Memory :                               67281.00 MB
    Max Swap :                                   -
    Max Processes :                              17
    Max Threads :                                57
    Run time :                                   5691 sec.
    Turnaround time :                            77222 sec.

The output (if any) is above this job summary.



PS:

Read file </zhome/87/8/147075/10302/10302_NM/VBr2/V_con/plot_2.py.21540950.err> for stderr output of this job.

