venv: /zhome/87/8/147075/venv-name/bin/activate
[1713857843.444066] [n-62-29-10:4743 :0]          ib_md.c:1063 UCX  WARN  IB: ibv_fork_init() was disabled or failed, yet a fork() has been issued.
[1713857843.444122] [n-62-29-10:4743 :0]          ib_md.c:1064 UCX  WARN  IB: data corruption might occur when using registered memory.
[1713857843.450237] [n-62-29-10:4738 :0]          ib_md.c:1063 UCX  WARN  IB: ibv_fork_init() was disabled or failed, yet a fork() has been issued.
[1713857843.450270] [n-62-29-10:4738 :0]          ib_md.c:1064 UCX  WARN  IB: data corruption might occur when using registered memory.
[1713857843.451608] [n-62-29-10:4740 :0]          ib_md.c:1063 UCX  WARN  IB: ibv_fork_init() was disabled or failed, yet a fork() has been issued.
[1713857843.451656] [n-62-29-10:4740 :0]          ib_md.c:1064 UCX  WARN  IB: data corruption might occur when using registered memory.
[1713857843.455531] [n-62-29-10:4741 :0]          ib_md.c:1063 UCX  WARN  IB: ibv_fork_init() was disabled or failed, yet a fork() has been issued.
[1713857843.455562] [n-62-29-10:4741 :0]          ib_md.c:1064 UCX  WARN  IB: data corruption might occur when using registered memory.
[1713857843.464986] [n-62-29-10:4737 :0]          ib_md.c:1063 UCX  WARN  IB: ibv_fork_init() was disabled or failed, yet a fork() has been issued.
[1713857843.465015] [n-62-29-10:4737 :0]          ib_md.c:1064 UCX  WARN  IB: data corruption might occur when using registered memory.
[1713857843.465312] [n-62-29-10:4742 :0]          ib_md.c:1063 UCX  WARN  IB: ibv_fork_init() was disabled or failed, yet a fork() has been issued.
[1713857843.465430] [n-62-29-10:4739 :0]          ib_md.c:1063 UCX  WARN  IB: ibv_fork_init() was disabled or failed, yet a fork() has been issued.
[1713857843.465481] [n-62-29-10:4739 :0]          ib_md.c:1064 UCX  WARN  IB: data corruption might occur when using registered memory.
[1713857843.465462] [n-62-29-10:4742 :0]          ib_md.c:1064 UCX  WARN  IB: data corruption might occur when using registered memory.
[1713857843.469285] [n-62-29-10:4745 :0]          ib_md.c:1063 UCX  WARN  IB: ibv_fork_init() was disabled or failed, yet a fork() has been issued.
[1713857843.469320] [n-62-29-10:4745 :0]          ib_md.c:1064 UCX  WARN  IB: data corruption might occur when using registered memory.
[1713857843.471050] [n-62-29-10:4736 :0]          ib_md.c:1063 UCX  WARN  IB: ibv_fork_init() was disabled or failed, yet a fork() has been issued.
[1713857843.471083] [n-62-29-10:4736 :0]          ib_md.c:1064 UCX  WARN  IB: data corruption might occur when using registered memory.
[1713857843.471026] [n-62-29-10:4746 :0]          ib_md.c:1063 UCX  WARN  IB: ibv_fork_init() was disabled or failed, yet a fork() has been issued.
[1713857843.471062] [n-62-29-10:4746 :0]          ib_md.c:1064 UCX  WARN  IB: data corruption might occur when using registered memory.
[1713857843.472571] [n-62-29-10:4744 :0]          ib_md.c:1063 UCX  WARN  IB: ibv_fork_init() was disabled or failed, yet a fork() has been issued.
[1713857843.472600] [n-62-29-10:4744 :0]          ib_md.c:1064 UCX  WARN  IB: data corruption might occur when using registered memory.
[1713857843.473314] [n-62-29-10:4735 :0]          ib_md.c:1063 UCX  WARN  IB: ibv_fork_init() was disabled or failed, yet a fork() has been issued.
[1713857843.473510] [n-62-29-10:4735 :0]          ib_md.c:1064 UCX  WARN  IB: data corruption might occur when using registered memory.
Calculating ground state
31 q-points in the path
=====================================
Calculating ground state
31 q-points in the path
=====================================
Calculating q=[0. 0. 0.]
Calculating q=[0. 0. 0.]
Calculating ground state
31 q-points in the path
Calculating ground state
=====================================
31 q-points in the path
=====================================
Calculating q=[0. 0. 0.]
Calculating q=[0. 0. 0.]
Calculating ground state
31 q-points in the path
=====================================
Calculating ground state
31 q-points in the path
=====================================
Calculating q=[0. 0. 0.]
Calculating q=[0. 0. 0.]
Calculating ground state
31 q-points in the path
Calculating ground state
31 q-points in the path
=====================================
=====================================
Calculating ground state
31 q-points in the path
Calculating ground state
=====================================
Calculating q=[0. 0. 0.]
Calculating q=[0. 0. 0.]
31 q-points in the path
=====================================
Calculating ground state
31 q-points in the path
Calculating q=[0. 0. 0.]
=====================================
Calculating q=[0. 0. 0.]
Calculating q=[0. 0. 0.]
Calculating ground state
31 q-points in the path
=====================================
Calculating q=[0. 0. 0.]
Energy: -15.53540811043039 eV
Magnetic moment: -1.3674314905280992e-11 Bohr magnetons
Energy: -15.53540811043039 eV
Magnetic moment: -1.3674314905280992e-11 Bohr magnetons
Energy: -15.53540811043039 eV
Magnetic moment: -1.3674314905280992e-11 Bohr magnetons
Energy: -15.53540811043039 eV
Magnetic moment: -1.3674314905280992e-11 Bohr magnetons
Energy: -15.53540811043039 eV
Magnetic moment: -1.3674314905280992e-11 Bohr magnetons
Energy: -15.53540811043039 eV
Magnetic moment: -1.3674314905280992e-11 Bohr magnetons
Energy: -15.53540811043039 eV
Magnetic moment: -1.3674314905280992e-11 Bohr magnetons
Energy: -15.53540811043039 eV
Magnetic moment: -1.3674314905280992e-11 Bohr magnetons
Energy: -15.53540811043039 eV
Magnetic moment: -1.3674314905280992e-11 Bohr magnetons
Energy: -15.53540811043039 eV
Magnetic moment: -1.3674314905280992e-11 Bohr magnetons
Energy: -15.53540811043039 eV
Magnetic moment: -1.3674314905280992e-11 Bohr magnetons
Energy: -15.53540811043039 eV
Magnetic moment: -1.3674314905280992e-11 Bohr magnetons
Calculating q=[0.05 0.   0.  ]
Calculating q=[0.05 0.   0.  ]
Calculating q=[0.05 0.   0.  ]
Calculating q=[0.05 0.   0.  ]
Calculating q=[0.05 0.   0.  ]
Calculating q=[0.05 0.   0.  ]
Calculating q=[0.05 0.   0.  ]
Calculating q=[0.05 0.   0.  ]
Calculating q=[0.05 0.   0.  ]
Calculating q=[0.05 0.   0.  ]
Calculating q=[0.05 0.   0.  ]
Calculating q=[0.05 0.   0.  ]
Energy: -15.53678199015409 eV
Magnetic moment: 1.892346478266792e-17 Bohr magnetons
Energy: -15.53678199015409 eV
Magnetic moment: 1.892346478266792e-17 Bohr magnetons
Energy: -15.53678199015409 eV
Magnetic moment: 1.892346478266792e-17 Bohr magnetons
Energy: -15.53678199015409 eV
Magnetic moment: 1.892346478266792e-17 Bohr magnetons
Energy: -15.53678199015409 eV
Magnetic moment: 1.892346478266792e-17 Bohr magnetons
Energy: -15.53678199015409 eV
Magnetic moment: 1.892346478266792e-17 Bohr magnetons
Energy: -15.53678199015409 eV
Magnetic moment: 1.892346478266792e-17 Bohr magnetons
Energy: -15.53678199015409 eV
Magnetic moment: 1.892346478266792e-17 Bohr magnetons
Energy: -15.53678199015409 eV
Magnetic moment: 1.892346478266792e-17 Bohr magnetons
Energy: -15.53678199015409 eV
Magnetic moment: 1.892346478266792e-17 Bohr magnetons
Energy: -15.53678199015409 eV
Magnetic moment: 1.892346478266792e-17 Bohr magnetons
Energy: -15.53678199015409 eV
Magnetic moment: 1.892346478266792e-17 Bohr magnetons
Calculating q=[0.1 0.  0. ]
Calculating q=[0.1 0.  0. ]
Calculating q=[0.1 0.  0. ]
Calculating q=[0.1 0.  0. ]
Calculating q=[0.1 0.  0. ]
Calculating q=[0.1 0.  0. ]
Calculating q=[0.1 0.  0. ]
Calculating q=[0.1 0.  0. ]
Calculating q=[0.1 0.  0. ]
Calculating q=[0.1 0.  0. ]
Calculating q=[0.1 0.  0. ]
Calculating q=[0.1 0.  0. ]
Energy: -15.54068208487567 eV
Magnetic moment: -1.2966420216242513e-15 Bohr magnetons
Energy: -15.54068208487567 eV
Magnetic moment: -1.2966420216242513e-15 Bohr magnetons
Energy: -15.54068208487567 eV
Magnetic moment: -1.2966420216242513e-15 Bohr magnetons
Energy: -15.54068208487567 eV
Magnetic moment: -1.2966420216242513e-15 Bohr magnetons
Energy: -15.54068208487567 eV
Magnetic moment: -1.2966420216242513e-15 Bohr magnetons
Energy: -15.54068208487567 eV
Magnetic moment: -1.2966420216242513e-15 Bohr magnetons
Energy: -15.54068208487567 eV
Magnetic moment: -1.2966420216242513e-15 Bohr magnetons
Energy: -15.54068208487567 eV
Magnetic moment: -1.2966420216242513e-15 Bohr magnetons
Energy: -15.54068208487567 eV
Magnetic moment: -1.2966420216242513e-15 Bohr magnetons
Energy: -15.54068208487567 eV
Magnetic moment: -1.2966420216242513e-15 Bohr magnetons
Energy: -15.54068208487567 eV
Magnetic moment: -1.2966420216242513e-15 Bohr magnetons
Energy: -15.54068208487567 eV
Magnetic moment: -1.2966420216242513e-15 Bohr magnetons
Calculating q=[0.15 0.   0.  ]
Calculating q=[0.15 0.   0.  ]
Calculating q=[0.15 0.   0.  ]
Calculating q=[0.15 0.   0.  ]
Calculating q=[0.15 0.   0.  ]
Calculating q=[0.15 0.   0.  ]
Calculating q=[0.15 0.   0.  ]
Calculating q=[0.15 0.   0.  ]
Calculating q=[0.15 0.   0.  ]
Calculating q=[0.15 0.   0.  ]
Calculating q=[0.15 0.   0.  ]
Calculating q=[0.15 0.   0.  ]
Energy: -15.54645629892161 eV
Magnetic moment: 1.197297801443863e-14 Bohr magnetons
Energy: -15.54645629892161 eV
Magnetic moment: 1.197297801443863e-14 Bohr magnetons
Energy: -15.54645629892161 eV
Magnetic moment: 1.197297801443863e-14 Bohr magnetons
Energy: -15.54645629892161 eV
Magnetic moment: 1.197297801443863e-14 Bohr magnetons
Energy: -15.54645629892161 eV
Magnetic moment: 1.197297801443863e-14 Bohr magnetons
Energy: -15.54645629892161 eV
Magnetic moment: 1.197297801443863e-14 Bohr magnetons
Energy: -15.54645629892161 eV
Magnetic moment: 1.197297801443863e-14 Bohr magnetons
Energy: -15.54645629892161 eV
Magnetic moment: 1.197297801443863e-14 Bohr magnetons
Energy: -15.54645629892161 eV
Magnetic moment: 1.197297801443863e-14 Bohr magnetons
Energy: -15.54645629892161 eV
Magnetic moment: 1.197297801443863e-14 Bohr magnetons
Energy: -15.54645629892161 eV
Magnetic moment: 1.197297801443863e-14 Bohr magnetons
Energy: -15.54645629892161 eV
Magnetic moment: 1.197297801443863e-14 Bohr magnetons
Calculating q=[0.2 0.  0. ]
Calculating q=[0.2 0.  0. ]
Calculating q=[0.2 0.  0. ]
Calculating q=[0.2 0.  0. ]
Calculating q=[0.2 0.  0. ]
Calculating q=[0.2 0.  0. ]
Calculating q=[0.2 0.  0. ]
Calculating q=[0.2 0.  0. ]
Calculating q=[0.2 0.  0. ]
Calculating q=[0.2 0.  0. ]
Calculating q=[0.2 0.  0. ]
Calculating q=[0.2 0.  0. ]
Energy: -15.553224420538363 eV
Magnetic moment: 5.3061918816882736e-15 Bohr magnetons
Energy: -15.553224420538363 eV
Magnetic moment: 5.3061918816882736e-15 Bohr magnetons
Energy: -15.553224420538363 eV
Magnetic moment: 5.3061918816882736e-15 Bohr magnetons
Energy: -15.553224420538363 eV
Magnetic moment: 5.3061918816882736e-15 Bohr magnetons
Energy: -15.553224420538363 eV
Magnetic moment: 5.3061918816882736e-15 Bohr magnetons
Energy: -15.553224420538363 eV
Magnetic moment: 5.3061918816882736e-15 Bohr magnetons
Energy: -15.553224420538363 eV
Magnetic moment: 5.3061918816882736e-15 Bohr magnetons
Energy: -15.553224420538363 eV
Magnetic moment: 5.3061918816882736e-15 Bohr magnetons
Energy: -15.553224420538363 eV
Magnetic moment: 5.3061918816882736e-15 Bohr magnetons
Energy: -15.553224420538363 eV
Magnetic moment: 5.3061918816882736e-15 Bohr magnetons
Energy: -15.553224420538363 eV
Magnetic moment: 5.3061918816882736e-15 Bohr magnetons
Energy: -15.553224420538363 eV
Magnetic moment: 5.3061918816882736e-15 Bohr magnetons
Calculating q=[0.25 0.   0.  ]
Calculating q=[0.25 0.   0.  ]
Calculating q=[0.25 0.   0.  ]
Calculating q=[0.25 0.   0.  ]
Calculating q=[0.25 0.   0.  ]
Calculating q=[0.25 0.   0.  ]
Calculating q=[0.25 0.   0.  ]
Calculating q=[0.25 0.   0.  ]
Calculating q=[0.25 0.   0.  ]
Calculating q=[0.25 0.   0.  ]
Calculating q=[0.25 0.   0.  ]
Calculating q=[0.25 0.   0.  ]
Energy: -15.560096606952543 eV
Magnetic moment: 3.1856139192458373e-15 Bohr magnetons
Energy: -15.560096606952543 eV
Magnetic moment: 3.1856139192458373e-15 Bohr magnetons
Energy: -15.560096606952543 eV
Magnetic moment: 3.1856139192458373e-15 Bohr magnetons
Energy: -15.560096606952543 eV
Magnetic moment: 3.1856139192458373e-15 Bohr magnetons
Energy: -15.560096606952543 eV
Magnetic moment: 3.1856139192458373e-15 Bohr magnetons
Energy: -15.560096606952543 eV
Magnetic moment: 3.1856139192458373e-15 Bohr magnetons
Energy: -15.560096606952543 eV
Magnetic moment: 3.1856139192458373e-15 Bohr magnetons
Energy: -15.560096606952543 eV
Magnetic moment: 3.1856139192458373e-15 Bohr magnetons
Energy: -15.560096606952543 eV
Magnetic moment: 3.1856139192458373e-15 Bohr magnetons
Energy: -15.560096606952543 eV
Magnetic moment: 3.1856139192458373e-15 Bohr magnetons
Energy: -15.560096606952543 eV
Magnetic moment: 3.1856139192458373e-15 Bohr magnetons
Energy: -15.560096606952543 eV
Magnetic moment: 3.1856139192458373e-15 Bohr magnetons
Calculating q=[0.3 0.  0. ]
Calculating q=[0.3 0.  0. ]
Calculating q=[0.3 0.  0. ]
Calculating q=[0.3 0.  0. ]
Calculating q=[0.3 0.  0. ]
Calculating q=[0.3 0.  0. ]
Calculating q=[0.3 0.  0. ]
Calculating q=[0.3 0.  0. ]
Calculating q=[0.3 0.  0. ]
Calculating q=[0.3 0.  0. ]
Calculating q=[0.3 0.  0. ]
Calculating q=[0.3 0.  0. ]
Energy: -15.56631497174514 eV
Magnetic moment: 7.975984188332354e-15 Bohr magnetons
Energy: -15.56631497174514 eV
Magnetic moment: 7.975984188332354e-15 Bohr magnetons
Energy: -15.56631497174514 eV
Magnetic moment: 7.975984188332354e-15 Bohr magnetons
Energy: -15.56631497174514 eV
Magnetic moment: 7.975984188332354e-15 Bohr magnetons
Energy: -15.56631497174514 eV
Magnetic moment: 7.975984188332354e-15 Bohr magnetons
Energy: -15.56631497174514 eV
Magnetic moment: 7.975984188332354e-15 Bohr magnetons
Energy: -15.56631497174514 eV
Magnetic moment: 7.975984188332354e-15 Bohr magnetons
Energy: -15.56631497174514 eV
Magnetic moment: 7.975984188332354e-15 Bohr magnetons
Energy: -15.56631497174514 eV
Magnetic moment: 7.975984188332354e-15 Bohr magnetons
Energy: -15.56631497174514 eV
Magnetic moment: 7.975984188332354e-15 Bohr magnetons
Energy: -15.56631497174514 eV
Magnetic moment: 7.975984188332354e-15 Bohr magnetons
Energy: -15.56631497174514 eV
Magnetic moment: 7.975984188332354e-15 Bohr magnetons
Calculating q=[0.35 0.   0.  ]
Calculating q=[0.35 0.   0.  ]
Calculating q=[0.35 0.   0.  ]
Calculating q=[0.35 0.   0.  ]
Calculating q=[0.35 0.   0.  ]
Calculating q=[0.35 0.   0.  ]
Calculating q=[0.35 0.   0.  ]
Calculating q=[0.35 0.   0.  ]
Calculating q=[0.35 0.   0.  ]
Calculating q=[0.35 0.   0.  ]
Calculating q=[0.35 0.   0.  ]
Calculating q=[0.35 0.   0.  ]
Energy: -15.571415656537427 eV
Magnetic moment: -1.5393772255784063e-14 Bohr magnetons
Energy: -15.571415656537427 eV
Magnetic moment: -1.5393772255784063e-14 Bohr magnetons
Energy: -15.571415656537427 eV
Magnetic moment: -1.5393772255784063e-14 Bohr magnetons
Energy: -15.571415656537427 eV
Magnetic moment: -1.5393772255784063e-14 Bohr magnetons
Energy: -15.571415656537427 eV
Magnetic moment: -1.5393772255784063e-14 Bohr magnetons
Energy: -15.571415656537427 eV
Magnetic moment: -1.5393772255784063e-14 Bohr magnetons
Energy: -15.571415656537427 eV
Magnetic moment: -1.5393772255784063e-14 Bohr magnetons
Energy: -15.571415656537427 eV
Magnetic moment: -1.5393772255784063e-14 Bohr magnetons
Energy: -15.571415656537427 eV
Magnetic moment: -1.5393772255784063e-14 Bohr magnetons
Energy: -15.571415656537427 eV
Magnetic moment: -1.5393772255784063e-14 Bohr magnetons
Energy: -15.571415656537427 eV
Magnetic moment: -1.5393772255784063e-14 Bohr magnetons
Energy: -15.571415656537427 eV
Magnetic moment: -1.5393772255784063e-14 Bohr magnetons
Calculating q=[0.4 0.  0. ]
Calculating q=[0.4 0.  0. ]
Calculating q=[0.4 0.  0. ]
Calculating q=[0.4 0.  0. ]
Calculating q=[0.4 0.  0. ]
Calculating q=[0.4 0.  0. ]
Calculating q=[0.4 0.  0. ]
Calculating q=[0.4 0.  0. ]
Calculating q=[0.4 0.  0. ]
Calculating q=[0.4 0.  0. ]
Calculating q=[0.4 0.  0. ]
Calculating q=[0.4 0.  0. ]
Energy: -15.575100447530117 eV
Magnetic moment: 1.6226673954428717e-15 Bohr magnetons
Energy: -15.575100447530117 eV
Magnetic moment: 1.6226673954428717e-15 Bohr magnetons
Energy: -15.575100447530117 eV
Magnetic moment: 1.6226673954428717e-15 Bohr magnetons
Energy: -15.575100447530117 eV
Magnetic moment: 1.6226673954428717e-15 Bohr magnetons
Energy: -15.575100447530117 eV
Magnetic moment: 1.6226673954428717e-15 Bohr magnetons
Energy: -15.575100447530117 eV
Magnetic moment: 1.6226673954428717e-15 Bohr magnetons
Energy: -15.575100447530117 eV
Magnetic moment: 1.6226673954428717e-15 Bohr magnetons
Energy: -15.575100447530117 eV
Magnetic moment: 1.6226673954428717e-15 Bohr magnetons
Energy: -15.575100447530117 eV
Magnetic moment: 1.6226673954428717e-15 Bohr magnetons
Energy: -15.575100447530117 eV
Magnetic moment: 1.6226673954428717e-15 Bohr magnetons
Energy: -15.575100447530117 eV
Magnetic moment: 1.6226673954428717e-15 Bohr magnetons
Energy: -15.575100447530117 eV
Magnetic moment: 1.6226673954428717e-15 Bohr magnetons
Calculating q=[0.45 0.   0.  ]
Calculating q=[0.45 0.   0.  ]
Calculating q=[0.45 0.   0.  ]
Calculating q=[0.45 0.   0.  ]
Calculating q=[0.45 0.   0.  ]
Calculating q=[0.45 0.   0.  ]
Calculating q=[0.45 0.   0.  ]
Calculating q=[0.45 0.   0.  ]
Calculating q=[0.45 0.   0.  ]
Calculating q=[0.45 0.   0.  ]
Calculating q=[0.45 0.   0.  ]
Calculating q=[0.45 0.   0.  ]
Energy: -15.57729662482921 eV
Magnetic moment: 3.59949177959102e-14 Bohr magnetons
Energy: -15.57729662482921 eV
Magnetic moment: 3.59949177959102e-14 Bohr magnetons
Energy: -15.57729662482921 eV
Magnetic moment: 3.59949177959102e-14 Bohr magnetons
Energy: -15.57729662482921 eV
Magnetic moment: 3.59949177959102e-14 Bohr magnetons
Energy: -15.57729662482921 eV
Magnetic moment: 3.59949177959102e-14 Bohr magnetons
Energy: -15.57729662482921 eV
Magnetic moment: 3.59949177959102e-14 Bohr magnetons
Energy: -15.57729662482921 eV
Magnetic moment: 3.59949177959102e-14 Bohr magnetons
Energy: -15.57729662482921 eV
Magnetic moment: 3.59949177959102e-14 Bohr magnetons
Energy: -15.57729662482921 eV
Magnetic moment: 3.59949177959102e-14 Bohr magnetons
Energy: -15.57729662482921 eV
Magnetic moment: 3.59949177959102e-14 Bohr magnetons
Energy: -15.57729662482921 eV
Magnetic moment: 3.59949177959102e-14 Bohr magnetons
Energy: -15.57729662482921 eV
Magnetic moment: 3.59949177959102e-14 Bohr magnetons
Calculating q=[0.5 0.  0. ]
Calculating q=[0.5 0.  0. ]
Calculating q=[0.5 0.  0. ]
Calculating q=[0.5 0.  0. ]
Calculating q=[0.5 0.  0. ]
Calculating q=[0.5 0.  0. ]
Calculating q=[0.5 0.  0. ]
Calculating q=[0.5 0.  0. ]
Calculating q=[0.5 0.  0. ]
Calculating q=[0.5 0.  0. ]
Calculating q=[0.5 0.  0. ]
Calculating q=[0.5 0.  0. ]
Energy: -15.578006612902731 eV
Magnetic moment: -1.7736301233736992e-14 Bohr magnetons
Energy: -15.578006612902731 eV
Magnetic moment: -1.7736301233736992e-14 Bohr magnetons
Energy: -15.578006612902731 eV
Magnetic moment: -1.7736301233736992e-14 Bohr magnetons
Energy: -15.578006612902731 eV
Magnetic moment: -1.7736301233736992e-14 Bohr magnetons
Energy: -15.578006612902731 eV
Magnetic moment: -1.7736301233736992e-14 Bohr magnetons
Energy: -15.578006612902731 eV
Magnetic moment: -1.7736301233736992e-14 Bohr magnetons
Energy: -15.578006612902731 eV
Magnetic moment: -1.7736301233736992e-14 Bohr magnetons
Energy: -15.578006612902731 eV
Magnetic moment: -1.7736301233736992e-14 Bohr magnetons
Energy: -15.578006612902731 eV
Magnetic moment: -1.7736301233736992e-14 Bohr magnetons
Energy: -15.578006612902731 eV
Magnetic moment: -1.7736301233736992e-14 Bohr magnetons
Energy: -15.578006612902731 eV
Magnetic moment: -1.7736301233736992e-14 Bohr magnetons
Energy: -15.578006612902731 eV
Magnetic moment: -1.7736301233736992e-14 Bohr magnetons
Calculating q=[0.47222222 0.05555556 0.        ]
Calculating q=[0.47222222 0.05555556 0.        ]
Calculating q=[0.47222222 0.05555556 0.        ]
Calculating q=[0.47222222 0.05555556 0.        ]
Calculating q=[0.47222222 0.05555556 0.        ]
Calculating q=[0.47222222 0.05555556 0.        ]
Calculating q=[0.47222222 0.05555556 0.        ]
Calculating q=[0.47222222 0.05555556 0.        ]
Calculating q=[0.47222222 0.05555556 0.        ]
Calculating q=[0.47222222 0.05555556 0.        ]
Calculating q=[0.47222222 0.05555556 0.        ]
Calculating q=[0.47222222 0.05555556 0.        ]
Energy: -15.57858127200682 eV
Magnetic moment: 4.4489458626396175e-15 Bohr magnetons
Energy: -15.57858127200682 eV
Magnetic moment: 4.4489458626396175e-15 Bohr magnetons
Energy: -15.57858127200682 eV
Magnetic moment: 4.4489458626396175e-15 Bohr magnetons
Energy: -15.57858127200682 eV
Magnetic moment: 4.4489458626396175e-15 Bohr magnetons
Energy: -15.57858127200682 eV
Magnetic moment: 4.4489458626396175e-15 Bohr magnetons
Energy: -15.57858127200682 eV
Magnetic moment: 4.4489458626396175e-15 Bohr magnetons
Energy: -15.57858127200682 eV
Magnetic moment: 4.4489458626396175e-15 Bohr magnetons
Energy: -15.57858127200682 eV
Magnetic moment: 4.4489458626396175e-15 Bohr magnetons
Energy: -15.57858127200682 eV
Magnetic moment: 4.4489458626396175e-15 Bohr magnetons
Energy: -15.57858127200682 eV
Magnetic moment: 4.4489458626396175e-15 Bohr magnetons
Energy: -15.57858127200682 eV
Magnetic moment: 4.4489458626396175e-15 Bohr magnetons
Calculating q=[0.44444444 0.11111111 0.        ]
Energy: -15.57858127200682 eV
Magnetic moment: 4.4489458626396175e-15 Bohr magnetons
Calculating q=[0.44444444 0.11111111 0.        ]
Calculating q=[0.44444444 0.11111111 0.        ]
Calculating q=[0.44444444 0.11111111 0.        ]
Calculating q=[0.44444444 0.11111111 0.        ]
Calculating q=[0.44444444 0.11111111 0.        ]
Calculating q=[0.44444444 0.11111111 0.        ]
Calculating q=[0.44444444 0.11111111 0.        ]
Calculating q=[0.44444444 0.11111111 0.        ]
Calculating q=[0.44444444 0.11111111 0.        ]
Calculating q=[0.44444444 0.11111111 0.        ]
Calculating q=[0.44444444 0.11111111 0.        ]
Energy: -15.580124012026726 eV
Magnetic moment: -1.4193819931967802e-15 Bohr magnetons
Energy: -15.580124012026726 eV
Magnetic moment: -1.4193819931967802e-15 Bohr magnetons
Energy: -15.580124012026726 eV
Magnetic moment: -1.4193819931967802e-15 Bohr magnetons
Energy: -15.580124012026726 eV
Magnetic moment: -1.4193819931967802e-15 Bohr magnetons
Energy: -15.580124012026726 eV
Magnetic moment: -1.4193819931967802e-15 Bohr magnetons
Energy: -15.580124012026726 eV
Magnetic moment: -1.4193819931967802e-15 Bohr magnetons
Energy: -15.580124012026726 eV
Magnetic moment: -1.4193819931967802e-15 Bohr magnetons
Energy: -15.580124012026726 eV
Magnetic moment: -1.4193819931967802e-15 Bohr magnetons
Energy: -15.580124012026726 eV
Magnetic moment: -1.4193819931967802e-15 Bohr magnetons
Energy: -15.580124012026726 eV
Magnetic moment: -1.4193819931967802e-15 Bohr magnetons
Energy: -15.580124012026726 eV
Magnetic moment: -1.4193819931967802e-15 Bohr magnetons
Energy: -15.580124012026726 eV
Magnetic moment: -1.4193819931967802e-15 Bohr magnetons
Calculating q=[0.41666667 0.16666667 0.        ]
Calculating q=[0.41666667 0.16666667 0.        ]
Calculating q=[0.41666667 0.16666667 0.        ]
Calculating q=[0.41666667 0.16666667 0.        ]
Calculating q=[0.41666667 0.16666667 0.        ]
Calculating q=[0.41666667 0.16666667 0.        ]
Calculating q=[0.41666667 0.16666667 0.        ]
Calculating q=[0.41666667 0.16666667 0.        ]
Calculating q=[0.41666667 0.16666667 0.        ]
Calculating q=[0.41666667 0.16666667 0.        ]
Calculating q=[0.41666667 0.16666667 0.        ]
Calculating q=[0.41666667 0.16666667 0.        ]
Energy: -15.582185872318352 eV
Magnetic moment: -2.426925317280753e-16 Bohr magnetons
Energy: -15.582185872318352 eV
Magnetic moment: -2.426925317280753e-16 Bohr magnetons
Energy: -15.582185872318352 eV
Magnetic moment: -2.426925317280753e-16 Bohr magnetons
Energy: -15.582185872318352 eV
Magnetic moment: -2.426925317280753e-16 Bohr magnetons
Energy: -15.582185872318352 eV
Magnetic moment: -2.426925317280753e-16 Bohr magnetons
Energy: -15.582185872318352 eV
Magnetic moment: -2.426925317280753e-16 Bohr magnetons
Energy: -15.582185872318352 eV
Magnetic moment: -2.426925317280753e-16 Bohr magnetons
Energy: -15.582185872318352 eV
Magnetic moment: -2.426925317280753e-16 Bohr magnetons
Energy: -15.582185872318352 eV
Magnetic moment: -2.426925317280753e-16 Bohr magnetons
Energy: -15.582185872318352 eV
Magnetic moment: -2.426925317280753e-16 Bohr magnetons
Energy: -15.582185872318352 eV
Magnetic moment: -2.426925317280753e-16 Bohr magnetons
Energy: -15.582185872318352 eV
Magnetic moment: -2.426925317280753e-16 Bohr magnetons
Calculating q=[0.38888889 0.22222222 0.        ]
Calculating q=[0.38888889 0.22222222 0.        ]
Calculating q=[0.38888889 0.22222222 0.        ]
Calculating q=[0.38888889 0.22222222 0.        ]
Calculating q=[0.38888889 0.22222222 0.        ]
Calculating q=[0.38888889 0.22222222 0.        ]
Calculating q=[0.38888889 0.22222222 0.        ]
Calculating q=[0.38888889 0.22222222 0.        ]
Calculating q=[0.38888889 0.22222222 0.        ]
Calculating q=[0.38888889 0.22222222 0.        ]
Calculating q=[0.38888889 0.22222222 0.        ]
Calculating q=[0.38888889 0.22222222 0.        ]
Energy: -15.584206973117603 eV
Magnetic moment: -4.9901600646874405e-15 Bohr magnetons
Energy: -15.584206973117603 eV
Magnetic moment: -4.9901600646874405e-15 Bohr magnetons
Energy: -15.584206973117603 eV
Magnetic moment: -4.9901600646874405e-15 Bohr magnetons
Energy: -15.584206973117603 eV
Magnetic moment: -4.9901600646874405e-15 Bohr magnetons
Energy: -15.584206973117603 eV
Magnetic moment: -4.9901600646874405e-15 Bohr magnetons
Energy: -15.584206973117603 eV
Magnetic moment: -4.9901600646874405e-15 Bohr magnetons
Energy: -15.584206973117603 eV
Magnetic moment: -4.9901600646874405e-15 Bohr magnetons
Energy: -15.584206973117603 eV
Magnetic moment: -4.9901600646874405e-15 Bohr magnetons
Energy: -15.584206973117603 eV
Magnetic moment: -4.9901600646874405e-15 Bohr magnetons
Energy: -15.584206973117603 eV
Magnetic moment: -4.9901600646874405e-15 Bohr magnetons
Energy: -15.584206973117603 eV
Magnetic moment: -4.9901600646874405e-15 Bohr magnetons
Energy: -15.584206973117603 eV
Magnetic moment: -4.9901600646874405e-15 Bohr magnetons
Calculating q=[0.36111111 0.27777778 0.        ]
Calculating q=[0.36111111 0.27777778 0.        ]
Calculating q=[0.36111111 0.27777778 0.        ]
Calculating q=[0.36111111 0.27777778 0.        ]
Calculating q=[0.36111111 0.27777778 0.        ]
Calculating q=[0.36111111 0.27777778 0.        ]
Calculating q=[0.36111111 0.27777778 0.        ]
Calculating q=[0.36111111 0.27777778 0.        ]
Calculating q=[0.36111111 0.27777778 0.        ]
Calculating q=[0.36111111 0.27777778 0.        ]
Calculating q=[0.36111111 0.27777778 0.        ]
Calculating q=[0.36111111 0.27777778 0.        ]
Energy: -15.585659182315798 eV
Magnetic moment: -6.009383476611919e-15 Bohr magnetons
Energy: -15.585659182315798 eV
Magnetic moment: -6.009383476611919e-15 Bohr magnetons
Energy: -15.585659182315798 eV
Magnetic moment: -6.009383476611919e-15 Bohr magnetons
Energy: -15.585659182315798 eV
Magnetic moment: -6.009383476611919e-15 Bohr magnetons
Energy: -15.585659182315798 eV
Magnetic moment: -6.009383476611919e-15 Bohr magnetons
Energy: -15.585659182315798 eV
Magnetic moment: -6.009383476611919e-15 Bohr magnetons
Energy: -15.585659182315798 eV
Magnetic moment: -6.009383476611919e-15 Bohr magnetons
Energy: -15.585659182315798 eV
Magnetic moment: -6.009383476611919e-15 Bohr magnetons
Energy: -15.585659182315798 eV
Magnetic moment: -6.009383476611919e-15 Bohr magnetons
Energy: -15.585659182315798 eV
Magnetic moment: -6.009383476611919e-15 Bohr magnetons
Energy: -15.585659182315798 eV
Magnetic moment: -6.009383476611919e-15 Bohr magnetons
Energy: -15.585659182315798 eV
Magnetic moment: -6.009383476611919e-15 Bohr magnetons
Calculating q=[0.33333333 0.33333333 0.        ]
Calculating q=[0.33333333 0.33333333 0.        ]
Calculating q=[0.33333333 0.33333333 0.        ]
Calculating q=[0.33333333 0.33333333 0.        ]
Calculating q=[0.33333333 0.33333333 0.        ]
Calculating q=[0.33333333 0.33333333 0.        ]
Calculating q=[0.33333333 0.33333333 0.        ]
Calculating q=[0.33333333 0.33333333 0.        ]
Calculating q=[0.33333333 0.33333333 0.        ]
Calculating q=[0.33333333 0.33333333 0.        ]
Calculating q=[0.33333333 0.33333333 0.        ]
Calculating q=[0.33333333 0.33333333 0.        ]
Energy: -15.586180084614199 eV
Magnetic moment: 1.657141028813557e-15 Bohr magnetons
Energy: -15.586180084614199 eV
Magnetic moment: 1.657141028813557e-15 Bohr magnetons
Energy: -15.586180084614199 eV
Magnetic moment: 1.657141028813557e-15 Bohr magnetons
Energy: -15.586180084614199 eV
Magnetic moment: 1.657141028813557e-15 Bohr magnetons
Energy: -15.586180084614199 eV
Magnetic moment: 1.657141028813557e-15 Bohr magnetons
Energy: -15.586180084614199 eV
Magnetic moment: 1.657141028813557e-15 Bohr magnetons
Energy: -15.586180084614199 eV
Magnetic moment: 1.657141028813557e-15 Bohr magnetons
Energy: -15.586180084614199 eV
Magnetic moment: 1.657141028813557e-15 Bohr magnetons
Energy: -15.586180084614199 eV
Magnetic moment: 1.657141028813557e-15 Bohr magnetons
Energy: -15.586180084614199 eV
Magnetic moment: 1.657141028813557e-15 Bohr magnetons
Energy: -15.586180084614199 eV
Magnetic moment: 1.657141028813557e-15 Bohr magnetons
Energy: -15.586180084614199 eV
Magnetic moment: 1.657141028813557e-15 Bohr magnetons
Calculating q=[0.30952381 0.30952381 0.        ]
Calculating q=[0.30952381 0.30952381 0.        ]
Calculating q=[0.30952381 0.30952381 0.        ]
Calculating q=[0.30952381 0.30952381 0.        ]
Calculating q=[0.30952381 0.30952381 0.        ]
Calculating q=[0.30952381 0.30952381 0.        ]
Calculating q=[0.30952381 0.30952381 0.        ]
Calculating q=[0.30952381 0.30952381 0.        ]
Calculating q=[0.30952381 0.30952381 0.        ]
Calculating q=[0.30952381 0.30952381 0.        ]
Calculating q=[0.30952381 0.30952381 0.        ]
Calculating q=[0.30952381 0.30952381 0.        ]
Energy: -15.585769669651919 eV
Magnetic moment: -1.9029965303814886e-15 Bohr magnetons
Energy: -15.585769669651919 eV
Magnetic moment: -1.9029965303814886e-15 Bohr magnetons
Energy: -15.585769669651919 eV
Magnetic moment: -1.9029965303814886e-15 Bohr magnetons
Energy: -15.585769669651919 eV
Magnetic moment: -1.9029965303814886e-15 Bohr magnetons
Energy: -15.585769669651919 eV
Magnetic moment: -1.9029965303814886e-15 Bohr magnetons
Energy: -15.585769669651919 eV
Magnetic moment: -1.9029965303814886e-15 Bohr magnetons
Energy: -15.585769669651919 eV
Magnetic moment: -1.9029965303814886e-15 Bohr magnetons
Energy: -15.585769669651919 eV
Magnetic moment: -1.9029965303814886e-15 Bohr magnetons
Energy: -15.585769669651919 eV
Magnetic moment: -1.9029965303814886e-15 Bohr magnetons
Energy: -15.585769669651919 eV
Magnetic moment: -1.9029965303814886e-15 Bohr magnetons
Energy: -15.585769669651919 eV
Magnetic moment: -1.9029965303814886e-15 Bohr magnetons
Energy: -15.585769669651919 eV
Magnetic moment: -1.9029965303814886e-15 Bohr magnetons
Calculating q=[0.28571429 0.28571429 0.        ]
Calculating q=[0.28571429 0.28571429 0.        ]
Calculating q=[0.28571429 0.28571429 0.        ]
Calculating q=[0.28571429 0.28571429 0.        ]
Calculating q=[0.28571429 0.28571429 0.        ]
Calculating q=[0.28571429 0.28571429 0.        ]
Calculating q=[0.28571429 0.28571429 0.        ]
Calculating q=[0.28571429 0.28571429 0.        ]
Calculating q=[0.28571429 0.28571429 0.        ]
Calculating q=[0.28571429 0.28571429 0.        ]
Calculating q=[0.28571429 0.28571429 0.        ]
Calculating q=[0.28571429 0.28571429 0.        ]
Energy: -15.584483373588547 eV
Magnetic moment: -4.157400408305889e-15 Bohr magnetons
Energy: -15.584483373588547 eV
Magnetic moment: -4.157400408305889e-15 Bohr magnetons
Energy: -15.584483373588547 eV
Magnetic moment: -4.157400408305889e-15 Bohr magnetons
Energy: -15.584483373588547 eV
Magnetic moment: -4.157400408305889e-15 Bohr magnetons
Energy: -15.584483373588547 eV
Magnetic moment: -4.157400408305889e-15 Bohr magnetons
Energy: -15.584483373588547 eV
Magnetic moment: -4.157400408305889e-15 Bohr magnetons
Energy: -15.584483373588547 eV
Magnetic moment: -4.157400408305889e-15 Bohr magnetons
Energy: -15.584483373588547 eV
Magnetic moment: -4.157400408305889e-15 Bohr magnetons
Energy: -15.584483373588547 eV
Magnetic moment: -4.157400408305889e-15 Bohr magnetons
Energy: -15.584483373588547 eV
Magnetic moment: -4.157400408305889e-15 Bohr magnetons
Energy: -15.584483373588547 eV
Magnetic moment: -4.157400408305889e-15 Bohr magnetons
Energy: -15.584483373588547 eV
Magnetic moment: -4.157400408305889e-15 Bohr magnetons
Calculating q=[0.26190476 0.26190476 0.        ]
Calculating q=[0.26190476 0.26190476 0.        ]
Calculating q=[0.26190476 0.26190476 0.        ]
Calculating q=[0.26190476 0.26190476 0.        ]
Calculating q=[0.26190476 0.26190476 0.        ]
Calculating q=[0.26190476 0.26190476 0.        ]
Calculating q=[0.26190476 0.26190476 0.        ]
Calculating q=[0.26190476 0.26190476 0.        ]
Calculating q=[0.26190476 0.26190476 0.        ]
Calculating q=[0.26190476 0.26190476 0.        ]
Calculating q=[0.26190476 0.26190476 0.        ]
Calculating q=[0.26190476 0.26190476 0.        ]
Energy: -15.5823214415211 eV
Magnetic moment: 2.7312265181920687e-15 Bohr magnetons
Energy: -15.5823214415211 eV
Magnetic moment: 2.7312265181920687e-15 Bohr magnetons
Energy: -15.5823214415211 eV
Magnetic moment: 2.7312265181920687e-15 Bohr magnetons
Energy: -15.5823214415211 eV
Magnetic moment: 2.7312265181920687e-15 Bohr magnetons
Energy: -15.5823214415211 eV
Magnetic moment: 2.7312265181920687e-15 Bohr magnetons
Energy: -15.5823214415211 eV
Magnetic moment: 2.7312265181920687e-15 Bohr magnetons
Energy: -15.5823214415211 eV
Magnetic moment: 2.7312265181920687e-15 Bohr magnetons
Energy: -15.5823214415211 eV
Magnetic moment: 2.7312265181920687e-15 Bohr magnetons
Energy: -15.5823214415211 eV
Magnetic moment: 2.7312265181920687e-15 Bohr magnetons
Energy: -15.5823214415211 eV
Magnetic moment: 2.7312265181920687e-15 Bohr magnetons
Energy: -15.5823214415211 eV
Magnetic moment: 2.7312265181920687e-15 Bohr magnetons
Energy: -15.5823214415211 eV
Magnetic moment: 2.7312265181920687e-15 Bohr magnetons
Calculating q=[0.23809524 0.23809524 0.        ]
Calculating q=[0.23809524 0.23809524 0.        ]
Calculating q=[0.23809524 0.23809524 0.        ]
Calculating q=[0.23809524 0.23809524 0.        ]
Calculating q=[0.23809524 0.23809524 0.        ]
Calculating q=[0.23809524 0.23809524 0.        ]
Calculating q=[0.23809524 0.23809524 0.        ]
Calculating q=[0.23809524 0.23809524 0.        ]
Calculating q=[0.23809524 0.23809524 0.        ]
Calculating q=[0.23809524 0.23809524 0.        ]
Calculating q=[0.23809524 0.23809524 0.        ]
Calculating q=[0.23809524 0.23809524 0.        ]
Energy: -15.579319591807977 eV
Magnetic moment: -5.562196281790314e-16 Bohr magnetons
Energy: -15.579319591807977 eV
Magnetic moment: -5.562196281790314e-16 Bohr magnetons
Energy: -15.579319591807977 eV
Magnetic moment: -5.562196281790314e-16 Bohr magnetons
Energy: -15.579319591807977 eV
Magnetic moment: -5.562196281790314e-16 Bohr magnetons
Energy: -15.579319591807977 eV
Magnetic moment: -5.562196281790314e-16 Bohr magnetons
Energy: -15.579319591807977 eV
Magnetic moment: -5.562196281790314e-16 Bohr magnetons
Energy: -15.579319591807977 eV
Magnetic moment: -5.562196281790314e-16 Bohr magnetons
Energy: -15.579319591807977 eV
Magnetic moment: -5.562196281790314e-16 Bohr magnetons
Energy: -15.579319591807977 eV
Magnetic moment: -5.562196281790314e-16 Bohr magnetons
Energy: -15.579319591807977 eV
Magnetic moment: -5.562196281790314e-16 Bohr magnetons
Energy: -15.579319591807977 eV
Energy: -15.579319591807977 eV
Magnetic moment: -5.562196281790314e-16 Bohr magnetons
Calculating q=[0.21428571 0.21428571 0.        ]
Calculating q=[0.21428571 0.21428571 0.        ]
Calculating q=[0.21428571 0.21428571 0.        ]
Calculating q=[0.21428571 0.21428571 0.        ]
Calculating q=[0.21428571 0.21428571 0.        ]
Calculating q=[0.21428571 0.21428571 0.        ]
Magnetic moment: -5.562196281790314e-16 Bohr magnetons
Calculating q=[0.21428571 0.21428571 0.        ]
Calculating q=[0.21428571 0.21428571 0.        ]
Calculating q=[0.21428571 0.21428571 0.        ]
Calculating q=[0.21428571 0.21428571 0.        ]
Calculating q=[0.21428571 0.21428571 0.        ]
Calculating q=[0.21428571 0.21428571 0.        ]
Energy: -15.575516258848298 eV
Magnetic moment: -9.795689960915632e-16 Bohr magnetons
Energy: -15.575516258848298 eV
Magnetic moment: -9.795689960915632e-16 Bohr magnetons
Energy: -15.575516258848298 eV
Magnetic moment: -9.795689960915632e-16 Bohr magnetons
Energy: -15.575516258848298 eV
Magnetic moment: -9.795689960915632e-16 Bohr magnetons
Energy: -15.575516258848298 eV
Magnetic moment: -9.795689960915632e-16 Bohr magnetons
Energy: -15.575516258848298 eV
Magnetic moment: -9.795689960915632e-16 Bohr magnetons
Energy: -15.575516258848298 eV
Magnetic moment: -9.795689960915632e-16 Bohr magnetons
Energy: -15.575516258848298 eV
Magnetic moment: -9.795689960915632e-16 Bohr magnetons
Energy: -15.575516258848298 eV
Magnetic moment: -9.795689960915632e-16 Bohr magnetons
Energy: -15.575516258848298 eV
Magnetic moment: -9.795689960915632e-16 Bohr magnetons
Energy: -15.575516258848298 eV
Magnetic moment: -9.795689960915632e-16 Bohr magnetons
Energy: -15.575516258848298 eV
Magnetic moment: -9.795689960915632e-16 Bohr magnetons
Calculating q=[0.19047619 0.19047619 0.        ]
Calculating q=[0.19047619 0.19047619 0.        ]
Calculating q=[0.19047619 0.19047619 0.        ]
Calculating q=[0.19047619 0.19047619 0.        ]
Calculating q=[0.19047619 0.19047619 0.        ]
Calculating q=[0.19047619 0.19047619 0.        ]
Calculating q=[0.19047619 0.19047619 0.        ]
Calculating q=[0.19047619 0.19047619 0.        ]
Calculating q=[0.19047619 0.19047619 0.        ]
Calculating q=[0.19047619 0.19047619 0.        ]
Calculating q=[0.19047619 0.19047619 0.        ]
Calculating q=[0.19047619 0.19047619 0.        ]
Energy: -15.5709722407966 eV
Magnetic moment: 2.6623835916534712e-15 Bohr magnetons
Energy: -15.5709722407966 eV
Magnetic moment: 2.6623835916534712e-15 Bohr magnetons
Energy: -15.5709722407966 eV
Magnetic moment: 2.6623835916534712e-15 Bohr magnetons
Energy: -15.5709722407966 eV
Magnetic moment: 2.6623835916534712e-15 Bohr magnetons
Energy: -15.5709722407966 eV
Magnetic moment: 2.6623835916534712e-15 Bohr magnetons
Energy: -15.5709722407966 eV
Magnetic moment: 2.6623835916534712e-15 Bohr magnetons
Energy: -15.5709722407966 eV
Magnetic moment: 2.6623835916534712e-15 Bohr magnetons
Energy: -15.5709722407966 eV
Magnetic moment: 2.6623835916534712e-15 Bohr magnetons
Energy: -15.5709722407966 eV
Magnetic moment: 2.6623835916534712e-15 Bohr magnetons
Energy: -15.5709722407966 eV
Magnetic moment: 2.6623835916534712e-15 Bohr magnetons
Energy: -15.5709722407966 eV
Magnetic moment: 2.6623835916534712e-15 Bohr magnetons
Energy: -15.5709722407966 eV
Magnetic moment: 2.6623835916534712e-15 Bohr magnetons
Calculating q=[0.16666667 0.16666667 0.        ]
Calculating q=[0.16666667 0.16666667 0.        ]
Calculating q=[0.16666667 0.16666667 0.        ]
Calculating q=[0.16666667 0.16666667 0.        ]
Calculating q=[0.16666667 0.16666667 0.        ]
Calculating q=[0.16666667 0.16666667 0.        ]
Calculating q=[0.16666667 0.16666667 0.        ]
Calculating q=[0.16666667 0.16666667 0.        ]
Calculating q=[0.16666667 0.16666667 0.        ]
Calculating q=[0.16666667 0.16666667 0.        ]
Calculating q=[0.16666667 0.16666667 0.        ]
Calculating q=[0.16666667 0.16666667 0.        ]
Energy: -15.565780903707978 eV
Magnetic moment: 2.974128438078537e-15 Bohr magnetons
Energy: -15.565780903707978 eV
Magnetic moment: 2.974128438078537e-15 Bohr magnetons
Energy: -15.565780903707978 eV
Magnetic moment: 2.974128438078537e-15 Bohr magnetons
Energy: -15.565780903707978 eV
Magnetic moment: 2.974128438078537e-15 Bohr magnetons
Energy: -15.565780903707978 eV
Magnetic moment: 2.974128438078537e-15 Bohr magnetons
Energy: -15.565780903707978 eV
Magnetic moment: 2.974128438078537e-15 Bohr magnetons
Energy: -15.565780903707978 eV
Magnetic moment: 2.974128438078537e-15 Bohr magnetons
Energy: -15.565780903707978 eV
Magnetic moment: 2.974128438078537e-15 Bohr magnetons
Energy: -15.565780903707978 eV
Magnetic moment: 2.974128438078537e-15 Bohr magnetons
Energy: -15.565780903707978 eV
Magnetic moment: 2.974128438078537e-15 Bohr magnetons
Energy: -15.565780903707978 eV
Magnetic moment: 2.974128438078537e-15 Bohr magnetons
Energy: -15.565780903707978 eV
Magnetic moment: 2.974128438078537e-15 Bohr magnetons
Calculating q=[0.14285714 0.14285714 0.        ]
Calculating q=[0.14285714 0.14285714 0.        ]
Calculating q=[0.14285714 0.14285714 0.        ]
Calculating q=[0.14285714 0.14285714 0.        ]
Calculating q=[0.14285714 0.14285714 0.        ]
Calculating q=[0.14285714 0.14285714 0.        ]
Calculating q=[0.14285714 0.14285714 0.        ]
Calculating q=[0.14285714 0.14285714 0.        ]
Calculating q=[0.14285714 0.14285714 0.        ]
Calculating q=[0.14285714 0.14285714 0.        ]
Calculating q=[0.14285714 0.14285714 0.        ]
Calculating q=[0.14285714 0.14285714 0.        ]
Energy: -15.560111675915977 eV
Magnetic moment: -4.846418483625753e-15 Bohr magnetons
Energy: -15.560111675915977 eV
Magnetic moment: -4.846418483625753e-15 Bohr magnetons
Energy: -15.560111675915977 eV
Magnetic moment: -4.846418483625753e-15 Bohr magnetons
Energy: -15.560111675915977 eV
Magnetic moment: -4.846418483625753e-15 Bohr magnetons
Energy: -15.560111675915977 eV
Magnetic moment: -4.846418483625753e-15 Bohr magnetons
Energy: -15.560111675915977 eV
Magnetic moment: -4.846418483625753e-15 Bohr magnetons
Energy: -15.560111675915977 eV
Magnetic moment: -4.846418483625753e-15 Bohr magnetons
Energy: -15.560111675915977 eV
Magnetic moment: -4.846418483625753e-15 Bohr magnetons
Energy: -15.560111675915977 eV
Magnetic moment: -4.846418483625753e-15 Bohr magnetons
Energy: -15.560111675915977 eV
Magnetic moment: -4.846418483625753e-15 Bohr magnetons
Energy: -15.560111675915977 eV
Magnetic moment: -4.846418483625753e-15 Bohr magnetons
Energy: -15.560111675915977 eV
Magnetic moment: -4.846418483625753e-15 Bohr magnetons
Calculating q=[0.11904762 0.11904762 0.        ]
Calculating q=[0.11904762 0.11904762 0.        ]
Calculating q=[0.11904762 0.11904762 0.        ]
Calculating q=[0.11904762 0.11904762 0.        ]
Calculating q=[0.11904762 0.11904762 0.        ]
Calculating q=[0.11904762 0.11904762 0.        ]
Calculating q=[0.11904762 0.11904762 0.        ]
Calculating q=[0.11904762 0.11904762 0.        ]
Calculating q=[0.11904762 0.11904762 0.        ]
Calculating q=[0.11904762 0.11904762 0.        ]
Calculating q=[0.11904762 0.11904762 0.        ]
Calculating q=[0.11904762 0.11904762 0.        ]
Energy: -15.554214650270772 eV
Magnetic moment: -2.4960398344031583e-15 Bohr magnetons
Calculating q=[0.0952381 0.0952381 0.       ]
Energy: -15.554214650270772 eV
Magnetic moment: -2.4960398344031583e-15 Bohr magnetons
Calculating q=[0.0952381 0.0952381 0.       ]
Energy: -15.554214650270772 eV
Magnetic moment: -2.4960398344031583e-15 Bohr magnetons
Calculating q=[0.0952381 0.0952381 0.       ]
Energy: -15.554214650270772 eV
Magnetic moment: -2.4960398344031583e-15 Bohr magnetons
Calculating q=[0.0952381 0.0952381 0.       ]
Energy: -15.554214650270772 eV
Magnetic moment: -2.4960398344031583e-15 Bohr magnetons
Calculating q=[0.0952381 0.0952381 0.       ]
Energy: -15.554214650270772 eV
Magnetic moment: -2.4960398344031583e-15 Bohr magnetons
Calculating q=[0.0952381 0.0952381 0.       ]
Energy: -15.554214650270772 eV
Magnetic moment: -2.4960398344031583e-15 Bohr magnetons
Calculating q=[0.0952381 0.0952381 0.       ]
Energy: -15.554214650270772 eV
Magnetic moment: -2.4960398344031583e-15 Bohr magnetons
Calculating q=[0.0952381 0.0952381 0.       ]
Energy: -15.554214650270772 eV
Magnetic moment: -2.4960398344031583e-15 Bohr magnetons
Calculating q=[0.0952381 0.0952381 0.       ]
Energy: -15.554214650270772 eV
Magnetic moment: -2.4960398344031583e-15 Bohr magnetons
Calculating q=[0.0952381 0.0952381 0.       ]
Energy: -15.554214650270772 eV
Magnetic moment: -2.4960398344031583e-15 Bohr magnetons
Calculating q=[0.0952381 0.0952381 0.       ]
Energy: -15.554214650270772 eV
Magnetic moment: -2.4960398344031583e-15 Bohr magnetons
Calculating q=[0.0952381 0.0952381 0.       ]
Energy: -15.548444547787716 eV
Magnetic moment: 4.5275759170684714e-15 Bohr magnetons
Energy: -15.548444547787716 eV
Magnetic moment: 4.5275759170684714e-15 Bohr magnetons
Energy: -15.548444547787716 eV
Magnetic moment: 4.5275759170684714e-15 Bohr magnetons
Energy: -15.548444547787716 eV
Magnetic moment: 4.5275759170684714e-15 Bohr magnetons
Energy: -15.548444547787716 eV
Magnetic moment: 4.5275759170684714e-15 Bohr magnetons
Energy: -15.548444547787716 eV
Magnetic moment: 4.5275759170684714e-15 Bohr magnetons
Energy: -15.548444547787716 eV
Magnetic moment: 4.5275759170684714e-15 Bohr magnetons
Energy: -15.548444547787716 eV
Magnetic moment: 4.5275759170684714e-15 Bohr magnetons
Energy: -15.548444547787716 eV
Magnetic moment: 4.5275759170684714e-15 Bohr magnetons
Energy: -15.548444547787716 eV
Magnetic moment: 4.5275759170684714e-15 Bohr magnetons
Energy: -15.548444547787716 eV
Magnetic moment: 4.5275759170684714e-15 Bohr magnetons
Energy: -15.548444547787716 eV
Magnetic moment: 4.5275759170684714e-15 Bohr magnetons
Calculating q=[0.07142857 0.07142857 0.        ]
Calculating q=[0.07142857 0.07142857 0.        ]
Calculating q=[0.07142857 0.07142857 0.        ]
Calculating q=[0.07142857 0.07142857 0.        ]
Calculating q=[0.07142857 0.07142857 0.        ]
Calculating q=[0.07142857 0.07142857 0.        ]
Calculating q=[0.07142857 0.07142857 0.        ]
Calculating q=[0.07142857 0.07142857 0.        ]
Calculating q=[0.07142857 0.07142857 0.        ]
Calculating q=[0.07142857 0.07142857 0.        ]
Calculating q=[0.07142857 0.07142857 0.        ]
Calculating q=[0.07142857 0.07142857 0.        ]
Energy: -15.543237372533094 eV
Magnetic moment: 1.2500084593955545e-15 Bohr magnetons
Energy: -15.543237372533094 eV
Magnetic moment: 1.2500084593955545e-15 Bohr magnetons
Energy: -15.543237372533094 eV
Magnetic moment: 1.2500084593955545e-15 Bohr magnetons
Energy: -15.543237372533094 eV
Magnetic moment: 1.2500084593955545e-15 Bohr magnetons
Energy: -15.543237372533094 eV
Magnetic moment: 1.2500084593955545e-15 Bohr magnetons
Energy: -15.543237372533094 eV
Magnetic moment: 1.2500084593955545e-15 Bohr magnetons
Energy: -15.543237372533094 eV
Magnetic moment: 1.2500084593955545e-15 Bohr magnetons
Energy: -15.543237372533094 eV
Magnetic moment: 1.2500084593955545e-15 Bohr magnetons
Energy: -15.543237372533094 eV
Magnetic moment: 1.2500084593955545e-15 Bohr magnetons
Energy: -15.543237372533094 eV
Magnetic moment: 1.2500084593955545e-15 Bohr magnetons
Energy: -15.543237372533094 eV
Magnetic moment: 1.2500084593955545e-15 Bohr magnetons
Energy: -15.543237372533094 eV
Magnetic moment: 1.2500084593955545e-15 Bohr magnetons
Calculating q=[0.04761905 0.04761905 0.        ]
Calculating q=[0.04761905 0.04761905 0.        ]
Calculating q=[0.04761905 0.04761905 0.        ]
Calculating q=[0.04761905 0.04761905 0.        ]
Calculating q=[0.04761905 0.04761905 0.        ]
Calculating q=[0.04761905 0.04761905 0.        ]
Calculating q=[0.04761905 0.04761905 0.        ]
Calculating q=[0.04761905 0.04761905 0.        ]
Calculating q=[0.04761905 0.04761905 0.        ]
Calculating q=[0.04761905 0.04761905 0.        ]
Calculating q=[0.04761905 0.04761905 0.        ]
Calculating q=[0.04761905 0.04761905 0.        ]
Energy: -15.53906111495249 eV
Magnetic moment: -5.860769125167779e-15 Bohr magnetons
Energy: -15.53906111495249 eV
Magnetic moment: -5.860769125167779e-15 Bohr magnetons
Energy: -15.53906111495249 eV
Magnetic moment: -5.860769125167779e-15 Bohr magnetons
Energy: -15.53906111495249 eV
Magnetic moment: -5.860769125167779e-15 Bohr magnetons
Energy: -15.53906111495249 eV
Magnetic moment: -5.860769125167779e-15 Bohr magnetons
Energy: -15.53906111495249 eV
Magnetic moment: -5.860769125167779e-15 Bohr magnetons
Energy: -15.53906111495249 eV
Magnetic moment: -5.860769125167779e-15 Bohr magnetons
Energy: -15.53906111495249 eV
Magnetic moment: -5.860769125167779e-15 Bohr magnetons
Energy: -15.53906111495249 eV
Magnetic moment: -5.860769125167779e-15 Bohr magnetons
Energy: -15.53906111495249 eV
Magnetic moment: -5.860769125167779e-15 Bohr magnetons
Energy: -15.53906111495249 eV
Magnetic moment: -5.860769125167779e-15 Bohr magnetons
Energy: -15.53906111495249 eV
Magnetic moment: -5.860769125167779e-15 Bohr magnetons
Calculating q=[0.02380952 0.02380952 0.        ]
Calculating q=[0.02380952 0.02380952 0.        ]
Calculating q=[0.02380952 0.02380952 0.        ]
Calculating q=[0.02380952 0.02380952 0.        ]
Calculating q=[0.02380952 0.02380952 0.        ]
Calculating q=[0.02380952 0.02380952 0.        ]
Calculating q=[0.02380952 0.02380952 0.        ]
Calculating q=[0.02380952 0.02380952 0.        ]
Calculating q=[0.02380952 0.02380952 0.        ]
Calculating q=[0.02380952 0.02380952 0.        ]
Calculating q=[0.02380952 0.02380952 0.        ]
Calculating q=[0.02380952 0.02380952 0.        ]
Energy: -15.53634388650154 eV
Magnetic moment: 8.587530890426016e-15 Bohr magnetons
Energy: -15.53634388650154 eV
Magnetic moment: 8.587530890426016e-15 Bohr magnetons
Energy: -15.53634388650154 eV
Magnetic moment: 8.587530890426016e-15 Bohr magnetons
Energy: -15.53634388650154 eV
Magnetic moment: 8.587530890426016e-15 Bohr magnetons
Energy: -15.53634388650154 eV
Magnetic moment: 8.587530890426016e-15 Bohr magnetons
Energy: -15.53634388650154 eV
Magnetic moment: 8.587530890426016e-15 Bohr magnetons
Energy: -15.53634388650154 eV
Magnetic moment: 8.587530890426016e-15 Bohr magnetons
Energy: -15.53634388650154 eV
Magnetic moment: 8.587530890426016e-15 Bohr magnetons
Energy: -15.53634388650154 eV
Magnetic moment: 8.587530890426016e-15 Bohr magnetons
Energy: -15.53634388650154 eV
Magnetic moment: 8.587530890426016e-15 Bohr magnetons
Energy: -15.53634388650154 eV
Magnetic moment: 8.587530890426016e-15 Bohr magnetons
Energy: -15.53634388650154 eV
Magnetic moment: 8.587530890426016e-15 Bohr magnetons
Calculating q=[0. 0. 0.]
Calculating q=[0. 0. 0.]
Calculating q=[0. 0. 0.]
Calculating q=[0. 0. 0.]
Calculating q=[0. 0. 0.]
Calculating q=[0. 0. 0.]
Calculating q=[0. 0. 0.]
Calculating q=[0. 0. 0.]
Calculating q=[0. 0. 0.]
Calculating q=[0. 0. 0.]
Calculating q=[0. 0. 0.]
Calculating q=[0. 0. 0.]
Energy: -15.53540811043039 eV
Magnetic moment: -1.3674314905280992e-11 Bohr magnetons
Energy: -15.53540811043039 eV
Magnetic moment: -1.3674314905280992e-11 Bohr magnetons
Energy: -15.53540811043039 eV
Magnetic moment: -1.3674314905280992e-11 Bohr magnetons
Energy: -15.53540811043039 eV
Magnetic moment: -1.3674314905280992e-11 Bohr magnetons
Energy: -15.53540811043039 eV
Magnetic moment: -1.3674314905280992e-11 Bohr magnetons
Energy: -15.53540811043039 eV
Magnetic moment: -1.3674314905280992e-11 Bohr magnetons
Energy: -15.53540811043039 eV
Magnetic moment: -1.3674314905280992e-11 Bohr magnetons
Energy: -15.53540811043039 eV
Magnetic moment: -1.3674314905280992e-11 Bohr magnetons
Energy: -15.53540811043039 eV
Magnetic moment: -1.3674314905280992e-11 Bohr magnetons
Energy: -15.53540811043039 eV
Magnetic moment: -1.3674314905280992e-11 Bohr magnetons
Energy: -15.53540811043039 eV
Magnetic moment: -1.3674314905280992e-11 Bohr magnetons
Energy: -15.53540811043039 eV
Magnetic moment: -1.3674314905280992e-11 Bohr magnetons

------------------------------------------------------------
Sender: LSF System <lsfadmin@hpc.dtu.dk>
Subject: Job 21540951: <plot_3.py> in cluster <dcc> Done

Job <plot_3.py> was submitted from host <n-62-27-22> by user <s194113> in cluster <dcc> at Mon Apr 22 12:40:21 2024
Job was executed on host(s) <12*n-62-29-10>, in queue <hpc>, as user <s194113> in cluster <dcc> at Tue Apr 23 09:37:18 2024
</zhome/87/8/147075> was used as the home directory.
</zhome/87/8/147075/10302/10302_NM/VBr2/V_con> was used as the working directory.
Started at Tue Apr 23 09:37:18 2024
Terminated at Tue Apr 23 11:53:21 2024
Results reported at Tue Apr 23 11:53:21 2024

Your job looked like:

------------------------------------------------------------
# LSBATCH: User input
#!/bin/bash -l
id=$LSB_JOBID
mq=/zhome/87/8/147075/.myqueue/lsf-$id
source /zhome/87/8/147075/venv-name/bin/activate
echo "venv: /zhome/87/8/147075/venv-name/bin/activate"
(touch $mq-0 && \
 cd '/zhome/87/8/147075/10302/10302_NM/VBr2/V_con' && \
 mpiexec python3 plot_3.py && \
 touch $mq-1) || \
(touch $mq-2; exit 1)

------------------------------------------------------------

Successfully completed.

Resource usage summary:

    CPU time :                                   97849.95 sec.
    Max Memory :                                 8070 MB
    Average Memory :                             5334.44 MB
    Total Requested Memory :                     73728.00 MB
    Delta Memory :                               65658.00 MB
    Max Swap :                                   -
    Max Processes :                              17
    Max Threads :                                57
    Run time :                                   8162 sec.
    Turnaround time :                            83580 sec.

The output (if any) is above this job summary.



PS:

Read file </zhome/87/8/147075/10302/10302_NM/VBr2/V_con/plot_3.py.21540951.err> for stderr output of this job.

