venv: /zhome/87/8/147075/venv-name/bin/activate
[1713605776.806563] [n-62-28-19:19795:0]          ib_md.c:1063 UCX  WARN  IB: ibv_fork_init() was disabled or failed, yet a fork() has been issued.
[1713605776.806607] [n-62-28-19:19795:0]          ib_md.c:1064 UCX  WARN  IB: data corruption might occur when using registered memory.
[1713605776.806599] [n-62-28-19:19798:0]          ib_md.c:1063 UCX  WARN  IB: ibv_fork_init() was disabled or failed, yet a fork() has been issued.
[1713605776.806626] [n-62-28-19:19799:0]          ib_md.c:1063 UCX  WARN  IB: ibv_fork_init() was disabled or failed, yet a fork() has been issued.
[1713605776.806660] [n-62-28-19:19799:0]          ib_md.c:1064 UCX  WARN  IB: data corruption might occur when using registered memory.
[1713605776.806580] [n-62-28-19:19800:0]          ib_md.c:1063 UCX  WARN  IB: ibv_fork_init() was disabled or failed, yet a fork() has been issued.
[1713605776.806632] [n-62-28-19:19800:0]          ib_md.c:1064 UCX  WARN  IB: data corruption might occur when using registered memory.
[1713605776.806623] [n-62-28-19:19801:0]          ib_md.c:1063 UCX  WARN  IB: ibv_fork_init() was disabled or failed, yet a fork() has been issued.
[1713605776.806658] [n-62-28-19:19801:0]          ib_md.c:1064 UCX  WARN  IB: data corruption might occur when using registered memory.
[1713605776.806587] [n-62-28-19:19805:0]          ib_md.c:1063 UCX  WARN  IB: ibv_fork_init() was disabled or failed, yet a fork() has been issued.
[1713605776.806631] [n-62-28-19:19805:0]          ib_md.c:1064 UCX  WARN  IB: data corruption might occur when using registered memory.
[1713605776.806612] [n-62-28-19:19806:0]          ib_md.c:1063 UCX  WARN  IB: ibv_fork_init() was disabled or failed, yet a fork() has been issued.
[1713605776.806662] [n-62-28-19:19806:0]          ib_md.c:1064 UCX  WARN  IB: data corruption might occur when using registered memory.
[1713605776.806615] [n-62-28-19:19793:0]          ib_md.c:1063 UCX  WARN  IB: ibv_fork_init() was disabled or failed, yet a fork() has been issued.
[1713605776.806649] [n-62-28-19:19793:0]          ib_md.c:1064 UCX  WARN  IB: data corruption might occur when using registered memory.
[1713605776.806726] [n-62-28-19:19794:0]          ib_md.c:1063 UCX  WARN  IB: ibv_fork_init() was disabled or failed, yet a fork() has been issued.
[1713605776.806768] [n-62-28-19:19794:0]          ib_md.c:1064 UCX  WARN  IB: data corruption might occur when using registered memory.
[1713605776.806576] [n-62-28-19:19796:0]          ib_md.c:1063 UCX  WARN  IB: ibv_fork_init() was disabled or failed, yet a fork() has been issued.
[1713605776.806653] [n-62-28-19:19796:0]          ib_md.c:1064 UCX  WARN  IB: data corruption might occur when using registered memory.
[1713605776.806671] [n-62-28-19:19797:0]          ib_md.c:1063 UCX  WARN  IB: ibv_fork_init() was disabled or failed, yet a fork() has been issued.
[1713605776.806711] [n-62-28-19:19797:0]          ib_md.c:1064 UCX  WARN  IB: data corruption might occur when using registered memory.
[1713605776.806710] [n-62-28-19:19803:0]          ib_md.c:1063 UCX  WARN  IB: ibv_fork_init() was disabled or failed, yet a fork() has been issued.
[1713605776.806758] [n-62-28-19:19803:0]          ib_md.c:1064 UCX  WARN  IB: data corruption might occur when using registered memory.
[1713605776.806869] [n-62-28-19:19798:0]          ib_md.c:1064 UCX  WARN  IB: data corruption might occur when using registered memory.
Calculating ground state
31 q-points in the path
=====================================
Calculating ground state
31 q-points in the path
=====================================
Calculating ground state
31 q-points in the path
=====================================
Calculating ground state
31 q-points in the path
=====================================
Calculating ground state
31 q-points in the path
=====================================
Calculating ground state
31 q-points in the path
Calculating ground state
31 q-points in the path
=====================================
=====================================
Calculating q=[0. 0. 0.]
Calculating q=[0. 0. 0.]
Calculating ground state
Calculating q=[0. 0. 0.]
31 q-points in the path
=====================================
Calculating ground state
31 q-points in the path
=====================================
Calculating q=[0. 0. 0.]
Calculating q=[0. 0. 0.]
Calculating q=[0. 0. 0.]
Calculating ground state
31 q-points in the path
=====================================
Calculating q=[0. 0. 0.]
Calculating ground state
31 q-points in the path
=====================================
Calculating q=[0. 0. 0.]
Calculating q=[0. 0. 0.]
Calculating q=[0. 0. 0.]
Calculating ground state
31 q-points in the path
=====================================
Calculating q=[0. 0. 0.]
Calculating q=[0. 0. 0.]
Energy: -15.536586576473098 eV
Magnetic moment: -1.838672874617014e-11 Bohr magnetons
Energy: -15.536586576473098 eV
Magnetic moment: -1.838672874617014e-11 Bohr magnetons
Energy: -15.536586576473098 eV
Magnetic moment: -1.838672874617014e-11 Bohr magnetons
Energy: -15.536586576473098 eV
Magnetic moment: -1.838672874617014e-11 Bohr magnetons
Energy: -15.536586576473098 eV
Magnetic moment: -1.838672874617014e-11 Bohr magnetons
Energy: -15.536586576473098 eV
Magnetic moment: -1.838672874617014e-11 Bohr magnetons
Energy: -15.536586576473098 eV
Magnetic moment: -1.838672874617014e-11 Bohr magnetons
Energy: -15.536586576473098 eV
Magnetic moment: -1.838672874617014e-11 Bohr magnetons
Energy: -15.536586576473098 eV
Magnetic moment: -1.838672874617014e-11 Bohr magnetons
Energy: -15.536586576473098 eV
Magnetic moment: -1.838672874617014e-11 Bohr magnetons
Energy: -15.536586576473098 eV
Magnetic moment: -1.838672874617014e-11 Bohr magnetons
Calculating q=[0.05 0.   0.  ]
Calculating q=[0.05 0.   0.  ]
Calculating q=[0.05 0.   0.  ]
Calculating q=[0.05 0.   0.  ]
Calculating q=[0.05 0.   0.  ]
Calculating q=[0.05 0.   0.  ]
Calculating q=[0.05 0.   0.  ]
Calculating q=[0.05 0.   0.  ]
Calculating q=[0.05 0.   0.  ]
Energy: -15.536586576473098 eV
Magnetic moment: -1.838672874617014e-11 Bohr magnetons
Calculating q=[0.05 0.   0.  ]
Calculating q=[0.05 0.   0.  ]
Calculating q=[0.05 0.   0.  ]
Energy: -15.537980807470417 eV
Magnetic moment: 6.622440479369134e-15 Bohr magnetons
Energy: -15.537980807470417 eV
Magnetic moment: 6.622440479369134e-15 Bohr magnetons
Energy: -15.537980807470417 eV
Magnetic moment: 6.622440479369134e-15 Bohr magnetons
Energy: -15.537980807470417 eV
Magnetic moment: 6.622440479369134e-15 Bohr magnetons
Energy: -15.537980807470417 eV
Magnetic moment: 6.622440479369134e-15 Bohr magnetons
Energy: -15.537980807470417 eV
Magnetic moment: 6.622440479369134e-15 Bohr magnetons
Energy: -15.537980807470417 eV
Magnetic moment: 6.622440479369134e-15 Bohr magnetons
Energy: -15.537980807470417 eV
Magnetic moment: 6.622440479369134e-15 Bohr magnetons
Energy: -15.537980807470417 eV
Magnetic moment: 6.622440479369134e-15 Bohr magnetons
Energy: -15.537980807470417 eV
Magnetic moment: 6.622440479369134e-15 Bohr magnetons
Energy: -15.537980807470417 eV
Magnetic moment: 6.622440479369134e-15 Bohr magnetons
Energy: -15.537980807470417 eV
Magnetic moment: 6.622440479369134e-15 Bohr magnetons
Calculating q=[0.1 0.  0. ]
Calculating q=[0.1 0.  0. ]
Calculating q=[0.1 0.  0. ]
Calculating q=[0.1 0.  0. ]
Calculating q=[0.1 0.  0. ]
Calculating q=[0.1 0.  0. ]
Calculating q=[0.1 0.  0. ]
Calculating q=[0.1 0.  0. ]
Calculating q=[0.1 0.  0. ]
Calculating q=[0.1 0.  0. ]
Calculating q=[0.1 0.  0. ]
Calculating q=[0.1 0.  0. ]
Energy: -15.541915060871428 eV
Magnetic moment: -3.5920069098178194e-16 Bohr magnetons
Energy: -15.541915060871428 eV
Magnetic moment: -3.5920069098178194e-16 Bohr magnetons
Energy: -15.541915060871428 eV
Magnetic moment: -3.5920069098178194e-16 Bohr magnetons
Energy: -15.541915060871428 eV
Magnetic moment: -3.5920069098178194e-16 Bohr magnetons
Energy: -15.541915060871428 eV
Magnetic moment: -3.5920069098178194e-16 Bohr magnetons
Energy: -15.541915060871428 eV
Magnetic moment: -3.5920069098178194e-16 Bohr magnetons
Energy: -15.541915060871428 eV
Magnetic moment: -3.5920069098178194e-16 Bohr magnetons
Energy: -15.541915060871428 eV
Magnetic moment: -3.5920069098178194e-16 Bohr magnetons
Energy: -15.541915060871428 eV
Magnetic moment: -3.5920069098178194e-16 Bohr magnetons
Energy: -15.541915060871428 eV
Magnetic moment: -3.5920069098178194e-16 Bohr magnetons
Energy: -15.541915060871428 eV
Magnetic moment: -3.5920069098178194e-16 Bohr magnetons
Energy: -15.541915060871428 eV
Magnetic moment: -3.5920069098178194e-16 Bohr magnetons
Calculating q=[0.15 0.   0.  ]
Calculating q=[0.15 0.   0.  ]
Calculating q=[0.15 0.   0.  ]
Calculating q=[0.15 0.   0.  ]
Calculating q=[0.15 0.   0.  ]
Calculating q=[0.15 0.   0.  ]
Calculating q=[0.15 0.   0.  ]
Calculating q=[0.15 0.   0.  ]
Calculating q=[0.15 0.   0.  ]
Calculating q=[0.15 0.   0.  ]
Calculating q=[0.15 0.   0.  ]
Calculating q=[0.15 0.   0.  ]
Energy: -15.547744543346557 eV
Magnetic moment: 3.615587399513433e-15 Bohr magnetons
Energy: -15.547744543346557 eV
Magnetic moment: 3.615587399513433e-15 Bohr magnetons
Energy: -15.547744543346557 eV
Magnetic moment: 3.615587399513433e-15 Bohr magnetons
Energy: -15.547744543346557 eV
Magnetic moment: 3.615587399513433e-15 Bohr magnetons
Energy: -15.547744543346557 eV
Magnetic moment: 3.615587399513433e-15 Bohr magnetons
Energy: -15.547744543346557 eV
Magnetic moment: 3.615587399513433e-15 Bohr magnetons
Energy: -15.547744543346557 eV
Magnetic moment: 3.615587399513433e-15 Bohr magnetons
Energy: -15.547744543346557 eV
Magnetic moment: 3.615587399513433e-15 Bohr magnetons
Energy: -15.547744543346557 eV
Magnetic moment: 3.615587399513433e-15 Bohr magnetons
Energy: -15.547744543346557 eV
Magnetic moment: 3.615587399513433e-15 Bohr magnetons
Energy: -15.547744543346557 eV
Magnetic moment: 3.615587399513433e-15 Bohr magnetons
Energy: -15.547744543346557 eV
Magnetic moment: 3.615587399513433e-15 Bohr magnetons
Calculating q=[0.2 0.  0. ]
Calculating q=[0.2 0.  0. ]
Calculating q=[0.2 0.  0. ]
Calculating q=[0.2 0.  0. ]
Calculating q=[0.2 0.  0. ]
Calculating q=[0.2 0.  0. ]
Calculating q=[0.2 0.  0. ]
Calculating q=[0.2 0.  0. ]
Calculating q=[0.2 0.  0. ]
Calculating q=[0.2 0.  0. ]
Calculating q=[0.2 0.  0. ]
Calculating q=[0.2 0.  0. ]
Energy: -15.554579516517848 eV
Magnetic moment: 4.7659030237189805e-09 Bohr magnetons
Energy: -15.554579516517848 eV
Magnetic moment: 4.7659030237189805e-09 Bohr magnetons
Energy: -15.554579516517848 eV
Magnetic moment: 4.7659030237189805e-09 Bohr magnetons
Energy: -15.554579516517848 eV
Magnetic moment: 4.7659030237189805e-09 Bohr magnetons
Energy: -15.554579516517848 eV
Magnetic moment: 4.7659030237189805e-09 Bohr magnetons
Energy: -15.554579516517848 eV
Magnetic moment: 4.7659030237189805e-09 Bohr magnetons
Energy: -15.554579516517848 eV
Magnetic moment: 4.7659030237189805e-09 Bohr magnetons
Energy: -15.554579516517848 eV
Magnetic moment: 4.7659030237189805e-09 Bohr magnetons
Energy: -15.554579516517848 eV
Magnetic moment: 4.7659030237189805e-09 Bohr magnetons
Energy: -15.554579516517848 eV
Magnetic moment: 4.7659030237189805e-09 Bohr magnetons
Energy: -15.554579516517848 eV
Magnetic moment: 4.7659030237189805e-09 Bohr magnetons
Energy: -15.554579516517848 eV
Magnetic moment: 4.7659030237189805e-09 Bohr magnetons
Calculating q=[0.25 0.   0.  ]
Calculating q=[0.25 0.   0.  ]
Calculating q=[0.25 0.   0.  ]
Calculating q=[0.25 0.   0.  ]
Calculating q=[0.25 0.   0.  ]
Calculating q=[0.25 0.   0.  ]
Calculating q=[0.25 0.   0.  ]
Calculating q=[0.25 0.   0.  ]
Calculating q=[0.25 0.   0.  ]
Calculating q=[0.25 0.   0.  ]
Calculating q=[0.25 0.   0.  ]
Calculating q=[0.25 0.   0.  ]
Energy: -15.561525346239966 eV
Magnetic moment: -5.32072156235034e-14 Bohr magnetons
Energy: -15.561525346239966 eV
Magnetic moment: -5.32072156235034e-14 Bohr magnetons
Energy: -15.561525346239966 eV
Magnetic moment: -5.32072156235034e-14 Bohr magnetons
Energy: -15.561525346239966 eV
Magnetic moment: -5.32072156235034e-14 Bohr magnetons
Energy: -15.561525346239966 eV
Magnetic moment: -5.32072156235034e-14 Bohr magnetons
Energy: -15.561525346239966 eV
Magnetic moment: -5.32072156235034e-14 Bohr magnetons
Energy: -15.561525346239966 eV
Magnetic moment: -5.32072156235034e-14 Bohr magnetons
Energy: -15.561525346239966 eV
Magnetic moment: -5.32072156235034e-14 Bohr magnetons
Energy: -15.561525346239966 eV
Magnetic moment: -5.32072156235034e-14 Bohr magnetons
Energy: -15.561525346239966 eV
Magnetic moment: -5.32072156235034e-14 Bohr magnetons
Energy: -15.561525346239966 eV
Magnetic moment: -5.32072156235034e-14 Bohr magnetons
Energy: -15.561525346239966 eV
Magnetic moment: -5.32072156235034e-14 Bohr magnetons
Calculating q=[0.3 0.  0. ]
Calculating q=[0.3 0.  0. ]
Calculating q=[0.3 0.  0. ]
Calculating q=[0.3 0.  0. ]
Calculating q=[0.3 0.  0. ]
Calculating q=[0.3 0.  0. ]
Calculating q=[0.3 0.  0. ]
Calculating q=[0.3 0.  0. ]
Calculating q=[0.3 0.  0. ]
Calculating q=[0.3 0.  0. ]
Calculating q=[0.3 0.  0. ]
Calculating q=[0.3 0.  0. ]
Energy: -15.567822327157664 eV
Magnetic moment: -1.7442810770862275e-14 Bohr magnetons
Energy: -15.567822327157664 eV
Magnetic moment: -1.7442810770862275e-14 Bohr magnetons
Energy: -15.567822327157664 eV
Magnetic moment: -1.7442810770862275e-14 Bohr magnetons
Energy: -15.567822327157664 eV
Magnetic moment: -1.7442810770862275e-14 Bohr magnetons
Energy: -15.567822327157664 eV
Magnetic moment: -1.7442810770862275e-14 Bohr magnetons
Energy: -15.567822327157664 eV
Magnetic moment: -1.7442810770862275e-14 Bohr magnetons
Energy: -15.567822327157664 eV
Magnetic moment: -1.7442810770862275e-14 Bohr magnetons
Energy: -15.567822327157664 eV
Magnetic moment: -1.7442810770862275e-14 Bohr magnetons
Energy: -15.567822327157664 eV
Magnetic moment: -1.7442810770862275e-14 Bohr magnetons
Energy: -15.567822327157664 eV
Magnetic moment: -1.7442810770862275e-14 Bohr magnetons
Energy: -15.567822327157664 eV
Magnetic moment: -1.7442810770862275e-14 Bohr magnetons
Energy: -15.567822327157664 eV
Magnetic moment: -1.7442810770862275e-14 Bohr magnetons
Calculating q=[0.35 0.   0.  ]
Calculating q=[0.35 0.   0.  ]
Calculating q=[0.35 0.   0.  ]
Calculating q=[0.35 0.   0.  ]
Calculating q=[0.35 0.   0.  ]
Calculating q=[0.35 0.   0.  ]
Calculating q=[0.35 0.   0.  ]
Calculating q=[0.35 0.   0.  ]
Calculating q=[0.35 0.   0.  ]
Calculating q=[0.35 0.   0.  ]
Calculating q=[0.35 0.   0.  ]
Calculating q=[0.35 0.   0.  ]
Energy: -15.572972862452788 eV
Magnetic moment: -1.4089992914197296e-11 Bohr magnetons
Energy: -15.572972862452788 eV
Magnetic moment: -1.4089992914197296e-11 Bohr magnetons
Energy: -15.572972862452788 eV
Magnetic moment: -1.4089992914197296e-11 Bohr magnetons
Energy: -15.572972862452788 eV
Magnetic moment: -1.4089992914197296e-11 Bohr magnetons
Energy: -15.572972862452788 eV
Magnetic moment: -1.4089992914197296e-11 Bohr magnetons
Energy: -15.572972862452788 eV
Magnetic moment: -1.4089992914197296e-11 Bohr magnetons
Energy: -15.572972862452788 eV
Magnetic moment: -1.4089992914197296e-11 Bohr magnetons
Energy: -15.572972862452788 eV
Magnetic moment: -1.4089992914197296e-11 Bohr magnetons
Energy: -15.572972862452788 eV
Magnetic moment: -1.4089992914197296e-11 Bohr magnetons
Energy: -15.572972862452788 eV
Magnetic moment: -1.4089992914197296e-11 Bohr magnetons
Energy: -15.572972862452788 eV
Magnetic moment: -1.4089992914197296e-11 Bohr magnetons
Energy: -15.572972862452788 eV
Magnetic moment: -1.4089992914197296e-11 Bohr magnetons
Calculating q=[0.4 0.  0. ]
Calculating q=[0.4 0.  0. ]
Calculating q=[0.4 0.  0. ]
Calculating q=[0.4 0.  0. ]
Calculating q=[0.4 0.  0. ]
Calculating q=[0.4 0.  0. ]
Calculating q=[0.4 0.  0. ]
Calculating q=[0.4 0.  0. ]
Calculating q=[0.4 0.  0. ]
Calculating q=[0.4 0.  0. ]
Calculating q=[0.4 0.  0. ]
Calculating q=[0.4 0.  0. ]
Energy: -15.57670469762402 eV
Magnetic moment: 1.0154106620752112e-15 Bohr magnetons
Energy: -15.57670469762402 eV
Magnetic moment: 1.0154106620752112e-15 Bohr magnetons
Energy: -15.57670469762402 eV
Magnetic moment: 1.0154106620752112e-15 Bohr magnetons
Energy: -15.57670469762402 eV
Magnetic moment: 1.0154106620752112e-15 Bohr magnetons
Energy: -15.57670469762402 eV
Magnetic moment: 1.0154106620752112e-15 Bohr magnetons
Energy: -15.57670469762402 eV
Magnetic moment: 1.0154106620752112e-15 Bohr magnetons
Energy: -15.57670469762402 eV
Magnetic moment: 1.0154106620752112e-15 Bohr magnetons
Energy: -15.57670469762402 eV
Magnetic moment: 1.0154106620752112e-15 Bohr magnetons
Energy: -15.57670469762402 eV
Magnetic moment: 1.0154106620752112e-15 Bohr magnetons
Energy: -15.57670469762402 eV
Magnetic moment: 1.0154106620752112e-15 Bohr magnetons
Energy: -15.57670469762402 eV
Magnetic moment: 1.0154106620752112e-15 Bohr magnetons
Energy: -15.57670469762402 eV
Magnetic moment: 1.0154106620752112e-15 Bohr magnetons
Calculating q=[0.45 0.   0.  ]
Calculating q=[0.45 0.   0.  ]
Calculating q=[0.45 0.   0.  ]
Calculating q=[0.45 0.   0.  ]
Calculating q=[0.45 0.   0.  ]
Calculating q=[0.45 0.   0.  ]
Calculating q=[0.45 0.   0.  ]
Calculating q=[0.45 0.   0.  ]
Calculating q=[0.45 0.   0.  ]
Calculating q=[0.45 0.   0.  ]
Calculating q=[0.45 0.   0.  ]
Calculating q=[0.45 0.   0.  ]
Energy: -15.578930323729068 eV
Magnetic moment: -1.15034125552457e-11 Bohr magnetons
Energy: -15.578930323729068 eV
Magnetic moment: -1.15034125552457e-11 Bohr magnetons
Energy: -15.578930323729068 eV
Magnetic moment: -1.15034125552457e-11 Bohr magnetons
Energy: -15.578930323729068 eV
Magnetic moment: -1.15034125552457e-11 Bohr magnetons
Energy: -15.578930323729068 eV
Magnetic moment: -1.15034125552457e-11 Bohr magnetons
Energy: -15.578930323729068 eV
Magnetic moment: -1.15034125552457e-11 Bohr magnetons
Energy: -15.578930323729068 eV
Magnetic moment: -1.15034125552457e-11 Bohr magnetons
Energy: -15.578930323729068 eV
Magnetic moment: -1.15034125552457e-11 Bohr magnetons
Energy: -15.578930323729068 eV
Magnetic moment: -1.15034125552457e-11 Bohr magnetons
Energy: -15.578930323729068 eV
Magnetic moment: -1.15034125552457e-11 Bohr magnetons
Energy: -15.578930323729068 eV
Magnetic moment: -1.15034125552457e-11 Bohr magnetons
Energy: -15.578930323729068 eV
Magnetic moment: -1.15034125552457e-11 Bohr magnetons
Calculating q=[0.5 0.  0. ]
Calculating q=[0.5 0.  0. ]
Calculating q=[0.5 0.  0. ]
Calculating q=[0.5 0.  0. ]
Calculating q=[0.5 0.  0. ]
Calculating q=[0.5 0.  0. ]
Calculating q=[0.5 0.  0. ]
Calculating q=[0.5 0.  0. ]
Calculating q=[0.5 0.  0. ]
Calculating q=[0.5 0.  0. ]
Calculating q=[0.5 0.  0. ]
Calculating q=[0.5 0.  0. ]
Energy: -15.579653111239498 eV
Magnetic moment: 1.0756497623685393e-14 Bohr magnetons
Energy: -15.579653111239498 eV
Magnetic moment: 1.0756497623685393e-14 Bohr magnetons
Energy: -15.579653111239498 eV
Magnetic moment: 1.0756497623685393e-14 Bohr magnetons
Energy: -15.579653111239498 eV
Magnetic moment: 1.0756497623685393e-14 Bohr magnetons
Energy: -15.579653111239498 eV
Magnetic moment: 1.0756497623685393e-14 Bohr magnetons
Energy: -15.579653111239498 eV
Magnetic moment: 1.0756497623685393e-14 Bohr magnetons
Energy: -15.579653111239498 eV
Magnetic moment: 1.0756497623685393e-14 Bohr magnetons
Energy: -15.579653111239498 eV
Magnetic moment: 1.0756497623685393e-14 Bohr magnetons
Energy: -15.579653111239498 eV
Magnetic moment: 1.0756497623685393e-14 Bohr magnetons
Energy: -15.579653111239498 eV
Magnetic moment: 1.0756497623685393e-14 Bohr magnetons
Energy: -15.579653111239498 eV
Magnetic moment: 1.0756497623685393e-14 Bohr magnetons
Energy: -15.579653111239498 eV
Magnetic moment: 1.0756497623685393e-14 Bohr magnetons
Calculating q=[0.47222222 0.05555556 0.        ]
Calculating q=[0.47222222 0.05555556 0.        ]
Calculating q=[0.47222222 0.05555556 0.        ]
Calculating q=[0.47222222 0.05555556 0.        ]
Calculating q=[0.47222222 0.05555556 0.        ]
Calculating q=[0.47222222 0.05555556 0.        ]
Calculating q=[0.47222222 0.05555556 0.        ]
Calculating q=[0.47222222 0.05555556 0.        ]
Calculating q=[0.47222222 0.05555556 0.        ]
Calculating q=[0.47222222 0.05555556 0.        ]
Calculating q=[0.47222222 0.05555556 0.        ]
Calculating q=[0.47222222 0.05555556 0.        ]
Energy: -15.58022867735263 eV
Magnetic moment: 3.319124212895818e-15 Bohr magnetons
Energy: -15.58022867735263 eV
Magnetic moment: 3.319124212895818e-15 Bohr magnetons
Energy: -15.58022867735263 eV
Magnetic moment: 3.319124212895818e-15 Bohr magnetons
Energy: -15.58022867735263 eV
Magnetic moment: 3.319124212895818e-15 Bohr magnetons
Energy: -15.58022867735263 eV
Magnetic moment: 3.319124212895818e-15 Bohr magnetons
Energy: -15.58022867735263 eV
Magnetic moment: 3.319124212895818e-15 Bohr magnetons
Energy: -15.58022867735263 eV
Magnetic moment: 3.319124212895818e-15 Bohr magnetons
Energy: -15.58022867735263 eV
Magnetic moment: 3.319124212895818e-15 Bohr magnetons
Energy: -15.58022867735263 eV
Magnetic moment: 3.319124212895818e-15 Bohr magnetons
Energy: -15.58022867735263 eV
Magnetic moment: 3.319124212895818e-15 Bohr magnetons
Energy: -15.58022867735263 eV
Magnetic moment: 3.319124212895818e-15 Bohr magnetons
Energy: -15.58022867735263 eV
Magnetic moment: 3.319124212895818e-15 Bohr magnetons
Calculating q=[0.44444444 0.11111111 0.        ]
Calculating q=[0.44444444 0.11111111 0.        ]
Calculating q=[0.44444444 0.11111111 0.        ]
Calculating q=[0.44444444 0.11111111 0.        ]
Calculating q=[0.44444444 0.11111111 0.        ]
Calculating q=[0.44444444 0.11111111 0.        ]
Calculating q=[0.44444444 0.11111111 0.        ]
Calculating q=[0.44444444 0.11111111 0.        ]
Calculating q=[0.44444444 0.11111111 0.        ]
Calculating q=[0.44444444 0.11111111 0.        ]
Calculating q=[0.44444444 0.11111111 0.        ]
Calculating q=[0.44444444 0.11111111 0.        ]
Energy: -15.581795555906858 eV
Magnetic moment: 8.88951558868165e-16 Bohr magnetons
Energy: -15.581795555906858 eV
Magnetic moment: 8.88951558868165e-16 Bohr magnetons
Energy: -15.581795555906858 eV
Magnetic moment: 8.88951558868165e-16 Bohr magnetons
Energy: -15.581795555906858 eV
Magnetic moment: 8.88951558868165e-16 Bohr magnetons
Energy: -15.581795555906858 eV
Magnetic moment: 8.88951558868165e-16 Bohr magnetons
Energy: -15.581795555906858 eV
Magnetic moment: 8.88951558868165e-16 Bohr magnetons
Energy: -15.581795555906858 eV
Magnetic moment: 8.88951558868165e-16 Bohr magnetons
Energy: -15.581795555906858 eV
Magnetic moment: 8.88951558868165e-16 Bohr magnetons
Energy: -15.581795555906858 eV
Magnetic moment: 8.88951558868165e-16 Bohr magnetons
Energy: -15.581795555906858 eV
Magnetic moment: 8.88951558868165e-16 Bohr magnetons
Energy: -15.581795555906858 eV
Magnetic moment: 8.88951558868165e-16 Bohr magnetons
Energy: -15.581795555906858 eV
Magnetic moment: 8.88951558868165e-16 Bohr magnetons
Calculating q=[0.41666667 0.16666667 0.        ]
Calculating q=[0.41666667 0.16666667 0.        ]
Calculating q=[0.41666667 0.16666667 0.        ]
Calculating q=[0.41666667 0.16666667 0.        ]
Calculating q=[0.41666667 0.16666667 0.        ]
Calculating q=[0.41666667 0.16666667 0.        ]
Calculating q=[0.41666667 0.16666667 0.        ]
Calculating q=[0.41666667 0.16666667 0.        ]
Calculating q=[0.41666667 0.16666667 0.        ]
Calculating q=[0.41666667 0.16666667 0.        ]
Calculating q=[0.41666667 0.16666667 0.        ]
Calculating q=[0.41666667 0.16666667 0.        ]
Energy: -15.583890155094567 eV
Magnetic moment: 1.2166113895183133e-14 Bohr magnetons
Energy: -15.583890155094567 eV
Magnetic moment: 1.2166113895183133e-14 Bohr magnetons
Energy: -15.583890155094567 eV
Magnetic moment: 1.2166113895183133e-14 Bohr magnetons
Energy: -15.583890155094567 eV
Magnetic moment: 1.2166113895183133e-14 Bohr magnetons
Energy: -15.583890155094567 eV
Magnetic moment: 1.2166113895183133e-14 Bohr magnetons
Energy: -15.583890155094567 eV
Magnetic moment: 1.2166113895183133e-14 Bohr magnetons
Energy: -15.583890155094567 eV
Magnetic moment: 1.2166113895183133e-14 Bohr magnetons
Energy: -15.583890155094567 eV
Magnetic moment: 1.2166113895183133e-14 Bohr magnetons
Energy: -15.583890155094567 eV
Magnetic moment: 1.2166113895183133e-14 Bohr magnetons
Energy: -15.583890155094567 eV
Magnetic moment: 1.2166113895183133e-14 Bohr magnetons
Energy: -15.583890155094567 eV
Magnetic moment: 1.2166113895183133e-14 Bohr magnetons
Energy: -15.583890155094567 eV
Magnetic moment: 1.2166113895183133e-14 Bohr magnetons
Calculating q=[0.38888889 0.22222222 0.        ]
Calculating q=[0.38888889 0.22222222 0.        ]
Calculating q=[0.38888889 0.22222222 0.        ]
Calculating q=[0.38888889 0.22222222 0.        ]
Calculating q=[0.38888889 0.22222222 0.        ]
Calculating q=[0.38888889 0.22222222 0.        ]
Calculating q=[0.38888889 0.22222222 0.        ]
Calculating q=[0.38888889 0.22222222 0.        ]
Calculating q=[0.38888889 0.22222222 0.        ]
Calculating q=[0.38888889 0.22222222 0.        ]
Calculating q=[0.38888889 0.22222222 0.        ]
Calculating q=[0.38888889 0.22222222 0.        ]
Energy: -15.585938139788977 eV
Magnetic moment: -5.1863028636604804e-15 Bohr magnetons
Energy: -15.585938139788977 eV
Magnetic moment: -5.1863028636604804e-15 Bohr magnetons
Energy: -15.585938139788977 eV
Magnetic moment: -5.1863028636604804e-15 Bohr magnetons
Energy: -15.585938139788977 eV
Magnetic moment: -5.1863028636604804e-15 Bohr magnetons
Energy: -15.585938139788977 eV
Magnetic moment: -5.1863028636604804e-15 Bohr magnetons
Energy: -15.585938139788977 eV
Magnetic moment: -5.1863028636604804e-15 Bohr magnetons
Energy: -15.585938139788977 eV
Magnetic moment: -5.1863028636604804e-15 Bohr magnetons
Energy: -15.585938139788977 eV
Magnetic moment: -5.1863028636604804e-15 Bohr magnetons
Energy: -15.585938139788977 eV
Magnetic moment: -5.1863028636604804e-15 Bohr magnetons
Energy: -15.585938139788977 eV
Magnetic moment: -5.1863028636604804e-15 Bohr magnetons
Energy: -15.585938139788977 eV
Magnetic moment: -5.1863028636604804e-15 Bohr magnetons
Calculating q=[0.36111111 0.27777778 0.        ]
Energy: -15.585938139788977 eV
Magnetic moment: -5.1863028636604804e-15 Bohr magnetons
Calculating q=[0.36111111 0.27777778 0.        ]
Calculating q=[0.36111111 0.27777778 0.        ]
Calculating q=[0.36111111 0.27777778 0.        ]
Calculating q=[0.36111111 0.27777778 0.        ]
Calculating q=[0.36111111 0.27777778 0.        ]
Calculating q=[0.36111111 0.27777778 0.        ]
Calculating q=[0.36111111 0.27777778 0.        ]
Calculating q=[0.36111111 0.27777778 0.        ]
Calculating q=[0.36111111 0.27777778 0.        ]
Calculating q=[0.36111111 0.27777778 0.        ]
Calculating q=[0.36111111 0.27777778 0.        ]
Energy: -15.58741651353281 eV
Magnetic moment: -2.712802749293638e-15 Bohr magnetons
Energy: -15.58741651353281 eV
Magnetic moment: -2.712802749293638e-15 Bohr magnetons
Energy: -15.58741651353281 eV
Magnetic moment: -2.712802749293638e-15 Bohr magnetons
Energy: -15.58741651353281 eV
Magnetic moment: -2.712802749293638e-15 Bohr magnetons
Energy: -15.58741651353281 eV
Magnetic moment: -2.712802749293638e-15 Bohr magnetons
Energy: -15.58741651353281 eV
Magnetic moment: -2.712802749293638e-15 Bohr magnetons
Energy: -15.58741651353281 eV
Magnetic moment: -2.712802749293638e-15 Bohr magnetons
Energy: -15.58741651353281 eV
Magnetic moment: -2.712802749293638e-15 Bohr magnetons
Energy: -15.58741651353281 eV
Magnetic moment: -2.712802749293638e-15 Bohr magnetons
Energy: -15.58741651353281 eV
Magnetic moment: -2.712802749293638e-15 Bohr magnetons
Energy: -15.58741651353281 eV
Magnetic moment: -2.712802749293638e-15 Bohr magnetons
Energy: -15.58741651353281 eV
Magnetic moment: -2.712802749293638e-15 Bohr magnetons
Calculating q=[0.33333333 0.33333333 0.        ]
Calculating q=[0.33333333 0.33333333 0.        ]
Calculating q=[0.33333333 0.33333333 0.        ]
Calculating q=[0.33333333 0.33333333 0.        ]
Calculating q=[0.33333333 0.33333333 0.        ]
Calculating q=[0.33333333 0.33333333 0.        ]
Calculating q=[0.33333333 0.33333333 0.        ]
Calculating q=[0.33333333 0.33333333 0.        ]
Calculating q=[0.33333333 0.33333333 0.        ]
Calculating q=[0.33333333 0.33333333 0.        ]
Calculating q=[0.33333333 0.33333333 0.        ]
Calculating q=[0.33333333 0.33333333 0.        ]
Energy: -15.587946240353684 eV
Magnetic moment: 2.271217753127665e-15 Bohr magnetons
Energy: -15.587946240353684 eV
Magnetic moment: 2.271217753127665e-15 Bohr magnetons
Energy: -15.587946240353684 eV
Magnetic moment: 2.271217753127665e-15 Bohr magnetons
Energy: -15.587946240353684 eV
Magnetic moment: 2.271217753127665e-15 Bohr magnetons
Energy: -15.587946240353684 eV
Magnetic moment: 2.271217753127665e-15 Bohr magnetons
Energy: -15.587946240353684 eV
Magnetic moment: 2.271217753127665e-15 Bohr magnetons
Energy: -15.587946240353684 eV
Magnetic moment: 2.271217753127665e-15 Bohr magnetons
Energy: -15.587946240353684 eV
Magnetic moment: 2.271217753127665e-15 Bohr magnetons
Energy: -15.587946240353684 eV
Magnetic moment: 2.271217753127665e-15 Bohr magnetons
Energy: -15.587946240353684 eV
Magnetic moment: 2.271217753127665e-15 Bohr magnetons
Energy: -15.587946240353684 eV
Magnetic moment: 2.271217753127665e-15 Bohr magnetons
Energy: -15.587946240353684 eV
Magnetic moment: 2.271217753127665e-15 Bohr magnetons
Calculating q=[0.30952381 0.30952381 0.        ]
Calculating q=[0.30952381 0.30952381 0.        ]
Calculating q=[0.30952381 0.30952381 0.        ]
Calculating q=[0.30952381 0.30952381 0.        ]
Calculating q=[0.30952381 0.30952381 0.        ]
Calculating q=[0.30952381 0.30952381 0.        ]
Calculating q=[0.30952381 0.30952381 0.        ]
Calculating q=[0.30952381 0.30952381 0.        ]
Calculating q=[0.30952381 0.30952381 0.        ]
Calculating q=[0.30952381 0.30952381 0.        ]
Calculating q=[0.30952381 0.30952381 0.        ]
Calculating q=[0.30952381 0.30952381 0.        ]
Energy: -15.587527744844206 eV
Magnetic moment: -5.03509950211048e-15 Bohr magnetons
Energy: -15.587527744844206 eV
Magnetic moment: -5.03509950211048e-15 Bohr magnetons
Energy: -15.587527744844206 eV
Magnetic moment: -5.03509950211048e-15 Bohr magnetons
Energy: -15.587527744844206 eV
Magnetic moment: -5.03509950211048e-15 Bohr magnetons
Energy: -15.587527744844206 eV
Magnetic moment: -5.03509950211048e-15 Bohr magnetons
Energy: -15.587527744844206 eV
Magnetic moment: -5.03509950211048e-15 Bohr magnetons
Energy: -15.587527744844206 eV
Magnetic moment: -5.03509950211048e-15 Bohr magnetons
Energy: -15.587527744844206 eV
Magnetic moment: -5.03509950211048e-15 Bohr magnetons
Energy: -15.587527744844206 eV
Magnetic moment: -5.03509950211048e-15 Bohr magnetons
Energy: -15.587527744844206 eV
Magnetic moment: -5.03509950211048e-15 Bohr magnetons
Energy: -15.587527744844206 eV
Magnetic moment: -5.03509950211048e-15 Bohr magnetons
Energy: -15.587527744844206 eV
Magnetic moment: -5.03509950211048e-15 Bohr magnetons
Calculating q=[0.28571429 0.28571429 0.        ]
Calculating q=[0.28571429 0.28571429 0.        ]
Calculating q=[0.28571429 0.28571429 0.        ]
Calculating q=[0.28571429 0.28571429 0.        ]
Calculating q=[0.28571429 0.28571429 0.        ]
Calculating q=[0.28571429 0.28571429 0.        ]
Calculating q=[0.28571429 0.28571429 0.        ]
Calculating q=[0.28571429 0.28571429 0.        ]
Calculating q=[0.28571429 0.28571429 0.        ]
Calculating q=[0.28571429 0.28571429 0.        ]
Calculating q=[0.28571429 0.28571429 0.        ]
Calculating q=[0.28571429 0.28571429 0.        ]
Energy: -15.586218144386944 eV
Magnetic moment: -2.395952137287095e-16 Bohr magnetons
Energy: -15.586218144386944 eV
Magnetic moment: -2.395952137287095e-16 Bohr magnetons
Energy: -15.586218144386944 eV
Magnetic moment: -2.395952137287095e-16 Bohr magnetons
Energy: -15.586218144386944 eV
Magnetic moment: -2.395952137287095e-16 Bohr magnetons
Energy: -15.586218144386944 eV
Magnetic moment: -2.395952137287095e-16 Bohr magnetons
Energy: -15.586218144386944 eV
Magnetic moment: -2.395952137287095e-16 Bohr magnetons
Energy: -15.586218144386944 eV
Magnetic moment: -2.395952137287095e-16 Bohr magnetons
Energy: -15.586218144386944 eV
Magnetic moment: -2.395952137287095e-16 Bohr magnetons
Energy: -15.586218144386944 eV
Magnetic moment: -2.395952137287095e-16 Bohr magnetons
Energy: -15.586218144386944 eV
Magnetic moment: -2.395952137287095e-16 Bohr magnetons
Energy: -15.586218144386944 eV
Magnetic moment: -2.395952137287095e-16 Bohr magnetons
Energy: -15.586218144386944 eV
Magnetic moment: -2.395952137287095e-16 Bohr magnetons
Calculating q=[0.26190476 0.26190476 0.        ]
Calculating q=[0.26190476 0.26190476 0.        ]
Calculating q=[0.26190476 0.26190476 0.        ]
Calculating q=[0.26190476 0.26190476 0.        ]
Calculating q=[0.26190476 0.26190476 0.        ]
Calculating q=[0.26190476 0.26190476 0.        ]
Calculating q=[0.26190476 0.26190476 0.        ]
Calculating q=[0.26190476 0.26190476 0.        ]
Calculating q=[0.26190476 0.26190476 0.        ]
Calculating q=[0.26190476 0.26190476 0.        ]
Calculating q=[0.26190476 0.26190476 0.        ]
Calculating q=[0.26190476 0.26190476 0.        ]
Energy: -15.584025788847917 eV
Magnetic moment: -2.309170670307066e-16 Bohr magnetons
Energy: -15.584025788847917 eV
Magnetic moment: -2.309170670307066e-16 Bohr magnetons
Energy: -15.584025788847917 eV
Magnetic moment: -2.309170670307066e-16 Bohr magnetons
Energy: -15.584025788847917 eV
Magnetic moment: -2.309170670307066e-16 Bohr magnetons
Energy: -15.584025788847917 eV
Magnetic moment: -2.309170670307066e-16 Bohr magnetons
Energy: -15.584025788847917 eV
Magnetic moment: -2.309170670307066e-16 Bohr magnetons
Energy: -15.584025788847917 eV
Magnetic moment: -2.309170670307066e-16 Bohr magnetons
Energy: -15.584025788847917 eV
Magnetic moment: -2.309170670307066e-16 Bohr magnetons
Energy: -15.584025788847917 eV
Magnetic moment: -2.309170670307066e-16 Bohr magnetons
Energy: -15.584025788847917 eV
Magnetic moment: -2.309170670307066e-16 Bohr magnetons
Energy: -15.584025788847917 eV
Magnetic moment: -2.309170670307066e-16 Bohr magnetons
Energy: -15.584025788847917 eV
Magnetic moment: -2.309170670307066e-16 Bohr magnetons
Calculating q=[0.23809524 0.23809524 0.        ]
Calculating q=[0.23809524 0.23809524 0.        ]
Calculating q=[0.23809524 0.23809524 0.        ]
Calculating q=[0.23809524 0.23809524 0.        ]
Calculating q=[0.23809524 0.23809524 0.        ]
Calculating q=[0.23809524 0.23809524 0.        ]
Calculating q=[0.23809524 0.23809524 0.        ]
Calculating q=[0.23809524 0.23809524 0.        ]
Calculating q=[0.23809524 0.23809524 0.        ]
Calculating q=[0.23809524 0.23809524 0.        ]
Calculating q=[0.23809524 0.23809524 0.        ]
Calculating q=[0.23809524 0.23809524 0.        ]
Energy: -15.580980033193292 eV
Magnetic moment: -2.7965672901259997e-15 Bohr magnetons
Energy: -15.580980033193292 eV
Magnetic moment: -2.7965672901259997e-15 Bohr magnetons
Energy: -15.580980033193292 eV
Magnetic moment: -2.7965672901259997e-15 Bohr magnetons
Energy: -15.580980033193292 eV
Magnetic moment: -2.7965672901259997e-15 Bohr magnetons
Energy: -15.580980033193292 eV
Magnetic moment: -2.7965672901259997e-15 Bohr magnetons
Energy: -15.580980033193292 eV
Magnetic moment: -2.7965672901259997e-15 Bohr magnetons
Energy: -15.580980033193292 eV
Magnetic moment: -2.7965672901259997e-15 Bohr magnetons
Energy: -15.580980033193292 eV
Magnetic moment: -2.7965672901259997e-15 Bohr magnetons
Energy: -15.580980033193292 eV
Magnetic moment: -2.7965672901259997e-15 Bohr magnetons
Energy: -15.580980033193292 eV
Magnetic moment: -2.7965672901259997e-15 Bohr magnetons
Energy: -15.580980033193292 eV
Magnetic moment: -2.7965672901259997e-15 Bohr magnetons
Energy: -15.580980033193292 eV
Magnetic moment: -2.7965672901259997e-15 Bohr magnetons
Calculating q=[0.21428571 0.21428571 0.        ]
Calculating q=[0.21428571 0.21428571 0.        ]
Calculating q=[0.21428571 0.21428571 0.        ]
Calculating q=[0.21428571 0.21428571 0.        ]
Calculating q=[0.21428571 0.21428571 0.        ]
Calculating q=[0.21428571 0.21428571 0.        ]
Calculating q=[0.21428571 0.21428571 0.        ]
Calculating q=[0.21428571 0.21428571 0.        ]
Calculating q=[0.21428571 0.21428571 0.        ]
Calculating q=[0.21428571 0.21428571 0.        ]
Calculating q=[0.21428571 0.21428571 0.        ]
Calculating q=[0.21428571 0.21428571 0.        ]
Energy: -15.577125482786453 eV
Magnetic moment: -1.5341893252928706e-15 Bohr magnetons
Energy: -15.577125482786453 eV
Magnetic moment: -1.5341893252928706e-15 Bohr magnetons
Energy: -15.577125482786453 eV
Magnetic moment: -1.5341893252928706e-15 Bohr magnetons
Energy: -15.577125482786453 eV
Magnetic moment: -1.5341893252928706e-15 Bohr magnetons
Energy: -15.577125482786453 eV
Magnetic moment: -1.5341893252928706e-15 Bohr magnetons
Energy: -15.577125482786453 eV
Magnetic moment: -1.5341893252928706e-15 Bohr magnetons
Energy: -15.577125482786453 eV
Magnetic moment: -1.5341893252928706e-15 Bohr magnetons
Energy: -15.577125482786453 eV
Magnetic moment: -1.5341893252928706e-15 Bohr magnetons
Energy: -15.577125482786453 eV
Magnetic moment: -1.5341893252928706e-15 Bohr magnetons
Energy: -15.577125482786453 eV
Magnetic moment: -1.5341893252928706e-15 Bohr magnetons
Energy: -15.577125482786453 eV
Magnetic moment: -1.5341893252928706e-15 Bohr magnetons
Energy: -15.577125482786453 eV
Magnetic moment: -1.5341893252928706e-15 Bohr magnetons
Calculating q=[0.19047619 0.19047619 0.        ]
Calculating q=[0.19047619 0.19047619 0.        ]
Calculating q=[0.19047619 0.19047619 0.        ]
Calculating q=[0.19047619 0.19047619 0.        ]
Calculating q=[0.19047619 0.19047619 0.        ]
Calculating q=[0.19047619 0.19047619 0.        ]
Calculating q=[0.19047619 0.19047619 0.        ]
Calculating q=[0.19047619 0.19047619 0.        ]
Calculating q=[0.19047619 0.19047619 0.        ]
Calculating q=[0.19047619 0.19047619 0.        ]
Calculating q=[0.19047619 0.19047619 0.        ]
Calculating q=[0.19047619 0.19047619 0.        ]
Energy: -15.57252300130502 eV
Magnetic moment: -4.697713463801529e-16 Bohr magnetons
Energy: -15.57252300130502 eV
Magnetic moment: -4.697713463801529e-16 Bohr magnetons
Energy: -15.57252300130502 eV
Magnetic moment: -4.697713463801529e-16 Bohr magnetons
Energy: -15.57252300130502 eV
Magnetic moment: -4.697713463801529e-16 Bohr magnetons
Energy: -15.57252300130502 eV
Magnetic moment: -4.697713463801529e-16 Bohr magnetons
Energy: -15.57252300130502 eV
Magnetic moment: -4.697713463801529e-16 Bohr magnetons
Energy: -15.57252300130502 eV
Magnetic moment: -4.697713463801529e-16 Bohr magnetons
Energy: -15.57252300130502 eV
Magnetic moment: -4.697713463801529e-16 Bohr magnetons
Energy: -15.57252300130502 eV
Magnetic moment: -4.697713463801529e-16 Bohr magnetons
Energy: -15.57252300130502 eV
Magnetic moment: -4.697713463801529e-16 Bohr magnetons
Energy: -15.57252300130502 eV
Magnetic moment: -4.697713463801529e-16 Bohr magnetons
Energy: -15.57252300130502 eV
Magnetic moment: -4.697713463801529e-16 Bohr magnetons
Calculating q=[0.16666667 0.16666667 0.        ]
Calculating q=[0.16666667 0.16666667 0.        ]
Calculating q=[0.16666667 0.16666667 0.        ]
Calculating q=[0.16666667 0.16666667 0.        ]
Calculating q=[0.16666667 0.16666667 0.        ]
Calculating q=[0.16666667 0.16666667 0.        ]
Calculating q=[0.16666667 0.16666667 0.        ]
Calculating q=[0.16666667 0.16666667 0.        ]
Calculating q=[0.16666667 0.16666667 0.        ]
Calculating q=[0.16666667 0.16666667 0.        ]
Calculating q=[0.16666667 0.16666667 0.        ]
Calculating q=[0.16666667 0.16666667 0.        ]
Energy: -15.567272161027152 eV
Magnetic moment: -2.337976463375337e-15 Bohr magnetons
Energy: -15.567272161027152 eV
Magnetic moment: -2.337976463375337e-15 Bohr magnetons
Energy: -15.567272161027152 eV
Magnetic moment: -2.337976463375337e-15 Bohr magnetons
Energy: -15.567272161027152 eV
Magnetic moment: -2.337976463375337e-15 Bohr magnetons
Energy: -15.567272161027152 eV
Magnetic moment: -2.337976463375337e-15 Bohr magnetons
Energy: -15.567272161027152 eV
Magnetic moment: -2.337976463375337e-15 Bohr magnetons
Energy: -15.567272161027152 eV
Magnetic moment: -2.337976463375337e-15 Bohr magnetons
Energy: -15.567272161027152 eV
Magnetic moment: -2.337976463375337e-15 Bohr magnetons
Energy: -15.567272161027152 eV
Magnetic moment: -2.337976463375337e-15 Bohr magnetons
Energy: -15.567272161027152 eV
Magnetic moment: -2.337976463375337e-15 Bohr magnetons
Energy: -15.567272161027152 eV
Magnetic moment: -2.337976463375337e-15 Bohr magnetons
Energy: -15.567272161027152 eV
Magnetic moment: -2.337976463375337e-15 Bohr magnetons
Calculating q=[0.14285714 0.14285714 0.        ]
Calculating q=[0.14285714 0.14285714 0.        ]
Calculating q=[0.14285714 0.14285714 0.        ]
Calculating q=[0.14285714 0.14285714 0.        ]
Calculating q=[0.14285714 0.14285714 0.        ]
Calculating q=[0.14285714 0.14285714 0.        ]
Calculating q=[0.14285714 0.14285714 0.        ]
Calculating q=[0.14285714 0.14285714 0.        ]
Calculating q=[0.14285714 0.14285714 0.        ]
Calculating q=[0.14285714 0.14285714 0.        ]
Calculating q=[0.14285714 0.14285714 0.        ]
Calculating q=[0.14285714 0.14285714 0.        ]
Energy: -15.561541215541668 eV
Magnetic moment: -2.867612687269853e-15 Bohr magnetons
Energy: -15.561541215541668 eV
Magnetic moment: -2.867612687269853e-15 Bohr magnetons
Energy: -15.561541215541668 eV
Magnetic moment: -2.867612687269853e-15 Bohr magnetons
Energy: -15.561541215541668 eV
Magnetic moment: -2.867612687269853e-15 Bohr magnetons
Energy: -15.561541215541668 eV
Magnetic moment: -2.867612687269853e-15 Bohr magnetons
Energy: -15.561541215541668 eV
Magnetic moment: -2.867612687269853e-15 Bohr magnetons
Energy: -15.561541215541668 eV
Magnetic moment: -2.867612687269853e-15 Bohr magnetons
Energy: -15.561541215541668 eV
Magnetic moment: -2.867612687269853e-15 Bohr magnetons
Energy: -15.561541215541668 eV
Magnetic moment: -2.867612687269853e-15 Bohr magnetons
Energy: -15.561541215541668 eV
Magnetic moment: -2.867612687269853e-15 Bohr magnetons
Energy: -15.561541215541668 eV
Magnetic moment: -2.867612687269853e-15 Bohr magnetons
Energy: -15.561541215541668 eV
Magnetic moment: -2.867612687269853e-15 Bohr magnetons
Calculating q=[0.11904762 0.11904762 0.        ]
Calculating q=[0.11904762 0.11904762 0.        ]
Calculating q=[0.11904762 0.11904762 0.        ]
Calculating q=[0.11904762 0.11904762 0.        ]
Calculating q=[0.11904762 0.11904762 0.        ]
Calculating q=[0.11904762 0.11904762 0.        ]
Calculating q=[0.11904762 0.11904762 0.        ]
Calculating q=[0.11904762 0.11904762 0.        ]
Calculating q=[0.11904762 0.11904762 0.        ]
Calculating q=[0.11904762 0.11904762 0.        ]
Calculating q=[0.11904762 0.11904762 0.        ]
Calculating q=[0.11904762 0.11904762 0.        ]
Energy: -15.555582824804011 eV
Magnetic moment: 2.453951788955677e-15 Bohr magnetons
Energy: -15.555582824804011 eV
Magnetic moment: 2.453951788955677e-15 Bohr magnetons
Energy: -15.555582824804011 eV
Magnetic moment: 2.453951788955677e-15 Bohr magnetons
Energy: -15.555582824804011 eV
Magnetic moment: 2.453951788955677e-15 Bohr magnetons
Energy: -15.555582824804011 eV
Magnetic moment: 2.453951788955677e-15 Bohr magnetons
Energy: -15.555582824804011 eV
Magnetic moment: 2.453951788955677e-15 Bohr magnetons
Energy: -15.555582824804011 eV
Magnetic moment: 2.453951788955677e-15 Bohr magnetons
Energy: -15.555582824804011 eV
Magnetic moment: 2.453951788955677e-15 Bohr magnetons
Energy: -15.555582824804011 eV
Magnetic moment: 2.453951788955677e-15 Bohr magnetons
Energy: -15.555582824804011 eV
Magnetic moment: 2.453951788955677e-15 Bohr magnetons
Energy: -15.555582824804011 eV
Magnetic moment: 2.453951788955677e-15 Bohr magnetons
Energy: -15.555582824804011 eV
Magnetic moment: 2.453951788955677e-15 Bohr magnetons
Calculating q=[0.0952381 0.0952381 0.       ]
Calculating q=[0.0952381 0.0952381 0.       ]
Calculating q=[0.0952381 0.0952381 0.       ]
Calculating q=[0.0952381 0.0952381 0.       ]
Calculating q=[0.0952381 0.0952381 0.       ]
Calculating q=[0.0952381 0.0952381 0.       ]
Calculating q=[0.0952381 0.0952381 0.       ]
Calculating q=[0.0952381 0.0952381 0.       ]
Calculating q=[0.0952381 0.0952381 0.       ]
Calculating q=[0.0952381 0.0952381 0.       ]
Calculating q=[0.0952381 0.0952381 0.       ]
Calculating q=[0.0952381 0.0952381 0.       ]
Energy: -15.549755366298129 eV
Magnetic moment: -3.059076600376562e-13 Bohr magnetons
Energy: -15.549755366298129 eV
Magnetic moment: -3.059076600376562e-13 Bohr magnetons
Energy: -15.549755366298129 eV
Magnetic moment: -3.059076600376562e-13 Bohr magnetons
Energy: -15.549755366298129 eV
Magnetic moment: -3.059076600376562e-13 Bohr magnetons
Energy: -15.549755366298129 eV
Magnetic moment: -3.059076600376562e-13 Bohr magnetons
Energy: -15.549755366298129 eV
Magnetic moment: -3.059076600376562e-13 Bohr magnetons
Energy: -15.549755366298129 eV
Magnetic moment: -3.059076600376562e-13 Bohr magnetons
Energy: -15.549755366298129 eV
Magnetic moment: -3.059076600376562e-13 Bohr magnetons
Energy: -15.549755366298129 eV
Magnetic moment: -3.059076600376562e-13 Bohr magnetons
Energy: -15.549755366298129 eV
Magnetic moment: -3.059076600376562e-13 Bohr magnetons
Energy: -15.549755366298129 eV
Magnetic moment: -3.059076600376562e-13 Bohr magnetons
Energy: -15.549755366298129 eV
Magnetic moment: -3.059076600376562e-13 Bohr magnetons
Calculating q=[0.07142857 0.07142857 0.        ]
Calculating q=[0.07142857 0.07142857 0.        ]
Calculating q=[0.07142857 0.07142857 0.        ]
Calculating q=[0.07142857 0.07142857 0.        ]
Calculating q=[0.07142857 0.07142857 0.        ]
Calculating q=[0.07142857 0.07142857 0.        ]
Calculating q=[0.07142857 0.07142857 0.        ]
Calculating q=[0.07142857 0.07142857 0.        ]
Calculating q=[0.07142857 0.07142857 0.        ]
Calculating q=[0.07142857 0.07142857 0.        ]
Calculating q=[0.07142857 0.07142857 0.        ]
Calculating q=[0.07142857 0.07142857 0.        ]
Energy: -15.54449294525895 eV
Magnetic moment: 4.493517230610786e-15 Bohr magnetons
Energy: -15.54449294525895 eV
Magnetic moment: 4.493517230610786e-15 Bohr magnetons
Energy: -15.54449294525895 eV
Magnetic moment: 4.493517230610786e-15 Bohr magnetons
Energy: -15.54449294525895 eV
Magnetic moment: 4.493517230610786e-15 Bohr magnetons
Energy: -15.54449294525895 eV
Magnetic moment: 4.493517230610786e-15 Bohr magnetons
Energy: -15.54449294525895 eV
Magnetic moment: 4.493517230610786e-15 Bohr magnetons
Energy: -15.54449294525895 eV
Magnetic moment: 4.493517230610786e-15 Bohr magnetons
Energy: -15.54449294525895 eV
Magnetic moment: 4.493517230610786e-15 Bohr magnetons
Energy: -15.54449294525895 eV
Magnetic moment: 4.493517230610786e-15 Bohr magnetons
Energy: -15.54449294525895 eV
Magnetic moment: 4.493517230610786e-15 Bohr magnetons
Energy: -15.54449294525895 eV
Magnetic moment: 4.493517230610786e-15 Bohr magnetons
Energy: -15.54449294525895 eV
Magnetic moment: 4.493517230610786e-15 Bohr magnetons
Calculating q=[0.04761905 0.04761905 0.        ]
Calculating q=[0.04761905 0.04761905 0.        ]
Calculating q=[0.04761905 0.04761905 0.        ]
Calculating q=[0.04761905 0.04761905 0.        ]
Calculating q=[0.04761905 0.04761905 0.        ]
Calculating q=[0.04761905 0.04761905 0.        ]
Calculating q=[0.04761905 0.04761905 0.        ]
Calculating q=[0.04761905 0.04761905 0.        ]
Calculating q=[0.04761905 0.04761905 0.        ]
Calculating q=[0.04761905 0.04761905 0.        ]
Calculating q=[0.04761905 0.04761905 0.        ]
Calculating q=[0.04761905 0.04761905 0.        ]
Energy: -15.540274324976144 eV
Magnetic moment: -1.0486514747839268e-15 Bohr magnetons
Energy: -15.540274324976144 eV
Magnetic moment: -1.0486514747839268e-15 Bohr magnetons
Energy: -15.540274324976144 eV
Magnetic moment: -1.0486514747839268e-15 Bohr magnetons
Energy: -15.540274324976144 eV
Magnetic moment: -1.0486514747839268e-15 Bohr magnetons
Energy: -15.540274324976144 eV
Magnetic moment: -1.0486514747839268e-15 Bohr magnetons
Energy: -15.540274324976144 eV
Magnetic moment: -1.0486514747839268e-15 Bohr magnetons
Energy: -15.540274324976144 eV
Magnetic moment: -1.0486514747839268e-15 Bohr magnetons
Energy: -15.540274324976144 eV
Magnetic moment: -1.0486514747839268e-15 Bohr magnetons
Energy: -15.540274324976144 eV
Magnetic moment: -1.0486514747839268e-15 Bohr magnetons
Energy: -15.540274324976144 eV
Magnetic moment: -1.0486514747839268e-15 Bohr magnetons
Energy: -15.540274324976144 eV
Magnetic moment: -1.0486514747839268e-15 Bohr magnetons
Energy: -15.540274324976144 eV
Magnetic moment: -1.0486514747839268e-15 Bohr magnetons
Calculating q=[0.02380952 0.02380952 0.        ]
Calculating q=[0.02380952 0.02380952 0.        ]
Calculating q=[0.02380952 0.02380952 0.        ]
Calculating q=[0.02380952 0.02380952 0.        ]
Calculating q=[0.02380952 0.02380952 0.        ]
Calculating q=[0.02380952 0.02380952 0.        ]
Calculating q=[0.02380952 0.02380952 0.        ]
Calculating q=[0.02380952 0.02380952 0.        ]
Calculating q=[0.02380952 0.02380952 0.        ]
Calculating q=[0.02380952 0.02380952 0.        ]
Calculating q=[0.02380952 0.02380952 0.        ]
Calculating q=[0.02380952 0.02380952 0.        ]
Energy: -15.537539319073092 eV
Magnetic moment: -3.027779252560197e-15 Bohr magnetons
Energy: -15.537539319073092 eV
Magnetic moment: -3.027779252560197e-15 Bohr magnetons
Energy: -15.537539319073092 eV
Magnetic moment: -3.027779252560197e-15 Bohr magnetons
Energy: -15.537539319073092 eV
Magnetic moment: -3.027779252560197e-15 Bohr magnetons
Energy: -15.537539319073092 eV
Magnetic moment: -3.027779252560197e-15 Bohr magnetons
Energy: -15.537539319073092 eV
Magnetic moment: -3.027779252560197e-15 Bohr magnetons
Energy: -15.537539319073092 eV
Magnetic moment: -3.027779252560197e-15 Bohr magnetons
Energy: -15.537539319073092 eV
Magnetic moment: -3.027779252560197e-15 Bohr magnetons
Energy: -15.537539319073092 eV
Magnetic moment: -3.027779252560197e-15 Bohr magnetons
Energy: -15.537539319073092 eV
Magnetic moment: -3.027779252560197e-15 Bohr magnetons
Energy: -15.537539319073092 eV
Magnetic moment: -3.027779252560197e-15 Bohr magnetons
Energy: -15.537539319073092 eV
Magnetic moment: -3.027779252560197e-15 Bohr magnetons
Calculating q=[0. 0. 0.]
Calculating q=[0. 0. 0.]
Calculating q=[0. 0. 0.]
Calculating q=[0. 0. 0.]
Calculating q=[0. 0. 0.]
Calculating q=[0. 0. 0.]
Calculating q=[0. 0. 0.]
Calculating q=[0. 0. 0.]
Calculating q=[0. 0. 0.]
Calculating q=[0. 0. 0.]
Calculating q=[0. 0. 0.]
Calculating q=[0. 0. 0.]
Energy: -15.536586576473098 eV
Magnetic moment: -1.838672874617014e-11 Bohr magnetons
Energy: -15.536586576473098 eV
Magnetic moment: -1.838672874617014e-11 Bohr magnetons
Energy: -15.536586576473098 eV
Magnetic moment: -1.838672874617014e-11 Bohr magnetons
Energy: -15.536586576473098 eV
Magnetic moment: -1.838672874617014e-11 Bohr magnetons
Energy: -15.536586576473098 eV
Magnetic moment: -1.838672874617014e-11 Bohr magnetons
Energy: -15.536586576473098 eV
Magnetic moment: -1.838672874617014e-11 Bohr magnetons
Energy: -15.536586576473098 eV
Magnetic moment: -1.838672874617014e-11 Bohr magnetons
Energy: -15.536586576473098 eV
Magnetic moment: -1.838672874617014e-11 Bohr magnetons
Energy: -15.536586576473098 eV
Magnetic moment: -1.838672874617014e-11 Bohr magnetons
Energy: -15.536586576473098 eV
Magnetic moment: -1.838672874617014e-11 Bohr magnetons
Energy: -15.536586576473098 eV
Magnetic moment: -1.838672874617014e-11 Bohr magnetons
Energy: -15.536586576473098 eV
Magnetic moment: -1.838672874617014e-11 Bohr magnetons

------------------------------------------------------------
Sender: LSF System <lsfadmin@hpc.dtu.dk>
Subject: Job 21516959: <plot_1.py> in cluster <dcc> Done

Job <plot_1.py> was submitted from host <gbarlogin2> by user <s194113> in cluster <dcc> at Sat Apr 20 11:35:54 2024
Job was executed on host(s) <12*n-62-28-19>, in queue <hpc>, as user <s194113> in cluster <dcc> at Sat Apr 20 11:36:10 2024
</zhome/87/8/147075> was used as the home directory.
</zhome/87/8/147075/10302/10302_NM/VBr2/V_con> was used as the working directory.
Started at Sat Apr 20 11:36:10 2024
Terminated at Sat Apr 20 15:45:30 2024
Results reported at Sat Apr 20 15:45:30 2024

Your job looked like:

------------------------------------------------------------
# LSBATCH: User input
#!/bin/bash -l
id=$LSB_JOBID
mq=/zhome/87/8/147075/.myqueue/lsf-$id
source /zhome/87/8/147075/venv-name/bin/activate
echo "venv: /zhome/87/8/147075/venv-name/bin/activate"
(touch $mq-0 && \
 cd '/zhome/87/8/147075/10302/10302_NM/VBr2/V_con' && \
 mpiexec python3 plot_1.py && \
 touch $mq-1) || \
(touch $mq-2; exit 1)

------------------------------------------------------------

Successfully completed.

Resource usage summary:

    CPU time :                                   179431.41 sec.
    Max Memory :                                 9356 MB
    Average Memory :                             6577.11 MB
    Total Requested Memory :                     73728.00 MB
    Delta Memory :                               64372.00 MB
    Max Swap :                                   -
    Max Processes :                              17
    Max Threads :                                57
    Run time :                                   14960 sec.
    Turnaround time :                            14976 sec.

The output (if any) is above this job summary.



PS:

Read file </zhome/87/8/147075/10302/10302_NM/VBr2/V_con/plot_1.py.21516959.err> for stderr output of this job.

