venv: /zhome/87/8/147075/venv-name/bin/activate
[1713709205.725583] [n-62-29-8:16471:0]          ib_md.c:1063 UCX  WARN  IB: ibv_fork_init() was disabled or failed, yet a fork() has been issued.
[1713709205.725616] [n-62-29-8:16471:0]          ib_md.c:1064 UCX  WARN  IB: data corruption might occur when using registered memory.
[1713709205.725735] [n-62-29-8:16466:0]          ib_md.c:1063 UCX  WARN  IB: ibv_fork_init() was disabled or failed, yet a fork() has been issued.
[1713709205.725766] [n-62-29-8:16466:0]          ib_md.c:1064 UCX  WARN  IB: data corruption might occur when using registered memory.
[1713709205.725686] [n-62-29-8:16472:0]          ib_md.c:1063 UCX  WARN  IB: ibv_fork_init() was disabled or failed, yet a fork() has been issued.
[1713709205.725723] [n-62-29-8:16472:0]          ib_md.c:1064 UCX  WARN  IB: data corruption might occur when using registered memory.
[1713709205.725808] [n-62-29-8:16475:0]          ib_md.c:1063 UCX  WARN  IB: ibv_fork_init() was disabled or failed, yet a fork() has been issued.
[1713709205.725843] [n-62-29-8:16475:0]          ib_md.c:1064 UCX  WARN  IB: data corruption might occur when using registered memory.
[1713709205.725909] [n-62-29-8:16473:0]          ib_md.c:1063 UCX  WARN  IB: ibv_fork_init() was disabled or failed, yet a fork() has been issued.
[1713709205.726014] [n-62-29-8:16473:0]          ib_md.c:1064 UCX  WARN  IB: data corruption might occur when using registered memory.
[1713709205.726069] [n-62-29-8:16467:0]          ib_md.c:1063 UCX  WARN  IB: ibv_fork_init() was disabled or failed, yet a fork() has been issued.
[1713709205.726155] [n-62-29-8:16467:0]          ib_md.c:1064 UCX  WARN  IB: data corruption might occur when using registered memory.
[1713709205.726367] [n-62-29-8:16470:0]          ib_md.c:1063 UCX  WARN  IB: ibv_fork_init() was disabled or failed, yet a fork() has been issued.
[1713709205.726416] [n-62-29-8:16469:0]          ib_md.c:1063 UCX  WARN  IB: ibv_fork_init() was disabled or failed, yet a fork() has been issued.
[1713709205.726445] [n-62-29-8:16470:0]          ib_md.c:1064 UCX  WARN  IB: data corruption might occur when using registered memory.
[1713709205.726508] [n-62-29-8:16469:0]          ib_md.c:1064 UCX  WARN  IB: data corruption might occur when using registered memory.
[1713709205.726526] [n-62-29-8:16468:0]          ib_md.c:1063 UCX  WARN  IB: ibv_fork_init() was disabled or failed, yet a fork() has been issued.
[1713709205.726545] [n-62-29-8:16477:0]          ib_md.c:1063 UCX  WARN  IB: ibv_fork_init() was disabled or failed, yet a fork() has been issued.
[1713709205.726579] [n-62-29-8:16477:0]          ib_md.c:1064 UCX  WARN  IB: data corruption might occur when using registered memory.
[1713709205.726621] [n-62-29-8:16468:0]          ib_md.c:1064 UCX  WARN  IB: data corruption might occur when using registered memory.
[1713709205.726677] [n-62-29-8:16480:0]          ib_md.c:1063 UCX  WARN  IB: ibv_fork_init() was disabled or failed, yet a fork() has been issued.
[1713709205.726709] [n-62-29-8:16480:0]          ib_md.c:1064 UCX  WARN  IB: data corruption might occur when using registered memory.
[1713709205.726951] [n-62-29-8:16476:0]          ib_md.c:1063 UCX  WARN  IB: ibv_fork_init() was disabled or failed, yet a fork() has been issued.
[1713709205.726991] [n-62-29-8:16476:0]          ib_md.c:1064 UCX  WARN  IB: data corruption might occur when using registered memory.
Calculating ground state
31 q-points in the path
=====================================
Calculating q=[0. 0. 0.]
Calculating ground state
31 q-points in the path
=====================================
Calculating q=[0. 0. 0.]
Calculating ground state
31 q-points in the path
=====================================
Calculating ground state
31 q-points in the path
=====================================
Calculating q=[0. 0. 0.]
Calculating q=[0. 0. 0.]
Calculating ground state
31 q-points in the path
=====================================
Calculating ground state
31 q-points in the path
=====================================
Calculating q=[0. 0. 0.]
Calculating q=[0. 0. 0.]
Calculating ground state
31 q-points in the path
=====================================
Calculating ground state
31 q-points in the path
=====================================
Calculating ground state
31 q-points in the path
=====================================
Calculating q=[0. 0. 0.]
Calculating ground state
31 q-points in the path
=====================================
Calculating q=[0. 0. 0.]
Calculating q=[0. 0. 0.]
Calculating ground state
31 q-points in the path
=====================================
Calculating q=[0. 0. 0.]
Calculating q=[0. 0. 0.]
Calculating ground state
31 q-points in the path
=====================================
Calculating q=[0. 0. 0.]
Energy: -15.536586576496251 eV
Magnetic moment: 9.609602671609135e-12 Bohr magnetons
Energy: -15.536586576496251 eV
Magnetic moment: 9.609602671609135e-12 Bohr magnetons
Energy: -15.536586576496251 eV
Magnetic moment: 9.609602671609135e-12 Bohr magnetons
Energy: -15.536586576496251 eV
Magnetic moment: 9.609602671609135e-12 Bohr magnetons
Energy: -15.536586576496251 eV
Magnetic moment: 9.609602671609135e-12 Bohr magnetons
Energy: -15.536586576496251 eV
Magnetic moment: 9.609602671609135e-12 Bohr magnetons
Energy: -15.536586576496251 eV
Magnetic moment: 9.609602671609135e-12 Bohr magnetons
Energy: -15.536586576496251 eV
Magnetic moment: 9.609602671609135e-12 Bohr magnetons
Energy: -15.536586576496251 eV
Magnetic moment: 9.609602671609135e-12 Bohr magnetons
Energy: -15.536586576496251 eV
Magnetic moment: 9.609602671609135e-12 Bohr magnetons
Energy: -15.536586576496251 eV
Magnetic moment: 9.609602671609135e-12 Bohr magnetons
Calculating q=[0.05 0.   0.  ]
Calculating q=[0.05 0.   0.  ]
Calculating q=[0.05 0.   0.  ]
Calculating q=[0.05 0.   0.  ]
Calculating q=[0.05 0.   0.  ]
Calculating q=[0.05 0.   0.  ]
Calculating q=[0.05 0.   0.  ]
Calculating q=[0.05 0.   0.  ]
Calculating q=[0.05 0.   0.  ]
Calculating q=[0.05 0.   0.  ]
Energy: -15.536586576496251 eV
Magnetic moment: 9.609602671609135e-12 Bohr magnetons
Calculating q=[0.05 0.   0.  ]
Calculating q=[0.05 0.   0.  ]
Energy: -15.537980807468193 eV
Magnetic moment: 1.1684915740676341e-16 Bohr magnetons
Energy: -15.537980807468193 eV
Magnetic moment: 1.1684915740676341e-16 Bohr magnetons
Energy: -15.537980807468193 eV
Magnetic moment: 1.1684915740676341e-16 Bohr magnetons
Energy: -15.537980807468193 eV
Magnetic moment: 1.1684915740676341e-16 Bohr magnetons
Energy: -15.537980807468193 eV
Magnetic moment: 1.1684915740676341e-16 Bohr magnetons
Energy: -15.537980807468193 eV
Magnetic moment: 1.1684915740676341e-16 Bohr magnetons
Energy: -15.537980807468193 eV
Magnetic moment: 1.1684915740676341e-16 Bohr magnetons
Energy: -15.537980807468193 eV
Magnetic moment: 1.1684915740676341e-16 Bohr magnetons
Energy: -15.537980807468193 eV
Magnetic moment: 1.1684915740676341e-16 Bohr magnetons
Energy: -15.537980807468193 eV
Magnetic moment: 1.1684915740676341e-16 Bohr magnetons
Energy: -15.537980807468193 eV
Magnetic moment: 1.1684915740676341e-16 Bohr magnetons
Energy: -15.537980807468193 eV
Magnetic moment: 1.1684915740676341e-16 Bohr magnetons
Calculating q=[0.1 0.  0. ]
Calculating q=[0.1 0.  0. ]
Calculating q=[0.1 0.  0. ]
Calculating q=[0.1 0.  0. ]
Calculating q=[0.1 0.  0. ]
Calculating q=[0.1 0.  0. ]
Calculating q=[0.1 0.  0. ]
Calculating q=[0.1 0.  0. ]
Calculating q=[0.1 0.  0. ]
Calculating q=[0.1 0.  0. ]
Calculating q=[0.1 0.  0. ]
Calculating q=[0.1 0.  0. ]
Energy: -15.541915060872745 eV
Magnetic moment: -1.448369989086697e-15 Bohr magnetons
Energy: -15.541915060872745 eV
Magnetic moment: -1.448369989086697e-15 Bohr magnetons
Energy: -15.541915060872745 eV
Magnetic moment: -1.448369989086697e-15 Bohr magnetons
Energy: -15.541915060872745 eV
Magnetic moment: -1.448369989086697e-15 Bohr magnetons
Energy: -15.541915060872745 eV
Magnetic moment: -1.448369989086697e-15 Bohr magnetons
Energy: -15.541915060872745 eV
Magnetic moment: -1.448369989086697e-15 Bohr magnetons
Energy: -15.541915060872745 eV
Magnetic moment: -1.448369989086697e-15 Bohr magnetons
Energy: -15.541915060872745 eV
Magnetic moment: -1.448369989086697e-15 Bohr magnetons
Energy: -15.541915060872745 eV
Magnetic moment: -1.448369989086697e-15 Bohr magnetons
Energy: -15.541915060872745 eV
Magnetic moment: -1.448369989086697e-15 Bohr magnetons
Energy: -15.541915060872745 eV
Magnetic moment: -1.448369989086697e-15 Bohr magnetons
Energy: -15.541915060872745 eV
Magnetic moment: -1.448369989086697e-15 Bohr magnetons
Calculating q=[0.15 0.   0.  ]
Calculating q=[0.15 0.   0.  ]
Calculating q=[0.15 0.   0.  ]
Calculating q=[0.15 0.   0.  ]
Calculating q=[0.15 0.   0.  ]
Calculating q=[0.15 0.   0.  ]
Calculating q=[0.15 0.   0.  ]
Calculating q=[0.15 0.   0.  ]
Calculating q=[0.15 0.   0.  ]
Calculating q=[0.15 0.   0.  ]
Calculating q=[0.15 0.   0.  ]
Calculating q=[0.15 0.   0.  ]
Energy: -15.54774454334617 eV
Magnetic moment: -2.2280874046435977e-15 Bohr magnetons
Energy: -15.54774454334617 eV
Magnetic moment: -2.2280874046435977e-15 Bohr magnetons
Energy: -15.54774454334617 eV
Magnetic moment: -2.2280874046435977e-15 Bohr magnetons
Energy: -15.54774454334617 eV
Magnetic moment: -2.2280874046435977e-15 Bohr magnetons
Energy: -15.54774454334617 eV
Magnetic moment: -2.2280874046435977e-15 Bohr magnetons
Energy: -15.54774454334617 eV
Magnetic moment: -2.2280874046435977e-15 Bohr magnetons
Energy: -15.54774454334617 eV
Magnetic moment: -2.2280874046435977e-15 Bohr magnetons
Energy: -15.54774454334617 eV
Magnetic moment: -2.2280874046435977e-15 Bohr magnetons
Energy: -15.54774454334617 eV
Magnetic moment: -2.2280874046435977e-15 Bohr magnetons
Energy: -15.54774454334617 eV
Magnetic moment: -2.2280874046435977e-15 Bohr magnetons
Energy: -15.54774454334617 eV
Magnetic moment: -2.2280874046435977e-15 Bohr magnetons
Energy: -15.54774454334617 eV
Magnetic moment: -2.2280874046435977e-15 Bohr magnetons
Calculating q=[0.2 0.  0. ]
Calculating q=[0.2 0.  0. ]
Calculating q=[0.2 0.  0. ]
Calculating q=[0.2 0.  0. ]
Calculating q=[0.2 0.  0. ]
Calculating q=[0.2 0.  0. ]
Calculating q=[0.2 0.  0. ]
Calculating q=[0.2 0.  0. ]
Calculating q=[0.2 0.  0. ]
Calculating q=[0.2 0.  0. ]
Calculating q=[0.2 0.  0. ]
Calculating q=[0.2 0.  0. ]
Energy: -15.554579517091915 eV
Magnetic moment: 4.49289331827648e-09 Bohr magnetons
Energy: -15.554579517091915 eV
Magnetic moment: 4.49289331827648e-09 Bohr magnetons
Energy: -15.554579517091915 eV
Magnetic moment: 4.49289331827648e-09 Bohr magnetons
Energy: -15.554579517091915 eV
Magnetic moment: 4.49289331827648e-09 Bohr magnetons
Energy: -15.554579517091915 eV
Magnetic moment: 4.49289331827648e-09 Bohr magnetons
Energy: -15.554579517091915 eV
Magnetic moment: 4.49289331827648e-09 Bohr magnetons
Energy: -15.554579517091915 eV
Magnetic moment: 4.49289331827648e-09 Bohr magnetons
Energy: -15.554579517091915 eV
Magnetic moment: 4.49289331827648e-09 Bohr magnetons
Energy: -15.554579517091915 eV
Magnetic moment: 4.49289331827648e-09 Bohr magnetons
Energy: -15.554579517091915 eV
Magnetic moment: 4.49289331827648e-09 Bohr magnetons
Energy: -15.554579517091915 eV
Magnetic moment: 4.49289331827648e-09 Bohr magnetons
Energy: -15.554579517091915 eV
Magnetic moment: 4.49289331827648e-09 Bohr magnetons
Calculating q=[0.25 0.   0.  ]
Calculating q=[0.25 0.   0.  ]
Calculating q=[0.25 0.   0.  ]
Calculating q=[0.25 0.   0.  ]
Calculating q=[0.25 0.   0.  ]
Calculating q=[0.25 0.   0.  ]
Calculating q=[0.25 0.   0.  ]
Calculating q=[0.25 0.   0.  ]
Calculating q=[0.25 0.   0.  ]
Calculating q=[0.25 0.   0.  ]
Calculating q=[0.25 0.   0.  ]
Calculating q=[0.25 0.   0.  ]
Energy: -15.561525346240611 eV
Magnetic moment: -4.319342642996778e-14 Bohr magnetons
Energy: -15.561525346240611 eV
Magnetic moment: -4.319342642996778e-14 Bohr magnetons
Energy: -15.561525346240611 eV
Magnetic moment: -4.319342642996778e-14 Bohr magnetons
Energy: -15.561525346240611 eV
Magnetic moment: -4.319342642996778e-14 Bohr magnetons
Energy: -15.561525346240611 eV
Magnetic moment: -4.319342642996778e-14 Bohr magnetons
Energy: -15.561525346240611 eV
Magnetic moment: -4.319342642996778e-14 Bohr magnetons
Energy: -15.561525346240611 eV
Magnetic moment: -4.319342642996778e-14 Bohr magnetons
Energy: -15.561525346240611 eV
Magnetic moment: -4.319342642996778e-14 Bohr magnetons
Energy: -15.561525346240611 eV
Magnetic moment: -4.319342642996778e-14 Bohr magnetons
Energy: -15.561525346240611 eV
Magnetic moment: -4.319342642996778e-14 Bohr magnetons
Energy: -15.561525346240611 eV
Magnetic moment: -4.319342642996778e-14 Bohr magnetons
Energy: -15.561525346240611 eV
Magnetic moment: -4.319342642996778e-14 Bohr magnetons
Calculating q=[0.3 0.  0. ]
Calculating q=[0.3 0.  0. ]
Calculating q=[0.3 0.  0. ]
Calculating q=[0.3 0.  0. ]
Calculating q=[0.3 0.  0. ]
Calculating q=[0.3 0.  0. ]
Calculating q=[0.3 0.  0. ]
Calculating q=[0.3 0.  0. ]
Calculating q=[0.3 0.  0. ]
Calculating q=[0.3 0.  0. ]
Calculating q=[0.3 0.  0. ]
Calculating q=[0.3 0.  0. ]
Energy: -15.567822327156838 eV
Magnetic moment: 2.4001104228276077e-14 Bohr magnetons
Energy: -15.567822327156838 eV
Magnetic moment: 2.4001104228276077e-14 Bohr magnetons
Energy: -15.567822327156838 eV
Magnetic moment: 2.4001104228276077e-14 Bohr magnetons
Energy: -15.567822327156838 eV
Magnetic moment: 2.4001104228276077e-14 Bohr magnetons
Energy: -15.567822327156838 eV
Magnetic moment: 2.4001104228276077e-14 Bohr magnetons
Energy: -15.567822327156838 eV
Magnetic moment: 2.4001104228276077e-14 Bohr magnetons
Energy: -15.567822327156838 eV
Magnetic moment: 2.4001104228276077e-14 Bohr magnetons
Energy: -15.567822327156838 eV
Magnetic moment: 2.4001104228276077e-14 Bohr magnetons
Energy: -15.567822327156838 eV
Magnetic moment: 2.4001104228276077e-14 Bohr magnetons
Energy: -15.567822327156838 eV
Magnetic moment: 2.4001104228276077e-14 Bohr magnetons
Energy: -15.567822327156838 eV
Magnetic moment: 2.4001104228276077e-14 Bohr magnetons
Energy: -15.567822327156838 eV
Magnetic moment: 2.4001104228276077e-14 Bohr magnetons
Calculating q=[0.35 0.   0.  ]
Calculating q=[0.35 0.   0.  ]
Calculating q=[0.35 0.   0.  ]
Calculating q=[0.35 0.   0.  ]
Calculating q=[0.35 0.   0.  ]
Calculating q=[0.35 0.   0.  ]
Calculating q=[0.35 0.   0.  ]
Calculating q=[0.35 0.   0.  ]
Calculating q=[0.35 0.   0.  ]
Calculating q=[0.35 0.   0.  ]
Calculating q=[0.35 0.   0.  ]
Calculating q=[0.35 0.   0.  ]
Energy: -15.572972862453652 eV
Magnetic moment: -1.7687733902340494e-11 Bohr magnetons
Energy: -15.572972862453652 eV
Magnetic moment: -1.7687733902340494e-11 Bohr magnetons
Energy: -15.572972862453652 eV
Magnetic moment: -1.7687733902340494e-11 Bohr magnetons
Energy: -15.572972862453652 eV
Magnetic moment: -1.7687733902340494e-11 Bohr magnetons
Energy: -15.572972862453652 eV
Magnetic moment: -1.7687733902340494e-11 Bohr magnetons
Energy: -15.572972862453652 eV
Magnetic moment: -1.7687733902340494e-11 Bohr magnetons
Energy: -15.572972862453652 eV
Magnetic moment: -1.7687733902340494e-11 Bohr magnetons
Energy: -15.572972862453652 eV
Magnetic moment: -1.7687733902340494e-11 Bohr magnetons
Energy: -15.572972862453652 eV
Magnetic moment: -1.7687733902340494e-11 Bohr magnetons
Energy: -15.572972862453652 eV
Magnetic moment: -1.7687733902340494e-11 Bohr magnetons
Energy: -15.572972862453652 eV
Magnetic moment: -1.7687733902340494e-11 Bohr magnetons
Energy: -15.572972862453652 eV
Magnetic moment: -1.7687733902340494e-11 Bohr magnetons
Calculating q=[0.4 0.  0. ]
Calculating q=[0.4 0.  0. ]
Calculating q=[0.4 0.  0. ]
Calculating q=[0.4 0.  0. ]
Calculating q=[0.4 0.  0. ]
Calculating q=[0.4 0.  0. ]
Calculating q=[0.4 0.  0. ]
Calculating q=[0.4 0.  0. ]
Calculating q=[0.4 0.  0. ]
Calculating q=[0.4 0.  0. ]
Calculating q=[0.4 0.  0. ]
Calculating q=[0.4 0.  0. ]
Energy: -15.576704697625571 eV
Magnetic moment: 2.5962006771708156e-16 Bohr magnetons
Energy: -15.576704697625571 eV
Magnetic moment: 2.5962006771708156e-16 Bohr magnetons
Energy: -15.576704697625571 eV
Magnetic moment: 2.5962006771708156e-16 Bohr magnetons
Energy: -15.576704697625571 eV
Magnetic moment: 2.5962006771708156e-16 Bohr magnetons
Energy: -15.576704697625571 eV
Magnetic moment: 2.5962006771708156e-16 Bohr magnetons
Energy: -15.576704697625571 eV
Magnetic moment: 2.5962006771708156e-16 Bohr magnetons
Energy: -15.576704697625571 eV
Magnetic moment: 2.5962006771708156e-16 Bohr magnetons
Energy: -15.576704697625571 eV
Magnetic moment: 2.5962006771708156e-16 Bohr magnetons
Energy: -15.576704697625571 eV
Magnetic moment: 2.5962006771708156e-16 Bohr magnetons
Energy: -15.576704697625571 eV
Magnetic moment: 2.5962006771708156e-16 Bohr magnetons
Energy: -15.576704697625571 eV
Magnetic moment: 2.5962006771708156e-16 Bohr magnetons
Energy: -15.576704697625571 eV
Magnetic moment: 2.5962006771708156e-16 Bohr magnetons
Calculating q=[0.45 0.   0.  ]
Calculating q=[0.45 0.   0.  ]
Calculating q=[0.45 0.   0.  ]
Calculating q=[0.45 0.   0.  ]
Calculating q=[0.45 0.   0.  ]
Calculating q=[0.45 0.   0.  ]
Calculating q=[0.45 0.   0.  ]
Calculating q=[0.45 0.   0.  ]
Calculating q=[0.45 0.   0.  ]
Calculating q=[0.45 0.   0.  ]
Calculating q=[0.45 0.   0.  ]
Calculating q=[0.45 0.   0.  ]
Energy: -15.578930323729747 eV
Magnetic moment: 1.605793794438903e-11 Bohr magnetons
Energy: -15.578930323729747 eV
Magnetic moment: 1.605793794438903e-11 Bohr magnetons
Energy: -15.578930323729747 eV
Magnetic moment: 1.605793794438903e-11 Bohr magnetons
Energy: -15.578930323729747 eV
Magnetic moment: 1.605793794438903e-11 Bohr magnetons
Energy: -15.578930323729747 eV
Magnetic moment: 1.605793794438903e-11 Bohr magnetons
Energy: -15.578930323729747 eV
Magnetic moment: 1.605793794438903e-11 Bohr magnetons
Energy: -15.578930323729747 eV
Magnetic moment: 1.605793794438903e-11 Bohr magnetons
Energy: -15.578930323729747 eV
Magnetic moment: 1.605793794438903e-11 Bohr magnetons
Energy: -15.578930323729747 eV
Magnetic moment: 1.605793794438903e-11 Bohr magnetons
Energy: -15.578930323729747 eV
Magnetic moment: 1.605793794438903e-11 Bohr magnetons
Energy: -15.578930323729747 eV
Magnetic moment: 1.605793794438903e-11 Bohr magnetons
Energy: -15.578930323729747 eV
Magnetic moment: 1.605793794438903e-11 Bohr magnetons
Calculating q=[0.5 0.  0. ]
Calculating q=[0.5 0.  0. ]
Calculating q=[0.5 0.  0. ]
Calculating q=[0.5 0.  0. ]
Calculating q=[0.5 0.  0. ]
Calculating q=[0.5 0.  0. ]
Calculating q=[0.5 0.  0. ]
Calculating q=[0.5 0.  0. ]
Calculating q=[0.5 0.  0. ]
Calculating q=[0.5 0.  0. ]
Calculating q=[0.5 0.  0. ]
Calculating q=[0.5 0.  0. ]
Energy: -15.579653111235954 eV
Magnetic moment: -6.825305724647392e-15 Bohr magnetons
Energy: -15.579653111235954 eV
Magnetic moment: -6.825305724647392e-15 Bohr magnetons
Energy: -15.579653111235954 eV
Magnetic moment: -6.825305724647392e-15 Bohr magnetons
Energy: -15.579653111235954 eV
Magnetic moment: -6.825305724647392e-15 Bohr magnetons
Energy: -15.579653111235954 eV
Magnetic moment: -6.825305724647392e-15 Bohr magnetons
Energy: -15.579653111235954 eV
Magnetic moment: -6.825305724647392e-15 Bohr magnetons
Energy: -15.579653111235954 eV
Magnetic moment: -6.825305724647392e-15 Bohr magnetons
Energy: -15.579653111235954 eV
Magnetic moment: -6.825305724647392e-15 Bohr magnetons
Energy: -15.579653111235954 eV
Magnetic moment: -6.825305724647392e-15 Bohr magnetons
Energy: -15.579653111235954 eV
Magnetic moment: -6.825305724647392e-15 Bohr magnetons
Energy: -15.579653111235954 eV
Magnetic moment: -6.825305724647392e-15 Bohr magnetons
Energy: -15.579653111235954 eV
Magnetic moment: -6.825305724647392e-15 Bohr magnetons
Calculating q=[0.47222222 0.05555556 0.        ]
Calculating q=[0.47222222 0.05555556 0.        ]
Calculating q=[0.47222222 0.05555556 0.        ]
Calculating q=[0.47222222 0.05555556 0.        ]
Calculating q=[0.47222222 0.05555556 0.        ]
Calculating q=[0.47222222 0.05555556 0.        ]
Calculating q=[0.47222222 0.05555556 0.        ]
Calculating q=[0.47222222 0.05555556 0.        ]
Calculating q=[0.47222222 0.05555556 0.        ]
Calculating q=[0.47222222 0.05555556 0.        ]
Calculating q=[0.47222222 0.05555556 0.        ]
Calculating q=[0.47222222 0.05555556 0.        ]
Energy: -15.580228677352627 eV
Magnetic moment: -2.3947208269325174e-15 Bohr magnetons
Energy: -15.580228677352627 eV
Magnetic moment: -2.3947208269325174e-15 Bohr magnetons
Energy: -15.580228677352627 eV
Magnetic moment: -2.3947208269325174e-15 Bohr magnetons
Energy: -15.580228677352627 eV
Magnetic moment: -2.3947208269325174e-15 Bohr magnetons
Energy: -15.580228677352627 eV
Magnetic moment: -2.3947208269325174e-15 Bohr magnetons
Energy: -15.580228677352627 eV
Magnetic moment: -2.3947208269325174e-15 Bohr magnetons
Energy: -15.580228677352627 eV
Magnetic moment: -2.3947208269325174e-15 Bohr magnetons
Energy: -15.580228677352627 eV
Magnetic moment: -2.3947208269325174e-15 Bohr magnetons
Energy: -15.580228677352627 eV
Magnetic moment: -2.3947208269325174e-15 Bohr magnetons
Energy: -15.580228677352627 eV
Magnetic moment: -2.3947208269325174e-15 Bohr magnetons
Energy: -15.580228677352627 eV
Magnetic moment: -2.3947208269325174e-15 Bohr magnetons
Energy: -15.580228677352627 eV
Magnetic moment: -2.3947208269325174e-15 Bohr magnetons
Calculating q=[0.44444444 0.11111111 0.        ]
Calculating q=[0.44444444 0.11111111 0.        ]
Calculating q=[0.44444444 0.11111111 0.        ]
Calculating q=[0.44444444 0.11111111 0.        ]
Calculating q=[0.44444444 0.11111111 0.        ]
Calculating q=[0.44444444 0.11111111 0.        ]
Calculating q=[0.44444444 0.11111111 0.        ]
Calculating q=[0.44444444 0.11111111 0.        ]
Calculating q=[0.44444444 0.11111111 0.        ]
Calculating q=[0.44444444 0.11111111 0.        ]
Calculating q=[0.44444444 0.11111111 0.        ]
Calculating q=[0.44444444 0.11111111 0.        ]
Energy: -15.581795555906108 eV
Magnetic moment: 1.9186514025309244e-15 Bohr magnetons
Energy: -15.581795555906108 eV
Magnetic moment: 1.9186514025309244e-15 Bohr magnetons
Energy: -15.581795555906108 eV
Magnetic moment: 1.9186514025309244e-15 Bohr magnetons
Energy: -15.581795555906108 eV
Magnetic moment: 1.9186514025309244e-15 Bohr magnetons
Energy: -15.581795555906108 eV
Magnetic moment: 1.9186514025309244e-15 Bohr magnetons
Energy: -15.581795555906108 eV
Magnetic moment: 1.9186514025309244e-15 Bohr magnetons
Energy: -15.581795555906108 eV
Magnetic moment: 1.9186514025309244e-15 Bohr magnetons
Energy: -15.581795555906108 eV
Magnetic moment: 1.9186514025309244e-15 Bohr magnetons
Energy: -15.581795555906108 eV
Magnetic moment: 1.9186514025309244e-15 Bohr magnetons
Energy: -15.581795555906108 eV
Magnetic moment: 1.9186514025309244e-15 Bohr magnetons
Energy: -15.581795555906108 eV
Magnetic moment: 1.9186514025309244e-15 Bohr magnetons
Energy: -15.581795555906108 eV
Magnetic moment: 1.9186514025309244e-15 Bohr magnetons
Calculating q=[0.41666667 0.16666667 0.        ]
Calculating q=[0.41666667 0.16666667 0.        ]
Calculating q=[0.41666667 0.16666667 0.        ]
Calculating q=[0.41666667 0.16666667 0.        ]
Calculating q=[0.41666667 0.16666667 0.        ]
Calculating q=[0.41666667 0.16666667 0.        ]
Calculating q=[0.41666667 0.16666667 0.        ]
Calculating q=[0.41666667 0.16666667 0.        ]
Calculating q=[0.41666667 0.16666667 0.        ]
Calculating q=[0.41666667 0.16666667 0.        ]
Calculating q=[0.41666667 0.16666667 0.        ]
Calculating q=[0.41666667 0.16666667 0.        ]
Energy: -15.583890155096105 eV
Magnetic moment: -8.565696130477991e-16 Bohr magnetons
Energy: -15.583890155096105 eV
Magnetic moment: -8.565696130477991e-16 Bohr magnetons
Energy: -15.583890155096105 eV
Magnetic moment: -8.565696130477991e-16 Bohr magnetons
Energy: -15.583890155096105 eV
Magnetic moment: -8.565696130477991e-16 Bohr magnetons
Energy: -15.583890155096105 eV
Magnetic moment: -8.565696130477991e-16 Bohr magnetons
Energy: -15.583890155096105 eV
Magnetic moment: -8.565696130477991e-16 Bohr magnetons
Energy: -15.583890155096105 eV
Magnetic moment: -8.565696130477991e-16 Bohr magnetons
Energy: -15.583890155096105 eV
Magnetic moment: -8.565696130477991e-16 Bohr magnetons
Energy: -15.583890155096105 eV
Magnetic moment: -8.565696130477991e-16 Bohr magnetons
Energy: -15.583890155096105 eV
Magnetic moment: -8.565696130477991e-16 Bohr magnetons
Energy: -15.583890155096105 eV
Magnetic moment: -8.565696130477991e-16 Bohr magnetons
Energy: -15.583890155096105 eV
Magnetic moment: -8.565696130477991e-16 Bohr magnetons
Calculating q=[0.38888889 0.22222222 0.        ]
Calculating q=[0.38888889 0.22222222 0.        ]
Calculating q=[0.38888889 0.22222222 0.        ]
Calculating q=[0.38888889 0.22222222 0.        ]
Calculating q=[0.38888889 0.22222222 0.        ]
Calculating q=[0.38888889 0.22222222 0.        ]
Calculating q=[0.38888889 0.22222222 0.        ]
Calculating q=[0.38888889 0.22222222 0.        ]
Calculating q=[0.38888889 0.22222222 0.        ]
Calculating q=[0.38888889 0.22222222 0.        ]
Calculating q=[0.38888889 0.22222222 0.        ]
Calculating q=[0.38888889 0.22222222 0.        ]
Energy: -15.585938139790569 eV
Magnetic moment: 3.1097966135891688e-15 Bohr magnetons
Energy: -15.585938139790569 eV
Magnetic moment: 3.1097966135891688e-15 Bohr magnetons
Energy: -15.585938139790569 eV
Magnetic moment: 3.1097966135891688e-15 Bohr magnetons
Energy: -15.585938139790569 eV
Magnetic moment: 3.1097966135891688e-15 Bohr magnetons
Energy: -15.585938139790569 eV
Magnetic moment: 3.1097966135891688e-15 Bohr magnetons
Energy: -15.585938139790569 eV
Magnetic moment: 3.1097966135891688e-15 Bohr magnetons
Energy: -15.585938139790569 eV
Magnetic moment: 3.1097966135891688e-15 Bohr magnetons
Energy: -15.585938139790569 eV
Magnetic moment: 3.1097966135891688e-15 Bohr magnetons
Energy: -15.585938139790569 eV
Magnetic moment: 3.1097966135891688e-15 Bohr magnetons
Energy: -15.585938139790569 eV
Magnetic moment: 3.1097966135891688e-15 Bohr magnetons
Energy: -15.585938139790569 eV
Magnetic moment: 3.1097966135891688e-15 Bohr magnetons
Energy: -15.585938139790569 eV
Magnetic moment: 3.1097966135891688e-15 Bohr magnetons
Calculating q=[0.36111111 0.27777778 0.        ]
Calculating q=[0.36111111 0.27777778 0.        ]
Calculating q=[0.36111111 0.27777778 0.        ]
Calculating q=[0.36111111 0.27777778 0.        ]
Calculating q=[0.36111111 0.27777778 0.        ]
Calculating q=[0.36111111 0.27777778 0.        ]
Calculating q=[0.36111111 0.27777778 0.        ]
Calculating q=[0.36111111 0.27777778 0.        ]
Calculating q=[0.36111111 0.27777778 0.        ]
Calculating q=[0.36111111 0.27777778 0.        ]
Calculating q=[0.36111111 0.27777778 0.        ]
Calculating q=[0.36111111 0.27777778 0.        ]
Energy: -15.587416513533945 eV
Magnetic moment: 1.845842806259252e-18 Bohr magnetons
Energy: -15.587416513533945 eV
Magnetic moment: 1.845842806259252e-18 Bohr magnetons
Energy: -15.587416513533945 eV
Magnetic moment: 1.845842806259252e-18 Bohr magnetons
Energy: -15.587416513533945 eV
Magnetic moment: 1.845842806259252e-18 Bohr magnetons
Energy: -15.587416513533945 eV
Magnetic moment: 1.845842806259252e-18 Bohr magnetons
Energy: -15.587416513533945 eV
Magnetic moment: 1.845842806259252e-18 Bohr magnetons
Energy: -15.587416513533945 eV
Magnetic moment: 1.845842806259252e-18 Bohr magnetons
Energy: -15.587416513533945 eV
Magnetic moment: 1.845842806259252e-18 Bohr magnetons
Energy: -15.587416513533945 eV
Magnetic moment: 1.845842806259252e-18 Bohr magnetons
Energy: -15.587416513533945 eV
Magnetic moment: 1.845842806259252e-18 Bohr magnetons
Energy: -15.587416513533945 eV
Magnetic moment: 1.845842806259252e-18 Bohr magnetons
Energy: -15.587416513533945 eV
Magnetic moment: 1.845842806259252e-18 Bohr magnetons
Calculating q=[0.33333333 0.33333333 0.        ]
Calculating q=[0.33333333 0.33333333 0.        ]
Calculating q=[0.33333333 0.33333333 0.        ]
Calculating q=[0.33333333 0.33333333 0.        ]
Calculating q=[0.33333333 0.33333333 0.        ]
Calculating q=[0.33333333 0.33333333 0.        ]
Calculating q=[0.33333333 0.33333333 0.        ]
Calculating q=[0.33333333 0.33333333 0.        ]
Calculating q=[0.33333333 0.33333333 0.        ]
Calculating q=[0.33333333 0.33333333 0.        ]
Calculating q=[0.33333333 0.33333333 0.        ]
Calculating q=[0.33333333 0.33333333 0.        ]
Energy: -15.58794624035275 eV
Magnetic moment: 2.722604729432793e-15 Bohr magnetons
Energy: -15.58794624035275 eV
Magnetic moment: 2.722604729432793e-15 Bohr magnetons
Energy: -15.58794624035275 eV
Magnetic moment: 2.722604729432793e-15 Bohr magnetons
Energy: -15.58794624035275 eV
Magnetic moment: 2.722604729432793e-15 Bohr magnetons
Energy: -15.58794624035275 eV
Magnetic moment: 2.722604729432793e-15 Bohr magnetons
Energy: -15.58794624035275 eV
Magnetic moment: 2.722604729432793e-15 Bohr magnetons
Energy: -15.58794624035275 eV
Magnetic moment: 2.722604729432793e-15 Bohr magnetons
Energy: -15.58794624035275 eV
Magnetic moment: 2.722604729432793e-15 Bohr magnetons
Energy: -15.58794624035275 eV
Magnetic moment: 2.722604729432793e-15 Bohr magnetons
Energy: -15.58794624035275 eV
Magnetic moment: 2.722604729432793e-15 Bohr magnetons
Energy: -15.58794624035275 eV
Magnetic moment: 2.722604729432793e-15 Bohr magnetons
Energy: -15.58794624035275 eV
Magnetic moment: 2.722604729432793e-15 Bohr magnetons
Calculating q=[0.30952381 0.30952381 0.        ]
Calculating q=[0.30952381 0.30952381 0.        ]
Calculating q=[0.30952381 0.30952381 0.        ]
Calculating q=[0.30952381 0.30952381 0.        ]
Calculating q=[0.30952381 0.30952381 0.        ]
Calculating q=[0.30952381 0.30952381 0.        ]
Calculating q=[0.30952381 0.30952381 0.        ]
Calculating q=[0.30952381 0.30952381 0.        ]
Calculating q=[0.30952381 0.30952381 0.        ]
Calculating q=[0.30952381 0.30952381 0.        ]
Calculating q=[0.30952381 0.30952381 0.        ]
Calculating q=[0.30952381 0.30952381 0.        ]
Energy: -15.587527744842538 eV
Magnetic moment: 1.6545745783066288e-15 Bohr magnetons
Energy: -15.587527744842538 eV
Magnetic moment: 1.6545745783066288e-15 Bohr magnetons
Energy: -15.587527744842538 eV
Magnetic moment: 1.6545745783066288e-15 Bohr magnetons
Energy: -15.587527744842538 eV
Magnetic moment: 1.6545745783066288e-15 Bohr magnetons
Energy: -15.587527744842538 eV
Magnetic moment: 1.6545745783066288e-15 Bohr magnetons
Energy: -15.587527744842538 eV
Magnetic moment: 1.6545745783066288e-15 Bohr magnetons
Energy: -15.587527744842538 eV
Magnetic moment: 1.6545745783066288e-15 Bohr magnetons
Energy: -15.587527744842538 eV
Magnetic moment: 1.6545745783066288e-15 Bohr magnetons
Energy: -15.587527744842538 eV
Magnetic moment: 1.6545745783066288e-15 Bohr magnetons
Energy: -15.587527744842538 eV
Magnetic moment: 1.6545745783066288e-15 Bohr magnetons
Energy: -15.587527744842538 eV
Magnetic moment: 1.6545745783066288e-15 Bohr magnetons
Energy: -15.587527744842538 eV
Magnetic moment: 1.6545745783066288e-15 Bohr magnetons
Calculating q=[0.28571429 0.28571429 0.        ]
Calculating q=[0.28571429 0.28571429 0.        ]
Calculating q=[0.28571429 0.28571429 0.        ]
Calculating q=[0.28571429 0.28571429 0.        ]
Calculating q=[0.28571429 0.28571429 0.        ]
Calculating q=[0.28571429 0.28571429 0.        ]
Calculating q=[0.28571429 0.28571429 0.        ]
Calculating q=[0.28571429 0.28571429 0.        ]
Calculating q=[0.28571429 0.28571429 0.        ]
Calculating q=[0.28571429 0.28571429 0.        ]
Calculating q=[0.28571429 0.28571429 0.        ]
Calculating q=[0.28571429 0.28571429 0.        ]
Energy: -15.586218144385596 eV
Magnetic moment: -8.856873337724546e-15 Bohr magnetons
Energy: -15.586218144385596 eV
Magnetic moment: -8.856873337724546e-15 Bohr magnetons
Energy: -15.586218144385596 eV
Magnetic moment: -8.856873337724546e-15 Bohr magnetons
Energy: -15.586218144385596 eV
Magnetic moment: -8.856873337724546e-15 Bohr magnetons
Energy: -15.586218144385596 eV
Magnetic moment: -8.856873337724546e-15 Bohr magnetons
Energy: -15.586218144385596 eV
Magnetic moment: -8.856873337724546e-15 Bohr magnetons
Energy: -15.586218144385596 eV
Magnetic moment: -8.856873337724546e-15 Bohr magnetons
Energy: -15.586218144385596 eV
Magnetic moment: -8.856873337724546e-15 Bohr magnetons
Energy: -15.586218144385596 eV
Magnetic moment: -8.856873337724546e-15 Bohr magnetons
Energy: -15.586218144385596 eV
Magnetic moment: -8.856873337724546e-15 Bohr magnetons
Energy: -15.586218144385596 eV
Magnetic moment: -8.856873337724546e-15 Bohr magnetons
Energy: -15.586218144385596 eV
Magnetic moment: -8.856873337724546e-15 Bohr magnetons
Calculating q=[0.26190476 0.26190476 0.        ]
Calculating q=[0.26190476 0.26190476 0.        ]
Calculating q=[0.26190476 0.26190476 0.        ]
Calculating q=[0.26190476 0.26190476 0.        ]
Calculating q=[0.26190476 0.26190476 0.        ]
Calculating q=[0.26190476 0.26190476 0.        ]
Calculating q=[0.26190476 0.26190476 0.        ]
Calculating q=[0.26190476 0.26190476 0.        ]
Calculating q=[0.26190476 0.26190476 0.        ]
Calculating q=[0.26190476 0.26190476 0.        ]
Calculating q=[0.26190476 0.26190476 0.        ]
Calculating q=[0.26190476 0.26190476 0.        ]
Energy: -15.584025788845787 eV
Magnetic moment: 6.682612810248643e-16 Bohr magnetons
Energy: -15.584025788845787 eV
Magnetic moment: 6.682612810248643e-16 Bohr magnetons
Energy: -15.584025788845787 eV
Magnetic moment: 6.682612810248643e-16 Bohr magnetons
Energy: -15.584025788845787 eV
Magnetic moment: 6.682612810248643e-16 Bohr magnetons
Energy: -15.584025788845787 eV
Magnetic moment: 6.682612810248643e-16 Bohr magnetons
Energy: -15.584025788845787 eV
Magnetic moment: 6.682612810248643e-16 Bohr magnetons
Energy: -15.584025788845787 eV
Magnetic moment: 6.682612810248643e-16 Bohr magnetons
Energy: -15.584025788845787 eV
Magnetic moment: 6.682612810248643e-16 Bohr magnetons
Energy: -15.584025788845787 eV
Magnetic moment: 6.682612810248643e-16 Bohr magnetons
Energy: -15.584025788845787 eV
Magnetic moment: 6.682612810248643e-16 Bohr magnetons
Energy: -15.584025788845787 eV
Magnetic moment: 6.682612810248643e-16 Bohr magnetons
Energy: -15.584025788845787 eV
Magnetic moment: 6.682612810248643e-16 Bohr magnetons
Calculating q=[0.23809524 0.23809524 0.        ]
Calculating q=[0.23809524 0.23809524 0.        ]
Calculating q=[0.23809524 0.23809524 0.        ]
Calculating q=[0.23809524 0.23809524 0.        ]
Calculating q=[0.23809524 0.23809524 0.        ]
Calculating q=[0.23809524 0.23809524 0.        ]
Calculating q=[0.23809524 0.23809524 0.        ]
Calculating q=[0.23809524 0.23809524 0.        ]
Calculating q=[0.23809524 0.23809524 0.        ]
Calculating q=[0.23809524 0.23809524 0.        ]
Calculating q=[0.23809524 0.23809524 0.        ]
Calculating q=[0.23809524 0.23809524 0.        ]
Energy: -15.580980033194034 eV
Magnetic moment: -2.749769708852286e-15 Bohr magnetons
Energy: -15.580980033194034 eV
Magnetic moment: -2.749769708852286e-15 Bohr magnetons
Energy: -15.580980033194034 eV
Magnetic moment: -2.749769708852286e-15 Bohr magnetons
Energy: -15.580980033194034 eV
Magnetic moment: -2.749769708852286e-15 Bohr magnetons
Energy: -15.580980033194034 eV
Magnetic moment: -2.749769708852286e-15 Bohr magnetons
Energy: -15.580980033194034 eV
Magnetic moment: -2.749769708852286e-15 Bohr magnetons
Energy: -15.580980033194034 eV
Magnetic moment: -2.749769708852286e-15 Bohr magnetons
Energy: -15.580980033194034 eV
Magnetic moment: -2.749769708852286e-15 Bohr magnetons
Energy: -15.580980033194034 eV
Magnetic moment: -2.749769708852286e-15 Bohr magnetons
Energy: -15.580980033194034 eV
Magnetic moment: -2.749769708852286e-15 Bohr magnetons
Energy: -15.580980033194034 eV
Magnetic moment: -2.749769708852286e-15 Bohr magnetons
Energy: -15.580980033194034 eV
Magnetic moment: -2.749769708852286e-15 Bohr magnetons
Calculating q=[0.21428571 0.21428571 0.        ]
Calculating q=[0.21428571 0.21428571 0.        ]
Calculating q=[0.21428571 0.21428571 0.        ]
Calculating q=[0.21428571 0.21428571 0.        ]
Calculating q=[0.21428571 0.21428571 0.        ]
Calculating q=[0.21428571 0.21428571 0.        ]
Calculating q=[0.21428571 0.21428571 0.        ]
Calculating q=[0.21428571 0.21428571 0.        ]
Calculating q=[0.21428571 0.21428571 0.        ]
Calculating q=[0.21428571 0.21428571 0.        ]
Calculating q=[0.21428571 0.21428571 0.        ]
Calculating q=[0.21428571 0.21428571 0.        ]
Energy: -15.577125482787302 eV
Magnetic moment: 4.5243674410432175e-15 Bohr magnetons
Energy: -15.577125482787302 eV
Magnetic moment: 4.5243674410432175e-15 Bohr magnetons
Energy: -15.577125482787302 eV
Magnetic moment: 4.5243674410432175e-15 Bohr magnetons
Energy: -15.577125482787302 eV
Magnetic moment: 4.5243674410432175e-15 Bohr magnetons
Energy: -15.577125482787302 eV
Magnetic moment: 4.5243674410432175e-15 Bohr magnetons
Energy: -15.577125482787302 eV
Magnetic moment: 4.5243674410432175e-15 Bohr magnetons
Energy: -15.577125482787302 eV
Magnetic moment: 4.5243674410432175e-15 Bohr magnetons
Energy: -15.577125482787302 eV
Magnetic moment: 4.5243674410432175e-15 Bohr magnetons
Energy: -15.577125482787302 eV
Magnetic moment: 4.5243674410432175e-15 Bohr magnetons
Energy: -15.577125482787302 eV
Magnetic moment: 4.5243674410432175e-15 Bohr magnetons
Energy: -15.577125482787302 eV
Magnetic moment: 4.5243674410432175e-15 Bohr magnetons
Energy: -15.577125482787302 eV
Magnetic moment: 4.5243674410432175e-15 Bohr magnetons
Calculating q=[0.19047619 0.19047619 0.        ]
Calculating q=[0.19047619 0.19047619 0.        ]
Calculating q=[0.19047619 0.19047619 0.        ]
Calculating q=[0.19047619 0.19047619 0.        ]
Calculating q=[0.19047619 0.19047619 0.        ]
Calculating q=[0.19047619 0.19047619 0.        ]
Calculating q=[0.19047619 0.19047619 0.        ]
Calculating q=[0.19047619 0.19047619 0.        ]
Calculating q=[0.19047619 0.19047619 0.        ]
Calculating q=[0.19047619 0.19047619 0.        ]
Calculating q=[0.19047619 0.19047619 0.        ]
Calculating q=[0.19047619 0.19047619 0.        ]
Energy: -15.572523001302653 eV
Magnetic moment: 5.259041224553421e-16 Bohr magnetons
Energy: -15.572523001302653 eV
Magnetic moment: 5.259041224553421e-16 Bohr magnetons
Energy: -15.572523001302653 eV
Magnetic moment: 5.259041224553421e-16 Bohr magnetons
Energy: -15.572523001302653 eV
Magnetic moment: 5.259041224553421e-16 Bohr magnetons
Energy: -15.572523001302653 eV
Magnetic moment: 5.259041224553421e-16 Bohr magnetons
Energy: -15.572523001302653 eV
Magnetic moment: 5.259041224553421e-16 Bohr magnetons
Energy: -15.572523001302653 eV
Magnetic moment: 5.259041224553421e-16 Bohr magnetons
Energy: -15.572523001302653 eV
Magnetic moment: 5.259041224553421e-16 Bohr magnetons
Energy: -15.572523001302653 eV
Magnetic moment: 5.259041224553421e-16 Bohr magnetons
Energy: -15.572523001302653 eV
Magnetic moment: 5.259041224553421e-16 Bohr magnetons
Energy: -15.572523001302653 eV
Magnetic moment: 5.259041224553421e-16 Bohr magnetons
Energy: -15.572523001302653 eV
Magnetic moment: 5.259041224553421e-16 Bohr magnetons
Calculating q=[0.16666667 0.16666667 0.        ]
Calculating q=[0.16666667 0.16666667 0.        ]
Calculating q=[0.16666667 0.16666667 0.        ]
Calculating q=[0.16666667 0.16666667 0.        ]
Calculating q=[0.16666667 0.16666667 0.        ]
Calculating q=[0.16666667 0.16666667 0.        ]
Calculating q=[0.16666667 0.16666667 0.        ]
Calculating q=[0.16666667 0.16666667 0.        ]
Calculating q=[0.16666667 0.16666667 0.        ]
Calculating q=[0.16666667 0.16666667 0.        ]
Calculating q=[0.16666667 0.16666667 0.        ]
Calculating q=[0.16666667 0.16666667 0.        ]
Energy: -15.56727216102524 eV
Magnetic moment: 5.080978364129786e-15 Bohr magnetons
Energy: -15.56727216102524 eV
Magnetic moment: 5.080978364129786e-15 Bohr magnetons
Energy: -15.56727216102524 eV
Magnetic moment: 5.080978364129786e-15 Bohr magnetons
Energy: -15.56727216102524 eV
Magnetic moment: 5.080978364129786e-15 Bohr magnetons
Energy: -15.56727216102524 eV
Magnetic moment: 5.080978364129786e-15 Bohr magnetons
Energy: -15.56727216102524 eV
Magnetic moment: 5.080978364129786e-15 Bohr magnetons
Energy: -15.56727216102524 eV
Magnetic moment: 5.080978364129786e-15 Bohr magnetons
Energy: -15.56727216102524 eV
Magnetic moment: 5.080978364129786e-15 Bohr magnetons
Energy: -15.56727216102524 eV
Magnetic moment: 5.080978364129786e-15 Bohr magnetons
Energy: -15.56727216102524 eV
Magnetic moment: 5.080978364129786e-15 Bohr magnetons
Energy: -15.56727216102524 eV
Magnetic moment: 5.080978364129786e-15 Bohr magnetons
Energy: -15.56727216102524 eV
Magnetic moment: 5.080978364129786e-15 Bohr magnetons
Calculating q=[0.14285714 0.14285714 0.        ]
Calculating q=[0.14285714 0.14285714 0.        ]
Calculating q=[0.14285714 0.14285714 0.        ]
Calculating q=[0.14285714 0.14285714 0.        ]
Calculating q=[0.14285714 0.14285714 0.        ]
Calculating q=[0.14285714 0.14285714 0.        ]
Calculating q=[0.14285714 0.14285714 0.        ]
Calculating q=[0.14285714 0.14285714 0.        ]
Calculating q=[0.14285714 0.14285714 0.        ]
Calculating q=[0.14285714 0.14285714 0.        ]
Calculating q=[0.14285714 0.14285714 0.        ]
Calculating q=[0.14285714 0.14285714 0.        ]
Energy: -15.561541215537558 eV
Magnetic moment: 2.968495750533592e-15 Bohr magnetons
Energy: -15.561541215537558 eV
Magnetic moment: 2.968495750533592e-15 Bohr magnetons
Energy: -15.561541215537558 eV
Magnetic moment: 2.968495750533592e-15 Bohr magnetons
Energy: -15.561541215537558 eV
Magnetic moment: 2.968495750533592e-15 Bohr magnetons
Energy: -15.561541215537558 eV
Magnetic moment: 2.968495750533592e-15 Bohr magnetons
Energy: -15.561541215537558 eV
Magnetic moment: 2.968495750533592e-15 Bohr magnetons
Energy: -15.561541215537558 eV
Magnetic moment: 2.968495750533592e-15 Bohr magnetons
Energy: -15.561541215537558 eV
Magnetic moment: 2.968495750533592e-15 Bohr magnetons
Energy: -15.561541215537558 eV
Magnetic moment: 2.968495750533592e-15 Bohr magnetons
Energy: -15.561541215537558 eV
Magnetic moment: 2.968495750533592e-15 Bohr magnetons
Energy: -15.561541215537558 eV
Magnetic moment: 2.968495750533592e-15 Bohr magnetons
Energy: -15.561541215537558 eV
Magnetic moment: 2.968495750533592e-15 Bohr magnetons
Calculating q=[0.11904762 0.11904762 0.        ]
Calculating q=[0.11904762 0.11904762 0.        ]
Calculating q=[0.11904762 0.11904762 0.        ]
Calculating q=[0.11904762 0.11904762 0.        ]
Calculating q=[0.11904762 0.11904762 0.        ]
Calculating q=[0.11904762 0.11904762 0.        ]
Calculating q=[0.11904762 0.11904762 0.        ]
Calculating q=[0.11904762 0.11904762 0.        ]
Calculating q=[0.11904762 0.11904762 0.        ]
Calculating q=[0.11904762 0.11904762 0.        ]
Calculating q=[0.11904762 0.11904762 0.        ]
Calculating q=[0.11904762 0.11904762 0.        ]
Energy: -15.55558282480365 eV
Magnetic moment: -1.191875735570422e-15 Bohr magnetons
Energy: -15.55558282480365 eV
Magnetic moment: -1.191875735570422e-15 Bohr magnetons
Energy: -15.55558282480365 eV
Magnetic moment: -1.191875735570422e-15 Bohr magnetons
Energy: -15.55558282480365 eV
Magnetic moment: -1.191875735570422e-15 Bohr magnetons
Energy: -15.55558282480365 eV
Magnetic moment: -1.191875735570422e-15 Bohr magnetons
Energy: -15.55558282480365 eV
Magnetic moment: -1.191875735570422e-15 Bohr magnetons
Energy: -15.55558282480365 eV
Magnetic moment: -1.191875735570422e-15 Bohr magnetons
Energy: -15.55558282480365 eV
Magnetic moment: -1.191875735570422e-15 Bohr magnetons
Energy: -15.55558282480365 eV
Magnetic moment: -1.191875735570422e-15 Bohr magnetons
Energy: -15.55558282480365 eV
Magnetic moment: -1.191875735570422e-15 Bohr magnetons
Energy: -15.55558282480365 eV
Energy: -15.55558282480365 eV
Magnetic moment: -1.191875735570422e-15 Bohr magnetons
Calculating q=[0.0952381 0.0952381 0.       ]
Calculating q=[0.0952381 0.0952381 0.       ]
Calculating q=[0.0952381 0.0952381 0.       ]
Calculating q=[0.0952381 0.0952381 0.       ]
Calculating q=[0.0952381 0.0952381 0.       ]
Calculating q=[0.0952381 0.0952381 0.       ]
Calculating q=[0.0952381 0.0952381 0.       ]
Calculating q=[0.0952381 0.0952381 0.       ]
Calculating q=[0.0952381 0.0952381 0.       ]
Calculating q=[0.0952381 0.0952381 0.       ]
Magnetic moment: -1.191875735570422e-15 Bohr magnetons
Calculating q=[0.0952381 0.0952381 0.       ]
Calculating q=[0.0952381 0.0952381 0.       ]
Energy: -15.549755366297548 eV
Magnetic moment: 1.642592058174549e-13 Bohr magnetons
Energy: -15.549755366297548 eV
Magnetic moment: 1.642592058174549e-13 Bohr magnetons
Energy: -15.549755366297548 eV
Magnetic moment: 1.642592058174549e-13 Bohr magnetons
Energy: -15.549755366297548 eV
Magnetic moment: 1.642592058174549e-13 Bohr magnetons
Energy: -15.549755366297548 eV
Magnetic moment: 1.642592058174549e-13 Bohr magnetons
Energy: -15.549755366297548 eV
Magnetic moment: 1.642592058174549e-13 Bohr magnetons
Energy: -15.549755366297548 eV
Magnetic moment: 1.642592058174549e-13 Bohr magnetons
Energy: -15.549755366297548 eV
Magnetic moment: 1.642592058174549e-13 Bohr magnetons
Energy: -15.549755366297548 eV
Magnetic moment: 1.642592058174549e-13 Bohr magnetons
Energy: -15.549755366297548 eV
Magnetic moment: 1.642592058174549e-13 Bohr magnetons
Energy: -15.549755366297548 eV
Magnetic moment: 1.642592058174549e-13 Bohr magnetons
Energy: -15.549755366297548 eV
Magnetic moment: 1.642592058174549e-13 Bohr magnetons
Calculating q=[0.07142857 0.07142857 0.        ]
Calculating q=[0.07142857 0.07142857 0.        ]
Calculating q=[0.07142857 0.07142857 0.        ]
Calculating q=[0.07142857 0.07142857 0.        ]
Calculating q=[0.07142857 0.07142857 0.        ]
Calculating q=[0.07142857 0.07142857 0.        ]
Calculating q=[0.07142857 0.07142857 0.        ]
Calculating q=[0.07142857 0.07142857 0.        ]
Calculating q=[0.07142857 0.07142857 0.        ]
Calculating q=[0.07142857 0.07142857 0.        ]
Calculating q=[0.07142857 0.07142857 0.        ]
Calculating q=[0.07142857 0.07142857 0.        ]
Energy: -15.54449294526021 eV
Magnetic moment: -5.5249049923297975e-15 Bohr magnetons
Energy: -15.54449294526021 eV
Magnetic moment: -5.5249049923297975e-15 Bohr magnetons
Energy: -15.54449294526021 eV
Magnetic moment: -5.5249049923297975e-15 Bohr magnetons
Energy: -15.54449294526021 eV
Magnetic moment: -5.5249049923297975e-15 Bohr magnetons
Energy: -15.54449294526021 eV
Magnetic moment: -5.5249049923297975e-15 Bohr magnetons
Energy: -15.54449294526021 eV
Magnetic moment: -5.5249049923297975e-15 Bohr magnetons
Energy: -15.54449294526021 eV
Magnetic moment: -5.5249049923297975e-15 Bohr magnetons
Energy: -15.54449294526021 eV
Magnetic moment: -5.5249049923297975e-15 Bohr magnetons
Energy: -15.54449294526021 eV
Magnetic moment: -5.5249049923297975e-15 Bohr magnetons
Energy: -15.54449294526021 eV
Magnetic moment: -5.5249049923297975e-15 Bohr magnetons
Energy: -15.54449294526021 eV
Energy: -15.54449294526021 eV
Magnetic moment: -5.5249049923297975e-15 Bohr magnetons
Calculating q=[0.04761905 0.04761905 0.        ]
Calculating q=[0.04761905 0.04761905 0.        ]
Calculating q=[0.04761905 0.04761905 0.        ]
Calculating q=[0.04761905 0.04761905 0.        ]
Calculating q=[0.04761905 0.04761905 0.        ]
Calculating q=[0.04761905 0.04761905 0.        ]
Calculating q=[0.04761905 0.04761905 0.        ]
Calculating q=[0.04761905 0.04761905 0.        ]
Calculating q=[0.04761905 0.04761905 0.        ]
Calculating q=[0.04761905 0.04761905 0.        ]
Magnetic moment: -5.5249049923297975e-15 Bohr magnetons
Calculating q=[0.04761905 0.04761905 0.        ]
Calculating q=[0.04761905 0.04761905 0.        ]
Energy: -15.540274324974092 eV
Magnetic moment: 1.990437242984494e-15 Bohr magnetons
Energy: -15.540274324974092 eV
Magnetic moment: 1.990437242984494e-15 Bohr magnetons
Energy: -15.540274324974092 eV
Magnetic moment: 1.990437242984494e-15 Bohr magnetons
Energy: -15.540274324974092 eV
Magnetic moment: 1.990437242984494e-15 Bohr magnetons
Energy: -15.540274324974092 eV
Magnetic moment: 1.990437242984494e-15 Bohr magnetons
Energy: -15.540274324974092 eV
Magnetic moment: 1.990437242984494e-15 Bohr magnetons
Energy: -15.540274324974092 eV
Magnetic moment: 1.990437242984494e-15 Bohr magnetons
Energy: -15.540274324974092 eV
Magnetic moment: 1.990437242984494e-15 Bohr magnetons
Energy: -15.540274324974092 eV
Magnetic moment: 1.990437242984494e-15 Bohr magnetons
Energy: -15.540274324974092 eV
Magnetic moment: 1.990437242984494e-15 Bohr magnetons
Energy: -15.540274324974092 eV
Magnetic moment: 1.990437242984494e-15 Bohr magnetons
Energy: -15.540274324974092 eV
Magnetic moment: 1.990437242984494e-15 Bohr magnetons
Calculating q=[0.02380952 0.02380952 0.        ]
Calculating q=[0.02380952 0.02380952 0.        ]
Calculating q=[0.02380952 0.02380952 0.        ]
Calculating q=[0.02380952 0.02380952 0.        ]
Calculating q=[0.02380952 0.02380952 0.        ]
Calculating q=[0.02380952 0.02380952 0.        ]
Calculating q=[0.02380952 0.02380952 0.        ]
Calculating q=[0.02380952 0.02380952 0.        ]
Calculating q=[0.02380952 0.02380952 0.        ]
Calculating q=[0.02380952 0.02380952 0.        ]
Calculating q=[0.02380952 0.02380952 0.        ]
Calculating q=[0.02380952 0.02380952 0.        ]
Energy: -15.53753931907135 eV
Magnetic moment: -1.1059862582495795e-15 Bohr magnetons
Energy: -15.53753931907135 eV
Magnetic moment: -1.1059862582495795e-15 Bohr magnetons
Energy: -15.53753931907135 eV
Magnetic moment: -1.1059862582495795e-15 Bohr magnetons
Energy: -15.53753931907135 eV
Magnetic moment: -1.1059862582495795e-15 Bohr magnetons
Energy: -15.53753931907135 eV
Magnetic moment: -1.1059862582495795e-15 Bohr magnetons
Energy: -15.53753931907135 eV
Magnetic moment: -1.1059862582495795e-15 Bohr magnetons
Energy: -15.53753931907135 eV
Magnetic moment: -1.1059862582495795e-15 Bohr magnetons
Energy: -15.53753931907135 eV
Magnetic moment: -1.1059862582495795e-15 Bohr magnetons
Energy: -15.53753931907135 eV
Magnetic moment: -1.1059862582495795e-15 Bohr magnetons
Energy: -15.53753931907135 eV
Magnetic moment: -1.1059862582495795e-15 Bohr magnetons
Energy: -15.53753931907135 eV
Magnetic moment: -1.1059862582495795e-15 Bohr magnetons
Energy: -15.53753931907135 eV
Magnetic moment: -1.1059862582495795e-15 Bohr magnetons
Calculating q=[0. 0. 0.]
Calculating q=[0. 0. 0.]
Calculating q=[0. 0. 0.]
Calculating q=[0. 0. 0.]
Calculating q=[0. 0. 0.]
Calculating q=[0. 0. 0.]
Calculating q=[0. 0. 0.]
Calculating q=[0. 0. 0.]
Calculating q=[0. 0. 0.]
Calculating q=[0. 0. 0.]
Calculating q=[0. 0. 0.]
Calculating q=[0. 0. 0.]
Energy: -15.536586576496251 eV
Magnetic moment: 9.609602671609135e-12 Bohr magnetons
Energy: -15.536586576496251 eV
Magnetic moment: 9.609602671609135e-12 Bohr magnetons
Energy: -15.536586576496251 eV
Magnetic moment: 9.609602671609135e-12 Bohr magnetons
Energy: -15.536586576496251 eV
Magnetic moment: 9.609602671609135e-12 Bohr magnetons
Energy: -15.536586576496251 eV
Magnetic moment: 9.609602671609135e-12 Bohr magnetons
Energy: -15.536586576496251 eV
Magnetic moment: 9.609602671609135e-12 Bohr magnetons
Energy: -15.536586576496251 eV
Magnetic moment: 9.609602671609135e-12 Bohr magnetons
Energy: -15.536586576496251 eV
Magnetic moment: 9.609602671609135e-12 Bohr magnetons
Energy: -15.536586576496251 eV
Magnetic moment: 9.609602671609135e-12 Bohr magnetons
Energy: -15.536586576496251 eV
Magnetic moment: 9.609602671609135e-12 Bohr magnetons
Energy: -15.536586576496251 eV
Magnetic moment: 9.609602671609135e-12 Bohr magnetons
Energy: -15.536586576496251 eV
Magnetic moment: 9.609602671609135e-12 Bohr magnetons

------------------------------------------------------------
Sender: LSF System <lsfadmin@hpc.dtu.dk>
Subject: Job 21535522: <plot_5.py> in cluster <dcc> Done

Job <plot_5.py> was submitted from host <n-62-30-1> by user <s194113> in cluster <dcc> at Sun Apr 21 14:08:57 2024
Job was executed on host(s) <12*n-62-29-8>, in queue <hpc>, as user <s194113> in cluster <dcc> at Sun Apr 21 16:20:00 2024
</zhome/87/8/147075> was used as the home directory.
</zhome/87/8/147075/10302/10302_NM/VBr2/V_con> was used as the working directory.
Started at Sun Apr 21 16:20:00 2024
Terminated at Sun Apr 21 20:06:24 2024
Results reported at Sun Apr 21 20:06:24 2024

Your job looked like:

------------------------------------------------------------
# LSBATCH: User input
#!/bin/bash -l
id=$LSB_JOBID
mq=/zhome/87/8/147075/.myqueue/lsf-$id
source /zhome/87/8/147075/venv-name/bin/activate
echo "venv: /zhome/87/8/147075/venv-name/bin/activate"
(touch $mq-0 && \
 cd '/zhome/87/8/147075/10302/10302_NM/VBr2/V_con' && \
 mpiexec python3 plot_5.py && \
 touch $mq-1) || \
(touch $mq-2; exit 1)

------------------------------------------------------------

Successfully completed.

Resource usage summary:

    CPU time :                                   162920.02 sec.
    Max Memory :                                 9153 MB
    Average Memory :                             6401.53 MB
    Total Requested Memory :                     73728.00 MB
    Delta Memory :                               64575.00 MB
    Max Swap :                                   -
    Max Processes :                              17
    Max Threads :                                57
    Run time :                                   13585 sec.
    Turnaround time :                            21447 sec.

The output (if any) is above this job summary.



PS:

Read file </zhome/87/8/147075/10302/10302_NM/VBr2/V_con/plot_5.py.21535522.err> for stderr output of this job.

