venv: /zhome/87/8/147075/venv-name/bin/activate
[1713351768.262564] [n-62-29-29:26151:0]          ib_md.c:1063 UCX  WARN  IB: ibv_fork_init() was disabled or failed, yet a fork() has been issued.
[1713351768.262604] [n-62-29-29:26151:0]          ib_md.c:1064 UCX  WARN  IB: data corruption might occur when using registered memory.
[1713351768.262562] [n-62-29-29:26152:0]          ib_md.c:1063 UCX  WARN  IB: ibv_fork_init() was disabled or failed, yet a fork() has been issued.
[1713351768.262604] [n-62-29-29:26152:0]          ib_md.c:1064 UCX  WARN  IB: data corruption might occur when using registered memory.
[1713351768.262585] [n-62-29-29:26153:0]          ib_md.c:1063 UCX  WARN  IB: ibv_fork_init() was disabled or failed, yet a fork() has been issued.
[1713351768.262617] [n-62-29-29:26153:0]          ib_md.c:1064 UCX  WARN  IB: data corruption might occur when using registered memory.
[1713351768.262580] [n-62-29-29:26156:0]          ib_md.c:1063 UCX  WARN  IB: ibv_fork_init() was disabled or failed, yet a fork() has been issued.
[1713351768.262615] [n-62-29-29:26156:0]          ib_md.c:1064 UCX  WARN  IB: data corruption might occur when using registered memory.
[1713351768.262604] [n-62-29-29:26157:0]          ib_md.c:1063 UCX  WARN  IB: ibv_fork_init() was disabled or failed, yet a fork() has been issued.
[1713351768.262654] [n-62-29-29:26157:0]          ib_md.c:1064 UCX  WARN  IB: data corruption might occur when using registered memory.
[1713351768.262579] [n-62-29-29:26158:0]          ib_md.c:1063 UCX  WARN  IB: ibv_fork_init() was disabled or failed, yet a fork() has been issued.
[1713351768.262622] [n-62-29-29:26158:0]          ib_md.c:1064 UCX  WARN  IB: data corruption might occur when using registered memory.
[1713351768.262609] [n-62-29-29:26159:0]          ib_md.c:1063 UCX  WARN  IB: ibv_fork_init() was disabled or failed, yet a fork() has been issued.
[1713351768.262657] [n-62-29-29:26159:0]          ib_md.c:1064 UCX  WARN  IB: data corruption might occur when using registered memory.
[1713351768.262669] [n-62-29-29:26147:0]          ib_md.c:1063 UCX  WARN  IB: ibv_fork_init() was disabled or failed, yet a fork() has been issued.
[1713351768.262718] [n-62-29-29:26147:0]          ib_md.c:1064 UCX  WARN  IB: data corruption might occur when using registered memory.
[1713351768.262616] [n-62-29-29:26148:0]          ib_md.c:1063 UCX  WARN  IB: ibv_fork_init() was disabled or failed, yet a fork() has been issued.
[1713351768.262676] [n-62-29-29:26148:0]          ib_md.c:1064 UCX  WARN  IB: data corruption might occur when using registered memory.
[1713351768.262669] [n-62-29-29:26150:0]          ib_md.c:1063 UCX  WARN  IB: ibv_fork_init() was disabled or failed, yet a fork() has been issued.
[1713351768.262718] [n-62-29-29:26150:0]          ib_md.c:1064 UCX  WARN  IB: data corruption might occur when using registered memory.
[1713351768.262765] [n-62-29-29:26149:0]          ib_md.c:1063 UCX  WARN  IB: ibv_fork_init() was disabled or failed, yet a fork() has been issued.
[1713351768.262809] [n-62-29-29:26149:0]          ib_md.c:1064 UCX  WARN  IB: data corruption might occur when using registered memory.
[1713351768.262865] [n-62-29-29:26154:0]          ib_md.c:1063 UCX  WARN  IB: ibv_fork_init() was disabled or failed, yet a fork() has been issued.
[1713351768.262903] [n-62-29-29:26154:0]          ib_md.c:1064 UCX  WARN  IB: data corruption might occur when using registered memory.
Calculating ground state
Calculating ground state
Calculating ground state
31 q-points in the path
=====================================
31 q-points in the path
=====================================
31 q-points in the path
Calculating ground state
31 q-points in the path
=====================================
Calculating ground state
Calculating ground state
31 q-points in the path
=====================================
=====================================
Calculating ground state
31 q-points in the path
=====================================
Calculating ground state
31 q-points in the path
=====================================
Calculating ground state
31 q-points in the path
=====================================
31 q-points in the path
=====================================
Calculating ground state
31 q-points in the path
=====================================
Calculating q=[0. 0. 0.]
Calculating q=[0. 0. 0.]
Calculating ground state
31 q-points in the path
=====================================
Calculating ground state
31 q-points in the path
=====================================
Calculating q=[0. 0. 0.]
Calculating q=[0. 0. 0.]
Calculating q=[0. 0. 0.]
Calculating q=[0. 0. 0.]
Calculating q=[0. 0. 0.]
Calculating q=[0. 0. 0.]
Calculating q=[0. 0. 0.]
Calculating q=[0. 0. 0.]
Calculating q=[0. 0. 0.]
Calculating q=[0. 0. 0.]
Energy: -12.288628850415881 eV
Magnetic moment: 5.517204585855598e-10 Bohr magnetons
Energy: -12.288628850415881 eV
Magnetic moment: 5.517204585855598e-10 Bohr magnetons
Energy: -12.288628850415881 eV
Magnetic moment: 5.517204585855598e-10 Bohr magnetons
Energy: -12.288628850415881 eV
Magnetic moment: 5.517204585855598e-10 Bohr magnetons
Energy: -12.288628850415881 eV
Magnetic moment: 5.517204585855598e-10 Bohr magnetons
Energy: -12.288628850415881 eV
Magnetic moment: 5.517204585855598e-10 Bohr magnetons
Energy: -12.288628850415881 eV
Magnetic moment: 5.517204585855598e-10 Bohr magnetons
Energy: -12.288628850415881 eV
Magnetic moment: 5.517204585855598e-10 Bohr magnetons
Energy: -12.288628850415881 eV
Magnetic moment: 5.517204585855598e-10 Bohr magnetons
Energy: -12.288628850415881 eV
Magnetic moment: 5.517204585855598e-10 Bohr magnetons
Energy: -12.288628850415881 eV
Magnetic moment: 5.517204585855598e-10 Bohr magnetons
Energy: -12.288628850415881 eV
Magnetic moment: 5.517204585855598e-10 Bohr magnetons
Calculating q=[0.05 0.   0.  ]
Calculating q=[0.05 0.   0.  ]
Calculating q=[0.05 0.   0.  ]
Calculating q=[0.05 0.   0.  ]
Calculating q=[0.05 0.   0.  ]
Calculating q=[0.05 0.   0.  ]
Calculating q=[0.05 0.   0.  ]
Calculating q=[0.05 0.   0.  ]
Calculating q=[0.05 0.   0.  ]
Calculating q=[0.05 0.   0.  ]
Calculating q=[0.05 0.   0.  ]
Calculating q=[0.05 0.   0.  ]
Energy: -12.291968318024155 eV
Magnetic moment: -1.648854559693955e-15 Bohr magnetons
Energy: -12.291968318024155 eV
Magnetic moment: -1.648854559693955e-15 Bohr magnetons
Energy: -12.291968318024155 eV
Magnetic moment: -1.648854559693955e-15 Bohr magnetons
Energy: -12.291968318024155 eV
Magnetic moment: -1.648854559693955e-15 Bohr magnetons
Energy: -12.291968318024155 eV
Magnetic moment: -1.648854559693955e-15 Bohr magnetons
Energy: -12.291968318024155 eV
Magnetic moment: -1.648854559693955e-15 Bohr magnetons
Energy: -12.291968318024155 eV
Magnetic moment: -1.648854559693955e-15 Bohr magnetons
Energy: -12.291968318024155 eV
Magnetic moment: -1.648854559693955e-15 Bohr magnetons
Energy: -12.291968318024155 eV
Magnetic moment: -1.648854559693955e-15 Bohr magnetons
Energy: -12.291968318024155 eV
Magnetic moment: -1.648854559693955e-15 Bohr magnetons
Energy: -12.291968318024155 eV
Magnetic moment: -1.648854559693955e-15 Bohr magnetons
Energy: -12.291968318024155 eV
Magnetic moment: -1.648854559693955e-15 Bohr magnetons
Calculating q=[0.1 0.  0. ]
Calculating q=[0.1 0.  0. ]
Calculating q=[0.1 0.  0. ]
Calculating q=[0.1 0.  0. ]
Calculating q=[0.1 0.  0. ]
Calculating q=[0.1 0.  0. ]
Calculating q=[0.1 0.  0. ]
Calculating q=[0.1 0.  0. ]
Calculating q=[0.1 0.  0. ]
Calculating q=[0.1 0.  0. ]
Calculating q=[0.1 0.  0. ]
Calculating q=[0.1 0.  0. ]
Energy: -12.300507671508424 eV
Magnetic moment: -1.8349635811475814e-12 Bohr magnetons
Energy: -12.300507671508424 eV
Magnetic moment: -1.8349635811475814e-12 Bohr magnetons
Energy: -12.300507671508424 eV
Magnetic moment: -1.8349635811475814e-12 Bohr magnetons
Energy: -12.300507671508424 eV
Magnetic moment: -1.8349635811475814e-12 Bohr magnetons
Energy: -12.300507671508424 eV
Magnetic moment: -1.8349635811475814e-12 Bohr magnetons
Energy: -12.300507671508424 eV
Magnetic moment: -1.8349635811475814e-12 Bohr magnetons
Energy: -12.300507671508424 eV
Magnetic moment: -1.8349635811475814e-12 Bohr magnetons
Energy: -12.300507671508424 eV
Magnetic moment: -1.8349635811475814e-12 Bohr magnetons
Energy: -12.300507671508424 eV
Magnetic moment: -1.8349635811475814e-12 Bohr magnetons
Energy: -12.300507671508424 eV
Magnetic moment: -1.8349635811475814e-12 Bohr magnetons
Energy: -12.300507671508424 eV
Magnetic moment: -1.8349635811475814e-12 Bohr magnetons
Energy: -12.300507671508424 eV
Magnetic moment: -1.8349635811475814e-12 Bohr magnetons
Calculating q=[0.15 0.   0.  ]
Calculating q=[0.15 0.   0.  ]
Calculating q=[0.15 0.   0.  ]
Calculating q=[0.15 0.   0.  ]
Calculating q=[0.15 0.   0.  ]
Calculating q=[0.15 0.   0.  ]
Calculating q=[0.15 0.   0.  ]
Calculating q=[0.15 0.   0.  ]
Calculating q=[0.15 0.   0.  ]
Calculating q=[0.15 0.   0.  ]
Calculating q=[0.15 0.   0.  ]
Calculating q=[0.15 0.   0.  ]
Energy: -12.30978511293882 eV
Magnetic moment: -2.6086163125708015e-13 Bohr magnetons
Energy: -12.30978511293882 eV
Magnetic moment: -2.6086163125708015e-13 Bohr magnetons
Energy: -12.30978511293882 eV
Magnetic moment: -2.6086163125708015e-13 Bohr magnetons
Energy: -12.30978511293882 eV
Magnetic moment: -2.6086163125708015e-13 Bohr magnetons
Energy: -12.30978511293882 eV
Magnetic moment: -2.6086163125708015e-13 Bohr magnetons
Energy: -12.30978511293882 eV
Magnetic moment: -2.6086163125708015e-13 Bohr magnetons
Energy: -12.30978511293882 eV
Magnetic moment: -2.6086163125708015e-13 Bohr magnetons
Energy: -12.30978511293882 eV
Magnetic moment: -2.6086163125708015e-13 Bohr magnetons
Energy: -12.30978511293882 eV
Magnetic moment: -2.6086163125708015e-13 Bohr magnetons
Energy: -12.30978511293882 eV
Magnetic moment: -2.6086163125708015e-13 Bohr magnetons
Energy: -12.30978511293882 eV
Magnetic moment: -2.6086163125708015e-13 Bohr magnetons
Energy: -12.30978511293882 eV
Magnetic moment: -2.6086163125708015e-13 Bohr magnetons
Calculating q=[0.2 0.  0. ]
Calculating q=[0.2 0.  0. ]
Calculating q=[0.2 0.  0. ]
Calculating q=[0.2 0.  0. ]
Calculating q=[0.2 0.  0. ]
Calculating q=[0.2 0.  0. ]
Calculating q=[0.2 0.  0. ]
Calculating q=[0.2 0.  0. ]
Calculating q=[0.2 0.  0. ]
Calculating q=[0.2 0.  0. ]
Calculating q=[0.2 0.  0. ]
Calculating q=[0.2 0.  0. ]
Energy: -12.314745059942783 eV
Magnetic moment: -5.3730222767001954e-14 Bohr magnetons
Energy: -12.314745059942783 eV
Magnetic moment: -5.3730222767001954e-14 Bohr magnetons
Energy: -12.314745059942783 eV
Magnetic moment: -5.3730222767001954e-14 Bohr magnetons
Energy: -12.314745059942783 eV
Magnetic moment: -5.3730222767001954e-14 Bohr magnetons
Energy: -12.314745059942783 eV
Magnetic moment: -5.3730222767001954e-14 Bohr magnetons
Energy: -12.314745059942783 eV
Magnetic moment: -5.3730222767001954e-14 Bohr magnetons
Energy: -12.314745059942783 eV
Magnetic moment: -5.3730222767001954e-14 Bohr magnetons
Energy: -12.314745059942783 eV
Magnetic moment: -5.3730222767001954e-14 Bohr magnetons
Energy: -12.314745059942783 eV
Magnetic moment: -5.3730222767001954e-14 Bohr magnetons
Energy: -12.314745059942783 eV
Magnetic moment: -5.3730222767001954e-14 Bohr magnetons
Energy: -12.314745059942783 eV
Magnetic moment: -5.3730222767001954e-14 Bohr magnetons
Energy: -12.314745059942783 eV
Magnetic moment: -5.3730222767001954e-14 Bohr magnetons
Calculating q=[0.25 0.   0.  ]
Calculating q=[0.25 0.   0.  ]
Calculating q=[0.25 0.   0.  ]
Calculating q=[0.25 0.   0.  ]
Calculating q=[0.25 0.   0.  ]
Calculating q=[0.25 0.   0.  ]
Calculating q=[0.25 0.   0.  ]
Calculating q=[0.25 0.   0.  ]
Calculating q=[0.25 0.   0.  ]
Calculating q=[0.25 0.   0.  ]
Calculating q=[0.25 0.   0.  ]
Calculating q=[0.25 0.   0.  ]
