venv: /zhome/87/8/147075/venv-name/bin/activate
[1713701197.019671] [n-62-29-23:2383 :0]          ib_md.c:1063 UCX  WARN  IB: ibv_fork_init() was disabled or failed, yet a fork() has been issued.
[1713701197.019690] [n-62-29-23:2391 :0]          ib_md.c:1063 UCX  WARN  IB: ibv_fork_init() was disabled or failed, yet a fork() has been issued.
[1713701197.019737] [n-62-29-23:2391 :0]          ib_md.c:1064 UCX  WARN  IB: data corruption might occur when using registered memory.
[1713701197.019673] [n-62-29-23:2395 :0]          ib_md.c:1063 UCX  WARN  IB: ibv_fork_init() was disabled or failed, yet a fork() has been issued.
[1713701197.019716] [n-62-29-23:2395 :0]          ib_md.c:1064 UCX  WARN  IB: data corruption might occur when using registered memory.
[1713701197.019764] [n-62-29-23:2380 :0]          ib_md.c:1063 UCX  WARN  IB: ibv_fork_init() was disabled or failed, yet a fork() has been issued.
[1713701197.019810] [n-62-29-23:2380 :0]          ib_md.c:1064 UCX  WARN  IB: data corruption might occur when using registered memory.
[1713701197.019771] [n-62-29-23:2381 :0]          ib_md.c:1063 UCX  WARN  IB: ibv_fork_init() was disabled or failed, yet a fork() has been issued.
[1713701197.019825] [n-62-29-23:2381 :0]          ib_md.c:1064 UCX  WARN  IB: data corruption might occur when using registered memory.
[1713701197.019728] [n-62-29-23:2382 :0]          ib_md.c:1063 UCX  WARN  IB: ibv_fork_init() was disabled or failed, yet a fork() has been issued.
[1713701197.019764] [n-62-29-23:2382 :0]          ib_md.c:1064 UCX  WARN  IB: data corruption might occur when using registered memory.
[1713701197.019726] [n-62-29-23:2384 :0]          ib_md.c:1063 UCX  WARN  IB: ibv_fork_init() was disabled or failed, yet a fork() has been issued.
[1713701197.019764] [n-62-29-23:2384 :0]          ib_md.c:1064 UCX  WARN  IB: data corruption might occur when using registered memory.
[1713701197.019723] [n-62-29-23:2387 :0]          ib_md.c:1063 UCX  WARN  IB: ibv_fork_init() was disabled or failed, yet a fork() has been issued.
[1713701197.019778] [n-62-29-23:2387 :0]          ib_md.c:1064 UCX  WARN  IB: data corruption might occur when using registered memory.
[1713701197.019752] [n-62-29-23:2388 :0]          ib_md.c:1063 UCX  WARN  IB: ibv_fork_init() was disabled or failed, yet a fork() has been issued.
[1713701197.019799] [n-62-29-23:2388 :0]          ib_md.c:1064 UCX  WARN  IB: data corruption might occur when using registered memory.
[1713701197.019786] [n-62-29-23:2393 :0]          ib_md.c:1063 UCX  WARN  IB: ibv_fork_init() was disabled or failed, yet a fork() has been issued.
[1713701197.019828] [n-62-29-23:2393 :0]          ib_md.c:1064 UCX  WARN  IB: data corruption might occur when using registered memory.
[1713701197.019798] [n-62-29-23:2385 :0]          ib_md.c:1063 UCX  WARN  IB: ibv_fork_init() was disabled or failed, yet a fork() has been issued.
[1713701197.019855] [n-62-29-23:2385 :0]          ib_md.c:1064 UCX  WARN  IB: data corruption might occur when using registered memory.
[1713701197.019805] [n-62-29-23:2389 :0]          ib_md.c:1063 UCX  WARN  IB: ibv_fork_init() was disabled or failed, yet a fork() has been issued.
[1713701197.019861] [n-62-29-23:2389 :0]          ib_md.c:1064 UCX  WARN  IB: data corruption might occur when using registered memory.
[1713701197.019836] [n-62-29-23:2383 :0]          ib_md.c:1064 UCX  WARN  IB: data corruption might occur when using registered memory.
Calculating ground state
31 q-points in the path
=====================================
Calculating ground state
31 q-points in the path
=====================================
Calculating ground state
31 q-points in the path
Calculating ground state
Calculating ground state
31 q-points in the path
=====================================
Calculating q=[0. 0. 0.]
=====================================
Calculating q=[0. 0. 0.]
Calculating ground state
31 q-points in the path
=====================================
31 q-points in the path
=====================================
Calculating ground state
31 q-points in the path
Calculating ground state
31 q-points in the path
=====================================
=====================================
Calculating ground state
31 q-points in the path
=====================================
Calculating ground state
31 q-points in the path
Calculating ground state
31 q-points in the path
Calculating q=[0. 0. 0.]
=====================================
Calculating q=[0. 0. 0.]
=====================================
Calculating ground state
31 q-points in the path
=====================================
Calculating q=[0. 0. 0.]
Calculating q=[0. 0. 0.]
Calculating q=[0. 0. 0.]
Calculating q=[0. 0. 0.]
Calculating q=[0. 0. 0.]
Calculating q=[0. 0. 0.]
Calculating q=[0. 0. 0.]
Calculating q=[0. 0. 0.]
Energy: -14.909285482383078 eV
Magnetic moment: -9.30715978152348e-12 Bohr magnetons
Energy: -14.909285482383078 eV
Magnetic moment: -9.30715978152348e-12 Bohr magnetons
Energy: -14.909285482383078 eV
Magnetic moment: -9.30715978152348e-12 Bohr magnetons
Energy: -14.909285482383078 eV
Magnetic moment: -9.30715978152348e-12 Bohr magnetons
Energy: -14.909285482383078 eV
Magnetic moment: -9.30715978152348e-12 Bohr magnetons
Energy: -14.909285482383078 eV
Magnetic moment: -9.30715978152348e-12 Bohr magnetons
Energy: -14.909285482383078 eV
Magnetic moment: -9.30715978152348e-12 Bohr magnetons
Energy: -14.909285482383078 eV
Magnetic moment: -9.30715978152348e-12 Bohr magnetons
Energy: -14.909285482383078 eV
Magnetic moment: -9.30715978152348e-12 Bohr magnetons
Energy: -14.909285482383078 eV
Magnetic moment: -9.30715978152348e-12 Bohr magnetons
Energy: -14.909285482383078 eV
Magnetic moment: -9.30715978152348e-12 Bohr magnetons
Calculating q=[0.05 0.   0.  ]
Calculating q=[0.05 0.   0.  ]
Calculating q=[0.05 0.   0.  ]
Calculating q=[0.05 0.   0.  ]
Calculating q=[0.05 0.   0.  ]
Energy: -14.909285482383078 eV
Magnetic moment: -9.30715978152348e-12 Bohr magnetons
Calculating q=[0.05 0.   0.  ]
Calculating q=[0.05 0.   0.  ]
Calculating q=[0.05 0.   0.  ]
Calculating q=[0.05 0.   0.  ]
Calculating q=[0.05 0.   0.  ]
Calculating q=[0.05 0.   0.  ]
Calculating q=[0.05 0.   0.  ]
Energy: -14.910430274651997 eV
Magnetic moment: 6.524928581544956e-16 Bohr magnetons
Energy: -14.910430274651997 eV
Magnetic moment: 6.524928581544956e-16 Bohr magnetons
Energy: -14.910430274651997 eV
Magnetic moment: 6.524928581544956e-16 Bohr magnetons
Energy: -14.910430274651997 eV
Magnetic moment: 6.524928581544956e-16 Bohr magnetons
Energy: -14.910430274651997 eV
Magnetic moment: 6.524928581544956e-16 Bohr magnetons
Energy: -14.910430274651997 eV
Magnetic moment: 6.524928581544956e-16 Bohr magnetons
Energy: -14.910430274651997 eV
Magnetic moment: 6.524928581544956e-16 Bohr magnetons
Energy: -14.910430274651997 eV
Magnetic moment: 6.524928581544956e-16 Bohr magnetons
Energy: -14.910430274651997 eV
Magnetic moment: 6.524928581544956e-16 Bohr magnetons
Energy: -14.910430274651997 eV
Magnetic moment: 6.524928581544956e-16 Bohr magnetons
Energy: -14.910430274651997 eV
Magnetic moment: 6.524928581544956e-16 Bohr magnetons
Energy: -14.910430274651997 eV
Magnetic moment: 6.524928581544956e-16 Bohr magnetons
Calculating q=[0.1 0.  0. ]
Calculating q=[0.1 0.  0. ]
Calculating q=[0.1 0.  0. ]
Calculating q=[0.1 0.  0. ]
Calculating q=[0.1 0.  0. ]
Calculating q=[0.1 0.  0. ]
Calculating q=[0.1 0.  0. ]
Calculating q=[0.1 0.  0. ]
Calculating q=[0.1 0.  0. ]
Calculating q=[0.1 0.  0. ]
Calculating q=[0.1 0.  0. ]
Calculating q=[0.1 0.  0. ]
Energy: -14.913589313029394 eV
Magnetic moment: -1.5138996165896581e-15 Bohr magnetons
Energy: -14.913589313029394 eV
Magnetic moment: -1.5138996165896581e-15 Bohr magnetons
Energy: -14.913589313029394 eV
Magnetic moment: -1.5138996165896581e-15 Bohr magnetons
Energy: -14.913589313029394 eV
Magnetic moment: -1.5138996165896581e-15 Bohr magnetons
Energy: -14.913589313029394 eV
Magnetic moment: -1.5138996165896581e-15 Bohr magnetons
Energy: -14.913589313029394 eV
Magnetic moment: -1.5138996165896581e-15 Bohr magnetons
Energy: -14.913589313029394 eV
Magnetic moment: -1.5138996165896581e-15 Bohr magnetons
Energy: -14.913589313029394 eV
Magnetic moment: -1.5138996165896581e-15 Bohr magnetons
Energy: -14.913589313029394 eV
Magnetic moment: -1.5138996165896581e-15 Bohr magnetons
Energy: -14.913589313029394 eV
Magnetic moment: -1.5138996165896581e-15 Bohr magnetons
Energy: -14.913589313029394 eV
Magnetic moment: -1.5138996165896581e-15 Bohr magnetons
Energy: -14.913589313029394 eV
Magnetic moment: -1.5138996165896581e-15 Bohr magnetons
Calculating q=[0.15 0.   0.  ]
Calculating q=[0.15 0.   0.  ]
Calculating q=[0.15 0.   0.  ]
Calculating q=[0.15 0.   0.  ]
Calculating q=[0.15 0.   0.  ]
Calculating q=[0.15 0.   0.  ]
Calculating q=[0.15 0.   0.  ]
Calculating q=[0.15 0.   0.  ]
Calculating q=[0.15 0.   0.  ]
Calculating q=[0.15 0.   0.  ]
Calculating q=[0.15 0.   0.  ]
Calculating q=[0.15 0.   0.  ]
Energy: -14.918094072707536 eV
Magnetic moment: 7.584396493019266e-15 Bohr magnetons
Energy: -14.918094072707536 eV
Magnetic moment: 7.584396493019266e-15 Bohr magnetons
Energy: -14.918094072707536 eV
Magnetic moment: 7.584396493019266e-15 Bohr magnetons
Energy: -14.918094072707536 eV
Magnetic moment: 7.584396493019266e-15 Bohr magnetons
Energy: -14.918094072707536 eV
Magnetic moment: 7.584396493019266e-15 Bohr magnetons
Energy: -14.918094072707536 eV
Magnetic moment: 7.584396493019266e-15 Bohr magnetons
Energy: -14.918094072707536 eV
Magnetic moment: 7.584396493019266e-15 Bohr magnetons
Energy: -14.918094072707536 eV
Magnetic moment: 7.584396493019266e-15 Bohr magnetons
Energy: -14.918094072707536 eV
Magnetic moment: 7.584396493019266e-15 Bohr magnetons
Energy: -14.918094072707536 eV
Magnetic moment: 7.584396493019266e-15 Bohr magnetons
Energy: -14.918094072707536 eV
Magnetic moment: 7.584396493019266e-15 Bohr magnetons
Energy: -14.918094072707536 eV
Magnetic moment: 7.584396493019266e-15 Bohr magnetons
Calculating q=[0.2 0.  0. ]
Calculating q=[0.2 0.  0. ]
Calculating q=[0.2 0.  0. ]
Calculating q=[0.2 0.  0. ]
Calculating q=[0.2 0.  0. ]
Calculating q=[0.2 0.  0. ]
Calculating q=[0.2 0.  0. ]
Calculating q=[0.2 0.  0. ]
Calculating q=[0.2 0.  0. ]
Calculating q=[0.2 0.  0. ]
Calculating q=[0.2 0.  0. ]
Calculating q=[0.2 0.  0. ]
Energy: -14.923014205031562 eV
Magnetic moment: -3.0605849066832844e-15 Bohr magnetons
Energy: -14.923014205031562 eV
Magnetic moment: -3.0605849066832844e-15 Bohr magnetons
Energy: -14.923014205031562 eV
Magnetic moment: -3.0605849066832844e-15 Bohr magnetons
Energy: -14.923014205031562 eV
Magnetic moment: -3.0605849066832844e-15 Bohr magnetons
Energy: -14.923014205031562 eV
Magnetic moment: -3.0605849066832844e-15 Bohr magnetons
Energy: -14.923014205031562 eV
Magnetic moment: -3.0605849066832844e-15 Bohr magnetons
Energy: -14.923014205031562 eV
Magnetic moment: -3.0605849066832844e-15 Bohr magnetons
Energy: -14.923014205031562 eV
Magnetic moment: -3.0605849066832844e-15 Bohr magnetons
Energy: -14.923014205031562 eV
Magnetic moment: -3.0605849066832844e-15 Bohr magnetons
Energy: -14.923014205031562 eV
Magnetic moment: -3.0605849066832844e-15 Bohr magnetons
Energy: -14.923014205031562 eV
Magnetic moment: -3.0605849066832844e-15 Bohr magnetons
Energy: -14.923014205031562 eV
Magnetic moment: -3.0605849066832844e-15 Bohr magnetons
Calculating q=[0.25 0.   0.  ]
Calculating q=[0.25 0.   0.  ]
Calculating q=[0.25 0.   0.  ]
Calculating q=[0.25 0.   0.  ]
Calculating q=[0.25 0.   0.  ]
Calculating q=[0.25 0.   0.  ]
Calculating q=[0.25 0.   0.  ]
Calculating q=[0.25 0.   0.  ]
Calculating q=[0.25 0.   0.  ]
Calculating q=[0.25 0.   0.  ]
Calculating q=[0.25 0.   0.  ]
Calculating q=[0.25 0.   0.  ]
Energy: -14.927422310156885 eV
Magnetic moment: -2.235920523298968e-16 Bohr magnetons
Energy: -14.927422310156885 eV
Magnetic moment: -2.235920523298968e-16 Bohr magnetons
Energy: -14.927422310156885 eV
Magnetic moment: -2.235920523298968e-16 Bohr magnetons
Energy: -14.927422310156885 eV
Magnetic moment: -2.235920523298968e-16 Bohr magnetons
Energy: -14.927422310156885 eV
Magnetic moment: -2.235920523298968e-16 Bohr magnetons
Energy: -14.927422310156885 eV
Magnetic moment: -2.235920523298968e-16 Bohr magnetons
Energy: -14.927422310156885 eV
Magnetic moment: -2.235920523298968e-16 Bohr magnetons
Energy: -14.927422310156885 eV
Magnetic moment: -2.235920523298968e-16 Bohr magnetons
Energy: -14.927422310156885 eV
Magnetic moment: -2.235920523298968e-16 Bohr magnetons
Energy: -14.927422310156885 eV
Magnetic moment: -2.235920523298968e-16 Bohr magnetons
Energy: -14.927422310156885 eV
Magnetic moment: -2.235920523298968e-16 Bohr magnetons
Energy: -14.927422310156885 eV
Magnetic moment: -2.235920523298968e-16 Bohr magnetons
Calculating q=[0.3 0.  0. ]
Calculating q=[0.3 0.  0. ]
Calculating q=[0.3 0.  0. ]
Calculating q=[0.3 0.  0. ]
Calculating q=[0.3 0.  0. ]
Calculating q=[0.3 0.  0. ]
Calculating q=[0.3 0.  0. ]
Calculating q=[0.3 0.  0. ]
Calculating q=[0.3 0.  0. ]
Calculating q=[0.3 0.  0. ]
Calculating q=[0.3 0.  0. ]
Calculating q=[0.3 0.  0. ]
Energy: -14.930457788021517 eV
Magnetic moment: 2.3842356720956586e-14 Bohr magnetons
Energy: -14.930457788021517 eV
Magnetic moment: 2.3842356720956586e-14 Bohr magnetons
Energy: -14.930457788021517 eV
Magnetic moment: 2.3842356720956586e-14 Bohr magnetons
Energy: -14.930457788021517 eV
Magnetic moment: 2.3842356720956586e-14 Bohr magnetons
Energy: -14.930457788021517 eV
Magnetic moment: 2.3842356720956586e-14 Bohr magnetons
Energy: -14.930457788021517 eV
Magnetic moment: 2.3842356720956586e-14 Bohr magnetons
Energy: -14.930457788021517 eV
Magnetic moment: 2.3842356720956586e-14 Bohr magnetons
Energy: -14.930457788021517 eV
Magnetic moment: 2.3842356720956586e-14 Bohr magnetons
Energy: -14.930457788021517 eV
Magnetic moment: 2.3842356720956586e-14 Bohr magnetons
Energy: -14.930457788021517 eV
Magnetic moment: 2.3842356720956586e-14 Bohr magnetons
Energy: -14.930457788021517 eV
Magnetic moment: 2.3842356720956586e-14 Bohr magnetons
Energy: -14.930457788021517 eV
Magnetic moment: 2.3842356720956586e-14 Bohr magnetons
Calculating q=[0.35 0.   0.  ]
Calculating q=[0.35 0.   0.  ]
Calculating q=[0.35 0.   0.  ]
Calculating q=[0.35 0.   0.  ]
Calculating q=[0.35 0.   0.  ]
Calculating q=[0.35 0.   0.  ]
Calculating q=[0.35 0.   0.  ]
Calculating q=[0.35 0.   0.  ]
Calculating q=[0.35 0.   0.  ]
Calculating q=[0.35 0.   0.  ]
Calculating q=[0.35 0.   0.  ]
Calculating q=[0.35 0.   0.  ]
Energy: -14.931604529578372 eV
Magnetic moment: -3.9107128890175444e-14 Bohr magnetons
Energy: -14.931604529578372 eV
Magnetic moment: -3.9107128890175444e-14 Bohr magnetons
Energy: -14.931604529578372 eV
Magnetic moment: -3.9107128890175444e-14 Bohr magnetons
Energy: -14.931604529578372 eV
Magnetic moment: -3.9107128890175444e-14 Bohr magnetons
Energy: -14.931604529578372 eV
Magnetic moment: -3.9107128890175444e-14 Bohr magnetons
Energy: -14.931604529578372 eV
Magnetic moment: -3.9107128890175444e-14 Bohr magnetons
Energy: -14.931604529578372 eV
Magnetic moment: -3.9107128890175444e-14 Bohr magnetons
Energy: -14.931604529578372 eV
Magnetic moment: -3.9107128890175444e-14 Bohr magnetons
Energy: -14.931604529578372 eV
Magnetic moment: -3.9107128890175444e-14 Bohr magnetons
Energy: -14.931604529578372 eV
Magnetic moment: -3.9107128890175444e-14 Bohr magnetons
Energy: -14.931604529578372 eV
Magnetic moment: -3.9107128890175444e-14 Bohr magnetons
Energy: -14.931604529578372 eV
Magnetic moment: -3.9107128890175444e-14 Bohr magnetons
Calculating q=[0.4 0.  0. ]
Calculating q=[0.4 0.  0. ]
Calculating q=[0.4 0.  0. ]
Calculating q=[0.4 0.  0. ]
Calculating q=[0.4 0.  0. ]
Calculating q=[0.4 0.  0. ]
Calculating q=[0.4 0.  0. ]
Calculating q=[0.4 0.  0. ]
Calculating q=[0.4 0.  0. ]
Calculating q=[0.4 0.  0. ]
Calculating q=[0.4 0.  0. ]
Calculating q=[0.4 0.  0. ]
Energy: -14.93053685160218 eV
Magnetic moment: 4.4386700347689305e-13 Bohr magnetons
Energy: -14.93053685160218 eV
Magnetic moment: 4.4386700347689305e-13 Bohr magnetons
Energy: -14.93053685160218 eV
Magnetic moment: 4.4386700347689305e-13 Bohr magnetons
Energy: -14.93053685160218 eV
Magnetic moment: 4.4386700347689305e-13 Bohr magnetons
Energy: -14.93053685160218 eV
Magnetic moment: 4.4386700347689305e-13 Bohr magnetons
Energy: -14.93053685160218 eV
Magnetic moment: 4.4386700347689305e-13 Bohr magnetons
Energy: -14.93053685160218 eV
Magnetic moment: 4.4386700347689305e-13 Bohr magnetons
Energy: -14.93053685160218 eV
Magnetic moment: 4.4386700347689305e-13 Bohr magnetons
Energy: -14.93053685160218 eV
Magnetic moment: 4.4386700347689305e-13 Bohr magnetons
Energy: -14.93053685160218 eV
Magnetic moment: 4.4386700347689305e-13 Bohr magnetons
Energy: -14.93053685160218 eV
Magnetic moment: 4.4386700347689305e-13 Bohr magnetons
Energy: -14.93053685160218 eV
Magnetic moment: 4.4386700347689305e-13 Bohr magnetons
Calculating q=[0.45 0.   0.  ]
Calculating q=[0.45 0.   0.  ]
Calculating q=[0.45 0.   0.  ]
Calculating q=[0.45 0.   0.  ]
Calculating q=[0.45 0.   0.  ]
Calculating q=[0.45 0.   0.  ]
Calculating q=[0.45 0.   0.  ]
Calculating q=[0.45 0.   0.  ]
Calculating q=[0.45 0.   0.  ]
Calculating q=[0.45 0.   0.  ]
Calculating q=[0.45 0.   0.  ]
Calculating q=[0.45 0.   0.  ]
Energy: -14.927137103783096 eV
Magnetic moment: 1.3204761092199114e-15 Bohr magnetons
Energy: -14.927137103783096 eV
Magnetic moment: 1.3204761092199114e-15 Bohr magnetons
Energy: -14.927137103783096 eV
Magnetic moment: 1.3204761092199114e-15 Bohr magnetons
Energy: -14.927137103783096 eV
Magnetic moment: 1.3204761092199114e-15 Bohr magnetons
Energy: -14.927137103783096 eV
Magnetic moment: 1.3204761092199114e-15 Bohr magnetons
Energy: -14.927137103783096 eV
Magnetic moment: 1.3204761092199114e-15 Bohr magnetons
Energy: -14.927137103783096 eV
Magnetic moment: 1.3204761092199114e-15 Bohr magnetons
Energy: -14.927137103783096 eV
Magnetic moment: 1.3204761092199114e-15 Bohr magnetons
Energy: -14.927137103783096 eV
Magnetic moment: 1.3204761092199114e-15 Bohr magnetons
Energy: -14.927137103783096 eV
Magnetic moment: 1.3204761092199114e-15 Bohr magnetons
Energy: -14.927137103783096 eV
Magnetic moment: 1.3204761092199114e-15 Bohr magnetons
Energy: -14.927137103783096 eV
Magnetic moment: 1.3204761092199114e-15 Bohr magnetons
Calculating q=[0.5 0.  0. ]
Calculating q=[0.5 0.  0. ]
Calculating q=[0.5 0.  0. ]
Calculating q=[0.5 0.  0. ]
Calculating q=[0.5 0.  0. ]
Calculating q=[0.5 0.  0. ]
Calculating q=[0.5 0.  0. ]
Calculating q=[0.5 0.  0. ]
Calculating q=[0.5 0.  0. ]
Calculating q=[0.5 0.  0. ]
Calculating q=[0.5 0.  0. ]
Calculating q=[0.5 0.  0. ]
Energy: -14.92136431091965 eV
Magnetic moment: -1.0915001593972766e-15 Bohr magnetons
Energy: -14.92136431091965 eV
Magnetic moment: -1.0915001593972766e-15 Bohr magnetons
Energy: -14.92136431091965 eV
Magnetic moment: -1.0915001593972766e-15 Bohr magnetons
Energy: -14.92136431091965 eV
Magnetic moment: -1.0915001593972766e-15 Bohr magnetons
Energy: -14.92136431091965 eV
Magnetic moment: -1.0915001593972766e-15 Bohr magnetons
Energy: -14.92136431091965 eV
Magnetic moment: -1.0915001593972766e-15 Bohr magnetons
Energy: -14.92136431091965 eV
Magnetic moment: -1.0915001593972766e-15 Bohr magnetons
Energy: -14.92136431091965 eV
Magnetic moment: -1.0915001593972766e-15 Bohr magnetons
Energy: -14.92136431091965 eV
Magnetic moment: -1.0915001593972766e-15 Bohr magnetons
Energy: -14.92136431091965 eV
Magnetic moment: -1.0915001593972766e-15 Bohr magnetons
Energy: -14.92136431091965 eV
Magnetic moment: -1.0915001593972766e-15 Bohr magnetons
Energy: -14.92136431091965 eV
Magnetic moment: -1.0915001593972766e-15 Bohr magnetons
Calculating q=[0.47222222 0.05555556 0.        ]
Calculating q=[0.47222222 0.05555556 0.        ]
Calculating q=[0.47222222 0.05555556 0.        ]
Calculating q=[0.47222222 0.05555556 0.        ]
Calculating q=[0.47222222 0.05555556 0.        ]
Calculating q=[0.47222222 0.05555556 0.        ]
Calculating q=[0.47222222 0.05555556 0.        ]
Calculating q=[0.47222222 0.05555556 0.        ]
Calculating q=[0.47222222 0.05555556 0.        ]
Calculating q=[0.47222222 0.05555556 0.        ]
Calculating q=[0.47222222 0.05555556 0.        ]
Calculating q=[0.47222222 0.05555556 0.        ]
Energy: -14.921633435513906 eV
Magnetic moment: 1.1760509608932592e-15 Bohr magnetons
Energy: -14.921633435513906 eV
Magnetic moment: 1.1760509608932592e-15 Bohr magnetons
Energy: -14.921633435513906 eV
Magnetic moment: 1.1760509608932592e-15 Bohr magnetons
Energy: -14.921633435513906 eV
Magnetic moment: 1.1760509608932592e-15 Bohr magnetons
Energy: -14.921633435513906 eV
Magnetic moment: 1.1760509608932592e-15 Bohr magnetons
Energy: -14.921633435513906 eV
Magnetic moment: 1.1760509608932592e-15 Bohr magnetons
Energy: -14.921633435513906 eV
Magnetic moment: 1.1760509608932592e-15 Bohr magnetons
Energy: -14.921633435513906 eV
Magnetic moment: 1.1760509608932592e-15 Bohr magnetons
Energy: -14.921633435513906 eV
Magnetic moment: 1.1760509608932592e-15 Bohr magnetons
Energy: -14.921633435513906 eV
Magnetic moment: 1.1760509608932592e-15 Bohr magnetons
Energy: -14.921633435513906 eV
Magnetic moment: 1.1760509608932592e-15 Bohr magnetons
Energy: -14.921633435513906 eV
Magnetic moment: 1.1760509608932592e-15 Bohr magnetons
Calculating q=[0.44444444 0.11111111 0.        ]
Calculating q=[0.44444444 0.11111111 0.        ]
Calculating q=[0.44444444 0.11111111 0.        ]
Calculating q=[0.44444444 0.11111111 0.        ]
Calculating q=[0.44444444 0.11111111 0.        ]
Calculating q=[0.44444444 0.11111111 0.        ]
Calculating q=[0.44444444 0.11111111 0.        ]
Calculating q=[0.44444444 0.11111111 0.        ]
Calculating q=[0.44444444 0.11111111 0.        ]
Calculating q=[0.44444444 0.11111111 0.        ]
Calculating q=[0.44444444 0.11111111 0.        ]
Calculating q=[0.44444444 0.11111111 0.        ]
Energy: -14.922264057817209 eV
Magnetic moment: -3.649973501022762e-16 Bohr magnetons
Energy: -14.922264057817209 eV
Magnetic moment: -3.649973501022762e-16 Bohr magnetons
Energy: -14.922264057817209 eV
Magnetic moment: -3.649973501022762e-16 Bohr magnetons
Energy: -14.922264057817209 eV
Magnetic moment: -3.649973501022762e-16 Bohr magnetons
Energy: -14.922264057817209 eV
Magnetic moment: -3.649973501022762e-16 Bohr magnetons
Energy: -14.922264057817209 eV
Magnetic moment: -3.649973501022762e-16 Bohr magnetons
Energy: -14.922264057817209 eV
Magnetic moment: -3.649973501022762e-16 Bohr magnetons
Energy: -14.922264057817209 eV
Magnetic moment: -3.649973501022762e-16 Bohr magnetons
Energy: -14.922264057817209 eV
Magnetic moment: -3.649973501022762e-16 Bohr magnetons
Energy: -14.922264057817209 eV
Magnetic moment: -3.649973501022762e-16 Bohr magnetons
Energy: -14.922264057817209 eV
Magnetic moment: -3.649973501022762e-16 Bohr magnetons
Energy: -14.922264057817209 eV
Magnetic moment: -3.649973501022762e-16 Bohr magnetons
Calculating q=[0.41666667 0.16666667 0.        ]
Calculating q=[0.41666667 0.16666667 0.        ]
Calculating q=[0.41666667 0.16666667 0.        ]
Calculating q=[0.41666667 0.16666667 0.        ]
Calculating q=[0.41666667 0.16666667 0.        ]
Calculating q=[0.41666667 0.16666667 0.        ]
Calculating q=[0.41666667 0.16666667 0.        ]
Calculating q=[0.41666667 0.16666667 0.        ]
Calculating q=[0.41666667 0.16666667 0.        ]
Calculating q=[0.41666667 0.16666667 0.        ]
Calculating q=[0.41666667 0.16666667 0.        ]
Calculating q=[0.41666667 0.16666667 0.        ]
Energy: -14.92278281651969 eV
Magnetic moment: 3.1178716139429114e-15 Bohr magnetons
Energy: -14.92278281651969 eV
Magnetic moment: 3.1178716139429114e-15 Bohr magnetons
Energy: -14.92278281651969 eV
Magnetic moment: 3.1178716139429114e-15 Bohr magnetons
Energy: -14.92278281651969 eV
Magnetic moment: 3.1178716139429114e-15 Bohr magnetons
Energy: -14.92278281651969 eV
Magnetic moment: 3.1178716139429114e-15 Bohr magnetons
Energy: -14.92278281651969 eV
Magnetic moment: 3.1178716139429114e-15 Bohr magnetons
Energy: -14.92278281651969 eV
Magnetic moment: 3.1178716139429114e-15 Bohr magnetons
Energy: -14.92278281651969 eV
Magnetic moment: 3.1178716139429114e-15 Bohr magnetons
Energy: -14.92278281651969 eV
Magnetic moment: 3.1178716139429114e-15 Bohr magnetons
Energy: -14.92278281651969 eV
Magnetic moment: 3.1178716139429114e-15 Bohr magnetons
Energy: -14.92278281651969 eV
Magnetic moment: 3.1178716139429114e-15 Bohr magnetons
Energy: -14.92278281651969 eV
Calculating q=[0.38888889 0.22222222 0.        ]
Calculating q=[0.38888889 0.22222222 0.        ]
Calculating q=[0.38888889 0.22222222 0.        ]
Calculating q=[0.38888889 0.22222222 0.        ]
Calculating q=[0.38888889 0.22222222 0.        ]
Calculating q=[0.38888889 0.22222222 0.        ]
Calculating q=[0.38888889 0.22222222 0.        ]
Calculating q=[0.38888889 0.22222222 0.        ]
Calculating q=[0.38888889 0.22222222 0.        ]
Calculating q=[0.38888889 0.22222222 0.        ]
Calculating q=[0.38888889 0.22222222 0.        ]
Magnetic moment: 3.1178716139429114e-15 Bohr magnetons
Calculating q=[0.38888889 0.22222222 0.        ]
Energy: -14.922592077484698 eV
Magnetic moment: -3.7862247763368314e-15 Bohr magnetons
Energy: -14.922592077484698 eV
Magnetic moment: -3.7862247763368314e-15 Bohr magnetons
Energy: -14.922592077484698 eV
Magnetic moment: -3.7862247763368314e-15 Bohr magnetons
Energy: -14.922592077484698 eV
Magnetic moment: -3.7862247763368314e-15 Bohr magnetons
Energy: -14.922592077484698 eV
Magnetic moment: -3.7862247763368314e-15 Bohr magnetons
Energy: -14.922592077484698 eV
Magnetic moment: -3.7862247763368314e-15 Bohr magnetons
Energy: -14.922592077484698 eV
Magnetic moment: -3.7862247763368314e-15 Bohr magnetons
Energy: -14.922592077484698 eV
Magnetic moment: -3.7862247763368314e-15 Bohr magnetons
Energy: -14.922592077484698 eV
Magnetic moment: -3.7862247763368314e-15 Bohr magnetons
Energy: -14.922592077484698 eV
Magnetic moment: -3.7862247763368314e-15 Bohr magnetons
Energy: -14.922592077484698 eV
Magnetic moment: -3.7862247763368314e-15 Bohr magnetons
Energy: -14.922592077484698 eV
Magnetic moment: -3.7862247763368314e-15 Bohr magnetons
Calculating q=[0.36111111 0.27777778 0.        ]
Calculating q=[0.36111111 0.27777778 0.        ]
Calculating q=[0.36111111 0.27777778 0.        ]
Calculating q=[0.36111111 0.27777778 0.        ]
Calculating q=[0.36111111 0.27777778 0.        ]
Calculating q=[0.36111111 0.27777778 0.        ]
Calculating q=[0.36111111 0.27777778 0.        ]
Calculating q=[0.36111111 0.27777778 0.        ]
Calculating q=[0.36111111 0.27777778 0.        ]
Calculating q=[0.36111111 0.27777778 0.        ]
Calculating q=[0.36111111 0.27777778 0.        ]
Calculating q=[0.36111111 0.27777778 0.        ]
Energy: -14.921136609560504 eV
Magnetic moment: -1.082688228199376e-15 Bohr magnetons
Energy: -14.921136609560504 eV
Magnetic moment: -1.082688228199376e-15 Bohr magnetons
Energy: -14.921136609560504 eV
Magnetic moment: -1.082688228199376e-15 Bohr magnetons
Energy: -14.921136609560504 eV
Magnetic moment: -1.082688228199376e-15 Bohr magnetons
Energy: -14.921136609560504 eV
Magnetic moment: -1.082688228199376e-15 Bohr magnetons
Energy: -14.921136609560504 eV
Magnetic moment: -1.082688228199376e-15 Bohr magnetons
Energy: -14.921136609560504 eV
Magnetic moment: -1.082688228199376e-15 Bohr magnetons
Energy: -14.921136609560504 eV
Magnetic moment: -1.082688228199376e-15 Bohr magnetons
Energy: -14.921136609560504 eV
Magnetic moment: -1.082688228199376e-15 Bohr magnetons
Energy: -14.921136609560504 eV
Magnetic moment: -1.082688228199376e-15 Bohr magnetons
Energy: -14.921136609560504 eV
Magnetic moment: -1.082688228199376e-15 Bohr magnetons
Energy: -14.921136609560504 eV
Magnetic moment: -1.082688228199376e-15 Bohr magnetons
Calculating q=[0.33333333 0.33333333 0.        ]
Calculating q=[0.33333333 0.33333333 0.        ]
Calculating q=[0.33333333 0.33333333 0.        ]
Calculating q=[0.33333333 0.33333333 0.        ]
Calculating q=[0.33333333 0.33333333 0.        ]
Calculating q=[0.33333333 0.33333333 0.        ]
Calculating q=[0.33333333 0.33333333 0.        ]
Calculating q=[0.33333333 0.33333333 0.        ]
Calculating q=[0.33333333 0.33333333 0.        ]
Calculating q=[0.33333333 0.33333333 0.        ]
Calculating q=[0.33333333 0.33333333 0.        ]
Calculating q=[0.33333333 0.33333333 0.        ]
Energy: -14.918009060449057 eV
Magnetic moment: 8.925958639712935e-16 Bohr magnetons
Energy: -14.918009060449057 eV
Magnetic moment: 8.925958639712935e-16 Bohr magnetons
Energy: -14.918009060449057 eV
Magnetic moment: 8.925958639712935e-16 Bohr magnetons
Energy: -14.918009060449057 eV
Magnetic moment: 8.925958639712935e-16 Bohr magnetons
Energy: -14.918009060449057 eV
Magnetic moment: 8.925958639712935e-16 Bohr magnetons
Energy: -14.918009060449057 eV
Magnetic moment: 8.925958639712935e-16 Bohr magnetons
Energy: -14.918009060449057 eV
Magnetic moment: 8.925958639712935e-16 Bohr magnetons
Energy: -14.918009060449057 eV
Magnetic moment: 8.925958639712935e-16 Bohr magnetons
Energy: -14.918009060449057 eV
Magnetic moment: 8.925958639712935e-16 Bohr magnetons
Energy: -14.918009060449057 eV
Magnetic moment: 8.925958639712935e-16 Bohr magnetons
Energy: -14.918009060449057 eV
Magnetic moment: 8.925958639712935e-16 Bohr magnetons
Energy: -14.918009060449057 eV
Magnetic moment: 8.925958639712935e-16 Bohr magnetons
Calculating q=[0.30952381 0.30952381 0.        ]
Calculating q=[0.30952381 0.30952381 0.        ]
Calculating q=[0.30952381 0.30952381 0.        ]
Calculating q=[0.30952381 0.30952381 0.        ]
Calculating q=[0.30952381 0.30952381 0.        ]
Calculating q=[0.30952381 0.30952381 0.        ]
Calculating q=[0.30952381 0.30952381 0.        ]
Calculating q=[0.30952381 0.30952381 0.        ]
Calculating q=[0.30952381 0.30952381 0.        ]
Calculating q=[0.30952381 0.30952381 0.        ]
Calculating q=[0.30952381 0.30952381 0.        ]
Calculating q=[0.30952381 0.30952381 0.        ]
Energy: -14.924161000740858 eV
Magnetic moment: 1.7559472056286466e-15 Bohr magnetons
Energy: -14.924161000740858 eV
Magnetic moment: 1.7559472056286466e-15 Bohr magnetons
Energy: -14.924161000740858 eV
Magnetic moment: 1.7559472056286466e-15 Bohr magnetons
Energy: -14.924161000740858 eV
Magnetic moment: 1.7559472056286466e-15 Bohr magnetons
Energy: -14.924161000740858 eV
Magnetic moment: 1.7559472056286466e-15 Bohr magnetons
Energy: -14.924161000740858 eV
Magnetic moment: 1.7559472056286466e-15 Bohr magnetons
Energy: -14.924161000740858 eV
Magnetic moment: 1.7559472056286466e-15 Bohr magnetons
Energy: -14.924161000740858 eV
Magnetic moment: 1.7559472056286466e-15 Bohr magnetons
Energy: -14.924161000740858 eV
Magnetic moment: 1.7559472056286466e-15 Bohr magnetons
Energy: -14.924161000740858 eV
Magnetic moment: 1.7559472056286466e-15 Bohr magnetons
Energy: -14.924161000740858 eV
Magnetic moment: 1.7559472056286466e-15 Bohr magnetons
Energy: -14.924161000740858 eV
Magnetic moment: 1.7559472056286466e-15 Bohr magnetons
Calculating q=[0.28571429 0.28571429 0.        ]
Calculating q=[0.28571429 0.28571429 0.        ]
Calculating q=[0.28571429 0.28571429 0.        ]
Calculating q=[0.28571429 0.28571429 0.        ]
Calculating q=[0.28571429 0.28571429 0.        ]
Calculating q=[0.28571429 0.28571429 0.        ]
Calculating q=[0.28571429 0.28571429 0.        ]
Calculating q=[0.28571429 0.28571429 0.        ]
Calculating q=[0.28571429 0.28571429 0.        ]
Calculating q=[0.28571429 0.28571429 0.        ]
Calculating q=[0.28571429 0.28571429 0.        ]
Calculating q=[0.28571429 0.28571429 0.        ]
Energy: -14.928780410549619 eV
Magnetic moment: -8.537774256386542e-16 Bohr magnetons
Energy: -14.928780410549619 eV
Magnetic moment: -8.537774256386542e-16 Bohr magnetons
Energy: -14.928780410549619 eV
Magnetic moment: -8.537774256386542e-16 Bohr magnetons
Energy: -14.928780410549619 eV
Magnetic moment: -8.537774256386542e-16 Bohr magnetons
Energy: -14.928780410549619 eV
Magnetic moment: -8.537774256386542e-16 Bohr magnetons
Energy: -14.928780410549619 eV
Magnetic moment: -8.537774256386542e-16 Bohr magnetons
Energy: -14.928780410549619 eV
Magnetic moment: -8.537774256386542e-16 Bohr magnetons
Energy: -14.928780410549619 eV
Magnetic moment: -8.537774256386542e-16 Bohr magnetons
Energy: -14.928780410549619 eV
Magnetic moment: -8.537774256386542e-16 Bohr magnetons
Energy: -14.928780410549619 eV
Magnetic moment: -8.537774256386542e-16 Bohr magnetons
Energy: -14.928780410549619 eV
Magnetic moment: -8.537774256386542e-16 Bohr magnetons
Energy: -14.928780410549619 eV
Magnetic moment: -8.537774256386542e-16 Bohr magnetons
Calculating q=[0.26190476 0.26190476 0.        ]
Calculating q=[0.26190476 0.26190476 0.        ]
Calculating q=[0.26190476 0.26190476 0.        ]
Calculating q=[0.26190476 0.26190476 0.        ]
Calculating q=[0.26190476 0.26190476 0.        ]
Calculating q=[0.26190476 0.26190476 0.        ]
Calculating q=[0.26190476 0.26190476 0.        ]
Calculating q=[0.26190476 0.26190476 0.        ]
Calculating q=[0.26190476 0.26190476 0.        ]
Calculating q=[0.26190476 0.26190476 0.        ]
Calculating q=[0.26190476 0.26190476 0.        ]
Calculating q=[0.26190476 0.26190476 0.        ]
Energy: -14.931899536309121 eV
Magnetic moment: 3.64005037773598e-15 Bohr magnetons
Energy: -14.931899536309121 eV
Magnetic moment: 3.64005037773598e-15 Bohr magnetons
Energy: -14.931899536309121 eV
Magnetic moment: 3.64005037773598e-15 Bohr magnetons
Energy: -14.931899536309121 eV
Magnetic moment: 3.64005037773598e-15 Bohr magnetons
Energy: -14.931899536309121 eV
Magnetic moment: 3.64005037773598e-15 Bohr magnetons
Energy: -14.931899536309121 eV
Magnetic moment: 3.64005037773598e-15 Bohr magnetons
Energy: -14.931899536309121 eV
Magnetic moment: 3.64005037773598e-15 Bohr magnetons
Energy: -14.931899536309121 eV
Magnetic moment: 3.64005037773598e-15 Bohr magnetons
Energy: -14.931899536309121 eV
Magnetic moment: 3.64005037773598e-15 Bohr magnetons
Energy: -14.931899536309121 eV
Magnetic moment: 3.64005037773598e-15 Bohr magnetons
Energy: -14.931899536309121 eV
Magnetic moment: 3.64005037773598e-15 Bohr magnetons
Energy: -14.931899536309121 eV
Magnetic moment: 3.64005037773598e-15 Bohr magnetons
Calculating q=[0.23809524 0.23809524 0.        ]
Calculating q=[0.23809524 0.23809524 0.        ]
Calculating q=[0.23809524 0.23809524 0.        ]
Calculating q=[0.23809524 0.23809524 0.        ]
Calculating q=[0.23809524 0.23809524 0.        ]
Calculating q=[0.23809524 0.23809524 0.        ]
Calculating q=[0.23809524 0.23809524 0.        ]
Calculating q=[0.23809524 0.23809524 0.        ]
Calculating q=[0.23809524 0.23809524 0.        ]
Calculating q=[0.23809524 0.23809524 0.        ]
Calculating q=[0.23809524 0.23809524 0.        ]
Calculating q=[0.23809524 0.23809524 0.        ]
Energy: -14.93357840745099 eV
Magnetic moment: 3.884242240812671e-15 Bohr magnetons
Energy: -14.93357840745099 eV
Magnetic moment: 3.884242240812671e-15 Bohr magnetons
Energy: -14.93357840745099 eV
Magnetic moment: 3.884242240812671e-15 Bohr magnetons
Energy: -14.93357840745099 eV
Magnetic moment: 3.884242240812671e-15 Bohr magnetons
Energy: -14.93357840745099 eV
Magnetic moment: 3.884242240812671e-15 Bohr magnetons
Energy: -14.93357840745099 eV
Magnetic moment: 3.884242240812671e-15 Bohr magnetons
Energy: -14.93357840745099 eV
Magnetic moment: 3.884242240812671e-15 Bohr magnetons
Energy: -14.93357840745099 eV
Magnetic moment: 3.884242240812671e-15 Bohr magnetons
Energy: -14.93357840745099 eV
Magnetic moment: 3.884242240812671e-15 Bohr magnetons
Energy: -14.93357840745099 eV
Magnetic moment: 3.884242240812671e-15 Bohr magnetons
Energy: -14.93357840745099 eV
Magnetic moment: 3.884242240812671e-15 Bohr magnetons
Energy: -14.93357840745099 eV
Magnetic moment: 3.884242240812671e-15 Bohr magnetons
Calculating q=[0.21428571 0.21428571 0.        ]
Calculating q=[0.21428571 0.21428571 0.        ]
Calculating q=[0.21428571 0.21428571 0.        ]
Calculating q=[0.21428571 0.21428571 0.        ]
Calculating q=[0.21428571 0.21428571 0.        ]
Calculating q=[0.21428571 0.21428571 0.        ]
Calculating q=[0.21428571 0.21428571 0.        ]
Calculating q=[0.21428571 0.21428571 0.        ]
Calculating q=[0.21428571 0.21428571 0.        ]
Calculating q=[0.21428571 0.21428571 0.        ]
Calculating q=[0.21428571 0.21428571 0.        ]
Calculating q=[0.21428571 0.21428571 0.        ]
Energy: -14.933880813796968 eV
Magnetic moment: -2.2182215156069832e-15 Bohr magnetons
Energy: -14.933880813796968 eV
Magnetic moment: -2.2182215156069832e-15 Bohr magnetons
Energy: -14.933880813796968 eV
Magnetic moment: -2.2182215156069832e-15 Bohr magnetons
Energy: -14.933880813796968 eV
Magnetic moment: -2.2182215156069832e-15 Bohr magnetons
Energy: -14.933880813796968 eV
Magnetic moment: -2.2182215156069832e-15 Bohr magnetons
Energy: -14.933880813796968 eV
Magnetic moment: -2.2182215156069832e-15 Bohr magnetons
Energy: -14.933880813796968 eV
Magnetic moment: -2.2182215156069832e-15 Bohr magnetons
Energy: -14.933880813796968 eV
Magnetic moment: -2.2182215156069832e-15 Bohr magnetons
Energy: -14.933880813796968 eV
Magnetic moment: -2.2182215156069832e-15 Bohr magnetons
Energy: -14.933880813796968 eV
Magnetic moment: -2.2182215156069832e-15 Bohr magnetons
Energy: -14.933880813796968 eV
Magnetic moment: -2.2182215156069832e-15 Bohr magnetons
Energy: -14.933880813796968 eV
Magnetic moment: -2.2182215156069832e-15 Bohr magnetons
Calculating q=[0.19047619 0.19047619 0.        ]
Calculating q=[0.19047619 0.19047619 0.        ]
Calculating q=[0.19047619 0.19047619 0.        ]
Calculating q=[0.19047619 0.19047619 0.        ]
Calculating q=[0.19047619 0.19047619 0.        ]
Calculating q=[0.19047619 0.19047619 0.        ]
Calculating q=[0.19047619 0.19047619 0.        ]
Calculating q=[0.19047619 0.19047619 0.        ]
Calculating q=[0.19047619 0.19047619 0.        ]
Calculating q=[0.19047619 0.19047619 0.        ]
Calculating q=[0.19047619 0.19047619 0.        ]
Calculating q=[0.19047619 0.19047619 0.        ]
Energy: -14.932886146146767 eV
Magnetic moment: -1.770867020554591e-15 Bohr magnetons
Energy: -14.932886146146767 eV
Magnetic moment: -1.770867020554591e-15 Bohr magnetons
Energy: -14.932886146146767 eV
Magnetic moment: -1.770867020554591e-15 Bohr magnetons
Energy: -14.932886146146767 eV
Magnetic moment: -1.770867020554591e-15 Bohr magnetons
Energy: -14.932886146146767 eV
Magnetic moment: -1.770867020554591e-15 Bohr magnetons
Energy: -14.932886146146767 eV
Magnetic moment: -1.770867020554591e-15 Bohr magnetons
Energy: -14.932886146146767 eV
Magnetic moment: -1.770867020554591e-15 Bohr magnetons
Energy: -14.932886146146767 eV
Magnetic moment: -1.770867020554591e-15 Bohr magnetons
Energy: -14.932886146146767 eV
Magnetic moment: -1.770867020554591e-15 Bohr magnetons
Energy: -14.932886146146767 eV
Magnetic moment: -1.770867020554591e-15 Bohr magnetons
Energy: -14.932886146146767 eV
Magnetic moment: -1.770867020554591e-15 Bohr magnetons
Energy: -14.932886146146767 eV
Magnetic moment: -1.770867020554591e-15 Bohr magnetons
Calculating q=[0.16666667 0.16666667 0.        ]
Calculating q=[0.16666667 0.16666667 0.        ]
Calculating q=[0.16666667 0.16666667 0.        ]
Calculating q=[0.16666667 0.16666667 0.        ]
Calculating q=[0.16666667 0.16666667 0.        ]
Calculating q=[0.16666667 0.16666667 0.        ]
Calculating q=[0.16666667 0.16666667 0.        ]
Calculating q=[0.16666667 0.16666667 0.        ]
Calculating q=[0.16666667 0.16666667 0.        ]
Calculating q=[0.16666667 0.16666667 0.        ]
Calculating q=[0.16666667 0.16666667 0.        ]
Calculating q=[0.16666667 0.16666667 0.        ]
Energy: -14.930729535418717 eV
Magnetic moment: -2.041816897973224e-15 Bohr magnetons
Energy: -14.930729535418717 eV
Magnetic moment: -2.041816897973224e-15 Bohr magnetons
Energy: -14.930729535418717 eV
Magnetic moment: -2.041816897973224e-15 Bohr magnetons
Energy: -14.930729535418717 eV
Magnetic moment: -2.041816897973224e-15 Bohr magnetons
Energy: -14.930729535418717 eV
Magnetic moment: -2.041816897973224e-15 Bohr magnetons
Energy: -14.930729535418717 eV
Magnetic moment: -2.041816897973224e-15 Bohr magnetons
Energy: -14.930729535418717 eV
Magnetic moment: -2.041816897973224e-15 Bohr magnetons
Energy: -14.930729535418717 eV
Magnetic moment: -2.041816897973224e-15 Bohr magnetons
Energy: -14.930729535418717 eV
Magnetic moment: -2.041816897973224e-15 Bohr magnetons
Energy: -14.930729535418717 eV
Magnetic moment: -2.041816897973224e-15 Bohr magnetons
Energy: -14.930729535418717 eV
Magnetic moment: -2.041816897973224e-15 Bohr magnetons
Energy: -14.930729535418717 eV
Magnetic moment: -2.041816897973224e-15 Bohr magnetons
Calculating q=[0.14285714 0.14285714 0.        ]
Calculating q=[0.14285714 0.14285714 0.        ]
Calculating q=[0.14285714 0.14285714 0.        ]
Calculating q=[0.14285714 0.14285714 0.        ]
Calculating q=[0.14285714 0.14285714 0.        ]
Calculating q=[0.14285714 0.14285714 0.        ]
Calculating q=[0.14285714 0.14285714 0.        ]
Calculating q=[0.14285714 0.14285714 0.        ]
Calculating q=[0.14285714 0.14285714 0.        ]
Calculating q=[0.14285714 0.14285714 0.        ]
Calculating q=[0.14285714 0.14285714 0.        ]
Calculating q=[0.14285714 0.14285714 0.        ]
Energy: -14.927595134948838 eV
Magnetic moment: 3.879117522417253e-15 Bohr magnetons
Energy: -14.927595134948838 eV
Magnetic moment: 3.879117522417253e-15 Bohr magnetons
Energy: -14.927595134948838 eV
Magnetic moment: 3.879117522417253e-15 Bohr magnetons
Energy: -14.927595134948838 eV
Magnetic moment: 3.879117522417253e-15 Bohr magnetons
Energy: -14.927595134948838 eV
Magnetic moment: 3.879117522417253e-15 Bohr magnetons
Energy: -14.927595134948838 eV
Magnetic moment: 3.879117522417253e-15 Bohr magnetons
Energy: -14.927595134948838 eV
Magnetic moment: 3.879117522417253e-15 Bohr magnetons
Energy: -14.927595134948838 eV
Magnetic moment: 3.879117522417253e-15 Bohr magnetons
Energy: -14.927595134948838 eV
Magnetic moment: 3.879117522417253e-15 Bohr magnetons
Energy: -14.927595134948838 eV
Magnetic moment: 3.879117522417253e-15 Bohr magnetons
Energy: -14.927595134948838 eV
Magnetic moment: 3.879117522417253e-15 Bohr magnetons
Energy: -14.927595134948838 eV
Magnetic moment: 3.879117522417253e-15 Bohr magnetons
Calculating q=[0.11904762 0.11904762 0.        ]
Calculating q=[0.11904762 0.11904762 0.        ]
Calculating q=[0.11904762 0.11904762 0.        ]
Calculating q=[0.11904762 0.11904762 0.        ]
Calculating q=[0.11904762 0.11904762 0.        ]
Calculating q=[0.11904762 0.11904762 0.        ]
Calculating q=[0.11904762 0.11904762 0.        ]
Calculating q=[0.11904762 0.11904762 0.        ]
Calculating q=[0.11904762 0.11904762 0.        ]
Calculating q=[0.11904762 0.11904762 0.        ]
Calculating q=[0.11904762 0.11904762 0.        ]
Calculating q=[0.11904762 0.11904762 0.        ]
Energy: -14.923757156229897 eV
Magnetic moment: 6.788539913168838e-16 Bohr magnetons
Energy: -14.923757156229897 eV
Magnetic moment: 6.788539913168838e-16 Bohr magnetons
Energy: -14.923757156229897 eV
Magnetic moment: 6.788539913168838e-16 Bohr magnetons
Energy: -14.923757156229897 eV
Magnetic moment: 6.788539913168838e-16 Bohr magnetons
Energy: -14.923757156229897 eV
Magnetic moment: 6.788539913168838e-16 Bohr magnetons
Energy: -14.923757156229897 eV
Magnetic moment: 6.788539913168838e-16 Bohr magnetons
Energy: -14.923757156229897 eV
Magnetic moment: 6.788539913168838e-16 Bohr magnetons
Energy: -14.923757156229897 eV
Magnetic moment: 6.788539913168838e-16 Bohr magnetons
Energy: -14.923757156229897 eV
Magnetic moment: 6.788539913168838e-16 Bohr magnetons
Energy: -14.923757156229897 eV
Magnetic moment: 6.788539913168838e-16 Bohr magnetons
Energy: -14.923757156229897 eV
Magnetic moment: 6.788539913168838e-16 Bohr magnetons
Energy: -14.923757156229897 eV
Magnetic moment: 6.788539913168838e-16 Bohr magnetons
Calculating q=[0.0952381 0.0952381 0.       ]
Calculating q=[0.0952381 0.0952381 0.       ]
Calculating q=[0.0952381 0.0952381 0.       ]
Calculating q=[0.0952381 0.0952381 0.       ]
Calculating q=[0.0952381 0.0952381 0.       ]
Calculating q=[0.0952381 0.0952381 0.       ]
Calculating q=[0.0952381 0.0952381 0.       ]
Calculating q=[0.0952381 0.0952381 0.       ]
Calculating q=[0.0952381 0.0952381 0.       ]
Calculating q=[0.0952381 0.0952381 0.       ]
Calculating q=[0.0952381 0.0952381 0.       ]
Calculating q=[0.0952381 0.0952381 0.       ]
Energy: -14.919615774250369 eV
Magnetic moment: -1.5203570198648682e-15 Bohr magnetons
Energy: -14.919615774250369 eV
Magnetic moment: -1.5203570198648682e-15 Bohr magnetons
Energy: -14.919615774250369 eV
Magnetic moment: -1.5203570198648682e-15 Bohr magnetons
Energy: -14.919615774250369 eV
Magnetic moment: -1.5203570198648682e-15 Bohr magnetons
Energy: -14.919615774250369 eV
Magnetic moment: -1.5203570198648682e-15 Bohr magnetons
Energy: -14.919615774250369 eV
Magnetic moment: -1.5203570198648682e-15 Bohr magnetons
Energy: -14.919615774250369 eV
Magnetic moment: -1.5203570198648682e-15 Bohr magnetons
Energy: -14.919615774250369 eV
Magnetic moment: -1.5203570198648682e-15 Bohr magnetons
Energy: -14.919615774250369 eV
Magnetic moment: -1.5203570198648682e-15 Bohr magnetons
Energy: -14.919615774250369 eV
Magnetic moment: -1.5203570198648682e-15 Bohr magnetons
Energy: -14.919615774250369 eV
Magnetic moment: -1.5203570198648682e-15 Bohr magnetons
Energy: -14.919615774250369 eV
Magnetic moment: -1.5203570198648682e-15 Bohr magnetons
Calculating q=[0.07142857 0.07142857 0.        ]
Calculating q=[0.07142857 0.07142857 0.        ]
Calculating q=[0.07142857 0.07142857 0.        ]
Calculating q=[0.07142857 0.07142857 0.        ]
Calculating q=[0.07142857 0.07142857 0.        ]
Calculating q=[0.07142857 0.07142857 0.        ]
Calculating q=[0.07142857 0.07142857 0.        ]
Calculating q=[0.07142857 0.07142857 0.        ]
Calculating q=[0.07142857 0.07142857 0.        ]
Calculating q=[0.07142857 0.07142857 0.        ]
Calculating q=[0.07142857 0.07142857 0.        ]
Calculating q=[0.07142857 0.07142857 0.        ]
Energy: -14.915626099510519 eV
Magnetic moment: 1.5712715318386485e-15 Bohr magnetons
Energy: -14.915626099510519 eV
Magnetic moment: 1.5712715318386485e-15 Bohr magnetons
Energy: -14.915626099510519 eV
Magnetic moment: 1.5712715318386485e-15 Bohr magnetons
Energy: -14.915626099510519 eV
Magnetic moment: 1.5712715318386485e-15 Bohr magnetons
Energy: -14.915626099510519 eV
Magnetic moment: 1.5712715318386485e-15 Bohr magnetons
Energy: -14.915626099510519 eV
Magnetic moment: 1.5712715318386485e-15 Bohr magnetons
Energy: -14.915626099510519 eV
Magnetic moment: 1.5712715318386485e-15 Bohr magnetons
Energy: -14.915626099510519 eV
Magnetic moment: 1.5712715318386485e-15 Bohr magnetons
Energy: -14.915626099510519 eV
Magnetic moment: 1.5712715318386485e-15 Bohr magnetons
Energy: -14.915626099510519 eV
Magnetic moment: 1.5712715318386485e-15 Bohr magnetons
Energy: -14.915626099510519 eV
Magnetic moment: 1.5712715318386485e-15 Bohr magnetons
Energy: -14.915626099510519 eV
Magnetic moment: 1.5712715318386485e-15 Bohr magnetons
Calculating q=[0.04761905 0.04761905 0.        ]
Calculating q=[0.04761905 0.04761905 0.        ]
Calculating q=[0.04761905 0.04761905 0.        ]
Calculating q=[0.04761905 0.04761905 0.        ]
Calculating q=[0.04761905 0.04761905 0.        ]
Calculating q=[0.04761905 0.04761905 0.        ]
Calculating q=[0.04761905 0.04761905 0.        ]
Calculating q=[0.04761905 0.04761905 0.        ]
Calculating q=[0.04761905 0.04761905 0.        ]
Calculating q=[0.04761905 0.04761905 0.        ]
Calculating q=[0.04761905 0.04761905 0.        ]
Calculating q=[0.04761905 0.04761905 0.        ]
Energy: -14.912276219297256 eV
Magnetic moment: -3.71206381344886e-15 Bohr magnetons
Energy: -14.912276219297256 eV
Magnetic moment: -3.71206381344886e-15 Bohr magnetons
Energy: -14.912276219297256 eV
Magnetic moment: -3.71206381344886e-15 Bohr magnetons
Energy: -14.912276219297256 eV
Magnetic moment: -3.71206381344886e-15 Bohr magnetons
Energy: -14.912276219297256 eV
Magnetic moment: -3.71206381344886e-15 Bohr magnetons
Energy: -14.912276219297256 eV
Magnetic moment: -3.71206381344886e-15 Bohr magnetons
Energy: -14.912276219297256 eV
Magnetic moment: -3.71206381344886e-15 Bohr magnetons
Energy: -14.912276219297256 eV
Magnetic moment: -3.71206381344886e-15 Bohr magnetons
Energy: -14.912276219297256 eV
Magnetic moment: -3.71206381344886e-15 Bohr magnetons
Energy: -14.912276219297256 eV
Magnetic moment: -3.71206381344886e-15 Bohr magnetons
Energy: -14.912276219297256 eV
Magnetic moment: -3.71206381344886e-15 Bohr magnetons
Energy: -14.912276219297256 eV
Magnetic moment: -3.71206381344886e-15 Bohr magnetons
Calculating q=[0.02380952 0.02380952 0.        ]
Calculating q=[0.02380952 0.02380952 0.        ]
Calculating q=[0.02380952 0.02380952 0.        ]
Calculating q=[0.02380952 0.02380952 0.        ]
Calculating q=[0.02380952 0.02380952 0.        ]
Calculating q=[0.02380952 0.02380952 0.        ]
Calculating q=[0.02380952 0.02380952 0.        ]
Calculating q=[0.02380952 0.02380952 0.        ]
Calculating q=[0.02380952 0.02380952 0.        ]
Calculating q=[0.02380952 0.02380952 0.        ]
Calculating q=[0.02380952 0.02380952 0.        ]
Calculating q=[0.02380952 0.02380952 0.        ]
Energy: -14.91006636438968 eV
Magnetic moment: -2.7595562104661408e-15 Bohr magnetons
Energy: -14.91006636438968 eV
Magnetic moment: -2.7595562104661408e-15 Bohr magnetons
Energy: -14.91006636438968 eV
Magnetic moment: -2.7595562104661408e-15 Bohr magnetons
Energy: -14.91006636438968 eV
Magnetic moment: -2.7595562104661408e-15 Bohr magnetons
Energy: -14.91006636438968 eV
Magnetic moment: -2.7595562104661408e-15 Bohr magnetons
Energy: -14.91006636438968 eV
Magnetic moment: -2.7595562104661408e-15 Bohr magnetons
Energy: -14.91006636438968 eV
Magnetic moment: -2.7595562104661408e-15 Bohr magnetons
Energy: -14.91006636438968 eV
Magnetic moment: -2.7595562104661408e-15 Bohr magnetons
Energy: -14.91006636438968 eV
Magnetic moment: -2.7595562104661408e-15 Bohr magnetons
Energy: -14.91006636438968 eV
Magnetic moment: -2.7595562104661408e-15 Bohr magnetons
Energy: -14.91006636438968 eV
Magnetic moment: -2.7595562104661408e-15 Bohr magnetons
Energy: -14.91006636438968 eV
Magnetic moment: -2.7595562104661408e-15 Bohr magnetons
Calculating q=[0. 0. 0.]
Calculating q=[0. 0. 0.]
Calculating q=[0. 0. 0.]
Calculating q=[0. 0. 0.]
Calculating q=[0. 0. 0.]
Calculating q=[0. 0. 0.]
Calculating q=[0. 0. 0.]
Calculating q=[0. 0. 0.]
Calculating q=[0. 0. 0.]
Calculating q=[0. 0. 0.]
Calculating q=[0. 0. 0.]
Calculating q=[0. 0. 0.]
Energy: -14.909285482383078 eV
Magnetic moment: -9.30715978152348e-12 Bohr magnetons
Energy: -14.909285482383078 eV
Magnetic moment: -9.30715978152348e-12 Bohr magnetons
Energy: -14.909285482383078 eV
Magnetic moment: -9.30715978152348e-12 Bohr magnetons
Energy: -14.909285482383078 eV
Magnetic moment: -9.30715978152348e-12 Bohr magnetons
Energy: -14.909285482383078 eV
Magnetic moment: -9.30715978152348e-12 Bohr magnetons
Energy: -14.909285482383078 eV
Magnetic moment: -9.30715978152348e-12 Bohr magnetons
Energy: -14.909285482383078 eV
Magnetic moment: -9.30715978152348e-12 Bohr magnetons
Energy: -14.909285482383078 eV
Magnetic moment: -9.30715978152348e-12 Bohr magnetons
Energy: -14.909285482383078 eV
Magnetic moment: -9.30715978152348e-12 Bohr magnetons
Energy: -14.909285482383078 eV
Magnetic moment: -9.30715978152348e-12 Bohr magnetons
Energy: -14.909285482383078 eV
Magnetic moment: -9.30715978152348e-12 Bohr magnetons
Energy: -14.909285482383078 eV
Magnetic moment: -9.30715978152348e-12 Bohr magnetons

------------------------------------------------------------
Sender: LSF System <lsfadmin@hpc.dtu.dk>
Subject: Job 21535508: <plot_2.py> in cluster <dcc> Done

Job <plot_2.py> was submitted from host <n-62-30-1> by user <s194113> in cluster <dcc> at Sun Apr 21 14:06:30 2024
Job was executed on host(s) <12*n-62-29-23>, in queue <hpc>, as user <s194113> in cluster <dcc> at Sun Apr 21 14:06:30 2024
</zhome/87/8/147075> was used as the home directory.
</zhome/87/8/147075/10302/10302_NM/VBr2/E_con> was used as the working directory.
Started at Sun Apr 21 14:06:30 2024
Terminated at Sun Apr 21 14:52:54 2024
Results reported at Sun Apr 21 14:52:54 2024

Your job looked like:

------------------------------------------------------------
# LSBATCH: User input
#!/bin/bash -l
id=$LSB_JOBID
mq=/zhome/87/8/147075/.myqueue/lsf-$id
source /zhome/87/8/147075/venv-name/bin/activate
echo "venv: /zhome/87/8/147075/venv-name/bin/activate"
(touch $mq-0 && \
 cd '/zhome/87/8/147075/10302/10302_NM/VBr2/E_con' && \
 mpiexec python3 plot_2.py && \
 touch $mq-1) || \
(touch $mq-2; exit 1)

------------------------------------------------------------

Successfully completed.

Resource usage summary:

    CPU time :                                   33316.93 sec.
    Max Memory :                                 6116 MB
    Average Memory :                             3940.64 MB
    Total Requested Memory :                     73728.00 MB
    Delta Memory :                               67612.00 MB
    Max Swap :                                   -
    Max Processes :                              17
    Max Threads :                                57
    Run time :                                   2801 sec.
    Turnaround time :                            2784 sec.

The output (if any) is above this job summary.



PS:

Read file </zhome/87/8/147075/10302/10302_NM/VBr2/E_con/plot_2.py.21535508.err> for stderr output of this job.

