venv: /zhome/87/8/147075/venv-name/bin/activate
[1713701193.966052] [n-62-29-33:24144:0]          ib_md.c:1063 UCX  WARN  IB: ibv_fork_init() was disabled or failed, yet a fork() has been issued.
[1713701193.966082] [n-62-29-33:24144:0]          ib_md.c:1064 UCX  WARN  IB: data corruption might occur when using registered memory.
[1713701193.966041] [n-62-29-33:24145:0]          ib_md.c:1063 UCX  WARN  IB: ibv_fork_init() was disabled or failed, yet a fork() has been issued.
[1713701193.966074] [n-62-29-33:24145:0]          ib_md.c:1064 UCX  WARN  IB: data corruption might occur when using registered memory.
[1713701193.966062] [n-62-29-33:24146:0]          ib_md.c:1063 UCX  WARN  IB: ibv_fork_init() was disabled or failed, yet a fork() has been issued.
[1713701193.966089] [n-62-29-33:24146:0]          ib_md.c:1064 UCX  WARN  IB: data corruption might occur when using registered memory.
[1713701193.966040] [n-62-29-33:24147:0]          ib_md.c:1063 UCX  WARN  IB: ibv_fork_init() was disabled or failed, yet a fork() has been issued.
[1713701193.966075] [n-62-29-33:24147:0]          ib_md.c:1064 UCX  WARN  IB: data corruption might occur when using registered memory.
[1713701193.966082] [n-62-29-33:24149:0]          ib_md.c:1063 UCX  WARN  IB: ibv_fork_init() was disabled or failed, yet a fork() has been issued.
[1713701193.966111] [n-62-29-33:24149:0]          ib_md.c:1064 UCX  WARN  IB: data corruption might occur when using registered memory.
[1713701193.966040] [n-62-29-33:24152:0]          ib_md.c:1063 UCX  WARN  IB: ibv_fork_init() was disabled or failed, yet a fork() has been issued.
[1713701193.966075] [n-62-29-33:24152:0]          ib_md.c:1064 UCX  WARN  IB: data corruption might occur when using registered memory.
[1713701193.966099] [n-62-29-33:24148:0]          ib_md.c:1063 UCX  WARN  IB: ibv_fork_init() was disabled or failed, yet a fork() has been issued.
[1713701193.966129] [n-62-29-33:24148:0]          ib_md.c:1064 UCX  WARN  IB: data corruption might occur when using registered memory.
[1713701193.966100] [n-62-29-33:24150:0]          ib_md.c:1063 UCX  WARN  IB: ibv_fork_init() was disabled or failed, yet a fork() has been issued.
[1713701193.966129] [n-62-29-33:24150:0]          ib_md.c:1064 UCX  WARN  IB: data corruption might occur when using registered memory.
[1713701193.966118] [n-62-29-33:24151:0]          ib_md.c:1063 UCX  WARN  IB: ibv_fork_init() was disabled or failed, yet a fork() has been issued.
[1713701193.966155] [n-62-29-33:24151:0]          ib_md.c:1064 UCX  WARN  IB: data corruption might occur when using registered memory.
[1713701193.966291] [n-62-29-33:24153:0]          ib_md.c:1063 UCX  WARN  IB: ibv_fork_init() was disabled or failed, yet a fork() has been issued.
[1713701193.966327] [n-62-29-33:24153:0]          ib_md.c:1064 UCX  WARN  IB: data corruption might occur when using registered memory.
[1713701193.966471] [n-62-29-33:24155:0]          ib_md.c:1063 UCX  WARN  IB: ibv_fork_init() was disabled or failed, yet a fork() has been issued.
[1713701193.966516] [n-62-29-33:24155:0]          ib_md.c:1064 UCX  WARN  IB: data corruption might occur when using registered memory.
[1713701193.966471] [n-62-29-33:24157:0]          ib_md.c:1063 UCX  WARN  IB: ibv_fork_init() was disabled or failed, yet a fork() has been issued.
[1713701193.966516] [n-62-29-33:24157:0]          ib_md.c:1064 UCX  WARN  IB: data corruption might occur when using registered memory.
Calculating ground state
31 q-points in the path
Calculating ground state
31 q-points in the path
=====================================
Calculating ground state
31 q-points in the path
=====================================
Calculating ground state
31 q-points in the path
=====================================
Calculating ground state
31 q-points in the path
=====================================
Calculating ground state
31 q-points in the path
=====================================
Calculating ground state
31 q-points in the path
=====================================
Calculating ground state
31 q-points in the path
=====================================
=====================================
Calculating ground state
31 q-points in the path
=====================================
Calculating q=[0. 0. 0.]
Calculating q=[0. 0. 0.]
Calculating q=[0. 0. 0.]
Calculating q=[0. 0. 0.]
Calculating q=[0. 0. 0.]
Calculating q=[0. 0. 0.]
Calculating q=[0. 0. 0.]
Calculating q=[0. 0. 0.]
Calculating ground state
31 q-points in the path
=====================================
Calculating q=[0. 0. 0.]
Calculating q=[0. 0. 0.]
Calculating ground state
31 q-points in the path
=====================================
Calculating ground state
31 q-points in the path
=====================================
Calculating q=[0. 0. 0.]
Calculating q=[0. 0. 0.]
Energy: 8.105128621714487 eV
Magnetic moment: -2.6559856149356203e-15 Bohr magnetons
Energy: 8.105128621714487 eV
Magnetic moment: -2.6559856149356203e-15 Bohr magnetons
Energy: 8.105128621714487 eV
Energy: 8.105128621714487 eV
Magnetic moment: -2.6559856149356203e-15 Bohr magnetons
Energy: 8.105128621714487 eV
Magnetic moment: -2.6559856149356203e-15 Bohr magnetons
Energy: 8.105128621714487 eV
Magnetic moment: -2.6559856149356203e-15 Bohr magnetons
Energy: 8.105128621714487 eV
Magnetic moment: -2.6559856149356203e-15 Bohr magnetons
Energy: 8.105128621714487 eV
Magnetic moment: -2.6559856149356203e-15 Bohr magnetons
Energy: 8.105128621714487 eV
Magnetic moment: -2.6559856149356203e-15 Bohr magnetons
Energy: 8.105128621714487 eV
Magnetic moment: -2.6559856149356203e-15 Bohr magnetons
Energy: 8.105128621714487 eV
Energy: 8.105128621714487 eV
Magnetic moment: -2.6559856149356203e-15 Bohr magnetons
Magnetic moment: -2.6559856149356203e-15 Bohr magnetons
Magnetic moment: -2.6559856149356203e-15 Bohr magnetons
Calculating q=[0.05 0.   0.  ]
Calculating q=[0.05 0.   0.  ]
Calculating q=[0.05 0.   0.  ]
Calculating q=[0.05 0.   0.  ]
Calculating q=[0.05 0.   0.  ]
Calculating q=[0.05 0.   0.  ]
Calculating q=[0.05 0.   0.  ]
Calculating q=[0.05 0.   0.  ]
Calculating q=[0.05 0.   0.  ]
Calculating q=[0.05 0.   0.  ]
Calculating q=[0.05 0.   0.  ]
Calculating q=[0.05 0.   0.  ]
Energy: 8.130491627125291 eV
Magnetic moment: 1.1669757596120406e-14 Bohr magnetons
Energy: 8.130491627125291 eV
Magnetic moment: 1.1669757596120406e-14 Bohr magnetons
Energy: 8.130491627125291 eV
Magnetic moment: 1.1669757596120406e-14 Bohr magnetons
Energy: 8.130491627125291 eV
Magnetic moment: 1.1669757596120406e-14 Bohr magnetons
Energy: 8.130491627125291 eV
Magnetic moment: 1.1669757596120406e-14 Bohr magnetons
Energy: 8.130491627125291 eV
Magnetic moment: 1.1669757596120406e-14 Bohr magnetons
Energy: 8.130491627125291 eV
Magnetic moment: 1.1669757596120406e-14 Bohr magnetons
Energy: 8.130491627125291 eV
Magnetic moment: 1.1669757596120406e-14 Bohr magnetons
Energy: 8.130491627125291 eV
Magnetic moment: 1.1669757596120406e-14 Bohr magnetons
Energy: 8.130491627125291 eV
Energy: 8.130491627125291 eV
Magnetic moment: 1.1669757596120406e-14 Bohr magnetons
Energy: 8.130491627125291 eV
Magnetic moment: 1.1669757596120406e-14 Bohr magnetons
Magnetic moment: 1.1669757596120406e-14 Bohr magnetons
Calculating q=[0.1 0.  0. ]
Calculating q=[0.1 0.  0. ]
Calculating q=[0.1 0.  0. ]
Calculating q=[0.1 0.  0. ]
Calculating q=[0.1 0.  0. ]
Calculating q=[0.1 0.  0. ]
Calculating q=[0.1 0.  0. ]
Calculating q=[0.1 0.  0. ]
Calculating q=[0.1 0.  0. ]
Calculating q=[0.1 0.  0. ]
Calculating q=[0.1 0.  0. ]
Calculating q=[0.1 0.  0. ]
Energy: 8.206802683848506 eV
Magnetic moment: 1.1153161313170522e-15 Bohr magnetons
Energy: 8.206802683848506 eV
Magnetic moment: 1.1153161313170522e-15 Bohr magnetons
Energy: 8.206802683848506 eV
Magnetic moment: 1.1153161313170522e-15 Bohr magnetons
Energy: 8.206802683848506 eV
Magnetic moment: 1.1153161313170522e-15 Bohr magnetons
Energy: 8.206802683848506 eV
Magnetic moment: 1.1153161313170522e-15 Bohr magnetons
Energy: 8.206802683848506 eV
Magnetic moment: 1.1153161313170522e-15 Bohr magnetons
Energy: 8.206802683848506 eV
Magnetic moment: 1.1153161313170522e-15 Bohr magnetons
Energy: 8.206802683848506 eV
Magnetic moment: 1.1153161313170522e-15 Bohr magnetons
Energy: 8.206802683848506 eV
Magnetic moment: 1.1153161313170522e-15 Bohr magnetons
Energy: 8.206802683848506 eV
Energy: 8.206802683848506 eV
Magnetic moment: 1.1153161313170522e-15 Bohr magnetons
Energy: 8.206802683848506 eV
Magnetic moment: 1.1153161313170522e-15 Bohr magnetons
Magnetic moment: 1.1153161313170522e-15 Bohr magnetons
Calculating q=[0.15 0.   0.  ]
Calculating q=[0.15 0.   0.  ]
Calculating q=[0.15 0.   0.  ]
Calculating q=[0.15 0.   0.  ]
Calculating q=[0.15 0.   0.  ]
Calculating q=[0.15 0.   0.  ]
Calculating q=[0.15 0.   0.  ]
Calculating q=[0.15 0.   0.  ]
Calculating q=[0.15 0.   0.  ]
Calculating q=[0.15 0.   0.  ]
Calculating q=[0.15 0.   0.  ]
Calculating q=[0.15 0.   0.  ]
Energy: 8.334621509672967 eV
Magnetic moment: 2.9955337292029437e-15 Bohr magnetons
Energy: 8.334621509672967 eV
Magnetic moment: 2.9955337292029437e-15 Bohr magnetons
Energy: 8.334621509672967 eV
Magnetic moment: 2.9955337292029437e-15 Bohr magnetons
Energy: 8.334621509672967 eV
Magnetic moment: 2.9955337292029437e-15 Bohr magnetons
Energy: 8.334621509672967 eV
Magnetic moment: 2.9955337292029437e-15 Bohr magnetons
Energy: 8.334621509672967 eV
Magnetic moment: 2.9955337292029437e-15 Bohr magnetons
Energy: 8.334621509672967 eV
Magnetic moment: 2.9955337292029437e-15 Bohr magnetons
Energy: 8.334621509672967 eV
Magnetic moment: 2.9955337292029437e-15 Bohr magnetons
Energy: 8.334621509672967 eV
Magnetic moment: 2.9955337292029437e-15 Bohr magnetons
Energy: 8.334621509672967 eV
Energy: 8.334621509672967 eV
Magnetic moment: 2.9955337292029437e-15 Bohr magnetons
Energy: 8.334621509672967 eV
Magnetic moment: 2.9955337292029437e-15 Bohr magnetons
Magnetic moment: 2.9955337292029437e-15 Bohr magnetons
Calculating q=[0.2 0.  0. ]
Calculating q=[0.2 0.  0. ]
Calculating q=[0.2 0.  0. ]
Calculating q=[0.2 0.  0. ]
Calculating q=[0.2 0.  0. ]
Calculating q=[0.2 0.  0. ]
Calculating q=[0.2 0.  0. ]
Calculating q=[0.2 0.  0. ]
Calculating q=[0.2 0.  0. ]
Calculating q=[0.2 0.  0. ]
Calculating q=[0.2 0.  0. ]
Calculating q=[0.2 0.  0. ]
Energy: 8.514640851303449 eV
Magnetic moment: 1.3732048425148093e-14 Bohr magnetons
Energy: 8.514640851303449 eV
Magnetic moment: 1.3732048425148093e-14 Bohr magnetons
Energy: 8.514640851303449 eV
Magnetic moment: 1.3732048425148093e-14 Bohr magnetons
Energy: 8.514640851303449 eV
Magnetic moment: 1.3732048425148093e-14 Bohr magnetons
Energy: 8.514640851303449 eV
Magnetic moment: 1.3732048425148093e-14 Bohr magnetons
Energy: 8.514640851303449 eV
Magnetic moment: 1.3732048425148093e-14 Bohr magnetons
Energy: 8.514640851303449 eV
Magnetic moment: 1.3732048425148093e-14 Bohr magnetons
Energy: 8.514640851303449 eV
Magnetic moment: 1.3732048425148093e-14 Bohr magnetons
Energy: 8.514640851303449 eV
Magnetic moment: 1.3732048425148093e-14 Bohr magnetons
Energy: 8.514640851303449 eV
Energy: 8.514640851303449 eV
Magnetic moment: 1.3732048425148093e-14 Bohr magnetons
Energy: 8.514640851303449 eV
Magnetic moment: 1.3732048425148093e-14 Bohr magnetons
Magnetic moment: 1.3732048425148093e-14 Bohr magnetons
Calculating q=[0.25 0.   0.  ]
Calculating q=[0.25 0.   0.  ]
Calculating q=[0.25 0.   0.  ]
Calculating q=[0.25 0.   0.  ]
Calculating q=[0.25 0.   0.  ]
Calculating q=[0.25 0.   0.  ]
Calculating q=[0.25 0.   0.  ]
Calculating q=[0.25 0.   0.  ]
Calculating q=[0.25 0.   0.  ]
Calculating q=[0.25 0.   0.  ]
Calculating q=[0.25 0.   0.  ]
Calculating q=[0.25 0.   0.  ]
Energy: 8.747316047807903 eV
Magnetic moment: -9.357121022432403e-10 Bohr magnetons
Energy: 8.747316047807903 eV
Magnetic moment: -9.357121022432403e-10 Bohr magnetons
Energy: 8.747316047807903 eV
Magnetic moment: -9.357121022432403e-10 Bohr magnetons
Energy: 8.747316047807903 eV
Magnetic moment: -9.357121022432403e-10 Bohr magnetons
Energy: 8.747316047807903 eV
Magnetic moment: -9.357121022432403e-10 Bohr magnetons
Energy: 8.747316047807903 eV
Magnetic moment: -9.357121022432403e-10 Bohr magnetons
Energy: 8.747316047807903 eV
Magnetic moment: -9.357121022432403e-10 Bohr magnetons
Energy: 8.747316047807903 eV
Magnetic moment: -9.357121022432403e-10 Bohr magnetons
Energy: 8.747316047807903 eV
Magnetic moment: -9.357121022432403e-10 Bohr magnetons
Energy: 8.747316047807903 eV
Energy: 8.747316047807903 eV
Magnetic moment: -9.357121022432403e-10 Bohr magnetons
Energy: 8.747316047807903 eV
Magnetic moment: -9.357121022432403e-10 Bohr magnetons
Magnetic moment: -9.357121022432403e-10 Bohr magnetons
Calculating q=[0.3 0.  0. ]
Calculating q=[0.3 0.  0. ]
Calculating q=[0.3 0.  0. ]
Calculating q=[0.3 0.  0. ]
Calculating q=[0.3 0.  0. ]
Calculating q=[0.3 0.  0. ]
Calculating q=[0.3 0.  0. ]
Calculating q=[0.3 0.  0. ]
Calculating q=[0.3 0.  0. ]
Calculating q=[0.3 0.  0. ]
Calculating q=[0.3 0.  0. ]
Calculating q=[0.3 0.  0. ]
Energy: 9.0328896085639 eV
Magnetic moment: 6.060970969844457e-14 Bohr magnetons
Energy: 9.0328896085639 eV
Magnetic moment: 6.060970969844457e-14 Bohr magnetons
Energy: 9.0328896085639 eV
Magnetic moment: 6.060970969844457e-14 Bohr magnetons
Energy: 9.0328896085639 eV
Magnetic moment: 6.060970969844457e-14 Bohr magnetons
Energy: 9.0328896085639 eV
Magnetic moment: 6.060970969844457e-14 Bohr magnetons
Energy: 9.0328896085639 eV
Magnetic moment: 6.060970969844457e-14 Bohr magnetons
Energy: 9.0328896085639 eV
Magnetic moment: 6.060970969844457e-14 Bohr magnetons
Energy: 9.0328896085639 eV
Magnetic moment: 6.060970969844457e-14 Bohr magnetons
Energy: 9.0328896085639 eV
Magnetic moment: 6.060970969844457e-14 Bohr magnetons
Energy: 9.0328896085639 eV
Energy: 9.0328896085639 eV
Magnetic moment: 6.060970969844457e-14 Bohr magnetons
Energy: 9.0328896085639 eV
Magnetic moment: 6.060970969844457e-14 Bohr magnetons
Magnetic moment: 6.060970969844457e-14 Bohr magnetons
Calculating q=[0.35 0.   0.  ]
Calculating q=[0.35 0.   0.  ]
Calculating q=[0.35 0.   0.  ]
Calculating q=[0.35 0.   0.  ]
Calculating q=[0.35 0.   0.  ]
Calculating q=[0.35 0.   0.  ]
Calculating q=[0.35 0.   0.  ]
Calculating q=[0.35 0.   0.  ]
Calculating q=[0.35 0.   0.  ]
Calculating q=[0.35 0.   0.  ]
Calculating q=[0.35 0.   0.  ]
Calculating q=[0.35 0.   0.  ]
Energy: 9.37105594496139 eV
Magnetic moment: -9.568705408734382e-15 Bohr magnetons
Energy: 9.37105594496139 eV
Magnetic moment: -9.568705408734382e-15 Bohr magnetons
Energy: 9.37105594496139 eV
Magnetic moment: -9.568705408734382e-15 Bohr magnetons
Energy: 9.37105594496139 eV
Magnetic moment: -9.568705408734382e-15 Bohr magnetons
Energy: 9.37105594496139 eV
Magnetic moment: -9.568705408734382e-15 Bohr magnetons
Energy: 9.37105594496139 eV
Magnetic moment: -9.568705408734382e-15 Bohr magnetons
Energy: 9.37105594496139 eV
Magnetic moment: -9.568705408734382e-15 Bohr magnetons
Energy: 9.37105594496139 eV
Magnetic moment: -9.568705408734382e-15 Bohr magnetons
Energy: 9.37105594496139 eV
Magnetic moment: -9.568705408734382e-15 Bohr magnetons
Energy: 9.37105594496139 eV
Energy: 9.37105594496139 eV
Magnetic moment: -9.568705408734382e-15 Bohr magnetons
Energy: 9.37105594496139 eV
Magnetic moment: -9.568705408734382e-15 Bohr magnetons
Magnetic moment: -9.568705408734382e-15 Bohr magnetons
Calculating q=[0.4 0.  0. ]
Calculating q=[0.4 0.  0. ]
Calculating q=[0.4 0.  0. ]
Calculating q=[0.4 0.  0. ]
Calculating q=[0.4 0.  0. ]
Calculating q=[0.4 0.  0. ]
Calculating q=[0.4 0.  0. ]
Calculating q=[0.4 0.  0. ]
Calculating q=[0.4 0.  0. ]
Calculating q=[0.4 0.  0. ]
Calculating q=[0.4 0.  0. ]
Calculating q=[0.4 0.  0. ]
Energy: 9.761137054214014 eV
Magnetic moment: -1.7287840115903078e-14 Bohr magnetons
Energy: 9.761137054214014 eV
Magnetic moment: -1.7287840115903078e-14 Bohr magnetons
Energy: 9.761137054214014 eV
Magnetic moment: -1.7287840115903078e-14 Bohr magnetons
Energy: 9.761137054214014 eV
Magnetic moment: -1.7287840115903078e-14 Bohr magnetons
Energy: 9.761137054214014 eV
Magnetic moment: -1.7287840115903078e-14 Bohr magnetons
Energy: 9.761137054214014 eV
Magnetic moment: -1.7287840115903078e-14 Bohr magnetons
Energy: 9.761137054214014 eV
Magnetic moment: -1.7287840115903078e-14 Bohr magnetons
Energy: 9.761137054214014 eV
Magnetic moment: -1.7287840115903078e-14 Bohr magnetons
Energy: 9.761137054214014 eV
Magnetic moment: -1.7287840115903078e-14 Bohr magnetons
Energy: 9.761137054214014 eV
Energy: 9.761137054214014 eV
Magnetic moment: -1.7287840115903078e-14 Bohr magnetons
Magnetic moment: -1.7287840115903078e-14 Bohr magnetons
Calculating q=[0.45 0.   0.  ]
Calculating q=[0.45 0.   0.  ]
Calculating q=[0.45 0.   0.  ]
Calculating q=[0.45 0.   0.  ]
Calculating q=[0.45 0.   0.  ]
Calculating q=[0.45 0.   0.  ]
Calculating q=[0.45 0.   0.  ]
Calculating q=[0.45 0.   0.  ]
Calculating q=[0.45 0.   0.  ]
Calculating q=[0.45 0.   0.  ]
Calculating q=[0.45 0.   0.  ]
Energy: 9.761137054214014 eV
Magnetic moment: -1.7287840115903078e-14 Bohr magnetons
Calculating q=[0.45 0.   0.  ]
Energy: 10.201703680469066 eV
Magnetic moment: -3.095606709653436e-14 Bohr magnetons
Energy: 10.201703680469066 eV
Magnetic moment: -3.095606709653436e-14 Bohr magnetons
Energy: 10.201703680469066 eV
Magnetic moment: -3.095606709653436e-14 Bohr magnetons
Energy: 10.201703680469066 eV
Magnetic moment: -3.095606709653436e-14 Bohr magnetons
Energy: 10.201703680469066 eV
Magnetic moment: -3.095606709653436e-14 Bohr magnetons
Energy: 10.201703680469066 eV
Magnetic moment: -3.095606709653436e-14 Bohr magnetons
Energy: 10.201703680469066 eV
Magnetic moment: -3.095606709653436e-14 Bohr magnetons
Energy: 10.201703680469066 eV
Magnetic moment: -3.095606709653436e-14 Bohr magnetons
Energy: 10.201703680469066 eV
Magnetic moment: -3.095606709653436e-14 Bohr magnetons
Energy: 10.201703680469066 eV
Energy: 10.201703680469066 eV
Magnetic moment: -3.095606709653436e-14 Bohr magnetons
Energy: 10.201703680469066 eV
Magnetic moment: -3.095606709653436e-14 Bohr magnetons
Magnetic moment: -3.095606709653436e-14 Bohr magnetons
Calculating q=[0.5 0.  0. ]
Calculating q=[0.5 0.  0. ]
Calculating q=[0.5 0.  0. ]
Calculating q=[0.5 0.  0. ]
Calculating q=[0.5 0.  0. ]
Calculating q=[0.5 0.  0. ]
Calculating q=[0.5 0.  0. ]
Calculating q=[0.5 0.  0. ]
Calculating q=[0.5 0.  0. ]
Calculating q=[0.5 0.  0. ]
Calculating q=[0.5 0.  0. ]
Calculating q=[0.5 0.  0. ]
Energy: 10.69100697780925 eV
Magnetic moment: 2.041071965348542e-15 Bohr magnetons
Energy: 10.69100697780925 eV
Magnetic moment: 2.041071965348542e-15 Bohr magnetons
Energy: 10.69100697780925 eV
Magnetic moment: 2.041071965348542e-15 Bohr magnetons
Energy: 10.69100697780925 eV
Magnetic moment: 2.041071965348542e-15 Bohr magnetons
Energy: 10.69100697780925 eV
Magnetic moment: 2.041071965348542e-15 Bohr magnetons
Energy: 10.69100697780925 eV
Magnetic moment: 2.041071965348542e-15 Bohr magnetons
Energy: 10.69100697780925 eV
Magnetic moment: 2.041071965348542e-15 Bohr magnetons
Energy: 10.69100697780925 eV
Magnetic moment: 2.041071965348542e-15 Bohr magnetons
Energy: 10.69100697780925 eV
Magnetic moment: 2.041071965348542e-15 Bohr magnetons
Energy: 10.69100697780925 eV
Energy: 10.69100697780925 eV
Magnetic moment: 2.041071965348542e-15 Bohr magnetons
Energy: 10.69100697780925 eV
Magnetic moment: 2.041071965348542e-15 Bohr magnetons
Magnetic moment: 2.041071965348542e-15 Bohr magnetons
Calculating q=[0.47222222 0.05555556 0.        ]
Calculating q=[0.47222222 0.05555556 0.        ]
Calculating q=[0.47222222 0.05555556 0.        ]
Calculating q=[0.47222222 0.05555556 0.        ]
Calculating q=[0.47222222 0.05555556 0.        ]
Calculating q=[0.47222222 0.05555556 0.        ]
Calculating q=[0.47222222 0.05555556 0.        ]
Calculating q=[0.47222222 0.05555556 0.        ]
Calculating q=[0.47222222 0.05555556 0.        ]
Calculating q=[0.47222222 0.05555556 0.        ]
Calculating q=[0.47222222 0.05555556 0.        ]
Calculating q=[0.47222222 0.05555556 0.        ]
Energy: 10.714240186538994 eV
Magnetic moment: -3.4471679636119186e-16 Bohr magnetons
Energy: 10.714240186538994 eV
Magnetic moment: -3.4471679636119186e-16 Bohr magnetons
Energy: 10.714240186538994 eV
Magnetic moment: -3.4471679636119186e-16 Bohr magnetons
Energy: 10.714240186538994 eV
Magnetic moment: -3.4471679636119186e-16 Bohr magnetons
Energy: 10.714240186538994 eV
Magnetic moment: -3.4471679636119186e-16 Bohr magnetons
Energy: 10.714240186538994 eV
Magnetic moment: -3.4471679636119186e-16 Bohr magnetons
Energy: 10.714240186538994 eV
Magnetic moment: -3.4471679636119186e-16 Bohr magnetons
Energy: 10.714240186538994 eV
Magnetic moment: -3.4471679636119186e-16 Bohr magnetons
Energy: 10.714240186538994 eV
Magnetic moment: -3.4471679636119186e-16 Bohr magnetons
Energy: 10.714240186538994 eV
Energy: 10.714240186538994 eV
Magnetic moment: -3.4471679636119186e-16 Bohr magnetons
Energy: 10.714240186538994 eV
Magnetic moment: -3.4471679636119186e-16 Bohr magnetons
Magnetic moment: -3.4471679636119186e-16 Bohr magnetons
Calculating q=[0.44444444 0.11111111 0.        ]
Calculating q=[0.44444444 0.11111111 0.        ]
Calculating q=[0.44444444 0.11111111 0.        ]
Calculating q=[0.44444444 0.11111111 0.        ]
Calculating q=[0.44444444 0.11111111 0.        ]
Calculating q=[0.44444444 0.11111111 0.        ]
Calculating q=[0.44444444 0.11111111 0.        ]
Calculating q=[0.44444444 0.11111111 0.        ]
Calculating q=[0.44444444 0.11111111 0.        ]
Calculating q=[0.44444444 0.11111111 0.        ]
Calculating q=[0.44444444 0.11111111 0.        ]
Calculating q=[0.44444444 0.11111111 0.        ]
Energy: 10.784189834066552 eV
Magnetic moment: -1.573376516276519e-14 Bohr magnetons
Energy: 10.784189834066552 eV
Magnetic moment: -1.573376516276519e-14 Bohr magnetons
Energy: 10.784189834066552 eV
Magnetic moment: -1.573376516276519e-14 Bohr magnetons
Energy: 10.784189834066552 eV
Magnetic moment: -1.573376516276519e-14 Bohr magnetons
Energy: 10.784189834066552 eV
Magnetic moment: -1.573376516276519e-14 Bohr magnetons
Energy: 10.784189834066552 eV
Magnetic moment: -1.573376516276519e-14 Bohr magnetons
Energy: 10.784189834066552 eV
Magnetic moment: -1.573376516276519e-14 Bohr magnetons
Energy: 10.784189834066552 eV
Magnetic moment: -1.573376516276519e-14 Bohr magnetons
Energy: 10.784189834066552 eV
Magnetic moment: -1.573376516276519e-14 Bohr magnetons
Energy: 10.784189834066552 eV
Energy: 10.784189834066552 eV
Magnetic moment: -1.573376516276519e-14 Bohr magnetons
Energy: 10.784189834066552 eV
Magnetic moment: -1.573376516276519e-14 Bohr magnetons
Magnetic moment: -1.573376516276519e-14 Bohr magnetons
Calculating q=[0.41666667 0.16666667 0.        ]
Calculating q=[0.41666667 0.16666667 0.        ]
Calculating q=[0.41666667 0.16666667 0.        ]
Calculating q=[0.41666667 0.16666667 0.        ]
Calculating q=[0.41666667 0.16666667 0.        ]
Calculating q=[0.41666667 0.16666667 0.        ]
Calculating q=[0.41666667 0.16666667 0.        ]
Calculating q=[0.41666667 0.16666667 0.        ]
Calculating q=[0.41666667 0.16666667 0.        ]
Calculating q=[0.41666667 0.16666667 0.        ]
Calculating q=[0.41666667 0.16666667 0.        ]
Calculating q=[0.41666667 0.16666667 0.        ]
Energy: 10.90109179213076 eV
Magnetic moment: -2.864625582620288e-15 Bohr magnetons
Energy: 10.90109179213076 eV
Magnetic moment: -2.864625582620288e-15 Bohr magnetons
Energy: 10.90109179213076 eV
Magnetic moment: -2.864625582620288e-15 Bohr magnetons
Energy: 10.90109179213076 eV
Magnetic moment: -2.864625582620288e-15 Bohr magnetons
Energy: 10.90109179213076 eV
Magnetic moment: -2.864625582620288e-15 Bohr magnetons
Energy: 10.90109179213076 eV
Magnetic moment: -2.864625582620288e-15 Bohr magnetons
Energy: 10.90109179213076 eV
Magnetic moment: -2.864625582620288e-15 Bohr magnetons
Energy: 10.90109179213076 eV
Magnetic moment: -2.864625582620288e-15 Bohr magnetons
Energy: 10.90109179213076 eV
Magnetic moment: -2.864625582620288e-15 Bohr magnetons
Energy: 10.90109179213076 eV
Energy: 10.90109179213076 eV
Magnetic moment: -2.864625582620288e-15 Bohr magnetons
Energy: 10.90109179213076 eV
Magnetic moment: -2.864625582620288e-15 Bohr magnetons
Magnetic moment: -2.864625582620288e-15 Bohr magnetons
Calculating q=[0.38888889 0.22222222 0.        ]
Calculating q=[0.38888889 0.22222222 0.        ]
Calculating q=[0.38888889 0.22222222 0.        ]
Calculating q=[0.38888889 0.22222222 0.        ]
Calculating q=[0.38888889 0.22222222 0.        ]
Calculating q=[0.38888889 0.22222222 0.        ]
Calculating q=[0.38888889 0.22222222 0.        ]
Calculating q=[0.38888889 0.22222222 0.        ]
Calculating q=[0.38888889 0.22222222 0.        ]
Calculating q=[0.38888889 0.22222222 0.        ]
Calculating q=[0.38888889 0.22222222 0.        ]
Calculating q=[0.38888889 0.22222222 0.        ]
Energy: 11.065089280156608 eV
Magnetic moment: 4.441601170320357e-15 Bohr magnetons
Energy: 11.065089280156608 eV
Magnetic moment: 4.441601170320357e-15 Bohr magnetons
Energy: 11.065089280156608 eV
Magnetic moment: 4.441601170320357e-15 Bohr magnetons
Energy: 11.065089280156608 eV
Magnetic moment: 4.441601170320357e-15 Bohr magnetons
Energy: 11.065089280156608 eV
Magnetic moment: 4.441601170320357e-15 Bohr magnetons
Energy: 11.065089280156608 eV
Magnetic moment: 4.441601170320357e-15 Bohr magnetons
Energy: 11.065089280156608 eV
Magnetic moment: 4.441601170320357e-15 Bohr magnetons
Energy: 11.065089280156608 eV
Magnetic moment: 4.441601170320357e-15 Bohr magnetons
Energy: 11.065089280156608 eV
Magnetic moment: 4.441601170320357e-15 Bohr magnetons
Energy: 11.065089280156608 eV
Energy: 11.065089280156608 eV
Energy: 11.065089280156608 eV
Magnetic moment: 4.441601170320357e-15 Bohr magnetons
Magnetic moment: 4.441601170320357e-15 Bohr magnetons
Magnetic moment: 4.441601170320357e-15 Bohr magnetons
Calculating q=[0.36111111 0.27777778 0.        ]
Calculating q=[0.36111111 0.27777778 0.        ]
Calculating q=[0.36111111 0.27777778 0.        ]
Calculating q=[0.36111111 0.27777778 0.        ]
Calculating q=[0.36111111 0.27777778 0.        ]
Calculating q=[0.36111111 0.27777778 0.        ]
Calculating q=[0.36111111 0.27777778 0.        ]
Calculating q=[0.36111111 0.27777778 0.        ]
Calculating q=[0.36111111 0.27777778 0.        ]
Calculating q=[0.36111111 0.27777778 0.        ]
Calculating q=[0.36111111 0.27777778 0.        ]
Calculating q=[0.36111111 0.27777778 0.        ]
Energy: 11.276401662680549 eV
Magnetic moment: 6.137293471422387e-16 Bohr magnetons
Energy: 11.276401662680549 eV
Magnetic moment: 6.137293471422387e-16 Bohr magnetons
Energy: 11.276401662680549 eV
Magnetic moment: 6.137293471422387e-16 Bohr magnetons
Energy: 11.276401662680549 eV
Magnetic moment: 6.137293471422387e-16 Bohr magnetons
Energy: 11.276401662680549 eV
Magnetic moment: 6.137293471422387e-16 Bohr magnetons
Energy: 11.276401662680549 eV
Magnetic moment: 6.137293471422387e-16 Bohr magnetons
Energy: 11.276401662680549 eV
Magnetic moment: 6.137293471422387e-16 Bohr magnetons
Energy: 11.276401662680549 eV
Magnetic moment: 6.137293471422387e-16 Bohr magnetons
Energy: 11.276401662680549 eV
Magnetic moment: 6.137293471422387e-16 Bohr magnetons
Energy: 11.276401662680549 eV
Energy: 11.276401662680549 eV
Magnetic moment: 6.137293471422387e-16 Bohr magnetons
Energy: 11.276401662680549 eV
Magnetic moment: 6.137293471422387e-16 Bohr magnetons
Magnetic moment: 6.137293471422387e-16 Bohr magnetons
Calculating q=[0.33333333 0.33333333 0.        ]
Calculating q=[0.33333333 0.33333333 0.        ]
Calculating q=[0.33333333 0.33333333 0.        ]
Calculating q=[0.33333333 0.33333333 0.        ]
Calculating q=[0.33333333 0.33333333 0.        ]
Calculating q=[0.33333333 0.33333333 0.        ]
Calculating q=[0.33333333 0.33333333 0.        ]
Calculating q=[0.33333333 0.33333333 0.        ]
Calculating q=[0.33333333 0.33333333 0.        ]
Calculating q=[0.33333333 0.33333333 0.        ]
Calculating q=[0.33333333 0.33333333 0.        ]
Calculating q=[0.33333333 0.33333333 0.        ]
Energy: 11.534698167511452 eV
Magnetic moment: -5.326149466209422e-14 Bohr magnetons
Energy: 11.534698167511452 eV
Magnetic moment: -5.326149466209422e-14 Bohr magnetons
Energy: 11.534698167511452 eV
Magnetic moment: -5.326149466209422e-14 Bohr magnetons
Energy: 11.534698167511452 eV
Magnetic moment: -5.326149466209422e-14 Bohr magnetons
Energy: 11.534698167511452 eV
Magnetic moment: -5.326149466209422e-14 Bohr magnetons
Energy: 11.534698167511452 eV
Magnetic moment: -5.326149466209422e-14 Bohr magnetons
Energy: 11.534698167511452 eV
Magnetic moment: -5.326149466209422e-14 Bohr magnetons
Energy: 11.534698167511452 eV
Magnetic moment: -5.326149466209422e-14 Bohr magnetons
Energy: 11.534698167511452 eV
Magnetic moment: -5.326149466209422e-14 Bohr magnetons
Energy: 11.534698167511452 eV
Energy: 11.534698167511452 eV
Magnetic moment: -5.326149466209422e-14 Bohr magnetons
Energy: 11.534698167511452 eV
Magnetic moment: -5.326149466209422e-14 Bohr magnetons
Magnetic moment: -5.326149466209422e-14 Bohr magnetons
Calculating q=[0.30952381 0.30952381 0.        ]
Calculating q=[0.30952381 0.30952381 0.        ]
Calculating q=[0.30952381 0.30952381 0.        ]
Calculating q=[0.30952381 0.30952381 0.        ]
Calculating q=[0.30952381 0.30952381 0.        ]
Calculating q=[0.30952381 0.30952381 0.        ]
Calculating q=[0.30952381 0.30952381 0.        ]
Calculating q=[0.30952381 0.30952381 0.        ]
Calculating q=[0.30952381 0.30952381 0.        ]
Calculating q=[0.30952381 0.30952381 0.        ]
Calculating q=[0.30952381 0.30952381 0.        ]
Calculating q=[0.30952381 0.30952381 0.        ]
Energy: 11.067738819332599 eV
Magnetic moment: -2.423198630777707e-15 Bohr magnetons
Energy: 11.067738819332599 eV
Magnetic moment: -2.423198630777707e-15 Bohr magnetons
Energy: 11.067738819332599 eV
Magnetic moment: -2.423198630777707e-15 Bohr magnetons
Energy: 11.067738819332599 eV
Magnetic moment: -2.423198630777707e-15 Bohr magnetons
Energy: 11.067738819332599 eV
Magnetic moment: -2.423198630777707e-15 Bohr magnetons
Energy: 11.067738819332599 eV
Magnetic moment: -2.423198630777707e-15 Bohr magnetons
Energy: 11.067738819332599 eV
Magnetic moment: -2.423198630777707e-15 Bohr magnetons
Energy: 11.067738819332599 eV
Magnetic moment: -2.423198630777707e-15 Bohr magnetons
Energy: 11.067738819332599 eV
Magnetic moment: -2.423198630777707e-15 Bohr magnetons
Energy: 11.067738819332599 eV
Energy: 11.067738819332599 eV
Magnetic moment: -2.423198630777707e-15 Bohr magnetons
Energy: 11.067738819332599 eV
Magnetic moment: -2.423198630777707e-15 Bohr magnetons
Magnetic moment: -2.423198630777707e-15 Bohr magnetons
Calculating q=[0.28571429 0.28571429 0.        ]
Calculating q=[0.28571429 0.28571429 0.        ]
Calculating q=[0.28571429 0.28571429 0.        ]
Calculating q=[0.28571429 0.28571429 0.        ]
Calculating q=[0.28571429 0.28571429 0.        ]
Calculating q=[0.28571429 0.28571429 0.        ]
Calculating q=[0.28571429 0.28571429 0.        ]
Calculating q=[0.28571429 0.28571429 0.        ]
Calculating q=[0.28571429 0.28571429 0.        ]
Calculating q=[0.28571429 0.28571429 0.        ]
Calculating q=[0.28571429 0.28571429 0.        ]
Calculating q=[0.28571429 0.28571429 0.        ]
Energy: 10.63303614774821 eV
Magnetic moment: 7.11630032030319e-15 Bohr magnetons
Energy: 10.63303614774821 eV
Magnetic moment: 7.11630032030319e-15 Bohr magnetons
Energy: 10.63303614774821 eV
Magnetic moment: 7.11630032030319e-15 Bohr magnetons
Energy: 10.63303614774821 eV
Magnetic moment: 7.11630032030319e-15 Bohr magnetons
Energy: 10.63303614774821 eV
Magnetic moment: 7.11630032030319e-15 Bohr magnetons
Energy: 10.63303614774821 eV
Magnetic moment: 7.11630032030319e-15 Bohr magnetons
Energy: 10.63303614774821 eV
Magnetic moment: 7.11630032030319e-15 Bohr magnetons
Energy: 10.63303614774821 eV
Magnetic moment: 7.11630032030319e-15 Bohr magnetons
Energy: 10.63303614774821 eV
Magnetic moment: 7.11630032030319e-15 Bohr magnetons
Energy: 10.63303614774821 eV
Energy: 10.63303614774821 eV
Magnetic moment: 7.11630032030319e-15 Bohr magnetons
Energy: 10.63303614774821 eV
Magnetic moment: 7.11630032030319e-15 Bohr magnetons
Magnetic moment: 7.11630032030319e-15 Bohr magnetons
Calculating q=[0.26190476 0.26190476 0.        ]
Calculating q=[0.26190476 0.26190476 0.        ]
Calculating q=[0.26190476 0.26190476 0.        ]
Calculating q=[0.26190476 0.26190476 0.        ]
Calculating q=[0.26190476 0.26190476 0.        ]
Calculating q=[0.26190476 0.26190476 0.        ]
Calculating q=[0.26190476 0.26190476 0.        ]
Calculating q=[0.26190476 0.26190476 0.        ]
Calculating q=[0.26190476 0.26190476 0.        ]
Calculating q=[0.26190476 0.26190476 0.        ]
Calculating q=[0.26190476 0.26190476 0.        ]
Calculating q=[0.26190476 0.26190476 0.        ]
Energy: 10.231130484502833 eV
Magnetic moment: -2.0583408567277542e-14 Bohr magnetons
Energy: 10.231130484502833 eV
Magnetic moment: -2.0583408567277542e-14 Bohr magnetons
Energy: 10.231130484502833 eV
Magnetic moment: -2.0583408567277542e-14 Bohr magnetons
Energy: 10.231130484502833 eV
Magnetic moment: -2.0583408567277542e-14 Bohr magnetons
Energy: 10.231130484502833 eV
Magnetic moment: -2.0583408567277542e-14 Bohr magnetons
Energy: 10.231130484502833 eV
Magnetic moment: -2.0583408567277542e-14 Bohr magnetons
Energy: 10.231130484502833 eV
Magnetic moment: -2.0583408567277542e-14 Bohr magnetons
Energy: 10.231130484502833 eV
Magnetic moment: -2.0583408567277542e-14 Bohr magnetons
Energy: 10.231130484502833 eV
Magnetic moment: -2.0583408567277542e-14 Bohr magnetons
Energy: 10.231130484502833 eV
Energy: 10.231130484502833 eV
Energy: 10.231130484502833 eV
Magnetic moment: -2.0583408567277542e-14 Bohr magnetons
Magnetic moment: -2.0583408567277542e-14 Bohr magnetons
Magnetic moment: -2.0583408567277542e-14 Bohr magnetons
Calculating q=[0.23809524 0.23809524 0.        ]
Calculating q=[0.23809524 0.23809524 0.        ]
Calculating q=[0.23809524 0.23809524 0.        ]
Calculating q=[0.23809524 0.23809524 0.        ]
Calculating q=[0.23809524 0.23809524 0.        ]
Calculating q=[0.23809524 0.23809524 0.        ]
Calculating q=[0.23809524 0.23809524 0.        ]
Calculating q=[0.23809524 0.23809524 0.        ]
Calculating q=[0.23809524 0.23809524 0.        ]
Calculating q=[0.23809524 0.23809524 0.        ]
Calculating q=[0.23809524 0.23809524 0.        ]
Calculating q=[0.23809524 0.23809524 0.        ]
Energy: 9.862499676751563 eV
Magnetic moment: 6.639078945979677e-15 Bohr magnetons
Energy: 9.862499676751563 eV
Magnetic moment: 6.639078945979677e-15 Bohr magnetons
Energy: 9.862499676751563 eV
Magnetic moment: 6.639078945979677e-15 Bohr magnetons
Energy: 9.862499676751563 eV
Magnetic moment: 6.639078945979677e-15 Bohr magnetons
Energy: 9.862499676751563 eV
Magnetic moment: 6.639078945979677e-15 Bohr magnetons
Energy: 9.862499676751563 eV
Magnetic moment: 6.639078945979677e-15 Bohr magnetons
Energy: 9.862499676751563 eV
Magnetic moment: 6.639078945979677e-15 Bohr magnetons
Energy: 9.862499676751563 eV
Magnetic moment: 6.639078945979677e-15 Bohr magnetons
Energy: 9.862499676751563 eV
Magnetic moment: 6.639078945979677e-15 Bohr magnetons
Energy: 9.862499676751563 eV
Energy: 9.862499676751563 eV
Magnetic moment: 6.639078945979677e-15 Bohr magnetons
Energy: 9.862499676751563 eV
Magnetic moment: 6.639078945979677e-15 Bohr magnetons
Magnetic moment: 6.639078945979677e-15 Bohr magnetons
Calculating q=[0.21428571 0.21428571 0.        ]
Calculating q=[0.21428571 0.21428571 0.        ]
Calculating q=[0.21428571 0.21428571 0.        ]
Calculating q=[0.21428571 0.21428571 0.        ]
Calculating q=[0.21428571 0.21428571 0.        ]
Calculating q=[0.21428571 0.21428571 0.        ]
Calculating q=[0.21428571 0.21428571 0.        ]
Calculating q=[0.21428571 0.21428571 0.        ]
Calculating q=[0.21428571 0.21428571 0.        ]
Calculating q=[0.21428571 0.21428571 0.        ]
Calculating q=[0.21428571 0.21428571 0.        ]
Calculating q=[0.21428571 0.21428571 0.        ]
Energy: 9.527782308361385 eV
Magnetic moment: -2.196765276648388e-14 Bohr magnetons
Energy: 9.527782308361385 eV
Magnetic moment: -2.196765276648388e-14 Bohr magnetons
Energy: 9.527782308361385 eV
Magnetic moment: -2.196765276648388e-14 Bohr magnetons
Energy: 9.527782308361385 eV
Magnetic moment: -2.196765276648388e-14 Bohr magnetons
Energy: 9.527782308361385 eV
Magnetic moment: -2.196765276648388e-14 Bohr magnetons
Energy: 9.527782308361385 eV
Magnetic moment: -2.196765276648388e-14 Bohr magnetons
Energy: 9.527782308361385 eV
Magnetic moment: -2.196765276648388e-14 Bohr magnetons
Energy: 9.527782308361385 eV
Magnetic moment: -2.196765276648388e-14 Bohr magnetons
Energy: 9.527782308361385 eV
Magnetic moment: -2.196765276648388e-14 Bohr magnetons
Energy: 9.527782308361385 eV
Energy: 9.527782308361385 eV
Magnetic moment: -2.196765276648388e-14 Bohr magnetons
Energy: 9.527782308361385 eV
Magnetic moment: -2.196765276648388e-14 Bohr magnetons
Magnetic moment: -2.196765276648388e-14 Bohr magnetons
Calculating q=[0.19047619 0.19047619 0.        ]
Calculating q=[0.19047619 0.19047619 0.        ]
Calculating q=[0.19047619 0.19047619 0.        ]
Calculating q=[0.19047619 0.19047619 0.        ]
Calculating q=[0.19047619 0.19047619 0.        ]
Calculating q=[0.19047619 0.19047619 0.        ]
Calculating q=[0.19047619 0.19047619 0.        ]
Calculating q=[0.19047619 0.19047619 0.        ]
Calculating q=[0.19047619 0.19047619 0.        ]
Calculating q=[0.19047619 0.19047619 0.        ]
Calculating q=[0.19047619 0.19047619 0.        ]
Calculating q=[0.19047619 0.19047619 0.        ]
Energy: 9.227716282405515 eV
Magnetic moment: -1.0939673727267265e-14 Bohr magnetons
Energy: 9.227716282405515 eV
Magnetic moment: -1.0939673727267265e-14 Bohr magnetons
Energy: 9.227716282405515 eV
Magnetic moment: -1.0939673727267265e-14 Bohr magnetons
Energy: 9.227716282405515 eV
Magnetic moment: -1.0939673727267265e-14 Bohr magnetons
Energy: 9.227716282405515 eV
Magnetic moment: -1.0939673727267265e-14 Bohr magnetons
Energy: 9.227716282405515 eV
Magnetic moment: -1.0939673727267265e-14 Bohr magnetons
Energy: 9.227716282405515 eV
Magnetic moment: -1.0939673727267265e-14 Bohr magnetons
Energy: 9.227716282405515 eV
Magnetic moment: -1.0939673727267265e-14 Bohr magnetons
Energy: 9.227716282405515 eV
Magnetic moment: -1.0939673727267265e-14 Bohr magnetons
Energy: 9.227716282405515 eV
Energy: 9.227716282405515 eV
Magnetic moment: -1.0939673727267265e-14 Bohr magnetons
Energy: 9.227716282405515 eV
Magnetic moment: -1.0939673727267265e-14 Bohr magnetons
Magnetic moment: -1.0939673727267265e-14 Bohr magnetons
Calculating q=[0.16666667 0.16666667 0.        ]
Calculating q=[0.16666667 0.16666667 0.        ]
Calculating q=[0.16666667 0.16666667 0.        ]
Calculating q=[0.16666667 0.16666667 0.        ]
Calculating q=[0.16666667 0.16666667 0.        ]
Calculating q=[0.16666667 0.16666667 0.        ]
Calculating q=[0.16666667 0.16666667 0.        ]
Calculating q=[0.16666667 0.16666667 0.        ]
Calculating q=[0.16666667 0.16666667 0.        ]
Calculating q=[0.16666667 0.16666667 0.        ]
Calculating q=[0.16666667 0.16666667 0.        ]
Calculating q=[0.16666667 0.16666667 0.        ]
Energy: 8.962916619306554 eV
Magnetic moment: -1.7647181041268598e-14 Bohr magnetons
Energy: 8.962916619306554 eV
Magnetic moment: -1.7647181041268598e-14 Bohr magnetons
Energy: 8.962916619306554 eV
Magnetic moment: -1.7647181041268598e-14 Bohr magnetons
Energy: 8.962916619306554 eV
Magnetic moment: -1.7647181041268598e-14 Bohr magnetons
Energy: 8.962916619306554 eV
Magnetic moment: -1.7647181041268598e-14 Bohr magnetons
Energy: 8.962916619306554 eV
Magnetic moment: -1.7647181041268598e-14 Bohr magnetons
Energy: 8.962916619306554 eV
Magnetic moment: -1.7647181041268598e-14 Bohr magnetons
Energy: 8.962916619306554 eV
Magnetic moment: -1.7647181041268598e-14 Bohr magnetons
Energy: 8.962916619306554 eV
Magnetic moment: -1.7647181041268598e-14 Bohr magnetons
Energy: 8.962916619306554 eV
Energy: 8.962916619306554 eV
Magnetic moment: -1.7647181041268598e-14 Bohr magnetons
Energy: 8.962916619306554 eV
Magnetic moment: -1.7647181041268598e-14 Bohr magnetons
Magnetic moment: -1.7647181041268598e-14 Bohr magnetons
Calculating q=[0.14285714 0.14285714 0.        ]
Calculating q=[0.14285714 0.14285714 0.        ]
Calculating q=[0.14285714 0.14285714 0.        ]
Calculating q=[0.14285714 0.14285714 0.        ]
Calculating q=[0.14285714 0.14285714 0.        ]
Calculating q=[0.14285714 0.14285714 0.        ]
Calculating q=[0.14285714 0.14285714 0.        ]
Calculating q=[0.14285714 0.14285714 0.        ]
Calculating q=[0.14285714 0.14285714 0.        ]
Calculating q=[0.14285714 0.14285714 0.        ]
Calculating q=[0.14285714 0.14285714 0.        ]
Calculating q=[0.14285714 0.14285714 0.        ]
Energy: 8.733763848768456 eV
Magnetic moment: -2.755914772269522e-15 Bohr magnetons
Energy: 8.733763848768456 eV
Magnetic moment: -2.755914772269522e-15 Bohr magnetons
Energy: 8.733763848768456 eV
Magnetic moment: -2.755914772269522e-15 Bohr magnetons
Energy: 8.733763848768456 eV
Magnetic moment: -2.755914772269522e-15 Bohr magnetons
Energy: 8.733763848768456 eV
Magnetic moment: -2.755914772269522e-15 Bohr magnetons
Energy: 8.733763848768456 eV
Magnetic moment: -2.755914772269522e-15 Bohr magnetons
Energy: 8.733763848768456 eV
Magnetic moment: -2.755914772269522e-15 Bohr magnetons
Energy: 8.733763848768456 eV
Magnetic moment: -2.755914772269522e-15 Bohr magnetons
Energy: 8.733763848768456 eV
Magnetic moment: -2.755914772269522e-15 Bohr magnetons
Energy: 8.733763848768456 eV
Energy: 8.733763848768456 eV
Energy: 8.733763848768456 eV
Magnetic moment: -2.755914772269522e-15 Bohr magnetons
Magnetic moment: -2.755914772269522e-15 Bohr magnetons
Magnetic moment: -2.755914772269522e-15 Bohr magnetons
Calculating q=[0.11904762 0.11904762 0.        ]
Calculating q=[0.11904762 0.11904762 0.        ]
Calculating q=[0.11904762 0.11904762 0.        ]
Calculating q=[0.11904762 0.11904762 0.        ]
Calculating q=[0.11904762 0.11904762 0.        ]
Calculating q=[0.11904762 0.11904762 0.        ]
Calculating q=[0.11904762 0.11904762 0.        ]
Calculating q=[0.11904762 0.11904762 0.        ]
Calculating q=[0.11904762 0.11904762 0.        ]
Calculating q=[0.11904762 0.11904762 0.        ]
Calculating q=[0.11904762 0.11904762 0.        ]
Calculating q=[0.11904762 0.11904762 0.        ]
Energy: 8.540443588205976 eV
Magnetic moment: 4.0771989299117386e-15 Bohr magnetons
Energy: 8.540443588205976 eV
Magnetic moment: 4.0771989299117386e-15 Bohr magnetons
Energy: 8.540443588205976 eV
Magnetic moment: 4.0771989299117386e-15 Bohr magnetons
Energy: 8.540443588205976 eV
Magnetic moment: 4.0771989299117386e-15 Bohr magnetons
Energy: 8.540443588205976 eV
Magnetic moment: 4.0771989299117386e-15 Bohr magnetons
Energy: 8.540443588205976 eV
Magnetic moment: 4.0771989299117386e-15 Bohr magnetons
Energy: 8.540443588205976 eV
Magnetic moment: 4.0771989299117386e-15 Bohr magnetons
Energy: 8.540443588205976 eV
Magnetic moment: 4.0771989299117386e-15 Bohr magnetons
Energy: 8.540443588205976 eV
Magnetic moment: 4.0771989299117386e-15 Bohr magnetons
Energy: 8.540443588205976 eV
Energy: 8.540443588205976 eV
Magnetic moment: 4.0771989299117386e-15 Bohr magnetons
Energy: 8.540443588205976 eV
Magnetic moment: 4.0771989299117386e-15 Bohr magnetons
Calculating q=[0.0952381 0.0952381 0.       ]
Magnetic moment: 4.0771989299117386e-15 Bohr magnetons
Calculating q=[0.0952381 0.0952381 0.       ]
Calculating q=[0.0952381 0.0952381 0.       ]
Calculating q=[0.0952381 0.0952381 0.       ]
Calculating q=[0.0952381 0.0952381 0.       ]
Calculating q=[0.0952381 0.0952381 0.       ]
Calculating q=[0.0952381 0.0952381 0.       ]
Calculating q=[0.0952381 0.0952381 0.       ]
Calculating q=[0.0952381 0.0952381 0.       ]
Calculating q=[0.0952381 0.0952381 0.       ]
Calculating q=[0.0952381 0.0952381 0.       ]
Calculating q=[0.0952381 0.0952381 0.       ]
Energy: 8.382911464390268 eV
Magnetic moment: 1.4216055933031423e-15 Bohr magnetons
Energy: 8.382911464390268 eV
Magnetic moment: 1.4216055933031423e-15 Bohr magnetons
Energy: 8.382911464390268 eV
Magnetic moment: 1.4216055933031423e-15 Bohr magnetons
Energy: 8.382911464390268 eV
Magnetic moment: 1.4216055933031423e-15 Bohr magnetons
Energy: 8.382911464390268 eV
Magnetic moment: 1.4216055933031423e-15 Bohr magnetons
Energy: 8.382911464390268 eV
Magnetic moment: 1.4216055933031423e-15 Bohr magnetons
Energy: 8.382911464390268 eV
Magnetic moment: 1.4216055933031423e-15 Bohr magnetons
Energy: 8.382911464390268 eV
Magnetic moment: 1.4216055933031423e-15 Bohr magnetons
Energy: 8.382911464390268 eV
Magnetic moment: 1.4216055933031423e-15 Bohr magnetons
Energy: 8.382911464390268 eV
Energy: 8.382911464390268 eV
Magnetic moment: 1.4216055933031423e-15 Bohr magnetons
Energy: 8.382911464390268 eV
Magnetic moment: 1.4216055933031423e-15 Bohr magnetons
Magnetic moment: 1.4216055933031423e-15 Bohr magnetons
Calculating q=[0.07142857 0.07142857 0.        ]
Calculating q=[0.07142857 0.07142857 0.        ]
Calculating q=[0.07142857 0.07142857 0.        ]
Calculating q=[0.07142857 0.07142857 0.        ]
Calculating q=[0.07142857 0.07142857 0.        ]
Calculating q=[0.07142857 0.07142857 0.        ]
Calculating q=[0.07142857 0.07142857 0.        ]
Calculating q=[0.07142857 0.07142857 0.        ]
Calculating q=[0.07142857 0.07142857 0.        ]
Calculating q=[0.07142857 0.07142857 0.        ]
Calculating q=[0.07142857 0.07142857 0.        ]
Calculating q=[0.07142857 0.07142857 0.        ]
Energy: 8.260952783346479 eV
Magnetic moment: -1.210553318576223e-14 Bohr magnetons
Energy: 8.260952783346479 eV
Magnetic moment: -1.210553318576223e-14 Bohr magnetons
Energy: 8.260952783346479 eV
Magnetic moment: -1.210553318576223e-14 Bohr magnetons
Energy: 8.260952783346479 eV
Magnetic moment: -1.210553318576223e-14 Bohr magnetons
Energy: 8.260952783346479 eV
Magnetic moment: -1.210553318576223e-14 Bohr magnetons
Energy: 8.260952783346479 eV
Magnetic moment: -1.210553318576223e-14 Bohr magnetons
Energy: 8.260952783346479 eV
Magnetic moment: -1.210553318576223e-14 Bohr magnetons
Energy: 8.260952783346479 eV
Magnetic moment: -1.210553318576223e-14 Bohr magnetons
Energy: 8.260952783346479 eV
Magnetic moment: -1.210553318576223e-14 Bohr magnetons
Energy: 8.260952783346479 eV
Energy: 8.260952783346479 eV
Magnetic moment: -1.210553318576223e-14 Bohr magnetons
Energy: 8.260952783346479 eV
Magnetic moment: -1.210553318576223e-14 Bohr magnetons
Magnetic moment: -1.210553318576223e-14 Bohr magnetons
Calculating q=[0.04761905 0.04761905 0.        ]
Calculating q=[0.04761905 0.04761905 0.        ]
Calculating q=[0.04761905 0.04761905 0.        ]
Calculating q=[0.04761905 0.04761905 0.        ]
Calculating q=[0.04761905 0.04761905 0.        ]
Calculating q=[0.04761905 0.04761905 0.        ]
Calculating q=[0.04761905 0.04761905 0.        ]
Calculating q=[0.04761905 0.04761905 0.        ]
Calculating q=[0.04761905 0.04761905 0.        ]
Calculating q=[0.04761905 0.04761905 0.        ]
Calculating q=[0.04761905 0.04761905 0.        ]
Calculating q=[0.04761905 0.04761905 0.        ]
Energy: 8.174219393566734 eV
Magnetic moment: -9.186617670516833e-15 Bohr magnetons
Energy: 8.174219393566734 eV
Magnetic moment: -9.186617670516833e-15 Bohr magnetons
Energy: 8.174219393566734 eV
Magnetic moment: -9.186617670516833e-15 Bohr magnetons
Energy: 8.174219393566734 eV
Magnetic moment: -9.186617670516833e-15 Bohr magnetons
Energy: 8.174219393566734 eV
Magnetic moment: -9.186617670516833e-15 Bohr magnetons
Energy: 8.174219393566734 eV
Magnetic moment: -9.186617670516833e-15 Bohr magnetons
Energy: 8.174219393566734 eV
Magnetic moment: -9.186617670516833e-15 Bohr magnetons
Energy: 8.174219393566734 eV
Magnetic moment: -9.186617670516833e-15 Bohr magnetons
Energy: 8.174219393566734 eV
Magnetic moment: -9.186617670516833e-15 Bohr magnetons
Energy: 8.174219393566734 eV
Energy: 8.174219393566734 eV
Magnetic moment: -9.186617670516833e-15 Bohr magnetons
Energy: 8.174219393566734 eV
Magnetic moment: -9.186617670516833e-15 Bohr magnetons
Magnetic moment: -9.186617670516833e-15 Bohr magnetons
Calculating q=[0.02380952 0.02380952 0.        ]
Calculating q=[0.02380952 0.02380952 0.        ]
Calculating q=[0.02380952 0.02380952 0.        ]
Calculating q=[0.02380952 0.02380952 0.        ]
Calculating q=[0.02380952 0.02380952 0.        ]
Calculating q=[0.02380952 0.02380952 0.        ]
Calculating q=[0.02380952 0.02380952 0.        ]
Calculating q=[0.02380952 0.02380952 0.        ]
Calculating q=[0.02380952 0.02380952 0.        ]
Calculating q=[0.02380952 0.02380952 0.        ]
Calculating q=[0.02380952 0.02380952 0.        ]
Calculating q=[0.02380952 0.02380952 0.        ]
Energy: 8.122377137088572 eV
Magnetic moment: -1.632726992228643e-15 Bohr magnetons
Energy: 8.122377137088572 eV
Magnetic moment: -1.632726992228643e-15 Bohr magnetons
Energy: 8.122377137088572 eV
Magnetic moment: -1.632726992228643e-15 Bohr magnetons
Energy: 8.122377137088572 eV
Magnetic moment: -1.632726992228643e-15 Bohr magnetons
Energy: 8.122377137088572 eV
Magnetic moment: -1.632726992228643e-15 Bohr magnetons
Energy: 8.122377137088572 eV
Magnetic moment: -1.632726992228643e-15 Bohr magnetons
Energy: 8.122377137088572 eV
Magnetic moment: -1.632726992228643e-15 Bohr magnetons
Energy: 8.122377137088572 eV
Magnetic moment: -1.632726992228643e-15 Bohr magnetons
Energy: 8.122377137088572 eV
Magnetic moment: -1.632726992228643e-15 Bohr magnetons
Energy: 8.122377137088572 eV
Energy: 8.122377137088572 eV
Magnetic moment: -1.632726992228643e-15 Bohr magnetons
Energy: 8.122377137088572 eV
Magnetic moment: -1.632726992228643e-15 Bohr magnetons
Magnetic moment: -1.632726992228643e-15 Bohr magnetons
Calculating q=[0. 0. 0.]
Calculating q=[0. 0. 0.]
Calculating q=[0. 0. 0.]
Calculating q=[0. 0. 0.]
Calculating q=[0. 0. 0.]
Calculating q=[0. 0. 0.]
Calculating q=[0. 0. 0.]
Calculating q=[0. 0. 0.]
Calculating q=[0. 0. 0.]
Calculating q=[0. 0. 0.]
Calculating q=[0. 0. 0.]
Calculating q=[0. 0. 0.]
Energy: 8.105128621714487 eV
Magnetic moment: -2.6559856149356203e-15 Bohr magnetons
Energy: 8.105128621714487 eV
Magnetic moment: -2.6559856149356203e-15 Bohr magnetons
Energy: 8.105128621714487 eV
Magnetic moment: -2.6559856149356203e-15 Bohr magnetons
Energy: 8.105128621714487 eV
Magnetic moment: -2.6559856149356203e-15 Bohr magnetons
Energy: 8.105128621714487 eV
Magnetic moment: -2.6559856149356203e-15 Bohr magnetons
Energy: 8.105128621714487 eV
Magnetic moment: -2.6559856149356203e-15 Bohr magnetons
Energy: 8.105128621714487 eV
Magnetic moment: -2.6559856149356203e-15 Bohr magnetons
Energy: 8.105128621714487 eV
Magnetic moment: -2.6559856149356203e-15 Bohr magnetons
Energy: 8.105128621714487 eV
Magnetic moment: -2.6559856149356203e-15 Bohr magnetons
Energy: 8.105128621714487 eV
Energy: 8.105128621714487 eV
Magnetic moment: -2.6559856149356203e-15 Bohr magnetons
Energy: 8.105128621714487 eV
Magnetic moment: -2.6559856149356203e-15 Bohr magnetons
Magnetic moment: -2.6559856149356203e-15 Bohr magnetons

------------------------------------------------------------
Sender: LSF System <lsfadmin@hpc.dtu.dk>
Subject: Job 21535507: <plot_1.py> in cluster <dcc> Done

Job <plot_1.py> was submitted from host <n-62-30-1> by user <s194113> in cluster <dcc> at Sun Apr 21 14:06:25 2024
Job was executed on host(s) <12*n-62-29-33>, in queue <hpc>, as user <s194113> in cluster <dcc> at Sun Apr 21 14:06:26 2024
</zhome/87/8/147075> was used as the home directory.
</zhome/87/8/147075/10302/10302_NM/VBr2/E_con> was used as the working directory.
Started at Sun Apr 21 14:06:26 2024
Terminated at Sun Apr 21 14:48:40 2024
Results reported at Sun Apr 21 14:48:40 2024

Your job looked like:

------------------------------------------------------------
# LSBATCH: User input
#!/bin/bash -l
id=$LSB_JOBID
mq=/zhome/87/8/147075/.myqueue/lsf-$id
source /zhome/87/8/147075/venv-name/bin/activate
echo "venv: /zhome/87/8/147075/venv-name/bin/activate"
(touch $mq-0 && \
 cd '/zhome/87/8/147075/10302/10302_NM/VBr2/E_con' && \
 mpiexec python3 plot_1.py && \
 touch $mq-1) || \
(touch $mq-2; exit 1)

------------------------------------------------------------

Successfully completed.

Resource usage summary:

    CPU time :                                   30288.09 sec.
    Max Memory :                                 5769 MB
    Average Memory :                             3609.00 MB
    Total Requested Memory :                     73728.00 MB
    Delta Memory :                               67959.00 MB
    Max Swap :                                   -
    Max Processes :                              17
    Max Threads :                                57
    Run time :                                   2635 sec.
    Turnaround time :                            2535 sec.

The output (if any) is above this job summary.



PS:

Read file </zhome/87/8/147075/10302/10302_NM/VBr2/E_con/plot_1.py.21535507.err> for stderr output of this job.

