venv: /zhome/87/8/147075/venv-name/bin/activate
[1713626022.713496] [n-62-28-30:6237 :0]          ib_md.c:1063 UCX  WARN  IB: ibv_fork_init() was disabled or failed, yet a fork() has been issued.
[1713626022.713526] [n-62-28-30:6237 :0]          ib_md.c:1064 UCX  WARN  IB: data corruption might occur when using registered memory.
[1713626022.713492] [n-62-28-30:6239 :0]          ib_md.c:1063 UCX  WARN  IB: ibv_fork_init() was disabled or failed, yet a fork() has been issued.
[1713626022.713531] [n-62-28-30:6239 :0]          ib_md.c:1064 UCX  WARN  IB: data corruption might occur when using registered memory.
[1713626022.713472] [n-62-28-30:6241 :0]          ib_md.c:1063 UCX  WARN  IB: ibv_fork_init() was disabled or failed, yet a fork() has been issued.
[1713626022.713469] [n-62-28-30:6242 :0]          ib_md.c:1063 UCX  WARN  IB: ibv_fork_init() was disabled or failed, yet a fork() has been issued.
[1713626022.713505] [n-62-28-30:6242 :0]          ib_md.c:1064 UCX  WARN  IB: data corruption might occur when using registered memory.
[1713626022.713485] [n-62-28-30:6243 :0]          ib_md.c:1063 UCX  WARN  IB: ibv_fork_init() was disabled or failed, yet a fork() has been issued.
[1713626022.713516] [n-62-28-30:6243 :0]          ib_md.c:1064 UCX  WARN  IB: data corruption might occur when using registered memory.
[1713626022.713506] [n-62-28-30:6245 :0]          ib_md.c:1063 UCX  WARN  IB: ibv_fork_init() was disabled or failed, yet a fork() has been issued.
[1713626022.713539] [n-62-28-30:6245 :0]          ib_md.c:1064 UCX  WARN  IB: data corruption might occur when using registered memory.
[1713626022.713470] [n-62-28-30:6246 :0]          ib_md.c:1063 UCX  WARN  IB: ibv_fork_init() was disabled or failed, yet a fork() has been issued.
[1713626022.713505] [n-62-28-30:6246 :0]          ib_md.c:1064 UCX  WARN  IB: data corruption might occur when using registered memory.
[1713626022.713488] [n-62-28-30:6248 :0]          ib_md.c:1063 UCX  WARN  IB: ibv_fork_init() was disabled or failed, yet a fork() has been issued.
[1713626022.713524] [n-62-28-30:6248 :0]          ib_md.c:1064 UCX  WARN  IB: data corruption might occur when using registered memory.
[1713626022.713511] [n-62-28-30:6238 :0]          ib_md.c:1063 UCX  WARN  IB: ibv_fork_init() was disabled or failed, yet a fork() has been issued.
[1713626022.713540] [n-62-28-30:6238 :0]          ib_md.c:1064 UCX  WARN  IB: data corruption might occur when using registered memory.
[1713626022.713523] [n-62-28-30:6240 :0]          ib_md.c:1063 UCX  WARN  IB: ibv_fork_init() was disabled or failed, yet a fork() has been issued.
[1713626022.713554] [n-62-28-30:6240 :0]          ib_md.c:1064 UCX  WARN  IB: data corruption might occur when using registered memory.
[1713626022.713549] [n-62-28-30:6241 :0]          ib_md.c:1064 UCX  WARN  IB: data corruption might occur when using registered memory.
[1713626022.713700] [n-62-28-30:6247 :0]          ib_md.c:1063 UCX  WARN  IB: ibv_fork_init() was disabled or failed, yet a fork() has been issued.
[1713626022.713733] [n-62-28-30:6247 :0]          ib_md.c:1064 UCX  WARN  IB: data corruption might occur when using registered memory.
[1713626022.714285] [n-62-28-30:6244 :0]          ib_md.c:1063 UCX  WARN  IB: ibv_fork_init() was disabled or failed, yet a fork() has been issued.
[1713626022.714323] [n-62-28-30:6244 :0]          ib_md.c:1064 UCX  WARN  IB: data corruption might occur when using registered memory.
Calculating ground state
31 q-points in the path
Calculating ground state
Calculating ground state
31 q-points in the path
=====================================
=====================================
31 q-points in the path
=====================================
Calculating ground state
Calculating ground state
31 q-points in the path
=====================================
Calculating ground state
31 q-points in the path
Calculating ground state
=====================================
31 q-points in the path
=====================================
31 q-points in the path
=====================================
Calculating q=[0. 0. 0.]
Calculating ground state
Calculating q=[0. 0. 0.]
Calculating ground state
Calculating q=[0. 0. 0.]
31 q-points in the path
31 q-points in the path
=====================================
Calculating ground state
31 q-points in the path
=====================================
Calculating ground state
Calculating q=[0. 0. 0.]
=====================================
Calculating ground state
31 q-points in the path
=====================================
Calculating q=[0. 0. 0.]
31 q-points in the path
=====================================
Calculating q=[0. 0. 0.]
Calculating q=[0. 0. 0.]
Calculating q=[0. 0. 0.]
Calculating q=[0. 0. 0.]
Calculating q=[0. 0. 0.]
Calculating q=[0. 0. 0.]
Calculating q=[0. 0. 0.]
Energy: -15.53782280662698 eV
Magnetic moment: -4.73878259668996e-11 Bohr magnetons
Energy: -15.53782280662698 eV
Magnetic moment: -4.73878259668996e-11 Bohr magnetons
Energy: -15.53782280662698 eV
Magnetic moment: -4.73878259668996e-11 Bohr magnetons
Energy: -15.53782280662698 eV
Magnetic moment: -4.73878259668996e-11 Bohr magnetons
Energy: -15.53782280662698 eV
Magnetic moment: -4.73878259668996e-11 Bohr magnetons
Energy: -15.53782280662698 eV
Magnetic moment: -4.73878259668996e-11 Bohr magnetons
Energy: -15.53782280662698 eV
Magnetic moment: -4.73878259668996e-11 Bohr magnetons
Energy: -15.53782280662698 eV
Magnetic moment: -4.73878259668996e-11 Bohr magnetons
Energy: -15.53782280662698 eV
Magnetic moment: -4.73878259668996e-11 Bohr magnetons
Energy: -15.53782280662698 eV
Magnetic moment: -4.73878259668996e-11 Bohr magnetons
Energy: -15.53782280662698 eV
Magnetic moment: -4.73878259668996e-11 Bohr magnetons
Energy: -15.53782280662698 eV
Magnetic moment: -4.73878259668996e-11 Bohr magnetons
Calculating q=[0.05 0.   0.  ]
Calculating q=[0.05 0.   0.  ]
Calculating q=[0.05 0.   0.  ]
Calculating q=[0.05 0.   0.  ]
Calculating q=[0.05 0.   0.  ]
Calculating q=[0.05 0.   0.  ]
Calculating q=[0.05 0.   0.  ]
Calculating q=[0.05 0.   0.  ]
Calculating q=[0.05 0.   0.  ]
Calculating q=[0.05 0.   0.  ]
Calculating q=[0.05 0.   0.  ]
Calculating q=[0.05 0.   0.  ]
Energy: -15.539218513592381 eV
Magnetic moment: 9.502746547144983e-15 Bohr magnetons
Energy: -15.539218513592381 eV
Magnetic moment: 9.502746547144983e-15 Bohr magnetons
Energy: -15.539218513592381 eV
Magnetic moment: 9.502746547144983e-15 Bohr magnetons
Energy: -15.539218513592381 eV
Magnetic moment: 9.502746547144983e-15 Bohr magnetons
Energy: -15.539218513592381 eV
Magnetic moment: 9.502746547144983e-15 Bohr magnetons
Energy: -15.539218513592381 eV
Magnetic moment: 9.502746547144983e-15 Bohr magnetons
Energy: -15.539218513592381 eV
Magnetic moment: 9.502746547144983e-15 Bohr magnetons
Energy: -15.539218513592381 eV
Magnetic moment: 9.502746547144983e-15 Bohr magnetons
Energy: -15.539218513592381 eV
Magnetic moment: 9.502746547144983e-15 Bohr magnetons
Energy: -15.539218513592381 eV
Magnetic moment: 9.502746547144983e-15 Bohr magnetons
Energy: -15.539218513592381 eV
Magnetic moment: 9.502746547144983e-15 Bohr magnetons
Energy: -15.539218513592381 eV
Magnetic moment: 9.502746547144983e-15 Bohr magnetons
Calculating q=[0.1 0.  0. ]
Calculating q=[0.1 0.  0. ]
Calculating q=[0.1 0.  0. ]
Calculating q=[0.1 0.  0. ]
Calculating q=[0.1 0.  0. ]
Calculating q=[0.1 0.  0. ]
Calculating q=[0.1 0.  0. ]
Calculating q=[0.1 0.  0. ]
Calculating q=[0.1 0.  0. ]
Calculating q=[0.1 0.  0. ]
Calculating q=[0.1 0.  0. ]
Calculating q=[0.1 0.  0. ]
Energy: -15.543156460860667 eV
Magnetic moment: -2.667854895152429e-15 Bohr magnetons
Energy: -15.543156460860667 eV
Magnetic moment: -2.667854895152429e-15 Bohr magnetons
Energy: -15.543156460860667 eV
Magnetic moment: -2.667854895152429e-15 Bohr magnetons
Energy: -15.543156460860667 eV
Magnetic moment: -2.667854895152429e-15 Bohr magnetons
Energy: -15.543156460860667 eV
Magnetic moment: -2.667854895152429e-15 Bohr magnetons
Energy: -15.543156460860667 eV
Magnetic moment: -2.667854895152429e-15 Bohr magnetons
Energy: -15.543156460860667 eV
Magnetic moment: -2.667854895152429e-15 Bohr magnetons
Energy: -15.543156460860667 eV
Magnetic moment: -2.667854895152429e-15 Bohr magnetons
Energy: -15.543156460860667 eV
Magnetic moment: -2.667854895152429e-15 Bohr magnetons
Energy: -15.543156460860667 eV
Magnetic moment: -2.667854895152429e-15 Bohr magnetons
Energy: -15.543156460860667 eV
Magnetic moment: -2.667854895152429e-15 Bohr magnetons
Energy: -15.543156460860667 eV
Magnetic moment: -2.667854895152429e-15 Bohr magnetons
Calculating q=[0.15 0.   0.  ]
Calculating q=[0.15 0.   0.  ]
Calculating q=[0.15 0.   0.  ]
Calculating q=[0.15 0.   0.  ]
Calculating q=[0.15 0.   0.  ]
Calculating q=[0.15 0.   0.  ]
Calculating q=[0.15 0.   0.  ]
Calculating q=[0.15 0.   0.  ]
Calculating q=[0.15 0.   0.  ]
Calculating q=[0.15 0.   0.  ]
Calculating q=[0.15 0.   0.  ]
Calculating q=[0.15 0.   0.  ]
Energy: -15.548991357161627 eV
Magnetic moment: -8.666312899941939e-16 Bohr magnetons
Energy: -15.548991357161627 eV
Magnetic moment: -8.666312899941939e-16 Bohr magnetons
Energy: -15.548991357161627 eV
Magnetic moment: -8.666312899941939e-16 Bohr magnetons
Energy: -15.548991357161627 eV
Magnetic moment: -8.666312899941939e-16 Bohr magnetons
Energy: -15.548991357161627 eV
Magnetic moment: -8.666312899941939e-16 Bohr magnetons
Energy: -15.548991357161627 eV
Magnetic moment: -8.666312899941939e-16 Bohr magnetons
Energy: -15.548991357161627 eV
Magnetic moment: -8.666312899941939e-16 Bohr magnetons
Energy: -15.548991357161627 eV
Magnetic moment: -8.666312899941939e-16 Bohr magnetons
Energy: -15.548991357161627 eV
Magnetic moment: -8.666312899941939e-16 Bohr magnetons
Energy: -15.548991357161627 eV
Magnetic moment: -8.666312899941939e-16 Bohr magnetons
Energy: -15.548991357161627 eV
Magnetic moment: -8.666312899941939e-16 Bohr magnetons
Energy: -15.548991357161627 eV
Magnetic moment: -8.666312899941939e-16 Bohr magnetons
Calculating q=[0.2 0.  0. ]
Calculating q=[0.2 0.  0. ]
Calculating q=[0.2 0.  0. ]
Calculating q=[0.2 0.  0. ]
Calculating q=[0.2 0.  0. ]
Calculating q=[0.2 0.  0. ]
Calculating q=[0.2 0.  0. ]
Calculating q=[0.2 0.  0. ]
Calculating q=[0.2 0.  0. ]
Calculating q=[0.2 0.  0. ]
Calculating q=[0.2 0.  0. ]
Calculating q=[0.2 0.  0. ]
Energy: -15.555835580738183 eV
Magnetic moment: 5.7988098987590654e-09 Bohr magnetons
Energy: -15.555835580738183 eV
Magnetic moment: 5.7988098987590654e-09 Bohr magnetons
Energy: -15.555835580738183 eV
Magnetic moment: 5.7988098987590654e-09 Bohr magnetons
Energy: -15.555835580738183 eV
Magnetic moment: 5.7988098987590654e-09 Bohr magnetons
Energy: -15.555835580738183 eV
Magnetic moment: 5.7988098987590654e-09 Bohr magnetons
Energy: -15.555835580738183 eV
Magnetic moment: 5.7988098987590654e-09 Bohr magnetons
Energy: -15.555835580738183 eV
Magnetic moment: 5.7988098987590654e-09 Bohr magnetons
Energy: -15.555835580738183 eV
Magnetic moment: 5.7988098987590654e-09 Bohr magnetons
Energy: -15.555835580738183 eV
Magnetic moment: 5.7988098987590654e-09 Bohr magnetons
Energy: -15.555835580738183 eV
Magnetic moment: 5.7988098987590654e-09 Bohr magnetons
Energy: -15.555835580738183 eV
Magnetic moment: 5.7988098987590654e-09 Bohr magnetons
Energy: -15.555835580738183 eV
Magnetic moment: 5.7988098987590654e-09 Bohr magnetons
Calculating q=[0.25 0.   0.  ]
Calculating q=[0.25 0.   0.  ]
Calculating q=[0.25 0.   0.  ]
Calculating q=[0.25 0.   0.  ]
Calculating q=[0.25 0.   0.  ]
Calculating q=[0.25 0.   0.  ]
Calculating q=[0.25 0.   0.  ]
Calculating q=[0.25 0.   0.  ]
Calculating q=[0.25 0.   0.  ]
Calculating q=[0.25 0.   0.  ]
Calculating q=[0.25 0.   0.  ]
Calculating q=[0.25 0.   0.  ]
Energy: -15.562789270882824 eV
Magnetic moment: 2.5292228497618723e-11 Bohr magnetons
Energy: -15.562789270882824 eV
Magnetic moment: 2.5292228497618723e-11 Bohr magnetons
Energy: -15.562789270882824 eV
Magnetic moment: 2.5292228497618723e-11 Bohr magnetons
Energy: -15.562789270882824 eV
Magnetic moment: 2.5292228497618723e-11 Bohr magnetons
Energy: -15.562789270882824 eV
Magnetic moment: 2.5292228497618723e-11 Bohr magnetons
Energy: -15.562789270882824 eV
Magnetic moment: 2.5292228497618723e-11 Bohr magnetons
Energy: -15.562789270882824 eV
Magnetic moment: 2.5292228497618723e-11 Bohr magnetons
Energy: -15.562789270882824 eV
Magnetic moment: 2.5292228497618723e-11 Bohr magnetons
Energy: -15.562789270882824 eV
Magnetic moment: 2.5292228497618723e-11 Bohr magnetons
Energy: -15.562789270882824 eV
Magnetic moment: 2.5292228497618723e-11 Bohr magnetons
Energy: -15.562789270882824 eV
Magnetic moment: 2.5292228497618723e-11 Bohr magnetons
Energy: -15.562789270882824 eV
Magnetic moment: 2.5292228497618723e-11 Bohr magnetons
Calculating q=[0.3 0.  0. ]
Calculating q=[0.3 0.  0. ]
Calculating q=[0.3 0.  0. ]
Calculating q=[0.3 0.  0. ]
Calculating q=[0.3 0.  0. ]
Calculating q=[0.3 0.  0. ]
Calculating q=[0.3 0.  0. ]
Calculating q=[0.3 0.  0. ]
Calculating q=[0.3 0.  0. ]
Calculating q=[0.3 0.  0. ]
Calculating q=[0.3 0.  0. ]
Calculating q=[0.3 0.  0. ]
Energy: -15.569101413812799 eV
Magnetic moment: 6.012745369653659e-15 Bohr magnetons
Energy: -15.569101413812799 eV
Magnetic moment: 6.012745369653659e-15 Bohr magnetons
Energy: -15.569101413812799 eV
Magnetic moment: 6.012745369653659e-15 Bohr magnetons
Energy: -15.569101413812799 eV
Magnetic moment: 6.012745369653659e-15 Bohr magnetons
Energy: -15.569101413812799 eV
Magnetic moment: 6.012745369653659e-15 Bohr magnetons
Energy: -15.569101413812799 eV
Magnetic moment: 6.012745369653659e-15 Bohr magnetons
Energy: -15.569101413812799 eV
Magnetic moment: 6.012745369653659e-15 Bohr magnetons
Energy: -15.569101413812799 eV
Magnetic moment: 6.012745369653659e-15 Bohr magnetons
Energy: -15.569101413812799 eV
Magnetic moment: 6.012745369653659e-15 Bohr magnetons
Energy: -15.569101413812799 eV
Magnetic moment: 6.012745369653659e-15 Bohr magnetons
Energy: -15.569101413812799 eV
Magnetic moment: 6.012745369653659e-15 Bohr magnetons
Energy: -15.569101413812799 eV
Magnetic moment: 6.012745369653659e-15 Bohr magnetons
Calculating q=[0.35 0.   0.  ]
Calculating q=[0.35 0.   0.  ]
Calculating q=[0.35 0.   0.  ]
Calculating q=[0.35 0.   0.  ]
Calculating q=[0.35 0.   0.  ]
Calculating q=[0.35 0.   0.  ]
Calculating q=[0.35 0.   0.  ]
Calculating q=[0.35 0.   0.  ]
Calculating q=[0.35 0.   0.  ]
Calculating q=[0.35 0.   0.  ]
Calculating q=[0.35 0.   0.  ]
Calculating q=[0.35 0.   0.  ]
Energy: -15.574263748975339 eV
Magnetic moment: 1.334774095694504e-13 Bohr magnetons
Energy: -15.574263748975339 eV
Magnetic moment: 1.334774095694504e-13 Bohr magnetons
Energy: -15.574263748975339 eV
Magnetic moment: 1.334774095694504e-13 Bohr magnetons
Energy: -15.574263748975339 eV
Magnetic moment: 1.334774095694504e-13 Bohr magnetons
Energy: -15.574263748975339 eV
Magnetic moment: 1.334774095694504e-13 Bohr magnetons
Energy: -15.574263748975339 eV
Magnetic moment: 1.334774095694504e-13 Bohr magnetons
Energy: -15.574263748975339 eV
Magnetic moment: 1.334774095694504e-13 Bohr magnetons
Energy: -15.574263748975339 eV
Magnetic moment: 1.334774095694504e-13 Bohr magnetons
Energy: -15.574263748975339 eV
Magnetic moment: 1.334774095694504e-13 Bohr magnetons
Energy: -15.574263748975339 eV
Magnetic moment: 1.334774095694504e-13 Bohr magnetons
Energy: -15.574263748975339 eV
Magnetic moment: 1.334774095694504e-13 Bohr magnetons
Energy: -15.574263748975339 eV
Magnetic moment: 1.334774095694504e-13 Bohr magnetons
Calculating q=[0.4 0.  0. ]
Calculating q=[0.4 0.  0. ]
Calculating q=[0.4 0.  0. ]
Calculating q=[0.4 0.  0. ]
Calculating q=[0.4 0.  0. ]
Calculating q=[0.4 0.  0. ]
Calculating q=[0.4 0.  0. ]
Calculating q=[0.4 0.  0. ]
Calculating q=[0.4 0.  0. ]
Calculating q=[0.4 0.  0. ]
Calculating q=[0.4 0.  0. ]
Calculating q=[0.4 0.  0. ]
Energy: -15.57801169023868 eV
Magnetic moment: 7.831755139040085e-15 Bohr magnetons
Energy: -15.57801169023868 eV
Magnetic moment: 7.831755139040085e-15 Bohr magnetons
Energy: -15.57801169023868 eV
Magnetic moment: 7.831755139040085e-15 Bohr magnetons
Energy: -15.57801169023868 eV
Magnetic moment: 7.831755139040085e-15 Bohr magnetons
Energy: -15.57801169023868 eV
Magnetic moment: 7.831755139040085e-15 Bohr magnetons
Energy: -15.57801169023868 eV
Magnetic moment: 7.831755139040085e-15 Bohr magnetons
Energy: -15.57801169023868 eV
Magnetic moment: 7.831755139040085e-15 Bohr magnetons
Energy: -15.57801169023868 eV
Magnetic moment: 7.831755139040085e-15 Bohr magnetons
Energy: -15.57801169023868 eV
Magnetic moment: 7.831755139040085e-15 Bohr magnetons
Energy: -15.57801169023868 eV
Magnetic moment: 7.831755139040085e-15 Bohr magnetons
Energy: -15.57801169023868 eV
Magnetic moment: 7.831755139040085e-15 Bohr magnetons
Energy: -15.57801169023868 eV
Magnetic moment: 7.831755139040085e-15 Bohr magnetons
Calculating q=[0.45 0.   0.  ]
Calculating q=[0.45 0.   0.  ]
Calculating q=[0.45 0.   0.  ]
Calculating q=[0.45 0.   0.  ]
Calculating q=[0.45 0.   0.  ]
Calculating q=[0.45 0.   0.  ]
Calculating q=[0.45 0.   0.  ]
Calculating q=[0.45 0.   0.  ]
Calculating q=[0.45 0.   0.  ]
Calculating q=[0.45 0.   0.  ]
Calculating q=[0.45 0.   0.  ]
Calculating q=[0.45 0.   0.  ]
Energy: -15.580257288265578 eV
Magnetic moment: -6.789829904940232e-12 Bohr magnetons
Energy: -15.580257288265578 eV
Magnetic moment: -6.789829904940232e-12 Bohr magnetons
Energy: -15.580257288265578 eV
Magnetic moment: -6.789829904940232e-12 Bohr magnetons
Energy: -15.580257288265578 eV
Magnetic moment: -6.789829904940232e-12 Bohr magnetons
Energy: -15.580257288265578 eV
Magnetic moment: -6.789829904940232e-12 Bohr magnetons
Energy: -15.580257288265578 eV
Magnetic moment: -6.789829904940232e-12 Bohr magnetons
Energy: -15.580257288265578 eV
Magnetic moment: -6.789829904940232e-12 Bohr magnetons
Energy: -15.580257288265578 eV
Magnetic moment: -6.789829904940232e-12 Bohr magnetons
Energy: -15.580257288265578 eV
Magnetic moment: -6.789829904940232e-12 Bohr magnetons
Energy: -15.580257288265578 eV
Magnetic moment: -6.789829904940232e-12 Bohr magnetons
Energy: -15.580257288265578 eV
Magnetic moment: -6.789829904940232e-12 Bohr magnetons
Energy: -15.580257288265578 eV
Magnetic moment: -6.789829904940232e-12 Bohr magnetons
Calculating q=[0.5 0.  0. ]
Calculating q=[0.5 0.  0. ]
Calculating q=[0.5 0.  0. ]
Calculating q=[0.5 0.  0. ]
Calculating q=[0.5 0.  0. ]
Calculating q=[0.5 0.  0. ]
Calculating q=[0.5 0.  0. ]
Calculating q=[0.5 0.  0. ]
Calculating q=[0.5 0.  0. ]
Calculating q=[0.5 0.  0. ]
Calculating q=[0.5 0.  0. ]
Calculating q=[0.5 0.  0. ]
Energy: -15.58099641078948 eV
Magnetic moment: -8.563946562381291e-13 Bohr magnetons
Energy: -15.58099641078948 eV
Magnetic moment: -8.563946562381291e-13 Bohr magnetons
Energy: -15.58099641078948 eV
Magnetic moment: -8.563946562381291e-13 Bohr magnetons
Energy: -15.58099641078948 eV
Magnetic moment: -8.563946562381291e-13 Bohr magnetons
Energy: -15.58099641078948 eV
Magnetic moment: -8.563946562381291e-13 Bohr magnetons
Energy: -15.58099641078948 eV
Magnetic moment: -8.563946562381291e-13 Bohr magnetons
Energy: -15.58099641078948 eV
Magnetic moment: -8.563946562381291e-13 Bohr magnetons
Energy: -15.58099641078948 eV
Magnetic moment: -8.563946562381291e-13 Bohr magnetons
Energy: -15.58099641078948 eV
Magnetic moment: -8.563946562381291e-13 Bohr magnetons
Energy: -15.58099641078948 eV
Magnetic moment: -8.563946562381291e-13 Bohr magnetons
Energy: -15.58099641078948 eV
Magnetic moment: -8.563946562381291e-13 Bohr magnetons
Calculating q=[0.47222222 0.05555556 0.        ]
Calculating q=[0.47222222 0.05555556 0.        ]
Calculating q=[0.47222222 0.05555556 0.        ]
Calculating q=[0.47222222 0.05555556 0.        ]
Calculating q=[0.47222222 0.05555556 0.        ]
Calculating q=[0.47222222 0.05555556 0.        ]
Calculating q=[0.47222222 0.05555556 0.        ]
Energy: -15.58099641078948 eV
Magnetic moment: -8.563946562381291e-13 Bohr magnetons
Calculating q=[0.47222222 0.05555556 0.        ]
Calculating q=[0.47222222 0.05555556 0.        ]
Calculating q=[0.47222222 0.05555556 0.        ]
Calculating q=[0.47222222 0.05555556 0.        ]
Calculating q=[0.47222222 0.05555556 0.        ]
Energy: -15.581576462520875 eV
Magnetic moment: -1.5110714100148324e-15 Bohr magnetons
Energy: -15.581576462520875 eV
Magnetic moment: -1.5110714100148324e-15 Bohr magnetons
Energy: -15.581576462520875 eV
Magnetic moment: -1.5110714100148324e-15 Bohr magnetons
Energy: -15.581576462520875 eV
Magnetic moment: -1.5110714100148324e-15 Bohr magnetons
Energy: -15.581576462520875 eV
Magnetic moment: -1.5110714100148324e-15 Bohr magnetons
Energy: -15.581576462520875 eV
Magnetic moment: -1.5110714100148324e-15 Bohr magnetons
Energy: -15.581576462520875 eV
Magnetic moment: -1.5110714100148324e-15 Bohr magnetons
Energy: -15.581576462520875 eV
Magnetic moment: -1.5110714100148324e-15 Bohr magnetons
Energy: -15.581576462520875 eV
Magnetic moment: -1.5110714100148324e-15 Bohr magnetons
Energy: -15.581576462520875 eV
Magnetic moment: -1.5110714100148324e-15 Bohr magnetons
Energy: -15.581576462520875 eV
Magnetic moment: -1.5110714100148324e-15 Bohr magnetons
Energy: -15.581576462520875 eV
Magnetic moment: -1.5110714100148324e-15 Bohr magnetons
Calculating q=[0.44444444 0.11111111 0.        ]
Calculating q=[0.44444444 0.11111111 0.        ]
Calculating q=[0.44444444 0.11111111 0.        ]
Calculating q=[0.44444444 0.11111111 0.        ]
Calculating q=[0.44444444 0.11111111 0.        ]
Calculating q=[0.44444444 0.11111111 0.        ]
Calculating q=[0.44444444 0.11111111 0.        ]
Calculating q=[0.44444444 0.11111111 0.        ]
Calculating q=[0.44444444 0.11111111 0.        ]
Calculating q=[0.44444444 0.11111111 0.        ]
Calculating q=[0.44444444 0.11111111 0.        ]
Calculating q=[0.44444444 0.11111111 0.        ]
Energy: -15.583145188035127 eV
Magnetic moment: 1.7127651113533352e-15 Bohr magnetons
Energy: -15.583145188035127 eV
Magnetic moment: 1.7127651113533352e-15 Bohr magnetons
Energy: -15.583145188035127 eV
Magnetic moment: 1.7127651113533352e-15 Bohr magnetons
Energy: -15.583145188035127 eV
Magnetic moment: 1.7127651113533352e-15 Bohr magnetons
Energy: -15.583145188035127 eV
Magnetic moment: 1.7127651113533352e-15 Bohr magnetons
Energy: -15.583145188035127 eV
Magnetic moment: 1.7127651113533352e-15 Bohr magnetons
Energy: -15.583145188035127 eV
Magnetic moment: 1.7127651113533352e-15 Bohr magnetons
Energy: -15.583145188035127 eV
Magnetic moment: 1.7127651113533352e-15 Bohr magnetons
Energy: -15.583145188035127 eV
Magnetic moment: 1.7127651113533352e-15 Bohr magnetons
Energy: -15.583145188035127 eV
Magnetic moment: 1.7127651113533352e-15 Bohr magnetons
Energy: -15.583145188035127 eV
Magnetic moment: 1.7127651113533352e-15 Bohr magnetons
Energy: -15.583145188035127 eV
Magnetic moment: 1.7127651113533352e-15 Bohr magnetons
Calculating q=[0.41666667 0.16666667 0.        ]
Calculating q=[0.41666667 0.16666667 0.        ]
Calculating q=[0.41666667 0.16666667 0.        ]
Calculating q=[0.41666667 0.16666667 0.        ]
Calculating q=[0.41666667 0.16666667 0.        ]
Calculating q=[0.41666667 0.16666667 0.        ]
Calculating q=[0.41666667 0.16666667 0.        ]
Calculating q=[0.41666667 0.16666667 0.        ]
Calculating q=[0.41666667 0.16666667 0.        ]
Calculating q=[0.41666667 0.16666667 0.        ]
Calculating q=[0.41666667 0.16666667 0.        ]
Calculating q=[0.41666667 0.16666667 0.        ]
Energy: -15.585246400253011 eV
Magnetic moment: -2.804279324682178e-15 Bohr magnetons
Energy: -15.585246400253011 eV
Magnetic moment: -2.804279324682178e-15 Bohr magnetons
Energy: -15.585246400253011 eV
Magnetic moment: -2.804279324682178e-15 Bohr magnetons
Energy: -15.585246400253011 eV
Magnetic moment: -2.804279324682178e-15 Bohr magnetons
Energy: -15.585246400253011 eV
Magnetic moment: -2.804279324682178e-15 Bohr magnetons
Energy: -15.585246400253011 eV
Magnetic moment: -2.804279324682178e-15 Bohr magnetons
Energy: -15.585246400253011 eV
Magnetic moment: -2.804279324682178e-15 Bohr magnetons
Energy: -15.585246400253011 eV
Magnetic moment: -2.804279324682178e-15 Bohr magnetons
Energy: -15.585246400253011 eV
Magnetic moment: -2.804279324682178e-15 Bohr magnetons
Energy: -15.585246400253011 eV
Magnetic moment: -2.804279324682178e-15 Bohr magnetons
Energy: -15.585246400253011 eV
Magnetic moment: -2.804279324682178e-15 Bohr magnetons
Energy: -15.585246400253011 eV
Magnetic moment: -2.804279324682178e-15 Bohr magnetons
Calculating q=[0.38888889 0.22222222 0.        ]
Calculating q=[0.38888889 0.22222222 0.        ]
Calculating q=[0.38888889 0.22222222 0.        ]
Calculating q=[0.38888889 0.22222222 0.        ]
Calculating q=[0.38888889 0.22222222 0.        ]
Calculating q=[0.38888889 0.22222222 0.        ]
Calculating q=[0.38888889 0.22222222 0.        ]
Calculating q=[0.38888889 0.22222222 0.        ]
Calculating q=[0.38888889 0.22222222 0.        ]
Calculating q=[0.38888889 0.22222222 0.        ]
Calculating q=[0.38888889 0.22222222 0.        ]
Calculating q=[0.38888889 0.22222222 0.        ]
Energy: -15.587302171966726 eV
Magnetic moment: 5.660353283995879e-16 Bohr magnetons
Energy: -15.587302171966726 eV
Magnetic moment: 5.660353283995879e-16 Bohr magnetons
Energy: -15.587302171966726 eV
Magnetic moment: 5.660353283995879e-16 Bohr magnetons
Energy: -15.587302171966726 eV
Magnetic moment: 5.660353283995879e-16 Bohr magnetons
Energy: -15.587302171966726 eV
Magnetic moment: 5.660353283995879e-16 Bohr magnetons
Energy: -15.587302171966726 eV
Magnetic moment: 5.660353283995879e-16 Bohr magnetons
Energy: -15.587302171966726 eV
Magnetic moment: 5.660353283995879e-16 Bohr magnetons
Energy: -15.587302171966726 eV
Magnetic moment: 5.660353283995879e-16 Bohr magnetons
Energy: -15.587302171966726 eV
Magnetic moment: 5.660353283995879e-16 Bohr magnetons
Energy: -15.587302171966726 eV
Magnetic moment: 5.660353283995879e-16 Bohr magnetons
Energy: -15.587302171966726 eV
Magnetic moment: 5.660353283995879e-16 Bohr magnetons
Energy: -15.587302171966726 eV
Magnetic moment: 5.660353283995879e-16 Bohr magnetons
Calculating q=[0.36111111 0.27777778 0.        ]
Calculating q=[0.36111111 0.27777778 0.        ]
Calculating q=[0.36111111 0.27777778 0.        ]
Calculating q=[0.36111111 0.27777778 0.        ]
Calculating q=[0.36111111 0.27777778 0.        ]
Calculating q=[0.36111111 0.27777778 0.        ]
Calculating q=[0.36111111 0.27777778 0.        ]
Calculating q=[0.36111111 0.27777778 0.        ]
Calculating q=[0.36111111 0.27777778 0.        ]
Calculating q=[0.36111111 0.27777778 0.        ]
Calculating q=[0.36111111 0.27777778 0.        ]
Calculating q=[0.36111111 0.27777778 0.        ]
Energy: -15.588789892300692 eV
Magnetic moment: -9.30062869605922e-16 Bohr magnetons
Energy: -15.588789892300692 eV
Magnetic moment: -9.30062869605922e-16 Bohr magnetons
Energy: -15.588789892300692 eV
Magnetic moment: -9.30062869605922e-16 Bohr magnetons
Energy: -15.588789892300692 eV
Magnetic moment: -9.30062869605922e-16 Bohr magnetons
Energy: -15.588789892300692 eV
Magnetic moment: -9.30062869605922e-16 Bohr magnetons
Energy: -15.588789892300692 eV
Magnetic moment: -9.30062869605922e-16 Bohr magnetons
Energy: -15.588789892300692 eV
Magnetic moment: -9.30062869605922e-16 Bohr magnetons
Energy: -15.588789892300692 eV
Magnetic moment: -9.30062869605922e-16 Bohr magnetons
Energy: -15.588789892300692 eV
Magnetic moment: -9.30062869605922e-16 Bohr magnetons
Energy: -15.588789892300692 eV
Magnetic moment: -9.30062869605922e-16 Bohr magnetons
Energy: -15.588789892300692 eV
Magnetic moment: -9.30062869605922e-16 Bohr magnetons
Energy: -15.588789892300692 eV
Magnetic moment: -9.30062869605922e-16 Bohr magnetons
Calculating q=[0.33333333 0.33333333 0.        ]
Calculating q=[0.33333333 0.33333333 0.        ]
Calculating q=[0.33333333 0.33333333 0.        ]
Calculating q=[0.33333333 0.33333333 0.        ]
Calculating q=[0.33333333 0.33333333 0.        ]
Calculating q=[0.33333333 0.33333333 0.        ]
Calculating q=[0.33333333 0.33333333 0.        ]
Calculating q=[0.33333333 0.33333333 0.        ]
Calculating q=[0.33333333 0.33333333 0.        ]
Calculating q=[0.33333333 0.33333333 0.        ]
Calculating q=[0.33333333 0.33333333 0.        ]
Calculating q=[0.33333333 0.33333333 0.        ]
Energy: -15.58933057026587 eV
Magnetic moment: -1.0424449963764836e-16 Bohr magnetons
Energy: -15.58933057026587 eV
Magnetic moment: -1.0424449963764836e-16 Bohr magnetons
Energy: -15.58933057026587 eV
Magnetic moment: -1.0424449963764836e-16 Bohr magnetons
Energy: -15.58933057026587 eV
Magnetic moment: -1.0424449963764836e-16 Bohr magnetons
Energy: -15.58933057026587 eV
Magnetic moment: -1.0424449963764836e-16 Bohr magnetons
Energy: -15.58933057026587 eV
Magnetic moment: -1.0424449963764836e-16 Bohr magnetons
Energy: -15.58933057026587 eV
Magnetic moment: -1.0424449963764836e-16 Bohr magnetons
Energy: -15.58933057026587 eV
Magnetic moment: -1.0424449963764836e-16 Bohr magnetons
Energy: -15.58933057026587 eV
Magnetic moment: -1.0424449963764836e-16 Bohr magnetons
Energy: -15.58933057026587 eV
Magnetic moment: -1.0424449963764836e-16 Bohr magnetons
Energy: -15.58933057026587 eV
Magnetic moment: -1.0424449963764836e-16 Bohr magnetons
Energy: -15.58933057026587 eV
Magnetic moment: -1.0424449963764836e-16 Bohr magnetons
Calculating q=[0.30952381 0.30952381 0.        ]
Calculating q=[0.30952381 0.30952381 0.        ]
Calculating q=[0.30952381 0.30952381 0.        ]
Calculating q=[0.30952381 0.30952381 0.        ]
Calculating q=[0.30952381 0.30952381 0.        ]
Calculating q=[0.30952381 0.30952381 0.        ]
Calculating q=[0.30952381 0.30952381 0.        ]
Calculating q=[0.30952381 0.30952381 0.        ]
Calculating q=[0.30952381 0.30952381 0.        ]
Calculating q=[0.30952381 0.30952381 0.        ]
Calculating q=[0.30952381 0.30952381 0.        ]
Calculating q=[0.30952381 0.30952381 0.        ]
Energy: -15.588890337695576 eV
Magnetic moment: -1.0455861055713979e-14 Bohr magnetons
Energy: -15.588890337695576 eV
Magnetic moment: -1.0455861055713979e-14 Bohr magnetons
Energy: -15.588890337695576 eV
Magnetic moment: -1.0455861055713979e-14 Bohr magnetons
Energy: -15.588890337695576 eV
Magnetic moment: -1.0455861055713979e-14 Bohr magnetons
Energy: -15.588890337695576 eV
Magnetic moment: -1.0455861055713979e-14 Bohr magnetons
Energy: -15.588890337695576 eV
Magnetic moment: -1.0455861055713979e-14 Bohr magnetons
Energy: -15.588890337695576 eV
Magnetic moment: -1.0455861055713979e-14 Bohr magnetons
Energy: -15.588890337695576 eV
Magnetic moment: -1.0455861055713979e-14 Bohr magnetons
Energy: -15.588890337695576 eV
Magnetic moment: -1.0455861055713979e-14 Bohr magnetons
Energy: -15.588890337695576 eV
Magnetic moment: -1.0455861055713979e-14 Bohr magnetons
Energy: -15.588890337695576 eV
Magnetic moment: -1.0455861055713979e-14 Bohr magnetons
Energy: -15.588890337695576 eV
Magnetic moment: -1.0455861055713979e-14 Bohr magnetons
Calculating q=[0.28571429 0.28571429 0.        ]
Calculating q=[0.28571429 0.28571429 0.        ]
Calculating q=[0.28571429 0.28571429 0.        ]
Calculating q=[0.28571429 0.28571429 0.        ]
Calculating q=[0.28571429 0.28571429 0.        ]
Calculating q=[0.28571429 0.28571429 0.        ]
Calculating q=[0.28571429 0.28571429 0.        ]
Calculating q=[0.28571429 0.28571429 0.        ]
Calculating q=[0.28571429 0.28571429 0.        ]
Calculating q=[0.28571429 0.28571429 0.        ]
Calculating q=[0.28571429 0.28571429 0.        ]
Calculating q=[0.28571429 0.28571429 0.        ]
Energy: -15.587562678660523 eV
Magnetic moment: 1.4591797768173168e-15 Bohr magnetons
Energy: -15.587562678660523 eV
Magnetic moment: 1.4591797768173168e-15 Bohr magnetons
Energy: -15.587562678660523 eV
Magnetic moment: 1.4591797768173168e-15 Bohr magnetons
Energy: -15.587562678660523 eV
Magnetic moment: 1.4591797768173168e-15 Bohr magnetons
Energy: -15.587562678660523 eV
Magnetic moment: 1.4591797768173168e-15 Bohr magnetons
Energy: -15.587562678660523 eV
Magnetic moment: 1.4591797768173168e-15 Bohr magnetons
Energy: -15.587562678660523 eV
Magnetic moment: 1.4591797768173168e-15 Bohr magnetons
Energy: -15.587562678660523 eV
Magnetic moment: 1.4591797768173168e-15 Bohr magnetons
Energy: -15.587562678660523 eV
Magnetic moment: 1.4591797768173168e-15 Bohr magnetons
Energy: -15.587562678660523 eV
Magnetic moment: 1.4591797768173168e-15 Bohr magnetons
Energy: -15.587562678660523 eV
Magnetic moment: 1.4591797768173168e-15 Bohr magnetons
Energy: -15.587562678660523 eV
Magnetic moment: 1.4591797768173168e-15 Bohr magnetons
Calculating q=[0.26190476 0.26190476 0.        ]
Calculating q=[0.26190476 0.26190476 0.        ]
Calculating q=[0.26190476 0.26190476 0.        ]
Calculating q=[0.26190476 0.26190476 0.        ]
Calculating q=[0.26190476 0.26190476 0.        ]
Calculating q=[0.26190476 0.26190476 0.        ]
Calculating q=[0.26190476 0.26190476 0.        ]
Calculating q=[0.26190476 0.26190476 0.        ]
Calculating q=[0.26190476 0.26190476 0.        ]
Calculating q=[0.26190476 0.26190476 0.        ]
Calculating q=[0.26190476 0.26190476 0.        ]
Calculating q=[0.26190476 0.26190476 0.        ]
Energy: -15.585353902865288 eV
Magnetic moment: -1.1238440790372929e-14 Bohr magnetons
Energy: -15.585353902865288 eV
Magnetic moment: -1.1238440790372929e-14 Bohr magnetons
Energy: -15.585353902865288 eV
Magnetic moment: -1.1238440790372929e-14 Bohr magnetons
Energy: -15.585353902865288 eV
Magnetic moment: -1.1238440790372929e-14 Bohr magnetons
Energy: -15.585353902865288 eV
Magnetic moment: -1.1238440790372929e-14 Bohr magnetons
Energy: -15.585353902865288 eV
Magnetic moment: -1.1238440790372929e-14 Bohr magnetons
Energy: -15.585353902865288 eV
Magnetic moment: -1.1238440790372929e-14 Bohr magnetons
Energy: -15.585353902865288 eV
Magnetic moment: -1.1238440790372929e-14 Bohr magnetons
Energy: -15.585353902865288 eV
Magnetic moment: -1.1238440790372929e-14 Bohr magnetons
Energy: -15.585353902865288 eV
Magnetic moment: -1.1238440790372929e-14 Bohr magnetons
Energy: -15.585353902865288 eV
Magnetic moment: -1.1238440790372929e-14 Bohr magnetons
Energy: -15.585353902865288 eV
Magnetic moment: -1.1238440790372929e-14 Bohr magnetons
Calculating q=[0.23809524 0.23809524 0.        ]
Calculating q=[0.23809524 0.23809524 0.        ]
Calculating q=[0.23809524 0.23809524 0.        ]
Calculating q=[0.23809524 0.23809524 0.        ]
Calculating q=[0.23809524 0.23809524 0.        ]
Calculating q=[0.23809524 0.23809524 0.        ]
Calculating q=[0.23809524 0.23809524 0.        ]
Calculating q=[0.23809524 0.23809524 0.        ]
Calculating q=[0.23809524 0.23809524 0.        ]
Calculating q=[0.23809524 0.23809524 0.        ]
Calculating q=[0.23809524 0.23809524 0.        ]
Calculating q=[0.23809524 0.23809524 0.        ]
Energy: -15.582292238003173 eV
Magnetic moment: 1.2624717586481897e-15 Bohr magnetons
Energy: -15.582292238003173 eV
Magnetic moment: 1.2624717586481897e-15 Bohr magnetons
Energy: -15.582292238003173 eV
Magnetic moment: 1.2624717586481897e-15 Bohr magnetons
Energy: -15.582292238003173 eV
Magnetic moment: 1.2624717586481897e-15 Bohr magnetons
Energy: -15.582292238003173 eV
Magnetic moment: 1.2624717586481897e-15 Bohr magnetons
Energy: -15.582292238003173 eV
Magnetic moment: 1.2624717586481897e-15 Bohr magnetons
Energy: -15.582292238003173 eV
Magnetic moment: 1.2624717586481897e-15 Bohr magnetons
Energy: -15.582292238003173 eV
Magnetic moment: 1.2624717586481897e-15 Bohr magnetons
Energy: -15.582292238003173 eV
Magnetic moment: 1.2624717586481897e-15 Bohr magnetons
Energy: -15.582292238003173 eV
Magnetic moment: 1.2624717586481897e-15 Bohr magnetons
Energy: -15.582292238003173 eV
Magnetic moment: 1.2624717586481897e-15 Bohr magnetons
Energy: -15.582292238003173 eV
Magnetic moment: 1.2624717586481897e-15 Bohr magnetons
Calculating q=[0.21428571 0.21428571 0.        ]
Calculating q=[0.21428571 0.21428571 0.        ]
Calculating q=[0.21428571 0.21428571 0.        ]
Calculating q=[0.21428571 0.21428571 0.        ]
Calculating q=[0.21428571 0.21428571 0.        ]
Calculating q=[0.21428571 0.21428571 0.        ]
Calculating q=[0.21428571 0.21428571 0.        ]
Calculating q=[0.21428571 0.21428571 0.        ]
Calculating q=[0.21428571 0.21428571 0.        ]
Calculating q=[0.21428571 0.21428571 0.        ]
Calculating q=[0.21428571 0.21428571 0.        ]
Calculating q=[0.21428571 0.21428571 0.        ]
Energy: -15.578422872167364 eV
Magnetic moment: -3.8873354670117734e-15 Bohr magnetons
Energy: -15.578422872167364 eV
Magnetic moment: -3.8873354670117734e-15 Bohr magnetons
Energy: -15.578422872167364 eV
Magnetic moment: -3.8873354670117734e-15 Bohr magnetons
Energy: -15.578422872167364 eV
Magnetic moment: -3.8873354670117734e-15 Bohr magnetons
Energy: -15.578422872167364 eV
Magnetic moment: -3.8873354670117734e-15 Bohr magnetons
Energy: -15.578422872167364 eV
Magnetic moment: -3.8873354670117734e-15 Bohr magnetons
Energy: -15.578422872167364 eV
Magnetic moment: -3.8873354670117734e-15 Bohr magnetons
Energy: -15.578422872167364 eV
Magnetic moment: -3.8873354670117734e-15 Bohr magnetons
Energy: -15.578422872167364 eV
Magnetic moment: -3.8873354670117734e-15 Bohr magnetons
Energy: -15.578422872167364 eV
Magnetic moment: -3.8873354670117734e-15 Bohr magnetons
Energy: -15.578422872167364 eV
Magnetic moment: -3.8873354670117734e-15 Bohr magnetons
Energy: -15.578422872167364 eV
Magnetic moment: -3.8873354670117734e-15 Bohr magnetons
Calculating q=[0.19047619 0.19047619 0.        ]
Calculating q=[0.19047619 0.19047619 0.        ]
Calculating q=[0.19047619 0.19047619 0.        ]
Calculating q=[0.19047619 0.19047619 0.        ]
Calculating q=[0.19047619 0.19047619 0.        ]
Calculating q=[0.19047619 0.19047619 0.        ]
Calculating q=[0.19047619 0.19047619 0.        ]
Calculating q=[0.19047619 0.19047619 0.        ]
Calculating q=[0.19047619 0.19047619 0.        ]
Calculating q=[0.19047619 0.19047619 0.        ]
Calculating q=[0.19047619 0.19047619 0.        ]
Calculating q=[0.19047619 0.19047619 0.        ]
Energy: -15.573808502446157 eV
Magnetic moment: -5.890443377394988e-16 Bohr magnetons
Energy: -15.573808502446157 eV
Magnetic moment: -5.890443377394988e-16 Bohr magnetons
Energy: -15.573808502446157 eV
Magnetic moment: -5.890443377394988e-16 Bohr magnetons
Energy: -15.573808502446157 eV
Magnetic moment: -5.890443377394988e-16 Bohr magnetons
Energy: -15.573808502446157 eV
Magnetic moment: -5.890443377394988e-16 Bohr magnetons
Energy: -15.573808502446157 eV
Magnetic moment: -5.890443377394988e-16 Bohr magnetons
Energy: -15.573808502446157 eV
Magnetic moment: -5.890443377394988e-16 Bohr magnetons
Energy: -15.573808502446157 eV
Magnetic moment: -5.890443377394988e-16 Bohr magnetons
Energy: -15.573808502446157 eV
Magnetic moment: -5.890443377394988e-16 Bohr magnetons
Energy: -15.573808502446157 eV
Magnetic moment: -5.890443377394988e-16 Bohr magnetons
Energy: -15.573808502446157 eV
Magnetic moment: -5.890443377394988e-16 Bohr magnetons
Energy: -15.573808502446157 eV
Magnetic moment: -5.890443377394988e-16 Bohr magnetons
Calculating q=[0.16666667 0.16666667 0.        ]
Calculating q=[0.16666667 0.16666667 0.        ]
Calculating q=[0.16666667 0.16666667 0.        ]
Calculating q=[0.16666667 0.16666667 0.        ]
Calculating q=[0.16666667 0.16666667 0.        ]
Calculating q=[0.16666667 0.16666667 0.        ]
Calculating q=[0.16666667 0.16666667 0.        ]
Calculating q=[0.16666667 0.16666667 0.        ]
Calculating q=[0.16666667 0.16666667 0.        ]
Calculating q=[0.16666667 0.16666667 0.        ]
Calculating q=[0.16666667 0.16666667 0.        ]
Calculating q=[0.16666667 0.16666667 0.        ]
Energy: -15.568545524621902 eV
Magnetic moment: 1.6786475118221837e-15 Bohr magnetons
Energy: -15.568545524621902 eV
Magnetic moment: 1.6786475118221837e-15 Bohr magnetons
Energy: -15.568545524621902 eV
Magnetic moment: 1.6786475118221837e-15 Bohr magnetons
Energy: -15.568545524621902 eV
Magnetic moment: 1.6786475118221837e-15 Bohr magnetons
Energy: -15.568545524621902 eV
Magnetic moment: 1.6786475118221837e-15 Bohr magnetons
Energy: -15.568545524621902 eV
Magnetic moment: 1.6786475118221837e-15 Bohr magnetons
Energy: -15.568545524621902 eV
Magnetic moment: 1.6786475118221837e-15 Bohr magnetons
Energy: -15.568545524621902 eV
Magnetic moment: 1.6786475118221837e-15 Bohr magnetons
Energy: -15.568545524621902 eV
Magnetic moment: 1.6786475118221837e-15 Bohr magnetons
Energy: -15.568545524621902 eV
Magnetic moment: 1.6786475118221837e-15 Bohr magnetons
Energy: -15.568545524621902 eV
Magnetic moment: 1.6786475118221837e-15 Bohr magnetons
Calculating q=[0.14285714 0.14285714 0.        ]
Calculating q=[0.14285714 0.14285714 0.        ]
Calculating q=[0.14285714 0.14285714 0.        ]
Calculating q=[0.14285714 0.14285714 0.        ]
Calculating q=[0.14285714 0.14285714 0.        ]
Calculating q=[0.14285714 0.14285714 0.        ]
Calculating q=[0.14285714 0.14285714 0.        ]
Calculating q=[0.14285714 0.14285714 0.        ]
Calculating q=[0.14285714 0.14285714 0.        ]
Energy: -15.568545524621902 eV
Magnetic moment: 1.6786475118221837e-15 Bohr magnetons
Calculating q=[0.14285714 0.14285714 0.        ]
Calculating q=[0.14285714 0.14285714 0.        ]
Calculating q=[0.14285714 0.14285714 0.        ]
Energy: -15.562794399198223 eV
Magnetic moment: -5.8566581026773974e-15 Bohr magnetons
Energy: -15.562794399198223 eV
Magnetic moment: -5.8566581026773974e-15 Bohr magnetons
Energy: -15.562794399198223 eV
Magnetic moment: -5.8566581026773974e-15 Bohr magnetons
Energy: -15.562794399198223 eV
Magnetic moment: -5.8566581026773974e-15 Bohr magnetons
Energy: -15.562794399198223 eV
Magnetic moment: -5.8566581026773974e-15 Bohr magnetons
Energy: -15.562794399198223 eV
Magnetic moment: -5.8566581026773974e-15 Bohr magnetons
Energy: -15.562794399198223 eV
Magnetic moment: -5.8566581026773974e-15 Bohr magnetons
Energy: -15.562794399198223 eV
Magnetic moment: -5.8566581026773974e-15 Bohr magnetons
Energy: -15.562794399198223 eV
Magnetic moment: -5.8566581026773974e-15 Bohr magnetons
Energy: -15.562794399198223 eV
Magnetic moment: -5.8566581026773974e-15 Bohr magnetons
Energy: -15.562794399198223 eV
Magnetic moment: -5.8566581026773974e-15 Bohr magnetons
Energy: -15.562794399198223 eV
Magnetic moment: -5.8566581026773974e-15 Bohr magnetons
Calculating q=[0.11904762 0.11904762 0.        ]
Calculating q=[0.11904762 0.11904762 0.        ]
Calculating q=[0.11904762 0.11904762 0.        ]
Calculating q=[0.11904762 0.11904762 0.        ]
Calculating q=[0.11904762 0.11904762 0.        ]
Calculating q=[0.11904762 0.11904762 0.        ]
Calculating q=[0.11904762 0.11904762 0.        ]
Calculating q=[0.11904762 0.11904762 0.        ]
Calculating q=[0.11904762 0.11904762 0.        ]
Calculating q=[0.11904762 0.11904762 0.        ]
Calculating q=[0.11904762 0.11904762 0.        ]
Calculating q=[0.11904762 0.11904762 0.        ]
Energy: -15.55683823140965 eV
Magnetic moment: -1.621003659941486e-15 Bohr magnetons
Energy: -15.55683823140965 eV
Magnetic moment: -1.621003659941486e-15 Bohr magnetons
Energy: -15.55683823140965 eV
Magnetic moment: -1.621003659941486e-15 Bohr magnetons
Energy: -15.55683823140965 eV
Magnetic moment: -1.621003659941486e-15 Bohr magnetons
Energy: -15.55683823140965 eV
Magnetic moment: -1.621003659941486e-15 Bohr magnetons
Energy: -15.55683823140965 eV
Magnetic moment: -1.621003659941486e-15 Bohr magnetons
Energy: -15.55683823140965 eV
Magnetic moment: -1.621003659941486e-15 Bohr magnetons
Energy: -15.55683823140965 eV
Magnetic moment: -1.621003659941486e-15 Bohr magnetons
Energy: -15.55683823140965 eV
Magnetic moment: -1.621003659941486e-15 Bohr magnetons
Energy: -15.55683823140965 eV
Magnetic moment: -1.621003659941486e-15 Bohr magnetons
Energy: -15.55683823140965 eV
Magnetic moment: -1.621003659941486e-15 Bohr magnetons
Energy: -15.55683823140965 eV
Magnetic moment: -1.621003659941486e-15 Bohr magnetons
Calculating q=[0.0952381 0.0952381 0.       ]
Calculating q=[0.0952381 0.0952381 0.       ]
Calculating q=[0.0952381 0.0952381 0.       ]
Calculating q=[0.0952381 0.0952381 0.       ]
Calculating q=[0.0952381 0.0952381 0.       ]
Calculating q=[0.0952381 0.0952381 0.       ]
Calculating q=[0.0952381 0.0952381 0.       ]
Calculating q=[0.0952381 0.0952381 0.       ]
Calculating q=[0.0952381 0.0952381 0.       ]
Calculating q=[0.0952381 0.0952381 0.       ]
Calculating q=[0.0952381 0.0952381 0.       ]
Calculating q=[0.0952381 0.0952381 0.       ]
Energy: -15.551003490918268 eV
Magnetic moment: 1.941664849655931e-13 Bohr magnetons
Energy: -15.551003490918268 eV
Magnetic moment: 1.941664849655931e-13 Bohr magnetons
Energy: -15.551003490918268 eV
Magnetic moment: 1.941664849655931e-13 Bohr magnetons
Energy: -15.551003490918268 eV
Magnetic moment: 1.941664849655931e-13 Bohr magnetons
Energy: -15.551003490918268 eV
Magnetic moment: 1.941664849655931e-13 Bohr magnetons
Energy: -15.551003490918268 eV
Magnetic moment: 1.941664849655931e-13 Bohr magnetons
Energy: -15.551003490918268 eV
Magnetic moment: 1.941664849655931e-13 Bohr magnetons
Energy: -15.551003490918268 eV
Magnetic moment: 1.941664849655931e-13 Bohr magnetons
Energy: -15.551003490918268 eV
Magnetic moment: 1.941664849655931e-13 Bohr magnetons
Energy: -15.551003490918268 eV
Magnetic moment: 1.941664849655931e-13 Bohr magnetons
Energy: -15.551003490918268 eV
Magnetic moment: 1.941664849655931e-13 Bohr magnetons
Energy: -15.551003490918268 eV
Magnetic moment: 1.941664849655931e-13 Bohr magnetons
Calculating q=[0.07142857 0.07142857 0.        ]
Calculating q=[0.07142857 0.07142857 0.        ]
Calculating q=[0.07142857 0.07142857 0.        ]
Calculating q=[0.07142857 0.07142857 0.        ]
Calculating q=[0.07142857 0.07142857 0.        ]
Calculating q=[0.07142857 0.07142857 0.        ]
Calculating q=[0.07142857 0.07142857 0.        ]
Calculating q=[0.07142857 0.07142857 0.        ]
Calculating q=[0.07142857 0.07142857 0.        ]
Calculating q=[0.07142857 0.07142857 0.        ]
Calculating q=[0.07142857 0.07142857 0.        ]
Calculating q=[0.07142857 0.07142857 0.        ]
Energy: -15.545735675689846 eV
Magnetic moment: 8.586602530389375e-15 Bohr magnetons
Energy: -15.545735675689846 eV
Magnetic moment: 8.586602530389375e-15 Bohr magnetons
Energy: -15.545735675689846 eV
Magnetic moment: 8.586602530389375e-15 Bohr magnetons
Energy: -15.545735675689846 eV
Magnetic moment: 8.586602530389375e-15 Bohr magnetons
Energy: -15.545735675689846 eV
Magnetic moment: 8.586602530389375e-15 Bohr magnetons
Energy: -15.545735675689846 eV
Magnetic moment: 8.586602530389375e-15 Bohr magnetons
Energy: -15.545735675689846 eV
Magnetic moment: 8.586602530389375e-15 Bohr magnetons
Energy: -15.545735675689846 eV
Magnetic moment: 8.586602530389375e-15 Bohr magnetons
Energy: -15.545735675689846 eV
Magnetic moment: 8.586602530389375e-15 Bohr magnetons
Energy: -15.545735675689846 eV
Magnetic moment: 8.586602530389375e-15 Bohr magnetons
Energy: -15.545735675689846 eV
Magnetic moment: 8.586602530389375e-15 Bohr magnetons
Energy: -15.545735675689846 eV
Magnetic moment: 8.586602530389375e-15 Bohr magnetons
Calculating q=[0.04761905 0.04761905 0.        ]
Calculating q=[0.04761905 0.04761905 0.        ]
Calculating q=[0.04761905 0.04761905 0.        ]
Calculating q=[0.04761905 0.04761905 0.        ]
Calculating q=[0.04761905 0.04761905 0.        ]
Calculating q=[0.04761905 0.04761905 0.        ]
Calculating q=[0.04761905 0.04761905 0.        ]
Calculating q=[0.04761905 0.04761905 0.        ]
Calculating q=[0.04761905 0.04761905 0.        ]
Calculating q=[0.04761905 0.04761905 0.        ]
Calculating q=[0.04761905 0.04761905 0.        ]
Calculating q=[0.04761905 0.04761905 0.        ]
Energy: -15.541513437164168 eV
Magnetic moment: 2.2738948247041995e-15 Bohr magnetons
Energy: -15.541513437164168 eV
Magnetic moment: 2.2738948247041995e-15 Bohr magnetons
Energy: -15.541513437164168 eV
Magnetic moment: 2.2738948247041995e-15 Bohr magnetons
Energy: -15.541513437164168 eV
Magnetic moment: 2.2738948247041995e-15 Bohr magnetons
Energy: -15.541513437164168 eV
Magnetic moment: 2.2738948247041995e-15 Bohr magnetons
Energy: -15.541513437164168 eV
Magnetic moment: 2.2738948247041995e-15 Bohr magnetons
Energy: -15.541513437164168 eV
Magnetic moment: 2.2738948247041995e-15 Bohr magnetons
Energy: -15.541513437164168 eV
Magnetic moment: 2.2738948247041995e-15 Bohr magnetons
Energy: -15.541513437164168 eV
Magnetic moment: 2.2738948247041995e-15 Bohr magnetons
Energy: -15.541513437164168 eV
Magnetic moment: 2.2738948247041995e-15 Bohr magnetons
Energy: -15.541513437164168 eV
Magnetic moment: 2.2738948247041995e-15 Bohr magnetons
Energy: -15.541513437164168 eV
Magnetic moment: 2.2738948247041995e-15 Bohr magnetons
Calculating q=[0.02380952 0.02380952 0.        ]
Calculating q=[0.02380952 0.02380952 0.        ]
Calculating q=[0.02380952 0.02380952 0.        ]
Calculating q=[0.02380952 0.02380952 0.        ]
Calculating q=[0.02380952 0.02380952 0.        ]
Calculating q=[0.02380952 0.02380952 0.        ]
Calculating q=[0.02380952 0.02380952 0.        ]
Calculating q=[0.02380952 0.02380952 0.        ]
Calculating q=[0.02380952 0.02380952 0.        ]
Calculating q=[0.02380952 0.02380952 0.        ]
Calculating q=[0.02380952 0.02380952 0.        ]
Calculating q=[0.02380952 0.02380952 0.        ]
Energy: -15.53877587490967 eV
Magnetic moment: -2.147707213996652e-15 Bohr magnetons
Energy: -15.53877587490967 eV
Magnetic moment: -2.147707213996652e-15 Bohr magnetons
Energy: -15.53877587490967 eV
Magnetic moment: -2.147707213996652e-15 Bohr magnetons
Energy: -15.53877587490967 eV
Magnetic moment: -2.147707213996652e-15 Bohr magnetons
Energy: -15.53877587490967 eV
Magnetic moment: -2.147707213996652e-15 Bohr magnetons
Energy: -15.53877587490967 eV
Magnetic moment: -2.147707213996652e-15 Bohr magnetons
Energy: -15.53877587490967 eV
Magnetic moment: -2.147707213996652e-15 Bohr magnetons
Energy: -15.53877587490967 eV
Magnetic moment: -2.147707213996652e-15 Bohr magnetons
Energy: -15.53877587490967 eV
Magnetic moment: -2.147707213996652e-15 Bohr magnetons
Energy: -15.53877587490967 eV
Magnetic moment: -2.147707213996652e-15 Bohr magnetons
Energy: -15.53877587490967 eV
Magnetic moment: -2.147707213996652e-15 Bohr magnetons
Energy: -15.53877587490967 eV
Magnetic moment: -2.147707213996652e-15 Bohr magnetons
Calculating q=[0. 0. 0.]
Calculating q=[0. 0. 0.]
Calculating q=[0. 0. 0.]
Calculating q=[0. 0. 0.]
Calculating q=[0. 0. 0.]
Calculating q=[0. 0. 0.]
Calculating q=[0. 0. 0.]
Calculating q=[0. 0. 0.]
Calculating q=[0. 0. 0.]
Calculating q=[0. 0. 0.]
Calculating q=[0. 0. 0.]
Calculating q=[0. 0. 0.]
Energy: -15.53782280662698 eV
Magnetic moment: -4.73878259668996e-11 Bohr magnetons
Energy: -15.53782280662698 eV
Magnetic moment: -4.73878259668996e-11 Bohr magnetons
Energy: -15.53782280662698 eV
Magnetic moment: -4.73878259668996e-11 Bohr magnetons
Energy: -15.53782280662698 eV
Magnetic moment: -4.73878259668996e-11 Bohr magnetons
Energy: -15.53782280662698 eV
Magnetic moment: -4.73878259668996e-11 Bohr magnetons
Energy: -15.53782280662698 eV
Magnetic moment: -4.73878259668996e-11 Bohr magnetons
Energy: -15.53782280662698 eV
Magnetic moment: -4.73878259668996e-11 Bohr magnetons
Energy: -15.53782280662698 eV
Magnetic moment: -4.73878259668996e-11 Bohr magnetons
Energy: -15.53782280662698 eV
Magnetic moment: -4.73878259668996e-11 Bohr magnetons
Energy: -15.53782280662698 eV
Magnetic moment: -4.73878259668996e-11 Bohr magnetons
Energy: -15.53782280662698 eV
Magnetic moment: -4.73878259668996e-11 Bohr magnetons
Energy: -15.53782280662698 eV
Magnetic moment: -4.73878259668996e-11 Bohr magnetons

------------------------------------------------------------
Sender: LSF System <lsfadmin@hpc.dtu.dk>
Subject: Job 21517018: <plot_7.py> in cluster <dcc> Done

Job <plot_7.py> was submitted from host <gbarlogin2> by user <s194113> in cluster <dcc> at Sat Apr 20 11:39:00 2024
Job was executed on host(s) <12*n-62-28-30>, in queue <hpc>, as user <s194113> in cluster <dcc> at Sat Apr 20 17:13:37 2024
</zhome/87/8/147075> was used as the home directory.
</zhome/87/8/147075/10302/10302_NM/VBr2/E_con> was used as the working directory.
Started at Sat Apr 20 17:13:37 2024
Terminated at Sat Apr 20 22:03:43 2024
Results reported at Sat Apr 20 22:03:43 2024

Your job looked like:

------------------------------------------------------------
# LSBATCH: User input
#!/bin/bash -l
id=$LSB_JOBID
mq=/zhome/87/8/147075/.myqueue/lsf-$id
source /zhome/87/8/147075/venv-name/bin/activate
echo "venv: /zhome/87/8/147075/venv-name/bin/activate"
(touch $mq-0 && \
 cd '/zhome/87/8/147075/10302/10302_NM/VBr2/E_con' && \
 mpiexec python3 plot_7.py && \
 touch $mq-1) || \
(touch $mq-2; exit 1)

------------------------------------------------------------

Successfully completed.

Resource usage summary:

    CPU time :                                   208783.92 sec.
    Max Memory :                                 10109 MB
    Average Memory :                             7237.91 MB
    Total Requested Memory :                     73728.00 MB
    Delta Memory :                               63619.00 MB
    Max Swap :                                   -
    Max Processes :                              17
    Max Threads :                                57
    Run time :                                   17479 sec.
    Turnaround time :                            37483 sec.

The output (if any) is above this job summary.



PS:

Read file </zhome/87/8/147075/10302/10302_NM/VBr2/E_con/plot_7.py.21517018.err> for stderr output of this job.

