venv: /zhome/87/8/147075/venv-name/bin/activate
[1713701223.927308] [n-62-29-6:4928 :0]          ib_md.c:1063 UCX  WARN  IB: ibv_fork_init() was disabled or failed, yet a fork() has been issued.
[1713701223.927346] [n-62-29-6:4928 :0]          ib_md.c:1064 UCX  WARN  IB: data corruption might occur when using registered memory.
[1713701223.927386] [n-62-29-6:4926 :0]          ib_md.c:1063 UCX  WARN  IB: ibv_fork_init() was disabled or failed, yet a fork() has been issued.
[1713701223.927434] [n-62-29-6:4926 :0]          ib_md.c:1064 UCX  WARN  IB: data corruption might occur when using registered memory.
[1713701223.927355] [n-62-29-6:4930 :0]          ib_md.c:1063 UCX  WARN  IB: ibv_fork_init() was disabled or failed, yet a fork() has been issued.
[1713701223.927400] [n-62-29-6:4930 :0]          ib_md.c:1064 UCX  WARN  IB: data corruption might occur when using registered memory.
[1713701223.927360] [n-62-29-6:4937 :0]          ib_md.c:1063 UCX  WARN  IB: ibv_fork_init() was disabled or failed, yet a fork() has been issued.
[1713701223.927407] [n-62-29-6:4937 :0]          ib_md.c:1064 UCX  WARN  IB: data corruption might occur when using registered memory.
[1713701223.927456] [n-62-29-6:4924 :0]          ib_md.c:1063 UCX  WARN  IB: ibv_fork_init() was disabled or failed, yet a fork() has been issued.
[1713701223.927491] [n-62-29-6:4924 :0]          ib_md.c:1064 UCX  WARN  IB: data corruption might occur when using registered memory.
[1713701223.927470] [n-62-29-6:4925 :0]          ib_md.c:1063 UCX  WARN  IB: ibv_fork_init() was disabled or failed, yet a fork() has been issued.
[1713701223.927505] [n-62-29-6:4925 :0]          ib_md.c:1064 UCX  WARN  IB: data corruption might occur when using registered memory.
[1713701223.927421] [n-62-29-6:4927 :0]          ib_md.c:1063 UCX  WARN  IB: ibv_fork_init() was disabled or failed, yet a fork() has been issued.
[1713701223.927471] [n-62-29-6:4927 :0]          ib_md.c:1064 UCX  WARN  IB: data corruption might occur when using registered memory.
[1713701223.927424] [n-62-29-6:4929 :0]          ib_md.c:1063 UCX  WARN  IB: ibv_fork_init() was disabled or failed, yet a fork() has been issued.
[1713701223.927460] [n-62-29-6:4929 :0]          ib_md.c:1064 UCX  WARN  IB: data corruption might occur when using registered memory.
[1713701223.927452] [n-62-29-6:4935 :0]          ib_md.c:1063 UCX  WARN  IB: ibv_fork_init() was disabled or failed, yet a fork() has been issued.
[1713701223.927490] [n-62-29-6:4935 :0]          ib_md.c:1064 UCX  WARN  IB: data corruption might occur when using registered memory.
[1713701223.927422] [n-62-29-6:4938 :0]          ib_md.c:1063 UCX  WARN  IB: ibv_fork_init() was disabled or failed, yet a fork() has been issued.
[1713701223.927465] [n-62-29-6:4938 :0]          ib_md.c:1064 UCX  WARN  IB: data corruption might occur when using registered memory.
[1713701223.927452] [n-62-29-6:4939 :0]          ib_md.c:1063 UCX  WARN  IB: ibv_fork_init() was disabled or failed, yet a fork() has been issued.
[1713701223.927495] [n-62-29-6:4939 :0]          ib_md.c:1064 UCX  WARN  IB: data corruption might occur when using registered memory.
[1713701223.927716] [n-62-29-6:4933 :0]          ib_md.c:1063 UCX  WARN  IB: ibv_fork_init() was disabled or failed, yet a fork() has been issued.
[1713701223.927753] [n-62-29-6:4933 :0]          ib_md.c:1064 UCX  WARN  IB: data corruption might occur when using registered memory.
Calculating ground state
31 q-points in the path
=====================================
Calculating ground state
31 q-points in the path
=====================================
Calculating ground state
31 q-points in the path
=====================================
Calculating ground state
31 q-points in the path
=====================================
Calculating ground state
31 q-points in the path
=====================================
Calculating q=[0. 0. 0.]
Calculating ground state
31 q-points in the path
=====================================
Calculating ground state
31 q-points in the path
=====================================
Calculating ground state
31 q-points in the path
=====================================
Calculating q=[0. 0. 0.]
Calculating q=[0. 0. 0.]
Calculating ground state
31 q-points in the path
=====================================
Calculating ground state
31 q-points in the path
=====================================
Calculating q=[0. 0. 0.]
Calculating ground state
31 q-points in the path
=====================================
Calculating q=[0. 0. 0.]
Calculating ground state
Calculating q=[0. 0. 0.]
Calculating q=[0. 0. 0.]
31 q-points in the path
=====================================
Calculating q=[0. 0. 0.]
Calculating q=[0. 0. 0.]
Calculating q=[0. 0. 0.]
Calculating q=[0. 0. 0.]
Calculating q=[0. 0. 0.]
Energy: -15.537822806645403 eV
Magnetic moment: 1.083145075301754e-10 Bohr magnetons
Energy: -15.537822806645403 eV
Magnetic moment: 1.083145075301754e-10 Bohr magnetons
Energy: -15.537822806645403 eV
Magnetic moment: 1.083145075301754e-10 Bohr magnetons
Energy: -15.537822806645403 eV
Magnetic moment: 1.083145075301754e-10 Bohr magnetons
Energy: -15.537822806645403 eV
Magnetic moment: 1.083145075301754e-10 Bohr magnetons
Energy: -15.537822806645403 eV
Magnetic moment: 1.083145075301754e-10 Bohr magnetons
Energy: -15.537822806645403 eV
Magnetic moment: 1.083145075301754e-10 Bohr magnetons
Energy: -15.537822806645403 eV
Magnetic moment: 1.083145075301754e-10 Bohr magnetons
Energy: -15.537822806645403 eV
Magnetic moment: 1.083145075301754e-10 Bohr magnetons
Energy: -15.537822806645403 eV
Magnetic moment: 1.083145075301754e-10 Bohr magnetons
Energy: -15.537822806645403 eV
Magnetic moment: 1.083145075301754e-10 Bohr magnetons
Calculating q=[0.05 0.   0.  ]
Calculating q=[0.05 0.   0.  ]
Energy: -15.537822806645403 eV
Magnetic moment: 1.083145075301754e-10 Bohr magnetons
Calculating q=[0.05 0.   0.  ]
Calculating q=[0.05 0.   0.  ]
Calculating q=[0.05 0.   0.  ]
Calculating q=[0.05 0.   0.  ]
Calculating q=[0.05 0.   0.  ]
Calculating q=[0.05 0.   0.  ]
Calculating q=[0.05 0.   0.  ]
Calculating q=[0.05 0.   0.  ]
Calculating q=[0.05 0.   0.  ]
Calculating q=[0.05 0.   0.  ]
Energy: -15.539218513593484 eV
Magnetic moment: -9.539700299872475e-16 Bohr magnetons
Energy: -15.539218513593484 eV
Magnetic moment: -9.539700299872475e-16 Bohr magnetons
Energy: -15.539218513593484 eV
Magnetic moment: -9.539700299872475e-16 Bohr magnetons
Energy: -15.539218513593484 eV
Magnetic moment: -9.539700299872475e-16 Bohr magnetons
Energy: -15.539218513593484 eV
Magnetic moment: -9.539700299872475e-16 Bohr magnetons
Energy: -15.539218513593484 eV
Magnetic moment: -9.539700299872475e-16 Bohr magnetons
Energy: -15.539218513593484 eV
Magnetic moment: -9.539700299872475e-16 Bohr magnetons
Energy: -15.539218513593484 eV
Magnetic moment: -9.539700299872475e-16 Bohr magnetons
Energy: -15.539218513593484 eV
Magnetic moment: -9.539700299872475e-16 Bohr magnetons
Energy: -15.539218513593484 eV
Magnetic moment: -9.539700299872475e-16 Bohr magnetons
Energy: -15.539218513593484 eV
Magnetic moment: -9.539700299872475e-16 Bohr magnetons
Energy: -15.539218513593484 eV
Magnetic moment: -9.539700299872475e-16 Bohr magnetons
Calculating q=[0.1 0.  0. ]
Calculating q=[0.1 0.  0. ]
Calculating q=[0.1 0.  0. ]
Calculating q=[0.1 0.  0. ]
Calculating q=[0.1 0.  0. ]
Calculating q=[0.1 0.  0. ]
Calculating q=[0.1 0.  0. ]
Calculating q=[0.1 0.  0. ]
Calculating q=[0.1 0.  0. ]
Calculating q=[0.1 0.  0. ]
Calculating q=[0.1 0.  0. ]
Calculating q=[0.1 0.  0. ]
Energy: -15.543156460858192 eV
Magnetic moment: 2.4617127476101427e-17 Bohr magnetons
Energy: -15.543156460858192 eV
Magnetic moment: 2.4617127476101427e-17 Bohr magnetons
Energy: -15.543156460858192 eV
Magnetic moment: 2.4617127476101427e-17 Bohr magnetons
Energy: -15.543156460858192 eV
Magnetic moment: 2.4617127476101427e-17 Bohr magnetons
Energy: -15.543156460858192 eV
Magnetic moment: 2.4617127476101427e-17 Bohr magnetons
Energy: -15.543156460858192 eV
Magnetic moment: 2.4617127476101427e-17 Bohr magnetons
Energy: -15.543156460858192 eV
Magnetic moment: 2.4617127476101427e-17 Bohr magnetons
Energy: -15.543156460858192 eV
Magnetic moment: 2.4617127476101427e-17 Bohr magnetons
Energy: -15.543156460858192 eV
Magnetic moment: 2.4617127476101427e-17 Bohr magnetons
Energy: -15.543156460858192 eV
Magnetic moment: 2.4617127476101427e-17 Bohr magnetons
Energy: -15.543156460858192 eV
Magnetic moment: 2.4617127476101427e-17 Bohr magnetons
Energy: -15.543156460858192 eV
Magnetic moment: 2.4617127476101427e-17 Bohr magnetons
Calculating q=[0.15 0.   0.  ]
Calculating q=[0.15 0.   0.  ]
Calculating q=[0.15 0.   0.  ]
Calculating q=[0.15 0.   0.  ]
Calculating q=[0.15 0.   0.  ]
Calculating q=[0.15 0.   0.  ]
Calculating q=[0.15 0.   0.  ]
Calculating q=[0.15 0.   0.  ]
Calculating q=[0.15 0.   0.  ]
Calculating q=[0.15 0.   0.  ]
Calculating q=[0.15 0.   0.  ]
Calculating q=[0.15 0.   0.  ]
Energy: -15.548991357161166 eV
Magnetic moment: 7.820232773395496e-15 Bohr magnetons
Energy: -15.548991357161166 eV
Magnetic moment: 7.820232773395496e-15 Bohr magnetons
Energy: -15.548991357161166 eV
Magnetic moment: 7.820232773395496e-15 Bohr magnetons
Energy: -15.548991357161166 eV
Magnetic moment: 7.820232773395496e-15 Bohr magnetons
Energy: -15.548991357161166 eV
Magnetic moment: 7.820232773395496e-15 Bohr magnetons
Energy: -15.548991357161166 eV
Magnetic moment: 7.820232773395496e-15 Bohr magnetons
Energy: -15.548991357161166 eV
Magnetic moment: 7.820232773395496e-15 Bohr magnetons
Energy: -15.548991357161166 eV
Magnetic moment: 7.820232773395496e-15 Bohr magnetons
Energy: -15.548991357161166 eV
Magnetic moment: 7.820232773395496e-15 Bohr magnetons
Energy: -15.548991357161166 eV
Magnetic moment: 7.820232773395496e-15 Bohr magnetons
Energy: -15.548991357161166 eV
Magnetic moment: 7.820232773395496e-15 Bohr magnetons
Energy: -15.548991357161166 eV
Magnetic moment: 7.820232773395496e-15 Bohr magnetons
Calculating q=[0.2 0.  0. ]
Calculating q=[0.2 0.  0. ]
Calculating q=[0.2 0.  0. ]
Calculating q=[0.2 0.  0. ]
Calculating q=[0.2 0.  0. ]
Calculating q=[0.2 0.  0. ]
Calculating q=[0.2 0.  0. ]
Calculating q=[0.2 0.  0. ]
Calculating q=[0.2 0.  0. ]
Calculating q=[0.2 0.  0. ]
Calculating q=[0.2 0.  0. ]
Calculating q=[0.2 0.  0. ]
Energy: -15.555835580055756 eV
Magnetic moment: 1.3863423400872627e-09 Bohr magnetons
Energy: -15.555835580055756 eV
Magnetic moment: 1.3863423400872627e-09 Bohr magnetons
Energy: -15.555835580055756 eV
Magnetic moment: 1.3863423400872627e-09 Bohr magnetons
Energy: -15.555835580055756 eV
Magnetic moment: 1.3863423400872627e-09 Bohr magnetons
Energy: -15.555835580055756 eV
Magnetic moment: 1.3863423400872627e-09 Bohr magnetons
Energy: -15.555835580055756 eV
Magnetic moment: 1.3863423400872627e-09 Bohr magnetons
Energy: -15.555835580055756 eV
Magnetic moment: 1.3863423400872627e-09 Bohr magnetons
Energy: -15.555835580055756 eV
Magnetic moment: 1.3863423400872627e-09 Bohr magnetons
Energy: -15.555835580055756 eV
Magnetic moment: 1.3863423400872627e-09 Bohr magnetons
Energy: -15.555835580055756 eV
Magnetic moment: 1.3863423400872627e-09 Bohr magnetons
Energy: -15.555835580055756 eV
Magnetic moment: 1.3863423400872627e-09 Bohr magnetons
Energy: -15.555835580055756 eV
Magnetic moment: 1.3863423400872627e-09 Bohr magnetons
Calculating q=[0.25 0.   0.  ]
Calculating q=[0.25 0.   0.  ]
Calculating q=[0.25 0.   0.  ]
Calculating q=[0.25 0.   0.  ]
Calculating q=[0.25 0.   0.  ]
Calculating q=[0.25 0.   0.  ]
Calculating q=[0.25 0.   0.  ]
Calculating q=[0.25 0.   0.  ]
Calculating q=[0.25 0.   0.  ]
Calculating q=[0.25 0.   0.  ]
Calculating q=[0.25 0.   0.  ]
Calculating q=[0.25 0.   0.  ]
Energy: -15.56278927088203 eV
Magnetic moment: -1.042212913285942e-11 Bohr magnetons
Energy: -15.56278927088203 eV
Magnetic moment: -1.042212913285942e-11 Bohr magnetons
Energy: -15.56278927088203 eV
Magnetic moment: -1.042212913285942e-11 Bohr magnetons
Energy: -15.56278927088203 eV
Magnetic moment: -1.042212913285942e-11 Bohr magnetons
Energy: -15.56278927088203 eV
Magnetic moment: -1.042212913285942e-11 Bohr magnetons
Energy: -15.56278927088203 eV
Magnetic moment: -1.042212913285942e-11 Bohr magnetons
Energy: -15.56278927088203 eV
Magnetic moment: -1.042212913285942e-11 Bohr magnetons
Energy: -15.56278927088203 eV
Magnetic moment: -1.042212913285942e-11 Bohr magnetons
Energy: -15.56278927088203 eV
Magnetic moment: -1.042212913285942e-11 Bohr magnetons
Energy: -15.56278927088203 eV
Magnetic moment: -1.042212913285942e-11 Bohr magnetons
Energy: -15.56278927088203 eV
Magnetic moment: -1.042212913285942e-11 Bohr magnetons
Energy: -15.56278927088203 eV
Magnetic moment: -1.042212913285942e-11 Bohr magnetons
Calculating q=[0.3 0.  0. ]
Calculating q=[0.3 0.  0. ]
Calculating q=[0.3 0.  0. ]
Calculating q=[0.3 0.  0. ]
Calculating q=[0.3 0.  0. ]
Calculating q=[0.3 0.  0. ]
Calculating q=[0.3 0.  0. ]
Calculating q=[0.3 0.  0. ]
Calculating q=[0.3 0.  0. ]
Calculating q=[0.3 0.  0. ]
Calculating q=[0.3 0.  0. ]
Calculating q=[0.3 0.  0. ]
Energy: -15.569101413812923 eV
Magnetic moment: -2.2810233765941588e-14 Bohr magnetons
Energy: -15.569101413812923 eV
Magnetic moment: -2.2810233765941588e-14 Bohr magnetons
Energy: -15.569101413812923 eV
Magnetic moment: -2.2810233765941588e-14 Bohr magnetons
Energy: -15.569101413812923 eV
Magnetic moment: -2.2810233765941588e-14 Bohr magnetons
Energy: -15.569101413812923 eV
Magnetic moment: -2.2810233765941588e-14 Bohr magnetons
Energy: -15.569101413812923 eV
Magnetic moment: -2.2810233765941588e-14 Bohr magnetons
Energy: -15.569101413812923 eV
Magnetic moment: -2.2810233765941588e-14 Bohr magnetons
Energy: -15.569101413812923 eV
Magnetic moment: -2.2810233765941588e-14 Bohr magnetons
Energy: -15.569101413812923 eV
Magnetic moment: -2.2810233765941588e-14 Bohr magnetons
Energy: -15.569101413812923 eV
Magnetic moment: -2.2810233765941588e-14 Bohr magnetons
Energy: -15.569101413812923 eV
Energy: -15.569101413812923 eV
Magnetic moment: -2.2810233765941588e-14 Bohr magnetons
Calculating q=[0.35 0.   0.  ]
Calculating q=[0.35 0.   0.  ]
Calculating q=[0.35 0.   0.  ]
Calculating q=[0.35 0.   0.  ]
Calculating q=[0.35 0.   0.  ]
Calculating q=[0.35 0.   0.  ]
Calculating q=[0.35 0.   0.  ]
Calculating q=[0.35 0.   0.  ]
Calculating q=[0.35 0.   0.  ]
Calculating q=[0.35 0.   0.  ]
Magnetic moment: -2.2810233765941588e-14 Bohr magnetons
Calculating q=[0.35 0.   0.  ]
Calculating q=[0.35 0.   0.  ]
Energy: -15.574263748972674 eV
Magnetic moment: 5.121497925569053e-14 Bohr magnetons
Energy: -15.574263748972674 eV
Magnetic moment: 5.121497925569053e-14 Bohr magnetons
Energy: -15.574263748972674 eV
Magnetic moment: 5.121497925569053e-14 Bohr magnetons
Energy: -15.574263748972674 eV
Magnetic moment: 5.121497925569053e-14 Bohr magnetons
Energy: -15.574263748972674 eV
Magnetic moment: 5.121497925569053e-14 Bohr magnetons
Energy: -15.574263748972674 eV
Magnetic moment: 5.121497925569053e-14 Bohr magnetons
Energy: -15.574263748972674 eV
Magnetic moment: 5.121497925569053e-14 Bohr magnetons
Energy: -15.574263748972674 eV
Magnetic moment: 5.121497925569053e-14 Bohr magnetons
Energy: -15.574263748972674 eV
Magnetic moment: 5.121497925569053e-14 Bohr magnetons
Energy: -15.574263748972674 eV
Magnetic moment: 5.121497925569053e-14 Bohr magnetons
Energy: -15.574263748972674 eV
Magnetic moment: 5.121497925569053e-14 Bohr magnetons
Energy: -15.574263748972674 eV
Magnetic moment: 5.121497925569053e-14 Bohr magnetons
Calculating q=[0.4 0.  0. ]
Calculating q=[0.4 0.  0. ]
Calculating q=[0.4 0.  0. ]
Calculating q=[0.4 0.  0. ]
Calculating q=[0.4 0.  0. ]
Calculating q=[0.4 0.  0. ]
Calculating q=[0.4 0.  0. ]
Calculating q=[0.4 0.  0. ]
Calculating q=[0.4 0.  0. ]
Calculating q=[0.4 0.  0. ]
Calculating q=[0.4 0.  0. ]
Calculating q=[0.4 0.  0. ]
Energy: -15.578011690237979 eV
Magnetic moment: 1.2848614846686325e-16 Bohr magnetons
Energy: -15.578011690237979 eV
Magnetic moment: 1.2848614846686325e-16 Bohr magnetons
Energy: -15.578011690237979 eV
Magnetic moment: 1.2848614846686325e-16 Bohr magnetons
Energy: -15.578011690237979 eV
Magnetic moment: 1.2848614846686325e-16 Bohr magnetons
Energy: -15.578011690237979 eV
Magnetic moment: 1.2848614846686325e-16 Bohr magnetons
Energy: -15.578011690237979 eV
Magnetic moment: 1.2848614846686325e-16 Bohr magnetons
Energy: -15.578011690237979 eV
Magnetic moment: 1.2848614846686325e-16 Bohr magnetons
Energy: -15.578011690237979 eV
Magnetic moment: 1.2848614846686325e-16 Bohr magnetons
Energy: -15.578011690237979 eV
Magnetic moment: 1.2848614846686325e-16 Bohr magnetons
Energy: -15.578011690237979 eV
Magnetic moment: 1.2848614846686325e-16 Bohr magnetons
Energy: -15.578011690237979 eV
Magnetic moment: 1.2848614846686325e-16 Bohr magnetons
Energy: -15.578011690237979 eV
Magnetic moment: 1.2848614846686325e-16 Bohr magnetons
Calculating q=[0.45 0.   0.  ]
Calculating q=[0.45 0.   0.  ]
Calculating q=[0.45 0.   0.  ]
Calculating q=[0.45 0.   0.  ]
Calculating q=[0.45 0.   0.  ]
Calculating q=[0.45 0.   0.  ]
Calculating q=[0.45 0.   0.  ]
Calculating q=[0.45 0.   0.  ]
Calculating q=[0.45 0.   0.  ]
Calculating q=[0.45 0.   0.  ]
Calculating q=[0.45 0.   0.  ]
Calculating q=[0.45 0.   0.  ]
Energy: -15.580257288265985 eV
Magnetic moment: 7.704272799028576e-12 Bohr magnetons
Energy: -15.580257288265985 eV
Magnetic moment: 7.704272799028576e-12 Bohr magnetons
Energy: -15.580257288265985 eV
Magnetic moment: 7.704272799028576e-12 Bohr magnetons
Energy: -15.580257288265985 eV
Magnetic moment: 7.704272799028576e-12 Bohr magnetons
Energy: -15.580257288265985 eV
Magnetic moment: 7.704272799028576e-12 Bohr magnetons
Energy: -15.580257288265985 eV
Magnetic moment: 7.704272799028576e-12 Bohr magnetons
Energy: -15.580257288265985 eV
Magnetic moment: 7.704272799028576e-12 Bohr magnetons
Energy: -15.580257288265985 eV
Magnetic moment: 7.704272799028576e-12 Bohr magnetons
Energy: -15.580257288265985 eV
Magnetic moment: 7.704272799028576e-12 Bohr magnetons
Energy: -15.580257288265985 eV
Magnetic moment: 7.704272799028576e-12 Bohr magnetons
Energy: -15.580257288265985 eV
Magnetic moment: 7.704272799028576e-12 Bohr magnetons
Energy: -15.580257288265985 eV
Magnetic moment: 7.704272799028576e-12 Bohr magnetons
Calculating q=[0.5 0.  0. ]
Calculating q=[0.5 0.  0. ]
Calculating q=[0.5 0.  0. ]
Calculating q=[0.5 0.  0. ]
Calculating q=[0.5 0.  0. ]
Calculating q=[0.5 0.  0. ]
Calculating q=[0.5 0.  0. ]
Calculating q=[0.5 0.  0. ]
Calculating q=[0.5 0.  0. ]
Calculating q=[0.5 0.  0. ]
Calculating q=[0.5 0.  0. ]
Calculating q=[0.5 0.  0. ]
Energy: -15.580996410790577 eV
Magnetic moment: 6.948075414746329e-13 Bohr magnetons
Energy: -15.580996410790577 eV
Magnetic moment: 6.948075414746329e-13 Bohr magnetons
Energy: -15.580996410790577 eV
Magnetic moment: 6.948075414746329e-13 Bohr magnetons
Energy: -15.580996410790577 eV
Magnetic moment: 6.948075414746329e-13 Bohr magnetons
Energy: -15.580996410790577 eV
Magnetic moment: 6.948075414746329e-13 Bohr magnetons
Energy: -15.580996410790577 eV
Magnetic moment: 6.948075414746329e-13 Bohr magnetons
Energy: -15.580996410790577 eV
Magnetic moment: 6.948075414746329e-13 Bohr magnetons
Energy: -15.580996410790577 eV
Magnetic moment: 6.948075414746329e-13 Bohr magnetons
Energy: -15.580996410790577 eV
Magnetic moment: 6.948075414746329e-13 Bohr magnetons
Energy: -15.580996410790577 eV
Magnetic moment: 6.948075414746329e-13 Bohr magnetons
Energy: -15.580996410790577 eV
Magnetic moment: 6.948075414746329e-13 Bohr magnetons
Energy: -15.580996410790577 eV
Magnetic moment: 6.948075414746329e-13 Bohr magnetons
Calculating q=[0.47222222 0.05555556 0.        ]
Calculating q=[0.47222222 0.05555556 0.        ]
Calculating q=[0.47222222 0.05555556 0.        ]
Calculating q=[0.47222222 0.05555556 0.        ]
Calculating q=[0.47222222 0.05555556 0.        ]
Calculating q=[0.47222222 0.05555556 0.        ]
Calculating q=[0.47222222 0.05555556 0.        ]
Calculating q=[0.47222222 0.05555556 0.        ]
Calculating q=[0.47222222 0.05555556 0.        ]
Calculating q=[0.47222222 0.05555556 0.        ]
Calculating q=[0.47222222 0.05555556 0.        ]
Calculating q=[0.47222222 0.05555556 0.        ]
Energy: -15.581576462521477 eV
Magnetic moment: -6.468282714005437e-16 Bohr magnetons
Energy: -15.581576462521477 eV
Magnetic moment: -6.468282714005437e-16 Bohr magnetons
Energy: -15.581576462521477 eV
Magnetic moment: -6.468282714005437e-16 Bohr magnetons
Energy: -15.581576462521477 eV
Magnetic moment: -6.468282714005437e-16 Bohr magnetons
Energy: -15.581576462521477 eV
Magnetic moment: -6.468282714005437e-16 Bohr magnetons
Energy: -15.581576462521477 eV
Magnetic moment: -6.468282714005437e-16 Bohr magnetons
Energy: -15.581576462521477 eV
Magnetic moment: -6.468282714005437e-16 Bohr magnetons
Energy: -15.581576462521477 eV
Magnetic moment: -6.468282714005437e-16 Bohr magnetons
Energy: -15.581576462521477 eV
Magnetic moment: -6.468282714005437e-16 Bohr magnetons
Energy: -15.581576462521477 eV
Magnetic moment: -6.468282714005437e-16 Bohr magnetons
Energy: -15.581576462521477 eV
Magnetic moment: -6.468282714005437e-16 Bohr magnetons
Energy: -15.581576462521477 eV
Magnetic moment: -6.468282714005437e-16 Bohr magnetons
Calculating q=[0.44444444 0.11111111 0.        ]
Calculating q=[0.44444444 0.11111111 0.        ]
Calculating q=[0.44444444 0.11111111 0.        ]
Calculating q=[0.44444444 0.11111111 0.        ]
Calculating q=[0.44444444 0.11111111 0.        ]
Calculating q=[0.44444444 0.11111111 0.        ]
Calculating q=[0.44444444 0.11111111 0.        ]
Calculating q=[0.44444444 0.11111111 0.        ]
Calculating q=[0.44444444 0.11111111 0.        ]
Calculating q=[0.44444444 0.11111111 0.        ]
Calculating q=[0.44444444 0.11111111 0.        ]
Calculating q=[0.44444444 0.11111111 0.        ]
Energy: -15.583145188038166 eV
Magnetic moment: 8.79579590878758e-16 Bohr magnetons
Energy: -15.583145188038166 eV
Magnetic moment: 8.79579590878758e-16 Bohr magnetons
Energy: -15.583145188038166 eV
Magnetic moment: 8.79579590878758e-16 Bohr magnetons
Energy: -15.583145188038166 eV
Magnetic moment: 8.79579590878758e-16 Bohr magnetons
Energy: -15.583145188038166 eV
Magnetic moment: 8.79579590878758e-16 Bohr magnetons
Energy: -15.583145188038166 eV
Magnetic moment: 8.79579590878758e-16 Bohr magnetons
Energy: -15.583145188038166 eV
Magnetic moment: 8.79579590878758e-16 Bohr magnetons
Energy: -15.583145188038166 eV
Magnetic moment: 8.79579590878758e-16 Bohr magnetons
Energy: -15.583145188038166 eV
Magnetic moment: 8.79579590878758e-16 Bohr magnetons
Energy: -15.583145188038166 eV
Magnetic moment: 8.79579590878758e-16 Bohr magnetons
Energy: -15.583145188038166 eV
Magnetic moment: 8.79579590878758e-16 Bohr magnetons
Energy: -15.583145188038166 eV
Magnetic moment: 8.79579590878758e-16 Bohr magnetons
Calculating q=[0.41666667 0.16666667 0.        ]
Calculating q=[0.41666667 0.16666667 0.        ]
Calculating q=[0.41666667 0.16666667 0.        ]
Calculating q=[0.41666667 0.16666667 0.        ]
Calculating q=[0.41666667 0.16666667 0.        ]
Calculating q=[0.41666667 0.16666667 0.        ]
Calculating q=[0.41666667 0.16666667 0.        ]
Calculating q=[0.41666667 0.16666667 0.        ]
Calculating q=[0.41666667 0.16666667 0.        ]
Calculating q=[0.41666667 0.16666667 0.        ]
Calculating q=[0.41666667 0.16666667 0.        ]
Calculating q=[0.41666667 0.16666667 0.        ]
Energy: -15.585246400252796 eV
Magnetic moment: -1.333789858460567e-14 Bohr magnetons
Energy: -15.585246400252796 eV
Magnetic moment: -1.333789858460567e-14 Bohr magnetons
Energy: -15.585246400252796 eV
Magnetic moment: -1.333789858460567e-14 Bohr magnetons
Energy: -15.585246400252796 eV
Magnetic moment: -1.333789858460567e-14 Bohr magnetons
Energy: -15.585246400252796 eV
Magnetic moment: -1.333789858460567e-14 Bohr magnetons
Energy: -15.585246400252796 eV
Magnetic moment: -1.333789858460567e-14 Bohr magnetons
Energy: -15.585246400252796 eV
Magnetic moment: -1.333789858460567e-14 Bohr magnetons
Energy: -15.585246400252796 eV
Magnetic moment: -1.333789858460567e-14 Bohr magnetons
Energy: -15.585246400252796 eV
Magnetic moment: -1.333789858460567e-14 Bohr magnetons
Energy: -15.585246400252796 eV
Magnetic moment: -1.333789858460567e-14 Bohr magnetons
Energy: -15.585246400252796 eV
Magnetic moment: -1.333789858460567e-14 Bohr magnetons
Energy: -15.585246400252796 eV
Magnetic moment: -1.333789858460567e-14 Bohr magnetons
Calculating q=[0.38888889 0.22222222 0.        ]
Calculating q=[0.38888889 0.22222222 0.        ]
Calculating q=[0.38888889 0.22222222 0.        ]
Calculating q=[0.38888889 0.22222222 0.        ]
Calculating q=[0.38888889 0.22222222 0.        ]
Calculating q=[0.38888889 0.22222222 0.        ]
Calculating q=[0.38888889 0.22222222 0.        ]
Calculating q=[0.38888889 0.22222222 0.        ]
Calculating q=[0.38888889 0.22222222 0.        ]
Calculating q=[0.38888889 0.22222222 0.        ]
Calculating q=[0.38888889 0.22222222 0.        ]
Calculating q=[0.38888889 0.22222222 0.        ]
Energy: -15.587302171967016 eV
Magnetic moment: 1.3074851545273145e-15 Bohr magnetons
Energy: -15.587302171967016 eV
Magnetic moment: 1.3074851545273145e-15 Bohr magnetons
Energy: -15.587302171967016 eV
Magnetic moment: 1.3074851545273145e-15 Bohr magnetons
Energy: -15.587302171967016 eV
Magnetic moment: 1.3074851545273145e-15 Bohr magnetons
Energy: -15.587302171967016 eV
Magnetic moment: 1.3074851545273145e-15 Bohr magnetons
Energy: -15.587302171967016 eV
Magnetic moment: 1.3074851545273145e-15 Bohr magnetons
Energy: -15.587302171967016 eV
Magnetic moment: 1.3074851545273145e-15 Bohr magnetons
Energy: -15.587302171967016 eV
Magnetic moment: 1.3074851545273145e-15 Bohr magnetons
Energy: -15.587302171967016 eV
Magnetic moment: 1.3074851545273145e-15 Bohr magnetons
Energy: -15.587302171967016 eV
Magnetic moment: 1.3074851545273145e-15 Bohr magnetons
Energy: -15.587302171967016 eV
Magnetic moment: 1.3074851545273145e-15 Bohr magnetons
Energy: -15.587302171967016 eV
Magnetic moment: 1.3074851545273145e-15 Bohr magnetons
Calculating q=[0.36111111 0.27777778 0.        ]
Calculating q=[0.36111111 0.27777778 0.        ]
Calculating q=[0.36111111 0.27777778 0.        ]
Calculating q=[0.36111111 0.27777778 0.        ]
Calculating q=[0.36111111 0.27777778 0.        ]
Calculating q=[0.36111111 0.27777778 0.        ]
Calculating q=[0.36111111 0.27777778 0.        ]
Calculating q=[0.36111111 0.27777778 0.        ]
Calculating q=[0.36111111 0.27777778 0.        ]
Calculating q=[0.36111111 0.27777778 0.        ]
Calculating q=[0.36111111 0.27777778 0.        ]
Calculating q=[0.36111111 0.27777778 0.        ]
Energy: -15.588789892301323 eV
Magnetic moment: 2.2820436171453763e-15 Bohr magnetons
Energy: -15.588789892301323 eV
Magnetic moment: 2.2820436171453763e-15 Bohr magnetons
Energy: -15.588789892301323 eV
Magnetic moment: 2.2820436171453763e-15 Bohr magnetons
Energy: -15.588789892301323 eV
Magnetic moment: 2.2820436171453763e-15 Bohr magnetons
Energy: -15.588789892301323 eV
Magnetic moment: 2.2820436171453763e-15 Bohr magnetons
Energy: -15.588789892301323 eV
Magnetic moment: 2.2820436171453763e-15 Bohr magnetons
Energy: -15.588789892301323 eV
Magnetic moment: 2.2820436171453763e-15 Bohr magnetons
Energy: -15.588789892301323 eV
Magnetic moment: 2.2820436171453763e-15 Bohr magnetons
Energy: -15.588789892301323 eV
Magnetic moment: 2.2820436171453763e-15 Bohr magnetons
Energy: -15.588789892301323 eV
Magnetic moment: 2.2820436171453763e-15 Bohr magnetons
Energy: -15.588789892301323 eV
Magnetic moment: 2.2820436171453763e-15 Bohr magnetons
Energy: -15.588789892301323 eV
Magnetic moment: 2.2820436171453763e-15 Bohr magnetons
Calculating q=[0.33333333 0.33333333 0.        ]
Calculating q=[0.33333333 0.33333333 0.        ]
Calculating q=[0.33333333 0.33333333 0.        ]
Calculating q=[0.33333333 0.33333333 0.        ]
Calculating q=[0.33333333 0.33333333 0.        ]
Calculating q=[0.33333333 0.33333333 0.        ]
Calculating q=[0.33333333 0.33333333 0.        ]
Calculating q=[0.33333333 0.33333333 0.        ]
Calculating q=[0.33333333 0.33333333 0.        ]
Calculating q=[0.33333333 0.33333333 0.        ]
Calculating q=[0.33333333 0.33333333 0.        ]
Calculating q=[0.33333333 0.33333333 0.        ]
Energy: -15.58933057026597 eV
Magnetic moment: 1.9096365285413858e-15 Bohr magnetons
Energy: -15.58933057026597 eV
Magnetic moment: 1.9096365285413858e-15 Bohr magnetons
Energy: -15.58933057026597 eV
Magnetic moment: 1.9096365285413858e-15 Bohr magnetons
Energy: -15.58933057026597 eV
Magnetic moment: 1.9096365285413858e-15 Bohr magnetons
Energy: -15.58933057026597 eV
Magnetic moment: 1.9096365285413858e-15 Bohr magnetons
Energy: -15.58933057026597 eV
Magnetic moment: 1.9096365285413858e-15 Bohr magnetons
Energy: -15.58933057026597 eV
Magnetic moment: 1.9096365285413858e-15 Bohr magnetons
Energy: -15.58933057026597 eV
Magnetic moment: 1.9096365285413858e-15 Bohr magnetons
Energy: -15.58933057026597 eV
Magnetic moment: 1.9096365285413858e-15 Bohr magnetons
Energy: -15.58933057026597 eV
Magnetic moment: 1.9096365285413858e-15 Bohr magnetons
Energy: -15.58933057026597 eV
Magnetic moment: 1.9096365285413858e-15 Bohr magnetons
Energy: -15.58933057026597 eV
Magnetic moment: 1.9096365285413858e-15 Bohr magnetons
Calculating q=[0.30952381 0.30952381 0.        ]
Calculating q=[0.30952381 0.30952381 0.        ]
Calculating q=[0.30952381 0.30952381 0.        ]
Calculating q=[0.30952381 0.30952381 0.        ]
Calculating q=[0.30952381 0.30952381 0.        ]
Calculating q=[0.30952381 0.30952381 0.        ]
Calculating q=[0.30952381 0.30952381 0.        ]
Calculating q=[0.30952381 0.30952381 0.        ]
Calculating q=[0.30952381 0.30952381 0.        ]
Calculating q=[0.30952381 0.30952381 0.        ]
Calculating q=[0.30952381 0.30952381 0.        ]
Calculating q=[0.30952381 0.30952381 0.        ]
Energy: -15.588890337695117 eV
Magnetic moment: 3.569707151315552e-15 Bohr magnetons
Energy: -15.588890337695117 eV
Magnetic moment: 3.569707151315552e-15 Bohr magnetons
Energy: -15.588890337695117 eV
Magnetic moment: 3.569707151315552e-15 Bohr magnetons
Energy: -15.588890337695117 eV
Magnetic moment: 3.569707151315552e-15 Bohr magnetons
Energy: -15.588890337695117 eV
Magnetic moment: 3.569707151315552e-15 Bohr magnetons
Energy: -15.588890337695117 eV
Magnetic moment: 3.569707151315552e-15 Bohr magnetons
Energy: -15.588890337695117 eV
Magnetic moment: 3.569707151315552e-15 Bohr magnetons
Energy: -15.588890337695117 eV
Magnetic moment: 3.569707151315552e-15 Bohr magnetons
Energy: -15.588890337695117 eV
Magnetic moment: 3.569707151315552e-15 Bohr magnetons
Energy: -15.588890337695117 eV
Magnetic moment: 3.569707151315552e-15 Bohr magnetons
Energy: -15.588890337695117 eV
Magnetic moment: 3.569707151315552e-15 Bohr magnetons
Energy: -15.588890337695117 eV
Magnetic moment: 3.569707151315552e-15 Bohr magnetons
Calculating q=[0.28571429 0.28571429 0.        ]
Calculating q=[0.28571429 0.28571429 0.        ]
Calculating q=[0.28571429 0.28571429 0.        ]
Calculating q=[0.28571429 0.28571429 0.        ]
Calculating q=[0.28571429 0.28571429 0.        ]
Calculating q=[0.28571429 0.28571429 0.        ]
Calculating q=[0.28571429 0.28571429 0.        ]
Calculating q=[0.28571429 0.28571429 0.        ]
Calculating q=[0.28571429 0.28571429 0.        ]
Calculating q=[0.28571429 0.28571429 0.        ]
Calculating q=[0.28571429 0.28571429 0.        ]
Calculating q=[0.28571429 0.28571429 0.        ]
Energy: -15.587562678660774 eV
Magnetic moment: 9.150724594347887e-16 Bohr magnetons
Energy: -15.587562678660774 eV
Magnetic moment: 9.150724594347887e-16 Bohr magnetons
Energy: -15.587562678660774 eV
Magnetic moment: 9.150724594347887e-16 Bohr magnetons
Energy: -15.587562678660774 eV
Magnetic moment: 9.150724594347887e-16 Bohr magnetons
Energy: -15.587562678660774 eV
Magnetic moment: 9.150724594347887e-16 Bohr magnetons
Energy: -15.587562678660774 eV
Magnetic moment: 9.150724594347887e-16 Bohr magnetons
Energy: -15.587562678660774 eV
Magnetic moment: 9.150724594347887e-16 Bohr magnetons
Energy: -15.587562678660774 eV
Magnetic moment: 9.150724594347887e-16 Bohr magnetons
Energy: -15.587562678660774 eV
Magnetic moment: 9.150724594347887e-16 Bohr magnetons
Energy: -15.587562678660774 eV
Magnetic moment: 9.150724594347887e-16 Bohr magnetons
Energy: -15.587562678660774 eV
Magnetic moment: 9.150724594347887e-16 Bohr magnetons
Energy: -15.587562678660774 eV
Magnetic moment: 9.150724594347887e-16 Bohr magnetons
Calculating q=[0.26190476 0.26190476 0.        ]
Calculating q=[0.26190476 0.26190476 0.        ]
Calculating q=[0.26190476 0.26190476 0.        ]
Calculating q=[0.26190476 0.26190476 0.        ]
Calculating q=[0.26190476 0.26190476 0.        ]
Calculating q=[0.26190476 0.26190476 0.        ]
Calculating q=[0.26190476 0.26190476 0.        ]
Calculating q=[0.26190476 0.26190476 0.        ]
Calculating q=[0.26190476 0.26190476 0.        ]
Calculating q=[0.26190476 0.26190476 0.        ]
Calculating q=[0.26190476 0.26190476 0.        ]
Calculating q=[0.26190476 0.26190476 0.        ]
Energy: -15.585353902865942 eV
Magnetic moment: -1.3770683092708093e-15 Bohr magnetons
Energy: -15.585353902865942 eV
Magnetic moment: -1.3770683092708093e-15 Bohr magnetons
Energy: -15.585353902865942 eV
Magnetic moment: -1.3770683092708093e-15 Bohr magnetons
Energy: -15.585353902865942 eV
Magnetic moment: -1.3770683092708093e-15 Bohr magnetons
Energy: -15.585353902865942 eV
Magnetic moment: -1.3770683092708093e-15 Bohr magnetons
Energy: -15.585353902865942 eV
Magnetic moment: -1.3770683092708093e-15 Bohr magnetons
Energy: -15.585353902865942 eV
Magnetic moment: -1.3770683092708093e-15 Bohr magnetons
Energy: -15.585353902865942 eV
Magnetic moment: -1.3770683092708093e-15 Bohr magnetons
Energy: -15.585353902865942 eV
Magnetic moment: -1.3770683092708093e-15 Bohr magnetons
Energy: -15.585353902865942 eV
Magnetic moment: -1.3770683092708093e-15 Bohr magnetons
Energy: -15.585353902865942 eV
Magnetic moment: -1.3770683092708093e-15 Bohr magnetons
Energy: -15.585353902865942 eV
Magnetic moment: -1.3770683092708093e-15 Bohr magnetons
Calculating q=[0.23809524 0.23809524 0.        ]
Calculating q=[0.23809524 0.23809524 0.        ]
Calculating q=[0.23809524 0.23809524 0.        ]
Calculating q=[0.23809524 0.23809524 0.        ]
Calculating q=[0.23809524 0.23809524 0.        ]
Calculating q=[0.23809524 0.23809524 0.        ]
Calculating q=[0.23809524 0.23809524 0.        ]
Calculating q=[0.23809524 0.23809524 0.        ]
Calculating q=[0.23809524 0.23809524 0.        ]
Calculating q=[0.23809524 0.23809524 0.        ]
Calculating q=[0.23809524 0.23809524 0.        ]
Calculating q=[0.23809524 0.23809524 0.        ]
Energy: -15.582292238003802 eV
Magnetic moment: -2.257172442205852e-15 Bohr magnetons
Energy: -15.582292238003802 eV
Magnetic moment: -2.257172442205852e-15 Bohr magnetons
Energy: -15.582292238003802 eV
Magnetic moment: -2.257172442205852e-15 Bohr magnetons
Energy: -15.582292238003802 eV
Magnetic moment: -2.257172442205852e-15 Bohr magnetons
Energy: -15.582292238003802 eV
Magnetic moment: -2.257172442205852e-15 Bohr magnetons
Energy: -15.582292238003802 eV
Magnetic moment: -2.257172442205852e-15 Bohr magnetons
Energy: -15.582292238003802 eV
Magnetic moment: -2.257172442205852e-15 Bohr magnetons
Energy: -15.582292238003802 eV
Magnetic moment: -2.257172442205852e-15 Bohr magnetons
Energy: -15.582292238003802 eV
Magnetic moment: -2.257172442205852e-15 Bohr magnetons
Energy: -15.582292238003802 eV
Magnetic moment: -2.257172442205852e-15 Bohr magnetons
Energy: -15.582292238003802 eV
Magnetic moment: -2.257172442205852e-15 Bohr magnetons
Energy: -15.582292238003802 eV
Magnetic moment: -2.257172442205852e-15 Bohr magnetons
Calculating q=[0.21428571 0.21428571 0.        ]
Calculating q=[0.21428571 0.21428571 0.        ]
Calculating q=[0.21428571 0.21428571 0.        ]
Calculating q=[0.21428571 0.21428571 0.        ]
Calculating q=[0.21428571 0.21428571 0.        ]
Calculating q=[0.21428571 0.21428571 0.        ]
Calculating q=[0.21428571 0.21428571 0.        ]
Calculating q=[0.21428571 0.21428571 0.        ]
Calculating q=[0.21428571 0.21428571 0.        ]
Calculating q=[0.21428571 0.21428571 0.        ]
Calculating q=[0.21428571 0.21428571 0.        ]
Calculating q=[0.21428571 0.21428571 0.        ]
Energy: -15.578422872165838 eV
Magnetic moment: -3.1775653085869526e-15 Bohr magnetons
Energy: -15.578422872165838 eV
Magnetic moment: -3.1775653085869526e-15 Bohr magnetons
Energy: -15.578422872165838 eV
Magnetic moment: -3.1775653085869526e-15 Bohr magnetons
Energy: -15.578422872165838 eV
Magnetic moment: -3.1775653085869526e-15 Bohr magnetons
Energy: -15.578422872165838 eV
Magnetic moment: -3.1775653085869526e-15 Bohr magnetons
Energy: -15.578422872165838 eV
Magnetic moment: -3.1775653085869526e-15 Bohr magnetons
Energy: -15.578422872165838 eV
Magnetic moment: -3.1775653085869526e-15 Bohr magnetons
Energy: -15.578422872165838 eV
Magnetic moment: -3.1775653085869526e-15 Bohr magnetons
Energy: -15.578422872165838 eV
Magnetic moment: -3.1775653085869526e-15 Bohr magnetons
Energy: -15.578422872165838 eV
Magnetic moment: -3.1775653085869526e-15 Bohr magnetons
Energy: -15.578422872165838 eV
Magnetic moment: -3.1775653085869526e-15 Bohr magnetons
Energy: -15.578422872165838 eV
Magnetic moment: -3.1775653085869526e-15 Bohr magnetons
Calculating q=[0.19047619 0.19047619 0.        ]
Calculating q=[0.19047619 0.19047619 0.        ]
Calculating q=[0.19047619 0.19047619 0.        ]
Calculating q=[0.19047619 0.19047619 0.        ]
Calculating q=[0.19047619 0.19047619 0.        ]
Calculating q=[0.19047619 0.19047619 0.        ]
Calculating q=[0.19047619 0.19047619 0.        ]
Calculating q=[0.19047619 0.19047619 0.        ]
Calculating q=[0.19047619 0.19047619 0.        ]
Calculating q=[0.19047619 0.19047619 0.        ]
Calculating q=[0.19047619 0.19047619 0.        ]
Calculating q=[0.19047619 0.19047619 0.        ]
Energy: -15.573808502447909 eV
Magnetic moment: 1.087591396204149e-15 Bohr magnetons
Energy: -15.573808502447909 eV
Magnetic moment: 1.087591396204149e-15 Bohr magnetons
Energy: -15.573808502447909 eV
Magnetic moment: 1.087591396204149e-15 Bohr magnetons
Energy: -15.573808502447909 eV
Magnetic moment: 1.087591396204149e-15 Bohr magnetons
Energy: -15.573808502447909 eV
Magnetic moment: 1.087591396204149e-15 Bohr magnetons
Energy: -15.573808502447909 eV
Magnetic moment: 1.087591396204149e-15 Bohr magnetons
Energy: -15.573808502447909 eV
Magnetic moment: 1.087591396204149e-15 Bohr magnetons
Energy: -15.573808502447909 eV
Magnetic moment: 1.087591396204149e-15 Bohr magnetons
Energy: -15.573808502447909 eV
Magnetic moment: 1.087591396204149e-15 Bohr magnetons
Energy: -15.573808502447909 eV
Magnetic moment: 1.087591396204149e-15 Bohr magnetons
Energy: -15.573808502447909 eV
Magnetic moment: 1.087591396204149e-15 Bohr magnetons
Energy: -15.573808502447909 eV
Magnetic moment: 1.087591396204149e-15 Bohr magnetons
Calculating q=[0.16666667 0.16666667 0.        ]
Calculating q=[0.16666667 0.16666667 0.        ]
Calculating q=[0.16666667 0.16666667 0.        ]
Calculating q=[0.16666667 0.16666667 0.        ]
Calculating q=[0.16666667 0.16666667 0.        ]
Calculating q=[0.16666667 0.16666667 0.        ]
Calculating q=[0.16666667 0.16666667 0.        ]
Calculating q=[0.16666667 0.16666667 0.        ]
Calculating q=[0.16666667 0.16666667 0.        ]
Calculating q=[0.16666667 0.16666667 0.        ]
Calculating q=[0.16666667 0.16666667 0.        ]
Calculating q=[0.16666667 0.16666667 0.        ]
Energy: -15.568545524621074 eV
Magnetic moment: 2.04992843746749e-15 Bohr magnetons
Energy: -15.568545524621074 eV
Magnetic moment: 2.04992843746749e-15 Bohr magnetons
Energy: -15.568545524621074 eV
Magnetic moment: 2.04992843746749e-15 Bohr magnetons
Energy: -15.568545524621074 eV
Magnetic moment: 2.04992843746749e-15 Bohr magnetons
Energy: -15.568545524621074 eV
Magnetic moment: 2.04992843746749e-15 Bohr magnetons
Energy: -15.568545524621074 eV
Magnetic moment: 2.04992843746749e-15 Bohr magnetons
Energy: -15.568545524621074 eV
Magnetic moment: 2.04992843746749e-15 Bohr magnetons
Energy: -15.568545524621074 eV
Magnetic moment: 2.04992843746749e-15 Bohr magnetons
Energy: -15.568545524621074 eV
Magnetic moment: 2.04992843746749e-15 Bohr magnetons
Energy: -15.568545524621074 eV
Magnetic moment: 2.04992843746749e-15 Bohr magnetons
Energy: -15.568545524621074 eV
Magnetic moment: 2.04992843746749e-15 Bohr magnetons
Energy: -15.568545524621074 eV
Magnetic moment: 2.04992843746749e-15 Bohr magnetons
Calculating q=[0.14285714 0.14285714 0.        ]
Calculating q=[0.14285714 0.14285714 0.        ]
Calculating q=[0.14285714 0.14285714 0.        ]
Calculating q=[0.14285714 0.14285714 0.        ]
Calculating q=[0.14285714 0.14285714 0.        ]
Calculating q=[0.14285714 0.14285714 0.        ]
Calculating q=[0.14285714 0.14285714 0.        ]
Calculating q=[0.14285714 0.14285714 0.        ]
Calculating q=[0.14285714 0.14285714 0.        ]
Calculating q=[0.14285714 0.14285714 0.        ]
Calculating q=[0.14285714 0.14285714 0.        ]
Calculating q=[0.14285714 0.14285714 0.        ]
Energy: -15.562794399197433 eV
Magnetic moment: -9.881581729689715e-16 Bohr magnetons
Energy: -15.562794399197433 eV
Magnetic moment: -9.881581729689715e-16 Bohr magnetons
Energy: -15.562794399197433 eV
Magnetic moment: -9.881581729689715e-16 Bohr magnetons
Energy: -15.562794399197433 eV
Magnetic moment: -9.881581729689715e-16 Bohr magnetons
Energy: -15.562794399197433 eV
Magnetic moment: -9.881581729689715e-16 Bohr magnetons
Energy: -15.562794399197433 eV
Magnetic moment: -9.881581729689715e-16 Bohr magnetons
Energy: -15.562794399197433 eV
Magnetic moment: -9.881581729689715e-16 Bohr magnetons
Energy: -15.562794399197433 eV
Magnetic moment: -9.881581729689715e-16 Bohr magnetons
Energy: -15.562794399197433 eV
Magnetic moment: -9.881581729689715e-16 Bohr magnetons
Energy: -15.562794399197433 eV
Magnetic moment: -9.881581729689715e-16 Bohr magnetons
Energy: -15.562794399197433 eV
Magnetic moment: -9.881581729689715e-16 Bohr magnetons
Energy: -15.562794399197433 eV
Magnetic moment: -9.881581729689715e-16 Bohr magnetons
Calculating q=[0.11904762 0.11904762 0.        ]
Calculating q=[0.11904762 0.11904762 0.        ]
Calculating q=[0.11904762 0.11904762 0.        ]
Calculating q=[0.11904762 0.11904762 0.        ]
Calculating q=[0.11904762 0.11904762 0.        ]
Calculating q=[0.11904762 0.11904762 0.        ]
Calculating q=[0.11904762 0.11904762 0.        ]
Calculating q=[0.11904762 0.11904762 0.        ]
Calculating q=[0.11904762 0.11904762 0.        ]
Calculating q=[0.11904762 0.11904762 0.        ]
Calculating q=[0.11904762 0.11904762 0.        ]
Calculating q=[0.11904762 0.11904762 0.        ]
Energy: -15.55683823141291 eV
Magnetic moment: 5.80432020787761e-15 Bohr magnetons
Energy: -15.55683823141291 eV
Magnetic moment: 5.80432020787761e-15 Bohr magnetons
Energy: -15.55683823141291 eV
Magnetic moment: 5.80432020787761e-15 Bohr magnetons
Energy: -15.55683823141291 eV
Magnetic moment: 5.80432020787761e-15 Bohr magnetons
Energy: -15.55683823141291 eV
Magnetic moment: 5.80432020787761e-15 Bohr magnetons
Energy: -15.55683823141291 eV
Magnetic moment: 5.80432020787761e-15 Bohr magnetons
Energy: -15.55683823141291 eV
Magnetic moment: 5.80432020787761e-15 Bohr magnetons
Energy: -15.55683823141291 eV
Magnetic moment: 5.80432020787761e-15 Bohr magnetons
Energy: -15.55683823141291 eV
Magnetic moment: 5.80432020787761e-15 Bohr magnetons
Energy: -15.55683823141291 eV
Magnetic moment: 5.80432020787761e-15 Bohr magnetons
Energy: -15.55683823141291 eV
Magnetic moment: 5.80432020787761e-15 Bohr magnetons
Calculating q=[0.0952381 0.0952381 0.       ]
Energy: -15.55683823141291 eV
Magnetic moment: 5.80432020787761e-15 Bohr magnetons
Calculating q=[0.0952381 0.0952381 0.       ]
Calculating q=[0.0952381 0.0952381 0.       ]
Calculating q=[0.0952381 0.0952381 0.       ]
Calculating q=[0.0952381 0.0952381 0.       ]
Calculating q=[0.0952381 0.0952381 0.       ]
Calculating q=[0.0952381 0.0952381 0.       ]
Calculating q=[0.0952381 0.0952381 0.       ]
Calculating q=[0.0952381 0.0952381 0.       ]
Calculating q=[0.0952381 0.0952381 0.       ]
Calculating q=[0.0952381 0.0952381 0.       ]
Calculating q=[0.0952381 0.0952381 0.       ]
Energy: -15.551003490918013 eV
Magnetic moment: -1.510361589776091e-13 Bohr magnetons
Energy: -15.551003490918013 eV
Magnetic moment: -1.510361589776091e-13 Bohr magnetons
Energy: -15.551003490918013 eV
Magnetic moment: -1.510361589776091e-13 Bohr magnetons
Energy: -15.551003490918013 eV
Magnetic moment: -1.510361589776091e-13 Bohr magnetons
Energy: -15.551003490918013 eV
Magnetic moment: -1.510361589776091e-13 Bohr magnetons
Energy: -15.551003490918013 eV
Magnetic moment: -1.510361589776091e-13 Bohr magnetons
Energy: -15.551003490918013 eV
Magnetic moment: -1.510361589776091e-13 Bohr magnetons
Energy: -15.551003490918013 eV
Magnetic moment: -1.510361589776091e-13 Bohr magnetons
Energy: -15.551003490918013 eV
Magnetic moment: -1.510361589776091e-13 Bohr magnetons
Energy: -15.551003490918013 eV
Magnetic moment: -1.510361589776091e-13 Bohr magnetons
Energy: -15.551003490918013 eV
Magnetic moment: -1.510361589776091e-13 Bohr magnetons
Energy: -15.551003490918013 eV
Magnetic moment: -1.510361589776091e-13 Bohr magnetons
Calculating q=[0.07142857 0.07142857 0.        ]
Calculating q=[0.07142857 0.07142857 0.        ]
Calculating q=[0.07142857 0.07142857 0.        ]
Calculating q=[0.07142857 0.07142857 0.        ]
Calculating q=[0.07142857 0.07142857 0.        ]
Calculating q=[0.07142857 0.07142857 0.        ]
Calculating q=[0.07142857 0.07142857 0.        ]
Calculating q=[0.07142857 0.07142857 0.        ]
Calculating q=[0.07142857 0.07142857 0.        ]
Calculating q=[0.07142857 0.07142857 0.        ]
Calculating q=[0.07142857 0.07142857 0.        ]
Calculating q=[0.07142857 0.07142857 0.        ]
Energy: -15.54573567568913 eV
Magnetic moment: -7.970971033622514e-16 Bohr magnetons
Energy: -15.54573567568913 eV
Magnetic moment: -7.970971033622514e-16 Bohr magnetons
Energy: -15.54573567568913 eV
Magnetic moment: -7.970971033622514e-16 Bohr magnetons
Energy: -15.54573567568913 eV
Magnetic moment: -7.970971033622514e-16 Bohr magnetons
Energy: -15.54573567568913 eV
Magnetic moment: -7.970971033622514e-16 Bohr magnetons
Energy: -15.54573567568913 eV
Magnetic moment: -7.970971033622514e-16 Bohr magnetons
Energy: -15.54573567568913 eV
Magnetic moment: -7.970971033622514e-16 Bohr magnetons
Energy: -15.54573567568913 eV
Magnetic moment: -7.970971033622514e-16 Bohr magnetons
Energy: -15.54573567568913 eV
Magnetic moment: -7.970971033622514e-16 Bohr magnetons
Energy: -15.54573567568913 eV
Magnetic moment: -7.970971033622514e-16 Bohr magnetons
Energy: -15.54573567568913 eV
Magnetic moment: -7.970971033622514e-16 Bohr magnetons
Energy: -15.54573567568913 eV
Magnetic moment: -7.970971033622514e-16 Bohr magnetons
Calculating q=[0.04761905 0.04761905 0.        ]
Calculating q=[0.04761905 0.04761905 0.        ]
Calculating q=[0.04761905 0.04761905 0.        ]
Calculating q=[0.04761905 0.04761905 0.        ]
Calculating q=[0.04761905 0.04761905 0.        ]
Calculating q=[0.04761905 0.04761905 0.        ]
Calculating q=[0.04761905 0.04761905 0.        ]
Calculating q=[0.04761905 0.04761905 0.        ]
Calculating q=[0.04761905 0.04761905 0.        ]
Calculating q=[0.04761905 0.04761905 0.        ]
Calculating q=[0.04761905 0.04761905 0.        ]
Calculating q=[0.04761905 0.04761905 0.        ]
Energy: -15.541513437162813 eV
Magnetic moment: -3.5446075882061763e-15 Bohr magnetons
Energy: -15.541513437162813 eV
Magnetic moment: -3.5446075882061763e-15 Bohr magnetons
Energy: -15.541513437162813 eV
Magnetic moment: -3.5446075882061763e-15 Bohr magnetons
Energy: -15.541513437162813 eV
Magnetic moment: -3.5446075882061763e-15 Bohr magnetons
Energy: -15.541513437162813 eV
Magnetic moment: -3.5446075882061763e-15 Bohr magnetons
Energy: -15.541513437162813 eV
Magnetic moment: -3.5446075882061763e-15 Bohr magnetons
Energy: -15.541513437162813 eV
Magnetic moment: -3.5446075882061763e-15 Bohr magnetons
Energy: -15.541513437162813 eV
Magnetic moment: -3.5446075882061763e-15 Bohr magnetons
Energy: -15.541513437162813 eV
Magnetic moment: -3.5446075882061763e-15 Bohr magnetons
Energy: -15.541513437162813 eV
Magnetic moment: -3.5446075882061763e-15 Bohr magnetons
Energy: -15.541513437162813 eV
Magnetic moment: -3.5446075882061763e-15 Bohr magnetons
Energy: -15.541513437162813 eV
Magnetic moment: -3.5446075882061763e-15 Bohr magnetons
Calculating q=[0.02380952 0.02380952 0.        ]
Calculating q=[0.02380952 0.02380952 0.        ]
Calculating q=[0.02380952 0.02380952 0.        ]
Calculating q=[0.02380952 0.02380952 0.        ]
Calculating q=[0.02380952 0.02380952 0.        ]
Calculating q=[0.02380952 0.02380952 0.        ]
Calculating q=[0.02380952 0.02380952 0.        ]
Calculating q=[0.02380952 0.02380952 0.        ]
Calculating q=[0.02380952 0.02380952 0.        ]
Calculating q=[0.02380952 0.02380952 0.        ]
Calculating q=[0.02380952 0.02380952 0.        ]
Calculating q=[0.02380952 0.02380952 0.        ]
Energy: -15.538775874908337 eV
Magnetic moment: -1.2280809321880908e-15 Bohr magnetons
Energy: -15.538775874908337 eV
Magnetic moment: -1.2280809321880908e-15 Bohr magnetons
Energy: -15.538775874908337 eV
Magnetic moment: -1.2280809321880908e-15 Bohr magnetons
Energy: -15.538775874908337 eV
Magnetic moment: -1.2280809321880908e-15 Bohr magnetons
Energy: -15.538775874908337 eV
Magnetic moment: -1.2280809321880908e-15 Bohr magnetons
Energy: -15.538775874908337 eV
Magnetic moment: -1.2280809321880908e-15 Bohr magnetons
Energy: -15.538775874908337 eV
Magnetic moment: -1.2280809321880908e-15 Bohr magnetons
Energy: -15.538775874908337 eV
Magnetic moment: -1.2280809321880908e-15 Bohr magnetons
Energy: -15.538775874908337 eV
Magnetic moment: -1.2280809321880908e-15 Bohr magnetons
Energy: -15.538775874908337 eV
Magnetic moment: -1.2280809321880908e-15 Bohr magnetons
Energy: -15.538775874908337 eV
Magnetic moment: -1.2280809321880908e-15 Bohr magnetons
Energy: -15.538775874908337 eV
Magnetic moment: -1.2280809321880908e-15 Bohr magnetons
Calculating q=[0. 0. 0.]
Calculating q=[0. 0. 0.]
Calculating q=[0. 0. 0.]
Calculating q=[0. 0. 0.]
Calculating q=[0. 0. 0.]
Calculating q=[0. 0. 0.]
Calculating q=[0. 0. 0.]
Calculating q=[0. 0. 0.]
Calculating q=[0. 0. 0.]
Calculating q=[0. 0. 0.]
Calculating q=[0. 0. 0.]
Calculating q=[0. 0. 0.]
Energy: -15.537822806645403 eV
Magnetic moment: 1.083145075301754e-10 Bohr magnetons
Energy: -15.537822806645403 eV
Magnetic moment: 1.083145075301754e-10 Bohr magnetons
Energy: -15.537822806645403 eV
Magnetic moment: 1.083145075301754e-10 Bohr magnetons
Energy: -15.537822806645403 eV
Magnetic moment: 1.083145075301754e-10 Bohr magnetons
Energy: -15.537822806645403 eV
Magnetic moment: 1.083145075301754e-10 Bohr magnetons
Energy: -15.537822806645403 eV
Magnetic moment: 1.083145075301754e-10 Bohr magnetons
Energy: -15.537822806645403 eV
Magnetic moment: 1.083145075301754e-10 Bohr magnetons
Energy: -15.537822806645403 eV
Magnetic moment: 1.083145075301754e-10 Bohr magnetons
Energy: -15.537822806645403 eV
Magnetic moment: 1.083145075301754e-10 Bohr magnetons
Energy: -15.537822806645403 eV
Magnetic moment: 1.083145075301754e-10 Bohr magnetons
Energy: -15.537822806645403 eV
Magnetic moment: 1.083145075301754e-10 Bohr magnetons
Energy: -15.537822806645403 eV
Magnetic moment: 1.083145075301754e-10 Bohr magnetons

------------------------------------------------------------
Sender: LSF System <lsfadmin@hpc.dtu.dk>
Subject: Job 21535513: <plot_7.py> in cluster <dcc> Done

Job <plot_7.py> was submitted from host <n-62-30-1> by user <s194113> in cluster <dcc> at Sun Apr 21 14:06:57 2024
Job was executed on host(s) <12*n-62-29-6>, in queue <hpc>, as user <s194113> in cluster <dcc> at Sun Apr 21 14:06:57 2024
</zhome/87/8/147075> was used as the home directory.
</zhome/87/8/147075/10302/10302_NM/VBr2/E_con> was used as the working directory.
Started at Sun Apr 21 14:06:57 2024
Terminated at Sun Apr 21 18:54:54 2024
Results reported at Sun Apr 21 18:54:54 2024

Your job looked like:

------------------------------------------------------------
# LSBATCH: User input
#!/bin/bash -l
id=$LSB_JOBID
mq=/zhome/87/8/147075/.myqueue/lsf-$id
source /zhome/87/8/147075/venv-name/bin/activate
echo "venv: /zhome/87/8/147075/venv-name/bin/activate"
(touch $mq-0 && \
 cd '/zhome/87/8/147075/10302/10302_NM/VBr2/E_con' && \
 mpiexec python3 plot_7.py && \
 touch $mq-1) || \
(touch $mq-2; exit 1)

------------------------------------------------------------

Successfully completed.

Resource usage summary:

    CPU time :                                   207225.09 sec.
    Max Memory :                                 10075 MB
    Average Memory :                             7112.01 MB
    Total Requested Memory :                     73728.00 MB
    Delta Memory :                               63653.00 MB
    Max Swap :                                   -
    Max Processes :                              17
    Max Threads :                                57
    Run time :                                   17277 sec.
    Turnaround time :                            17277 sec.

The output (if any) is above this job summary.



PS:

Read file </zhome/87/8/147075/10302/10302_NM/VBr2/E_con/plot_7.py.21535513.err> for stderr output of this job.

