venv: /zhome/87/8/147075/venv-name/bin/activate
[1713701214.700350] [n-62-29-29:371  :0]          ib_md.c:1063 UCX  WARN  IB: ibv_fork_init() was disabled or failed, yet a fork() has been issued.
[1713701214.700391] [n-62-29-29:371  :0]          ib_md.c:1064 UCX  WARN  IB: data corruption might occur when using registered memory.
[1713701214.700395] [n-62-29-29:370  :0]          ib_md.c:1063 UCX  WARN  IB: ibv_fork_init() was disabled or failed, yet a fork() has been issued.
[1713701214.700454] [n-62-29-29:370  :0]          ib_md.c:1064 UCX  WARN  IB: data corruption might occur when using registered memory.
[1713701214.700400] [n-62-29-29:372  :0]          ib_md.c:1063 UCX  WARN  IB: ibv_fork_init() was disabled or failed, yet a fork() has been issued.
[1713701214.700438] [n-62-29-29:372  :0]          ib_md.c:1064 UCX  WARN  IB: data corruption might occur when using registered memory.
[1713701214.700435] [n-62-29-29:374  :0]          ib_md.c:1063 UCX  WARN  IB: ibv_fork_init() was disabled or failed, yet a fork() has been issued.
[1713701214.700478] [n-62-29-29:374  :0]          ib_md.c:1064 UCX  WARN  IB: data corruption might occur when using registered memory.
[1713701214.700399] [n-62-29-29:375  :0]          ib_md.c:1063 UCX  WARN  IB: ibv_fork_init() was disabled or failed, yet a fork() has been issued.
[1713701214.700438] [n-62-29-29:375  :0]          ib_md.c:1064 UCX  WARN  IB: data corruption might occur when using registered memory.
[1713701214.700404] [n-62-29-29:380  :0]          ib_md.c:1063 UCX  WARN  IB: ibv_fork_init() was disabled or failed, yet a fork() has been issued.
[1713701214.700439] [n-62-29-29:380  :0]          ib_md.c:1064 UCX  WARN  IB: data corruption might occur when using registered memory.
[1713701214.700427] [n-62-29-29:386  :0]          ib_md.c:1063 UCX  WARN  IB: ibv_fork_init() was disabled or failed, yet a fork() has been issued.
[1713701214.700469] [n-62-29-29:386  :0]          ib_md.c:1064 UCX  WARN  IB: data corruption might occur when using registered memory.
[1713701214.700517] [n-62-29-29:373  :0]          ib_md.c:1063 UCX  WARN  IB: ibv_fork_init() was disabled or failed, yet a fork() has been issued.
[1713701214.700572] [n-62-29-29:373  :0]          ib_md.c:1064 UCX  WARN  IB: data corruption might occur when using registered memory.
[1713701214.700527] [n-62-29-29:376  :0]          ib_md.c:1063 UCX  WARN  IB: ibv_fork_init() was disabled or failed, yet a fork() has been issued.
[1713701214.700577] [n-62-29-29:376  :0]          ib_md.c:1064 UCX  WARN  IB: data corruption might occur when using registered memory.
[1713701214.700462] [n-62-29-29:379  :0]          ib_md.c:1063 UCX  WARN  IB: ibv_fork_init() was disabled or failed, yet a fork() has been issued.
[1713701214.700518] [n-62-29-29:379  :0]          ib_md.c:1064 UCX  WARN  IB: data corruption might occur when using registered memory.
[1713701214.700588] [n-62-29-29:383  :0]          ib_md.c:1063 UCX  WARN  IB: ibv_fork_init() was disabled or failed, yet a fork() has been issued.
[1713701214.700633] [n-62-29-29:383  :0]          ib_md.c:1064 UCX  WARN  IB: data corruption might occur when using registered memory.
[1713701214.700458] [n-62-29-29:385  :0]          ib_md.c:1063 UCX  WARN  IB: ibv_fork_init() was disabled or failed, yet a fork() has been issued.
[1713701214.700499] [n-62-29-29:385  :0]          ib_md.c:1064 UCX  WARN  IB: data corruption might occur when using registered memory.
Calculating ground state
31 q-points in the path
=====================================
Calculating ground state
31 q-points in the path
=====================================
Calculating ground state
Calculating ground state
31 q-points in the path
=====================================
31 q-points in the path
=====================================
Calculating ground state
31 q-points in the path
=====================================
Calculating q=[0. 0. 0.]
Calculating ground state
31 q-points in the path
=====================================
Calculating ground state
31 q-points in the path
=====================================
Calculating ground state
31 q-points in the path
=====================================
Calculating q=[0. 0. 0.]
Calculating q=[0. 0. 0.]
Calculating q=[0. 0. 0.]
Calculating ground state
31 q-points in the path
=====================================
Calculating q=[0. 0. 0.]
Calculating q=[0. 0. 0.]
Calculating ground state
31 q-points in the path
Calculating q=[0. 0. 0.]
Calculating q=[0. 0. 0.]
=====================================
Calculating ground state
31 q-points in the path
=====================================
Calculating q=[0. 0. 0.]
Calculating ground state
31 q-points in the path
=====================================
Calculating q=[0. 0. 0.]
Calculating q=[0. 0. 0.]
Calculating q=[0. 0. 0.]
Energy: -15.536586576498799 eV
Magnetic moment: -3.5903239450230302e-12 Bohr magnetons
Energy: -15.536586576498799 eV
Magnetic moment: -3.5903239450230302e-12 Bohr magnetons
Energy: -15.536586576498799 eV
Magnetic moment: -3.5903239450230302e-12 Bohr magnetons
Energy: -15.536586576498799 eV
Magnetic moment: -3.5903239450230302e-12 Bohr magnetons
Energy: -15.536586576498799 eV
Magnetic moment: -3.5903239450230302e-12 Bohr magnetons
Energy: -15.536586576498799 eV
Magnetic moment: -3.5903239450230302e-12 Bohr magnetons
Energy: -15.536586576498799 eV
Magnetic moment: -3.5903239450230302e-12 Bohr magnetons
Energy: -15.536586576498799 eV
Magnetic moment: -3.5903239450230302e-12 Bohr magnetons
Energy: -15.536586576498799 eV
Magnetic moment: -3.5903239450230302e-12 Bohr magnetons
Energy: -15.536586576498799 eV
Magnetic moment: -3.5903239450230302e-12 Bohr magnetons
Energy: -15.536586576498799 eV
Magnetic moment: -3.5903239450230302e-12 Bohr magnetons
Calculating q=[0.05 0.   0.  ]
Calculating q=[0.05 0.   0.  ]
Calculating q=[0.05 0.   0.  ]
Calculating q=[0.05 0.   0.  ]
Calculating q=[0.05 0.   0.  ]
Calculating q=[0.05 0.   0.  ]
Calculating q=[0.05 0.   0.  ]
Energy: -15.536586576498799 eV
Magnetic moment: -3.5903239450230302e-12 Bohr magnetons
Calculating q=[0.05 0.   0.  ]
Calculating q=[0.05 0.   0.  ]
Calculating q=[0.05 0.   0.  ]
Calculating q=[0.05 0.   0.  ]
Calculating q=[0.05 0.   0.  ]
Energy: -15.537980807468262 eV
Magnetic moment: 2.2308120659870516e-16 Bohr magnetons
Energy: -15.537980807468262 eV
Magnetic moment: 2.2308120659870516e-16 Bohr magnetons
Energy: -15.537980807468262 eV
Magnetic moment: 2.2308120659870516e-16 Bohr magnetons
Energy: -15.537980807468262 eV
Magnetic moment: 2.2308120659870516e-16 Bohr magnetons
Energy: -15.537980807468262 eV
Magnetic moment: 2.2308120659870516e-16 Bohr magnetons
Energy: -15.537980807468262 eV
Magnetic moment: 2.2308120659870516e-16 Bohr magnetons
Energy: -15.537980807468262 eV
Magnetic moment: 2.2308120659870516e-16 Bohr magnetons
Energy: -15.537980807468262 eV
Magnetic moment: 2.2308120659870516e-16 Bohr magnetons
Energy: -15.537980807468262 eV
Magnetic moment: 2.2308120659870516e-16 Bohr magnetons
Energy: -15.537980807468262 eV
Magnetic moment: 2.2308120659870516e-16 Bohr magnetons
Energy: -15.537980807468262 eV
Magnetic moment: 2.2308120659870516e-16 Bohr magnetons
Energy: -15.537980807468262 eV
Magnetic moment: 2.2308120659870516e-16 Bohr magnetons
Calculating q=[0.1 0.  0. ]
Calculating q=[0.1 0.  0. ]
Calculating q=[0.1 0.  0. ]
Calculating q=[0.1 0.  0. ]
Calculating q=[0.1 0.  0. ]
Calculating q=[0.1 0.  0. ]
Calculating q=[0.1 0.  0. ]
Calculating q=[0.1 0.  0. ]
Calculating q=[0.1 0.  0. ]
Calculating q=[0.1 0.  0. ]
Calculating q=[0.1 0.  0. ]
Calculating q=[0.1 0.  0. ]
Energy: -15.541915060871267 eV
Magnetic moment: 9.54313584387292e-16 Bohr magnetons
Energy: -15.541915060871267 eV
Magnetic moment: 9.54313584387292e-16 Bohr magnetons
Energy: -15.541915060871267 eV
Magnetic moment: 9.54313584387292e-16 Bohr magnetons
Energy: -15.541915060871267 eV
Magnetic moment: 9.54313584387292e-16 Bohr magnetons
Energy: -15.541915060871267 eV
Magnetic moment: 9.54313584387292e-16 Bohr magnetons
Energy: -15.541915060871267 eV
Magnetic moment: 9.54313584387292e-16 Bohr magnetons
Energy: -15.541915060871267 eV
Magnetic moment: 9.54313584387292e-16 Bohr magnetons
Energy: -15.541915060871267 eV
Magnetic moment: 9.54313584387292e-16 Bohr magnetons
Energy: -15.541915060871267 eV
Magnetic moment: 9.54313584387292e-16 Bohr magnetons
Energy: -15.541915060871267 eV
Magnetic moment: 9.54313584387292e-16 Bohr magnetons
Energy: -15.541915060871267 eV
Magnetic moment: 9.54313584387292e-16 Bohr magnetons
Energy: -15.541915060871267 eV
Magnetic moment: 9.54313584387292e-16 Bohr magnetons
Calculating q=[0.15 0.   0.  ]
Calculating q=[0.15 0.   0.  ]
Calculating q=[0.15 0.   0.  ]
Calculating q=[0.15 0.   0.  ]
Calculating q=[0.15 0.   0.  ]
Calculating q=[0.15 0.   0.  ]
Calculating q=[0.15 0.   0.  ]
Calculating q=[0.15 0.   0.  ]
Calculating q=[0.15 0.   0.  ]
Calculating q=[0.15 0.   0.  ]
Calculating q=[0.15 0.   0.  ]
Calculating q=[0.15 0.   0.  ]
Energy: -15.547744543347548 eV
Magnetic moment: 7.314968118583935e-16 Bohr magnetons
Energy: -15.547744543347548 eV
Magnetic moment: 7.314968118583935e-16 Bohr magnetons
Energy: -15.547744543347548 eV
Magnetic moment: 7.314968118583935e-16 Bohr magnetons
Energy: -15.547744543347548 eV
Magnetic moment: 7.314968118583935e-16 Bohr magnetons
Energy: -15.547744543347548 eV
Magnetic moment: 7.314968118583935e-16 Bohr magnetons
Energy: -15.547744543347548 eV
Magnetic moment: 7.314968118583935e-16 Bohr magnetons
Energy: -15.547744543347548 eV
Magnetic moment: 7.314968118583935e-16 Bohr magnetons
Energy: -15.547744543347548 eV
Magnetic moment: 7.314968118583935e-16 Bohr magnetons
Energy: -15.547744543347548 eV
Magnetic moment: 7.314968118583935e-16 Bohr magnetons
Energy: -15.547744543347548 eV
Magnetic moment: 7.314968118583935e-16 Bohr magnetons
Energy: -15.547744543347548 eV
Magnetic moment: 7.314968118583935e-16 Bohr magnetons
Energy: -15.547744543347548 eV
Magnetic moment: 7.314968118583935e-16 Bohr magnetons
Calculating q=[0.2 0.  0. ]
Calculating q=[0.2 0.  0. ]
Calculating q=[0.2 0.  0. ]
Calculating q=[0.2 0.  0. ]
Calculating q=[0.2 0.  0. ]
Calculating q=[0.2 0.  0. ]
Calculating q=[0.2 0.  0. ]
Calculating q=[0.2 0.  0. ]
Calculating q=[0.2 0.  0. ]
Calculating q=[0.2 0.  0. ]
Calculating q=[0.2 0.  0. ]
Calculating q=[0.2 0.  0. ]
Energy: -15.554579514486607 eV
Magnetic moment: 4.050195139339493e-09 Bohr magnetons
Energy: -15.554579514486607 eV
Magnetic moment: 4.050195139339493e-09 Bohr magnetons
Energy: -15.554579514486607 eV
Magnetic moment: 4.050195139339493e-09 Bohr magnetons
Energy: -15.554579514486607 eV
Magnetic moment: 4.050195139339493e-09 Bohr magnetons
Energy: -15.554579514486607 eV
Magnetic moment: 4.050195139339493e-09 Bohr magnetons
Energy: -15.554579514486607 eV
Magnetic moment: 4.050195139339493e-09 Bohr magnetons
Energy: -15.554579514486607 eV
Magnetic moment: 4.050195139339493e-09 Bohr magnetons
Energy: -15.554579514486607 eV
Magnetic moment: 4.050195139339493e-09 Bohr magnetons
Energy: -15.554579514486607 eV
Magnetic moment: 4.050195139339493e-09 Bohr magnetons
Energy: -15.554579514486607 eV
Magnetic moment: 4.050195139339493e-09 Bohr magnetons
Energy: -15.554579514486607 eV
Magnetic moment: 4.050195139339493e-09 Bohr magnetons
Energy: -15.554579514486607 eV
Magnetic moment: 4.050195139339493e-09 Bohr magnetons
Calculating q=[0.25 0.   0.  ]
Calculating q=[0.25 0.   0.  ]
Calculating q=[0.25 0.   0.  ]
Calculating q=[0.25 0.   0.  ]
Calculating q=[0.25 0.   0.  ]
Calculating q=[0.25 0.   0.  ]
Calculating q=[0.25 0.   0.  ]
Calculating q=[0.25 0.   0.  ]
Calculating q=[0.25 0.   0.  ]
Calculating q=[0.25 0.   0.  ]
Calculating q=[0.25 0.   0.  ]
Calculating q=[0.25 0.   0.  ]
Energy: -15.56152534624089 eV
Magnetic moment: 4.879500099703102e-14 Bohr magnetons
Energy: -15.56152534624089 eV
Magnetic moment: 4.879500099703102e-14 Bohr magnetons
Energy: -15.56152534624089 eV
Magnetic moment: 4.879500099703102e-14 Bohr magnetons
Energy: -15.56152534624089 eV
Magnetic moment: 4.879500099703102e-14 Bohr magnetons
Energy: -15.56152534624089 eV
Magnetic moment: 4.879500099703102e-14 Bohr magnetons
Energy: -15.56152534624089 eV
Magnetic moment: 4.879500099703102e-14 Bohr magnetons
Energy: -15.56152534624089 eV
Magnetic moment: 4.879500099703102e-14 Bohr magnetons
Energy: -15.56152534624089 eV
Magnetic moment: 4.879500099703102e-14 Bohr magnetons
Energy: -15.56152534624089 eV
Magnetic moment: 4.879500099703102e-14 Bohr magnetons
Energy: -15.56152534624089 eV
Magnetic moment: 4.879500099703102e-14 Bohr magnetons
Energy: -15.56152534624089 eV
Magnetic moment: 4.879500099703102e-14 Bohr magnetons
Energy: -15.56152534624089 eV
Magnetic moment: 4.879500099703102e-14 Bohr magnetons
Calculating q=[0.3 0.  0. ]
Calculating q=[0.3 0.  0. ]
Calculating q=[0.3 0.  0. ]
Calculating q=[0.3 0.  0. ]
Calculating q=[0.3 0.  0. ]
Calculating q=[0.3 0.  0. ]
Calculating q=[0.3 0.  0. ]
Calculating q=[0.3 0.  0. ]
Calculating q=[0.3 0.  0. ]
Calculating q=[0.3 0.  0. ]
Calculating q=[0.3 0.  0. ]
Calculating q=[0.3 0.  0. ]
Energy: -15.567822327157174 eV
Magnetic moment: -5.1341093165204984e-14 Bohr magnetons
Energy: -15.567822327157174 eV
Magnetic moment: -5.1341093165204984e-14 Bohr magnetons
Energy: -15.567822327157174 eV
Magnetic moment: -5.1341093165204984e-14 Bohr magnetons
Energy: -15.567822327157174 eV
Magnetic moment: -5.1341093165204984e-14 Bohr magnetons
Energy: -15.567822327157174 eV
Magnetic moment: -5.1341093165204984e-14 Bohr magnetons
Energy: -15.567822327157174 eV
Magnetic moment: -5.1341093165204984e-14 Bohr magnetons
Energy: -15.567822327157174 eV
Magnetic moment: -5.1341093165204984e-14 Bohr magnetons
Energy: -15.567822327157174 eV
Magnetic moment: -5.1341093165204984e-14 Bohr magnetons
Energy: -15.567822327157174 eV
Magnetic moment: -5.1341093165204984e-14 Bohr magnetons
Energy: -15.567822327157174 eV
Magnetic moment: -5.1341093165204984e-14 Bohr magnetons
Energy: -15.567822327157174 eV
Magnetic moment: -5.1341093165204984e-14 Bohr magnetons
Energy: -15.567822327157174 eV
Magnetic moment: -5.1341093165204984e-14 Bohr magnetons
Calculating q=[0.35 0.   0.  ]
Calculating q=[0.35 0.   0.  ]
Calculating q=[0.35 0.   0.  ]
Calculating q=[0.35 0.   0.  ]
Calculating q=[0.35 0.   0.  ]
Calculating q=[0.35 0.   0.  ]
Calculating q=[0.35 0.   0.  ]
Calculating q=[0.35 0.   0.  ]
Calculating q=[0.35 0.   0.  ]
Calculating q=[0.35 0.   0.  ]
Calculating q=[0.35 0.   0.  ]
Calculating q=[0.35 0.   0.  ]
Energy: -15.572972862454016 eV
Magnetic moment: -1.0812232325420169e-11 Bohr magnetons
Energy: -15.572972862454016 eV
Magnetic moment: -1.0812232325420169e-11 Bohr magnetons
Energy: -15.572972862454016 eV
Magnetic moment: -1.0812232325420169e-11 Bohr magnetons
Energy: -15.572972862454016 eV
Magnetic moment: -1.0812232325420169e-11 Bohr magnetons
Energy: -15.572972862454016 eV
Magnetic moment: -1.0812232325420169e-11 Bohr magnetons
Energy: -15.572972862454016 eV
Magnetic moment: -1.0812232325420169e-11 Bohr magnetons
Energy: -15.572972862454016 eV
Magnetic moment: -1.0812232325420169e-11 Bohr magnetons
Energy: -15.572972862454016 eV
Magnetic moment: -1.0812232325420169e-11 Bohr magnetons
Energy: -15.572972862454016 eV
Magnetic moment: -1.0812232325420169e-11 Bohr magnetons
Energy: -15.572972862454016 eV
Magnetic moment: -1.0812232325420169e-11 Bohr magnetons
Energy: -15.572972862454016 eV
Magnetic moment: -1.0812232325420169e-11 Bohr magnetons
Energy: -15.572972862454016 eV
Magnetic moment: -1.0812232325420169e-11 Bohr magnetons
Calculating q=[0.4 0.  0. ]
Calculating q=[0.4 0.  0. ]
Calculating q=[0.4 0.  0. ]
Calculating q=[0.4 0.  0. ]
Calculating q=[0.4 0.  0. ]
Calculating q=[0.4 0.  0. ]
Calculating q=[0.4 0.  0. ]
Calculating q=[0.4 0.  0. ]
Calculating q=[0.4 0.  0. ]
Calculating q=[0.4 0.  0. ]
Calculating q=[0.4 0.  0. ]
Calculating q=[0.4 0.  0. ]
Energy: -15.576704697622592 eV
Magnetic moment: -3.022085642647164e-15 Bohr magnetons
Energy: -15.576704697622592 eV
Magnetic moment: -3.022085642647164e-15 Bohr magnetons
Energy: -15.576704697622592 eV
Magnetic moment: -3.022085642647164e-15 Bohr magnetons
Energy: -15.576704697622592 eV
Magnetic moment: -3.022085642647164e-15 Bohr magnetons
Energy: -15.576704697622592 eV
Magnetic moment: -3.022085642647164e-15 Bohr magnetons
Energy: -15.576704697622592 eV
Magnetic moment: -3.022085642647164e-15 Bohr magnetons
Energy: -15.576704697622592 eV
Magnetic moment: -3.022085642647164e-15 Bohr magnetons
Energy: -15.576704697622592 eV
Magnetic moment: -3.022085642647164e-15 Bohr magnetons
Energy: -15.576704697622592 eV
Magnetic moment: -3.022085642647164e-15 Bohr magnetons
Energy: -15.576704697622592 eV
Magnetic moment: -3.022085642647164e-15 Bohr magnetons
Energy: -15.576704697622592 eV
Magnetic moment: -3.022085642647164e-15 Bohr magnetons
Energy: -15.576704697622592 eV
Magnetic moment: -3.022085642647164e-15 Bohr magnetons
Calculating q=[0.45 0.   0.  ]
Calculating q=[0.45 0.   0.  ]
Calculating q=[0.45 0.   0.  ]
Calculating q=[0.45 0.   0.  ]
Calculating q=[0.45 0.   0.  ]
Calculating q=[0.45 0.   0.  ]
Calculating q=[0.45 0.   0.  ]
Calculating q=[0.45 0.   0.  ]
Calculating q=[0.45 0.   0.  ]
Calculating q=[0.45 0.   0.  ]
Calculating q=[0.45 0.   0.  ]
Calculating q=[0.45 0.   0.  ]
Energy: -15.57893032372988 eV
Magnetic moment: 1.4379441861652952e-13 Bohr magnetons
Energy: -15.57893032372988 eV
Magnetic moment: 1.4379441861652952e-13 Bohr magnetons
Energy: -15.57893032372988 eV
Magnetic moment: 1.4379441861652952e-13 Bohr magnetons
Energy: -15.57893032372988 eV
Magnetic moment: 1.4379441861652952e-13 Bohr magnetons
Energy: -15.57893032372988 eV
Magnetic moment: 1.4379441861652952e-13 Bohr magnetons
Energy: -15.57893032372988 eV
Magnetic moment: 1.4379441861652952e-13 Bohr magnetons
Energy: -15.57893032372988 eV
Magnetic moment: 1.4379441861652952e-13 Bohr magnetons
Energy: -15.57893032372988 eV
Magnetic moment: 1.4379441861652952e-13 Bohr magnetons
Energy: -15.57893032372988 eV
Magnetic moment: 1.4379441861652952e-13 Bohr magnetons
Energy: -15.57893032372988 eV
Magnetic moment: 1.4379441861652952e-13 Bohr magnetons
Energy: -15.57893032372988 eV
Magnetic moment: 1.4379441861652952e-13 Bohr magnetons
Calculating q=[0.5 0.  0. ]
Calculating q=[0.5 0.  0. ]
Calculating q=[0.5 0.  0. ]
Energy: -15.57893032372988 eV
Magnetic moment: 1.4379441861652952e-13 Bohr magnetons
Calculating q=[0.5 0.  0. ]
Calculating q=[0.5 0.  0. ]
Calculating q=[0.5 0.  0. ]
Calculating q=[0.5 0.  0. ]
Calculating q=[0.5 0.  0. ]
Calculating q=[0.5 0.  0. ]
Calculating q=[0.5 0.  0. ]
Calculating q=[0.5 0.  0. ]
Calculating q=[0.5 0.  0. ]
Energy: -15.579653111239757 eV
Magnetic moment: -4.266094874077513e-15 Bohr magnetons
Energy: -15.579653111239757 eV
Magnetic moment: -4.266094874077513e-15 Bohr magnetons
Energy: -15.579653111239757 eV
Magnetic moment: -4.266094874077513e-15 Bohr magnetons
Energy: -15.579653111239757 eV
Magnetic moment: -4.266094874077513e-15 Bohr magnetons
Energy: -15.579653111239757 eV
Magnetic moment: -4.266094874077513e-15 Bohr magnetons
Energy: -15.579653111239757 eV
Magnetic moment: -4.266094874077513e-15 Bohr magnetons
Energy: -15.579653111239757 eV
Magnetic moment: -4.266094874077513e-15 Bohr magnetons
Energy: -15.579653111239757 eV
Magnetic moment: -4.266094874077513e-15 Bohr magnetons
Energy: -15.579653111239757 eV
Magnetic moment: -4.266094874077513e-15 Bohr magnetons
Energy: -15.579653111239757 eV
Magnetic moment: -4.266094874077513e-15 Bohr magnetons
Energy: -15.579653111239757 eV
Magnetic moment: -4.266094874077513e-15 Bohr magnetons
Energy: -15.579653111239757 eV
Magnetic moment: -4.266094874077513e-15 Bohr magnetons
Calculating q=[0.47222222 0.05555556 0.        ]
Calculating q=[0.47222222 0.05555556 0.        ]
Calculating q=[0.47222222 0.05555556 0.        ]
Calculating q=[0.47222222 0.05555556 0.        ]
Calculating q=[0.47222222 0.05555556 0.        ]
Calculating q=[0.47222222 0.05555556 0.        ]
Calculating q=[0.47222222 0.05555556 0.        ]
Calculating q=[0.47222222 0.05555556 0.        ]
Calculating q=[0.47222222 0.05555556 0.        ]
Calculating q=[0.47222222 0.05555556 0.        ]
Calculating q=[0.47222222 0.05555556 0.        ]
Calculating q=[0.47222222 0.05555556 0.        ]
Energy: -15.580228677351894 eV
Magnetic moment: -1.7825387483860432e-15 Bohr magnetons
Energy: -15.580228677351894 eV
Magnetic moment: -1.7825387483860432e-15 Bohr magnetons
Energy: -15.580228677351894 eV
Magnetic moment: -1.7825387483860432e-15 Bohr magnetons
Energy: -15.580228677351894 eV
Magnetic moment: -1.7825387483860432e-15 Bohr magnetons
Energy: -15.580228677351894 eV
Magnetic moment: -1.7825387483860432e-15 Bohr magnetons
Energy: -15.580228677351894 eV
Magnetic moment: -1.7825387483860432e-15 Bohr magnetons
Energy: -15.580228677351894 eV
Magnetic moment: -1.7825387483860432e-15 Bohr magnetons
Energy: -15.580228677351894 eV
Magnetic moment: -1.7825387483860432e-15 Bohr magnetons
Energy: -15.580228677351894 eV
Magnetic moment: -1.7825387483860432e-15 Bohr magnetons
Energy: -15.580228677351894 eV
Magnetic moment: -1.7825387483860432e-15 Bohr magnetons
Energy: -15.580228677351894 eV
Magnetic moment: -1.7825387483860432e-15 Bohr magnetons
Energy: -15.580228677351894 eV
Magnetic moment: -1.7825387483860432e-15 Bohr magnetons
Calculating q=[0.44444444 0.11111111 0.        ]
Calculating q=[0.44444444 0.11111111 0.        ]
Calculating q=[0.44444444 0.11111111 0.        ]
Calculating q=[0.44444444 0.11111111 0.        ]
Calculating q=[0.44444444 0.11111111 0.        ]
Calculating q=[0.44444444 0.11111111 0.        ]
Calculating q=[0.44444444 0.11111111 0.        ]
Calculating q=[0.44444444 0.11111111 0.        ]
Calculating q=[0.44444444 0.11111111 0.        ]
Calculating q=[0.44444444 0.11111111 0.        ]
Calculating q=[0.44444444 0.11111111 0.        ]
Calculating q=[0.44444444 0.11111111 0.        ]
Energy: -15.581795555905112 eV
Magnetic moment: -1.1180488589466075e-15 Bohr magnetons
Energy: -15.581795555905112 eV
Magnetic moment: -1.1180488589466075e-15 Bohr magnetons
Energy: -15.581795555905112 eV
Magnetic moment: -1.1180488589466075e-15 Bohr magnetons
Energy: -15.581795555905112 eV
Magnetic moment: -1.1180488589466075e-15 Bohr magnetons
Energy: -15.581795555905112 eV
Magnetic moment: -1.1180488589466075e-15 Bohr magnetons
Energy: -15.581795555905112 eV
Magnetic moment: -1.1180488589466075e-15 Bohr magnetons
Energy: -15.581795555905112 eV
Magnetic moment: -1.1180488589466075e-15 Bohr magnetons
Energy: -15.581795555905112 eV
Magnetic moment: -1.1180488589466075e-15 Bohr magnetons
Energy: -15.581795555905112 eV
Magnetic moment: -1.1180488589466075e-15 Bohr magnetons
Energy: -15.581795555905112 eV
Magnetic moment: -1.1180488589466075e-15 Bohr magnetons
Energy: -15.581795555905112 eV
Magnetic moment: -1.1180488589466075e-15 Bohr magnetons
Energy: -15.581795555905112 eV
Magnetic moment: -1.1180488589466075e-15 Bohr magnetons
Calculating q=[0.41666667 0.16666667 0.        ]
Calculating q=[0.41666667 0.16666667 0.        ]
Calculating q=[0.41666667 0.16666667 0.        ]
Calculating q=[0.41666667 0.16666667 0.        ]
Calculating q=[0.41666667 0.16666667 0.        ]
Calculating q=[0.41666667 0.16666667 0.        ]
Calculating q=[0.41666667 0.16666667 0.        ]
Calculating q=[0.41666667 0.16666667 0.        ]
Calculating q=[0.41666667 0.16666667 0.        ]
Calculating q=[0.41666667 0.16666667 0.        ]
Calculating q=[0.41666667 0.16666667 0.        ]
Calculating q=[0.41666667 0.16666667 0.        ]
Energy: -15.583890155094373 eV
Magnetic moment: 1.882136079383853e-15 Bohr magnetons
Energy: -15.583890155094373 eV
Magnetic moment: 1.882136079383853e-15 Bohr magnetons
Energy: -15.583890155094373 eV
Magnetic moment: 1.882136079383853e-15 Bohr magnetons
Energy: -15.583890155094373 eV
Magnetic moment: 1.882136079383853e-15 Bohr magnetons
Energy: -15.583890155094373 eV
Magnetic moment: 1.882136079383853e-15 Bohr magnetons
Energy: -15.583890155094373 eV
Magnetic moment: 1.882136079383853e-15 Bohr magnetons
Energy: -15.583890155094373 eV
Magnetic moment: 1.882136079383853e-15 Bohr magnetons
Energy: -15.583890155094373 eV
Magnetic moment: 1.882136079383853e-15 Bohr magnetons
Energy: -15.583890155094373 eV
Magnetic moment: 1.882136079383853e-15 Bohr magnetons
Energy: -15.583890155094373 eV
Magnetic moment: 1.882136079383853e-15 Bohr magnetons
Energy: -15.583890155094373 eV
Magnetic moment: 1.882136079383853e-15 Bohr magnetons
Energy: -15.583890155094373 eV
Magnetic moment: 1.882136079383853e-15 Bohr magnetons
Calculating q=[0.38888889 0.22222222 0.        ]
Calculating q=[0.38888889 0.22222222 0.        ]
Calculating q=[0.38888889 0.22222222 0.        ]
Calculating q=[0.38888889 0.22222222 0.        ]
Calculating q=[0.38888889 0.22222222 0.        ]
Calculating q=[0.38888889 0.22222222 0.        ]
Calculating q=[0.38888889 0.22222222 0.        ]
Calculating q=[0.38888889 0.22222222 0.        ]
Calculating q=[0.38888889 0.22222222 0.        ]
Calculating q=[0.38888889 0.22222222 0.        ]
Calculating q=[0.38888889 0.22222222 0.        ]
Calculating q=[0.38888889 0.22222222 0.        ]
Energy: -15.585938139789219 eV
Magnetic moment: 1.083958919547708e-15 Bohr magnetons
Energy: -15.585938139789219 eV
Magnetic moment: 1.083958919547708e-15 Bohr magnetons
Energy: -15.585938139789219 eV
Magnetic moment: 1.083958919547708e-15 Bohr magnetons
Energy: -15.585938139789219 eV
Magnetic moment: 1.083958919547708e-15 Bohr magnetons
Energy: -15.585938139789219 eV
Magnetic moment: 1.083958919547708e-15 Bohr magnetons
Energy: -15.585938139789219 eV
Magnetic moment: 1.083958919547708e-15 Bohr magnetons
Energy: -15.585938139789219 eV
Magnetic moment: 1.083958919547708e-15 Bohr magnetons
Energy: -15.585938139789219 eV
Magnetic moment: 1.083958919547708e-15 Bohr magnetons
Energy: -15.585938139789219 eV
Magnetic moment: 1.083958919547708e-15 Bohr magnetons
Energy: -15.585938139789219 eV
Magnetic moment: 1.083958919547708e-15 Bohr magnetons
Energy: -15.585938139789219 eV
Magnetic moment: 1.083958919547708e-15 Bohr magnetons
Energy: -15.585938139789219 eV
Magnetic moment: 1.083958919547708e-15 Bohr magnetons
Calculating q=[0.36111111 0.27777778 0.        ]
Calculating q=[0.36111111 0.27777778 0.        ]
Calculating q=[0.36111111 0.27777778 0.        ]
Calculating q=[0.36111111 0.27777778 0.        ]
Calculating q=[0.36111111 0.27777778 0.        ]
Calculating q=[0.36111111 0.27777778 0.        ]
Calculating q=[0.36111111 0.27777778 0.        ]
Calculating q=[0.36111111 0.27777778 0.        ]
Calculating q=[0.36111111 0.27777778 0.        ]
Calculating q=[0.36111111 0.27777778 0.        ]
Calculating q=[0.36111111 0.27777778 0.        ]
Calculating q=[0.36111111 0.27777778 0.        ]
Energy: -15.587416513533238 eV
Magnetic moment: 3.2646350924492623e-15 Bohr magnetons
Energy: -15.587416513533238 eV
Magnetic moment: 3.2646350924492623e-15 Bohr magnetons
Energy: -15.587416513533238 eV
Magnetic moment: 3.2646350924492623e-15 Bohr magnetons
Energy: -15.587416513533238 eV
Magnetic moment: 3.2646350924492623e-15 Bohr magnetons
Energy: -15.587416513533238 eV
Magnetic moment: 3.2646350924492623e-15 Bohr magnetons
Energy: -15.587416513533238 eV
Magnetic moment: 3.2646350924492623e-15 Bohr magnetons
Energy: -15.587416513533238 eV
Magnetic moment: 3.2646350924492623e-15 Bohr magnetons
Energy: -15.587416513533238 eV
Magnetic moment: 3.2646350924492623e-15 Bohr magnetons
Energy: -15.587416513533238 eV
Magnetic moment: 3.2646350924492623e-15 Bohr magnetons
Energy: -15.587416513533238 eV
Magnetic moment: 3.2646350924492623e-15 Bohr magnetons
Energy: -15.587416513533238 eV
Magnetic moment: 3.2646350924492623e-15 Bohr magnetons
Energy: -15.587416513533238 eV
Magnetic moment: 3.2646350924492623e-15 Bohr magnetons
Calculating q=[0.33333333 0.33333333 0.        ]
Calculating q=[0.33333333 0.33333333 0.        ]
Calculating q=[0.33333333 0.33333333 0.        ]
Calculating q=[0.33333333 0.33333333 0.        ]
Calculating q=[0.33333333 0.33333333 0.        ]
Calculating q=[0.33333333 0.33333333 0.        ]
Calculating q=[0.33333333 0.33333333 0.        ]
Calculating q=[0.33333333 0.33333333 0.        ]
Calculating q=[0.33333333 0.33333333 0.        ]
Calculating q=[0.33333333 0.33333333 0.        ]
Calculating q=[0.33333333 0.33333333 0.        ]
Calculating q=[0.33333333 0.33333333 0.        ]
Energy: -15.587946240349739 eV
Magnetic moment: 6.311678379304358e-16 Bohr magnetons
Energy: -15.587946240349739 eV
Magnetic moment: 6.311678379304358e-16 Bohr magnetons
Energy: -15.587946240349739 eV
Magnetic moment: 6.311678379304358e-16 Bohr magnetons
Energy: -15.587946240349739 eV
Magnetic moment: 6.311678379304358e-16 Bohr magnetons
Energy: -15.587946240349739 eV
Magnetic moment: 6.311678379304358e-16 Bohr magnetons
Energy: -15.587946240349739 eV
Magnetic moment: 6.311678379304358e-16 Bohr magnetons
Energy: -15.587946240349739 eV
Magnetic moment: 6.311678379304358e-16 Bohr magnetons
Energy: -15.587946240349739 eV
Magnetic moment: 6.311678379304358e-16 Bohr magnetons
Energy: -15.587946240349739 eV
Magnetic moment: 6.311678379304358e-16 Bohr magnetons
Energy: -15.587946240349739 eV
Magnetic moment: 6.311678379304358e-16 Bohr magnetons
Energy: -15.587946240349739 eV
Magnetic moment: 6.311678379304358e-16 Bohr magnetons
Energy: -15.587946240349739 eV
Magnetic moment: 6.311678379304358e-16 Bohr magnetons
Calculating q=[0.30952381 0.30952381 0.        ]
Calculating q=[0.30952381 0.30952381 0.        ]
Calculating q=[0.30952381 0.30952381 0.        ]
Calculating q=[0.30952381 0.30952381 0.        ]
Calculating q=[0.30952381 0.30952381 0.        ]
Calculating q=[0.30952381 0.30952381 0.        ]
Calculating q=[0.30952381 0.30952381 0.        ]
Calculating q=[0.30952381 0.30952381 0.        ]
Calculating q=[0.30952381 0.30952381 0.        ]
Calculating q=[0.30952381 0.30952381 0.        ]
Calculating q=[0.30952381 0.30952381 0.        ]
Calculating q=[0.30952381 0.30952381 0.        ]
Energy: -15.587527744843188 eV
Magnetic moment: -5.173609458424834e-15 Bohr magnetons
Energy: -15.587527744843188 eV
Magnetic moment: -5.173609458424834e-15 Bohr magnetons
Energy: -15.587527744843188 eV
Magnetic moment: -5.173609458424834e-15 Bohr magnetons
Energy: -15.587527744843188 eV
Magnetic moment: -5.173609458424834e-15 Bohr magnetons
Energy: -15.587527744843188 eV
Magnetic moment: -5.173609458424834e-15 Bohr magnetons
Energy: -15.587527744843188 eV
Magnetic moment: -5.173609458424834e-15 Bohr magnetons
Energy: -15.587527744843188 eV
Magnetic moment: -5.173609458424834e-15 Bohr magnetons
Energy: -15.587527744843188 eV
Magnetic moment: -5.173609458424834e-15 Bohr magnetons
Energy: -15.587527744843188 eV
Magnetic moment: -5.173609458424834e-15 Bohr magnetons
Energy: -15.587527744843188 eV
Magnetic moment: -5.173609458424834e-15 Bohr magnetons
Energy: -15.587527744843188 eV
Magnetic moment: -5.173609458424834e-15 Bohr magnetons
Energy: -15.587527744843188 eV
Magnetic moment: -5.173609458424834e-15 Bohr magnetons
Calculating q=[0.28571429 0.28571429 0.        ]
Calculating q=[0.28571429 0.28571429 0.        ]
Calculating q=[0.28571429 0.28571429 0.        ]
Calculating q=[0.28571429 0.28571429 0.        ]
Calculating q=[0.28571429 0.28571429 0.        ]
Calculating q=[0.28571429 0.28571429 0.        ]
Calculating q=[0.28571429 0.28571429 0.        ]
Calculating q=[0.28571429 0.28571429 0.        ]
Calculating q=[0.28571429 0.28571429 0.        ]
Calculating q=[0.28571429 0.28571429 0.        ]
Calculating q=[0.28571429 0.28571429 0.        ]
Calculating q=[0.28571429 0.28571429 0.        ]
Energy: -15.586218144388052 eV
Magnetic moment: -2.8784393558331787e-15 Bohr magnetons
Energy: -15.586218144388052 eV
Magnetic moment: -2.8784393558331787e-15 Bohr magnetons
Energy: -15.586218144388052 eV
Magnetic moment: -2.8784393558331787e-15 Bohr magnetons
Energy: -15.586218144388052 eV
Magnetic moment: -2.8784393558331787e-15 Bohr magnetons
Energy: -15.586218144388052 eV
Magnetic moment: -2.8784393558331787e-15 Bohr magnetons
Energy: -15.586218144388052 eV
Magnetic moment: -2.8784393558331787e-15 Bohr magnetons
Energy: -15.586218144388052 eV
Magnetic moment: -2.8784393558331787e-15 Bohr magnetons
Energy: -15.586218144388052 eV
Magnetic moment: -2.8784393558331787e-15 Bohr magnetons
Energy: -15.586218144388052 eV
Magnetic moment: -2.8784393558331787e-15 Bohr magnetons
Energy: -15.586218144388052 eV
Magnetic moment: -2.8784393558331787e-15 Bohr magnetons
Energy: -15.586218144388052 eV
Magnetic moment: -2.8784393558331787e-15 Bohr magnetons
Energy: -15.586218144388052 eV
Magnetic moment: -2.8784393558331787e-15 Bohr magnetons
Calculating q=[0.26190476 0.26190476 0.        ]
Calculating q=[0.26190476 0.26190476 0.        ]
Calculating q=[0.26190476 0.26190476 0.        ]
Calculating q=[0.26190476 0.26190476 0.        ]
Calculating q=[0.26190476 0.26190476 0.        ]
Calculating q=[0.26190476 0.26190476 0.        ]
Calculating q=[0.26190476 0.26190476 0.        ]
Calculating q=[0.26190476 0.26190476 0.        ]
Calculating q=[0.26190476 0.26190476 0.        ]
Calculating q=[0.26190476 0.26190476 0.        ]
Calculating q=[0.26190476 0.26190476 0.        ]
Calculating q=[0.26190476 0.26190476 0.        ]
Energy: -15.584025788847852 eV
Magnetic moment: 2.9227575709828543e-15 Bohr magnetons
Energy: -15.584025788847852 eV
Magnetic moment: 2.9227575709828543e-15 Bohr magnetons
Energy: -15.584025788847852 eV
Magnetic moment: 2.9227575709828543e-15 Bohr magnetons
Energy: -15.584025788847852 eV
Magnetic moment: 2.9227575709828543e-15 Bohr magnetons
Energy: -15.584025788847852 eV
Magnetic moment: 2.9227575709828543e-15 Bohr magnetons
Energy: -15.584025788847852 eV
Magnetic moment: 2.9227575709828543e-15 Bohr magnetons
Energy: -15.584025788847852 eV
Magnetic moment: 2.9227575709828543e-15 Bohr magnetons
Energy: -15.584025788847852 eV
Magnetic moment: 2.9227575709828543e-15 Bohr magnetons
Energy: -15.584025788847852 eV
Magnetic moment: 2.9227575709828543e-15 Bohr magnetons
Energy: -15.584025788847852 eV
Magnetic moment: 2.9227575709828543e-15 Bohr magnetons
Energy: -15.584025788847852 eV
Magnetic moment: 2.9227575709828543e-15 Bohr magnetons
Energy: -15.584025788847852 eV
Magnetic moment: 2.9227575709828543e-15 Bohr magnetons
Calculating q=[0.23809524 0.23809524 0.        ]
Calculating q=[0.23809524 0.23809524 0.        ]
Calculating q=[0.23809524 0.23809524 0.        ]
Calculating q=[0.23809524 0.23809524 0.        ]
Calculating q=[0.23809524 0.23809524 0.        ]
Calculating q=[0.23809524 0.23809524 0.        ]
Calculating q=[0.23809524 0.23809524 0.        ]
Calculating q=[0.23809524 0.23809524 0.        ]
Calculating q=[0.23809524 0.23809524 0.        ]
Calculating q=[0.23809524 0.23809524 0.        ]
Calculating q=[0.23809524 0.23809524 0.        ]
Calculating q=[0.23809524 0.23809524 0.        ]
Energy: -15.580980033192128 eV
Magnetic moment: -1.889570453441605e-15 Bohr magnetons
Energy: -15.580980033192128 eV
Magnetic moment: -1.889570453441605e-15 Bohr magnetons
Energy: -15.580980033192128 eV
Magnetic moment: -1.889570453441605e-15 Bohr magnetons
Energy: -15.580980033192128 eV
Magnetic moment: -1.889570453441605e-15 Bohr magnetons
Energy: -15.580980033192128 eV
Magnetic moment: -1.889570453441605e-15 Bohr magnetons
Energy: -15.580980033192128 eV
Magnetic moment: -1.889570453441605e-15 Bohr magnetons
Energy: -15.580980033192128 eV
Magnetic moment: -1.889570453441605e-15 Bohr magnetons
Energy: -15.580980033192128 eV
Magnetic moment: -1.889570453441605e-15 Bohr magnetons
Energy: -15.580980033192128 eV
Magnetic moment: -1.889570453441605e-15 Bohr magnetons
Energy: -15.580980033192128 eV
Magnetic moment: -1.889570453441605e-15 Bohr magnetons
Energy: -15.580980033192128 eV
Magnetic moment: -1.889570453441605e-15 Bohr magnetons
Energy: -15.580980033192128 eV
Magnetic moment: -1.889570453441605e-15 Bohr magnetons
Calculating q=[0.21428571 0.21428571 0.        ]
Calculating q=[0.21428571 0.21428571 0.        ]
Calculating q=[0.21428571 0.21428571 0.        ]
Calculating q=[0.21428571 0.21428571 0.        ]
Calculating q=[0.21428571 0.21428571 0.        ]
Calculating q=[0.21428571 0.21428571 0.        ]
Calculating q=[0.21428571 0.21428571 0.        ]
Calculating q=[0.21428571 0.21428571 0.        ]
Calculating q=[0.21428571 0.21428571 0.        ]
Calculating q=[0.21428571 0.21428571 0.        ]
Calculating q=[0.21428571 0.21428571 0.        ]
Calculating q=[0.21428571 0.21428571 0.        ]
Energy: -15.577125482784858 eV
Magnetic moment: 2.0790710941553238e-16 Bohr magnetons
Energy: -15.577125482784858 eV
Magnetic moment: 2.0790710941553238e-16 Bohr magnetons
Energy: -15.577125482784858 eV
Magnetic moment: 2.0790710941553238e-16 Bohr magnetons
Energy: -15.577125482784858 eV
Magnetic moment: 2.0790710941553238e-16 Bohr magnetons
Energy: -15.577125482784858 eV
Magnetic moment: 2.0790710941553238e-16 Bohr magnetons
Energy: -15.577125482784858 eV
Magnetic moment: 2.0790710941553238e-16 Bohr magnetons
Energy: -15.577125482784858 eV
Magnetic moment: 2.0790710941553238e-16 Bohr magnetons
Energy: -15.577125482784858 eV
Magnetic moment: 2.0790710941553238e-16 Bohr magnetons
Energy: -15.577125482784858 eV
Magnetic moment: 2.0790710941553238e-16 Bohr magnetons
Energy: -15.577125482784858 eV
Magnetic moment: 2.0790710941553238e-16 Bohr magnetons
Energy: -15.577125482784858 eV
Magnetic moment: 2.0790710941553238e-16 Bohr magnetons
Energy: -15.577125482784858 eV
Magnetic moment: 2.0790710941553238e-16 Bohr magnetons
Calculating q=[0.19047619 0.19047619 0.        ]
Calculating q=[0.19047619 0.19047619 0.        ]
Calculating q=[0.19047619 0.19047619 0.        ]
Calculating q=[0.19047619 0.19047619 0.        ]
Calculating q=[0.19047619 0.19047619 0.        ]
Calculating q=[0.19047619 0.19047619 0.        ]
Calculating q=[0.19047619 0.19047619 0.        ]
Calculating q=[0.19047619 0.19047619 0.        ]
Calculating q=[0.19047619 0.19047619 0.        ]
Calculating q=[0.19047619 0.19047619 0.        ]
Calculating q=[0.19047619 0.19047619 0.        ]
Calculating q=[0.19047619 0.19047619 0.        ]
Energy: -15.572523001303027 eV
Magnetic moment: -3.8451417256773944e-16 Bohr magnetons
Energy: -15.572523001303027 eV
Magnetic moment: -3.8451417256773944e-16 Bohr magnetons
Energy: -15.572523001303027 eV
Magnetic moment: -3.8451417256773944e-16 Bohr magnetons
Energy: -15.572523001303027 eV
Magnetic moment: -3.8451417256773944e-16 Bohr magnetons
Energy: -15.572523001303027 eV
Magnetic moment: -3.8451417256773944e-16 Bohr magnetons
Energy: -15.572523001303027 eV
Magnetic moment: -3.8451417256773944e-16 Bohr magnetons
Energy: -15.572523001303027 eV
Magnetic moment: -3.8451417256773944e-16 Bohr magnetons
Energy: -15.572523001303027 eV
Magnetic moment: -3.8451417256773944e-16 Bohr magnetons
Energy: -15.572523001303027 eV
Magnetic moment: -3.8451417256773944e-16 Bohr magnetons
Energy: -15.572523001303027 eV
Magnetic moment: -3.8451417256773944e-16 Bohr magnetons
Energy: -15.572523001303027 eV
Magnetic moment: -3.8451417256773944e-16 Bohr magnetons
Energy: -15.572523001303027 eV
Magnetic moment: -3.8451417256773944e-16 Bohr magnetons
Calculating q=[0.16666667 0.16666667 0.        ]
Calculating q=[0.16666667 0.16666667 0.        ]
Calculating q=[0.16666667 0.16666667 0.        ]
Calculating q=[0.16666667 0.16666667 0.        ]
Calculating q=[0.16666667 0.16666667 0.        ]
Calculating q=[0.16666667 0.16666667 0.        ]
Calculating q=[0.16666667 0.16666667 0.        ]
Calculating q=[0.16666667 0.16666667 0.        ]
Calculating q=[0.16666667 0.16666667 0.        ]
Calculating q=[0.16666667 0.16666667 0.        ]
Calculating q=[0.16666667 0.16666667 0.        ]
Calculating q=[0.16666667 0.16666667 0.        ]
Energy: -15.567272161026207 eV
Magnetic moment: -1.828731820616337e-17 Bohr magnetons
Energy: -15.567272161026207 eV
Magnetic moment: -1.828731820616337e-17 Bohr magnetons
Energy: -15.567272161026207 eV
Magnetic moment: -1.828731820616337e-17 Bohr magnetons
Energy: -15.567272161026207 eV
Magnetic moment: -1.828731820616337e-17 Bohr magnetons
Energy: -15.567272161026207 eV
Magnetic moment: -1.828731820616337e-17 Bohr magnetons
Energy: -15.567272161026207 eV
Magnetic moment: -1.828731820616337e-17 Bohr magnetons
Energy: -15.567272161026207 eV
Magnetic moment: -1.828731820616337e-17 Bohr magnetons
Energy: -15.567272161026207 eV
Magnetic moment: -1.828731820616337e-17 Bohr magnetons
Energy: -15.567272161026207 eV
Magnetic moment: -1.828731820616337e-17 Bohr magnetons
Energy: -15.567272161026207 eV
Magnetic moment: -1.828731820616337e-17 Bohr magnetons
Energy: -15.567272161026207 eV
Magnetic moment: -1.828731820616337e-17 Bohr magnetons
Energy: -15.567272161026207 eV
Magnetic moment: -1.828731820616337e-17 Bohr magnetons
Calculating q=[0.14285714 0.14285714 0.        ]
Calculating q=[0.14285714 0.14285714 0.        ]
Calculating q=[0.14285714 0.14285714 0.        ]
Calculating q=[0.14285714 0.14285714 0.        ]
Calculating q=[0.14285714 0.14285714 0.        ]
Calculating q=[0.14285714 0.14285714 0.        ]
Calculating q=[0.14285714 0.14285714 0.        ]
Calculating q=[0.14285714 0.14285714 0.        ]
Calculating q=[0.14285714 0.14285714 0.        ]
Calculating q=[0.14285714 0.14285714 0.        ]
Calculating q=[0.14285714 0.14285714 0.        ]
Calculating q=[0.14285714 0.14285714 0.        ]
Energy: -15.561541215539467 eV
Magnetic moment: 1.7468752836555733e-15 Bohr magnetons
Energy: -15.561541215539467 eV
Magnetic moment: 1.7468752836555733e-15 Bohr magnetons
Energy: -15.561541215539467 eV
Magnetic moment: 1.7468752836555733e-15 Bohr magnetons
Energy: -15.561541215539467 eV
Magnetic moment: 1.7468752836555733e-15 Bohr magnetons
Energy: -15.561541215539467 eV
Magnetic moment: 1.7468752836555733e-15 Bohr magnetons
Energy: -15.561541215539467 eV
Magnetic moment: 1.7468752836555733e-15 Bohr magnetons
Energy: -15.561541215539467 eV
Magnetic moment: 1.7468752836555733e-15 Bohr magnetons
Energy: -15.561541215539467 eV
Magnetic moment: 1.7468752836555733e-15 Bohr magnetons
Energy: -15.561541215539467 eV
Magnetic moment: 1.7468752836555733e-15 Bohr magnetons
Energy: -15.561541215539467 eV
Magnetic moment: 1.7468752836555733e-15 Bohr magnetons
Energy: -15.561541215539467 eV
Magnetic moment: 1.7468752836555733e-15 Bohr magnetons
Energy: -15.561541215539467 eV
Magnetic moment: 1.7468752836555733e-15 Bohr magnetons
Calculating q=[0.11904762 0.11904762 0.        ]
Calculating q=[0.11904762 0.11904762 0.        ]
Calculating q=[0.11904762 0.11904762 0.        ]
Calculating q=[0.11904762 0.11904762 0.        ]
Calculating q=[0.11904762 0.11904762 0.        ]
Calculating q=[0.11904762 0.11904762 0.        ]
Calculating q=[0.11904762 0.11904762 0.        ]
Calculating q=[0.11904762 0.11904762 0.        ]
Calculating q=[0.11904762 0.11904762 0.        ]
Calculating q=[0.11904762 0.11904762 0.        ]
Calculating q=[0.11904762 0.11904762 0.        ]
Calculating q=[0.11904762 0.11904762 0.        ]
Energy: -15.5555828248053 eV
Magnetic moment: -7.050871247150474e-17 Bohr magnetons
Energy: -15.5555828248053 eV
Magnetic moment: -7.050871247150474e-17 Bohr magnetons
Energy: -15.5555828248053 eV
Magnetic moment: -7.050871247150474e-17 Bohr magnetons
Energy: -15.5555828248053 eV
Magnetic moment: -7.050871247150474e-17 Bohr magnetons
Energy: -15.5555828248053 eV
Magnetic moment: -7.050871247150474e-17 Bohr magnetons
Energy: -15.5555828248053 eV
Magnetic moment: -7.050871247150474e-17 Bohr magnetons
Energy: -15.5555828248053 eV
Magnetic moment: -7.050871247150474e-17 Bohr magnetons
Energy: -15.5555828248053 eV
Magnetic moment: -7.050871247150474e-17 Bohr magnetons
Energy: -15.5555828248053 eV
Magnetic moment: -7.050871247150474e-17 Bohr magnetons
Energy: -15.5555828248053 eV
Magnetic moment: -7.050871247150474e-17 Bohr magnetons
Energy: -15.5555828248053 eV
Magnetic moment: -7.050871247150474e-17 Bohr magnetons
Energy: -15.5555828248053 eV
Magnetic moment: -7.050871247150474e-17 Bohr magnetons
Calculating q=[0.0952381 0.0952381 0.       ]
Calculating q=[0.0952381 0.0952381 0.       ]
Calculating q=[0.0952381 0.0952381 0.       ]
Calculating q=[0.0952381 0.0952381 0.       ]
Calculating q=[0.0952381 0.0952381 0.       ]
Calculating q=[0.0952381 0.0952381 0.       ]
Calculating q=[0.0952381 0.0952381 0.       ]
Calculating q=[0.0952381 0.0952381 0.       ]
Calculating q=[0.0952381 0.0952381 0.       ]
Calculating q=[0.0952381 0.0952381 0.       ]
Calculating q=[0.0952381 0.0952381 0.       ]
Calculating q=[0.0952381 0.0952381 0.       ]
Energy: -15.549755366297004 eV
Magnetic moment: -3.521691325030002e-14 Bohr magnetons
Energy: -15.549755366297004 eV
Magnetic moment: -3.521691325030002e-14 Bohr magnetons
Energy: -15.549755366297004 eV
Magnetic moment: -3.521691325030002e-14 Bohr magnetons
Energy: -15.549755366297004 eV
Magnetic moment: -3.521691325030002e-14 Bohr magnetons
Energy: -15.549755366297004 eV
Magnetic moment: -3.521691325030002e-14 Bohr magnetons
Energy: -15.549755366297004 eV
Magnetic moment: -3.521691325030002e-14 Bohr magnetons
Energy: -15.549755366297004 eV
Magnetic moment: -3.521691325030002e-14 Bohr magnetons
Energy: -15.549755366297004 eV
Magnetic moment: -3.521691325030002e-14 Bohr magnetons
Energy: -15.549755366297004 eV
Magnetic moment: -3.521691325030002e-14 Bohr magnetons
Energy: -15.549755366297004 eV
Magnetic moment: -3.521691325030002e-14 Bohr magnetons
Energy: -15.549755366297004 eV
Magnetic moment: -3.521691325030002e-14 Bohr magnetons
Energy: -15.549755366297004 eV
Magnetic moment: -3.521691325030002e-14 Bohr magnetons
Calculating q=[0.07142857 0.07142857 0.        ]
Calculating q=[0.07142857 0.07142857 0.        ]
Calculating q=[0.07142857 0.07142857 0.        ]
Calculating q=[0.07142857 0.07142857 0.        ]
Calculating q=[0.07142857 0.07142857 0.        ]
Calculating q=[0.07142857 0.07142857 0.        ]
Calculating q=[0.07142857 0.07142857 0.        ]
Calculating q=[0.07142857 0.07142857 0.        ]
Calculating q=[0.07142857 0.07142857 0.        ]
Calculating q=[0.07142857 0.07142857 0.        ]
Calculating q=[0.07142857 0.07142857 0.        ]
Calculating q=[0.07142857 0.07142857 0.        ]
Energy: -15.544492945259787 eV
Magnetic moment: 5.508258248398694e-17 Bohr magnetons
Energy: -15.544492945259787 eV
Magnetic moment: 5.508258248398694e-17 Bohr magnetons
Energy: -15.544492945259787 eV
Magnetic moment: 5.508258248398694e-17 Bohr magnetons
Energy: -15.544492945259787 eV
Magnetic moment: 5.508258248398694e-17 Bohr magnetons
Energy: -15.544492945259787 eV
Magnetic moment: 5.508258248398694e-17 Bohr magnetons
Energy: -15.544492945259787 eV
Magnetic moment: 5.508258248398694e-17 Bohr magnetons
Energy: -15.544492945259787 eV
Magnetic moment: 5.508258248398694e-17 Bohr magnetons
Energy: -15.544492945259787 eV
Magnetic moment: 5.508258248398694e-17 Bohr magnetons
Energy: -15.544492945259787 eV
Magnetic moment: 5.508258248398694e-17 Bohr magnetons
Energy: -15.544492945259787 eV
Magnetic moment: 5.508258248398694e-17 Bohr magnetons
Energy: -15.544492945259787 eV
Magnetic moment: 5.508258248398694e-17 Bohr magnetons
Energy: -15.544492945259787 eV
Magnetic moment: 5.508258248398694e-17 Bohr magnetons
Calculating q=[0.04761905 0.04761905 0.        ]
Calculating q=[0.04761905 0.04761905 0.        ]
Calculating q=[0.04761905 0.04761905 0.        ]
Calculating q=[0.04761905 0.04761905 0.        ]
Calculating q=[0.04761905 0.04761905 0.        ]
Calculating q=[0.04761905 0.04761905 0.        ]
Calculating q=[0.04761905 0.04761905 0.        ]
Calculating q=[0.04761905 0.04761905 0.        ]
Calculating q=[0.04761905 0.04761905 0.        ]
Calculating q=[0.04761905 0.04761905 0.        ]
Calculating q=[0.04761905 0.04761905 0.        ]
Calculating q=[0.04761905 0.04761905 0.        ]
Energy: -15.540274324977574 eV
Magnetic moment: -1.4428461328546392e-15 Bohr magnetons
Energy: -15.540274324977574 eV
Magnetic moment: -1.4428461328546392e-15 Bohr magnetons
Energy: -15.540274324977574 eV
Magnetic moment: -1.4428461328546392e-15 Bohr magnetons
Energy: -15.540274324977574 eV
Magnetic moment: -1.4428461328546392e-15 Bohr magnetons
Energy: -15.540274324977574 eV
Magnetic moment: -1.4428461328546392e-15 Bohr magnetons
Energy: -15.540274324977574 eV
Magnetic moment: -1.4428461328546392e-15 Bohr magnetons
Energy: -15.540274324977574 eV
Magnetic moment: -1.4428461328546392e-15 Bohr magnetons
Energy: -15.540274324977574 eV
Magnetic moment: -1.4428461328546392e-15 Bohr magnetons
Energy: -15.540274324977574 eV
Magnetic moment: -1.4428461328546392e-15 Bohr magnetons
Energy: -15.540274324977574 eV
Magnetic moment: -1.4428461328546392e-15 Bohr magnetons
Energy: -15.540274324977574 eV
Magnetic moment: -1.4428461328546392e-15 Bohr magnetons
Energy: -15.540274324977574 eV
Magnetic moment: -1.4428461328546392e-15 Bohr magnetons
Calculating q=[0.02380952 0.02380952 0.        ]
Calculating q=[0.02380952 0.02380952 0.        ]
Calculating q=[0.02380952 0.02380952 0.        ]
Calculating q=[0.02380952 0.02380952 0.        ]
Calculating q=[0.02380952 0.02380952 0.        ]
Calculating q=[0.02380952 0.02380952 0.        ]
Calculating q=[0.02380952 0.02380952 0.        ]
Calculating q=[0.02380952 0.02380952 0.        ]
Calculating q=[0.02380952 0.02380952 0.        ]
Calculating q=[0.02380952 0.02380952 0.        ]
Calculating q=[0.02380952 0.02380952 0.        ]
Calculating q=[0.02380952 0.02380952 0.        ]
Energy: -15.537539319073963 eV
Magnetic moment: 6.81259637230991e-16 Bohr magnetons
Energy: -15.537539319073963 eV
Magnetic moment: 6.81259637230991e-16 Bohr magnetons
Energy: -15.537539319073963 eV
Magnetic moment: 6.81259637230991e-16 Bohr magnetons
Energy: -15.537539319073963 eV
Magnetic moment: 6.81259637230991e-16 Bohr magnetons
Energy: -15.537539319073963 eV
Magnetic moment: 6.81259637230991e-16 Bohr magnetons
Energy: -15.537539319073963 eV
Magnetic moment: 6.81259637230991e-16 Bohr magnetons
Energy: -15.537539319073963 eV
Magnetic moment: 6.81259637230991e-16 Bohr magnetons
Energy: -15.537539319073963 eV
Magnetic moment: 6.81259637230991e-16 Bohr magnetons
Energy: -15.537539319073963 eV
Magnetic moment: 6.81259637230991e-16 Bohr magnetons
Energy: -15.537539319073963 eV
Magnetic moment: 6.81259637230991e-16 Bohr magnetons
Energy: -15.537539319073963 eV
Magnetic moment: 6.81259637230991e-16 Bohr magnetons
Energy: -15.537539319073963 eV
Magnetic moment: 6.81259637230991e-16 Bohr magnetons
Calculating q=[0. 0. 0.]
Calculating q=[0. 0. 0.]
Calculating q=[0. 0. 0.]
Calculating q=[0. 0. 0.]
Calculating q=[0. 0. 0.]
Calculating q=[0. 0. 0.]
Calculating q=[0. 0. 0.]
Calculating q=[0. 0. 0.]
Calculating q=[0. 0. 0.]
Calculating q=[0. 0. 0.]
Calculating q=[0. 0. 0.]
Calculating q=[0. 0. 0.]
Energy: -15.536586576498799 eV
Magnetic moment: -3.5903239450230302e-12 Bohr magnetons
Energy: -15.536586576498799 eV
Magnetic moment: -3.5903239450230302e-12 Bohr magnetons
Energy: -15.536586576498799 eV
Magnetic moment: -3.5903239450230302e-12 Bohr magnetons
Energy: -15.536586576498799 eV
Magnetic moment: -3.5903239450230302e-12 Bohr magnetons
Energy: -15.536586576498799 eV
Magnetic moment: -3.5903239450230302e-12 Bohr magnetons
Energy: -15.536586576498799 eV
Magnetic moment: -3.5903239450230302e-12 Bohr magnetons
Energy: -15.536586576498799 eV
Magnetic moment: -3.5903239450230302e-12 Bohr magnetons
Energy: -15.536586576498799 eV
Magnetic moment: -3.5903239450230302e-12 Bohr magnetons
Energy: -15.536586576498799 eV
Magnetic moment: -3.5903239450230302e-12 Bohr magnetons
Energy: -15.536586576498799 eV
Magnetic moment: -3.5903239450230302e-12 Bohr magnetons
Energy: -15.536586576498799 eV
Magnetic moment: -3.5903239450230302e-12 Bohr magnetons
Energy: -15.536586576498799 eV
Magnetic moment: -3.5903239450230302e-12 Bohr magnetons

------------------------------------------------------------
Sender: LSF System <lsfadmin@hpc.dtu.dk>
Subject: Job 21535512: <plot_6.py> in cluster <dcc> Done

Job <plot_6.py> was submitted from host <n-62-30-1> by user <s194113> in cluster <dcc> at Sun Apr 21 14:06:48 2024
Job was executed on host(s) <12*n-62-29-29>, in queue <hpc>, as user <s194113> in cluster <dcc> at Sun Apr 21 14:06:48 2024
</zhome/87/8/147075> was used as the home directory.
</zhome/87/8/147075/10302/10302_NM/VBr2/E_con> was used as the working directory.
Started at Sun Apr 21 14:06:48 2024
Terminated at Sun Apr 21 18:17:08 2024
Results reported at Sun Apr 21 18:17:08 2024

Your job looked like:

------------------------------------------------------------
# LSBATCH: User input
#!/bin/bash -l
id=$LSB_JOBID
mq=/zhome/87/8/147075/.myqueue/lsf-$id
source /zhome/87/8/147075/venv-name/bin/activate
echo "venv: /zhome/87/8/147075/venv-name/bin/activate"
(touch $mq-0 && \
 cd '/zhome/87/8/147075/10302/10302_NM/VBr2/E_con' && \
 mpiexec python3 plot_6.py && \
 touch $mq-1) || \
(touch $mq-2; exit 1)

------------------------------------------------------------

Successfully completed.

Resource usage summary:

    CPU time :                                   180144.95 sec.
    Max Memory :                                 9292 MB
    Average Memory :                             6424.12 MB
    Total Requested Memory :                     73728.00 MB
    Delta Memory :                               64436.00 MB
    Max Swap :                                   -
    Max Processes :                              17
    Max Threads :                                57
    Run time :                                   15019 sec.
    Turnaround time :                            15020 sec.

The output (if any) is above this job summary.



PS:

Read file </zhome/87/8/147075/10302/10302_NM/VBr2/E_con/plot_6.py.21535512.err> for stderr output of this job.

