venv: /zhome/87/8/147075/venv-name/bin/activate
[1713628898.476585] [n-62-28-28:1347 :0]          ib_md.c:1063 UCX  WARN  IB: ibv_fork_init() was disabled or failed, yet a fork() has been issued.
[1713628898.476625] [n-62-28-28:1347 :0]          ib_md.c:1064 UCX  WARN  IB: data corruption might occur when using registered memory.
[1713628898.476574] [n-62-28-28:1348 :0]          ib_md.c:1063 UCX  WARN  IB: ibv_fork_init() was disabled or failed, yet a fork() has been issued.
[1713628898.476615] [n-62-28-28:1348 :0]          ib_md.c:1064 UCX  WARN  IB: data corruption might occur when using registered memory.
[1713628898.476591] [n-62-28-28:1349 :0]          ib_md.c:1063 UCX  WARN  IB: ibv_fork_init() was disabled or failed, yet a fork() has been issued.
[1713628898.476628] [n-62-28-28:1349 :0]          ib_md.c:1064 UCX  WARN  IB: data corruption might occur when using registered memory.
[1713628898.476568] [n-62-28-28:1350 :0]          ib_md.c:1063 UCX  WARN  IB: ibv_fork_init() was disabled or failed, yet a fork() has been issued.
[1713628898.476606] [n-62-28-28:1350 :0]          ib_md.c:1064 UCX  WARN  IB: data corruption might occur when using registered memory.
[1713628898.476554] [n-62-28-28:1351 :0]          ib_md.c:1063 UCX  WARN  IB: ibv_fork_init() was disabled or failed, yet a fork() has been issued.
[1713628898.476598] [n-62-28-28:1351 :0]          ib_md.c:1064 UCX  WARN  IB: data corruption might occur when using registered memory.
[1713628898.476608] [n-62-28-28:1352 :0]          ib_md.c:1063 UCX  WARN  IB: ibv_fork_init() was disabled or failed, yet a fork() has been issued.
[1713628898.476662] [n-62-28-28:1352 :0]          ib_md.c:1064 UCX  WARN  IB: data corruption might occur when using registered memory.
[1713628898.476598] [n-62-28-28:1353 :0]          ib_md.c:1063 UCX  WARN  IB: ibv_fork_init() was disabled or failed, yet a fork() has been issued.
[1713628898.476638] [n-62-28-28:1353 :0]          ib_md.c:1064 UCX  WARN  IB: data corruption might occur when using registered memory.
[1713628898.476559] [n-62-28-28:1355 :0]          ib_md.c:1063 UCX  WARN  IB: ibv_fork_init() was disabled or failed, yet a fork() has been issued.
[1713628898.476599] [n-62-28-28:1355 :0]          ib_md.c:1064 UCX  WARN  IB: data corruption might occur when using registered memory.
[1713628898.476558] [n-62-28-28:1357 :0]          ib_md.c:1063 UCX  WARN  IB: ibv_fork_init() was disabled or failed, yet a fork() has been issued.
[1713628898.476575] [n-62-28-28:1358 :0]          ib_md.c:1063 UCX  WARN  IB: ibv_fork_init() was disabled or failed, yet a fork() has been issued.
[1713628898.476610] [n-62-28-28:1358 :0]          ib_md.c:1064 UCX  WARN  IB: data corruption might occur when using registered memory.
[1713628898.476574] [n-62-28-28:1359 :0]          ib_md.c:1063 UCX  WARN  IB: ibv_fork_init() was disabled or failed, yet a fork() has been issued.
[1713628898.476619] [n-62-28-28:1359 :0]          ib_md.c:1064 UCX  WARN  IB: data corruption might occur when using registered memory.
[1713628898.476580] [n-62-28-28:1360 :0]          ib_md.c:1063 UCX  WARN  IB: ibv_fork_init() was disabled or failed, yet a fork() has been issued.
[1713628898.476619] [n-62-28-28:1360 :0]          ib_md.c:1064 UCX  WARN  IB: data corruption might occur when using registered memory.
[1713628898.476844] [n-62-28-28:1357 :0]          ib_md.c:1064 UCX  WARN  IB: data corruption might occur when using registered memory.
Calculating ground state
Calculating ground state
31 q-points in the path
=====================================
Calculating ground state
31 q-points in the path
=====================================
Calculating ground state
31 q-points in the path
=====================================
Calculating ground state
31 q-points in the path
=====================================
Calculating ground state
31 q-points in the path
=====================================
Calculating ground state
31 q-points in the path
=====================================
Calculating ground state
31 q-points in the path
=====================================
31 q-points in the path
Calculating ground state
31 q-points in the path
=====================================
Calculating q=[0. 0. 0.]
Calculating ground state
31 q-points in the path
=====================================
Calculating q=[0. 0. 0.]
Calculating q=[0. 0. 0.]
=====================================
Calculating q=[0. 0. 0.]
Calculating q=[0. 0. 0.]
Calculating q=[0. 0. 0.]
Calculating q=[0. 0. 0.]
Calculating ground state
31 q-points in the path
=====================================
Calculating q=[0. 0. 0.]
Calculating ground state
31 q-points in the path
Calculating q=[0. 0. 0.]
Calculating q=[0. 0. 0.]
=====================================
Calculating q=[0. 0. 0.]
Calculating q=[0. 0. 0.]
Energy: -15.538694510313114 eV
Magnetic moment: -1.0164776227152331e-09 Bohr magnetons
Energy: -15.538694510313114 eV
Magnetic moment: -1.0164776227152331e-09 Bohr magnetons
Energy: -15.538694510313114 eV
Magnetic moment: -1.0164776227152331e-09 Bohr magnetons
Energy: -15.538694510313114 eV
Magnetic moment: -1.0164776227152331e-09 Bohr magnetons
Energy: -15.538694510313114 eV
Magnetic moment: -1.0164776227152331e-09 Bohr magnetons
Energy: -15.538694510313114 eV
Magnetic moment: -1.0164776227152331e-09 Bohr magnetons
Energy: -15.538694510313114 eV
Magnetic moment: -1.0164776227152331e-09 Bohr magnetons
Energy: -15.538694510313114 eV
Magnetic moment: -1.0164776227152331e-09 Bohr magnetons
Energy: -15.538694510313114 eV
Magnetic moment: -1.0164776227152331e-09 Bohr magnetons
Energy: -15.538694510313114 eV
Magnetic moment: -1.0164776227152331e-09 Bohr magnetons
Energy: -15.538694510313114 eV
Magnetic moment: -1.0164776227152331e-09 Bohr magnetons
Calculating q=[0.05 0.   0.  ]
Calculating q=[0.05 0.   0.  ]
Calculating q=[0.05 0.   0.  ]
Calculating q=[0.05 0.   0.  ]
Energy: -15.538694510313114 eV
Magnetic moment: -1.0164776227152331e-09 Bohr magnetons
Calculating q=[0.05 0.   0.  ]
Calculating q=[0.05 0.   0.  ]
Calculating q=[0.05 0.   0.  ]
Calculating q=[0.05 0.   0.  ]
Calculating q=[0.05 0.   0.  ]
Calculating q=[0.05 0.   0.  ]
Calculating q=[0.05 0.   0.  ]
Calculating q=[0.05 0.   0.  ]
Energy: -15.540084387308704 eV
Magnetic moment: -1.0608863310896647e-14 Bohr magnetons
Energy: -15.540084387308704 eV
Magnetic moment: -1.0608863310896647e-14 Bohr magnetons
Energy: -15.540084387308704 eV
Magnetic moment: -1.0608863310896647e-14 Bohr magnetons
Energy: -15.540084387308704 eV
Magnetic moment: -1.0608863310896647e-14 Bohr magnetons
Energy: -15.540084387308704 eV
Magnetic moment: -1.0608863310896647e-14 Bohr magnetons
Energy: -15.540084387308704 eV
Magnetic moment: -1.0608863310896647e-14 Bohr magnetons
Energy: -15.540084387308704 eV
Magnetic moment: -1.0608863310896647e-14 Bohr magnetons
Energy: -15.540084387308704 eV
Magnetic moment: -1.0608863310896647e-14 Bohr magnetons
Energy: -15.540084387308704 eV
Magnetic moment: -1.0608863310896647e-14 Bohr magnetons
Energy: -15.540084387308704 eV
Magnetic moment: -1.0608863310896647e-14 Bohr magnetons
Energy: -15.540084387308704 eV
Magnetic moment: -1.0608863310896647e-14 Bohr magnetons
Energy: -15.540084387308704 eV
Magnetic moment: -1.0608863310896647e-14 Bohr magnetons
Calculating q=[0.1 0.  0. ]
Calculating q=[0.1 0.  0. ]
Calculating q=[0.1 0.  0. ]
Calculating q=[0.1 0.  0. ]
Calculating q=[0.1 0.  0. ]
Calculating q=[0.1 0.  0. ]
Calculating q=[0.1 0.  0. ]
Calculating q=[0.1 0.  0. ]
Calculating q=[0.1 0.  0. ]
Calculating q=[0.1 0.  0. ]
Calculating q=[0.1 0.  0. ]
Calculating q=[0.1 0.  0. ]
Energy: -15.54402581537591 eV
Magnetic moment: -9.93152627356333e-16 Bohr magnetons
Energy: -15.54402581537591 eV
Magnetic moment: -9.93152627356333e-16 Bohr magnetons
Energy: -15.54402581537591 eV
Magnetic moment: -9.93152627356333e-16 Bohr magnetons
Energy: -15.54402581537591 eV
Magnetic moment: -9.93152627356333e-16 Bohr magnetons
Energy: -15.54402581537591 eV
Magnetic moment: -9.93152627356333e-16 Bohr magnetons
Energy: -15.54402581537591 eV
Magnetic moment: -9.93152627356333e-16 Bohr magnetons
Energy: -15.54402581537591 eV
Magnetic moment: -9.93152627356333e-16 Bohr magnetons
Energy: -15.54402581537591 eV
Magnetic moment: -9.93152627356333e-16 Bohr magnetons
Energy: -15.54402581537591 eV
Magnetic moment: -9.93152627356333e-16 Bohr magnetons
Energy: -15.54402581537591 eV
Magnetic moment: -9.93152627356333e-16 Bohr magnetons
Energy: -15.54402581537591 eV
Magnetic moment: -9.93152627356333e-16 Bohr magnetons
Energy: -15.54402581537591 eV
Magnetic moment: -9.93152627356333e-16 Bohr magnetons
Calculating q=[0.15 0.   0.  ]
Calculating q=[0.15 0.   0.  ]
Calculating q=[0.15 0.   0.  ]
Calculating q=[0.15 0.   0.  ]
Calculating q=[0.15 0.   0.  ]
Calculating q=[0.15 0.   0.  ]
Calculating q=[0.15 0.   0.  ]
Calculating q=[0.15 0.   0.  ]
Calculating q=[0.15 0.   0.  ]
Calculating q=[0.15 0.   0.  ]
Calculating q=[0.15 0.   0.  ]
Calculating q=[0.15 0.   0.  ]
Energy: -15.54986144682933 eV
Magnetic moment: 2.846779772889349e-15 Bohr magnetons
Energy: -15.54986144682933 eV
Magnetic moment: 2.846779772889349e-15 Bohr magnetons
Energy: -15.54986144682933 eV
Magnetic moment: 2.846779772889349e-15 Bohr magnetons
Energy: -15.54986144682933 eV
Magnetic moment: 2.846779772889349e-15 Bohr magnetons
Energy: -15.54986144682933 eV
Magnetic moment: 2.846779772889349e-15 Bohr magnetons
Energy: -15.54986144682933 eV
Magnetic moment: 2.846779772889349e-15 Bohr magnetons
Energy: -15.54986144682933 eV
Magnetic moment: 2.846779772889349e-15 Bohr magnetons
Energy: -15.54986144682933 eV
Magnetic moment: 2.846779772889349e-15 Bohr magnetons
Energy: -15.54986144682933 eV
Magnetic moment: 2.846779772889349e-15 Bohr magnetons
Energy: -15.54986144682933 eV
Magnetic moment: 2.846779772889349e-15 Bohr magnetons
Energy: -15.54986144682933 eV
Magnetic moment: 2.846779772889349e-15 Bohr magnetons
Energy: -15.54986144682933 eV
Magnetic moment: 2.846779772889349e-15 Bohr magnetons
Calculating q=[0.2 0.  0. ]
Calculating q=[0.2 0.  0. ]
Calculating q=[0.2 0.  0. ]
Calculating q=[0.2 0.  0. ]
Calculating q=[0.2 0.  0. ]
Calculating q=[0.2 0.  0. ]
Calculating q=[0.2 0.  0. ]
Calculating q=[0.2 0.  0. ]
Calculating q=[0.2 0.  0. ]
Calculating q=[0.2 0.  0. ]
Calculating q=[0.2 0.  0. ]
Calculating q=[0.2 0.  0. ]
Energy: -15.556706369083278 eV
Magnetic moment: 3.27546789413003e-09 Bohr magnetons
Energy: -15.556706369083278 eV
Magnetic moment: 3.27546789413003e-09 Bohr magnetons
Energy: -15.556706369083278 eV
Magnetic moment: 3.27546789413003e-09 Bohr magnetons
Energy: -15.556706369083278 eV
Magnetic moment: 3.27546789413003e-09 Bohr magnetons
Energy: -15.556706369083278 eV
Magnetic moment: 3.27546789413003e-09 Bohr magnetons
Energy: -15.556706369083278 eV
Magnetic moment: 3.27546789413003e-09 Bohr magnetons
Energy: -15.556706369083278 eV
Magnetic moment: 3.27546789413003e-09 Bohr magnetons
Energy: -15.556706369083278 eV
Magnetic moment: 3.27546789413003e-09 Bohr magnetons
Energy: -15.556706369083278 eV
Magnetic moment: 3.27546789413003e-09 Bohr magnetons
Energy: -15.556706369083278 eV
Magnetic moment: 3.27546789413003e-09 Bohr magnetons
Energy: -15.556706369083278 eV
Magnetic moment: 3.27546789413003e-09 Bohr magnetons
Energy: -15.556706369083278 eV
Magnetic moment: 3.27546789413003e-09 Bohr magnetons
Calculating q=[0.25 0.   0.  ]
Calculating q=[0.25 0.   0.  ]
Calculating q=[0.25 0.   0.  ]
Calculating q=[0.25 0.   0.  ]
Calculating q=[0.25 0.   0.  ]
Calculating q=[0.25 0.   0.  ]
Calculating q=[0.25 0.   0.  ]
Calculating q=[0.25 0.   0.  ]
Calculating q=[0.25 0.   0.  ]
Calculating q=[0.25 0.   0.  ]
Calculating q=[0.25 0.   0.  ]
Calculating q=[0.25 0.   0.  ]
Energy: -15.56366116420027 eV
Magnetic moment: -4.8980369527393965e-11 Bohr magnetons
Energy: -15.56366116420027 eV
Magnetic moment: -4.8980369527393965e-11 Bohr magnetons
Energy: -15.56366116420027 eV
Magnetic moment: -4.8980369527393965e-11 Bohr magnetons
Energy: -15.56366116420027 eV
Magnetic moment: -4.8980369527393965e-11 Bohr magnetons
Energy: -15.56366116420027 eV
Magnetic moment: -4.8980369527393965e-11 Bohr magnetons
Energy: -15.56366116420027 eV
Magnetic moment: -4.8980369527393965e-11 Bohr magnetons
Energy: -15.56366116420027 eV
Magnetic moment: -4.8980369527393965e-11 Bohr magnetons
Energy: -15.56366116420027 eV
Magnetic moment: -4.8980369527393965e-11 Bohr magnetons
Energy: -15.56366116420027 eV
Magnetic moment: -4.8980369527393965e-11 Bohr magnetons
Energy: -15.56366116420027 eV
Magnetic moment: -4.8980369527393965e-11 Bohr magnetons
Energy: -15.56366116420027 eV
Magnetic moment: -4.8980369527393965e-11 Bohr magnetons
Energy: -15.56366116420027 eV
Magnetic moment: -4.8980369527393965e-11 Bohr magnetons
Calculating q=[0.3 0.  0. ]
Calculating q=[0.3 0.  0. ]
Calculating q=[0.3 0.  0. ]
Calculating q=[0.3 0.  0. ]
Calculating q=[0.3 0.  0. ]
Calculating q=[0.3 0.  0. ]
Calculating q=[0.3 0.  0. ]
Calculating q=[0.3 0.  0. ]
Calculating q=[0.3 0.  0. ]
Calculating q=[0.3 0.  0. ]
Calculating q=[0.3 0.  0. ]
Calculating q=[0.3 0.  0. ]
Energy: -15.569975907500542 eV
Magnetic moment: 1.3178989254950376e-14 Bohr magnetons
Energy: -15.569975907500542 eV
Magnetic moment: 1.3178989254950376e-14 Bohr magnetons
Energy: -15.569975907500542 eV
Magnetic moment: 1.3178989254950376e-14 Bohr magnetons
Energy: -15.569975907500542 eV
Magnetic moment: 1.3178989254950376e-14 Bohr magnetons
Energy: -15.569975907500542 eV
Magnetic moment: 1.3178989254950376e-14 Bohr magnetons
Energy: -15.569975907500542 eV
Magnetic moment: 1.3178989254950376e-14 Bohr magnetons
Energy: -15.569975907500542 eV
Magnetic moment: 1.3178989254950376e-14 Bohr magnetons
Energy: -15.569975907500542 eV
Magnetic moment: 1.3178989254950376e-14 Bohr magnetons
Energy: -15.569975907500542 eV
Magnetic moment: 1.3178989254950376e-14 Bohr magnetons
Energy: -15.569975907500542 eV
Magnetic moment: 1.3178989254950376e-14 Bohr magnetons
Energy: -15.569975907500542 eV
Magnetic moment: 1.3178989254950376e-14 Bohr magnetons
Energy: -15.569975907500542 eV
Magnetic moment: 1.3178989254950376e-14 Bohr magnetons
Calculating q=[0.35 0.   0.  ]
Calculating q=[0.35 0.   0.  ]
Calculating q=[0.35 0.   0.  ]
Calculating q=[0.35 0.   0.  ]
Calculating q=[0.35 0.   0.  ]
Calculating q=[0.35 0.   0.  ]
Calculating q=[0.35 0.   0.  ]
Calculating q=[0.35 0.   0.  ]
Calculating q=[0.35 0.   0.  ]
Calculating q=[0.35 0.   0.  ]
Calculating q=[0.35 0.   0.  ]
Calculating q=[0.35 0.   0.  ]
Energy: -15.57513957837898 eV
Magnetic moment: -6.237399160310974e-16 Bohr magnetons
Energy: -15.57513957837898 eV
Magnetic moment: -6.237399160310974e-16 Bohr magnetons
Energy: -15.57513957837898 eV
Magnetic moment: -6.237399160310974e-16 Bohr magnetons
Energy: -15.57513957837898 eV
Magnetic moment: -6.237399160310974e-16 Bohr magnetons
Energy: -15.57513957837898 eV
Magnetic moment: -6.237399160310974e-16 Bohr magnetons
Energy: -15.57513957837898 eV
Magnetic moment: -6.237399160310974e-16 Bohr magnetons
Energy: -15.57513957837898 eV
Magnetic moment: -6.237399160310974e-16 Bohr magnetons
Energy: -15.57513957837898 eV
Magnetic moment: -6.237399160310974e-16 Bohr magnetons
Energy: -15.57513957837898 eV
Magnetic moment: -6.237399160310974e-16 Bohr magnetons
Energy: -15.57513957837898 eV
Magnetic moment: -6.237399160310974e-16 Bohr magnetons
Energy: -15.57513957837898 eV
Magnetic moment: -6.237399160310974e-16 Bohr magnetons
Energy: -15.57513957837898 eV
Magnetic moment: -6.237399160310974e-16 Bohr magnetons
Calculating q=[0.4 0.  0. ]
Calculating q=[0.4 0.  0. ]
Calculating q=[0.4 0.  0. ]
Calculating q=[0.4 0.  0. ]
Calculating q=[0.4 0.  0. ]
Calculating q=[0.4 0.  0. ]
Calculating q=[0.4 0.  0. ]
Calculating q=[0.4 0.  0. ]
Calculating q=[0.4 0.  0. ]
Calculating q=[0.4 0.  0. ]
Calculating q=[0.4 0.  0. ]
Calculating q=[0.4 0.  0. ]
Energy: -15.578888105757429 eV
Magnetic moment: 1.9330585988120364e-15 Bohr magnetons
Energy: -15.578888105757429 eV
Magnetic moment: 1.9330585988120364e-15 Bohr magnetons
Energy: -15.578888105757429 eV
Magnetic moment: 1.9330585988120364e-15 Bohr magnetons
Energy: -15.578888105757429 eV
Magnetic moment: 1.9330585988120364e-15 Bohr magnetons
Energy: -15.578888105757429 eV
Magnetic moment: 1.9330585988120364e-15 Bohr magnetons
Energy: -15.578888105757429 eV
Magnetic moment: 1.9330585988120364e-15 Bohr magnetons
Energy: -15.578888105757429 eV
Magnetic moment: 1.9330585988120364e-15 Bohr magnetons
Energy: -15.578888105757429 eV
Magnetic moment: 1.9330585988120364e-15 Bohr magnetons
Energy: -15.578888105757429 eV
Magnetic moment: 1.9330585988120364e-15 Bohr magnetons
Energy: -15.578888105757429 eV
Magnetic moment: 1.9330585988120364e-15 Bohr magnetons
Energy: -15.578888105757429 eV
Magnetic moment: 1.9330585988120364e-15 Bohr magnetons
Energy: -15.578888105757429 eV
Magnetic moment: 1.9330585988120364e-15 Bohr magnetons
Calculating q=[0.45 0.   0.  ]
Calculating q=[0.45 0.   0.  ]
Calculating q=[0.45 0.   0.  ]
Calculating q=[0.45 0.   0.  ]
Calculating q=[0.45 0.   0.  ]
Calculating q=[0.45 0.   0.  ]
Calculating q=[0.45 0.   0.  ]
Calculating q=[0.45 0.   0.  ]
Calculating q=[0.45 0.   0.  ]
Calculating q=[0.45 0.   0.  ]
Calculating q=[0.45 0.   0.  ]
Calculating q=[0.45 0.   0.  ]
Energy: -15.581135707548604 eV
Magnetic moment: -4.361758113906661e-13 Bohr magnetons
Energy: -15.581135707548604 eV
Magnetic moment: -4.361758113906661e-13 Bohr magnetons
Energy: -15.581135707548604 eV
Magnetic moment: -4.361758113906661e-13 Bohr magnetons
Energy: -15.581135707548604 eV
Magnetic moment: -4.361758113906661e-13 Bohr magnetons
Energy: -15.581135707548604 eV
Magnetic moment: -4.361758113906661e-13 Bohr magnetons
Energy: -15.581135707548604 eV
Magnetic moment: -4.361758113906661e-13 Bohr magnetons
Energy: -15.581135707548604 eV
Magnetic moment: -4.361758113906661e-13 Bohr magnetons
Energy: -15.581135707548604 eV
Magnetic moment: -4.361758113906661e-13 Bohr magnetons
Energy: -15.581135707548604 eV
Magnetic moment: -4.361758113906661e-13 Bohr magnetons
Energy: -15.581135707548604 eV
Magnetic moment: -4.361758113906661e-13 Bohr magnetons
Energy: -15.581135707548604 eV
Magnetic moment: -4.361758113906661e-13 Bohr magnetons
Energy: -15.581135707548604 eV
Magnetic moment: -4.361758113906661e-13 Bohr magnetons
Calculating q=[0.5 0.  0. ]
Calculating q=[0.5 0.  0. ]
Calculating q=[0.5 0.  0. ]
Calculating q=[0.5 0.  0. ]
Calculating q=[0.5 0.  0. ]
Calculating q=[0.5 0.  0. ]
Calculating q=[0.5 0.  0. ]
Calculating q=[0.5 0.  0. ]
Calculating q=[0.5 0.  0. ]
Calculating q=[0.5 0.  0. ]
Calculating q=[0.5 0.  0. ]
Calculating q=[0.5 0.  0. ]
Energy: -15.58187868314867 eV
Magnetic moment: -1.4494235213674903e-15 Bohr magnetons
Energy: -15.58187868314867 eV
Magnetic moment: -1.4494235213674903e-15 Bohr magnetons
Energy: -15.58187868314867 eV
Magnetic moment: -1.4494235213674903e-15 Bohr magnetons
Energy: -15.58187868314867 eV
Magnetic moment: -1.4494235213674903e-15 Bohr magnetons
Energy: -15.58187868314867 eV
Magnetic moment: -1.4494235213674903e-15 Bohr magnetons
Energy: -15.58187868314867 eV
Magnetic moment: -1.4494235213674903e-15 Bohr magnetons
Energy: -15.58187868314867 eV
Magnetic moment: -1.4494235213674903e-15 Bohr magnetons
Energy: -15.58187868314867 eV
Magnetic moment: -1.4494235213674903e-15 Bohr magnetons
Energy: -15.58187868314867 eV
Magnetic moment: -1.4494235213674903e-15 Bohr magnetons
Energy: -15.58187868314867 eV
Magnetic moment: -1.4494235213674903e-15 Bohr magnetons
Energy: -15.58187868314867 eV
Magnetic moment: -1.4494235213674903e-15 Bohr magnetons
Energy: -15.58187868314867 eV
Magnetic moment: -1.4494235213674903e-15 Bohr magnetons
Calculating q=[0.47222222 0.05555556 0.        ]
Calculating q=[0.47222222 0.05555556 0.        ]
Calculating q=[0.47222222 0.05555556 0.        ]
Calculating q=[0.47222222 0.05555556 0.        ]
Calculating q=[0.47222222 0.05555556 0.        ]
Calculating q=[0.47222222 0.05555556 0.        ]
Calculating q=[0.47222222 0.05555556 0.        ]
Calculating q=[0.47222222 0.05555556 0.        ]
Calculating q=[0.47222222 0.05555556 0.        ]
Calculating q=[0.47222222 0.05555556 0.        ]
Calculating q=[0.47222222 0.05555556 0.        ]
Calculating q=[0.47222222 0.05555556 0.        ]
Energy: -15.582460615494403 eV
Magnetic moment: 6.739279644011688e-16 Bohr magnetons
Energy: -15.582460615494403 eV
Magnetic moment: 6.739279644011688e-16 Bohr magnetons
Energy: -15.582460615494403 eV
Magnetic moment: 6.739279644011688e-16 Bohr magnetons
Energy: -15.582460615494403 eV
Magnetic moment: 6.739279644011688e-16 Bohr magnetons
Energy: -15.582460615494403 eV
Magnetic moment: 6.739279644011688e-16 Bohr magnetons
Energy: -15.582460615494403 eV
Magnetic moment: 6.739279644011688e-16 Bohr magnetons
Energy: -15.582460615494403 eV
Magnetic moment: 6.739279644011688e-16 Bohr magnetons
Energy: -15.582460615494403 eV
Magnetic moment: 6.739279644011688e-16 Bohr magnetons
Energy: -15.582460615494403 eV
Magnetic moment: 6.739279644011688e-16 Bohr magnetons
Energy: -15.582460615494403 eV
Magnetic moment: 6.739279644011688e-16 Bohr magnetons
Energy: -15.582460615494403 eV
Magnetic moment: 6.739279644011688e-16 Bohr magnetons
Energy: -15.582460615494403 eV
Magnetic moment: 6.739279644011688e-16 Bohr magnetons
Calculating q=[0.44444444 0.11111111 0.        ]
Calculating q=[0.44444444 0.11111111 0.        ]
Calculating q=[0.44444444 0.11111111 0.        ]
Calculating q=[0.44444444 0.11111111 0.        ]
Calculating q=[0.44444444 0.11111111 0.        ]
Calculating q=[0.44444444 0.11111111 0.        ]
Calculating q=[0.44444444 0.11111111 0.        ]
Calculating q=[0.44444444 0.11111111 0.        ]
Calculating q=[0.44444444 0.11111111 0.        ]
Calculating q=[0.44444444 0.11111111 0.        ]
Calculating q=[0.44444444 0.11111111 0.        ]
Calculating q=[0.44444444 0.11111111 0.        ]
Energy: -15.584026280376087 eV
Magnetic moment: -2.768833620665078e-16 Bohr magnetons
Energy: -15.584026280376087 eV
Magnetic moment: -2.768833620665078e-16 Bohr magnetons
Energy: -15.584026280376087 eV
Magnetic moment: -2.768833620665078e-16 Bohr magnetons
Energy: -15.584026280376087 eV
Magnetic moment: -2.768833620665078e-16 Bohr magnetons
Energy: -15.584026280376087 eV
Magnetic moment: -2.768833620665078e-16 Bohr magnetons
Energy: -15.584026280376087 eV
Magnetic moment: -2.768833620665078e-16 Bohr magnetons
Energy: -15.584026280376087 eV
Magnetic moment: -2.768833620665078e-16 Bohr magnetons
Energy: -15.584026280376087 eV
Magnetic moment: -2.768833620665078e-16 Bohr magnetons
Energy: -15.584026280376087 eV
Magnetic moment: -2.768833620665078e-16 Bohr magnetons
Energy: -15.584026280376087 eV
Magnetic moment: -2.768833620665078e-16 Bohr magnetons
Energy: -15.584026280376087 eV
Magnetic moment: -2.768833620665078e-16 Bohr magnetons
Energy: -15.584026280376087 eV
Magnetic moment: -2.768833620665078e-16 Bohr magnetons
Calculating q=[0.41666667 0.16666667 0.        ]
Calculating q=[0.41666667 0.16666667 0.        ]
Calculating q=[0.41666667 0.16666667 0.        ]
Calculating q=[0.41666667 0.16666667 0.        ]
Calculating q=[0.41666667 0.16666667 0.        ]
Calculating q=[0.41666667 0.16666667 0.        ]
Calculating q=[0.41666667 0.16666667 0.        ]
Calculating q=[0.41666667 0.16666667 0.        ]
Calculating q=[0.41666667 0.16666667 0.        ]
Calculating q=[0.41666667 0.16666667 0.        ]
Calculating q=[0.41666667 0.16666667 0.        ]
Calculating q=[0.41666667 0.16666667 0.        ]
Energy: -15.586128060368853 eV
Magnetic moment: -5.432070465222871e-15 Bohr magnetons
Energy: -15.586128060368853 eV
Magnetic moment: -5.432070465222871e-15 Bohr magnetons
Energy: -15.586128060368853 eV
Magnetic moment: -5.432070465222871e-15 Bohr magnetons
Energy: -15.586128060368853 eV
Magnetic moment: -5.432070465222871e-15 Bohr magnetons
Energy: -15.586128060368853 eV
Magnetic moment: -5.432070465222871e-15 Bohr magnetons
Energy: -15.586128060368853 eV
Magnetic moment: -5.432070465222871e-15 Bohr magnetons
Energy: -15.586128060368853 eV
Magnetic moment: -5.432070465222871e-15 Bohr magnetons
Energy: -15.586128060368853 eV
Magnetic moment: -5.432070465222871e-15 Bohr magnetons
Energy: -15.586128060368853 eV
Magnetic moment: -5.432070465222871e-15 Bohr magnetons
Energy: -15.586128060368853 eV
Magnetic moment: -5.432070465222871e-15 Bohr magnetons
Energy: -15.586128060368853 eV
Magnetic moment: -5.432070465222871e-15 Bohr magnetons
Energy: -15.586128060368853 eV
Magnetic moment: -5.432070465222871e-15 Bohr magnetons
Calculating q=[0.38888889 0.22222222 0.        ]
Calculating q=[0.38888889 0.22222222 0.        ]
Calculating q=[0.38888889 0.22222222 0.        ]
Calculating q=[0.38888889 0.22222222 0.        ]
Calculating q=[0.38888889 0.22222222 0.        ]
Calculating q=[0.38888889 0.22222222 0.        ]
Calculating q=[0.38888889 0.22222222 0.        ]
Calculating q=[0.38888889 0.22222222 0.        ]
Calculating q=[0.38888889 0.22222222 0.        ]
Calculating q=[0.38888889 0.22222222 0.        ]
Calculating q=[0.38888889 0.22222222 0.        ]
Calculating q=[0.38888889 0.22222222 0.        ]
Energy: -15.58818649202138 eV
Magnetic moment: -3.673903478455334e-15 Bohr magnetons
Energy: -15.58818649202138 eV
Magnetic moment: -3.673903478455334e-15 Bohr magnetons
Energy: -15.58818649202138 eV
Magnetic moment: -3.673903478455334e-15 Bohr magnetons
Energy: -15.58818649202138 eV
Magnetic moment: -3.673903478455334e-15 Bohr magnetons
Energy: -15.58818649202138 eV
Magnetic moment: -3.673903478455334e-15 Bohr magnetons
Energy: -15.58818649202138 eV
Magnetic moment: -3.673903478455334e-15 Bohr magnetons
Energy: -15.58818649202138 eV
Magnetic moment: -3.673903478455334e-15 Bohr magnetons
Energy: -15.58818649202138 eV
Magnetic moment: -3.673903478455334e-15 Bohr magnetons
Energy: -15.58818649202138 eV
Magnetic moment: -3.673903478455334e-15 Bohr magnetons
Energy: -15.58818649202138 eV
Magnetic moment: -3.673903478455334e-15 Bohr magnetons
Energy: -15.58818649202138 eV
Magnetic moment: -3.673903478455334e-15 Bohr magnetons
Calculating q=[0.36111111 0.27777778 0.        ]
Calculating q=[0.36111111 0.27777778 0.        ]
Calculating q=[0.36111111 0.27777778 0.        ]
Calculating q=[0.36111111 0.27777778 0.        ]
Calculating q=[0.36111111 0.27777778 0.        ]
Calculating q=[0.36111111 0.27777778 0.        ]
Energy: -15.58818649202138 eV
Magnetic moment: -3.673903478455334e-15 Bohr magnetons
Calculating q=[0.36111111 0.27777778 0.        ]
Calculating q=[0.36111111 0.27777778 0.        ]
Calculating q=[0.36111111 0.27777778 0.        ]
Calculating q=[0.36111111 0.27777778 0.        ]
Calculating q=[0.36111111 0.27777778 0.        ]
Calculating q=[0.36111111 0.27777778 0.        ]
Energy: -15.58967469783397 eV
Magnetic moment: 2.6060566961298943e-15 Bohr magnetons
Energy: -15.58967469783397 eV
Magnetic moment: 2.6060566961298943e-15 Bohr magnetons
Energy: -15.58967469783397 eV
Magnetic moment: 2.6060566961298943e-15 Bohr magnetons
Energy: -15.58967469783397 eV
Magnetic moment: 2.6060566961298943e-15 Bohr magnetons
Energy: -15.58967469783397 eV
Magnetic moment: 2.6060566961298943e-15 Bohr magnetons
Energy: -15.58967469783397 eV
Magnetic moment: 2.6060566961298943e-15 Bohr magnetons
Energy: -15.58967469783397 eV
Magnetic moment: 2.6060566961298943e-15 Bohr magnetons
Energy: -15.58967469783397 eV
Magnetic moment: 2.6060566961298943e-15 Bohr magnetons
Energy: -15.58967469783397 eV
Magnetic moment: 2.6060566961298943e-15 Bohr magnetons
Energy: -15.58967469783397 eV
Magnetic moment: 2.6060566961298943e-15 Bohr magnetons
Energy: -15.58967469783397 eV
Magnetic moment: 2.6060566961298943e-15 Bohr magnetons
Energy: -15.58967469783397 eV
Magnetic moment: 2.6060566961298943e-15 Bohr magnetons
Calculating q=[0.33333333 0.33333333 0.        ]
Calculating q=[0.33333333 0.33333333 0.        ]
Calculating q=[0.33333333 0.33333333 0.        ]
Calculating q=[0.33333333 0.33333333 0.        ]
Calculating q=[0.33333333 0.33333333 0.        ]
Calculating q=[0.33333333 0.33333333 0.        ]
Calculating q=[0.33333333 0.33333333 0.        ]
Calculating q=[0.33333333 0.33333333 0.        ]
Calculating q=[0.33333333 0.33333333 0.        ]
Calculating q=[0.33333333 0.33333333 0.        ]
Calculating q=[0.33333333 0.33333333 0.        ]
Calculating q=[0.33333333 0.33333333 0.        ]
Energy: -15.590216860145997 eV
Magnetic moment: 2.949151232835116e-16 Bohr magnetons
Energy: -15.590216860145997 eV
Magnetic moment: 2.949151232835116e-16 Bohr magnetons
Energy: -15.590216860145997 eV
Magnetic moment: 2.949151232835116e-16 Bohr magnetons
Energy: -15.590216860145997 eV
Magnetic moment: 2.949151232835116e-16 Bohr magnetons
Energy: -15.590216860145997 eV
Magnetic moment: 2.949151232835116e-16 Bohr magnetons
Energy: -15.590216860145997 eV
Magnetic moment: 2.949151232835116e-16 Bohr magnetons
Energy: -15.590216860145997 eV
Magnetic moment: 2.949151232835116e-16 Bohr magnetons
Energy: -15.590216860145997 eV
Magnetic moment: 2.949151232835116e-16 Bohr magnetons
Energy: -15.590216860145997 eV
Magnetic moment: 2.949151232835116e-16 Bohr magnetons
Energy: -15.590216860145997 eV
Magnetic moment: 2.949151232835116e-16 Bohr magnetons
Energy: -15.590216860145997 eV
Magnetic moment: 2.949151232835116e-16 Bohr magnetons
Energy: -15.590216860145997 eV
Magnetic moment: 2.949151232835116e-16 Bohr magnetons
Calculating q=[0.30952381 0.30952381 0.        ]
Calculating q=[0.30952381 0.30952381 0.        ]
Calculating q=[0.30952381 0.30952381 0.        ]
Calculating q=[0.30952381 0.30952381 0.        ]
Calculating q=[0.30952381 0.30952381 0.        ]
Calculating q=[0.30952381 0.30952381 0.        ]
Calculating q=[0.30952381 0.30952381 0.        ]
Calculating q=[0.30952381 0.30952381 0.        ]
Calculating q=[0.30952381 0.30952381 0.        ]
Calculating q=[0.30952381 0.30952381 0.        ]
Calculating q=[0.30952381 0.30952381 0.        ]
Calculating q=[0.30952381 0.30952381 0.        ]
Energy: -15.589774872721325 eV
Magnetic moment: -6.142220761941687e-15 Bohr magnetons
Energy: -15.589774872721325 eV
Magnetic moment: -6.142220761941687e-15 Bohr magnetons
Energy: -15.589774872721325 eV
Magnetic moment: -6.142220761941687e-15 Bohr magnetons
Energy: -15.589774872721325 eV
Magnetic moment: -6.142220761941687e-15 Bohr magnetons
Energy: -15.589774872721325 eV
Magnetic moment: -6.142220761941687e-15 Bohr magnetons
Energy: -15.589774872721325 eV
Magnetic moment: -6.142220761941687e-15 Bohr magnetons
Energy: -15.589774872721325 eV
Magnetic moment: -6.142220761941687e-15 Bohr magnetons
Energy: -15.589774872721325 eV
Magnetic moment: -6.142220761941687e-15 Bohr magnetons
Energy: -15.589774872721325 eV
Magnetic moment: -6.142220761941687e-15 Bohr magnetons
Energy: -15.589774872721325 eV
Magnetic moment: -6.142220761941687e-15 Bohr magnetons
Energy: -15.589774872721325 eV
Magnetic moment: -6.142220761941687e-15 Bohr magnetons
Energy: -15.589774872721325 eV
Magnetic moment: -6.142220761941687e-15 Bohr magnetons
Calculating q=[0.28571429 0.28571429 0.        ]
Calculating q=[0.28571429 0.28571429 0.        ]
Calculating q=[0.28571429 0.28571429 0.        ]
Calculating q=[0.28571429 0.28571429 0.        ]
Calculating q=[0.28571429 0.28571429 0.        ]
Calculating q=[0.28571429 0.28571429 0.        ]
Calculating q=[0.28571429 0.28571429 0.        ]
Calculating q=[0.28571429 0.28571429 0.        ]
Calculating q=[0.28571429 0.28571429 0.        ]
Calculating q=[0.28571429 0.28571429 0.        ]
Calculating q=[0.28571429 0.28571429 0.        ]
Calculating q=[0.28571429 0.28571429 0.        ]
Energy: -15.58844510986913 eV
Magnetic moment: 2.5751272032142145e-17 Bohr magnetons
Energy: -15.58844510986913 eV
Magnetic moment: 2.5751272032142145e-17 Bohr magnetons
Energy: -15.58844510986913 eV
Magnetic moment: 2.5751272032142145e-17 Bohr magnetons
Energy: -15.58844510986913 eV
Magnetic moment: 2.5751272032142145e-17 Bohr magnetons
Energy: -15.58844510986913 eV
Magnetic moment: 2.5751272032142145e-17 Bohr magnetons
Energy: -15.58844510986913 eV
Magnetic moment: 2.5751272032142145e-17 Bohr magnetons
Energy: -15.58844510986913 eV
Magnetic moment: 2.5751272032142145e-17 Bohr magnetons
Energy: -15.58844510986913 eV
Magnetic moment: 2.5751272032142145e-17 Bohr magnetons
Energy: -15.58844510986913 eV
Magnetic moment: 2.5751272032142145e-17 Bohr magnetons
Energy: -15.58844510986913 eV
Magnetic moment: 2.5751272032142145e-17 Bohr magnetons
Energy: -15.58844510986913 eV
Magnetic moment: 2.5751272032142145e-17 Bohr magnetons
Energy: -15.58844510986913 eV
Magnetic moment: 2.5751272032142145e-17 Bohr magnetons
Calculating q=[0.26190476 0.26190476 0.        ]
Calculating q=[0.26190476 0.26190476 0.        ]
Calculating q=[0.26190476 0.26190476 0.        ]
Calculating q=[0.26190476 0.26190476 0.        ]
Calculating q=[0.26190476 0.26190476 0.        ]
Calculating q=[0.26190476 0.26190476 0.        ]
Calculating q=[0.26190476 0.26190476 0.        ]
Calculating q=[0.26190476 0.26190476 0.        ]
Calculating q=[0.26190476 0.26190476 0.        ]
Calculating q=[0.26190476 0.26190476 0.        ]
Calculating q=[0.26190476 0.26190476 0.        ]
Calculating q=[0.26190476 0.26190476 0.        ]
Energy: -15.586233385885008 eV
Magnetic moment: -2.0425332870380055e-15 Bohr magnetons
Energy: -15.586233385885008 eV
Magnetic moment: -2.0425332870380055e-15 Bohr magnetons
Energy: -15.586233385885008 eV
Magnetic moment: -2.0425332870380055e-15 Bohr magnetons
Energy: -15.586233385885008 eV
Magnetic moment: -2.0425332870380055e-15 Bohr magnetons
Energy: -15.586233385885008 eV
Magnetic moment: -2.0425332870380055e-15 Bohr magnetons
Energy: -15.586233385885008 eV
Magnetic moment: -2.0425332870380055e-15 Bohr magnetons
Energy: -15.586233385885008 eV
Magnetic moment: -2.0425332870380055e-15 Bohr magnetons
Energy: -15.586233385885008 eV
Magnetic moment: -2.0425332870380055e-15 Bohr magnetons
Energy: -15.586233385885008 eV
Magnetic moment: -2.0425332870380055e-15 Bohr magnetons
Energy: -15.586233385885008 eV
Magnetic moment: -2.0425332870380055e-15 Bohr magnetons
Energy: -15.586233385885008 eV
Magnetic moment: -2.0425332870380055e-15 Bohr magnetons
Energy: -15.586233385885008 eV
Magnetic moment: -2.0425332870380055e-15 Bohr magnetons
Calculating q=[0.23809524 0.23809524 0.        ]
Calculating q=[0.23809524 0.23809524 0.        ]
Calculating q=[0.23809524 0.23809524 0.        ]
Calculating q=[0.23809524 0.23809524 0.        ]
Calculating q=[0.23809524 0.23809524 0.        ]
Calculating q=[0.23809524 0.23809524 0.        ]
Calculating q=[0.23809524 0.23809524 0.        ]
Calculating q=[0.23809524 0.23809524 0.        ]
Calculating q=[0.23809524 0.23809524 0.        ]
Calculating q=[0.23809524 0.23809524 0.        ]
Calculating q=[0.23809524 0.23809524 0.        ]
Calculating q=[0.23809524 0.23809524 0.        ]
Energy: -15.583170035085672 eV
Magnetic moment: -3.250355141935648e-15 Bohr magnetons
Energy: -15.583170035085672 eV
Magnetic moment: -3.250355141935648e-15 Bohr magnetons
Energy: -15.583170035085672 eV
Magnetic moment: -3.250355141935648e-15 Bohr magnetons
Energy: -15.583170035085672 eV
Magnetic moment: -3.250355141935648e-15 Bohr magnetons
Energy: -15.583170035085672 eV
Magnetic moment: -3.250355141935648e-15 Bohr magnetons
Energy: -15.583170035085672 eV
Magnetic moment: -3.250355141935648e-15 Bohr magnetons
Energy: -15.583170035085672 eV
Magnetic moment: -3.250355141935648e-15 Bohr magnetons
Energy: -15.583170035085672 eV
Magnetic moment: -3.250355141935648e-15 Bohr magnetons
Energy: -15.583170035085672 eV
Magnetic moment: -3.250355141935648e-15 Bohr magnetons
Energy: -15.583170035085672 eV
Magnetic moment: -3.250355141935648e-15 Bohr magnetons
Energy: -15.583170035085672 eV
Magnetic moment: -3.250355141935648e-15 Bohr magnetons
Energy: -15.583170035085672 eV
Magnetic moment: -3.250355141935648e-15 Bohr magnetons
Calculating q=[0.21428571 0.21428571 0.        ]
Calculating q=[0.21428571 0.21428571 0.        ]
Calculating q=[0.21428571 0.21428571 0.        ]
Calculating q=[0.21428571 0.21428571 0.        ]
Calculating q=[0.21428571 0.21428571 0.        ]
Calculating q=[0.21428571 0.21428571 0.        ]
Calculating q=[0.21428571 0.21428571 0.        ]
Calculating q=[0.21428571 0.21428571 0.        ]
Calculating q=[0.21428571 0.21428571 0.        ]
Calculating q=[0.21428571 0.21428571 0.        ]
Calculating q=[0.21428571 0.21428571 0.        ]
Calculating q=[0.21428571 0.21428571 0.        ]
Energy: -15.579297953739221 eV
Magnetic moment: 1.4234075795438373e-15 Bohr magnetons
Energy: -15.579297953739221 eV
Magnetic moment: 1.4234075795438373e-15 Bohr magnetons
Energy: -15.579297953739221 eV
Magnetic moment: 1.4234075795438373e-15 Bohr magnetons
Energy: -15.579297953739221 eV
Magnetic moment: 1.4234075795438373e-15 Bohr magnetons
Energy: -15.579297953739221 eV
Magnetic moment: 1.4234075795438373e-15 Bohr magnetons
Energy: -15.579297953739221 eV
Magnetic moment: 1.4234075795438373e-15 Bohr magnetons
Energy: -15.579297953739221 eV
Magnetic moment: 1.4234075795438373e-15 Bohr magnetons
Energy: -15.579297953739221 eV
Magnetic moment: 1.4234075795438373e-15 Bohr magnetons
Energy: -15.579297953739221 eV
Magnetic moment: 1.4234075795438373e-15 Bohr magnetons
Energy: -15.579297953739221 eV
Magnetic moment: 1.4234075795438373e-15 Bohr magnetons
Energy: -15.579297953739221 eV
Magnetic moment: 1.4234075795438373e-15 Bohr magnetons
Energy: -15.579297953739221 eV
Magnetic moment: 1.4234075795438373e-15 Bohr magnetons
Calculating q=[0.19047619 0.19047619 0.        ]
Calculating q=[0.19047619 0.19047619 0.        ]
Calculating q=[0.19047619 0.19047619 0.        ]
Calculating q=[0.19047619 0.19047619 0.        ]
Calculating q=[0.19047619 0.19047619 0.        ]
Calculating q=[0.19047619 0.19047619 0.        ]
Calculating q=[0.19047619 0.19047619 0.        ]
Calculating q=[0.19047619 0.19047619 0.        ]
Calculating q=[0.19047619 0.19047619 0.        ]
Calculating q=[0.19047619 0.19047619 0.        ]
Calculating q=[0.19047619 0.19047619 0.        ]
Calculating q=[0.19047619 0.19047619 0.        ]
Energy: -15.574683162890002 eV
Magnetic moment: -1.3199448143534828e-17 Bohr magnetons
Energy: -15.574683162890002 eV
Magnetic moment: -1.3199448143534828e-17 Bohr magnetons
Energy: -15.574683162890002 eV
Magnetic moment: -1.3199448143534828e-17 Bohr magnetons
Energy: -15.574683162890002 eV
Magnetic moment: -1.3199448143534828e-17 Bohr magnetons
Energy: -15.574683162890002 eV
Magnetic moment: -1.3199448143534828e-17 Bohr magnetons
Energy: -15.574683162890002 eV
Magnetic moment: -1.3199448143534828e-17 Bohr magnetons
Energy: -15.574683162890002 eV
Magnetic moment: -1.3199448143534828e-17 Bohr magnetons
Energy: -15.574683162890002 eV
Magnetic moment: -1.3199448143534828e-17 Bohr magnetons
Energy: -15.574683162890002 eV
Magnetic moment: -1.3199448143534828e-17 Bohr magnetons
Energy: -15.574683162890002 eV
Magnetic moment: -1.3199448143534828e-17 Bohr magnetons
Energy: -15.574683162890002 eV
Magnetic moment: -1.3199448143534828e-17 Bohr magnetons
Energy: -15.574683162890002 eV
Magnetic moment: -1.3199448143534828e-17 Bohr magnetons
Calculating q=[0.16666667 0.16666667 0.        ]
Calculating q=[0.16666667 0.16666667 0.        ]
Calculating q=[0.16666667 0.16666667 0.        ]
Calculating q=[0.16666667 0.16666667 0.        ]
Calculating q=[0.16666667 0.16666667 0.        ]
Calculating q=[0.16666667 0.16666667 0.        ]
Calculating q=[0.16666667 0.16666667 0.        ]
Calculating q=[0.16666667 0.16666667 0.        ]
Calculating q=[0.16666667 0.16666667 0.        ]
Calculating q=[0.16666667 0.16666667 0.        ]
Calculating q=[0.16666667 0.16666667 0.        ]
Calculating q=[0.16666667 0.16666667 0.        ]
Energy: -15.569419293469219 eV
Magnetic moment: 1.1060821865380449e-15 Bohr magnetons
Energy: -15.569419293469219 eV
Magnetic moment: 1.1060821865380449e-15 Bohr magnetons
Energy: -15.569419293469219 eV
Magnetic moment: 1.1060821865380449e-15 Bohr magnetons
Energy: -15.569419293469219 eV
Magnetic moment: 1.1060821865380449e-15 Bohr magnetons
Energy: -15.569419293469219 eV
Magnetic moment: 1.1060821865380449e-15 Bohr magnetons
Energy: -15.569419293469219 eV
Magnetic moment: 1.1060821865380449e-15 Bohr magnetons
Energy: -15.569419293469219 eV
Magnetic moment: 1.1060821865380449e-15 Bohr magnetons
Energy: -15.569419293469219 eV
Magnetic moment: 1.1060821865380449e-15 Bohr magnetons
Energy: -15.569419293469219 eV
Magnetic moment: 1.1060821865380449e-15 Bohr magnetons
Energy: -15.569419293469219 eV
Magnetic moment: 1.1060821865380449e-15 Bohr magnetons
Energy: -15.569419293469219 eV
Magnetic moment: 1.1060821865380449e-15 Bohr magnetons
Energy: -15.569419293469219 eV
Magnetic moment: 1.1060821865380449e-15 Bohr magnetons
Calculating q=[0.14285714 0.14285714 0.        ]
Calculating q=[0.14285714 0.14285714 0.        ]
Calculating q=[0.14285714 0.14285714 0.        ]
Calculating q=[0.14285714 0.14285714 0.        ]
Calculating q=[0.14285714 0.14285714 0.        ]
Calculating q=[0.14285714 0.14285714 0.        ]
Calculating q=[0.14285714 0.14285714 0.        ]
Calculating q=[0.14285714 0.14285714 0.        ]
Calculating q=[0.14285714 0.14285714 0.        ]
Calculating q=[0.14285714 0.14285714 0.        ]
Calculating q=[0.14285714 0.14285714 0.        ]
Calculating q=[0.14285714 0.14285714 0.        ]
Energy: -15.563677217535014 eV
Magnetic moment: -4.412956183024586e-15 Bohr magnetons
Energy: -15.563677217535014 eV
Magnetic moment: -4.412956183024586e-15 Bohr magnetons
Energy: -15.563677217535014 eV
Magnetic moment: -4.412956183024586e-15 Bohr magnetons
Energy: -15.563677217535014 eV
Magnetic moment: -4.412956183024586e-15 Bohr magnetons
Energy: -15.563677217535014 eV
Magnetic moment: -4.412956183024586e-15 Bohr magnetons
Energy: -15.563677217535014 eV
Magnetic moment: -4.412956183024586e-15 Bohr magnetons
Energy: -15.563677217535014 eV
Magnetic moment: -4.412956183024586e-15 Bohr magnetons
Energy: -15.563677217535014 eV
Magnetic moment: -4.412956183024586e-15 Bohr magnetons
Energy: -15.563677217535014 eV
Magnetic moment: -4.412956183024586e-15 Bohr magnetons
Energy: -15.563677217535014 eV
Magnetic moment: -4.412956183024586e-15 Bohr magnetons
Energy: -15.563677217535014 eV
Magnetic moment: -4.412956183024586e-15 Bohr magnetons
Energy: -15.563677217535014 eV
Magnetic moment: -4.412956183024586e-15 Bohr magnetons
Calculating q=[0.11904762 0.11904762 0.        ]
Calculating q=[0.11904762 0.11904762 0.        ]
Calculating q=[0.11904762 0.11904762 0.        ]
Calculating q=[0.11904762 0.11904762 0.        ]
Calculating q=[0.11904762 0.11904762 0.        ]
Calculating q=[0.11904762 0.11904762 0.        ]
Calculating q=[0.11904762 0.11904762 0.        ]
Calculating q=[0.11904762 0.11904762 0.        ]
Calculating q=[0.11904762 0.11904762 0.        ]
Calculating q=[0.11904762 0.11904762 0.        ]
Calculating q=[0.11904762 0.11904762 0.        ]
Calculating q=[0.11904762 0.11904762 0.        ]
Energy: -15.557709597897285 eV
Magnetic moment: -3.81513150692178e-15 Bohr magnetons
Energy: -15.557709597897285 eV
Magnetic moment: -3.81513150692178e-15 Bohr magnetons
Energy: -15.557709597897285 eV
Magnetic moment: -3.81513150692178e-15 Bohr magnetons
Energy: -15.557709597897285 eV
Magnetic moment: -3.81513150692178e-15 Bohr magnetons
Energy: -15.557709597897285 eV
Magnetic moment: -3.81513150692178e-15 Bohr magnetons
Energy: -15.557709597897285 eV
Magnetic moment: -3.81513150692178e-15 Bohr magnetons
Energy: -15.557709597897285 eV
Magnetic moment: -3.81513150692178e-15 Bohr magnetons
Energy: -15.557709597897285 eV
Magnetic moment: -3.81513150692178e-15 Bohr magnetons
Energy: -15.557709597897285 eV
Magnetic moment: -3.81513150692178e-15 Bohr magnetons
Energy: -15.557709597897285 eV
Magnetic moment: -3.81513150692178e-15 Bohr magnetons
Energy: -15.557709597897285 eV
Magnetic moment: -3.81513150692178e-15 Bohr magnetons
Energy: -15.557709597897285 eV
Magnetic moment: -3.81513150692178e-15 Bohr magnetons
Calculating q=[0.0952381 0.0952381 0.       ]
Calculating q=[0.0952381 0.0952381 0.       ]
Calculating q=[0.0952381 0.0952381 0.       ]
Calculating q=[0.0952381 0.0952381 0.       ]
Calculating q=[0.0952381 0.0952381 0.       ]
Calculating q=[0.0952381 0.0952381 0.       ]
Calculating q=[0.0952381 0.0952381 0.       ]
Calculating q=[0.0952381 0.0952381 0.       ]
Calculating q=[0.0952381 0.0952381 0.       ]
Calculating q=[0.0952381 0.0952381 0.       ]
Calculating q=[0.0952381 0.0952381 0.       ]
Calculating q=[0.0952381 0.0952381 0.       ]
Energy: -15.551871473926992 eV
Magnetic moment: 5.6338746456274085e-12 Bohr magnetons
Energy: -15.551871473926992 eV
Magnetic moment: 5.6338746456274085e-12 Bohr magnetons
Energy: -15.551871473926992 eV
Magnetic moment: 5.6338746456274085e-12 Bohr magnetons
Energy: -15.551871473926992 eV
Magnetic moment: 5.6338746456274085e-12 Bohr magnetons
Energy: -15.551871473926992 eV
Magnetic moment: 5.6338746456274085e-12 Bohr magnetons
Energy: -15.551871473926992 eV
Magnetic moment: 5.6338746456274085e-12 Bohr magnetons
Energy: -15.551871473926992 eV
Magnetic moment: 5.6338746456274085e-12 Bohr magnetons
Energy: -15.551871473926992 eV
Magnetic moment: 5.6338746456274085e-12 Bohr magnetons
Energy: -15.551871473926992 eV
Magnetic moment: 5.6338746456274085e-12 Bohr magnetons
Energy: -15.551871473926992 eV
Magnetic moment: 5.6338746456274085e-12 Bohr magnetons
Energy: -15.551871473926992 eV
Magnetic moment: 5.6338746456274085e-12 Bohr magnetons
Energy: -15.551871473926992 eV
Magnetic moment: 5.6338746456274085e-12 Bohr magnetons
Calculating q=[0.07142857 0.07142857 0.        ]
Calculating q=[0.07142857 0.07142857 0.        ]
Calculating q=[0.07142857 0.07142857 0.        ]
Calculating q=[0.07142857 0.07142857 0.        ]
Calculating q=[0.07142857 0.07142857 0.        ]
Calculating q=[0.07142857 0.07142857 0.        ]
Calculating q=[0.07142857 0.07142857 0.        ]
Calculating q=[0.07142857 0.07142857 0.        ]
Calculating q=[0.07142857 0.07142857 0.        ]
Calculating q=[0.07142857 0.07142857 0.        ]
Calculating q=[0.07142857 0.07142857 0.        ]
Calculating q=[0.07142857 0.07142857 0.        ]
Energy: -15.546608065518253 eV
Magnetic moment: 2.4645402917587563e-15 Bohr magnetons
Energy: -15.546608065518253 eV
Magnetic moment: 2.4645402917587563e-15 Bohr magnetons
Energy: -15.546608065518253 eV
Magnetic moment: 2.4645402917587563e-15 Bohr magnetons
Energy: -15.546608065518253 eV
Magnetic moment: 2.4645402917587563e-15 Bohr magnetons
Energy: -15.546608065518253 eV
Magnetic moment: 2.4645402917587563e-15 Bohr magnetons
Energy: -15.546608065518253 eV
Magnetic moment: 2.4645402917587563e-15 Bohr magnetons
Energy: -15.546608065518253 eV
Magnetic moment: 2.4645402917587563e-15 Bohr magnetons
Energy: -15.546608065518253 eV
Magnetic moment: 2.4645402917587563e-15 Bohr magnetons
Energy: -15.546608065518253 eV
Magnetic moment: 2.4645402917587563e-15 Bohr magnetons
Energy: -15.546608065518253 eV
Magnetic moment: 2.4645402917587563e-15 Bohr magnetons
Energy: -15.546608065518253 eV
Magnetic moment: 2.4645402917587563e-15 Bohr magnetons
Energy: -15.546608065518253 eV
Magnetic moment: 2.4645402917587563e-15 Bohr magnetons
Calculating q=[0.04761905 0.04761905 0.        ]
Calculating q=[0.04761905 0.04761905 0.        ]
Calculating q=[0.04761905 0.04761905 0.        ]
Calculating q=[0.04761905 0.04761905 0.        ]
Calculating q=[0.04761905 0.04761905 0.        ]
Calculating q=[0.04761905 0.04761905 0.        ]
Calculating q=[0.04761905 0.04761905 0.        ]
Calculating q=[0.04761905 0.04761905 0.        ]
Calculating q=[0.04761905 0.04761905 0.        ]
Calculating q=[0.04761905 0.04761905 0.        ]
Calculating q=[0.04761905 0.04761905 0.        ]
Calculating q=[0.04761905 0.04761905 0.        ]
Energy: -15.542384419152624 eV
Magnetic moment: 5.923690717775765e-16 Bohr magnetons
Energy: -15.542384419152624 eV
Magnetic moment: 5.923690717775765e-16 Bohr magnetons
Energy: -15.542384419152624 eV
Magnetic moment: 5.923690717775765e-16 Bohr magnetons
Energy: -15.542384419152624 eV
Magnetic moment: 5.923690717775765e-16 Bohr magnetons
Energy: -15.542384419152624 eV
Magnetic moment: 5.923690717775765e-16 Bohr magnetons
Energy: -15.542384419152624 eV
Magnetic moment: 5.923690717775765e-16 Bohr magnetons
Energy: -15.542384419152624 eV
Magnetic moment: 5.923690717775765e-16 Bohr magnetons
Energy: -15.542384419152624 eV
Magnetic moment: 5.923690717775765e-16 Bohr magnetons
Energy: -15.542384419152624 eV
Magnetic moment: 5.923690717775765e-16 Bohr magnetons
Energy: -15.542384419152624 eV
Magnetic moment: 5.923690717775765e-16 Bohr magnetons
Energy: -15.542384419152624 eV
Magnetic moment: 5.923690717775765e-16 Bohr magnetons
Energy: -15.542384419152624 eV
Magnetic moment: 5.923690717775765e-16 Bohr magnetons
Calculating q=[0.02380952 0.02380952 0.        ]
Calculating q=[0.02380952 0.02380952 0.        ]
Calculating q=[0.02380952 0.02380952 0.        ]
Calculating q=[0.02380952 0.02380952 0.        ]
Calculating q=[0.02380952 0.02380952 0.        ]
Calculating q=[0.02380952 0.02380952 0.        ]
Calculating q=[0.02380952 0.02380952 0.        ]
Calculating q=[0.02380952 0.02380952 0.        ]
Calculating q=[0.02380952 0.02380952 0.        ]
Calculating q=[0.02380952 0.02380952 0.        ]
Calculating q=[0.02380952 0.02380952 0.        ]
Calculating q=[0.02380952 0.02380952 0.        ]
Energy: -15.539641451140195 eV
Magnetic moment: -1.4110990153697255e-15 Bohr magnetons
Energy: -15.539641451140195 eV
Magnetic moment: -1.4110990153697255e-15 Bohr magnetons
Energy: -15.539641451140195 eV
Magnetic moment: -1.4110990153697255e-15 Bohr magnetons
Energy: -15.539641451140195 eV
Magnetic moment: -1.4110990153697255e-15 Bohr magnetons
Energy: -15.539641451140195 eV
Magnetic moment: -1.4110990153697255e-15 Bohr magnetons
Energy: -15.539641451140195 eV
Magnetic moment: -1.4110990153697255e-15 Bohr magnetons
Energy: -15.539641451140195 eV
Magnetic moment: -1.4110990153697255e-15 Bohr magnetons
Energy: -15.539641451140195 eV
Magnetic moment: -1.4110990153697255e-15 Bohr magnetons
Energy: -15.539641451140195 eV
Magnetic moment: -1.4110990153697255e-15 Bohr magnetons
Energy: -15.539641451140195 eV
Magnetic moment: -1.4110990153697255e-15 Bohr magnetons
Energy: -15.539641451140195 eV
Magnetic moment: -1.4110990153697255e-15 Bohr magnetons
Energy: -15.539641451140195 eV
Magnetic moment: -1.4110990153697255e-15 Bohr magnetons
Calculating q=[0. 0. 0.]
Calculating q=[0. 0. 0.]
Calculating q=[0. 0. 0.]
Calculating q=[0. 0. 0.]
Calculating q=[0. 0. 0.]
Calculating q=[0. 0. 0.]
Calculating q=[0. 0. 0.]
Calculating q=[0. 0. 0.]
Calculating q=[0. 0. 0.]
Calculating q=[0. 0. 0.]
Calculating q=[0. 0. 0.]
Calculating q=[0. 0. 0.]
Energy: -15.538694510313114 eV
Magnetic moment: -1.0164776227152331e-09 Bohr magnetons
Energy: -15.538694510313114 eV
Magnetic moment: -1.0164776227152331e-09 Bohr magnetons
Energy: -15.538694510313114 eV
Magnetic moment: -1.0164776227152331e-09 Bohr magnetons
Energy: -15.538694510313114 eV
Magnetic moment: -1.0164776227152331e-09 Bohr magnetons
Energy: -15.538694510313114 eV
Magnetic moment: -1.0164776227152331e-09 Bohr magnetons
Energy: -15.538694510313114 eV
Magnetic moment: -1.0164776227152331e-09 Bohr magnetons
Energy: -15.538694510313114 eV
Magnetic moment: -1.0164776227152331e-09 Bohr magnetons
Energy: -15.538694510313114 eV
Magnetic moment: -1.0164776227152331e-09 Bohr magnetons
Energy: -15.538694510313114 eV
Magnetic moment: -1.0164776227152331e-09 Bohr magnetons
Energy: -15.538694510313114 eV
Magnetic moment: -1.0164776227152331e-09 Bohr magnetons
Energy: -15.538694510313114 eV
Magnetic moment: -1.0164776227152331e-09 Bohr magnetons
Energy: -15.538694510313114 eV
Magnetic moment: -1.0164776227152331e-09 Bohr magnetons

------------------------------------------------------------
Sender: LSF System <lsfadmin@hpc.dtu.dk>
Subject: Job 21517025: <plot_9.py> in cluster <dcc> Done

Job <plot_9.py> was submitted from host <gbarlogin2> by user <s194113> in cluster <dcc> at Sat Apr 20 11:39:09 2024
Job was executed on host(s) <12*n-62-28-28>, in queue <hpc>, as user <s194113> in cluster <dcc> at Sat Apr 20 18:01:31 2024
</zhome/87/8/147075> was used as the home directory.
</zhome/87/8/147075/10302/10302_NM/VBr2/E_con> was used as the working directory.
Started at Sat Apr 20 18:01:31 2024
Terminated at Sun Apr 21 01:12:06 2024
Results reported at Sun Apr 21 01:12:06 2024

Your job looked like:

------------------------------------------------------------
# LSBATCH: User input
#!/bin/bash -l
id=$LSB_JOBID
mq=/zhome/87/8/147075/.myqueue/lsf-$id
source /zhome/87/8/147075/venv-name/bin/activate
echo "venv: /zhome/87/8/147075/venv-name/bin/activate"
(touch $mq-0 && \
 cd '/zhome/87/8/147075/10302/10302_NM/VBr2/E_con' && \
 mpiexec python3 plot_9.py && \
 touch $mq-1) || \
(touch $mq-2; exit 1)

------------------------------------------------------------

Successfully completed.

Resource usage summary:

    CPU time :                                   309913.53 sec.
    Max Memory :                                 11676 MB
    Average Memory :                             8878.53 MB
    Total Requested Memory :                     73728.00 MB
    Delta Memory :                               62052.00 MB
    Max Swap :                                   -
    Max Processes :                              17
    Max Threads :                                57
    Run time :                                   25875 sec.
    Turnaround time :                            48777 sec.

The output (if any) is above this job summary.



PS:

Read file </zhome/87/8/147075/10302/10302_NM/VBr2/E_con/plot_9.py.21517025.err> for stderr output of this job.

