venv: /zhome/87/8/147075/venv-name/bin/activate
[1713701323.277555] [n-62-29-5:5525 :0]          ib_md.c:1063 UCX  WARN  IB: ibv_fork_init() was disabled or failed, yet a fork() has been issued.
[1713701323.277591] [n-62-29-5:5525 :0]          ib_md.c:1064 UCX  WARN  IB: data corruption might occur when using registered memory.
[1713701323.277567] [n-62-29-5:5530 :0]          ib_md.c:1063 UCX  WARN  IB: ibv_fork_init() was disabled or failed, yet a fork() has been issued.
[1713701323.277601] [n-62-29-5:5530 :0]          ib_md.c:1064 UCX  WARN  IB: data corruption might occur when using registered memory.
[1713701323.277601] [n-62-29-5:5527 :0]          ib_md.c:1063 UCX  WARN  IB: ibv_fork_init() was disabled or failed, yet a fork() has been issued.
[1713701323.277636] [n-62-29-5:5527 :0]          ib_md.c:1064 UCX  WARN  IB: data corruption might occur when using registered memory.
[1713701323.277641] [n-62-29-5:5533 :0]          ib_md.c:1063 UCX  WARN  IB: ibv_fork_init() was disabled or failed, yet a fork() has been issued.
[1713701323.277672] [n-62-29-5:5533 :0]          ib_md.c:1064 UCX  WARN  IB: data corruption might occur when using registered memory.
[1713701323.277666] [n-62-29-5:5518 :0]          ib_md.c:1063 UCX  WARN  IB: ibv_fork_init() was disabled or failed, yet a fork() has been issued.
[1713701323.277720] [n-62-29-5:5518 :0]          ib_md.c:1064 UCX  WARN  IB: data corruption might occur when using registered memory.
[1713701323.277681] [n-62-29-5:5520 :0]          ib_md.c:1063 UCX  WARN  IB: ibv_fork_init() was disabled or failed, yet a fork() has been issued.
[1713701323.277713] [n-62-29-5:5520 :0]          ib_md.c:1064 UCX  WARN  IB: data corruption might occur when using registered memory.
[1713701323.277669] [n-62-29-5:5521 :0]          ib_md.c:1063 UCX  WARN  IB: ibv_fork_init() was disabled or failed, yet a fork() has been issued.
[1713701323.277706] [n-62-29-5:5521 :0]          ib_md.c:1064 UCX  WARN  IB: data corruption might occur when using registered memory.
[1713701323.277716] [n-62-29-5:5522 :0]          ib_md.c:1063 UCX  WARN  IB: ibv_fork_init() was disabled or failed, yet a fork() has been issued.
[1713701323.277748] [n-62-29-5:5522 :0]          ib_md.c:1064 UCX  WARN  IB: data corruption might occur when using registered memory.
[1713701323.277738] [n-62-29-5:5523 :0]          ib_md.c:1063 UCX  WARN  IB: ibv_fork_init() was disabled or failed, yet a fork() has been issued.
[1713701323.277790] [n-62-29-5:5523 :0]          ib_md.c:1064 UCX  WARN  IB: data corruption might occur when using registered memory.
[1713701323.277712] [n-62-29-5:5524 :0]          ib_md.c:1063 UCX  WARN  IB: ibv_fork_init() was disabled or failed, yet a fork() has been issued.
[1713701323.277761] [n-62-29-5:5524 :0]          ib_md.c:1064 UCX  WARN  IB: data corruption might occur when using registered memory.
[1713701323.277792] [n-62-29-5:5531 :0]          ib_md.c:1063 UCX  WARN  IB: ibv_fork_init() was disabled or failed, yet a fork() has been issued.
[1713701323.277829] [n-62-29-5:5531 :0]          ib_md.c:1064 UCX  WARN  IB: data corruption might occur when using registered memory.
[1713701323.277706] [n-62-29-5:5532 :0]          ib_md.c:1063 UCX  WARN  IB: ibv_fork_init() was disabled or failed, yet a fork() has been issued.
[1713701323.277741] [n-62-29-5:5532 :0]          ib_md.c:1064 UCX  WARN  IB: data corruption might occur when using registered memory.
Calculating ground state
31 q-points in the path
=====================================
Calculating ground state
Calculating ground state
31 q-points in the path
Calculating ground state
31 q-points in the path
=====================================
31 q-points in the path
=====================================
=====================================
Calculating ground state
31 q-points in the path
=====================================
Calculating ground state
31 q-points in the path
=====================================
Calculating ground state
31 q-points in the path
=====================================
Calculating q=[0. 0. 0.]
Calculating q=[0. 0. 0.]
Calculating q=[0. 0. 0.]
Calculating q=[0. 0. 0.]
Calculating q=[0. 0. 0.]
Calculating q=[0. 0. 0.]
Calculating ground state
31 q-points in the path
Calculating q=[0. 0. 0.]
Calculating ground state
=====================================
Calculating ground state
31 q-points in the path
=====================================
31 q-points in the path
=====================================
Calculating ground state
31 q-points in the path
=====================================
Calculating q=[0. 0. 0.]
Calculating q=[0. 0. 0.]
Calculating q=[0. 0. 0.]
Calculating q=[0. 0. 0.]
Calculating ground state
31 q-points in the path
=====================================
Calculating q=[0. 0. 0.]
Energy: -15.538895500287447 eV
Magnetic moment: -1.1574941014712963e-12 Bohr magnetons
Energy: -15.538895500287447 eV
Magnetic moment: -1.1574941014712963e-12 Bohr magnetons
Energy: -15.538895500287447 eV
Magnetic moment: -1.1574941014712963e-12 Bohr magnetons
Energy: -15.538895500287447 eV
Magnetic moment: -1.1574941014712963e-12 Bohr magnetons
Energy: -15.538895500287447 eV
Magnetic moment: -1.1574941014712963e-12 Bohr magnetons
Energy: -15.538895500287447 eV
Magnetic moment: -1.1574941014712963e-12 Bohr magnetons
Energy: -15.538895500287447 eV
Magnetic moment: -1.1574941014712963e-12 Bohr magnetons
Energy: -15.538895500287447 eV
Magnetic moment: -1.1574941014712963e-12 Bohr magnetons
Energy: -15.538895500287447 eV
Magnetic moment: -1.1574941014712963e-12 Bohr magnetons
Energy: -15.538895500287447 eV
Magnetic moment: -1.1574941014712963e-12 Bohr magnetons
Energy: -15.538895500287447 eV
Magnetic moment: -1.1574941014712963e-12 Bohr magnetons
Calculating q=[0.05 0.   0.  ]
Calculating q=[0.05 0.   0.  ]
Calculating q=[0.05 0.   0.  ]
Calculating q=[0.05 0.   0.  ]
Calculating q=[0.05 0.   0.  ]
Calculating q=[0.05 0.   0.  ]
Calculating q=[0.05 0.   0.  ]
Calculating q=[0.05 0.   0.  ]
Energy: -15.538895500287447 eV
Magnetic moment: -1.1574941014712963e-12 Bohr magnetons
Calculating q=[0.05 0.   0.  ]
Calculating q=[0.05 0.   0.  ]
Calculating q=[0.05 0.   0.  ]
Calculating q=[0.05 0.   0.  ]
Energy: -15.540286801750119 eV
Magnetic moment: -4.428927507225097e-15 Bohr magnetons
Energy: -15.540286801750119 eV
Magnetic moment: -4.428927507225097e-15 Bohr magnetons
Energy: -15.540286801750119 eV
Magnetic moment: -4.428927507225097e-15 Bohr magnetons
Energy: -15.540286801750119 eV
Magnetic moment: -4.428927507225097e-15 Bohr magnetons
Energy: -15.540286801750119 eV
Magnetic moment: -4.428927507225097e-15 Bohr magnetons
Energy: -15.540286801750119 eV
Magnetic moment: -4.428927507225097e-15 Bohr magnetons
Energy: -15.540286801750119 eV
Magnetic moment: -4.428927507225097e-15 Bohr magnetons
Energy: -15.540286801750119 eV
Magnetic moment: -4.428927507225097e-15 Bohr magnetons
Energy: -15.540286801750119 eV
Magnetic moment: -4.428927507225097e-15 Bohr magnetons
Energy: -15.540286801750119 eV
Magnetic moment: -4.428927507225097e-15 Bohr magnetons
Energy: -15.540286801750119 eV
Magnetic moment: -4.428927507225097e-15 Bohr magnetons
Energy: -15.540286801750119 eV
Magnetic moment: -4.428927507225097e-15 Bohr magnetons
Calculating q=[0.1 0.  0. ]
Calculating q=[0.1 0.  0. ]
Calculating q=[0.1 0.  0. ]
Calculating q=[0.1 0.  0. ]
Calculating q=[0.1 0.  0. ]
Calculating q=[0.1 0.  0. ]
Calculating q=[0.1 0.  0. ]
Calculating q=[0.1 0.  0. ]
Calculating q=[0.1 0.  0. ]
Calculating q=[0.1 0.  0. ]
Calculating q=[0.1 0.  0. ]
Calculating q=[0.1 0.  0. ]
Energy: -15.54422544945455 eV
Magnetic moment: -3.482889168866559e-16 Bohr magnetons
Energy: -15.54422544945455 eV
Magnetic moment: -3.482889168866559e-16 Bohr magnetons
Energy: -15.54422544945455 eV
Magnetic moment: -3.482889168866559e-16 Bohr magnetons
Energy: -15.54422544945455 eV
Magnetic moment: -3.482889168866559e-16 Bohr magnetons
Energy: -15.54422544945455 eV
Magnetic moment: -3.482889168866559e-16 Bohr magnetons
Energy: -15.54422544945455 eV
Magnetic moment: -3.482889168866559e-16 Bohr magnetons
Energy: -15.54422544945455 eV
Magnetic moment: -3.482889168866559e-16 Bohr magnetons
Energy: -15.54422544945455 eV
Magnetic moment: -3.482889168866559e-16 Bohr magnetons
Energy: -15.54422544945455 eV
Magnetic moment: -3.482889168866559e-16 Bohr magnetons
Energy: -15.54422544945455 eV
Magnetic moment: -3.482889168866559e-16 Bohr magnetons
Energy: -15.54422544945455 eV
Magnetic moment: -3.482889168866559e-16 Bohr magnetons
Energy: -15.54422544945455 eV
Magnetic moment: -3.482889168866559e-16 Bohr magnetons
Calculating q=[0.15 0.   0.  ]
Calculating q=[0.15 0.   0.  ]
Calculating q=[0.15 0.   0.  ]
Calculating q=[0.15 0.   0.  ]
Calculating q=[0.15 0.   0.  ]
Calculating q=[0.15 0.   0.  ]
Calculating q=[0.15 0.   0.  ]
Calculating q=[0.15 0.   0.  ]
Calculating q=[0.15 0.   0.  ]
Calculating q=[0.15 0.   0.  ]
Calculating q=[0.15 0.   0.  ]
Calculating q=[0.15 0.   0.  ]
Energy: -15.550063543999933 eV
Magnetic moment: -3.4168475545634995e-15 Bohr magnetons
Energy: -15.550063543999933 eV
Magnetic moment: -3.4168475545634995e-15 Bohr magnetons
Energy: -15.550063543999933 eV
Magnetic moment: -3.4168475545634995e-15 Bohr magnetons
Energy: -15.550063543999933 eV
Magnetic moment: -3.4168475545634995e-15 Bohr magnetons
Energy: -15.550063543999933 eV
Magnetic moment: -3.4168475545634995e-15 Bohr magnetons
Energy: -15.550063543999933 eV
Magnetic moment: -3.4168475545634995e-15 Bohr magnetons
Energy: -15.550063543999933 eV
Magnetic moment: -3.4168475545634995e-15 Bohr magnetons
Energy: -15.550063543999933 eV
Magnetic moment: -3.4168475545634995e-15 Bohr magnetons
Energy: -15.550063543999933 eV
Magnetic moment: -3.4168475545634995e-15 Bohr magnetons
Energy: -15.550063543999933 eV
Magnetic moment: -3.4168475545634995e-15 Bohr magnetons
Energy: -15.550063543999933 eV
Magnetic moment: -3.4168475545634995e-15 Bohr magnetons
Energy: -15.550063543999933 eV
Magnetic moment: -3.4168475545634995e-15 Bohr magnetons
Calculating q=[0.2 0.  0. ]
Calculating q=[0.2 0.  0. ]
Calculating q=[0.2 0.  0. ]
Calculating q=[0.2 0.  0. ]
Calculating q=[0.2 0.  0. ]
Calculating q=[0.2 0.  0. ]
Calculating q=[0.2 0.  0. ]
Calculating q=[0.2 0.  0. ]
Calculating q=[0.2 0.  0. ]
Calculating q=[0.2 0.  0. ]
Calculating q=[0.2 0.  0. ]
Calculating q=[0.2 0.  0. ]
Energy: -15.556906335767163 eV
Magnetic moment: -9.159654250163448e-10 Bohr magnetons
Energy: -15.556906335767163 eV
Magnetic moment: -9.159654250163448e-10 Bohr magnetons
Energy: -15.556906335767163 eV
Magnetic moment: -9.159654250163448e-10 Bohr magnetons
Energy: -15.556906335767163 eV
Magnetic moment: -9.159654250163448e-10 Bohr magnetons
Energy: -15.556906335767163 eV
Magnetic moment: -9.159654250163448e-10 Bohr magnetons
Energy: -15.556906335767163 eV
Magnetic moment: -9.159654250163448e-10 Bohr magnetons
Energy: -15.556906335767163 eV
Magnetic moment: -9.159654250163448e-10 Bohr magnetons
Energy: -15.556906335767163 eV
Magnetic moment: -9.159654250163448e-10 Bohr magnetons
Energy: -15.556906335767163 eV
Magnetic moment: -9.159654250163448e-10 Bohr magnetons
Energy: -15.556906335767163 eV
Magnetic moment: -9.159654250163448e-10 Bohr magnetons
Energy: -15.556906335767163 eV
Magnetic moment: -9.159654250163448e-10 Bohr magnetons
Energy: -15.556906335767163 eV
Magnetic moment: -9.159654250163448e-10 Bohr magnetons
Calculating q=[0.25 0.   0.  ]
Calculating q=[0.25 0.   0.  ]
Calculating q=[0.25 0.   0.  ]
Calculating q=[0.25 0.   0.  ]
Calculating q=[0.25 0.   0.  ]
Calculating q=[0.25 0.   0.  ]
Calculating q=[0.25 0.   0.  ]
Calculating q=[0.25 0.   0.  ]
Calculating q=[0.25 0.   0.  ]
Calculating q=[0.25 0.   0.  ]
Calculating q=[0.25 0.   0.  ]
Calculating q=[0.25 0.   0.  ]
Energy: -15.563863340438992 eV
Magnetic moment: -1.8737221768642003e-11 Bohr magnetons
Energy: -15.563863340438992 eV
Magnetic moment: -1.8737221768642003e-11 Bohr magnetons
Energy: -15.563863340438992 eV
Magnetic moment: -1.8737221768642003e-11 Bohr magnetons
Energy: -15.563863340438992 eV
Magnetic moment: -1.8737221768642003e-11 Bohr magnetons
Energy: -15.563863340438992 eV
Magnetic moment: -1.8737221768642003e-11 Bohr magnetons
Energy: -15.563863340438992 eV
Magnetic moment: -1.8737221768642003e-11 Bohr magnetons
Energy: -15.563863340438992 eV
Magnetic moment: -1.8737221768642003e-11 Bohr magnetons
Energy: -15.563863340438992 eV
Magnetic moment: -1.8737221768642003e-11 Bohr magnetons
Energy: -15.563863340438992 eV
Magnetic moment: -1.8737221768642003e-11 Bohr magnetons
Energy: -15.563863340438992 eV
Magnetic moment: -1.8737221768642003e-11 Bohr magnetons
Energy: -15.563863340438992 eV
Magnetic moment: -1.8737221768642003e-11 Bohr magnetons
Energy: -15.563863340438992 eV
Magnetic moment: -1.8737221768642003e-11 Bohr magnetons
Calculating q=[0.3 0.  0. ]
Calculating q=[0.3 0.  0. ]
Calculating q=[0.3 0.  0. ]
Calculating q=[0.3 0.  0. ]
Calculating q=[0.3 0.  0. ]
Calculating q=[0.3 0.  0. ]
Calculating q=[0.3 0.  0. ]
Calculating q=[0.3 0.  0. ]
Calculating q=[0.3 0.  0. ]
Calculating q=[0.3 0.  0. ]
Calculating q=[0.3 0.  0. ]
Calculating q=[0.3 0.  0. ]
Energy: -15.570175547649072 eV
Magnetic moment: 4.2170327027203145e-14 Bohr magnetons
Energy: -15.570175547649072 eV
Magnetic moment: 4.2170327027203145e-14 Bohr magnetons
Energy: -15.570175547649072 eV
Magnetic moment: 4.2170327027203145e-14 Bohr magnetons
Energy: -15.570175547649072 eV
Magnetic moment: 4.2170327027203145e-14 Bohr magnetons
Energy: -15.570175547649072 eV
Magnetic moment: 4.2170327027203145e-14 Bohr magnetons
Energy: -15.570175547649072 eV
Magnetic moment: 4.2170327027203145e-14 Bohr magnetons
Energy: -15.570175547649072 eV
Magnetic moment: 4.2170327027203145e-14 Bohr magnetons
Energy: -15.570175547649072 eV
Magnetic moment: 4.2170327027203145e-14 Bohr magnetons
Energy: -15.570175547649072 eV
Magnetic moment: 4.2170327027203145e-14 Bohr magnetons
Energy: -15.570175547649072 eV
Magnetic moment: 4.2170327027203145e-14 Bohr magnetons
Energy: -15.570175547649072 eV
Magnetic moment: 4.2170327027203145e-14 Bohr magnetons
Energy: -15.570175547649072 eV
Magnetic moment: 4.2170327027203145e-14 Bohr magnetons
Calculating q=[0.35 0.   0.  ]
Calculating q=[0.35 0.   0.  ]
Calculating q=[0.35 0.   0.  ]
Calculating q=[0.35 0.   0.  ]
Calculating q=[0.35 0.   0.  ]
Calculating q=[0.35 0.   0.  ]
Calculating q=[0.35 0.   0.  ]
Calculating q=[0.35 0.   0.  ]
Calculating q=[0.35 0.   0.  ]
Calculating q=[0.35 0.   0.  ]
Calculating q=[0.35 0.   0.  ]
Calculating q=[0.35 0.   0.  ]
Energy: -15.575341732060105 eV
Magnetic moment: 1.5092662403738221e-15 Bohr magnetons
Energy: -15.575341732060105 eV
Magnetic moment: 1.5092662403738221e-15 Bohr magnetons
Energy: -15.575341732060105 eV
Magnetic moment: 1.5092662403738221e-15 Bohr magnetons
Energy: -15.575341732060105 eV
Magnetic moment: 1.5092662403738221e-15 Bohr magnetons
Energy: -15.575341732060105 eV
Magnetic moment: 1.5092662403738221e-15 Bohr magnetons
Energy: -15.575341732060105 eV
Magnetic moment: 1.5092662403738221e-15 Bohr magnetons
Energy: -15.575341732060105 eV
Magnetic moment: 1.5092662403738221e-15 Bohr magnetons
Energy: -15.575341732060105 eV
Magnetic moment: 1.5092662403738221e-15 Bohr magnetons
Energy: -15.575341732060105 eV
Magnetic moment: 1.5092662403738221e-15 Bohr magnetons
Energy: -15.575341732060105 eV
Magnetic moment: 1.5092662403738221e-15 Bohr magnetons
Energy: -15.575341732060105 eV
Magnetic moment: 1.5092662403738221e-15 Bohr magnetons
Energy: -15.575341732060105 eV
Magnetic moment: 1.5092662403738221e-15 Bohr magnetons
Calculating q=[0.4 0.  0. ]
Calculating q=[0.4 0.  0. ]
Calculating q=[0.4 0.  0. ]
Calculating q=[0.4 0.  0. ]
Calculating q=[0.4 0.  0. ]
Calculating q=[0.4 0.  0. ]
Calculating q=[0.4 0.  0. ]
Calculating q=[0.4 0.  0. ]
Calculating q=[0.4 0.  0. ]
Calculating q=[0.4 0.  0. ]
Calculating q=[0.4 0.  0. ]
Calculating q=[0.4 0.  0. ]
Energy: -15.579091266131513 eV
Magnetic moment: -6.9088789383738545e-15 Bohr magnetons
Energy: -15.579091266131513 eV
Magnetic moment: -6.9088789383738545e-15 Bohr magnetons
Energy: -15.579091266131513 eV
Magnetic moment: -6.9088789383738545e-15 Bohr magnetons
Energy: -15.579091266131513 eV
Magnetic moment: -6.9088789383738545e-15 Bohr magnetons
Energy: -15.579091266131513 eV
Magnetic moment: -6.9088789383738545e-15 Bohr magnetons
Energy: -15.579091266131513 eV
Magnetic moment: -6.9088789383738545e-15 Bohr magnetons
Energy: -15.579091266131513 eV
Magnetic moment: -6.9088789383738545e-15 Bohr magnetons
Energy: -15.579091266131513 eV
Magnetic moment: -6.9088789383738545e-15 Bohr magnetons
Energy: -15.579091266131513 eV
Magnetic moment: -6.9088789383738545e-15 Bohr magnetons
Energy: -15.579091266131513 eV
Magnetic moment: -6.9088789383738545e-15 Bohr magnetons
Energy: -15.579091266131513 eV
Magnetic moment: -6.9088789383738545e-15 Bohr magnetons
Energy: -15.579091266131513 eV
Magnetic moment: -6.9088789383738545e-15 Bohr magnetons
Calculating q=[0.45 0.   0.  ]
Calculating q=[0.45 0.   0.  ]
Calculating q=[0.45 0.   0.  ]
Calculating q=[0.45 0.   0.  ]
Calculating q=[0.45 0.   0.  ]
Calculating q=[0.45 0.   0.  ]
Calculating q=[0.45 0.   0.  ]
Calculating q=[0.45 0.   0.  ]
Calculating q=[0.45 0.   0.  ]
Calculating q=[0.45 0.   0.  ]
Calculating q=[0.45 0.   0.  ]
Calculating q=[0.45 0.   0.  ]
Energy: -15.581339336146248 eV
Magnetic moment: -1.0161894893512042e-12 Bohr magnetons
Energy: -15.581339336146248 eV
Magnetic moment: -1.0161894893512042e-12 Bohr magnetons
Energy: -15.581339336146248 eV
Magnetic moment: -1.0161894893512042e-12 Bohr magnetons
Energy: -15.581339336146248 eV
Magnetic moment: -1.0161894893512042e-12 Bohr magnetons
Energy: -15.581339336146248 eV
Magnetic moment: -1.0161894893512042e-12 Bohr magnetons
Energy: -15.581339336146248 eV
Magnetic moment: -1.0161894893512042e-12 Bohr magnetons
Energy: -15.581339336146248 eV
Magnetic moment: -1.0161894893512042e-12 Bohr magnetons
Energy: -15.581339336146248 eV
Magnetic moment: -1.0161894893512042e-12 Bohr magnetons
Energy: -15.581339336146248 eV
Magnetic moment: -1.0161894893512042e-12 Bohr magnetons
Energy: -15.581339336146248 eV
Magnetic moment: -1.0161894893512042e-12 Bohr magnetons
Energy: -15.581339336146248 eV
Magnetic moment: -1.0161894893512042e-12 Bohr magnetons
Calculating q=[0.5 0.  0. ]
Energy: -15.581339336146248 eV
Magnetic moment: -1.0161894893512042e-12 Bohr magnetons
Calculating q=[0.5 0.  0. ]
Calculating q=[0.5 0.  0. ]
Calculating q=[0.5 0.  0. ]
Calculating q=[0.5 0.  0. ]
Calculating q=[0.5 0.  0. ]
Calculating q=[0.5 0.  0. ]
Calculating q=[0.5 0.  0. ]
Calculating q=[0.5 0.  0. ]
Calculating q=[0.5 0.  0. ]
Calculating q=[0.5 0.  0. ]
Calculating q=[0.5 0.  0. ]
Energy: -15.58208419012102 eV
Magnetic moment: 4.2503398688338054e-14 Bohr magnetons
Energy: -15.58208419012102 eV
Magnetic moment: 4.2503398688338054e-14 Bohr magnetons
Energy: -15.58208419012102 eV
Magnetic moment: 4.2503398688338054e-14 Bohr magnetons
Energy: -15.58208419012102 eV
Magnetic moment: 4.2503398688338054e-14 Bohr magnetons
Energy: -15.58208419012102 eV
Magnetic moment: 4.2503398688338054e-14 Bohr magnetons
Energy: -15.58208419012102 eV
Magnetic moment: 4.2503398688338054e-14 Bohr magnetons
Energy: -15.58208419012102 eV
Magnetic moment: 4.2503398688338054e-14 Bohr magnetons
Energy: -15.58208419012102 eV
Magnetic moment: 4.2503398688338054e-14 Bohr magnetons
Energy: -15.58208419012102 eV
Magnetic moment: 4.2503398688338054e-14 Bohr magnetons
Energy: -15.58208419012102 eV
Magnetic moment: 4.2503398688338054e-14 Bohr magnetons
Energy: -15.58208419012102 eV
Magnetic moment: 4.2503398688338054e-14 Bohr magnetons
Energy: -15.58208419012102 eV
Magnetic moment: 4.2503398688338054e-14 Bohr magnetons
Calculating q=[0.47222222 0.05555556 0.        ]
Calculating q=[0.47222222 0.05555556 0.        ]
Calculating q=[0.47222222 0.05555556 0.        ]
Calculating q=[0.47222222 0.05555556 0.        ]
Calculating q=[0.47222222 0.05555556 0.        ]
Calculating q=[0.47222222 0.05555556 0.        ]
Calculating q=[0.47222222 0.05555556 0.        ]
Calculating q=[0.47222222 0.05555556 0.        ]
Calculating q=[0.47222222 0.05555556 0.        ]
Calculating q=[0.47222222 0.05555556 0.        ]
Calculating q=[0.47222222 0.05555556 0.        ]
Calculating q=[0.47222222 0.05555556 0.        ]
Energy: -15.58265930714128 eV
Magnetic moment: -5.1135020547131134e-17 Bohr magnetons
Energy: -15.58265930714128 eV
Magnetic moment: -5.1135020547131134e-17 Bohr magnetons
Energy: -15.58265930714128 eV
Magnetic moment: -5.1135020547131134e-17 Bohr magnetons
Energy: -15.58265930714128 eV
Magnetic moment: -5.1135020547131134e-17 Bohr magnetons
Energy: -15.58265930714128 eV
Magnetic moment: -5.1135020547131134e-17 Bohr magnetons
Energy: -15.58265930714128 eV
Magnetic moment: -5.1135020547131134e-17 Bohr magnetons
Energy: -15.58265930714128 eV
Magnetic moment: -5.1135020547131134e-17 Bohr magnetons
Energy: -15.58265930714128 eV
Magnetic moment: -5.1135020547131134e-17 Bohr magnetons
Energy: -15.58265930714128 eV
Magnetic moment: -5.1135020547131134e-17 Bohr magnetons
Energy: -15.58265930714128 eV
Magnetic moment: -5.1135020547131134e-17 Bohr magnetons
Energy: -15.58265930714128 eV
Magnetic moment: -5.1135020547131134e-17 Bohr magnetons
Energy: -15.58265930714128 eV
Magnetic moment: -5.1135020547131134e-17 Bohr magnetons
Calculating q=[0.44444444 0.11111111 0.        ]
Calculating q=[0.44444444 0.11111111 0.        ]
Calculating q=[0.44444444 0.11111111 0.        ]
Calculating q=[0.44444444 0.11111111 0.        ]
Calculating q=[0.44444444 0.11111111 0.        ]
Calculating q=[0.44444444 0.11111111 0.        ]
Calculating q=[0.44444444 0.11111111 0.        ]
Calculating q=[0.44444444 0.11111111 0.        ]
Calculating q=[0.44444444 0.11111111 0.        ]
Calculating q=[0.44444444 0.11111111 0.        ]
Calculating q=[0.44444444 0.11111111 0.        ]
Calculating q=[0.44444444 0.11111111 0.        ]
Energy: -15.58423116925616 eV
Magnetic moment: 6.643256636642595e-15 Bohr magnetons
Energy: -15.58423116925616 eV
Magnetic moment: 6.643256636642595e-15 Bohr magnetons
Energy: -15.58423116925616 eV
Magnetic moment: 6.643256636642595e-15 Bohr magnetons
Energy: -15.58423116925616 eV
Magnetic moment: 6.643256636642595e-15 Bohr magnetons
Energy: -15.58423116925616 eV
Magnetic moment: 6.643256636642595e-15 Bohr magnetons
Energy: -15.58423116925616 eV
Magnetic moment: 6.643256636642595e-15 Bohr magnetons
Energy: -15.58423116925616 eV
Magnetic moment: 6.643256636642595e-15 Bohr magnetons
Energy: -15.58423116925616 eV
Magnetic moment: 6.643256636642595e-15 Bohr magnetons
Energy: -15.58423116925616 eV
Magnetic moment: 6.643256636642595e-15 Bohr magnetons
Energy: -15.58423116925616 eV
Magnetic moment: 6.643256636642595e-15 Bohr magnetons
Energy: -15.58423116925616 eV
Magnetic moment: 6.643256636642595e-15 Bohr magnetons
Energy: -15.58423116925616 eV
Magnetic moment: 6.643256636642595e-15 Bohr magnetons
Calculating q=[0.41666667 0.16666667 0.        ]
Calculating q=[0.41666667 0.16666667 0.        ]
Calculating q=[0.41666667 0.16666667 0.        ]
Calculating q=[0.41666667 0.16666667 0.        ]
Calculating q=[0.41666667 0.16666667 0.        ]
Calculating q=[0.41666667 0.16666667 0.        ]
Calculating q=[0.41666667 0.16666667 0.        ]
Calculating q=[0.41666667 0.16666667 0.        ]
Calculating q=[0.41666667 0.16666667 0.        ]
Calculating q=[0.41666667 0.16666667 0.        ]
Calculating q=[0.41666667 0.16666667 0.        ]
Calculating q=[0.41666667 0.16666667 0.        ]
Energy: -15.586331709572722 eV
Magnetic moment: -5.506234832864095e-15 Bohr magnetons
Energy: -15.586331709572722 eV
Magnetic moment: -5.506234832864095e-15 Bohr magnetons
Energy: -15.586331709572722 eV
Magnetic moment: -5.506234832864095e-15 Bohr magnetons
Energy: -15.586331709572722 eV
Magnetic moment: -5.506234832864095e-15 Bohr magnetons
Energy: -15.586331709572722 eV
Magnetic moment: -5.506234832864095e-15 Bohr magnetons
Energy: -15.586331709572722 eV
Magnetic moment: -5.506234832864095e-15 Bohr magnetons
Energy: -15.586331709572722 eV
Magnetic moment: -5.506234832864095e-15 Bohr magnetons
Energy: -15.586331709572722 eV
Magnetic moment: -5.506234832864095e-15 Bohr magnetons
Energy: -15.586331709572722 eV
Magnetic moment: -5.506234832864095e-15 Bohr magnetons
Energy: -15.586331709572722 eV
Magnetic moment: -5.506234832864095e-15 Bohr magnetons
Energy: -15.586331709572722 eV
Magnetic moment: -5.506234832864095e-15 Bohr magnetons
Energy: -15.586331709572722 eV
Magnetic moment: -5.506234832864095e-15 Bohr magnetons
Calculating q=[0.38888889 0.22222222 0.        ]
Calculating q=[0.38888889 0.22222222 0.        ]
Calculating q=[0.38888889 0.22222222 0.        ]
Calculating q=[0.38888889 0.22222222 0.        ]
Calculating q=[0.38888889 0.22222222 0.        ]
Calculating q=[0.38888889 0.22222222 0.        ]
Calculating q=[0.38888889 0.22222222 0.        ]
Calculating q=[0.38888889 0.22222222 0.        ]
Calculating q=[0.38888889 0.22222222 0.        ]
Calculating q=[0.38888889 0.22222222 0.        ]
Calculating q=[0.38888889 0.22222222 0.        ]
Calculating q=[0.38888889 0.22222222 0.        ]
Energy: -15.588391049108017 eV
Magnetic moment: 1.56396056039502e-15 Bohr magnetons
Energy: -15.588391049108017 eV
Magnetic moment: 1.56396056039502e-15 Bohr magnetons
Energy: -15.588391049108017 eV
Magnetic moment: 1.56396056039502e-15 Bohr magnetons
Energy: -15.588391049108017 eV
Magnetic moment: 1.56396056039502e-15 Bohr magnetons
Energy: -15.588391049108017 eV
Magnetic moment: 1.56396056039502e-15 Bohr magnetons
Energy: -15.588391049108017 eV
Magnetic moment: 1.56396056039502e-15 Bohr magnetons
Energy: -15.588391049108017 eV
Magnetic moment: 1.56396056039502e-15 Bohr magnetons
Energy: -15.588391049108017 eV
Magnetic moment: 1.56396056039502e-15 Bohr magnetons
Energy: -15.588391049108017 eV
Magnetic moment: 1.56396056039502e-15 Bohr magnetons
Energy: -15.588391049108017 eV
Magnetic moment: 1.56396056039502e-15 Bohr magnetons
Energy: -15.588391049108017 eV
Magnetic moment: 1.56396056039502e-15 Bohr magnetons
Energy: -15.588391049108017 eV
Magnetic moment: 1.56396056039502e-15 Bohr magnetons
Calculating q=[0.36111111 0.27777778 0.        ]
Calculating q=[0.36111111 0.27777778 0.        ]
Calculating q=[0.36111111 0.27777778 0.        ]
Calculating q=[0.36111111 0.27777778 0.        ]
Calculating q=[0.36111111 0.27777778 0.        ]
Calculating q=[0.36111111 0.27777778 0.        ]
Calculating q=[0.36111111 0.27777778 0.        ]
Calculating q=[0.36111111 0.27777778 0.        ]
Calculating q=[0.36111111 0.27777778 0.        ]
Calculating q=[0.36111111 0.27777778 0.        ]
Calculating q=[0.36111111 0.27777778 0.        ]
Calculating q=[0.36111111 0.27777778 0.        ]
Energy: -15.589880257114697 eV
Magnetic moment: -4.1814389071476726e-16 Bohr magnetons
Energy: -15.589880257114697 eV
Magnetic moment: -4.1814389071476726e-16 Bohr magnetons
Energy: -15.589880257114697 eV
Magnetic moment: -4.1814389071476726e-16 Bohr magnetons
Energy: -15.589880257114697 eV
Magnetic moment: -4.1814389071476726e-16 Bohr magnetons
Energy: -15.589880257114697 eV
Magnetic moment: -4.1814389071476726e-16 Bohr magnetons
Energy: -15.589880257114697 eV
Magnetic moment: -4.1814389071476726e-16 Bohr magnetons
Energy: -15.589880257114697 eV
Magnetic moment: -4.1814389071476726e-16 Bohr magnetons
Energy: -15.589880257114697 eV
Magnetic moment: -4.1814389071476726e-16 Bohr magnetons
Energy: -15.589880257114697 eV
Magnetic moment: -4.1814389071476726e-16 Bohr magnetons
Energy: -15.589880257114697 eV
Magnetic moment: -4.1814389071476726e-16 Bohr magnetons
Energy: -15.589880257114697 eV
Magnetic moment: -4.1814389071476726e-16 Bohr magnetons
Energy: -15.589880257114697 eV
Magnetic moment: -4.1814389071476726e-16 Bohr magnetons
Calculating q=[0.33333333 0.33333333 0.        ]
Calculating q=[0.33333333 0.33333333 0.        ]
Calculating q=[0.33333333 0.33333333 0.        ]
Calculating q=[0.33333333 0.33333333 0.        ]
Calculating q=[0.33333333 0.33333333 0.        ]
Calculating q=[0.33333333 0.33333333 0.        ]
Calculating q=[0.33333333 0.33333333 0.        ]
Calculating q=[0.33333333 0.33333333 0.        ]
Calculating q=[0.33333333 0.33333333 0.        ]
Calculating q=[0.33333333 0.33333333 0.        ]
Calculating q=[0.33333333 0.33333333 0.        ]
Calculating q=[0.33333333 0.33333333 0.        ]
Energy: -15.59042219431352 eV
Magnetic moment: 6.931492758118447e-16 Bohr magnetons
Energy: -15.59042219431352 eV
Magnetic moment: 6.931492758118447e-16 Bohr magnetons
Energy: -15.59042219431352 eV
Magnetic moment: 6.931492758118447e-16 Bohr magnetons
Energy: -15.59042219431352 eV
Magnetic moment: 6.931492758118447e-16 Bohr magnetons
Energy: -15.59042219431352 eV
Magnetic moment: 6.931492758118447e-16 Bohr magnetons
Energy: -15.59042219431352 eV
Magnetic moment: 6.931492758118447e-16 Bohr magnetons
Energy: -15.59042219431352 eV
Magnetic moment: 6.931492758118447e-16 Bohr magnetons
Energy: -15.59042219431352 eV
Magnetic moment: 6.931492758118447e-16 Bohr magnetons
Energy: -15.59042219431352 eV
Magnetic moment: 6.931492758118447e-16 Bohr magnetons
Energy: -15.59042219431352 eV
Magnetic moment: 6.931492758118447e-16 Bohr magnetons
Energy: -15.59042219431352 eV
Magnetic moment: 6.931492758118447e-16 Bohr magnetons
Energy: -15.59042219431352 eV
Magnetic moment: 6.931492758118447e-16 Bohr magnetons
Calculating q=[0.30952381 0.30952381 0.        ]
Calculating q=[0.30952381 0.30952381 0.        ]
Calculating q=[0.30952381 0.30952381 0.        ]
Calculating q=[0.30952381 0.30952381 0.        ]
Calculating q=[0.30952381 0.30952381 0.        ]
Calculating q=[0.30952381 0.30952381 0.        ]
Calculating q=[0.30952381 0.30952381 0.        ]
Calculating q=[0.30952381 0.30952381 0.        ]
Calculating q=[0.30952381 0.30952381 0.        ]
Calculating q=[0.30952381 0.30952381 0.        ]
Calculating q=[0.30952381 0.30952381 0.        ]
Calculating q=[0.30952381 0.30952381 0.        ]
Energy: -15.589979477729143 eV
Magnetic moment: -1.351631670214328e-15 Bohr magnetons
Energy: -15.589979477729143 eV
Magnetic moment: -1.351631670214328e-15 Bohr magnetons
Energy: -15.589979477729143 eV
Magnetic moment: -1.351631670214328e-15 Bohr magnetons
Energy: -15.589979477729143 eV
Magnetic moment: -1.351631670214328e-15 Bohr magnetons
Energy: -15.589979477729143 eV
Magnetic moment: -1.351631670214328e-15 Bohr magnetons
Energy: -15.589979477729143 eV
Magnetic moment: -1.351631670214328e-15 Bohr magnetons
Energy: -15.589979477729143 eV
Magnetic moment: -1.351631670214328e-15 Bohr magnetons
Energy: -15.589979477729143 eV
Magnetic moment: -1.351631670214328e-15 Bohr magnetons
Energy: -15.589979477729143 eV
Magnetic moment: -1.351631670214328e-15 Bohr magnetons
Energy: -15.589979477729143 eV
Magnetic moment: -1.351631670214328e-15 Bohr magnetons
Energy: -15.589979477729143 eV
Magnetic moment: -1.351631670214328e-15 Bohr magnetons
Energy: -15.589979477729143 eV
Magnetic moment: -1.351631670214328e-15 Bohr magnetons
Calculating q=[0.28571429 0.28571429 0.        ]
Calculating q=[0.28571429 0.28571429 0.        ]
Calculating q=[0.28571429 0.28571429 0.        ]
Calculating q=[0.28571429 0.28571429 0.        ]
Calculating q=[0.28571429 0.28571429 0.        ]
Calculating q=[0.28571429 0.28571429 0.        ]
Calculating q=[0.28571429 0.28571429 0.        ]
Calculating q=[0.28571429 0.28571429 0.        ]
Calculating q=[0.28571429 0.28571429 0.        ]
Calculating q=[0.28571429 0.28571429 0.        ]
Calculating q=[0.28571429 0.28571429 0.        ]
Calculating q=[0.28571429 0.28571429 0.        ]
Energy: -15.588649313553889 eV
Magnetic moment: 1.2024218127822793e-15 Bohr magnetons
Energy: -15.588649313553889 eV
Magnetic moment: 1.2024218127822793e-15 Bohr magnetons
Energy: -15.588649313553889 eV
Magnetic moment: 1.2024218127822793e-15 Bohr magnetons
Energy: -15.588649313553889 eV
Magnetic moment: 1.2024218127822793e-15 Bohr magnetons
Energy: -15.588649313553889 eV
Magnetic moment: 1.2024218127822793e-15 Bohr magnetons
Energy: -15.588649313553889 eV
Magnetic moment: 1.2024218127822793e-15 Bohr magnetons
Energy: -15.588649313553889 eV
Magnetic moment: 1.2024218127822793e-15 Bohr magnetons
Energy: -15.588649313553889 eV
Magnetic moment: 1.2024218127822793e-15 Bohr magnetons
Energy: -15.588649313553889 eV
Magnetic moment: 1.2024218127822793e-15 Bohr magnetons
Energy: -15.588649313553889 eV
Magnetic moment: 1.2024218127822793e-15 Bohr magnetons
Energy: -15.588649313553889 eV
Magnetic moment: 1.2024218127822793e-15 Bohr magnetons
Energy: -15.588649313553889 eV
Magnetic moment: 1.2024218127822793e-15 Bohr magnetons
Calculating q=[0.26190476 0.26190476 0.        ]
Calculating q=[0.26190476 0.26190476 0.        ]
Calculating q=[0.26190476 0.26190476 0.        ]
Calculating q=[0.26190476 0.26190476 0.        ]
Calculating q=[0.26190476 0.26190476 0.        ]
Calculating q=[0.26190476 0.26190476 0.        ]
Calculating q=[0.26190476 0.26190476 0.        ]
Calculating q=[0.26190476 0.26190476 0.        ]
Calculating q=[0.26190476 0.26190476 0.        ]
Calculating q=[0.26190476 0.26190476 0.        ]
Calculating q=[0.26190476 0.26190476 0.        ]
Calculating q=[0.26190476 0.26190476 0.        ]
Energy: -15.586436783928258 eV
Magnetic moment: 1.3972818234759745e-15 Bohr magnetons
Energy: -15.586436783928258 eV
Magnetic moment: 1.3972818234759745e-15 Bohr magnetons
Energy: -15.586436783928258 eV
Magnetic moment: 1.3972818234759745e-15 Bohr magnetons
Energy: -15.586436783928258 eV
Magnetic moment: 1.3972818234759745e-15 Bohr magnetons
Energy: -15.586436783928258 eV
Magnetic moment: 1.3972818234759745e-15 Bohr magnetons
Energy: -15.586436783928258 eV
Magnetic moment: 1.3972818234759745e-15 Bohr magnetons
Energy: -15.586436783928258 eV
Magnetic moment: 1.3972818234759745e-15 Bohr magnetons
Energy: -15.586436783928258 eV
Magnetic moment: 1.3972818234759745e-15 Bohr magnetons
Energy: -15.586436783928258 eV
Magnetic moment: 1.3972818234759745e-15 Bohr magnetons
Energy: -15.586436783928258 eV
Magnetic moment: 1.3972818234759745e-15 Bohr magnetons
Energy: -15.586436783928258 eV
Magnetic moment: 1.3972818234759745e-15 Bohr magnetons
Calculating q=[0.23809524 0.23809524 0.        ]
Energy: -15.586436783928258 eV
Magnetic moment: 1.3972818234759745e-15 Bohr magnetons
Calculating q=[0.23809524 0.23809524 0.        ]
Calculating q=[0.23809524 0.23809524 0.        ]
Calculating q=[0.23809524 0.23809524 0.        ]
Calculating q=[0.23809524 0.23809524 0.        ]
Calculating q=[0.23809524 0.23809524 0.        ]
Calculating q=[0.23809524 0.23809524 0.        ]
Calculating q=[0.23809524 0.23809524 0.        ]
Calculating q=[0.23809524 0.23809524 0.        ]
Calculating q=[0.23809524 0.23809524 0.        ]
Calculating q=[0.23809524 0.23809524 0.        ]
Calculating q=[0.23809524 0.23809524 0.        ]
Energy: -15.583373043364881 eV
Magnetic moment: -1.3126036038342463e-16 Bohr magnetons
Energy: -15.583373043364881 eV
Magnetic moment: -1.3126036038342463e-16 Bohr magnetons
Energy: -15.583373043364881 eV
Magnetic moment: -1.3126036038342463e-16 Bohr magnetons
Energy: -15.583373043364881 eV
Magnetic moment: -1.3126036038342463e-16 Bohr magnetons
Energy: -15.583373043364881 eV
Magnetic moment: -1.3126036038342463e-16 Bohr magnetons
Energy: -15.583373043364881 eV
Magnetic moment: -1.3126036038342463e-16 Bohr magnetons
Energy: -15.583373043364881 eV
Magnetic moment: -1.3126036038342463e-16 Bohr magnetons
Energy: -15.583373043364881 eV
Magnetic moment: -1.3126036038342463e-16 Bohr magnetons
Energy: -15.583373043364881 eV
Magnetic moment: -1.3126036038342463e-16 Bohr magnetons
Energy: -15.583373043364881 eV
Magnetic moment: -1.3126036038342463e-16 Bohr magnetons
Energy: -15.583373043364881 eV
Magnetic moment: -1.3126036038342463e-16 Bohr magnetons
Energy: -15.583373043364881 eV
Magnetic moment: -1.3126036038342463e-16 Bohr magnetons
Calculating q=[0.21428571 0.21428571 0.        ]
Calculating q=[0.21428571 0.21428571 0.        ]
Calculating q=[0.21428571 0.21428571 0.        ]
Calculating q=[0.21428571 0.21428571 0.        ]
Calculating q=[0.21428571 0.21428571 0.        ]
Calculating q=[0.21428571 0.21428571 0.        ]
Calculating q=[0.21428571 0.21428571 0.        ]
Calculating q=[0.21428571 0.21428571 0.        ]
Calculating q=[0.21428571 0.21428571 0.        ]
Calculating q=[0.21428571 0.21428571 0.        ]
Calculating q=[0.21428571 0.21428571 0.        ]
Calculating q=[0.21428571 0.21428571 0.        ]
Energy: -15.579501928676736 eV
Magnetic moment: 9.623153194701733e-16 Bohr magnetons
Energy: -15.579501928676736 eV
Magnetic moment: 9.623153194701733e-16 Bohr magnetons
Energy: -15.579501928676736 eV
Magnetic moment: 9.623153194701733e-16 Bohr magnetons
Energy: -15.579501928676736 eV
Magnetic moment: 9.623153194701733e-16 Bohr magnetons
Energy: -15.579501928676736 eV
Magnetic moment: 9.623153194701733e-16 Bohr magnetons
Energy: -15.579501928676736 eV
Magnetic moment: 9.623153194701733e-16 Bohr magnetons
Energy: -15.579501928676736 eV
Magnetic moment: 9.623153194701733e-16 Bohr magnetons
Energy: -15.579501928676736 eV
Magnetic moment: 9.623153194701733e-16 Bohr magnetons
Energy: -15.579501928676736 eV
Magnetic moment: 9.623153194701733e-16 Bohr magnetons
Energy: -15.579501928676736 eV
Magnetic moment: 9.623153194701733e-16 Bohr magnetons
Energy: -15.579501928676736 eV
Magnetic moment: 9.623153194701733e-16 Bohr magnetons
Energy: -15.579501928676736 eV
Magnetic moment: 9.623153194701733e-16 Bohr magnetons
Calculating q=[0.19047619 0.19047619 0.        ]
Calculating q=[0.19047619 0.19047619 0.        ]
Calculating q=[0.19047619 0.19047619 0.        ]
Calculating q=[0.19047619 0.19047619 0.        ]
Calculating q=[0.19047619 0.19047619 0.        ]
Calculating q=[0.19047619 0.19047619 0.        ]
Calculating q=[0.19047619 0.19047619 0.        ]
Calculating q=[0.19047619 0.19047619 0.        ]
Calculating q=[0.19047619 0.19047619 0.        ]
Calculating q=[0.19047619 0.19047619 0.        ]
Calculating q=[0.19047619 0.19047619 0.        ]
Calculating q=[0.19047619 0.19047619 0.        ]
Energy: -15.574885178725301 eV
Magnetic moment: 2.282607471970793e-15 Bohr magnetons
Energy: -15.574885178725301 eV
Magnetic moment: 2.282607471970793e-15 Bohr magnetons
Energy: -15.574885178725301 eV
Magnetic moment: 2.282607471970793e-15 Bohr magnetons
Energy: -15.574885178725301 eV
Magnetic moment: 2.282607471970793e-15 Bohr magnetons
Energy: -15.574885178725301 eV
Magnetic moment: 2.282607471970793e-15 Bohr magnetons
Energy: -15.574885178725301 eV
Magnetic moment: 2.282607471970793e-15 Bohr magnetons
Energy: -15.574885178725301 eV
Magnetic moment: 2.282607471970793e-15 Bohr magnetons
Energy: -15.574885178725301 eV
Magnetic moment: 2.282607471970793e-15 Bohr magnetons
Energy: -15.574885178725301 eV
Magnetic moment: 2.282607471970793e-15 Bohr magnetons
Energy: -15.574885178725301 eV
Magnetic moment: 2.282607471970793e-15 Bohr magnetons
Energy: -15.574885178725301 eV
Magnetic moment: 2.282607471970793e-15 Bohr magnetons
Energy: -15.574885178725301 eV
Magnetic moment: 2.282607471970793e-15 Bohr magnetons
Calculating q=[0.16666667 0.16666667 0.        ]
Calculating q=[0.16666667 0.16666667 0.        ]
Calculating q=[0.16666667 0.16666667 0.        ]
Calculating q=[0.16666667 0.16666667 0.        ]
Calculating q=[0.16666667 0.16666667 0.        ]
Calculating q=[0.16666667 0.16666667 0.        ]
Calculating q=[0.16666667 0.16666667 0.        ]
Calculating q=[0.16666667 0.16666667 0.        ]
Calculating q=[0.16666667 0.16666667 0.        ]
Calculating q=[0.16666667 0.16666667 0.        ]
Calculating q=[0.16666667 0.16666667 0.        ]
Calculating q=[0.16666667 0.16666667 0.        ]
Energy: -15.569621393427646 eV
Magnetic moment: -1.2041547700099818e-14 Bohr magnetons
Energy: -15.569621393427646 eV
Magnetic moment: -1.2041547700099818e-14 Bohr magnetons
Energy: -15.569621393427646 eV
Magnetic moment: -1.2041547700099818e-14 Bohr magnetons
Energy: -15.569621393427646 eV
Magnetic moment: -1.2041547700099818e-14 Bohr magnetons
Energy: -15.569621393427646 eV
Magnetic moment: -1.2041547700099818e-14 Bohr magnetons
Energy: -15.569621393427646 eV
Magnetic moment: -1.2041547700099818e-14 Bohr magnetons
Energy: -15.569621393427646 eV
Magnetic moment: -1.2041547700099818e-14 Bohr magnetons
Energy: -15.569621393427646 eV
Magnetic moment: -1.2041547700099818e-14 Bohr magnetons
Energy: -15.569621393427646 eV
Magnetic moment: -1.2041547700099818e-14 Bohr magnetons
Energy: -15.569621393427646 eV
Magnetic moment: -1.2041547700099818e-14 Bohr magnetons
Energy: -15.569621393427646 eV
Magnetic moment: -1.2041547700099818e-14 Bohr magnetons
Energy: -15.569621393427646 eV
Magnetic moment: -1.2041547700099818e-14 Bohr magnetons
Calculating q=[0.14285714 0.14285714 0.        ]
Calculating q=[0.14285714 0.14285714 0.        ]
Calculating q=[0.14285714 0.14285714 0.        ]
Calculating q=[0.14285714 0.14285714 0.        ]
Calculating q=[0.14285714 0.14285714 0.        ]
Calculating q=[0.14285714 0.14285714 0.        ]
Calculating q=[0.14285714 0.14285714 0.        ]
Calculating q=[0.14285714 0.14285714 0.        ]
Calculating q=[0.14285714 0.14285714 0.        ]
Calculating q=[0.14285714 0.14285714 0.        ]
Calculating q=[0.14285714 0.14285714 0.        ]
Calculating q=[0.14285714 0.14285714 0.        ]
Energy: -15.56387586834302 eV
Magnetic moment: 7.652099029035799e-16 Bohr magnetons
Energy: -15.56387586834302 eV
Magnetic moment: 7.652099029035799e-16 Bohr magnetons
Energy: -15.56387586834302 eV
Magnetic moment: 7.652099029035799e-16 Bohr magnetons
Energy: -15.56387586834302 eV
Magnetic moment: 7.652099029035799e-16 Bohr magnetons
Energy: -15.56387586834302 eV
Magnetic moment: 7.652099029035799e-16 Bohr magnetons
Energy: -15.56387586834302 eV
Magnetic moment: 7.652099029035799e-16 Bohr magnetons
Energy: -15.56387586834302 eV
Magnetic moment: 7.652099029035799e-16 Bohr magnetons
Energy: -15.56387586834302 eV
Magnetic moment: 7.652099029035799e-16 Bohr magnetons
Energy: -15.56387586834302 eV
Magnetic moment: 7.652099029035799e-16 Bohr magnetons
Energy: -15.56387586834302 eV
Magnetic moment: 7.652099029035799e-16 Bohr magnetons
Energy: -15.56387586834302 eV
Magnetic moment: 7.652099029035799e-16 Bohr magnetons
Energy: -15.56387586834302 eV
Magnetic moment: 7.652099029035799e-16 Bohr magnetons
Calculating q=[0.11904762 0.11904762 0.        ]
Calculating q=[0.11904762 0.11904762 0.        ]
Calculating q=[0.11904762 0.11904762 0.        ]
Calculating q=[0.11904762 0.11904762 0.        ]
Calculating q=[0.11904762 0.11904762 0.        ]
Calculating q=[0.11904762 0.11904762 0.        ]
Calculating q=[0.11904762 0.11904762 0.        ]
Calculating q=[0.11904762 0.11904762 0.        ]
Calculating q=[0.11904762 0.11904762 0.        ]
Calculating q=[0.11904762 0.11904762 0.        ]
Calculating q=[0.11904762 0.11904762 0.        ]
Calculating q=[0.11904762 0.11904762 0.        ]
Energy: -15.557911980007585 eV
Magnetic moment: -3.899253167695312e-15 Bohr magnetons
Energy: -15.557911980007585 eV
Magnetic moment: -3.899253167695312e-15 Bohr magnetons
Energy: -15.557911980007585 eV
Magnetic moment: -3.899253167695312e-15 Bohr magnetons
Energy: -15.557911980007585 eV
Magnetic moment: -3.899253167695312e-15 Bohr magnetons
Energy: -15.557911980007585 eV
Magnetic moment: -3.899253167695312e-15 Bohr magnetons
Energy: -15.557911980007585 eV
Magnetic moment: -3.899253167695312e-15 Bohr magnetons
Energy: -15.557911980007585 eV
Magnetic moment: -3.899253167695312e-15 Bohr magnetons
Energy: -15.557911980007585 eV
Magnetic moment: -3.899253167695312e-15 Bohr magnetons
Energy: -15.557911980007585 eV
Magnetic moment: -3.899253167695312e-15 Bohr magnetons
Energy: -15.557911980007585 eV
Magnetic moment: -3.899253167695312e-15 Bohr magnetons
Energy: -15.557911980007585 eV
Magnetic moment: -3.899253167695312e-15 Bohr magnetons
Energy: -15.557911980007585 eV
Magnetic moment: -3.899253167695312e-15 Bohr magnetons
Calculating q=[0.0952381 0.0952381 0.       ]
Calculating q=[0.0952381 0.0952381 0.       ]
Calculating q=[0.0952381 0.0952381 0.       ]
Calculating q=[0.0952381 0.0952381 0.       ]
Calculating q=[0.0952381 0.0952381 0.       ]
Calculating q=[0.0952381 0.0952381 0.       ]
Calculating q=[0.0952381 0.0952381 0.       ]
Calculating q=[0.0952381 0.0952381 0.       ]
Calculating q=[0.0952381 0.0952381 0.       ]
Calculating q=[0.0952381 0.0952381 0.       ]
Calculating q=[0.0952381 0.0952381 0.       ]
Calculating q=[0.0952381 0.0952381 0.       ]
Energy: -15.552076197841668 eV
Magnetic moment: 6.808545909179635e-11 Bohr magnetons
Energy: -15.552076197841668 eV
Magnetic moment: 6.808545909179635e-11 Bohr magnetons
Energy: -15.552076197841668 eV
Magnetic moment: 6.808545909179635e-11 Bohr magnetons
Energy: -15.552076197841668 eV
Magnetic moment: 6.808545909179635e-11 Bohr magnetons
Energy: -15.552076197841668 eV
Magnetic moment: 6.808545909179635e-11 Bohr magnetons
Energy: -15.552076197841668 eV
Magnetic moment: 6.808545909179635e-11 Bohr magnetons
Energy: -15.552076197841668 eV
Magnetic moment: 6.808545909179635e-11 Bohr magnetons
Energy: -15.552076197841668 eV
Magnetic moment: 6.808545909179635e-11 Bohr magnetons
Energy: -15.552076197841668 eV
Magnetic moment: 6.808545909179635e-11 Bohr magnetons
Energy: -15.552076197841668 eV
Magnetic moment: 6.808545909179635e-11 Bohr magnetons
Energy: -15.552076197841668 eV
Magnetic moment: 6.808545909179635e-11 Bohr magnetons
Calculating q=[0.07142857 0.07142857 0.        ]
Energy: -15.552076197841668 eV
Magnetic moment: 6.808545909179635e-11 Bohr magnetons
Calculating q=[0.07142857 0.07142857 0.        ]
Calculating q=[0.07142857 0.07142857 0.        ]
Calculating q=[0.07142857 0.07142857 0.        ]
Calculating q=[0.07142857 0.07142857 0.        ]
Calculating q=[0.07142857 0.07142857 0.        ]
Calculating q=[0.07142857 0.07142857 0.        ]
Calculating q=[0.07142857 0.07142857 0.        ]
Calculating q=[0.07142857 0.07142857 0.        ]
Calculating q=[0.07142857 0.07142857 0.        ]
Calculating q=[0.07142857 0.07142857 0.        ]
Calculating q=[0.07142857 0.07142857 0.        ]
Energy: -15.546807589217995 eV
Magnetic moment: 7.2588087328758e-15 Bohr magnetons
Energy: -15.546807589217995 eV
Magnetic moment: 7.2588087328758e-15 Bohr magnetons
Energy: -15.546807589217995 eV
Magnetic moment: 7.2588087328758e-15 Bohr magnetons
Energy: -15.546807589217995 eV
Magnetic moment: 7.2588087328758e-15 Bohr magnetons
Energy: -15.546807589217995 eV
Magnetic moment: 7.2588087328758e-15 Bohr magnetons
Energy: -15.546807589217995 eV
Magnetic moment: 7.2588087328758e-15 Bohr magnetons
Energy: -15.546807589217995 eV
Magnetic moment: 7.2588087328758e-15 Bohr magnetons
Energy: -15.546807589217995 eV
Magnetic moment: 7.2588087328758e-15 Bohr magnetons
Energy: -15.546807589217995 eV
Magnetic moment: 7.2588087328758e-15 Bohr magnetons
Energy: -15.546807589217995 eV
Magnetic moment: 7.2588087328758e-15 Bohr magnetons
Energy: -15.546807589217995 eV
Magnetic moment: 7.2588087328758e-15 Bohr magnetons
Energy: -15.546807589217995 eV
Magnetic moment: 7.2588087328758e-15 Bohr magnetons
Calculating q=[0.04761905 0.04761905 0.        ]
Calculating q=[0.04761905 0.04761905 0.        ]
Calculating q=[0.04761905 0.04761905 0.        ]
Calculating q=[0.04761905 0.04761905 0.        ]
Calculating q=[0.04761905 0.04761905 0.        ]
Calculating q=[0.04761905 0.04761905 0.        ]
Calculating q=[0.04761905 0.04761905 0.        ]
Calculating q=[0.04761905 0.04761905 0.        ]
Calculating q=[0.04761905 0.04761905 0.        ]
Calculating q=[0.04761905 0.04761905 0.        ]
Calculating q=[0.04761905 0.04761905 0.        ]
Calculating q=[0.04761905 0.04761905 0.        ]
Energy: -15.542581736560944 eV
Magnetic moment: 1.9020845443719494e-13 Bohr magnetons
Energy: -15.542581736560944 eV
Magnetic moment: 1.9020845443719494e-13 Bohr magnetons
Energy: -15.542581736560944 eV
Magnetic moment: 1.9020845443719494e-13 Bohr magnetons
Energy: -15.542581736560944 eV
Magnetic moment: 1.9020845443719494e-13 Bohr magnetons
Energy: -15.542581736560944 eV
Magnetic moment: 1.9020845443719494e-13 Bohr magnetons
Energy: -15.542581736560944 eV
Magnetic moment: 1.9020845443719494e-13 Bohr magnetons
Energy: -15.542581736560944 eV
Magnetic moment: 1.9020845443719494e-13 Bohr magnetons
Energy: -15.542581736560944 eV
Magnetic moment: 1.9020845443719494e-13 Bohr magnetons
Energy: -15.542581736560944 eV
Magnetic moment: 1.9020845443719494e-13 Bohr magnetons
Energy: -15.542581736560944 eV
Magnetic moment: 1.9020845443719494e-13 Bohr magnetons
Energy: -15.542581736560944 eV
Magnetic moment: 1.9020845443719494e-13 Bohr magnetons
Energy: -15.542581736560944 eV
Magnetic moment: 1.9020845443719494e-13 Bohr magnetons
Calculating q=[0.02380952 0.02380952 0.        ]
Calculating q=[0.02380952 0.02380952 0.        ]
Calculating q=[0.02380952 0.02380952 0.        ]
Calculating q=[0.02380952 0.02380952 0.        ]
Calculating q=[0.02380952 0.02380952 0.        ]
Calculating q=[0.02380952 0.02380952 0.        ]
Calculating q=[0.02380952 0.02380952 0.        ]
Calculating q=[0.02380952 0.02380952 0.        ]
Calculating q=[0.02380952 0.02380952 0.        ]
Calculating q=[0.02380952 0.02380952 0.        ]
Calculating q=[0.02380952 0.02380952 0.        ]
Calculating q=[0.02380952 0.02380952 0.        ]
Energy: -15.539843944312059 eV
Magnetic moment: -9.436018442353225e-16 Bohr magnetons
Energy: -15.539843944312059 eV
Magnetic moment: -9.436018442353225e-16 Bohr magnetons
Energy: -15.539843944312059 eV
Magnetic moment: -9.436018442353225e-16 Bohr magnetons
Energy: -15.539843944312059 eV
Magnetic moment: -9.436018442353225e-16 Bohr magnetons
Energy: -15.539843944312059 eV
Magnetic moment: -9.436018442353225e-16 Bohr magnetons
Energy: -15.539843944312059 eV
Magnetic moment: -9.436018442353225e-16 Bohr magnetons
Energy: -15.539843944312059 eV
Magnetic moment: -9.436018442353225e-16 Bohr magnetons
Energy: -15.539843944312059 eV
Magnetic moment: -9.436018442353225e-16 Bohr magnetons
Energy: -15.539843944312059 eV
Magnetic moment: -9.436018442353225e-16 Bohr magnetons
Energy: -15.539843944312059 eV
Magnetic moment: -9.436018442353225e-16 Bohr magnetons
Energy: -15.539843944312059 eV
Magnetic moment: -9.436018442353225e-16 Bohr magnetons
Energy: -15.539843944312059 eV
Magnetic moment: -9.436018442353225e-16 Bohr magnetons
Calculating q=[0. 0. 0.]
Calculating q=[0. 0. 0.]
Calculating q=[0. 0. 0.]
Calculating q=[0. 0. 0.]
Calculating q=[0. 0. 0.]
Calculating q=[0. 0. 0.]
Calculating q=[0. 0. 0.]
Calculating q=[0. 0. 0.]
Calculating q=[0. 0. 0.]
Calculating q=[0. 0. 0.]
Calculating q=[0. 0. 0.]
Calculating q=[0. 0. 0.]
Energy: -15.538895500287447 eV
Magnetic moment: -1.1574941014712963e-12 Bohr magnetons
Energy: -15.538895500287447 eV
Magnetic moment: -1.1574941014712963e-12 Bohr magnetons
Energy: -15.538895500287447 eV
Magnetic moment: -1.1574941014712963e-12 Bohr magnetons
Energy: -15.538895500287447 eV
Magnetic moment: -1.1574941014712963e-12 Bohr magnetons
Energy: -15.538895500287447 eV
Magnetic moment: -1.1574941014712963e-12 Bohr magnetons
Energy: -15.538895500287447 eV
Magnetic moment: -1.1574941014712963e-12 Bohr magnetons
Energy: -15.538895500287447 eV
Magnetic moment: -1.1574941014712963e-12 Bohr magnetons
Energy: -15.538895500287447 eV
Magnetic moment: -1.1574941014712963e-12 Bohr magnetons
Energy: -15.538895500287447 eV
Magnetic moment: -1.1574941014712963e-12 Bohr magnetons
Energy: -15.538895500287447 eV
Magnetic moment: -1.1574941014712963e-12 Bohr magnetons
Energy: -15.538895500287447 eV
Magnetic moment: -1.1574941014712963e-12 Bohr magnetons
Energy: -15.538895500287447 eV
Magnetic moment: -1.1574941014712963e-12 Bohr magnetons

------------------------------------------------------------
Sender: LSF System <lsfadmin@hpc.dtu.dk>
Subject: Job 21535516: <plot_10.py> in cluster <dcc> Done

Job <plot_10.py> was submitted from host <n-62-30-1> by user <s194113> in cluster <dcc> at Sun Apr 21 14:07:18 2024
Job was executed on host(s) <12*n-62-29-5>, in queue <hpc>, as user <s194113> in cluster <dcc> at Sun Apr 21 14:08:37 2024
</zhome/87/8/147075> was used as the home directory.
</zhome/87/8/147075/10302/10302_NM/VBr2/E_con> was used as the working directory.
Started at Sun Apr 21 14:08:37 2024
Terminated at Sun Apr 21 21:18:57 2024
Results reported at Sun Apr 21 21:18:57 2024

Your job looked like:

------------------------------------------------------------
# LSBATCH: User input
#!/bin/bash -l
id=$LSB_JOBID
mq=/zhome/87/8/147075/.myqueue/lsf-$id
source /zhome/87/8/147075/venv-name/bin/activate
echo "venv: /zhome/87/8/147075/venv-name/bin/activate"
(touch $mq-0 && \
 cd '/zhome/87/8/147075/10302/10302_NM/VBr2/E_con' && \
 mpiexec python3 plot_10.py && \
 touch $mq-1) || \
(touch $mq-2; exit 1)

------------------------------------------------------------

Successfully completed.

Resource usage summary:

    CPU time :                                   309745.72 sec.
    Max Memory :                                 12266 MB
    Average Memory :                             9423.03 MB
    Total Requested Memory :                     73728.00 MB
    Delta Memory :                               61462.00 MB
    Max Swap :                                   -
    Max Processes :                              17
    Max Threads :                                57
    Run time :                                   25819 sec.
    Turnaround time :                            25899 sec.

The output (if any) is above this job summary.



PS:

Read file </zhome/87/8/147075/10302/10302_NM/VBr2/E_con/plot_10.py.21535516.err> for stderr output of this job.

