venv: /zhome/87/8/147075/venv-name/bin/activate
[1713826157.194517] [n-62-28-22:20313:0]          ib_md.c:1063 UCX  WARN  IB: ibv_fork_init() was disabled or failed, yet a fork() has been issued.
[1713826157.194544] [n-62-28-22:20313:0]          ib_md.c:1064 UCX  WARN  IB: data corruption might occur when using registered memory.
[1713826157.194476] [n-62-28-22:20315:0]          ib_md.c:1063 UCX  WARN  IB: ibv_fork_init() was disabled or failed, yet a fork() has been issued.
[1713826157.194509] [n-62-28-22:20315:0]          ib_md.c:1064 UCX  WARN  IB: data corruption might occur when using registered memory.
[1713826157.194682] [n-62-28-22:20316:0]          ib_md.c:1063 UCX  WARN  IB: ibv_fork_init() was disabled or failed, yet a fork() has been issued.
[1713826157.194714] [n-62-28-22:20316:0]          ib_md.c:1064 UCX  WARN  IB: data corruption might occur when using registered memory.
[1713826157.200440] [n-62-28-22:20309:0]          ib_md.c:1063 UCX  WARN  IB: ibv_fork_init() was disabled or failed, yet a fork() has been issued.
[1713826157.200509] [n-62-28-22:20304:0]          ib_md.c:1063 UCX  WARN  IB: ibv_fork_init() was disabled or failed, yet a fork() has been issued.
[1713826157.200542] [n-62-28-22:20304:0]          ib_md.c:1064 UCX  WARN  IB: data corruption might occur when using registered memory.
[1713826157.200520] [n-62-28-22:20306:0]          ib_md.c:1063 UCX  WARN  IB: ibv_fork_init() was disabled or failed, yet a fork() has been issued.
[1713826157.200548] [n-62-28-22:20306:0]          ib_md.c:1064 UCX  WARN  IB: data corruption might occur when using registered memory.
[1713826157.200552] [n-62-28-22:20309:0]          ib_md.c:1064 UCX  WARN  IB: data corruption might occur when using registered memory.
[1713826157.201223] [n-62-28-22:20307:0]          ib_md.c:1063 UCX  WARN  IB: ibv_fork_init() was disabled or failed, yet a fork() has been issued.
[1713826157.201248] [n-62-28-22:20307:0]          ib_md.c:1064 UCX  WARN  IB: data corruption might occur when using registered memory.
[1713826157.201166] [n-62-28-22:20308:0]          ib_md.c:1063 UCX  WARN  IB: ibv_fork_init() was disabled or failed, yet a fork() has been issued.
[1713826157.201197] [n-62-28-22:20308:0]          ib_md.c:1064 UCX  WARN  IB: data corruption might occur when using registered memory.
[1713826157.201672] [n-62-28-22:20310:0]          ib_md.c:1063 UCX  WARN  IB: ibv_fork_init() was disabled or failed, yet a fork() has been issued.
[1713826157.201701] [n-62-28-22:20310:0]          ib_md.c:1064 UCX  WARN  IB: data corruption might occur when using registered memory.
[1713826157.201606] [n-62-28-22:20311:0]          ib_md.c:1063 UCX  WARN  IB: ibv_fork_init() was disabled or failed, yet a fork() has been issued.
[1713826157.201631] [n-62-28-22:20311:0]          ib_md.c:1064 UCX  WARN  IB: data corruption might occur when using registered memory.
[1713826157.202100] [n-62-28-22:20305:0]          ib_md.c:1063 UCX  WARN  IB: ibv_fork_init() was disabled or failed, yet a fork() has been issued.
[1713826157.202128] [n-62-28-22:20305:0]          ib_md.c:1064 UCX  WARN  IB: data corruption might occur when using registered memory.
[1713826157.202173] [n-62-28-22:20312:0]          ib_md.c:1063 UCX  WARN  IB: ibv_fork_init() was disabled or failed, yet a fork() has been issued.
[1713826157.202255] [n-62-28-22:20312:0]          ib_md.c:1064 UCX  WARN  IB: data corruption might occur when using registered memory.
Calculating ground state
31 q-points in the path
=====================================
Calculating ground state
31 q-points in the path
=====================================
Calculating ground state
Calculating ground state
31 q-points in the path
=====================================
31 q-points in the path
=====================================
Calculating ground state
31 q-points in the path
=====================================
Calculating ground state
Calculating q=[0. 0. 0.]
Calculating q=[0. 0. 0.]
Calculating ground state
Calculating ground state
31 q-points in the path
31 q-points in the path
=====================================
Calculating ground state
31 q-points in the path
=====================================
Calculating q=[0. 0. 0.]
Calculating q=[0. 0. 0.]
=====================================
31 q-points in the path
Calculating q=[0. 0. 0.]
=====================================
Calculating q=[0. 0. 0.]
Calculating q=[0. 0. 0.]
Calculating q=[0. 0. 0.]
Calculating ground state
31 q-points in the path
=====================================
Calculating q=[0. 0. 0.]
Calculating ground state
31 q-points in the path
=====================================
Calculating q=[0. 0. 0.]
Calculating q=[0. 0. 0.]
Calculating ground state
31 q-points in the path
=====================================
Calculating q=[0. 0. 0.]
Energy: -12.289962845039245 eV
Magnetic moment: -1.1206030795772731e-08 Bohr magnetons
Energy: -12.289962845039245 eV
Magnetic moment: -1.1206030795772731e-08 Bohr magnetons
Energy: -12.289962845039245 eV
Magnetic moment: -1.1206030795772731e-08 Bohr magnetons
Energy: -12.289962845039245 eV
Magnetic moment: -1.1206030795772731e-08 Bohr magnetons
Energy: -12.289962845039245 eV
Magnetic moment: -1.1206030795772731e-08 Bohr magnetons
Energy: -12.289962845039245 eV
Magnetic moment: -1.1206030795772731e-08 Bohr magnetons
Energy: -12.289962845039245 eV
Magnetic moment: -1.1206030795772731e-08 Bohr magnetons
Energy: -12.289962845039245 eV
Magnetic moment: -1.1206030795772731e-08 Bohr magnetons
Energy: -12.289962845039245 eV
Magnetic moment: -1.1206030795772731e-08 Bohr magnetons
Energy: -12.289962845039245 eV
Magnetic moment: -1.1206030795772731e-08 Bohr magnetons
Energy: -12.289962845039245 eV
Magnetic moment: -1.1206030795772731e-08 Bohr magnetons
Calculating q=[0.05 0.   0.  ]
Calculating q=[0.05 0.   0.  ]
Calculating q=[0.05 0.   0.  ]
Calculating q=[0.05 0.   0.  ]
Calculating q=[0.05 0.   0.  ]
Calculating q=[0.05 0.   0.  ]
Calculating q=[0.05 0.   0.  ]
Calculating q=[0.05 0.   0.  ]
Calculating q=[0.05 0.   0.  ]
Calculating q=[0.05 0.   0.  ]
Energy: -12.289962845039245 eV
Magnetic moment: -1.1206030795772731e-08 Bohr magnetons
Calculating q=[0.05 0.   0.  ]
Calculating q=[0.05 0.   0.  ]
Energy: -12.293509295676113 eV
Magnetic moment: 3.6169716087947315e-12 Bohr magnetons
Energy: -12.293509295676113 eV
Magnetic moment: 3.6169716087947315e-12 Bohr magnetons
Energy: -12.293509295676113 eV
Magnetic moment: 3.6169716087947315e-12 Bohr magnetons
Energy: -12.293509295676113 eV
Magnetic moment: 3.6169716087947315e-12 Bohr magnetons
Energy: -12.293509295676113 eV
Magnetic moment: 3.6169716087947315e-12 Bohr magnetons
Energy: -12.293509295676113 eV
Magnetic moment: 3.6169716087947315e-12 Bohr magnetons
Energy: -12.293509295676113 eV
Magnetic moment: 3.6169716087947315e-12 Bohr magnetons
Energy: -12.293509295676113 eV
Magnetic moment: 3.6169716087947315e-12 Bohr magnetons
Energy: -12.293509295676113 eV
Magnetic moment: 3.6169716087947315e-12 Bohr magnetons
Energy: -12.293509295676113 eV
Magnetic moment: 3.6169716087947315e-12 Bohr magnetons
Energy: -12.293509295676113 eV
Magnetic moment: 3.6169716087947315e-12 Bohr magnetons
Energy: -12.293509295676113 eV
Magnetic moment: 3.6169716087947315e-12 Bohr magnetons
Calculating q=[0.1 0.  0. ]
Calculating q=[0.1 0.  0. ]
Calculating q=[0.1 0.  0. ]
Calculating q=[0.1 0.  0. ]
Calculating q=[0.1 0.  0. ]
Calculating q=[0.1 0.  0. ]
Calculating q=[0.1 0.  0. ]
Calculating q=[0.1 0.  0. ]
Calculating q=[0.1 0.  0. ]
Calculating q=[0.1 0.  0. ]
Calculating q=[0.1 0.  0. ]
Calculating q=[0.1 0.  0. ]
Energy: -12.302028746575603 eV
Magnetic moment: 1.4152085924152756e-12 Bohr magnetons
Energy: -12.302028746575603 eV
Magnetic moment: 1.4152085924152756e-12 Bohr magnetons
Energy: -12.302028746575603 eV
Magnetic moment: 1.4152085924152756e-12 Bohr magnetons
Energy: -12.302028746575603 eV
Magnetic moment: 1.4152085924152756e-12 Bohr magnetons
Energy: -12.302028746575603 eV
Magnetic moment: 1.4152085924152756e-12 Bohr magnetons
Energy: -12.302028746575603 eV
Magnetic moment: 1.4152085924152756e-12 Bohr magnetons
Energy: -12.302028746575603 eV
Magnetic moment: 1.4152085924152756e-12 Bohr magnetons
Energy: -12.302028746575603 eV
Magnetic moment: 1.4152085924152756e-12 Bohr magnetons
Energy: -12.302028746575603 eV
Magnetic moment: 1.4152085924152756e-12 Bohr magnetons
Energy: -12.302028746575603 eV
Magnetic moment: 1.4152085924152756e-12 Bohr magnetons
Energy: -12.302028746575603 eV
Magnetic moment: 1.4152085924152756e-12 Bohr magnetons
Energy: -12.302028746575603 eV
Magnetic moment: 1.4152085924152756e-12 Bohr magnetons
Calculating q=[0.15 0.   0.  ]
Calculating q=[0.15 0.   0.  ]
Calculating q=[0.15 0.   0.  ]
Calculating q=[0.15 0.   0.  ]
Calculating q=[0.15 0.   0.  ]
Calculating q=[0.15 0.   0.  ]
Calculating q=[0.15 0.   0.  ]
Calculating q=[0.15 0.   0.  ]
Calculating q=[0.15 0.   0.  ]
Calculating q=[0.15 0.   0.  ]
Calculating q=[0.15 0.   0.  ]
Calculating q=[0.15 0.   0.  ]
Energy: -12.311368103295674 eV
Magnetic moment: 1.9812768815547395e-09 Bohr magnetons
Energy: -12.311368103295674 eV
Magnetic moment: 1.9812768815547395e-09 Bohr magnetons
Energy: -12.311368103295674 eV
Magnetic moment: 1.9812768815547395e-09 Bohr magnetons
Energy: -12.311368103295674 eV
Magnetic moment: 1.9812768815547395e-09 Bohr magnetons
Energy: -12.311368103295674 eV
Magnetic moment: 1.9812768815547395e-09 Bohr magnetons
Energy: -12.311368103295674 eV
Magnetic moment: 1.9812768815547395e-09 Bohr magnetons
Energy: -12.311368103295674 eV
Magnetic moment: 1.9812768815547395e-09 Bohr magnetons
Energy: -12.311368103295674 eV
Magnetic moment: 1.9812768815547395e-09 Bohr magnetons
Energy: -12.311368103295674 eV
Magnetic moment: 1.9812768815547395e-09 Bohr magnetons
Energy: -12.311368103295674 eV
Magnetic moment: 1.9812768815547395e-09 Bohr magnetons
Energy: -12.311368103295674 eV
Magnetic moment: 1.9812768815547395e-09 Bohr magnetons
Energy: -12.311368103295674 eV
Magnetic moment: 1.9812768815547395e-09 Bohr magnetons
Calculating q=[0.2 0.  0. ]
Calculating q=[0.2 0.  0. ]
Calculating q=[0.2 0.  0. ]
Calculating q=[0.2 0.  0. ]
Calculating q=[0.2 0.  0. ]
Calculating q=[0.2 0.  0. ]
Calculating q=[0.2 0.  0. ]
Calculating q=[0.2 0.  0. ]
Calculating q=[0.2 0.  0. ]
Calculating q=[0.2 0.  0. ]
Calculating q=[0.2 0.  0. ]
Calculating q=[0.2 0.  0. ]
Energy: -12.316333126783649 eV
Magnetic moment: -5.595218648473512e-12 Bohr magnetons
Energy: -12.316333126783649 eV
Magnetic moment: -5.595218648473512e-12 Bohr magnetons
Energy: -12.316333126783649 eV
Magnetic moment: -5.595218648473512e-12 Bohr magnetons
Energy: -12.316333126783649 eV
Magnetic moment: -5.595218648473512e-12 Bohr magnetons
Energy: -12.316333126783649 eV
Magnetic moment: -5.595218648473512e-12 Bohr magnetons
Energy: -12.316333126783649 eV
Magnetic moment: -5.595218648473512e-12 Bohr magnetons
Energy: -12.316333126783649 eV
Magnetic moment: -5.595218648473512e-12 Bohr magnetons
Energy: -12.316333126783649 eV
Magnetic moment: -5.595218648473512e-12 Bohr magnetons
Energy: -12.316333126783649 eV
Magnetic moment: -5.595218648473512e-12 Bohr magnetons
Energy: -12.316333126783649 eV
Magnetic moment: -5.595218648473512e-12 Bohr magnetons
Energy: -12.316333126783649 eV
Magnetic moment: -5.595218648473512e-12 Bohr magnetons
Energy: -12.316333126783649 eV
Magnetic moment: -5.595218648473512e-12 Bohr magnetons
Calculating q=[0.25 0.   0.  ]
Calculating q=[0.25 0.   0.  ]
Calculating q=[0.25 0.   0.  ]
Calculating q=[0.25 0.   0.  ]
Calculating q=[0.25 0.   0.  ]
Calculating q=[0.25 0.   0.  ]
Calculating q=[0.25 0.   0.  ]
Calculating q=[0.25 0.   0.  ]
Calculating q=[0.25 0.   0.  ]
Calculating q=[0.25 0.   0.  ]
Calculating q=[0.25 0.   0.  ]
Calculating q=[0.25 0.   0.  ]
Energy: -12.313499007668256 eV
Magnetic moment: 5.4450982015753676e-12 Bohr magnetons
Energy: -12.313499007668256 eV
Magnetic moment: 5.4450982015753676e-12 Bohr magnetons
Energy: -12.313499007668256 eV
Magnetic moment: 5.4450982015753676e-12 Bohr magnetons
Energy: -12.313499007668256 eV
Magnetic moment: 5.4450982015753676e-12 Bohr magnetons
Energy: -12.313499007668256 eV
Magnetic moment: 5.4450982015753676e-12 Bohr magnetons
Energy: -12.313499007668256 eV
Magnetic moment: 5.4450982015753676e-12 Bohr magnetons
Energy: -12.313499007668256 eV
Magnetic moment: 5.4450982015753676e-12 Bohr magnetons
Energy: -12.313499007668256 eV
Magnetic moment: 5.4450982015753676e-12 Bohr magnetons
Energy: -12.313499007668256 eV
Magnetic moment: 5.4450982015753676e-12 Bohr magnetons
Energy: -12.313499007668256 eV
Magnetic moment: 5.4450982015753676e-12 Bohr magnetons
Energy: -12.313499007668256 eV
Magnetic moment: 5.4450982015753676e-12 Bohr magnetons
Energy: -12.313499007668256 eV
Magnetic moment: 5.4450982015753676e-12 Bohr magnetons
Calculating q=[0.3 0.  0. ]
Calculating q=[0.3 0.  0. ]
Calculating q=[0.3 0.  0. ]
Calculating q=[0.3 0.  0. ]
Calculating q=[0.3 0.  0. ]
Calculating q=[0.3 0.  0. ]
Calculating q=[0.3 0.  0. ]
Calculating q=[0.3 0.  0. ]
Calculating q=[0.3 0.  0. ]
Calculating q=[0.3 0.  0. ]
Calculating q=[0.3 0.  0. ]
Calculating q=[0.3 0.  0. ]
Energy: -12.302569428998964 eV
Magnetic moment: -1.3138608550428957e-11 Bohr magnetons
Energy: -12.302569428998964 eV
Magnetic moment: -1.3138608550428957e-11 Bohr magnetons
Energy: -12.302569428998964 eV
Magnetic moment: -1.3138608550428957e-11 Bohr magnetons
Energy: -12.302569428998964 eV
Magnetic moment: -1.3138608550428957e-11 Bohr magnetons
Energy: -12.302569428998964 eV
Magnetic moment: -1.3138608550428957e-11 Bohr magnetons
Energy: -12.302569428998964 eV
Magnetic moment: -1.3138608550428957e-11 Bohr magnetons
Energy: -12.302569428998964 eV
Magnetic moment: -1.3138608550428957e-11 Bohr magnetons
Energy: -12.302569428998964 eV
Magnetic moment: -1.3138608550428957e-11 Bohr magnetons
Energy: -12.302569428998964 eV
Magnetic moment: -1.3138608550428957e-11 Bohr magnetons
Energy: -12.302569428998964 eV
Magnetic moment: -1.3138608550428957e-11 Bohr magnetons
Energy: -12.302569428998964 eV
Magnetic moment: -1.3138608550428957e-11 Bohr magnetons
Energy: -12.302569428998964 eV
Magnetic moment: -1.3138608550428957e-11 Bohr magnetons
Calculating q=[0.35 0.   0.  ]
Calculating q=[0.35 0.   0.  ]
Calculating q=[0.35 0.   0.  ]
Calculating q=[0.35 0.   0.  ]
Calculating q=[0.35 0.   0.  ]
Calculating q=[0.35 0.   0.  ]
Calculating q=[0.35 0.   0.  ]
Calculating q=[0.35 0.   0.  ]
Calculating q=[0.35 0.   0.  ]
Calculating q=[0.35 0.   0.  ]
Calculating q=[0.35 0.   0.  ]
Calculating q=[0.35 0.   0.  ]
Energy: -12.286034724706228 eV
Magnetic moment: -1.758702092093676e-11 Bohr magnetons
Energy: -12.286034724706228 eV
Magnetic moment: -1.758702092093676e-11 Bohr magnetons
Energy: -12.286034724706228 eV
Magnetic moment: -1.758702092093676e-11 Bohr magnetons
Energy: -12.286034724706228 eV
Magnetic moment: -1.758702092093676e-11 Bohr magnetons
Energy: -12.286034724706228 eV
Magnetic moment: -1.758702092093676e-11 Bohr magnetons
Energy: -12.286034724706228 eV
Magnetic moment: -1.758702092093676e-11 Bohr magnetons
Energy: -12.286034724706228 eV
Magnetic moment: -1.758702092093676e-11 Bohr magnetons
Energy: -12.286034724706228 eV
Magnetic moment: -1.758702092093676e-11 Bohr magnetons
Energy: -12.286034724706228 eV
Magnetic moment: -1.758702092093676e-11 Bohr magnetons
Energy: -12.286034724706228 eV
Magnetic moment: -1.758702092093676e-11 Bohr magnetons
Energy: -12.286034724706228 eV
Magnetic moment: -1.758702092093676e-11 Bohr magnetons
Energy: -12.286034724706228 eV
Magnetic moment: -1.758702092093676e-11 Bohr magnetons
Calculating q=[0.4 0.  0. ]
Calculating q=[0.4 0.  0. ]
Calculating q=[0.4 0.  0. ]
Calculating q=[0.4 0.  0. ]
Calculating q=[0.4 0.  0. ]
Calculating q=[0.4 0.  0. ]
Calculating q=[0.4 0.  0. ]
Calculating q=[0.4 0.  0. ]
Calculating q=[0.4 0.  0. ]
Calculating q=[0.4 0.  0. ]
Calculating q=[0.4 0.  0. ]
Calculating q=[0.4 0.  0. ]
Energy: -12.268439166638306 eV
Magnetic moment: -4.3775761350911926e-07 Bohr magnetons
Energy: -12.268439166638306 eV
Magnetic moment: -4.3775761350911926e-07 Bohr magnetons
Energy: -12.268439166638306 eV
Magnetic moment: -4.3775761350911926e-07 Bohr magnetons
Energy: -12.268439166638306 eV
Magnetic moment: -4.3775761350911926e-07 Bohr magnetons
Energy: -12.268439166638306 eV
Magnetic moment: -4.3775761350911926e-07 Bohr magnetons
Energy: -12.268439166638306 eV
Magnetic moment: -4.3775761350911926e-07 Bohr magnetons
Energy: -12.268439166638306 eV
Magnetic moment: -4.3775761350911926e-07 Bohr magnetons
Energy: -12.268439166638306 eV
Magnetic moment: -4.3775761350911926e-07 Bohr magnetons
Energy: -12.268439166638306 eV
Magnetic moment: -4.3775761350911926e-07 Bohr magnetons
Energy: -12.268439166638306 eV
Magnetic moment: -4.3775761350911926e-07 Bohr magnetons
Energy: -12.268439166638306 eV
Magnetic moment: -4.3775761350911926e-07 Bohr magnetons
Energy: -12.268439166638306 eV
Magnetic moment: -4.3775761350911926e-07 Bohr magnetons
Calculating q=[0.45 0.   0.  ]
Calculating q=[0.45 0.   0.  ]
Calculating q=[0.45 0.   0.  ]
Calculating q=[0.45 0.   0.  ]
Calculating q=[0.45 0.   0.  ]
Calculating q=[0.45 0.   0.  ]
Calculating q=[0.45 0.   0.  ]
Calculating q=[0.45 0.   0.  ]
Calculating q=[0.45 0.   0.  ]
Calculating q=[0.45 0.   0.  ]
Calculating q=[0.45 0.   0.  ]
Calculating q=[0.45 0.   0.  ]
Energy: -12.255102448141475 eV
Magnetic moment: 1.7243351834863898e-09 Bohr magnetons
Energy: -12.255102448141475 eV
Magnetic moment: 1.7243351834863898e-09 Bohr magnetons
Energy: -12.255102448141475 eV
Magnetic moment: 1.7243351834863898e-09 Bohr magnetons
Energy: -12.255102448141475 eV
Magnetic moment: 1.7243351834863898e-09 Bohr magnetons
Energy: -12.255102448141475 eV
Magnetic moment: 1.7243351834863898e-09 Bohr magnetons
Energy: -12.255102448141475 eV
Magnetic moment: 1.7243351834863898e-09 Bohr magnetons
Energy: -12.255102448141475 eV
Magnetic moment: 1.7243351834863898e-09 Bohr magnetons
Energy: -12.255102448141475 eV
Magnetic moment: 1.7243351834863898e-09 Bohr magnetons
Energy: -12.255102448141475 eV
Magnetic moment: 1.7243351834863898e-09 Bohr magnetons
Energy: -12.255102448141475 eV
Magnetic moment: 1.7243351834863898e-09 Bohr magnetons
Energy: -12.255102448141475 eV
Magnetic moment: 1.7243351834863898e-09 Bohr magnetons
Calculating q=[0.5 0.  0. ]
Calculating q=[0.5 0.  0. ]
Calculating q=[0.5 0.  0. ]
Calculating q=[0.5 0.  0. ]
Calculating q=[0.5 0.  0. ]
Energy: -12.255102448141475 eV
Magnetic moment: 1.7243351834863898e-09 Bohr magnetons
Calculating q=[0.5 0.  0. ]
Calculating q=[0.5 0.  0. ]
Calculating q=[0.5 0.  0. ]
Calculating q=[0.5 0.  0. ]
Calculating q=[0.5 0.  0. ]
Calculating q=[0.5 0.  0. ]
Calculating q=[0.5 0.  0. ]
Energy: -12.250146831784429 eV
Magnetic moment: -1.2535214143896768e-11 Bohr magnetons
Energy: -12.250146831784429 eV
Magnetic moment: -1.2535214143896768e-11 Bohr magnetons
Energy: -12.250146831784429 eV
Magnetic moment: -1.2535214143896768e-11 Bohr magnetons
Energy: -12.250146831784429 eV
Magnetic moment: -1.2535214143896768e-11 Bohr magnetons
Energy: -12.250146831784429 eV
Magnetic moment: -1.2535214143896768e-11 Bohr magnetons
Energy: -12.250146831784429 eV
Magnetic moment: -1.2535214143896768e-11 Bohr magnetons
Energy: -12.250146831784429 eV
Magnetic moment: -1.2535214143896768e-11 Bohr magnetons
Energy: -12.250146831784429 eV
Magnetic moment: -1.2535214143896768e-11 Bohr magnetons
Energy: -12.250146831784429 eV
Magnetic moment: -1.2535214143896768e-11 Bohr magnetons
Energy: -12.250146831784429 eV
Magnetic moment: -1.2535214143896768e-11 Bohr magnetons
Energy: -12.250146831784429 eV
Magnetic moment: -1.2535214143896768e-11 Bohr magnetons
Energy: -12.250146831784429 eV
Magnetic moment: -1.2535214143896768e-11 Bohr magnetons
Calculating q=[0.47222222 0.05555556 0.        ]
Calculating q=[0.47222222 0.05555556 0.        ]
Calculating q=[0.47222222 0.05555556 0.        ]
Calculating q=[0.47222222 0.05555556 0.        ]
Calculating q=[0.47222222 0.05555556 0.        ]
Calculating q=[0.47222222 0.05555556 0.        ]
Calculating q=[0.47222222 0.05555556 0.        ]
Calculating q=[0.47222222 0.05555556 0.        ]
Calculating q=[0.47222222 0.05555556 0.        ]
Calculating q=[0.47222222 0.05555556 0.        ]
Calculating q=[0.47222222 0.05555556 0.        ]
Calculating q=[0.47222222 0.05555556 0.        ]
Energy: -12.253812575755022 eV
Magnetic moment: -1.429247035347364e-14 Bohr magnetons
Energy: -12.253812575755022 eV
Magnetic moment: -1.429247035347364e-14 Bohr magnetons
Energy: -12.253812575755022 eV
Magnetic moment: -1.429247035347364e-14 Bohr magnetons
Energy: -12.253812575755022 eV
Magnetic moment: -1.429247035347364e-14 Bohr magnetons
Energy: -12.253812575755022 eV
Magnetic moment: -1.429247035347364e-14 Bohr magnetons
Energy: -12.253812575755022 eV
Magnetic moment: -1.429247035347364e-14 Bohr magnetons
Energy: -12.253812575755022 eV
Magnetic moment: -1.429247035347364e-14 Bohr magnetons
Energy: -12.253812575755022 eV
Magnetic moment: -1.429247035347364e-14 Bohr magnetons
Energy: -12.253812575755022 eV
Magnetic moment: -1.429247035347364e-14 Bohr magnetons
Energy: -12.253812575755022 eV
Magnetic moment: -1.429247035347364e-14 Bohr magnetons
Energy: -12.253812575755022 eV
Magnetic moment: -1.429247035347364e-14 Bohr magnetons
Energy: -12.253812575755022 eV
Magnetic moment: -1.429247035347364e-14 Bohr magnetons
Calculating q=[0.44444444 0.11111111 0.        ]
Calculating q=[0.44444444 0.11111111 0.        ]
Calculating q=[0.44444444 0.11111111 0.        ]
Calculating q=[0.44444444 0.11111111 0.        ]
Calculating q=[0.44444444 0.11111111 0.        ]
Calculating q=[0.44444444 0.11111111 0.        ]
Calculating q=[0.44444444 0.11111111 0.        ]
Calculating q=[0.44444444 0.11111111 0.        ]
Calculating q=[0.44444444 0.11111111 0.        ]
Calculating q=[0.44444444 0.11111111 0.        ]
Calculating q=[0.44444444 0.11111111 0.        ]
Calculating q=[0.44444444 0.11111111 0.        ]
Energy: -12.263654005605504 eV
Magnetic moment: 5.746529666740695e-14 Bohr magnetons
Energy: -12.263654005605504 eV
Magnetic moment: 5.746529666740695e-14 Bohr magnetons
Energy: -12.263654005605504 eV
Magnetic moment: 5.746529666740695e-14 Bohr magnetons
Energy: -12.263654005605504 eV
Magnetic moment: 5.746529666740695e-14 Bohr magnetons
Energy: -12.263654005605504 eV
Magnetic moment: 5.746529666740695e-14 Bohr magnetons
Energy: -12.263654005605504 eV
Magnetic moment: 5.746529666740695e-14 Bohr magnetons
Energy: -12.263654005605504 eV
Magnetic moment: 5.746529666740695e-14 Bohr magnetons
Energy: -12.263654005605504 eV
Magnetic moment: 5.746529666740695e-14 Bohr magnetons
Energy: -12.263654005605504 eV
Magnetic moment: 5.746529666740695e-14 Bohr magnetons
Energy: -12.263654005605504 eV
Magnetic moment: 5.746529666740695e-14 Bohr magnetons
Energy: -12.263654005605504 eV
Magnetic moment: 5.746529666740695e-14 Bohr magnetons
Energy: -12.263654005605504 eV
Magnetic moment: 5.746529666740695e-14 Bohr magnetons
Calculating q=[0.41666667 0.16666667 0.        ]
Calculating q=[0.41666667 0.16666667 0.        ]
Calculating q=[0.41666667 0.16666667 0.        ]
Calculating q=[0.41666667 0.16666667 0.        ]
Calculating q=[0.41666667 0.16666667 0.        ]
Calculating q=[0.41666667 0.16666667 0.        ]
Calculating q=[0.41666667 0.16666667 0.        ]
Calculating q=[0.41666667 0.16666667 0.        ]
Calculating q=[0.41666667 0.16666667 0.        ]
Calculating q=[0.41666667 0.16666667 0.        ]
Calculating q=[0.41666667 0.16666667 0.        ]
Calculating q=[0.41666667 0.16666667 0.        ]
Energy: -12.276150501507821 eV
Magnetic moment: 8.068614252827057e-15 Bohr magnetons
Energy: -12.276150501507821 eV
Magnetic moment: 8.068614252827057e-15 Bohr magnetons
Energy: -12.276150501507821 eV
Magnetic moment: 8.068614252827057e-15 Bohr magnetons
Energy: -12.276150501507821 eV
Magnetic moment: 8.068614252827057e-15 Bohr magnetons
Energy: -12.276150501507821 eV
Magnetic moment: 8.068614252827057e-15 Bohr magnetons
Energy: -12.276150501507821 eV
Magnetic moment: 8.068614252827057e-15 Bohr magnetons
Energy: -12.276150501507821 eV
Magnetic moment: 8.068614252827057e-15 Bohr magnetons
Energy: -12.276150501507821 eV
Magnetic moment: 8.068614252827057e-15 Bohr magnetons
Energy: -12.276150501507821 eV
Magnetic moment: 8.068614252827057e-15 Bohr magnetons
Energy: -12.276150501507821 eV
Magnetic moment: 8.068614252827057e-15 Bohr magnetons
Energy: -12.276150501507821 eV
Magnetic moment: 8.068614252827057e-15 Bohr magnetons
Energy: -12.276150501507821 eV
Magnetic moment: 8.068614252827057e-15 Bohr magnetons
Calculating q=[0.38888889 0.22222222 0.        ]
Calculating q=[0.38888889 0.22222222 0.        ]
Calculating q=[0.38888889 0.22222222 0.        ]
Calculating q=[0.38888889 0.22222222 0.        ]
Calculating q=[0.38888889 0.22222222 0.        ]
Calculating q=[0.38888889 0.22222222 0.        ]
Calculating q=[0.38888889 0.22222222 0.        ]
Calculating q=[0.38888889 0.22222222 0.        ]
Calculating q=[0.38888889 0.22222222 0.        ]
Calculating q=[0.38888889 0.22222222 0.        ]
Calculating q=[0.38888889 0.22222222 0.        ]
Calculating q=[0.38888889 0.22222222 0.        ]
Energy: -12.28684960152957 eV
Magnetic moment: -4.739746240312438e-14 Bohr magnetons
Energy: -12.28684960152957 eV
Magnetic moment: -4.739746240312438e-14 Bohr magnetons
Energy: -12.28684960152957 eV
Magnetic moment: -4.739746240312438e-14 Bohr magnetons
Energy: -12.28684960152957 eV
Magnetic moment: -4.739746240312438e-14 Bohr magnetons
Energy: -12.28684960152957 eV
Magnetic moment: -4.739746240312438e-14 Bohr magnetons
Energy: -12.28684960152957 eV
Magnetic moment: -4.739746240312438e-14 Bohr magnetons
Energy: -12.28684960152957 eV
Magnetic moment: -4.739746240312438e-14 Bohr magnetons
Energy: -12.28684960152957 eV
Magnetic moment: -4.739746240312438e-14 Bohr magnetons
Energy: -12.28684960152957 eV
Magnetic moment: -4.739746240312438e-14 Bohr magnetons
Energy: -12.28684960152957 eV
Magnetic moment: -4.739746240312438e-14 Bohr magnetons
Energy: -12.28684960152957 eV
Magnetic moment: -4.739746240312438e-14 Bohr magnetons
Energy: -12.28684960152957 eV
Magnetic moment: -4.739746240312438e-14 Bohr magnetons
Calculating q=[0.36111111 0.27777778 0.        ]
Calculating q=[0.36111111 0.27777778 0.        ]
Calculating q=[0.36111111 0.27777778 0.        ]
Calculating q=[0.36111111 0.27777778 0.        ]
Calculating q=[0.36111111 0.27777778 0.        ]
Calculating q=[0.36111111 0.27777778 0.        ]
Calculating q=[0.36111111 0.27777778 0.        ]
Calculating q=[0.36111111 0.27777778 0.        ]
Calculating q=[0.36111111 0.27777778 0.        ]
Calculating q=[0.36111111 0.27777778 0.        ]
Calculating q=[0.36111111 0.27777778 0.        ]
Calculating q=[0.36111111 0.27777778 0.        ]
Energy: -12.293139982514113 eV
Magnetic moment: 1.4824676317568514e-14 Bohr magnetons
Energy: -12.293139982514113 eV
Magnetic moment: 1.4824676317568514e-14 Bohr magnetons
Energy: -12.293139982514113 eV
Magnetic moment: 1.4824676317568514e-14 Bohr magnetons
Energy: -12.293139982514113 eV
Magnetic moment: 1.4824676317568514e-14 Bohr magnetons
Energy: -12.293139982514113 eV
Magnetic moment: 1.4824676317568514e-14 Bohr magnetons
Energy: -12.293139982514113 eV
Magnetic moment: 1.4824676317568514e-14 Bohr magnetons
Energy: -12.293139982514113 eV
Magnetic moment: 1.4824676317568514e-14 Bohr magnetons
Energy: -12.293139982514113 eV
Magnetic moment: 1.4824676317568514e-14 Bohr magnetons
Energy: -12.293139982514113 eV
Magnetic moment: 1.4824676317568514e-14 Bohr magnetons
Energy: -12.293139982514113 eV
Magnetic moment: 1.4824676317568514e-14 Bohr magnetons
Energy: -12.293139982514113 eV
Magnetic moment: 1.4824676317568514e-14 Bohr magnetons
Energy: -12.293139982514113 eV
Magnetic moment: 1.4824676317568514e-14 Bohr magnetons
Calculating q=[0.33333333 0.33333333 0.        ]
Calculating q=[0.33333333 0.33333333 0.        ]
Calculating q=[0.33333333 0.33333333 0.        ]
Calculating q=[0.33333333 0.33333333 0.        ]
Calculating q=[0.33333333 0.33333333 0.        ]
Calculating q=[0.33333333 0.33333333 0.        ]
Calculating q=[0.33333333 0.33333333 0.        ]
Calculating q=[0.33333333 0.33333333 0.        ]
Calculating q=[0.33333333 0.33333333 0.        ]
Calculating q=[0.33333333 0.33333333 0.        ]
Calculating q=[0.33333333 0.33333333 0.        ]
Calculating q=[0.33333333 0.33333333 0.        ]
Energy: -12.29479533468696 eV
Magnetic moment: -1.556373424234361e-10 Bohr magnetons
Energy: -12.29479533468696 eV
Magnetic moment: -1.556373424234361e-10 Bohr magnetons
Energy: -12.29479533468696 eV
Magnetic moment: -1.556373424234361e-10 Bohr magnetons
Energy: -12.29479533468696 eV
Magnetic moment: -1.556373424234361e-10 Bohr magnetons
Energy: -12.29479533468696 eV
Magnetic moment: -1.556373424234361e-10 Bohr magnetons
Energy: -12.29479533468696 eV
Magnetic moment: -1.556373424234361e-10 Bohr magnetons
Energy: -12.29479533468696 eV
Magnetic moment: -1.556373424234361e-10 Bohr magnetons
Energy: -12.29479533468696 eV
Magnetic moment: -1.556373424234361e-10 Bohr magnetons
Energy: -12.29479533468696 eV
Magnetic moment: -1.556373424234361e-10 Bohr magnetons
Energy: -12.29479533468696 eV
Magnetic moment: -1.556373424234361e-10 Bohr magnetons
Energy: -12.29479533468696 eV
Magnetic moment: -1.556373424234361e-10 Bohr magnetons
Energy: -12.29479533468696 eV
Magnetic moment: -1.556373424234361e-10 Bohr magnetons
Calculating q=[0.30952381 0.30952381 0.        ]
Calculating q=[0.30952381 0.30952381 0.        ]
Calculating q=[0.30952381 0.30952381 0.        ]
Calculating q=[0.30952381 0.30952381 0.        ]
Calculating q=[0.30952381 0.30952381 0.        ]
Calculating q=[0.30952381 0.30952381 0.        ]
Calculating q=[0.30952381 0.30952381 0.        ]
Calculating q=[0.30952381 0.30952381 0.        ]
Calculating q=[0.30952381 0.30952381 0.        ]
Calculating q=[0.30952381 0.30952381 0.        ]
Calculating q=[0.30952381 0.30952381 0.        ]
Calculating q=[0.30952381 0.30952381 0.        ]
Energy: -12.294191476037762 eV
Magnetic moment: -3.509174940140734e-12 Bohr magnetons
Calculating q=[0.28571429 0.28571429 0.        ]
Energy: -12.294191476037762 eV
Magnetic moment: -3.509174940140734e-12 Bohr magnetons
Calculating q=[0.28571429 0.28571429 0.        ]
Energy: -12.294191476037762 eV
Magnetic moment: -3.509174940140734e-12 Bohr magnetons
Calculating q=[0.28571429 0.28571429 0.        ]
Energy: -12.294191476037762 eV
Magnetic moment: -3.509174940140734e-12 Bohr magnetons
Calculating q=[0.28571429 0.28571429 0.        ]
Energy: -12.294191476037762 eV
Magnetic moment: -3.509174940140734e-12 Bohr magnetons
Calculating q=[0.28571429 0.28571429 0.        ]
Energy: -12.294191476037762 eV
Magnetic moment: -3.509174940140734e-12 Bohr magnetons
Calculating q=[0.28571429 0.28571429 0.        ]
Energy: -12.294191476037762 eV
Magnetic moment: -3.509174940140734e-12 Bohr magnetons
Calculating q=[0.28571429 0.28571429 0.        ]
Energy: -12.294191476037762 eV
Magnetic moment: -3.509174940140734e-12 Bohr magnetons
Calculating q=[0.28571429 0.28571429 0.        ]
Energy: -12.294191476037762 eV
Magnetic moment: -3.509174940140734e-12 Bohr magnetons
Calculating q=[0.28571429 0.28571429 0.        ]
Energy: -12.294191476037762 eV
Magnetic moment: -3.509174940140734e-12 Bohr magnetons
Calculating q=[0.28571429 0.28571429 0.        ]
Energy: -12.294191476037762 eV
Magnetic moment: -3.509174940140734e-12 Bohr magnetons
Calculating q=[0.28571429 0.28571429 0.        ]
Energy: -12.294191476037762 eV
Magnetic moment: -3.509174940140734e-12 Bohr magnetons
Calculating q=[0.28571429 0.28571429 0.        ]
Energy: -12.29351118423264 eV
Magnetic moment: -1.3032650868106733e-12 Bohr magnetons
Energy: -12.29351118423264 eV
Magnetic moment: -1.3032650868106733e-12 Bohr magnetons
Energy: -12.29351118423264 eV
Magnetic moment: -1.3032650868106733e-12 Bohr magnetons
Energy: -12.29351118423264 eV
Magnetic moment: -1.3032650868106733e-12 Bohr magnetons
Energy: -12.29351118423264 eV
Magnetic moment: -1.3032650868106733e-12 Bohr magnetons
Energy: -12.29351118423264 eV
Magnetic moment: -1.3032650868106733e-12 Bohr magnetons
Energy: -12.29351118423264 eV
Magnetic moment: -1.3032650868106733e-12 Bohr magnetons
Energy: -12.29351118423264 eV
Magnetic moment: -1.3032650868106733e-12 Bohr magnetons
Energy: -12.29351118423264 eV
Magnetic moment: -1.3032650868106733e-12 Bohr magnetons
Energy: -12.29351118423264 eV
Magnetic moment: -1.3032650868106733e-12 Bohr magnetons
Energy: -12.29351118423264 eV
Magnetic moment: -1.3032650868106733e-12 Bohr magnetons
Energy: -12.29351118423264 eV
Magnetic moment: -1.3032650868106733e-12 Bohr magnetons
Calculating q=[0.26190476 0.26190476 0.        ]
Calculating q=[0.26190476 0.26190476 0.        ]
Calculating q=[0.26190476 0.26190476 0.        ]
Calculating q=[0.26190476 0.26190476 0.        ]
Calculating q=[0.26190476 0.26190476 0.        ]
Calculating q=[0.26190476 0.26190476 0.        ]
Calculating q=[0.26190476 0.26190476 0.        ]
Calculating q=[0.26190476 0.26190476 0.        ]
Calculating q=[0.26190476 0.26190476 0.        ]
Calculating q=[0.26190476 0.26190476 0.        ]
Calculating q=[0.26190476 0.26190476 0.        ]
Calculating q=[0.26190476 0.26190476 0.        ]
Energy: -12.294264564679409 eV
Magnetic moment: 1.456800349446618e-12 Bohr magnetons
Energy: -12.294264564679409 eV
Magnetic moment: 1.456800349446618e-12 Bohr magnetons
Energy: -12.294264564679409 eV
Magnetic moment: 1.456800349446618e-12 Bohr magnetons
Energy: -12.294264564679409 eV
Magnetic moment: 1.456800349446618e-12 Bohr magnetons
Energy: -12.294264564679409 eV
Magnetic moment: 1.456800349446618e-12 Bohr magnetons
Energy: -12.294264564679409 eV
Magnetic moment: 1.456800349446618e-12 Bohr magnetons
Energy: -12.294264564679409 eV
Magnetic moment: 1.456800349446618e-12 Bohr magnetons
Energy: -12.294264564679409 eV
Magnetic moment: 1.456800349446618e-12 Bohr magnetons
Energy: -12.294264564679409 eV
Magnetic moment: 1.456800349446618e-12 Bohr magnetons
Energy: -12.294264564679409 eV
Magnetic moment: 1.456800349446618e-12 Bohr magnetons
Energy: -12.294264564679409 eV
Magnetic moment: 1.456800349446618e-12 Bohr magnetons
Energy: -12.294264564679409 eV
Magnetic moment: 1.456800349446618e-12 Bohr magnetons
Calculating q=[0.23809524 0.23809524 0.        ]
Calculating q=[0.23809524 0.23809524 0.        ]
Calculating q=[0.23809524 0.23809524 0.        ]
Calculating q=[0.23809524 0.23809524 0.        ]
Calculating q=[0.23809524 0.23809524 0.        ]
Calculating q=[0.23809524 0.23809524 0.        ]
Calculating q=[0.23809524 0.23809524 0.        ]
Calculating q=[0.23809524 0.23809524 0.        ]
Calculating q=[0.23809524 0.23809524 0.        ]
Calculating q=[0.23809524 0.23809524 0.        ]
Calculating q=[0.23809524 0.23809524 0.        ]
Calculating q=[0.23809524 0.23809524 0.        ]
Energy: -12.297273754191984 eV
Magnetic moment: -3.7143321879913183e-13 Bohr magnetons
Energy: -12.297273754191984 eV
Magnetic moment: -3.7143321879913183e-13 Bohr magnetons
Energy: -12.297273754191984 eV
Magnetic moment: -3.7143321879913183e-13 Bohr magnetons
Energy: -12.297273754191984 eV
Magnetic moment: -3.7143321879913183e-13 Bohr magnetons
Energy: -12.297273754191984 eV
Magnetic moment: -3.7143321879913183e-13 Bohr magnetons
Energy: -12.297273754191984 eV
Magnetic moment: -3.7143321879913183e-13 Bohr magnetons
Energy: -12.297273754191984 eV
Magnetic moment: -3.7143321879913183e-13 Bohr magnetons
Energy: -12.297273754191984 eV
Magnetic moment: -3.7143321879913183e-13 Bohr magnetons
Energy: -12.297273754191984 eV
Magnetic moment: -3.7143321879913183e-13 Bohr magnetons
Energy: -12.297273754191984 eV
Magnetic moment: -3.7143321879913183e-13 Bohr magnetons
Energy: -12.297273754191984 eV
Magnetic moment: -3.7143321879913183e-13 Bohr magnetons
Energy: -12.297273754191984 eV
Magnetic moment: -3.7143321879913183e-13 Bohr magnetons
Calculating q=[0.21428571 0.21428571 0.        ]
Calculating q=[0.21428571 0.21428571 0.        ]
Calculating q=[0.21428571 0.21428571 0.        ]
Calculating q=[0.21428571 0.21428571 0.        ]
Calculating q=[0.21428571 0.21428571 0.        ]
Calculating q=[0.21428571 0.21428571 0.        ]
Calculating q=[0.21428571 0.21428571 0.        ]
Calculating q=[0.21428571 0.21428571 0.        ]
Calculating q=[0.21428571 0.21428571 0.        ]
Calculating q=[0.21428571 0.21428571 0.        ]
Calculating q=[0.21428571 0.21428571 0.        ]
Calculating q=[0.21428571 0.21428571 0.        ]
Energy: -12.302420261417787 eV
Magnetic moment: 1.6148223409821728e-12 Bohr magnetons
Energy: -12.302420261417787 eV
Magnetic moment: 1.6148223409821728e-12 Bohr magnetons
Energy: -12.302420261417787 eV
Magnetic moment: 1.6148223409821728e-12 Bohr magnetons
Energy: -12.302420261417787 eV
Magnetic moment: 1.6148223409821728e-12 Bohr magnetons
Energy: -12.302420261417787 eV
Magnetic moment: 1.6148223409821728e-12 Bohr magnetons
Energy: -12.302420261417787 eV
Magnetic moment: 1.6148223409821728e-12 Bohr magnetons
Energy: -12.302420261417787 eV
Magnetic moment: 1.6148223409821728e-12 Bohr magnetons
Energy: -12.302420261417787 eV
Magnetic moment: 1.6148223409821728e-12 Bohr magnetons
Energy: -12.302420261417787 eV
Magnetic moment: 1.6148223409821728e-12 Bohr magnetons
Energy: -12.302420261417787 eV
Magnetic moment: 1.6148223409821728e-12 Bohr magnetons
Energy: -12.302420261417787 eV
Magnetic moment: 1.6148223409821728e-12 Bohr magnetons
Calculating q=[0.19047619 0.19047619 0.        ]
Energy: -12.302420261417787 eV
Magnetic moment: 1.6148223409821728e-12 Bohr magnetons
Calculating q=[0.19047619 0.19047619 0.        ]
Calculating q=[0.19047619 0.19047619 0.        ]
Calculating q=[0.19047619 0.19047619 0.        ]
Calculating q=[0.19047619 0.19047619 0.        ]
Calculating q=[0.19047619 0.19047619 0.        ]
Calculating q=[0.19047619 0.19047619 0.        ]
Calculating q=[0.19047619 0.19047619 0.        ]
Calculating q=[0.19047619 0.19047619 0.        ]
Calculating q=[0.19047619 0.19047619 0.        ]
Calculating q=[0.19047619 0.19047619 0.        ]
Calculating q=[0.19047619 0.19047619 0.        ]
Energy: -12.308689059414315 eV
Magnetic moment: -4.474225340737593e-13 Bohr magnetons
Energy: -12.308689059414315 eV
Magnetic moment: -4.474225340737593e-13 Bohr magnetons
Energy: -12.308689059414315 eV
Magnetic moment: -4.474225340737593e-13 Bohr magnetons
Energy: -12.308689059414315 eV
Magnetic moment: -4.474225340737593e-13 Bohr magnetons
Energy: -12.308689059414315 eV
Magnetic moment: -4.474225340737593e-13 Bohr magnetons
Energy: -12.308689059414315 eV
Magnetic moment: -4.474225340737593e-13 Bohr magnetons
Energy: -12.308689059414315 eV
Magnetic moment: -4.474225340737593e-13 Bohr magnetons
Energy: -12.308689059414315 eV
Magnetic moment: -4.474225340737593e-13 Bohr magnetons
Energy: -12.308689059414315 eV
Magnetic moment: -4.474225340737593e-13 Bohr magnetons
Energy: -12.308689059414315 eV
Magnetic moment: -4.474225340737593e-13 Bohr magnetons
Energy: -12.308689059414315 eV
Magnetic moment: -4.474225340737593e-13 Bohr magnetons
Energy: -12.308689059414315 eV
Magnetic moment: -4.474225340737593e-13 Bohr magnetons
Calculating q=[0.16666667 0.16666667 0.        ]
Calculating q=[0.16666667 0.16666667 0.        ]
Calculating q=[0.16666667 0.16666667 0.        ]
Calculating q=[0.16666667 0.16666667 0.        ]
Calculating q=[0.16666667 0.16666667 0.        ]
Calculating q=[0.16666667 0.16666667 0.        ]
Calculating q=[0.16666667 0.16666667 0.        ]
Calculating q=[0.16666667 0.16666667 0.        ]
Calculating q=[0.16666667 0.16666667 0.        ]
Calculating q=[0.16666667 0.16666667 0.        ]
Calculating q=[0.16666667 0.16666667 0.        ]
Calculating q=[0.16666667 0.16666667 0.        ]
Energy: -12.314458055342932 eV
Magnetic moment: 6.803875053498072e-14 Bohr magnetons
Energy: -12.314458055342932 eV
Magnetic moment: 6.803875053498072e-14 Bohr magnetons
Energy: -12.314458055342932 eV
Magnetic moment: 6.803875053498072e-14 Bohr magnetons
Energy: -12.314458055342932 eV
Magnetic moment: 6.803875053498072e-14 Bohr magnetons
Energy: -12.314458055342932 eV
Magnetic moment: 6.803875053498072e-14 Bohr magnetons
Energy: -12.314458055342932 eV
Magnetic moment: 6.803875053498072e-14 Bohr magnetons
Energy: -12.314458055342932 eV
Magnetic moment: 6.803875053498072e-14 Bohr magnetons
Energy: -12.314458055342932 eV
Magnetic moment: 6.803875053498072e-14 Bohr magnetons
Energy: -12.314458055342932 eV
Magnetic moment: 6.803875053498072e-14 Bohr magnetons
Energy: -12.314458055342932 eV
Magnetic moment: 6.803875053498072e-14 Bohr magnetons
Energy: -12.314458055342932 eV
Magnetic moment: 6.803875053498072e-14 Bohr magnetons
Energy: -12.314458055342932 eV
Magnetic moment: 6.803875053498072e-14 Bohr magnetons
Calculating q=[0.14285714 0.14285714 0.        ]
Calculating q=[0.14285714 0.14285714 0.        ]
Calculating q=[0.14285714 0.14285714 0.        ]
Calculating q=[0.14285714 0.14285714 0.        ]
Calculating q=[0.14285714 0.14285714 0.        ]
Calculating q=[0.14285714 0.14285714 0.        ]
Calculating q=[0.14285714 0.14285714 0.        ]
Calculating q=[0.14285714 0.14285714 0.        ]
Calculating q=[0.14285714 0.14285714 0.        ]
Calculating q=[0.14285714 0.14285714 0.        ]
Calculating q=[0.14285714 0.14285714 0.        ]
Calculating q=[0.14285714 0.14285714 0.        ]
Energy: -12.317898735987999 eV
Magnetic moment: 5.774980480470151e-11 Bohr magnetons
Energy: -12.317898735987999 eV
Magnetic moment: 5.774980480470151e-11 Bohr magnetons
Energy: -12.317898735987999 eV
Magnetic moment: 5.774980480470151e-11 Bohr magnetons
Energy: -12.317898735987999 eV
Magnetic moment: 5.774980480470151e-11 Bohr magnetons
Energy: -12.317898735987999 eV
Magnetic moment: 5.774980480470151e-11 Bohr magnetons
Energy: -12.317898735987999 eV
Magnetic moment: 5.774980480470151e-11 Bohr magnetons
Energy: -12.317898735987999 eV
Magnetic moment: 5.774980480470151e-11 Bohr magnetons
Energy: -12.317898735987999 eV
Magnetic moment: 5.774980480470151e-11 Bohr magnetons
Energy: -12.317898735987999 eV
Magnetic moment: 5.774980480470151e-11 Bohr magnetons
Energy: -12.317898735987999 eV
Magnetic moment: 5.774980480470151e-11 Bohr magnetons
Energy: -12.317898735987999 eV
Magnetic moment: 5.774980480470151e-11 Bohr magnetons
Energy: -12.317898735987999 eV
Magnetic moment: 5.774980480470151e-11 Bohr magnetons
Calculating q=[0.11904762 0.11904762 0.        ]
Calculating q=[0.11904762 0.11904762 0.        ]
Calculating q=[0.11904762 0.11904762 0.        ]
Calculating q=[0.11904762 0.11904762 0.        ]
Calculating q=[0.11904762 0.11904762 0.        ]
Calculating q=[0.11904762 0.11904762 0.        ]
Calculating q=[0.11904762 0.11904762 0.        ]
Calculating q=[0.11904762 0.11904762 0.        ]
Calculating q=[0.11904762 0.11904762 0.        ]
Calculating q=[0.11904762 0.11904762 0.        ]
Calculating q=[0.11904762 0.11904762 0.        ]
Calculating q=[0.11904762 0.11904762 0.        ]
Energy: -12.317878539016014 eV
Magnetic moment: 1.0924266934797965e-14 Bohr magnetons
Energy: -12.317878539016014 eV
Magnetic moment: 1.0924266934797965e-14 Bohr magnetons
Energy: -12.317878539016014 eV
Magnetic moment: 1.0924266934797965e-14 Bohr magnetons
Energy: -12.317878539016014 eV
Magnetic moment: 1.0924266934797965e-14 Bohr magnetons
Energy: -12.317878539016014 eV
Magnetic moment: 1.0924266934797965e-14 Bohr magnetons
Energy: -12.317878539016014 eV
Magnetic moment: 1.0924266934797965e-14 Bohr magnetons
Energy: -12.317878539016014 eV
Magnetic moment: 1.0924266934797965e-14 Bohr magnetons
Energy: -12.317878539016014 eV
Magnetic moment: 1.0924266934797965e-14 Bohr magnetons
Energy: -12.317878539016014 eV
Magnetic moment: 1.0924266934797965e-14 Bohr magnetons
Energy: -12.317878539016014 eV
Magnetic moment: 1.0924266934797965e-14 Bohr magnetons
Energy: -12.317878539016014 eV
Magnetic moment: 1.0924266934797965e-14 Bohr magnetons
Energy: -12.317878539016014 eV
Magnetic moment: 1.0924266934797965e-14 Bohr magnetons
Calculating q=[0.0952381 0.0952381 0.       ]
Calculating q=[0.0952381 0.0952381 0.       ]
Calculating q=[0.0952381 0.0952381 0.       ]
Calculating q=[0.0952381 0.0952381 0.       ]
Calculating q=[0.0952381 0.0952381 0.       ]
Calculating q=[0.0952381 0.0952381 0.       ]
Calculating q=[0.0952381 0.0952381 0.       ]
Calculating q=[0.0952381 0.0952381 0.       ]
Calculating q=[0.0952381 0.0952381 0.       ]
Calculating q=[0.0952381 0.0952381 0.       ]
Calculating q=[0.0952381 0.0952381 0.       ]
Calculating q=[0.0952381 0.0952381 0.       ]
Energy: -12.313824836536956 eV
Magnetic moment: 5.480698545424043e-15 Bohr magnetons
Energy: -12.313824836536956 eV
Magnetic moment: 5.480698545424043e-15 Bohr magnetons
Energy: -12.313824836536956 eV
Magnetic moment: 5.480698545424043e-15 Bohr magnetons
Energy: -12.313824836536956 eV
Magnetic moment: 5.480698545424043e-15 Bohr magnetons
Energy: -12.313824836536956 eV
Magnetic moment: 5.480698545424043e-15 Bohr magnetons
Energy: -12.313824836536956 eV
Magnetic moment: 5.480698545424043e-15 Bohr magnetons
Energy: -12.313824836536956 eV
Magnetic moment: 5.480698545424043e-15 Bohr magnetons
Energy: -12.313824836536956 eV
Magnetic moment: 5.480698545424043e-15 Bohr magnetons
Energy: -12.313824836536956 eV
Magnetic moment: 5.480698545424043e-15 Bohr magnetons
Energy: -12.313824836536956 eV
Magnetic moment: 5.480698545424043e-15 Bohr magnetons
Energy: -12.313824836536956 eV
Magnetic moment: 5.480698545424043e-15 Bohr magnetons
Calculating q=[0.07142857 0.07142857 0.        ]
Calculating q=[0.07142857 0.07142857 0.        ]
Calculating q=[0.07142857 0.07142857 0.        ]
Calculating q=[0.07142857 0.07142857 0.        ]
Calculating q=[0.07142857 0.07142857 0.        ]
Energy: -12.313824836536956 eV
Magnetic moment: 5.480698545424043e-15 Bohr magnetons
Calculating q=[0.07142857 0.07142857 0.        ]
Calculating q=[0.07142857 0.07142857 0.        ]
Calculating q=[0.07142857 0.07142857 0.        ]
Calculating q=[0.07142857 0.07142857 0.        ]
Calculating q=[0.07142857 0.07142857 0.        ]
Calculating q=[0.07142857 0.07142857 0.        ]
Calculating q=[0.07142857 0.07142857 0.        ]
Energy: -12.306703102490108 eV
Magnetic moment: 8.093445331197379e-15 Bohr magnetons
Energy: -12.306703102490108 eV
Magnetic moment: 8.093445331197379e-15 Bohr magnetons
Energy: -12.306703102490108 eV
Magnetic moment: 8.093445331197379e-15 Bohr magnetons
Energy: -12.306703102490108 eV
Magnetic moment: 8.093445331197379e-15 Bohr magnetons
Energy: -12.306703102490108 eV
Magnetic moment: 8.093445331197379e-15 Bohr magnetons
Energy: -12.306703102490108 eV
Magnetic moment: 8.093445331197379e-15 Bohr magnetons
Energy: -12.306703102490108 eV
Magnetic moment: 8.093445331197379e-15 Bohr magnetons
Energy: -12.306703102490108 eV
Magnetic moment: 8.093445331197379e-15 Bohr magnetons
Energy: -12.306703102490108 eV
Magnetic moment: 8.093445331197379e-15 Bohr magnetons
Energy: -12.306703102490108 eV
Magnetic moment: 8.093445331197379e-15 Bohr magnetons
Energy: -12.306703102490108 eV
Magnetic moment: 8.093445331197379e-15 Bohr magnetons
Calculating q=[0.04761905 0.04761905 0.        ]
Calculating q=[0.04761905 0.04761905 0.        ]
Calculating q=[0.04761905 0.04761905 0.        ]
Calculating q=[0.04761905 0.04761905 0.        ]
Calculating q=[0.04761905 0.04761905 0.        ]
Calculating q=[0.04761905 0.04761905 0.        ]
Energy: -12.306703102490108 eV
Magnetic moment: 8.093445331197379e-15 Bohr magnetons
Calculating q=[0.04761905 0.04761905 0.        ]
Calculating q=[0.04761905 0.04761905 0.        ]
Calculating q=[0.04761905 0.04761905 0.        ]
Calculating q=[0.04761905 0.04761905 0.        ]
Calculating q=[0.04761905 0.04761905 0.        ]
Calculating q=[0.04761905 0.04761905 0.        ]
Energy: -12.298601800068187 eV
Magnetic moment: 2.2364562291101902e-14 Bohr magnetons
Energy: -12.298601800068187 eV
Magnetic moment: 2.2364562291101902e-14 Bohr magnetons
Energy: -12.298601800068187 eV
Magnetic moment: 2.2364562291101902e-14 Bohr magnetons
Energy: -12.298601800068187 eV
Magnetic moment: 2.2364562291101902e-14 Bohr magnetons
Energy: -12.298601800068187 eV
Magnetic moment: 2.2364562291101902e-14 Bohr magnetons
Energy: -12.298601800068187 eV
Magnetic moment: 2.2364562291101902e-14 Bohr magnetons
Energy: -12.298601800068187 eV
Magnetic moment: 2.2364562291101902e-14 Bohr magnetons
Energy: -12.298601800068187 eV
Magnetic moment: 2.2364562291101902e-14 Bohr magnetons
Energy: -12.298601800068187 eV
Magnetic moment: 2.2364562291101902e-14 Bohr magnetons
Energy: -12.298601800068187 eV
Magnetic moment: 2.2364562291101902e-14 Bohr magnetons
Energy: -12.298601800068187 eV
Magnetic moment: 2.2364562291101902e-14 Bohr magnetons
Energy: -12.298601800068187 eV
Magnetic moment: 2.2364562291101902e-14 Bohr magnetons
Calculating q=[0.02380952 0.02380952 0.        ]
Calculating q=[0.02380952 0.02380952 0.        ]
Calculating q=[0.02380952 0.02380952 0.        ]
Calculating q=[0.02380952 0.02380952 0.        ]
Calculating q=[0.02380952 0.02380952 0.        ]
Calculating q=[0.02380952 0.02380952 0.        ]
Calculating q=[0.02380952 0.02380952 0.        ]
Calculating q=[0.02380952 0.02380952 0.        ]
Calculating q=[0.02380952 0.02380952 0.        ]
Calculating q=[0.02380952 0.02380952 0.        ]
Calculating q=[0.02380952 0.02380952 0.        ]
Calculating q=[0.02380952 0.02380952 0.        ]
Energy: -12.292469568802762 eV
Magnetic moment: -5.072030252501928e-16 Bohr magnetons
Energy: -12.292469568802762 eV
Magnetic moment: -5.072030252501928e-16 Bohr magnetons
Energy: -12.292469568802762 eV
Magnetic moment: -5.072030252501928e-16 Bohr magnetons
Energy: -12.292469568802762 eV
Magnetic moment: -5.072030252501928e-16 Bohr magnetons
Energy: -12.292469568802762 eV
Magnetic moment: -5.072030252501928e-16 Bohr magnetons
Energy: -12.292469568802762 eV
Magnetic moment: -5.072030252501928e-16 Bohr magnetons
Energy: -12.292469568802762 eV
Magnetic moment: -5.072030252501928e-16 Bohr magnetons
Energy: -12.292469568802762 eV
Magnetic moment: -5.072030252501928e-16 Bohr magnetons
Energy: -12.292469568802762 eV
Magnetic moment: -5.072030252501928e-16 Bohr magnetons
Energy: -12.292469568802762 eV
Magnetic moment: -5.072030252501928e-16 Bohr magnetons
Energy: -12.292469568802762 eV
Magnetic moment: -5.072030252501928e-16 Bohr magnetons
Calculating q=[0. 0. 0.]
Energy: -12.292469568802762 eV
Magnetic moment: -5.072030252501928e-16 Bohr magnetons
Calculating q=[0. 0. 0.]
Calculating q=[0. 0. 0.]
Calculating q=[0. 0. 0.]
Calculating q=[0. 0. 0.]
Calculating q=[0. 0. 0.]
Calculating q=[0. 0. 0.]
Calculating q=[0. 0. 0.]
Calculating q=[0. 0. 0.]
Calculating q=[0. 0. 0.]
Calculating q=[0. 0. 0.]
Calculating q=[0. 0. 0.]
Energy: -12.289962845039245 eV
Magnetic moment: -1.1206030795772731e-08 Bohr magnetons
Energy: -12.289962845039245 eV
Magnetic moment: -1.1206030795772731e-08 Bohr magnetons
Energy: -12.289962845039245 eV
Magnetic moment: -1.1206030795772731e-08 Bohr magnetons
Energy: -12.289962845039245 eV
Magnetic moment: -1.1206030795772731e-08 Bohr magnetons
Energy: -12.289962845039245 eV
Magnetic moment: -1.1206030795772731e-08 Bohr magnetons
Energy: -12.289962845039245 eV
Magnetic moment: -1.1206030795772731e-08 Bohr magnetons
Energy: -12.289962845039245 eV
Magnetic moment: -1.1206030795772731e-08 Bohr magnetons
Energy: -12.289962845039245 eV
Magnetic moment: -1.1206030795772731e-08 Bohr magnetons
Energy: -12.289962845039245 eV
Magnetic moment: -1.1206030795772731e-08 Bohr magnetons
Energy: -12.289962845039245 eV
Magnetic moment: -1.1206030795772731e-08 Bohr magnetons
Energy: -12.289962845039245 eV
Magnetic moment: -1.1206030795772731e-08 Bohr magnetons
Energy: -12.289962845039245 eV
Magnetic moment: -1.1206030795772731e-08 Bohr magnetons

------------------------------------------------------------
Sender: LSF System <lsfadmin@hpc.dtu.dk>
Subject: Job 21540927: <plot_9.py> in cluster <dcc> Done

Job <plot_9.py> was submitted from host <n-62-27-22> by user <s194113> in cluster <dcc> at Mon Apr 22 12:38:19 2024
Job was executed on host(s) <12*n-62-28-22>, in queue <hpc>, as user <s194113> in cluster <dcc> at Tue Apr 23 00:49:13 2024
</zhome/87/8/147075> was used as the home directory.
</zhome/87/8/147075/10302/10302_NM/NiI2/E_con> was used as the working directory.
Started at Tue Apr 23 00:49:13 2024
Terminated at Tue Apr 23 11:35:33 2024
Results reported at Tue Apr 23 11:35:33 2024

Your job looked like:

------------------------------------------------------------
# LSBATCH: User input
#!/bin/bash -l
id=$LSB_JOBID
mq=/zhome/87/8/147075/.myqueue/lsf-$id
source /zhome/87/8/147075/venv-name/bin/activate
echo "venv: /zhome/87/8/147075/venv-name/bin/activate"
(touch $mq-0 && \
 cd '/zhome/87/8/147075/10302/10302_NM/NiI2/E_con' && \
 mpiexec python3 plot_9.py && \
 touch $mq-1) || \
(touch $mq-2; exit 1)

------------------------------------------------------------

Successfully completed.

Resource usage summary:

    CPU time :                                   465280.41 sec.
    Max Memory :                                 18796 MB
    Average Memory :                             14669.25 MB
    Total Requested Memory :                     73728.00 MB
    Delta Memory :                               54932.00 MB
    Max Swap :                                   -
    Max Processes :                              17
    Max Threads :                                57
    Run time :                                   38853 sec.
    Turnaround time :                            82634 sec.

The output (if any) is above this job summary.



PS:

Read file </zhome/87/8/147075/10302/10302_NM/NiI2/E_con/plot_9.py.21540927.err> for stderr output of this job.

