venv: /zhome/87/8/147075/venv-name/bin/activate
[1713819766.381960] [n-62-28-17:5382 :0]          ib_md.c:1063 UCX  WARN  IB: ibv_fork_init() was disabled or failed, yet a fork() has been issued.
[1713819766.381998] [n-62-28-17:5382 :0]          ib_md.c:1064 UCX  WARN  IB: data corruption might occur when using registered memory.
[1713819766.382049] [n-62-28-17:5381 :0]          ib_md.c:1063 UCX  WARN  IB: ibv_fork_init() was disabled or failed, yet a fork() has been issued.
[1713819766.382076] [n-62-28-17:5381 :0]          ib_md.c:1064 UCX  WARN  IB: data corruption might occur when using registered memory.
[1713819766.390443] [n-62-28-17:5376 :0]          ib_md.c:1063 UCX  WARN  IB: ibv_fork_init() was disabled or failed, yet a fork() has been issued.
[1713819766.390484] [n-62-28-17:5376 :0]          ib_md.c:1064 UCX  WARN  IB: data corruption might occur when using registered memory.
[1713819766.390472] [n-62-28-17:5372 :0]          ib_md.c:1063 UCX  WARN  IB: ibv_fork_init() was disabled or failed, yet a fork() has been issued.
[1713819766.390508] [n-62-28-17:5372 :0]          ib_md.c:1064 UCX  WARN  IB: data corruption might occur when using registered memory.
[1713819766.391162] [n-62-28-17:5370 :0]          ib_md.c:1063 UCX  WARN  IB: ibv_fork_init() was disabled or failed, yet a fork() has been issued.
[1713819766.391265] [n-62-28-17:5370 :0]          ib_md.c:1064 UCX  WARN  IB: data corruption might occur when using registered memory.
[1713819766.391360] [n-62-28-17:5374 :0]          ib_md.c:1063 UCX  WARN  IB: ibv_fork_init() was disabled or failed, yet a fork() has been issued.
[1713819766.391436] [n-62-28-17:5374 :0]          ib_md.c:1064 UCX  WARN  IB: data corruption might occur when using registered memory.
[1713819766.391866] [n-62-28-17:5373 :0]          ib_md.c:1063 UCX  WARN  IB: ibv_fork_init() was disabled or failed, yet a fork() has been issued.
[1713819766.391939] [n-62-28-17:5373 :0]          ib_md.c:1064 UCX  WARN  IB: data corruption might occur when using registered memory.
[1713819766.392177] [n-62-28-17:5380 :0]          ib_md.c:1063 UCX  WARN  IB: ibv_fork_init() was disabled or failed, yet a fork() has been issued.
[1713819766.392254] [n-62-28-17:5380 :0]          ib_md.c:1064 UCX  WARN  IB: data corruption might occur when using registered memory.
[1713819766.392560] [n-62-28-17:5375 :0]          ib_md.c:1063 UCX  WARN  IB: ibv_fork_init() was disabled or failed, yet a fork() has been issued.
[1713819766.392589] [n-62-28-17:5375 :0]          ib_md.c:1064 UCX  WARN  IB: data corruption might occur when using registered memory.
[1713819766.393090] [n-62-28-17:5371 :0]          ib_md.c:1063 UCX  WARN  IB: ibv_fork_init() was disabled or failed, yet a fork() has been issued.
[1713819766.393102] [n-62-28-17:5378 :0]          ib_md.c:1063 UCX  WARN  IB: ibv_fork_init() was disabled or failed, yet a fork() has been issued.
[1713819766.393143] [n-62-28-17:5378 :0]          ib_md.c:1064 UCX  WARN  IB: data corruption might occur when using registered memory.
[1713819766.393139] [n-62-28-17:5371 :0]          ib_md.c:1064 UCX  WARN  IB: data corruption might occur when using registered memory.
[1713819766.393701] [n-62-28-17:5377 :0]          ib_md.c:1063 UCX  WARN  IB: ibv_fork_init() was disabled or failed, yet a fork() has been issued.
[1713819766.393740] [n-62-28-17:5377 :0]          ib_md.c:1064 UCX  WARN  IB: data corruption might occur when using registered memory.
Calculating ground state
Calculating ground state
31 q-points in the path
=====================================
Calculating ground state
31 q-points in the path
=====================================
31 q-points in the path
=====================================
Calculating ground state
Calculating ground state
31 q-points in the path
=====================================
Calculating ground state
31 q-points in the path
=====================================
Calculating ground state
Calculating ground state
31 q-points in the path
=====================================
Calculating q=[0. 0. 0.]
31 q-points in the path
=====================================
31 q-points in the path
=====================================
Calculating ground state
31 q-points in the path
=====================================
Calculating q=[0. 0. 0.]
Calculating ground state
31 q-points in the path
Calculating q=[0. 0. 0.]
=====================================
Calculating q=[0. 0. 0.]
Calculating q=[0. 0. 0.]
Calculating q=[0. 0. 0.]
Calculating q=[0. 0. 0.]
Calculating q=[0. 0. 0.]
Calculating ground state
31 q-points in the path
Calculating q=[0. 0. 0.]
=====================================
Calculating q=[0. 0. 0.]
Calculating q=[0. 0. 0.]
Calculating ground state
31 q-points in the path
=====================================
Calculating q=[0. 0. 0.]
Energy: -12.09640135917445 eV
Magnetic moment: -1.4718622671829995e-08 Bohr magnetons
Energy: -12.09640135917445 eV
Magnetic moment: -1.4718622671829995e-08 Bohr magnetons
Energy: -12.09640135917445 eV
Magnetic moment: -1.4718622671829995e-08 Bohr magnetons
Energy: -12.09640135917445 eV
Magnetic moment: -1.4718622671829995e-08 Bohr magnetons
Energy: -12.09640135917445 eV
Magnetic moment: -1.4718622671829995e-08 Bohr magnetons
Energy: -12.09640135917445 eV
Magnetic moment: -1.4718622671829995e-08 Bohr magnetons
Energy: -12.09640135917445 eV
Magnetic moment: -1.4718622671829995e-08 Bohr magnetons
Energy: -12.09640135917445 eV
Magnetic moment: -1.4718622671829995e-08 Bohr magnetons
Energy: -12.09640135917445 eV
Magnetic moment: -1.4718622671829995e-08 Bohr magnetons
Energy: -12.09640135917445 eV
Magnetic moment: -1.4718622671829995e-08 Bohr magnetons
Energy: -12.09640135917445 eV
Magnetic moment: -1.4718622671829995e-08 Bohr magnetons
Calculating q=[0.05 0.   0.  ]
Calculating q=[0.05 0.   0.  ]
Energy: -12.09640135917445 eV
Magnetic moment: -1.4718622671829995e-08 Bohr magnetons
Calculating q=[0.05 0.   0.  ]
Calculating q=[0.05 0.   0.  ]
Calculating q=[0.05 0.   0.  ]
Calculating q=[0.05 0.   0.  ]
Calculating q=[0.05 0.   0.  ]
Calculating q=[0.05 0.   0.  ]
Calculating q=[0.05 0.   0.  ]
Calculating q=[0.05 0.   0.  ]
Calculating q=[0.05 0.   0.  ]
Calculating q=[0.05 0.   0.  ]
Energy: -12.100165325111815 eV
Magnetic moment: -1.7127060201461838e-13 Bohr magnetons
Energy: -12.100165325111815 eV
Magnetic moment: -1.7127060201461838e-13 Bohr magnetons
Energy: -12.100165325111815 eV
Magnetic moment: -1.7127060201461838e-13 Bohr magnetons
Energy: -12.100165325111815 eV
Magnetic moment: -1.7127060201461838e-13 Bohr magnetons
Energy: -12.100165325111815 eV
Magnetic moment: -1.7127060201461838e-13 Bohr magnetons
Energy: -12.100165325111815 eV
Magnetic moment: -1.7127060201461838e-13 Bohr magnetons
Energy: -12.100165325111815 eV
Magnetic moment: -1.7127060201461838e-13 Bohr magnetons
Energy: -12.100165325111815 eV
Magnetic moment: -1.7127060201461838e-13 Bohr magnetons
Energy: -12.100165325111815 eV
Magnetic moment: -1.7127060201461838e-13 Bohr magnetons
Energy: -12.100165325111815 eV
Magnetic moment: -1.7127060201461838e-13 Bohr magnetons
Energy: -12.100165325111815 eV
Magnetic moment: -1.7127060201461838e-13 Bohr magnetons
Energy: -12.100165325111815 eV
Magnetic moment: -1.7127060201461838e-13 Bohr magnetons
Calculating q=[0.1 0.  0. ]
Calculating q=[0.1 0.  0. ]
Calculating q=[0.1 0.  0. ]
Calculating q=[0.1 0.  0. ]
Calculating q=[0.1 0.  0. ]
Calculating q=[0.1 0.  0. ]
Calculating q=[0.1 0.  0. ]
Calculating q=[0.1 0.  0. ]
Calculating q=[0.1 0.  0. ]
Calculating q=[0.1 0.  0. ]
Calculating q=[0.1 0.  0. ]
Calculating q=[0.1 0.  0. ]
Energy: -12.10869879174804 eV
Magnetic moment: 1.2107672802632132e-09 Bohr magnetons
Energy: -12.10869879174804 eV
Magnetic moment: 1.2107672802632132e-09 Bohr magnetons
Energy: -12.10869879174804 eV
Magnetic moment: 1.2107672802632132e-09 Bohr magnetons
Energy: -12.10869879174804 eV
Magnetic moment: 1.2107672802632132e-09 Bohr magnetons
Energy: -12.10869879174804 eV
Magnetic moment: 1.2107672802632132e-09 Bohr magnetons
Energy: -12.10869879174804 eV
Magnetic moment: 1.2107672802632132e-09 Bohr magnetons
Energy: -12.10869879174804 eV
Magnetic moment: 1.2107672802632132e-09 Bohr magnetons
Energy: -12.10869879174804 eV
Magnetic moment: 1.2107672802632132e-09 Bohr magnetons
Energy: -12.10869879174804 eV
Magnetic moment: 1.2107672802632132e-09 Bohr magnetons
Energy: -12.10869879174804 eV
Magnetic moment: 1.2107672802632132e-09 Bohr magnetons
Energy: -12.10869879174804 eV
Magnetic moment: 1.2107672802632132e-09 Bohr magnetons
Energy: -12.10869879174804 eV
Magnetic moment: 1.2107672802632132e-09 Bohr magnetons
Calculating q=[0.15 0.   0.  ]
Calculating q=[0.15 0.   0.  ]
Calculating q=[0.15 0.   0.  ]
Calculating q=[0.15 0.   0.  ]
Calculating q=[0.15 0.   0.  ]
Calculating q=[0.15 0.   0.  ]
Calculating q=[0.15 0.   0.  ]
Calculating q=[0.15 0.   0.  ]
Calculating q=[0.15 0.   0.  ]
Calculating q=[0.15 0.   0.  ]
Calculating q=[0.15 0.   0.  ]
Calculating q=[0.15 0.   0.  ]
Energy: -12.118061619090563 eV
Magnetic moment: -1.9374287473970123e-12 Bohr magnetons
Energy: -12.118061619090563 eV
Magnetic moment: -1.9374287473970123e-12 Bohr magnetons
Energy: -12.118061619090563 eV
Magnetic moment: -1.9374287473970123e-12 Bohr magnetons
Energy: -12.118061619090563 eV
Magnetic moment: -1.9374287473970123e-12 Bohr magnetons
Energy: -12.118061619090563 eV
Magnetic moment: -1.9374287473970123e-12 Bohr magnetons
Energy: -12.118061619090563 eV
Magnetic moment: -1.9374287473970123e-12 Bohr magnetons
Energy: -12.118061619090563 eV
Magnetic moment: -1.9374287473970123e-12 Bohr magnetons
Energy: -12.118061619090563 eV
Magnetic moment: -1.9374287473970123e-12 Bohr magnetons
Energy: -12.118061619090563 eV
Magnetic moment: -1.9374287473970123e-12 Bohr magnetons
Energy: -12.118061619090563 eV
Magnetic moment: -1.9374287473970123e-12 Bohr magnetons
Energy: -12.118061619090563 eV
Magnetic moment: -1.9374287473970123e-12 Bohr magnetons
Energy: -12.118061619090563 eV
Magnetic moment: -1.9374287473970123e-12 Bohr magnetons
Calculating q=[0.2 0.  0. ]
Calculating q=[0.2 0.  0. ]
Calculating q=[0.2 0.  0. ]
Calculating q=[0.2 0.  0. ]
Calculating q=[0.2 0.  0. ]
Calculating q=[0.2 0.  0. ]
Calculating q=[0.2 0.  0. ]
Calculating q=[0.2 0.  0. ]
Calculating q=[0.2 0.  0. ]
Calculating q=[0.2 0.  0. ]
Calculating q=[0.2 0.  0. ]
Calculating q=[0.2 0.  0. ]
Energy: -12.122830765888386 eV
Magnetic moment: 2.016676191144669e-13 Bohr magnetons
Energy: -12.122830765888386 eV
Magnetic moment: 2.016676191144669e-13 Bohr magnetons
Energy: -12.122830765888386 eV
Magnetic moment: 2.016676191144669e-13 Bohr magnetons
Energy: -12.122830765888386 eV
Magnetic moment: 2.016676191144669e-13 Bohr magnetons
Energy: -12.122830765888386 eV
Magnetic moment: 2.016676191144669e-13 Bohr magnetons
Energy: -12.122830765888386 eV
Magnetic moment: 2.016676191144669e-13 Bohr magnetons
Energy: -12.122830765888386 eV
Magnetic moment: 2.016676191144669e-13 Bohr magnetons
Energy: -12.122830765888386 eV
Magnetic moment: 2.016676191144669e-13 Bohr magnetons
Energy: -12.122830765888386 eV
Magnetic moment: 2.016676191144669e-13 Bohr magnetons
Energy: -12.122830765888386 eV
Magnetic moment: 2.016676191144669e-13 Bohr magnetons
Energy: -12.122830765888386 eV
Magnetic moment: 2.016676191144669e-13 Bohr magnetons
Energy: -12.122830765888386 eV
Magnetic moment: 2.016676191144669e-13 Bohr magnetons
Calculating q=[0.25 0.   0.  ]
Calculating q=[0.25 0.   0.  ]
Calculating q=[0.25 0.   0.  ]
Calculating q=[0.25 0.   0.  ]
Calculating q=[0.25 0.   0.  ]
Calculating q=[0.25 0.   0.  ]
Calculating q=[0.25 0.   0.  ]
Calculating q=[0.25 0.   0.  ]
Calculating q=[0.25 0.   0.  ]
Calculating q=[0.25 0.   0.  ]
Calculating q=[0.25 0.   0.  ]
Calculating q=[0.25 0.   0.  ]
Energy: -12.119950854721575 eV
Magnetic moment: -3.700851097334357e-09 Bohr magnetons
Energy: -12.119950854721575 eV
Magnetic moment: -3.700851097334357e-09 Bohr magnetons
Energy: -12.119950854721575 eV
Magnetic moment: -3.700851097334357e-09 Bohr magnetons
Energy: -12.119950854721575 eV
Magnetic moment: -3.700851097334357e-09 Bohr magnetons
Energy: -12.119950854721575 eV
Magnetic moment: -3.700851097334357e-09 Bohr magnetons
Energy: -12.119950854721575 eV
Magnetic moment: -3.700851097334357e-09 Bohr magnetons
Energy: -12.119950854721575 eV
Magnetic moment: -3.700851097334357e-09 Bohr magnetons
Energy: -12.119950854721575 eV
Magnetic moment: -3.700851097334357e-09 Bohr magnetons
Energy: -12.119950854721575 eV
Magnetic moment: -3.700851097334357e-09 Bohr magnetons
Energy: -12.119950854721575 eV
Magnetic moment: -3.700851097334357e-09 Bohr magnetons
Energy: -12.119950854721575 eV
Magnetic moment: -3.700851097334357e-09 Bohr magnetons
Energy: -12.119950854721575 eV
Magnetic moment: -3.700851097334357e-09 Bohr magnetons
Calculating q=[0.3 0.  0. ]
Calculating q=[0.3 0.  0. ]
Calculating q=[0.3 0.  0. ]
Calculating q=[0.3 0.  0. ]
Calculating q=[0.3 0.  0. ]
Calculating q=[0.3 0.  0. ]
Calculating q=[0.3 0.  0. ]
Calculating q=[0.3 0.  0. ]
Calculating q=[0.3 0.  0. ]
Calculating q=[0.3 0.  0. ]
Calculating q=[0.3 0.  0. ]
Calculating q=[0.3 0.  0. ]
Energy: -12.109019924665198 eV
Magnetic moment: -8.963065037416492e-14 Bohr magnetons
Energy: -12.109019924665198 eV
Magnetic moment: -8.963065037416492e-14 Bohr magnetons
Energy: -12.109019924665198 eV
Magnetic moment: -8.963065037416492e-14 Bohr magnetons
Energy: -12.109019924665198 eV
Magnetic moment: -8.963065037416492e-14 Bohr magnetons
Energy: -12.109019924665198 eV
Magnetic moment: -8.963065037416492e-14 Bohr magnetons
Energy: -12.109019924665198 eV
Magnetic moment: -8.963065037416492e-14 Bohr magnetons
Energy: -12.109019924665198 eV
Magnetic moment: -8.963065037416492e-14 Bohr magnetons
Energy: -12.109019924665198 eV
Magnetic moment: -8.963065037416492e-14 Bohr magnetons
Energy: -12.109019924665198 eV
Magnetic moment: -8.963065037416492e-14 Bohr magnetons
Energy: -12.109019924665198 eV
Magnetic moment: -8.963065037416492e-14 Bohr magnetons
Energy: -12.109019924665198 eV
Magnetic moment: -8.963065037416492e-14 Bohr magnetons
Energy: -12.109019924665198 eV
Magnetic moment: -8.963065037416492e-14 Bohr magnetons
Calculating q=[0.35 0.   0.  ]
Calculating q=[0.35 0.   0.  ]
Calculating q=[0.35 0.   0.  ]
Calculating q=[0.35 0.   0.  ]
Calculating q=[0.35 0.   0.  ]
Calculating q=[0.35 0.   0.  ]
Calculating q=[0.35 0.   0.  ]
Calculating q=[0.35 0.   0.  ]
Calculating q=[0.35 0.   0.  ]
Calculating q=[0.35 0.   0.  ]
Calculating q=[0.35 0.   0.  ]
Calculating q=[0.35 0.   0.  ]
Energy: -12.092340902773117 eV
Magnetic moment: 8.260164935649501e-14 Bohr magnetons
Energy: -12.092340902773117 eV
Magnetic moment: 8.260164935649501e-14 Bohr magnetons
Energy: -12.092340902773117 eV
Magnetic moment: 8.260164935649501e-14 Bohr magnetons
Energy: -12.092340902773117 eV
Magnetic moment: 8.260164935649501e-14 Bohr magnetons
Energy: -12.092340902773117 eV
Magnetic moment: 8.260164935649501e-14 Bohr magnetons
Energy: -12.092340902773117 eV
Magnetic moment: 8.260164935649501e-14 Bohr magnetons
Energy: -12.092340902773117 eV
Magnetic moment: 8.260164935649501e-14 Bohr magnetons
Energy: -12.092340902773117 eV
Magnetic moment: 8.260164935649501e-14 Bohr magnetons
Energy: -12.092340902773117 eV
Magnetic moment: 8.260164935649501e-14 Bohr magnetons
Energy: -12.092340902773117 eV
Magnetic moment: 8.260164935649501e-14 Bohr magnetons
Energy: -12.092340902773117 eV
Magnetic moment: 8.260164935649501e-14 Bohr magnetons
Energy: -12.092340902773117 eV
Magnetic moment: 8.260164935649501e-14 Bohr magnetons
Calculating q=[0.4 0.  0. ]
Calculating q=[0.4 0.  0. ]
Calculating q=[0.4 0.  0. ]
Calculating q=[0.4 0.  0. ]
Calculating q=[0.4 0.  0. ]
Calculating q=[0.4 0.  0. ]
Calculating q=[0.4 0.  0. ]
Calculating q=[0.4 0.  0. ]
Calculating q=[0.4 0.  0. ]
Calculating q=[0.4 0.  0. ]
Calculating q=[0.4 0.  0. ]
Calculating q=[0.4 0.  0. ]
Energy: -12.074539115947942 eV
Magnetic moment: -3.623336236350556e-14 Bohr magnetons
Energy: -12.074539115947942 eV
Magnetic moment: -3.623336236350556e-14 Bohr magnetons
Energy: -12.074539115947942 eV
Magnetic moment: -3.623336236350556e-14 Bohr magnetons
Energy: -12.074539115947942 eV
Magnetic moment: -3.623336236350556e-14 Bohr magnetons
Energy: -12.074539115947942 eV
Magnetic moment: -3.623336236350556e-14 Bohr magnetons
Energy: -12.074539115947942 eV
Magnetic moment: -3.623336236350556e-14 Bohr magnetons
Energy: -12.074539115947942 eV
Magnetic moment: -3.623336236350556e-14 Bohr magnetons
Energy: -12.074539115947942 eV
Magnetic moment: -3.623336236350556e-14 Bohr magnetons
Energy: -12.074539115947942 eV
Magnetic moment: -3.623336236350556e-14 Bohr magnetons
Energy: -12.074539115947942 eV
Magnetic moment: -3.623336236350556e-14 Bohr magnetons
Energy: -12.074539115947942 eV
Magnetic moment: -3.623336236350556e-14 Bohr magnetons
Energy: -12.074539115947942 eV
Magnetic moment: -3.623336236350556e-14 Bohr magnetons
Calculating q=[0.45 0.   0.  ]
Calculating q=[0.45 0.   0.  ]
Calculating q=[0.45 0.   0.  ]
Calculating q=[0.45 0.   0.  ]
Calculating q=[0.45 0.   0.  ]
Calculating q=[0.45 0.   0.  ]
Calculating q=[0.45 0.   0.  ]
Calculating q=[0.45 0.   0.  ]
Calculating q=[0.45 0.   0.  ]
Calculating q=[0.45 0.   0.  ]
Calculating q=[0.45 0.   0.  ]
Calculating q=[0.45 0.   0.  ]
Energy: -12.06120343234715 eV
Magnetic moment: -2.7678816322305165e-13 Bohr magnetons
Energy: -12.06120343234715 eV
Magnetic moment: -2.7678816322305165e-13 Bohr magnetons
Energy: -12.06120343234715 eV
Magnetic moment: -2.7678816322305165e-13 Bohr magnetons
Energy: -12.06120343234715 eV
Magnetic moment: -2.7678816322305165e-13 Bohr magnetons
Energy: -12.06120343234715 eV
Magnetic moment: -2.7678816322305165e-13 Bohr magnetons
Energy: -12.06120343234715 eV
Magnetic moment: -2.7678816322305165e-13 Bohr magnetons
Energy: -12.06120343234715 eV
Magnetic moment: -2.7678816322305165e-13 Bohr magnetons
Energy: -12.06120343234715 eV
Magnetic moment: -2.7678816322305165e-13 Bohr magnetons
Energy: -12.06120343234715 eV
Magnetic moment: -2.7678816322305165e-13 Bohr magnetons
Energy: -12.06120343234715 eV
Magnetic moment: -2.7678816322305165e-13 Bohr magnetons
Energy: -12.06120343234715 eV
Magnetic moment: -2.7678816322305165e-13 Bohr magnetons
Energy: -12.06120343234715 eV
Magnetic moment: -2.7678816322305165e-13 Bohr magnetons
Calculating q=[0.5 0.  0. ]
Calculating q=[0.5 0.  0. ]
Calculating q=[0.5 0.  0. ]
Calculating q=[0.5 0.  0. ]
Calculating q=[0.5 0.  0. ]
Calculating q=[0.5 0.  0. ]
Calculating q=[0.5 0.  0. ]
Calculating q=[0.5 0.  0. ]
Calculating q=[0.5 0.  0. ]
Calculating q=[0.5 0.  0. ]
Calculating q=[0.5 0.  0. ]
Calculating q=[0.5 0.  0. ]
Energy: -12.056096169538623 eV
Magnetic moment: -4.2778495238627723e-10 Bohr magnetons
Energy: -12.056096169538623 eV
Magnetic moment: -4.2778495238627723e-10 Bohr magnetons
Energy: -12.056096169538623 eV
Magnetic moment: -4.2778495238627723e-10 Bohr magnetons
Energy: -12.056096169538623 eV
Magnetic moment: -4.2778495238627723e-10 Bohr magnetons
Energy: -12.056096169538623 eV
Magnetic moment: -4.2778495238627723e-10 Bohr magnetons
Energy: -12.056096169538623 eV
Magnetic moment: -4.2778495238627723e-10 Bohr magnetons
Energy: -12.056096169538623 eV
Magnetic moment: -4.2778495238627723e-10 Bohr magnetons
Energy: -12.056096169538623 eV
Magnetic moment: -4.2778495238627723e-10 Bohr magnetons
Energy: -12.056096169538623 eV
Magnetic moment: -4.2778495238627723e-10 Bohr magnetons
Energy: -12.056096169538623 eV
Magnetic moment: -4.2778495238627723e-10 Bohr magnetons
Energy: -12.056096169538623 eV
Magnetic moment: -4.2778495238627723e-10 Bohr magnetons
Energy: -12.056096169538623 eV
Magnetic moment: -4.2778495238627723e-10 Bohr magnetons
Calculating q=[0.47222222 0.05555556 0.        ]
Calculating q=[0.47222222 0.05555556 0.        ]
Calculating q=[0.47222222 0.05555556 0.        ]
Calculating q=[0.47222222 0.05555556 0.        ]
Calculating q=[0.47222222 0.05555556 0.        ]
Calculating q=[0.47222222 0.05555556 0.        ]
Calculating q=[0.47222222 0.05555556 0.        ]
Calculating q=[0.47222222 0.05555556 0.        ]
Calculating q=[0.47222222 0.05555556 0.        ]
Calculating q=[0.47222222 0.05555556 0.        ]
Calculating q=[0.47222222 0.05555556 0.        ]
Calculating q=[0.47222222 0.05555556 0.        ]
Energy: -12.059776665751661 eV
Magnetic moment: 2.522410841420841e-13 Bohr magnetons
Energy: -12.059776665751661 eV
Magnetic moment: 2.522410841420841e-13 Bohr magnetons
Energy: -12.059776665751661 eV
Magnetic moment: 2.522410841420841e-13 Bohr magnetons
Energy: -12.059776665751661 eV
Magnetic moment: 2.522410841420841e-13 Bohr magnetons
Energy: -12.059776665751661 eV
Magnetic moment: 2.522410841420841e-13 Bohr magnetons
Energy: -12.059776665751661 eV
Magnetic moment: 2.522410841420841e-13 Bohr magnetons
Energy: -12.059776665751661 eV
Magnetic moment: 2.522410841420841e-13 Bohr magnetons
Energy: -12.059776665751661 eV
Magnetic moment: 2.522410841420841e-13 Bohr magnetons
Energy: -12.059776665751661 eV
Magnetic moment: 2.522410841420841e-13 Bohr magnetons
Energy: -12.059776665751661 eV
Magnetic moment: 2.522410841420841e-13 Bohr magnetons
Energy: -12.059776665751661 eV
Magnetic moment: 2.522410841420841e-13 Bohr magnetons
Energy: -12.059776665751661 eV
Magnetic moment: 2.522410841420841e-13 Bohr magnetons
Calculating q=[0.44444444 0.11111111 0.        ]
Calculating q=[0.44444444 0.11111111 0.        ]
Calculating q=[0.44444444 0.11111111 0.        ]
Calculating q=[0.44444444 0.11111111 0.        ]
Calculating q=[0.44444444 0.11111111 0.        ]
Calculating q=[0.44444444 0.11111111 0.        ]
Calculating q=[0.44444444 0.11111111 0.        ]
Calculating q=[0.44444444 0.11111111 0.        ]
Calculating q=[0.44444444 0.11111111 0.        ]
Calculating q=[0.44444444 0.11111111 0.        ]
Calculating q=[0.44444444 0.11111111 0.        ]
Calculating q=[0.44444444 0.11111111 0.        ]
Energy: -12.069588039010782 eV
Magnetic moment: 4.659477218494935e-14 Bohr magnetons
Energy: -12.069588039010782 eV
Magnetic moment: 4.659477218494935e-14 Bohr magnetons
Energy: -12.069588039010782 eV
Magnetic moment: 4.659477218494935e-14 Bohr magnetons
Energy: -12.069588039010782 eV
Magnetic moment: 4.659477218494935e-14 Bohr magnetons
Energy: -12.069588039010782 eV
Magnetic moment: 4.659477218494935e-14 Bohr magnetons
Energy: -12.069588039010782 eV
Magnetic moment: 4.659477218494935e-14 Bohr magnetons
Energy: -12.069588039010782 eV
Magnetic moment: 4.659477218494935e-14 Bohr magnetons
Energy: -12.069588039010782 eV
Magnetic moment: 4.659477218494935e-14 Bohr magnetons
Energy: -12.069588039010782 eV
Magnetic moment: 4.659477218494935e-14 Bohr magnetons
Energy: -12.069588039010782 eV
Magnetic moment: 4.659477218494935e-14 Bohr magnetons
Energy: -12.069588039010782 eV
Magnetic moment: 4.659477218494935e-14 Bohr magnetons
Energy: -12.069588039010782 eV
Magnetic moment: 4.659477218494935e-14 Bohr magnetons
Calculating q=[0.41666667 0.16666667 0.        ]
Calculating q=[0.41666667 0.16666667 0.        ]
Calculating q=[0.41666667 0.16666667 0.        ]
Calculating q=[0.41666667 0.16666667 0.        ]
Calculating q=[0.41666667 0.16666667 0.        ]
Calculating q=[0.41666667 0.16666667 0.        ]
Calculating q=[0.41666667 0.16666667 0.        ]
Calculating q=[0.41666667 0.16666667 0.        ]
Calculating q=[0.41666667 0.16666667 0.        ]
Calculating q=[0.41666667 0.16666667 0.        ]
Calculating q=[0.41666667 0.16666667 0.        ]
Calculating q=[0.41666667 0.16666667 0.        ]
Energy: -12.082068179257389 eV
Magnetic moment: 7.321213396620804e-15 Bohr magnetons
Energy: -12.082068179257389 eV
Magnetic moment: 7.321213396620804e-15 Bohr magnetons
Energy: -12.082068179257389 eV
Magnetic moment: 7.321213396620804e-15 Bohr magnetons
Energy: -12.082068179257389 eV
Magnetic moment: 7.321213396620804e-15 Bohr magnetons
Energy: -12.082068179257389 eV
Magnetic moment: 7.321213396620804e-15 Bohr magnetons
Energy: -12.082068179257389 eV
Magnetic moment: 7.321213396620804e-15 Bohr magnetons
Energy: -12.082068179257389 eV
Magnetic moment: 7.321213396620804e-15 Bohr magnetons
Energy: -12.082068179257389 eV
Magnetic moment: 7.321213396620804e-15 Bohr magnetons
Energy: -12.082068179257389 eV
Magnetic moment: 7.321213396620804e-15 Bohr magnetons
Energy: -12.082068179257389 eV
Magnetic moment: 7.321213396620804e-15 Bohr magnetons
Energy: -12.082068179257389 eV
Magnetic moment: 7.321213396620804e-15 Bohr magnetons
Energy: -12.082068179257389 eV
Magnetic moment: 7.321213396620804e-15 Bohr magnetons
Calculating q=[0.38888889 0.22222222 0.        ]
Calculating q=[0.38888889 0.22222222 0.        ]
Calculating q=[0.38888889 0.22222222 0.        ]
Calculating q=[0.38888889 0.22222222 0.        ]
Calculating q=[0.38888889 0.22222222 0.        ]
Calculating q=[0.38888889 0.22222222 0.        ]
Calculating q=[0.38888889 0.22222222 0.        ]
Calculating q=[0.38888889 0.22222222 0.        ]
Calculating q=[0.38888889 0.22222222 0.        ]
Calculating q=[0.38888889 0.22222222 0.        ]
Calculating q=[0.38888889 0.22222222 0.        ]
Calculating q=[0.38888889 0.22222222 0.        ]
Energy: -12.09276808167664 eV
Magnetic moment: 1.1682994949834097e-13 Bohr magnetons
Energy: -12.09276808167664 eV
Magnetic moment: 1.1682994949834097e-13 Bohr magnetons
Energy: -12.09276808167664 eV
Magnetic moment: 1.1682994949834097e-13 Bohr magnetons
Energy: -12.09276808167664 eV
Magnetic moment: 1.1682994949834097e-13 Bohr magnetons
Energy: -12.09276808167664 eV
Magnetic moment: 1.1682994949834097e-13 Bohr magnetons
Energy: -12.09276808167664 eV
Magnetic moment: 1.1682994949834097e-13 Bohr magnetons
Energy: -12.09276808167664 eV
Magnetic moment: 1.1682994949834097e-13 Bohr magnetons
Energy: -12.09276808167664 eV
Magnetic moment: 1.1682994949834097e-13 Bohr magnetons
Energy: -12.09276808167664 eV
Magnetic moment: 1.1682994949834097e-13 Bohr magnetons
Energy: -12.09276808167664 eV
Magnetic moment: 1.1682994949834097e-13 Bohr magnetons
Energy: -12.09276808167664 eV
Magnetic moment: 1.1682994949834097e-13 Bohr magnetons
Energy: -12.09276808167664 eV
Magnetic moment: 1.1682994949834097e-13 Bohr magnetons
Calculating q=[0.36111111 0.27777778 0.        ]
Calculating q=[0.36111111 0.27777778 0.        ]
Calculating q=[0.36111111 0.27777778 0.        ]
Calculating q=[0.36111111 0.27777778 0.        ]
Calculating q=[0.36111111 0.27777778 0.        ]
Calculating q=[0.36111111 0.27777778 0.        ]
Calculating q=[0.36111111 0.27777778 0.        ]
Calculating q=[0.36111111 0.27777778 0.        ]
Calculating q=[0.36111111 0.27777778 0.        ]
Calculating q=[0.36111111 0.27777778 0.        ]
Calculating q=[0.36111111 0.27777778 0.        ]
Calculating q=[0.36111111 0.27777778 0.        ]
Energy: -12.098898283805655 eV
Magnetic moment: -1.677207377615198e-14 Bohr magnetons
Energy: -12.098898283805655 eV
Magnetic moment: -1.677207377615198e-14 Bohr magnetons
Energy: -12.098898283805655 eV
Magnetic moment: -1.677207377615198e-14 Bohr magnetons
Energy: -12.098898283805655 eV
Magnetic moment: -1.677207377615198e-14 Bohr magnetons
Energy: -12.098898283805655 eV
Magnetic moment: -1.677207377615198e-14 Bohr magnetons
Energy: -12.098898283805655 eV
Magnetic moment: -1.677207377615198e-14 Bohr magnetons
Energy: -12.098898283805655 eV
Magnetic moment: -1.677207377615198e-14 Bohr magnetons
Energy: -12.098898283805655 eV
Magnetic moment: -1.677207377615198e-14 Bohr magnetons
Energy: -12.098898283805655 eV
Magnetic moment: -1.677207377615198e-14 Bohr magnetons
Energy: -12.098898283805655 eV
Magnetic moment: -1.677207377615198e-14 Bohr magnetons
Energy: -12.098898283805655 eV
Magnetic moment: -1.677207377615198e-14 Bohr magnetons
Energy: -12.098898283805655 eV
Magnetic moment: -1.677207377615198e-14 Bohr magnetons
Calculating q=[0.33333333 0.33333333 0.        ]
Calculating q=[0.33333333 0.33333333 0.        ]
Calculating q=[0.33333333 0.33333333 0.        ]
Calculating q=[0.33333333 0.33333333 0.        ]
Calculating q=[0.33333333 0.33333333 0.        ]
Calculating q=[0.33333333 0.33333333 0.        ]
Calculating q=[0.33333333 0.33333333 0.        ]
Calculating q=[0.33333333 0.33333333 0.        ]
Calculating q=[0.33333333 0.33333333 0.        ]
Calculating q=[0.33333333 0.33333333 0.        ]
Calculating q=[0.33333333 0.33333333 0.        ]
Calculating q=[0.33333333 0.33333333 0.        ]
Energy: -12.10048782175576 eV
Magnetic moment: -7.351991544155976e-13 Bohr magnetons
Energy: -12.10048782175576 eV
Magnetic moment: -7.351991544155976e-13 Bohr magnetons
Energy: -12.10048782175576 eV
Magnetic moment: -7.351991544155976e-13 Bohr magnetons
Energy: -12.10048782175576 eV
Magnetic moment: -7.351991544155976e-13 Bohr magnetons
Energy: -12.10048782175576 eV
Magnetic moment: -7.351991544155976e-13 Bohr magnetons
Energy: -12.10048782175576 eV
Magnetic moment: -7.351991544155976e-13 Bohr magnetons
Energy: -12.10048782175576 eV
Magnetic moment: -7.351991544155976e-13 Bohr magnetons
Energy: -12.10048782175576 eV
Magnetic moment: -7.351991544155976e-13 Bohr magnetons
Energy: -12.10048782175576 eV
Magnetic moment: -7.351991544155976e-13 Bohr magnetons
Energy: -12.10048782175576 eV
Magnetic moment: -7.351991544155976e-13 Bohr magnetons
Energy: -12.10048782175576 eV
Magnetic moment: -7.351991544155976e-13 Bohr magnetons
Energy: -12.10048782175576 eV
Magnetic moment: -7.351991544155976e-13 Bohr magnetons
Calculating q=[0.30952381 0.30952381 0.        ]
Calculating q=[0.30952381 0.30952381 0.        ]
Calculating q=[0.30952381 0.30952381 0.        ]
Calculating q=[0.30952381 0.30952381 0.        ]
Calculating q=[0.30952381 0.30952381 0.        ]
Calculating q=[0.30952381 0.30952381 0.        ]
Calculating q=[0.30952381 0.30952381 0.        ]
Calculating q=[0.30952381 0.30952381 0.        ]
Calculating q=[0.30952381 0.30952381 0.        ]
Calculating q=[0.30952381 0.30952381 0.        ]
Calculating q=[0.30952381 0.30952381 0.        ]
Calculating q=[0.30952381 0.30952381 0.        ]
Energy: -12.100074993972385 eV
Magnetic moment: 2.2734368530613668e-13 Bohr magnetons
Energy: -12.100074993972385 eV
Magnetic moment: 2.2734368530613668e-13 Bohr magnetons
Energy: -12.100074993972385 eV
Magnetic moment: 2.2734368530613668e-13 Bohr magnetons
Energy: -12.100074993972385 eV
Magnetic moment: 2.2734368530613668e-13 Bohr magnetons
Energy: -12.100074993972385 eV
Magnetic moment: 2.2734368530613668e-13 Bohr magnetons
Energy: -12.100074993972385 eV
Magnetic moment: 2.2734368530613668e-13 Bohr magnetons
Energy: -12.100074993972385 eV
Magnetic moment: 2.2734368530613668e-13 Bohr magnetons
Energy: -12.100074993972385 eV
Magnetic moment: 2.2734368530613668e-13 Bohr magnetons
Energy: -12.100074993972385 eV
Magnetic moment: 2.2734368530613668e-13 Bohr magnetons
Energy: -12.100074993972385 eV
Magnetic moment: 2.2734368530613668e-13 Bohr magnetons
Energy: -12.100074993972385 eV
Magnetic moment: 2.2734368530613668e-13 Bohr magnetons
Energy: -12.100074993972385 eV
Magnetic moment: 2.2734368530613668e-13 Bohr magnetons
Calculating q=[0.28571429 0.28571429 0.        ]
Calculating q=[0.28571429 0.28571429 0.        ]
Calculating q=[0.28571429 0.28571429 0.        ]
Calculating q=[0.28571429 0.28571429 0.        ]
Calculating q=[0.28571429 0.28571429 0.        ]
Calculating q=[0.28571429 0.28571429 0.        ]
Calculating q=[0.28571429 0.28571429 0.        ]
Calculating q=[0.28571429 0.28571429 0.        ]
Calculating q=[0.28571429 0.28571429 0.        ]
Calculating q=[0.28571429 0.28571429 0.        ]
Calculating q=[0.28571429 0.28571429 0.        ]
Calculating q=[0.28571429 0.28571429 0.        ]
Energy: -12.099520592505709 eV
Magnetic moment: 5.215516078996541e-13 Bohr magnetons
Energy: -12.099520592505709 eV
Magnetic moment: 5.215516078996541e-13 Bohr magnetons
Energy: -12.099520592505709 eV
Magnetic moment: 5.215516078996541e-13 Bohr magnetons
Energy: -12.099520592505709 eV
Magnetic moment: 5.215516078996541e-13 Bohr magnetons
Energy: -12.099520592505709 eV
Magnetic moment: 5.215516078996541e-13 Bohr magnetons
Energy: -12.099520592505709 eV
Magnetic moment: 5.215516078996541e-13 Bohr magnetons
Energy: -12.099520592505709 eV
Magnetic moment: 5.215516078996541e-13 Bohr magnetons
Energy: -12.099520592505709 eV
Magnetic moment: 5.215516078996541e-13 Bohr magnetons
Energy: -12.099520592505709 eV
Magnetic moment: 5.215516078996541e-13 Bohr magnetons
Energy: -12.099520592505709 eV
Magnetic moment: 5.215516078996541e-13 Bohr magnetons
Energy: -12.099520592505709 eV
Magnetic moment: 5.215516078996541e-13 Bohr magnetons
Energy: -12.099520592505709 eV
Magnetic moment: 5.215516078996541e-13 Bohr magnetons
Calculating q=[0.26190476 0.26190476 0.        ]
Calculating q=[0.26190476 0.26190476 0.        ]
Calculating q=[0.26190476 0.26190476 0.        ]
Calculating q=[0.26190476 0.26190476 0.        ]
Calculating q=[0.26190476 0.26190476 0.        ]
Calculating q=[0.26190476 0.26190476 0.        ]
Calculating q=[0.26190476 0.26190476 0.        ]
Calculating q=[0.26190476 0.26190476 0.        ]
Calculating q=[0.26190476 0.26190476 0.        ]
Calculating q=[0.26190476 0.26190476 0.        ]
Calculating q=[0.26190476 0.26190476 0.        ]
Calculating q=[0.26190476 0.26190476 0.        ]
Energy: -12.100369031985627 eV
Magnetic moment: -8.807880000091968e-13 Bohr magnetons
Energy: -12.100369031985627 eV
Magnetic moment: -8.807880000091968e-13 Bohr magnetons
Energy: -12.100369031985627 eV
Magnetic moment: -8.807880000091968e-13 Bohr magnetons
Energy: -12.100369031985627 eV
Magnetic moment: -8.807880000091968e-13 Bohr magnetons
Energy: -12.100369031985627 eV
Magnetic moment: -8.807880000091968e-13 Bohr magnetons
Energy: -12.100369031985627 eV
Magnetic moment: -8.807880000091968e-13 Bohr magnetons
Energy: -12.100369031985627 eV
Magnetic moment: -8.807880000091968e-13 Bohr magnetons
Energy: -12.100369031985627 eV
Magnetic moment: -8.807880000091968e-13 Bohr magnetons
Energy: -12.100369031985627 eV
Magnetic moment: -8.807880000091968e-13 Bohr magnetons
Energy: -12.100369031985627 eV
Magnetic moment: -8.807880000091968e-13 Bohr magnetons
Energy: -12.100369031985627 eV
Magnetic moment: -8.807880000091968e-13 Bohr magnetons
Energy: -12.100369031985627 eV
Magnetic moment: -8.807880000091968e-13 Bohr magnetons
Calculating q=[0.23809524 0.23809524 0.        ]
Calculating q=[0.23809524 0.23809524 0.        ]
Calculating q=[0.23809524 0.23809524 0.        ]
Calculating q=[0.23809524 0.23809524 0.        ]
Calculating q=[0.23809524 0.23809524 0.        ]
Calculating q=[0.23809524 0.23809524 0.        ]
Calculating q=[0.23809524 0.23809524 0.        ]
Calculating q=[0.23809524 0.23809524 0.        ]
Calculating q=[0.23809524 0.23809524 0.        ]
Calculating q=[0.23809524 0.23809524 0.        ]
Calculating q=[0.23809524 0.23809524 0.        ]
Calculating q=[0.23809524 0.23809524 0.        ]
Energy: -12.103478773724188 eV
Magnetic moment: -6.025430537189061e-13 Bohr magnetons
Energy: -12.103478773724188 eV
Magnetic moment: -6.025430537189061e-13 Bohr magnetons
Energy: -12.103478773724188 eV
Magnetic moment: -6.025430537189061e-13 Bohr magnetons
Energy: -12.103478773724188 eV
Magnetic moment: -6.025430537189061e-13 Bohr magnetons
Energy: -12.103478773724188 eV
Magnetic moment: -6.025430537189061e-13 Bohr magnetons
Energy: -12.103478773724188 eV
Magnetic moment: -6.025430537189061e-13 Bohr magnetons
Energy: -12.103478773724188 eV
Magnetic moment: -6.025430537189061e-13 Bohr magnetons
Energy: -12.103478773724188 eV
Magnetic moment: -6.025430537189061e-13 Bohr magnetons
Energy: -12.103478773724188 eV
Magnetic moment: -6.025430537189061e-13 Bohr magnetons
Energy: -12.103478773724188 eV
Magnetic moment: -6.025430537189061e-13 Bohr magnetons
Energy: -12.103478773724188 eV
Magnetic moment: -6.025430537189061e-13 Bohr magnetons
Energy: -12.103478773724188 eV
Magnetic moment: -6.025430537189061e-13 Bohr magnetons
Calculating q=[0.21428571 0.21428571 0.        ]
Calculating q=[0.21428571 0.21428571 0.        ]
Calculating q=[0.21428571 0.21428571 0.        ]
Calculating q=[0.21428571 0.21428571 0.        ]
Calculating q=[0.21428571 0.21428571 0.        ]
Calculating q=[0.21428571 0.21428571 0.        ]
Calculating q=[0.21428571 0.21428571 0.        ]
Calculating q=[0.21428571 0.21428571 0.        ]
Calculating q=[0.21428571 0.21428571 0.        ]
Calculating q=[0.21428571 0.21428571 0.        ]
Calculating q=[0.21428571 0.21428571 0.        ]
Calculating q=[0.21428571 0.21428571 0.        ]
Energy: -12.108681770425106 eV
Magnetic moment: 8.999357426199452e-14 Bohr magnetons
Energy: -12.108681770425106 eV
Magnetic moment: 8.999357426199452e-14 Bohr magnetons
Energy: -12.108681770425106 eV
Magnetic moment: 8.999357426199452e-14 Bohr magnetons
Energy: -12.108681770425106 eV
Magnetic moment: 8.999357426199452e-14 Bohr magnetons
Energy: -12.108681770425106 eV
Magnetic moment: 8.999357426199452e-14 Bohr magnetons
Energy: -12.108681770425106 eV
Magnetic moment: 8.999357426199452e-14 Bohr magnetons
Energy: -12.108681770425106 eV
Magnetic moment: 8.999357426199452e-14 Bohr magnetons
Energy: -12.108681770425106 eV
Magnetic moment: 8.999357426199452e-14 Bohr magnetons
Energy: -12.108681770425106 eV
Magnetic moment: 8.999357426199452e-14 Bohr magnetons
Energy: -12.108681770425106 eV
Magnetic moment: 8.999357426199452e-14 Bohr magnetons
Energy: -12.108681770425106 eV
Magnetic moment: 8.999357426199452e-14 Bohr magnetons
Energy: -12.108681770425106 eV
Magnetic moment: 8.999357426199452e-14 Bohr magnetons
Calculating q=[0.19047619 0.19047619 0.        ]
Calculating q=[0.19047619 0.19047619 0.        ]
Calculating q=[0.19047619 0.19047619 0.        ]
Calculating q=[0.19047619 0.19047619 0.        ]
Calculating q=[0.19047619 0.19047619 0.        ]
Calculating q=[0.19047619 0.19047619 0.        ]
Calculating q=[0.19047619 0.19047619 0.        ]
Calculating q=[0.19047619 0.19047619 0.        ]
Calculating q=[0.19047619 0.19047619 0.        ]
Calculating q=[0.19047619 0.19047619 0.        ]
Calculating q=[0.19047619 0.19047619 0.        ]
Calculating q=[0.19047619 0.19047619 0.        ]
Energy: -12.115082379892526 eV
Magnetic moment: -2.02088212702545e-16 Bohr magnetons
Energy: -12.115082379892526 eV
Magnetic moment: -2.02088212702545e-16 Bohr magnetons
Energy: -12.115082379892526 eV
Magnetic moment: -2.02088212702545e-16 Bohr magnetons
Energy: -12.115082379892526 eV
Magnetic moment: -2.02088212702545e-16 Bohr magnetons
Energy: -12.115082379892526 eV
Magnetic moment: -2.02088212702545e-16 Bohr magnetons
Energy: -12.115082379892526 eV
Magnetic moment: -2.02088212702545e-16 Bohr magnetons
Energy: -12.115082379892526 eV
Magnetic moment: -2.02088212702545e-16 Bohr magnetons
Energy: -12.115082379892526 eV
Magnetic moment: -2.02088212702545e-16 Bohr magnetons
Energy: -12.115082379892526 eV
Magnetic moment: -2.02088212702545e-16 Bohr magnetons
Energy: -12.115082379892526 eV
Magnetic moment: -2.02088212702545e-16 Bohr magnetons
Energy: -12.115082379892526 eV
Magnetic moment: -2.02088212702545e-16 Bohr magnetons
Energy: -12.115082379892526 eV
Magnetic moment: -2.02088212702545e-16 Bohr magnetons
Calculating q=[0.16666667 0.16666667 0.        ]
Calculating q=[0.16666667 0.16666667 0.        ]
Calculating q=[0.16666667 0.16666667 0.        ]
Calculating q=[0.16666667 0.16666667 0.        ]
Calculating q=[0.16666667 0.16666667 0.        ]
Calculating q=[0.16666667 0.16666667 0.        ]
Calculating q=[0.16666667 0.16666667 0.        ]
Calculating q=[0.16666667 0.16666667 0.        ]
Calculating q=[0.16666667 0.16666667 0.        ]
Calculating q=[0.16666667 0.16666667 0.        ]
Calculating q=[0.16666667 0.16666667 0.        ]
Calculating q=[0.16666667 0.16666667 0.        ]
Energy: -12.120785339555786 eV
Magnetic moment: -1.6164773627447414e-14 Bohr magnetons
Energy: -12.120785339555786 eV
Magnetic moment: -1.6164773627447414e-14 Bohr magnetons
Energy: -12.120785339555786 eV
Magnetic moment: -1.6164773627447414e-14 Bohr magnetons
Energy: -12.120785339555786 eV
Magnetic moment: -1.6164773627447414e-14 Bohr magnetons
Energy: -12.120785339555786 eV
Magnetic moment: -1.6164773627447414e-14 Bohr magnetons
Energy: -12.120785339555786 eV
Magnetic moment: -1.6164773627447414e-14 Bohr magnetons
Energy: -12.120785339555786 eV
Magnetic moment: -1.6164773627447414e-14 Bohr magnetons
Energy: -12.120785339555786 eV
Magnetic moment: -1.6164773627447414e-14 Bohr magnetons
Energy: -12.120785339555786 eV
Magnetic moment: -1.6164773627447414e-14 Bohr magnetons
Energy: -12.120785339555786 eV
Magnetic moment: -1.6164773627447414e-14 Bohr magnetons
Energy: -12.120785339555786 eV
Magnetic moment: -1.6164773627447414e-14 Bohr magnetons
Energy: -12.120785339555786 eV
Magnetic moment: -1.6164773627447414e-14 Bohr magnetons
Calculating q=[0.14285714 0.14285714 0.        ]
Calculating q=[0.14285714 0.14285714 0.        ]
Calculating q=[0.14285714 0.14285714 0.        ]
Calculating q=[0.14285714 0.14285714 0.        ]
Calculating q=[0.14285714 0.14285714 0.        ]
Calculating q=[0.14285714 0.14285714 0.        ]
Calculating q=[0.14285714 0.14285714 0.        ]
Calculating q=[0.14285714 0.14285714 0.        ]
Calculating q=[0.14285714 0.14285714 0.        ]
Calculating q=[0.14285714 0.14285714 0.        ]
Calculating q=[0.14285714 0.14285714 0.        ]
Calculating q=[0.14285714 0.14285714 0.        ]
Energy: -12.124487768019781 eV
Magnetic moment: 8.715187026730042e-15 Bohr magnetons
Energy: -12.124487768019781 eV
Magnetic moment: 8.715187026730042e-15 Bohr magnetons
Energy: -12.124487768019781 eV
Magnetic moment: 8.715187026730042e-15 Bohr magnetons
Energy: -12.124487768019781 eV
Magnetic moment: 8.715187026730042e-15 Bohr magnetons
Energy: -12.124487768019781 eV
Magnetic moment: 8.715187026730042e-15 Bohr magnetons
Energy: -12.124487768019781 eV
Magnetic moment: 8.715187026730042e-15 Bohr magnetons
Energy: -12.124487768019781 eV
Magnetic moment: 8.715187026730042e-15 Bohr magnetons
Energy: -12.124487768019781 eV
Magnetic moment: 8.715187026730042e-15 Bohr magnetons
Energy: -12.124487768019781 eV
Magnetic moment: 8.715187026730042e-15 Bohr magnetons
Energy: -12.124487768019781 eV
Magnetic moment: 8.715187026730042e-15 Bohr magnetons
Energy: -12.124487768019781 eV
Magnetic moment: 8.715187026730042e-15 Bohr magnetons
Energy: -12.124487768019781 eV
Magnetic moment: 8.715187026730042e-15 Bohr magnetons
Calculating q=[0.11904762 0.11904762 0.        ]
Calculating q=[0.11904762 0.11904762 0.        ]
Calculating q=[0.11904762 0.11904762 0.        ]
Calculating q=[0.11904762 0.11904762 0.        ]
Calculating q=[0.11904762 0.11904762 0.        ]
Calculating q=[0.11904762 0.11904762 0.        ]
Calculating q=[0.11904762 0.11904762 0.        ]
Calculating q=[0.11904762 0.11904762 0.        ]
Calculating q=[0.11904762 0.11904762 0.        ]
Calculating q=[0.11904762 0.11904762 0.        ]
Calculating q=[0.11904762 0.11904762 0.        ]
Calculating q=[0.11904762 0.11904762 0.        ]
Energy: -12.124401091367002 eV
Magnetic moment: -3.7977846620118764e-14 Bohr magnetons
Energy: -12.124401091367002 eV
Magnetic moment: -3.7977846620118764e-14 Bohr magnetons
Energy: -12.124401091367002 eV
Magnetic moment: -3.7977846620118764e-14 Bohr magnetons
Energy: -12.124401091367002 eV
Magnetic moment: -3.7977846620118764e-14 Bohr magnetons
Energy: -12.124401091367002 eV
Magnetic moment: -3.7977846620118764e-14 Bohr magnetons
Energy: -12.124401091367002 eV
Magnetic moment: -3.7977846620118764e-14 Bohr magnetons
Energy: -12.124401091367002 eV
Magnetic moment: -3.7977846620118764e-14 Bohr magnetons
Energy: -12.124401091367002 eV
Magnetic moment: -3.7977846620118764e-14 Bohr magnetons
Energy: -12.124401091367002 eV
Magnetic moment: -3.7977846620118764e-14 Bohr magnetons
Energy: -12.124401091367002 eV
Magnetic moment: -3.7977846620118764e-14 Bohr magnetons
Energy: -12.124401091367002 eV
Magnetic moment: -3.7977846620118764e-14 Bohr magnetons
Energy: -12.124401091367002 eV
Magnetic moment: -3.7977846620118764e-14 Bohr magnetons
Calculating q=[0.0952381 0.0952381 0.       ]
Calculating q=[0.0952381 0.0952381 0.       ]
Calculating q=[0.0952381 0.0952381 0.       ]
Calculating q=[0.0952381 0.0952381 0.       ]
Calculating q=[0.0952381 0.0952381 0.       ]
Calculating q=[0.0952381 0.0952381 0.       ]
Calculating q=[0.0952381 0.0952381 0.       ]
Calculating q=[0.0952381 0.0952381 0.       ]
Calculating q=[0.0952381 0.0952381 0.       ]
Calculating q=[0.0952381 0.0952381 0.       ]
Calculating q=[0.0952381 0.0952381 0.       ]
Calculating q=[0.0952381 0.0952381 0.       ]
Energy: -12.120458660637999 eV
Magnetic moment: -6.4644834284307465e-15 Bohr magnetons
Energy: -12.120458660637999 eV
Magnetic moment: -6.4644834284307465e-15 Bohr magnetons
Energy: -12.120458660637999 eV
Magnetic moment: -6.4644834284307465e-15 Bohr magnetons
Energy: -12.120458660637999 eV
Magnetic moment: -6.4644834284307465e-15 Bohr magnetons
Energy: -12.120458660637999 eV
Magnetic moment: -6.4644834284307465e-15 Bohr magnetons
Energy: -12.120458660637999 eV
Magnetic moment: -6.4644834284307465e-15 Bohr magnetons
Energy: -12.120458660637999 eV
Magnetic moment: -6.4644834284307465e-15 Bohr magnetons
Energy: -12.120458660637999 eV
Magnetic moment: -6.4644834284307465e-15 Bohr magnetons
Energy: -12.120458660637999 eV
Magnetic moment: -6.4644834284307465e-15 Bohr magnetons
Energy: -12.120458660637999 eV
Magnetic moment: -6.4644834284307465e-15 Bohr magnetons
Energy: -12.120458660637999 eV
Magnetic moment: -6.4644834284307465e-15 Bohr magnetons
Energy: -12.120458660637999 eV
Magnetic moment: -6.4644834284307465e-15 Bohr magnetons
Calculating q=[0.07142857 0.07142857 0.        ]
Calculating q=[0.07142857 0.07142857 0.        ]
Calculating q=[0.07142857 0.07142857 0.        ]
Calculating q=[0.07142857 0.07142857 0.        ]
Calculating q=[0.07142857 0.07142857 0.        ]
Calculating q=[0.07142857 0.07142857 0.        ]
Calculating q=[0.07142857 0.07142857 0.        ]
Calculating q=[0.07142857 0.07142857 0.        ]
Calculating q=[0.07142857 0.07142857 0.        ]
Calculating q=[0.07142857 0.07142857 0.        ]
Calculating q=[0.07142857 0.07142857 0.        ]
Calculating q=[0.07142857 0.07142857 0.        ]
Energy: -12.113348524068904 eV
Magnetic moment: 8.392307509395481e-16 Bohr magnetons
Energy: -12.113348524068904 eV
Magnetic moment: 8.392307509395481e-16 Bohr magnetons
Energy: -12.113348524068904 eV
Magnetic moment: 8.392307509395481e-16 Bohr magnetons
Energy: -12.113348524068904 eV
Magnetic moment: 8.392307509395481e-16 Bohr magnetons
Energy: -12.113348524068904 eV
Magnetic moment: 8.392307509395481e-16 Bohr magnetons
Energy: -12.113348524068904 eV
Magnetic moment: 8.392307509395481e-16 Bohr magnetons
Energy: -12.113348524068904 eV
Magnetic moment: 8.392307509395481e-16 Bohr magnetons
Energy: -12.113348524068904 eV
Magnetic moment: 8.392307509395481e-16 Bohr magnetons
Energy: -12.113348524068904 eV
Magnetic moment: 8.392307509395481e-16 Bohr magnetons
Energy: -12.113348524068904 eV
Magnetic moment: 8.392307509395481e-16 Bohr magnetons
Energy: -12.113348524068904 eV
Magnetic moment: 8.392307509395481e-16 Bohr magnetons
Energy: -12.113348524068904 eV
Magnetic moment: 8.392307509395481e-16 Bohr magnetons
Calculating q=[0.04761905 0.04761905 0.        ]
Calculating q=[0.04761905 0.04761905 0.        ]
Calculating q=[0.04761905 0.04761905 0.        ]
Calculating q=[0.04761905 0.04761905 0.        ]
Calculating q=[0.04761905 0.04761905 0.        ]
Calculating q=[0.04761905 0.04761905 0.        ]
Calculating q=[0.04761905 0.04761905 0.        ]
Calculating q=[0.04761905 0.04761905 0.        ]
Calculating q=[0.04761905 0.04761905 0.        ]
Calculating q=[0.04761905 0.04761905 0.        ]
Calculating q=[0.04761905 0.04761905 0.        ]
Calculating q=[0.04761905 0.04761905 0.        ]
Energy: -12.105039291689824 eV
Magnetic moment: 6.670992738547838e-15 Bohr magnetons
Energy: -12.105039291689824 eV
Magnetic moment: 6.670992738547838e-15 Bohr magnetons
Energy: -12.105039291689824 eV
Magnetic moment: 6.670992738547838e-15 Bohr magnetons
Energy: -12.105039291689824 eV
Magnetic moment: 6.670992738547838e-15 Bohr magnetons
Energy: -12.105039291689824 eV
Magnetic moment: 6.670992738547838e-15 Bohr magnetons
Energy: -12.105039291689824 eV
Magnetic moment: 6.670992738547838e-15 Bohr magnetons
Energy: -12.105039291689824 eV
Magnetic moment: 6.670992738547838e-15 Bohr magnetons
Energy: -12.105039291689824 eV
Magnetic moment: 6.670992738547838e-15 Bohr magnetons
Energy: -12.105039291689824 eV
Magnetic moment: 6.670992738547838e-15 Bohr magnetons
Energy: -12.105039291689824 eV
Magnetic moment: 6.670992738547838e-15 Bohr magnetons
Energy: -12.105039291689824 eV
Magnetic moment: 6.670992738547838e-15 Bohr magnetons
Energy: -12.105039291689824 eV
Magnetic moment: 6.670992738547838e-15 Bohr magnetons
Calculating q=[0.02380952 0.02380952 0.        ]
Calculating q=[0.02380952 0.02380952 0.        ]
Calculating q=[0.02380952 0.02380952 0.        ]
Calculating q=[0.02380952 0.02380952 0.        ]
Calculating q=[0.02380952 0.02380952 0.        ]
Calculating q=[0.02380952 0.02380952 0.        ]
Calculating q=[0.02380952 0.02380952 0.        ]
Calculating q=[0.02380952 0.02380952 0.        ]
Calculating q=[0.02380952 0.02380952 0.        ]
Calculating q=[0.02380952 0.02380952 0.        ]
Calculating q=[0.02380952 0.02380952 0.        ]
Calculating q=[0.02380952 0.02380952 0.        ]
Energy: -12.09921792059866 eV
Magnetic moment: -1.2651130476345264e-14 Bohr magnetons
Energy: -12.09921792059866 eV
Magnetic moment: -1.2651130476345264e-14 Bohr magnetons
Energy: -12.09921792059866 eV
Magnetic moment: -1.2651130476345264e-14 Bohr magnetons
Energy: -12.09921792059866 eV
Magnetic moment: -1.2651130476345264e-14 Bohr magnetons
Energy: -12.09921792059866 eV
Magnetic moment: -1.2651130476345264e-14 Bohr magnetons
Energy: -12.09921792059866 eV
Magnetic moment: -1.2651130476345264e-14 Bohr magnetons
Energy: -12.09921792059866 eV
Magnetic moment: -1.2651130476345264e-14 Bohr magnetons
Energy: -12.09921792059866 eV
Magnetic moment: -1.2651130476345264e-14 Bohr magnetons
Energy: -12.09921792059866 eV
Magnetic moment: -1.2651130476345264e-14 Bohr magnetons
Energy: -12.09921792059866 eV
Magnetic moment: -1.2651130476345264e-14 Bohr magnetons
Energy: -12.09921792059866 eV
Magnetic moment: -1.2651130476345264e-14 Bohr magnetons
Energy: -12.09921792059866 eV
Calculating q=[0. 0. 0.]
Calculating q=[0. 0. 0.]
Calculating q=[0. 0. 0.]
Calculating q=[0. 0. 0.]
Calculating q=[0. 0. 0.]
Calculating q=[0. 0. 0.]
Calculating q=[0. 0. 0.]
Calculating q=[0. 0. 0.]
Calculating q=[0. 0. 0.]
Calculating q=[0. 0. 0.]
Magnetic moment: -1.2651130476345264e-14 Bohr magnetons
Calculating q=[0. 0. 0.]
Calculating q=[0. 0. 0.]
Energy: -12.09640135917445 eV
Magnetic moment: -1.4718622671829995e-08 Bohr magnetons
Energy: -12.09640135917445 eV
Magnetic moment: -1.4718622671829995e-08 Bohr magnetons
Energy: -12.09640135917445 eV
Magnetic moment: -1.4718622671829995e-08 Bohr magnetons
Energy: -12.09640135917445 eV
Magnetic moment: -1.4718622671829995e-08 Bohr magnetons
Energy: -12.09640135917445 eV
Magnetic moment: -1.4718622671829995e-08 Bohr magnetons
Energy: -12.09640135917445 eV
Magnetic moment: -1.4718622671829995e-08 Bohr magnetons
Energy: -12.09640135917445 eV
Magnetic moment: -1.4718622671829995e-08 Bohr magnetons
Energy: -12.09640135917445 eV
Magnetic moment: -1.4718622671829995e-08 Bohr magnetons
Energy: -12.09640135917445 eV
Magnetic moment: -1.4718622671829995e-08 Bohr magnetons
Energy: -12.09640135917445 eV
Magnetic moment: -1.4718622671829995e-08 Bohr magnetons
Energy: -12.09640135917445 eV
Magnetic moment: -1.4718622671829995e-08 Bohr magnetons
Energy: -12.09640135917445 eV
Magnetic moment: -1.4718622671829995e-08 Bohr magnetons

------------------------------------------------------------
Sender: LSF System <lsfadmin@hpc.dtu.dk>
Subject: Job 21540918: <plot_3.py> in cluster <dcc> Done

Job <plot_3.py> was submitted from host <n-62-27-22> by user <s194113> in cluster <dcc> at Mon Apr 22 12:38:03 2024
Job was executed on host(s) <12*n-62-28-17>, in queue <hpc>, as user <s194113> in cluster <dcc> at Mon Apr 22 23:02:42 2024
</zhome/87/8/147075> was used as the home directory.
</zhome/87/8/147075/10302/10302_NM/NiI2/E_con> was used as the working directory.
Started at Mon Apr 22 23:02:42 2024
Terminated at Tue Apr 23 00:51:00 2024
Results reported at Tue Apr 23 00:51:00 2024

Your job looked like:

------------------------------------------------------------
# LSBATCH: User input
#!/bin/bash -l
id=$LSB_JOBID
mq=/zhome/87/8/147075/.myqueue/lsf-$id
source /zhome/87/8/147075/venv-name/bin/activate
echo "venv: /zhome/87/8/147075/venv-name/bin/activate"
(touch $mq-0 && \
 cd '/zhome/87/8/147075/10302/10302_NM/NiI2/E_con' && \
 mpiexec python3 plot_3.py && \
 touch $mq-1) || \
(touch $mq-2; exit 1)

------------------------------------------------------------

Successfully completed.

Resource usage summary:

    CPU time :                                   77915.85 sec.
    Max Memory :                                 9235 MB
    Average Memory :                             5926.91 MB
    Total Requested Memory :                     73728.00 MB
    Delta Memory :                               64493.00 MB
    Max Swap :                                   -
    Max Processes :                              17
    Max Threads :                                57
    Run time :                                   6497 sec.
    Turnaround time :                            43977 sec.

The output (if any) is above this job summary.



PS:

Read file </zhome/87/8/147075/10302/10302_NM/NiI2/E_con/plot_3.py.21540918.err> for stderr output of this job.

