venv: /zhome/87/8/147075/venv-name/bin/activate
[1713821988.435110] [n-62-29-10:25604:0]          ib_md.c:1063 UCX  WARN  IB: ibv_fork_init() was disabled or failed, yet a fork() has been issued.
[1713821988.435131] [n-62-29-10:25611:0]          ib_md.c:1063 UCX  WARN  IB: ibv_fork_init() was disabled or failed, yet a fork() has been issued.
[1713821988.435170] [n-62-29-10:25611:0]          ib_md.c:1064 UCX  WARN  IB: data corruption might occur when using registered memory.
[1713821988.435188] [n-62-29-10:25602:0]          ib_md.c:1063 UCX  WARN  IB: ibv_fork_init() was disabled or failed, yet a fork() has been issued.
[1713821988.435239] [n-62-29-10:25602:0]          ib_md.c:1064 UCX  WARN  IB: data corruption might occur when using registered memory.
[1713821988.435190] [n-62-29-10:25605:0]          ib_md.c:1063 UCX  WARN  IB: ibv_fork_init() was disabled or failed, yet a fork() has been issued.
[1713821988.435227] [n-62-29-10:25605:0]          ib_md.c:1064 UCX  WARN  IB: data corruption might occur when using registered memory.
[1713821988.435201] [n-62-29-10:25606:0]          ib_md.c:1063 UCX  WARN  IB: ibv_fork_init() was disabled or failed, yet a fork() has been issued.
[1713821988.435236] [n-62-29-10:25606:0]          ib_md.c:1064 UCX  WARN  IB: data corruption might occur when using registered memory.
[1713821988.435168] [n-62-29-10:25607:0]          ib_md.c:1063 UCX  WARN  IB: ibv_fork_init() was disabled or failed, yet a fork() has been issued.
[1713821988.435203] [n-62-29-10:25607:0]          ib_md.c:1064 UCX  WARN  IB: data corruption might occur when using registered memory.
[1713821988.435196] [n-62-29-10:25608:0]          ib_md.c:1063 UCX  WARN  IB: ibv_fork_init() was disabled or failed, yet a fork() has been issued.
[1713821988.435255] [n-62-29-10:25608:0]          ib_md.c:1064 UCX  WARN  IB: data corruption might occur when using registered memory.
[1713821988.435227] [n-62-29-10:25609:0]          ib_md.c:1063 UCX  WARN  IB: ibv_fork_init() was disabled or failed, yet a fork() has been issued.
[1713821988.435264] [n-62-29-10:25609:0]          ib_md.c:1064 UCX  WARN  IB: data corruption might occur when using registered memory.
[1713821988.435246] [n-62-29-10:25604:0]          ib_md.c:1064 UCX  WARN  IB: data corruption might occur when using registered memory.
[1713821988.435179] [n-62-29-10:25614:0]          ib_md.c:1063 UCX  WARN  IB: ibv_fork_init() was disabled or failed, yet a fork() has been issued.
[1713821988.435209] [n-62-29-10:25614:0]          ib_md.c:1064 UCX  WARN  IB: data corruption might occur when using registered memory.
[1713821988.435167] [n-62-29-10:25617:0]          ib_md.c:1063 UCX  WARN  IB: ibv_fork_init() was disabled or failed, yet a fork() has been issued.
[1713821988.435203] [n-62-29-10:25617:0]          ib_md.c:1064 UCX  WARN  IB: data corruption might occur when using registered memory.
[1713821988.435295] [n-62-29-10:25612:0]          ib_md.c:1063 UCX  WARN  IB: ibv_fork_init() was disabled or failed, yet a fork() has been issued.
[1713821988.435332] [n-62-29-10:25612:0]          ib_md.c:1064 UCX  WARN  IB: data corruption might occur when using registered memory.
[1713821988.435271] [n-62-29-10:25616:0]          ib_md.c:1063 UCX  WARN  IB: ibv_fork_init() was disabled or failed, yet a fork() has been issued.
[1713821988.435314] [n-62-29-10:25616:0]          ib_md.c:1064 UCX  WARN  IB: data corruption might occur when using registered memory.
Calculating ground state
Calculating ground state
31 q-points in the path
=====================================
Calculating ground state
31 q-points in the path
=====================================
Calculating ground state
31 q-points in the path
=====================================
Calculating ground state
31 q-points in the path
=====================================
31 q-points in the path
=====================================
Calculating ground state
31 q-points in the path
=====================================
Calculating ground state
Calculating ground state
31 q-points in the path
=====================================
Calculating ground state
31 q-points in the path
=====================================
Calculating q=[0. 0. 0.]
Calculating q=[0. 0. 0.]
Calculating q=[0. 0. 0.]
31 q-points in the path
=====================================
Calculating q=[0. 0. 0.]
Calculating ground state
Calculating ground state
31 q-points in the path
=====================================
Calculating q=[0. 0. 0.]
Calculating ground state
Calculating q=[0. 0. 0.]
31 q-points in the path
=====================================
31 q-points in the path
=====================================
Calculating q=[0. 0. 0.]
Calculating q=[0. 0. 0.]
Calculating q=[0. 0. 0.]
Calculating q=[0. 0. 0.]
Calculating q=[0. 0. 0.]
Calculating q=[0. 0. 0.]
Energy: -12.244360187894337 eV
Magnetic moment: 1.0306795672092483e-09 Bohr magnetons
Energy: -12.244360187894337 eV
Magnetic moment: 1.0306795672092483e-09 Bohr magnetons
Energy: -12.244360187894337 eV
Magnetic moment: 1.0306795672092483e-09 Bohr magnetons
Energy: -12.244360187894337 eV
Magnetic moment: 1.0306795672092483e-09 Bohr magnetons
Energy: -12.244360187894337 eV
Magnetic moment: 1.0306795672092483e-09 Bohr magnetons
Energy: -12.244360187894337 eV
Magnetic moment: 1.0306795672092483e-09 Bohr magnetons
Energy: -12.244360187894337 eV
Magnetic moment: 1.0306795672092483e-09 Bohr magnetons
Energy: -12.244360187894337 eV
Magnetic moment: 1.0306795672092483e-09 Bohr magnetons
Energy: -12.244360187894337 eV
Magnetic moment: 1.0306795672092483e-09 Bohr magnetons
Energy: -12.244360187894337 eV
Magnetic moment: 1.0306795672092483e-09 Bohr magnetons
Energy: -12.244360187894337 eV
Magnetic moment: 1.0306795672092483e-09 Bohr magnetons
Calculating q=[0.05 0.   0.  ]
Calculating q=[0.05 0.   0.  ]
Calculating q=[0.05 0.   0.  ]
Calculating q=[0.05 0.   0.  ]
Energy: -12.244360187894337 eV
Magnetic moment: 1.0306795672092483e-09 Bohr magnetons
Calculating q=[0.05 0.   0.  ]
Calculating q=[0.05 0.   0.  ]
Calculating q=[0.05 0.   0.  ]
Calculating q=[0.05 0.   0.  ]
Calculating q=[0.05 0.   0.  ]
Calculating q=[0.05 0.   0.  ]
Calculating q=[0.05 0.   0.  ]
Calculating q=[0.05 0.   0.  ]
Energy: -12.247716110643669 eV
Magnetic moment: 3.3382858286681336e-13 Bohr magnetons
Energy: -12.247716110643669 eV
Magnetic moment: 3.3382858286681336e-13 Bohr magnetons
Energy: -12.247716110643669 eV
Magnetic moment: 3.3382858286681336e-13 Bohr magnetons
Energy: -12.247716110643669 eV
Magnetic moment: 3.3382858286681336e-13 Bohr magnetons
Energy: -12.247716110643669 eV
Magnetic moment: 3.3382858286681336e-13 Bohr magnetons
Energy: -12.247716110643669 eV
Magnetic moment: 3.3382858286681336e-13 Bohr magnetons
Energy: -12.247716110643669 eV
Magnetic moment: 3.3382858286681336e-13 Bohr magnetons
Energy: -12.247716110643669 eV
Magnetic moment: 3.3382858286681336e-13 Bohr magnetons
Energy: -12.247716110643669 eV
Magnetic moment: 3.3382858286681336e-13 Bohr magnetons
Energy: -12.247716110643669 eV
Magnetic moment: 3.3382858286681336e-13 Bohr magnetons
Energy: -12.247716110643669 eV
Magnetic moment: 3.3382858286681336e-13 Bohr magnetons
Energy: -12.247716110643669 eV
Magnetic moment: 3.3382858286681336e-13 Bohr magnetons
Calculating q=[0.1 0.  0. ]
Calculating q=[0.1 0.  0. ]
Calculating q=[0.1 0.  0. ]
Calculating q=[0.1 0.  0. ]
Calculating q=[0.1 0.  0. ]
Calculating q=[0.1 0.  0. ]
Calculating q=[0.1 0.  0. ]
Calculating q=[0.1 0.  0. ]
Calculating q=[0.1 0.  0. ]
Calculating q=[0.1 0.  0. ]
Calculating q=[0.1 0.  0. ]
Calculating q=[0.1 0.  0. ]
Energy: -12.25611940955327 eV
Magnetic moment: -9.316022631824353e-14 Bohr magnetons
Energy: -12.25611940955327 eV
Magnetic moment: -9.316022631824353e-14 Bohr magnetons
Energy: -12.25611940955327 eV
Magnetic moment: -9.316022631824353e-14 Bohr magnetons
Energy: -12.25611940955327 eV
Magnetic moment: -9.316022631824353e-14 Bohr magnetons
Energy: -12.25611940955327 eV
Magnetic moment: -9.316022631824353e-14 Bohr magnetons
Energy: -12.25611940955327 eV
Magnetic moment: -9.316022631824353e-14 Bohr magnetons
Energy: -12.25611940955327 eV
Magnetic moment: -9.316022631824353e-14 Bohr magnetons
Energy: -12.25611940955327 eV
Magnetic moment: -9.316022631824353e-14 Bohr magnetons
Energy: -12.25611940955327 eV
Magnetic moment: -9.316022631824353e-14 Bohr magnetons
Energy: -12.25611940955327 eV
Magnetic moment: -9.316022631824353e-14 Bohr magnetons
Energy: -12.25611940955327 eV
Magnetic moment: -9.316022631824353e-14 Bohr magnetons
Energy: -12.25611940955327 eV
Magnetic moment: -9.316022631824353e-14 Bohr magnetons
Calculating q=[0.15 0.   0.  ]
Calculating q=[0.15 0.   0.  ]
Calculating q=[0.15 0.   0.  ]
Calculating q=[0.15 0.   0.  ]
Calculating q=[0.15 0.   0.  ]
Calculating q=[0.15 0.   0.  ]
Calculating q=[0.15 0.   0.  ]
Calculating q=[0.15 0.   0.  ]
Calculating q=[0.15 0.   0.  ]
Calculating q=[0.15 0.   0.  ]
Calculating q=[0.15 0.   0.  ]
Calculating q=[0.15 0.   0.  ]
Energy: -12.265357467538607 eV
Magnetic moment: -2.7138508937587206e-12 Bohr magnetons
Energy: -12.265357467538607 eV
Magnetic moment: -2.7138508937587206e-12 Bohr magnetons
Energy: -12.265357467538607 eV
Magnetic moment: -2.7138508937587206e-12 Bohr magnetons
Energy: -12.265357467538607 eV
Magnetic moment: -2.7138508937587206e-12 Bohr magnetons
Energy: -12.265357467538607 eV
Magnetic moment: -2.7138508937587206e-12 Bohr magnetons
Energy: -12.265357467538607 eV
Magnetic moment: -2.7138508937587206e-12 Bohr magnetons
Energy: -12.265357467538607 eV
Magnetic moment: -2.7138508937587206e-12 Bohr magnetons
Energy: -12.265357467538607 eV
Magnetic moment: -2.7138508937587206e-12 Bohr magnetons
Energy: -12.265357467538607 eV
Magnetic moment: -2.7138508937587206e-12 Bohr magnetons
Energy: -12.265357467538607 eV
Magnetic moment: -2.7138508937587206e-12 Bohr magnetons
Energy: -12.265357467538607 eV
Magnetic moment: -2.7138508937587206e-12 Bohr magnetons
Energy: -12.265357467538607 eV
Magnetic moment: -2.7138508937587206e-12 Bohr magnetons
Calculating q=[0.2 0.  0. ]
Calculating q=[0.2 0.  0. ]
Calculating q=[0.2 0.  0. ]
Calculating q=[0.2 0.  0. ]
Calculating q=[0.2 0.  0. ]
Calculating q=[0.2 0.  0. ]
Calculating q=[0.2 0.  0. ]
Calculating q=[0.2 0.  0. ]
Calculating q=[0.2 0.  0. ]
Calculating q=[0.2 0.  0. ]
Calculating q=[0.2 0.  0. ]
Calculating q=[0.2 0.  0. ]
Energy: -12.270098265574555 eV
Magnetic moment: -6.675616520298651e-09 Bohr magnetons
Energy: -12.270098265574555 eV
Magnetic moment: -6.675616520298651e-09 Bohr magnetons
Energy: -12.270098265574555 eV
Magnetic moment: -6.675616520298651e-09 Bohr magnetons
Energy: -12.270098265574555 eV
Magnetic moment: -6.675616520298651e-09 Bohr magnetons
Energy: -12.270098265574555 eV
Magnetic moment: -6.675616520298651e-09 Bohr magnetons
Energy: -12.270098265574555 eV
Magnetic moment: -6.675616520298651e-09 Bohr magnetons
Energy: -12.270098265574555 eV
Magnetic moment: -6.675616520298651e-09 Bohr magnetons
Energy: -12.270098265574555 eV
Magnetic moment: -6.675616520298651e-09 Bohr magnetons
Energy: -12.270098265574555 eV
Magnetic moment: -6.675616520298651e-09 Bohr magnetons
Energy: -12.270098265574555 eV
Magnetic moment: -6.675616520298651e-09 Bohr magnetons
Energy: -12.270098265574555 eV
Magnetic moment: -6.675616520298651e-09 Bohr magnetons
Energy: -12.270098265574555 eV
Magnetic moment: -6.675616520298651e-09 Bohr magnetons
Calculating q=[0.25 0.   0.  ]
Calculating q=[0.25 0.   0.  ]
Calculating q=[0.25 0.   0.  ]
Calculating q=[0.25 0.   0.  ]
Calculating q=[0.25 0.   0.  ]
Calculating q=[0.25 0.   0.  ]
Calculating q=[0.25 0.   0.  ]
Calculating q=[0.25 0.   0.  ]
Calculating q=[0.25 0.   0.  ]
Calculating q=[0.25 0.   0.  ]
Calculating q=[0.25 0.   0.  ]
Calculating q=[0.25 0.   0.  ]
Energy: -12.267025860441468 eV
Magnetic moment: 9.721624127337233e-13 Bohr magnetons
Energy: -12.267025860441468 eV
Magnetic moment: 9.721624127337233e-13 Bohr magnetons
Energy: -12.267025860441468 eV
Magnetic moment: 9.721624127337233e-13 Bohr magnetons
Energy: -12.267025860441468 eV
Magnetic moment: 9.721624127337233e-13 Bohr magnetons
Energy: -12.267025860441468 eV
Magnetic moment: 9.721624127337233e-13 Bohr magnetons
Energy: -12.267025860441468 eV
Magnetic moment: 9.721624127337233e-13 Bohr magnetons
Energy: -12.267025860441468 eV
Magnetic moment: 9.721624127337233e-13 Bohr magnetons
Energy: -12.267025860441468 eV
Magnetic moment: 9.721624127337233e-13 Bohr magnetons
Energy: -12.267025860441468 eV
Magnetic moment: 9.721624127337233e-13 Bohr magnetons
Energy: -12.267025860441468 eV
Magnetic moment: 9.721624127337233e-13 Bohr magnetons
Energy: -12.267025860441468 eV
Magnetic moment: 9.721624127337233e-13 Bohr magnetons
Energy: -12.267025860441468 eV
Magnetic moment: 9.721624127337233e-13 Bohr magnetons
Calculating q=[0.3 0.  0. ]
Calculating q=[0.3 0.  0. ]
Calculating q=[0.3 0.  0. ]
Calculating q=[0.3 0.  0. ]
Calculating q=[0.3 0.  0. ]
Calculating q=[0.3 0.  0. ]
Calculating q=[0.3 0.  0. ]
Calculating q=[0.3 0.  0. ]
Calculating q=[0.3 0.  0. ]
Calculating q=[0.3 0.  0. ]
Calculating q=[0.3 0.  0. ]
Calculating q=[0.3 0.  0. ]
Energy: -12.25580986854329 eV
Magnetic moment: 3.1126983875026586e-12 Bohr magnetons
Energy: -12.25580986854329 eV
Magnetic moment: 3.1126983875026586e-12 Bohr magnetons
Energy: -12.25580986854329 eV
Magnetic moment: 3.1126983875026586e-12 Bohr magnetons
Energy: -12.25580986854329 eV
Magnetic moment: 3.1126983875026586e-12 Bohr magnetons
Energy: -12.25580986854329 eV
Magnetic moment: 3.1126983875026586e-12 Bohr magnetons
Energy: -12.25580986854329 eV
Magnetic moment: 3.1126983875026586e-12 Bohr magnetons
Energy: -12.25580986854329 eV
Magnetic moment: 3.1126983875026586e-12 Bohr magnetons
Energy: -12.25580986854329 eV
Magnetic moment: 3.1126983875026586e-12 Bohr magnetons
Energy: -12.25580986854329 eV
Magnetic moment: 3.1126983875026586e-12 Bohr magnetons
Energy: -12.25580986854329 eV
Magnetic moment: 3.1126983875026586e-12 Bohr magnetons
Energy: -12.25580986854329 eV
Magnetic moment: 3.1126983875026586e-12 Bohr magnetons
Energy: -12.25580986854329 eV
Magnetic moment: 3.1126983875026586e-12 Bohr magnetons
Calculating q=[0.35 0.   0.  ]
Calculating q=[0.35 0.   0.  ]
Calculating q=[0.35 0.   0.  ]
Calculating q=[0.35 0.   0.  ]
Calculating q=[0.35 0.   0.  ]
Calculating q=[0.35 0.   0.  ]
Calculating q=[0.35 0.   0.  ]
Calculating q=[0.35 0.   0.  ]
Calculating q=[0.35 0.   0.  ]
Calculating q=[0.35 0.   0.  ]
Calculating q=[0.35 0.   0.  ]
Calculating q=[0.35 0.   0.  ]
Energy: -12.238927784081904 eV
Magnetic moment: 2.1200790213416587e-08 Bohr magnetons
Energy: -12.238927784081904 eV
Magnetic moment: 2.1200790213416587e-08 Bohr magnetons
Energy: -12.238927784081904 eV
Magnetic moment: 2.1200790213416587e-08 Bohr magnetons
Energy: -12.238927784081904 eV
Magnetic moment: 2.1200790213416587e-08 Bohr magnetons
Energy: -12.238927784081904 eV
Magnetic moment: 2.1200790213416587e-08 Bohr magnetons
Energy: -12.238927784081904 eV
Magnetic moment: 2.1200790213416587e-08 Bohr magnetons
Energy: -12.238927784081904 eV
Magnetic moment: 2.1200790213416587e-08 Bohr magnetons
Energy: -12.238927784081904 eV
Magnetic moment: 2.1200790213416587e-08 Bohr magnetons
Energy: -12.238927784081904 eV
Magnetic moment: 2.1200790213416587e-08 Bohr magnetons
Energy: -12.238927784081904 eV
Magnetic moment: 2.1200790213416587e-08 Bohr magnetons
Energy: -12.238927784081904 eV
Magnetic moment: 2.1200790213416587e-08 Bohr magnetons
Energy: -12.238927784081904 eV
Magnetic moment: 2.1200790213416587e-08 Bohr magnetons
Calculating q=[0.4 0.  0. ]
Calculating q=[0.4 0.  0. ]
Calculating q=[0.4 0.  0. ]
Calculating q=[0.4 0.  0. ]
Calculating q=[0.4 0.  0. ]
Calculating q=[0.4 0.  0. ]
Calculating q=[0.4 0.  0. ]
Calculating q=[0.4 0.  0. ]
Calculating q=[0.4 0.  0. ]
Calculating q=[0.4 0.  0. ]
Calculating q=[0.4 0.  0. ]
Calculating q=[0.4 0.  0. ]
Energy: -12.220864816061857 eV
Magnetic moment: -3.87350121947236e-12 Bohr magnetons
Calculating q=[0.45 0.   0.  ]
Energy: -12.220864816061857 eV
Magnetic moment: -3.87350121947236e-12 Bohr magnetons
Calculating q=[0.45 0.   0.  ]
Energy: -12.220864816061857 eV
Magnetic moment: -3.87350121947236e-12 Bohr magnetons
Calculating q=[0.45 0.   0.  ]
Energy: -12.220864816061857 eV
Magnetic moment: -3.87350121947236e-12 Bohr magnetons
Calculating q=[0.45 0.   0.  ]
Energy: -12.220864816061857 eV
Magnetic moment: -3.87350121947236e-12 Bohr magnetons
Calculating q=[0.45 0.   0.  ]
Energy: -12.220864816061857 eV
Magnetic moment: -3.87350121947236e-12 Bohr magnetons
Calculating q=[0.45 0.   0.  ]
Energy: -12.220864816061857 eV
Magnetic moment: -3.87350121947236e-12 Bohr magnetons
Calculating q=[0.45 0.   0.  ]
Energy: -12.220864816061857 eV
Magnetic moment: -3.87350121947236e-12 Bohr magnetons
Calculating q=[0.45 0.   0.  ]
Energy: -12.220864816061857 eV
Magnetic moment: -3.87350121947236e-12 Bohr magnetons
Calculating q=[0.45 0.   0.  ]
Energy: -12.220864816061857 eV
Magnetic moment: -3.87350121947236e-12 Bohr magnetons
Calculating q=[0.45 0.   0.  ]
Energy: -12.220864816061857 eV
Magnetic moment: -3.87350121947236e-12 Bohr magnetons
Calculating q=[0.45 0.   0.  ]
Energy: -12.220864816061857 eV
Magnetic moment: -3.87350121947236e-12 Bohr magnetons
Calculating q=[0.45 0.   0.  ]
Energy: -12.2071173776036 eV
Magnetic moment: 3.0340710423271173e-13 Bohr magnetons
Calculating q=[0.5 0.  0. ]
Energy: -12.2071173776036 eV
Magnetic moment: 3.0340710423271173e-13 Bohr magnetons
Calculating q=[0.5 0.  0. ]
Energy: -12.2071173776036 eV
Magnetic moment: 3.0340710423271173e-13 Bohr magnetons
Calculating q=[0.5 0.  0. ]
Energy: -12.2071173776036 eV
Magnetic moment: 3.0340710423271173e-13 Bohr magnetons
Calculating q=[0.5 0.  0. ]
Energy: -12.2071173776036 eV
Magnetic moment: 3.0340710423271173e-13 Bohr magnetons
Calculating q=[0.5 0.  0. ]
Energy: -12.2071173776036 eV
Magnetic moment: 3.0340710423271173e-13 Bohr magnetons
Calculating q=[0.5 0.  0. ]
Energy: -12.2071173776036 eV
Magnetic moment: 3.0340710423271173e-13 Bohr magnetons
Calculating q=[0.5 0.  0. ]
Energy: -12.2071173776036 eV
Magnetic moment: 3.0340710423271173e-13 Bohr magnetons
Calculating q=[0.5 0.  0. ]
Energy: -12.2071173776036 eV
Magnetic moment: 3.0340710423271173e-13 Bohr magnetons
Calculating q=[0.5 0.  0. ]
Energy: -12.2071173776036 eV
Magnetic moment: 3.0340710423271173e-13 Bohr magnetons
Calculating q=[0.5 0.  0. ]
Energy: -12.2071173776036 eV
Magnetic moment: 3.0340710423271173e-13 Bohr magnetons
Calculating q=[0.5 0.  0. ]
Energy: -12.2071173776036 eV
Magnetic moment: 3.0340710423271173e-13 Bohr magnetons
Calculating q=[0.5 0.  0. ]
Energy: -12.201673072021453 eV
Magnetic moment: -1.2687646226834195e-12 Bohr magnetons
Energy: -12.201673072021453 eV
Magnetic moment: -1.2687646226834195e-12 Bohr magnetons
Energy: -12.201673072021453 eV
Magnetic moment: -1.2687646226834195e-12 Bohr magnetons
Energy: -12.201673072021453 eV
Magnetic moment: -1.2687646226834195e-12 Bohr magnetons
Energy: -12.201673072021453 eV
Magnetic moment: -1.2687646226834195e-12 Bohr magnetons
Energy: -12.201673072021453 eV
Magnetic moment: -1.2687646226834195e-12 Bohr magnetons
Energy: -12.201673072021453 eV
Magnetic moment: -1.2687646226834195e-12 Bohr magnetons
Energy: -12.201673072021453 eV
Magnetic moment: -1.2687646226834195e-12 Bohr magnetons
Energy: -12.201673072021453 eV
Magnetic moment: -1.2687646226834195e-12 Bohr magnetons
Energy: -12.201673072021453 eV
Magnetic moment: -1.2687646226834195e-12 Bohr magnetons
Energy: -12.201673072021453 eV
Energy: -12.201673072021453 eV
Magnetic moment: -1.2687646226834195e-12 Bohr magnetons
Calculating q=[0.47222222 0.05555556 0.        ]
Calculating q=[0.47222222 0.05555556 0.        ]
Calculating q=[0.47222222 0.05555556 0.        ]
Calculating q=[0.47222222 0.05555556 0.        ]
Calculating q=[0.47222222 0.05555556 0.        ]
Calculating q=[0.47222222 0.05555556 0.        ]
Calculating q=[0.47222222 0.05555556 0.        ]
Calculating q=[0.47222222 0.05555556 0.        ]
Magnetic moment: -1.2687646226834195e-12 Bohr magnetons
Calculating q=[0.47222222 0.05555556 0.        ]
Calculating q=[0.47222222 0.05555556 0.        ]
Calculating q=[0.47222222 0.05555556 0.        ]
Calculating q=[0.47222222 0.05555556 0.        ]
Energy: -12.20533436573095 eV
Magnetic moment: 4.114693279363489e-14 Bohr magnetons
Energy: -12.20533436573095 eV
Magnetic moment: 4.114693279363489e-14 Bohr magnetons
Energy: -12.20533436573095 eV
Magnetic moment: 4.114693279363489e-14 Bohr magnetons
Energy: -12.20533436573095 eV
Magnetic moment: 4.114693279363489e-14 Bohr magnetons
Energy: -12.20533436573095 eV
Magnetic moment: 4.114693279363489e-14 Bohr magnetons
Energy: -12.20533436573095 eV
Magnetic moment: 4.114693279363489e-14 Bohr magnetons
Energy: -12.20533436573095 eV
Magnetic moment: 4.114693279363489e-14 Bohr magnetons
Energy: -12.20533436573095 eV
Magnetic moment: 4.114693279363489e-14 Bohr magnetons
Energy: -12.20533436573095 eV
Magnetic moment: 4.114693279363489e-14 Bohr magnetons
Energy: -12.20533436573095 eV
Magnetic moment: 4.114693279363489e-14 Bohr magnetons
Energy: -12.20533436573095 eV
Magnetic moment: 4.114693279363489e-14 Bohr magnetons
Energy: -12.20533436573095 eV
Magnetic moment: 4.114693279363489e-14 Bohr magnetons
Calculating q=[0.44444444 0.11111111 0.        ]
Calculating q=[0.44444444 0.11111111 0.        ]
Calculating q=[0.44444444 0.11111111 0.        ]
Calculating q=[0.44444444 0.11111111 0.        ]
Calculating q=[0.44444444 0.11111111 0.        ]
Calculating q=[0.44444444 0.11111111 0.        ]
Calculating q=[0.44444444 0.11111111 0.        ]
Calculating q=[0.44444444 0.11111111 0.        ]
Calculating q=[0.44444444 0.11111111 0.        ]
Calculating q=[0.44444444 0.11111111 0.        ]
Calculating q=[0.44444444 0.11111111 0.        ]
Calculating q=[0.44444444 0.11111111 0.        ]
Energy: -12.21508501469645 eV
Magnetic moment: 5.885667019179621e-14 Bohr magnetons
Energy: -12.21508501469645 eV
Magnetic moment: 5.885667019179621e-14 Bohr magnetons
Energy: -12.21508501469645 eV
Magnetic moment: 5.885667019179621e-14 Bohr magnetons
Energy: -12.21508501469645 eV
Magnetic moment: 5.885667019179621e-14 Bohr magnetons
Energy: -12.21508501469645 eV
Magnetic moment: 5.885667019179621e-14 Bohr magnetons
Energy: -12.21508501469645 eV
Magnetic moment: 5.885667019179621e-14 Bohr magnetons
Energy: -12.21508501469645 eV
Magnetic moment: 5.885667019179621e-14 Bohr magnetons
Energy: -12.21508501469645 eV
Magnetic moment: 5.885667019179621e-14 Bohr magnetons
Energy: -12.21508501469645 eV
Magnetic moment: 5.885667019179621e-14 Bohr magnetons
Energy: -12.21508501469645 eV
Magnetic moment: 5.885667019179621e-14 Bohr magnetons
Energy: -12.21508501469645 eV
Magnetic moment: 5.885667019179621e-14 Bohr magnetons
Energy: -12.21508501469645 eV
Magnetic moment: 5.885667019179621e-14 Bohr magnetons
Calculating q=[0.41666667 0.16666667 0.        ]
Calculating q=[0.41666667 0.16666667 0.        ]
Calculating q=[0.41666667 0.16666667 0.        ]
Calculating q=[0.41666667 0.16666667 0.        ]
Calculating q=[0.41666667 0.16666667 0.        ]
Calculating q=[0.41666667 0.16666667 0.        ]
Calculating q=[0.41666667 0.16666667 0.        ]
Calculating q=[0.41666667 0.16666667 0.        ]
Calculating q=[0.41666667 0.16666667 0.        ]
Calculating q=[0.41666667 0.16666667 0.        ]
Calculating q=[0.41666667 0.16666667 0.        ]
Calculating q=[0.41666667 0.16666667 0.        ]
Energy: -12.227463866359388 eV
Magnetic moment: 3.736533852998623e-14 Bohr magnetons
Energy: -12.227463866359388 eV
Magnetic moment: 3.736533852998623e-14 Bohr magnetons
Energy: -12.227463866359388 eV
Magnetic moment: 3.736533852998623e-14 Bohr magnetons
Energy: -12.227463866359388 eV
Magnetic moment: 3.736533852998623e-14 Bohr magnetons
Energy: -12.227463866359388 eV
Magnetic moment: 3.736533852998623e-14 Bohr magnetons
Energy: -12.227463866359388 eV
Magnetic moment: 3.736533852998623e-14 Bohr magnetons
Energy: -12.227463866359388 eV
Magnetic moment: 3.736533852998623e-14 Bohr magnetons
Energy: -12.227463866359388 eV
Magnetic moment: 3.736533852998623e-14 Bohr magnetons
Energy: -12.227463866359388 eV
Magnetic moment: 3.736533852998623e-14 Bohr magnetons
Energy: -12.227463866359388 eV
Magnetic moment: 3.736533852998623e-14 Bohr magnetons
Energy: -12.227463866359388 eV
Magnetic moment: 3.736533852998623e-14 Bohr magnetons
Energy: -12.227463866359388 eV
Magnetic moment: 3.736533852998623e-14 Bohr magnetons
Calculating q=[0.38888889 0.22222222 0.        ]
Calculating q=[0.38888889 0.22222222 0.        ]
Calculating q=[0.38888889 0.22222222 0.        ]
Calculating q=[0.38888889 0.22222222 0.        ]
Calculating q=[0.38888889 0.22222222 0.        ]
Calculating q=[0.38888889 0.22222222 0.        ]
Calculating q=[0.38888889 0.22222222 0.        ]
Calculating q=[0.38888889 0.22222222 0.        ]
Calculating q=[0.38888889 0.22222222 0.        ]
Calculating q=[0.38888889 0.22222222 0.        ]
Calculating q=[0.38888889 0.22222222 0.        ]
Calculating q=[0.38888889 0.22222222 0.        ]
Energy: -12.238048678965589 eV
Magnetic moment: -5.763306770671212e-14 Bohr magnetons
Energy: -12.238048678965589 eV
Magnetic moment: -5.763306770671212e-14 Bohr magnetons
Energy: -12.238048678965589 eV
Magnetic moment: -5.763306770671212e-14 Bohr magnetons
Energy: -12.238048678965589 eV
Magnetic moment: -5.763306770671212e-14 Bohr magnetons
Energy: -12.238048678965589 eV
Magnetic moment: -5.763306770671212e-14 Bohr magnetons
Energy: -12.238048678965589 eV
Magnetic moment: -5.763306770671212e-14 Bohr magnetons
Energy: -12.238048678965589 eV
Magnetic moment: -5.763306770671212e-14 Bohr magnetons
Energy: -12.238048678965589 eV
Magnetic moment: -5.763306770671212e-14 Bohr magnetons
Energy: -12.238048678965589 eV
Magnetic moment: -5.763306770671212e-14 Bohr magnetons
Energy: -12.238048678965589 eV
Magnetic moment: -5.763306770671212e-14 Bohr magnetons
Energy: -12.238048678965589 eV
Magnetic moment: -5.763306770671212e-14 Bohr magnetons
Energy: -12.238048678965589 eV
Magnetic moment: -5.763306770671212e-14 Bohr magnetons
Calculating q=[0.36111111 0.27777778 0.        ]
Calculating q=[0.36111111 0.27777778 0.        ]
Calculating q=[0.36111111 0.27777778 0.        ]
Calculating q=[0.36111111 0.27777778 0.        ]
Calculating q=[0.36111111 0.27777778 0.        ]
Calculating q=[0.36111111 0.27777778 0.        ]
Calculating q=[0.36111111 0.27777778 0.        ]
Calculating q=[0.36111111 0.27777778 0.        ]
Calculating q=[0.36111111 0.27777778 0.        ]
Calculating q=[0.36111111 0.27777778 0.        ]
Calculating q=[0.36111111 0.27777778 0.        ]
Calculating q=[0.36111111 0.27777778 0.        ]
Energy: -12.24403267989196 eV
Magnetic moment: 1.9399449240976543e-14 Bohr magnetons
Energy: -12.24403267989196 eV
Magnetic moment: 1.9399449240976543e-14 Bohr magnetons
Energy: -12.24403267989196 eV
Magnetic moment: 1.9399449240976543e-14 Bohr magnetons
Energy: -12.24403267989196 eV
Magnetic moment: 1.9399449240976543e-14 Bohr magnetons
Energy: -12.24403267989196 eV
Magnetic moment: 1.9399449240976543e-14 Bohr magnetons
Energy: -12.24403267989196 eV
Magnetic moment: 1.9399449240976543e-14 Bohr magnetons
Energy: -12.24403267989196 eV
Magnetic moment: 1.9399449240976543e-14 Bohr magnetons
Energy: -12.24403267989196 eV
Magnetic moment: 1.9399449240976543e-14 Bohr magnetons
Energy: -12.24403267989196 eV
Magnetic moment: 1.9399449240976543e-14 Bohr magnetons
Energy: -12.24403267989196 eV
Magnetic moment: 1.9399449240976543e-14 Bohr magnetons
Energy: -12.24403267989196 eV
Magnetic moment: 1.9399449240976543e-14 Bohr magnetons
Energy: -12.24403267989196 eV
Magnetic moment: 1.9399449240976543e-14 Bohr magnetons
Calculating q=[0.33333333 0.33333333 0.        ]
Calculating q=[0.33333333 0.33333333 0.        ]
Calculating q=[0.33333333 0.33333333 0.        ]
Calculating q=[0.33333333 0.33333333 0.        ]
Calculating q=[0.33333333 0.33333333 0.        ]
Calculating q=[0.33333333 0.33333333 0.        ]
Calculating q=[0.33333333 0.33333333 0.        ]
Calculating q=[0.33333333 0.33333333 0.        ]
Calculating q=[0.33333333 0.33333333 0.        ]
Calculating q=[0.33333333 0.33333333 0.        ]
Calculating q=[0.33333333 0.33333333 0.        ]
Calculating q=[0.33333333 0.33333333 0.        ]
Energy: -12.245441059800132 eV
Magnetic moment: 3.177527131100959e-11 Bohr magnetons
Energy: -12.245441059800132 eV
Magnetic moment: 3.177527131100959e-11 Bohr magnetons
Energy: -12.245441059800132 eV
Magnetic moment: 3.177527131100959e-11 Bohr magnetons
Energy: -12.245441059800132 eV
Magnetic moment: 3.177527131100959e-11 Bohr magnetons
Energy: -12.245441059800132 eV
Magnetic moment: 3.177527131100959e-11 Bohr magnetons
Energy: -12.245441059800132 eV
Magnetic moment: 3.177527131100959e-11 Bohr magnetons
Energy: -12.245441059800132 eV
Magnetic moment: 3.177527131100959e-11 Bohr magnetons
Energy: -12.245441059800132 eV
Magnetic moment: 3.177527131100959e-11 Bohr magnetons
Energy: -12.245441059800132 eV
Magnetic moment: 3.177527131100959e-11 Bohr magnetons
Energy: -12.245441059800132 eV
Magnetic moment: 3.177527131100959e-11 Bohr magnetons
Energy: -12.245441059800132 eV
Magnetic moment: 3.177527131100959e-11 Bohr magnetons
Energy: -12.245441059800132 eV
Magnetic moment: 3.177527131100959e-11 Bohr magnetons
Calculating q=[0.30952381 0.30952381 0.        ]
Calculating q=[0.30952381 0.30952381 0.        ]
Calculating q=[0.30952381 0.30952381 0.        ]
Calculating q=[0.30952381 0.30952381 0.        ]
Calculating q=[0.30952381 0.30952381 0.        ]
Calculating q=[0.30952381 0.30952381 0.        ]
Calculating q=[0.30952381 0.30952381 0.        ]
Calculating q=[0.30952381 0.30952381 0.        ]
Calculating q=[0.30952381 0.30952381 0.        ]
Calculating q=[0.30952381 0.30952381 0.        ]
Calculating q=[0.30952381 0.30952381 0.        ]
Calculating q=[0.30952381 0.30952381 0.        ]
Energy: -12.245326773449571 eV
Magnetic moment: -3.325933805813692e-15 Bohr magnetons
Energy: -12.245326773449571 eV
Magnetic moment: -3.325933805813692e-15 Bohr magnetons
Energy: -12.245326773449571 eV
Magnetic moment: -3.325933805813692e-15 Bohr magnetons
Energy: -12.245326773449571 eV
Magnetic moment: -3.325933805813692e-15 Bohr magnetons
Energy: -12.245326773449571 eV
Magnetic moment: -3.325933805813692e-15 Bohr magnetons
Energy: -12.245326773449571 eV
Magnetic moment: -3.325933805813692e-15 Bohr magnetons
Energy: -12.245326773449571 eV
Magnetic moment: -3.325933805813692e-15 Bohr magnetons
Energy: -12.245326773449571 eV
Magnetic moment: -3.325933805813692e-15 Bohr magnetons
Energy: -12.245326773449571 eV
Magnetic moment: -3.325933805813692e-15 Bohr magnetons
Energy: -12.245326773449571 eV
Magnetic moment: -3.325933805813692e-15 Bohr magnetons
Energy: -12.245326773449571 eV
Magnetic moment: -3.325933805813692e-15 Bohr magnetons
Calculating q=[0.28571429 0.28571429 0.        ]
Energy: -12.245326773449571 eV
Magnetic moment: -3.325933805813692e-15 Bohr magnetons
Calculating q=[0.28571429 0.28571429 0.        ]
Calculating q=[0.28571429 0.28571429 0.        ]
Calculating q=[0.28571429 0.28571429 0.        ]
Calculating q=[0.28571429 0.28571429 0.        ]
Calculating q=[0.28571429 0.28571429 0.        ]
Calculating q=[0.28571429 0.28571429 0.        ]
Calculating q=[0.28571429 0.28571429 0.        ]
Calculating q=[0.28571429 0.28571429 0.        ]
Calculating q=[0.28571429 0.28571429 0.        ]
Calculating q=[0.28571429 0.28571429 0.        ]
Calculating q=[0.28571429 0.28571429 0.        ]
Energy: -12.24509229731869 eV
Magnetic moment: 3.3640429552645126e-13 Bohr magnetons
Energy: -12.24509229731869 eV
Magnetic moment: 3.3640429552645126e-13 Bohr magnetons
Energy: -12.24509229731869 eV
Magnetic moment: 3.3640429552645126e-13 Bohr magnetons
Energy: -12.24509229731869 eV
Magnetic moment: 3.3640429552645126e-13 Bohr magnetons
Energy: -12.24509229731869 eV
Magnetic moment: 3.3640429552645126e-13 Bohr magnetons
Energy: -12.24509229731869 eV
Magnetic moment: 3.3640429552645126e-13 Bohr magnetons
Energy: -12.24509229731869 eV
Magnetic moment: 3.3640429552645126e-13 Bohr magnetons
Energy: -12.24509229731869 eV
Magnetic moment: 3.3640429552645126e-13 Bohr magnetons
Energy: -12.24509229731869 eV
Magnetic moment: 3.3640429552645126e-13 Bohr magnetons
Energy: -12.24509229731869 eV
Magnetic moment: 3.3640429552645126e-13 Bohr magnetons
Energy: -12.24509229731869 eV
Magnetic moment: 3.3640429552645126e-13 Bohr magnetons
Energy: -12.24509229731869 eV
Magnetic moment: 3.3640429552645126e-13 Bohr magnetons
Calculating q=[0.26190476 0.26190476 0.        ]
Calculating q=[0.26190476 0.26190476 0.        ]
Calculating q=[0.26190476 0.26190476 0.        ]
Calculating q=[0.26190476 0.26190476 0.        ]
Calculating q=[0.26190476 0.26190476 0.        ]
Calculating q=[0.26190476 0.26190476 0.        ]
Calculating q=[0.26190476 0.26190476 0.        ]
Calculating q=[0.26190476 0.26190476 0.        ]
Calculating q=[0.26190476 0.26190476 0.        ]
Calculating q=[0.26190476 0.26190476 0.        ]
Calculating q=[0.26190476 0.26190476 0.        ]
Calculating q=[0.26190476 0.26190476 0.        ]
Energy: -12.246238718330023 eV
Magnetic moment: 1.177289989832124e-12 Bohr magnetons
Energy: -12.246238718330023 eV
Magnetic moment: 1.177289989832124e-12 Bohr magnetons
Energy: -12.246238718330023 eV
Magnetic moment: 1.177289989832124e-12 Bohr magnetons
Energy: -12.246238718330023 eV
Magnetic moment: 1.177289989832124e-12 Bohr magnetons
Energy: -12.246238718330023 eV
Magnetic moment: 1.177289989832124e-12 Bohr magnetons
Energy: -12.246238718330023 eV
Magnetic moment: 1.177289989832124e-12 Bohr magnetons
Energy: -12.246238718330023 eV
Magnetic moment: 1.177289989832124e-12 Bohr magnetons
Energy: -12.246238718330023 eV
Magnetic moment: 1.177289989832124e-12 Bohr magnetons
Energy: -12.246238718330023 eV
Magnetic moment: 1.177289989832124e-12 Bohr magnetons
Energy: -12.246238718330023 eV
Magnetic moment: 1.177289989832124e-12 Bohr magnetons
Energy: -12.246238718330023 eV
Magnetic moment: 1.177289989832124e-12 Bohr magnetons
Calculating q=[0.23809524 0.23809524 0.        ]
Calculating q=[0.23809524 0.23809524 0.        ]
Calculating q=[0.23809524 0.23809524 0.        ]
Calculating q=[0.23809524 0.23809524 0.        ]
Calculating q=[0.23809524 0.23809524 0.        ]
Calculating q=[0.23809524 0.23809524 0.        ]
Energy: -12.246238718330023 eV
Magnetic moment: 1.177289989832124e-12 Bohr magnetons
Calculating q=[0.23809524 0.23809524 0.        ]
Calculating q=[0.23809524 0.23809524 0.        ]
Calculating q=[0.23809524 0.23809524 0.        ]
Calculating q=[0.23809524 0.23809524 0.        ]
Calculating q=[0.23809524 0.23809524 0.        ]
Calculating q=[0.23809524 0.23809524 0.        ]
Energy: -12.249665297352712 eV
Magnetic moment: 1.1315681431738242e-11 Bohr magnetons
Energy: -12.249665297352712 eV
Magnetic moment: 1.1315681431738242e-11 Bohr magnetons
Energy: -12.249665297352712 eV
Magnetic moment: 1.1315681431738242e-11 Bohr magnetons
Energy: -12.249665297352712 eV
Magnetic moment: 1.1315681431738242e-11 Bohr magnetons
Energy: -12.249665297352712 eV
Magnetic moment: 1.1315681431738242e-11 Bohr magnetons
Energy: -12.249665297352712 eV
Magnetic moment: 1.1315681431738242e-11 Bohr magnetons
Energy: -12.249665297352712 eV
Magnetic moment: 1.1315681431738242e-11 Bohr magnetons
Energy: -12.249665297352712 eV
Magnetic moment: 1.1315681431738242e-11 Bohr magnetons
Energy: -12.249665297352712 eV
Magnetic moment: 1.1315681431738242e-11 Bohr magnetons
Energy: -12.249665297352712 eV
Magnetic moment: 1.1315681431738242e-11 Bohr magnetons
Energy: -12.249665297352712 eV
Magnetic moment: 1.1315681431738242e-11 Bohr magnetons
Calculating q=[0.21428571 0.21428571 0.        ]
Energy: -12.249665297352712 eV
Magnetic moment: 1.1315681431738242e-11 Bohr magnetons
Calculating q=[0.21428571 0.21428571 0.        ]
Calculating q=[0.21428571 0.21428571 0.        ]
Calculating q=[0.21428571 0.21428571 0.        ]
Calculating q=[0.21428571 0.21428571 0.        ]
Calculating q=[0.21428571 0.21428571 0.        ]
Calculating q=[0.21428571 0.21428571 0.        ]
Calculating q=[0.21428571 0.21428571 0.        ]
Calculating q=[0.21428571 0.21428571 0.        ]
Calculating q=[0.21428571 0.21428571 0.        ]
Calculating q=[0.21428571 0.21428571 0.        ]
Calculating q=[0.21428571 0.21428571 0.        ]
Energy: -12.255145649556686 eV
Magnetic moment: 1.4135271157508889e-13 Bohr magnetons
Calculating q=[0.19047619 0.19047619 0.        ]
Energy: -12.255145649556686 eV
Magnetic moment: 1.4135271157508889e-13 Bohr magnetons
Calculating q=[0.19047619 0.19047619 0.        ]
Energy: -12.255145649556686 eV
Magnetic moment: 1.4135271157508889e-13 Bohr magnetons
Calculating q=[0.19047619 0.19047619 0.        ]
Energy: -12.255145649556686 eV
Magnetic moment: 1.4135271157508889e-13 Bohr magnetons
Calculating q=[0.19047619 0.19047619 0.        ]
Energy: -12.255145649556686 eV
Magnetic moment: 1.4135271157508889e-13 Bohr magnetons
Calculating q=[0.19047619 0.19047619 0.        ]
Energy: -12.255145649556686 eV
Magnetic moment: 1.4135271157508889e-13 Bohr magnetons
Calculating q=[0.19047619 0.19047619 0.        ]
Energy: -12.255145649556686 eV
Magnetic moment: 1.4135271157508889e-13 Bohr magnetons
Calculating q=[0.19047619 0.19047619 0.        ]
Energy: -12.255145649556686 eV
Magnetic moment: 1.4135271157508889e-13 Bohr magnetons
Calculating q=[0.19047619 0.19047619 0.        ]
Energy: -12.255145649556686 eV
Magnetic moment: 1.4135271157508889e-13 Bohr magnetons
Calculating q=[0.19047619 0.19047619 0.        ]
Energy: -12.255145649556686 eV
Magnetic moment: 1.4135271157508889e-13 Bohr magnetons
Calculating q=[0.19047619 0.19047619 0.        ]
Energy: -12.255145649556686 eV
Magnetic moment: 1.4135271157508889e-13 Bohr magnetons
Calculating q=[0.19047619 0.19047619 0.        ]
Energy: -12.255145649556686 eV
Magnetic moment: 1.4135271157508889e-13 Bohr magnetons
Calculating q=[0.19047619 0.19047619 0.        ]
Energy: -12.261727391463028 eV
Magnetic moment: 1.8625461199874063e-11 Bohr magnetons
Energy: -12.261727391463028 eV
Magnetic moment: 1.8625461199874063e-11 Bohr magnetons
Energy: -12.261727391463028 eV
Magnetic moment: 1.8625461199874063e-11 Bohr magnetons
Energy: -12.261727391463028 eV
Magnetic moment: 1.8625461199874063e-11 Bohr magnetons
Energy: -12.261727391463028 eV
Magnetic moment: 1.8625461199874063e-11 Bohr magnetons
Energy: -12.261727391463028 eV
Magnetic moment: 1.8625461199874063e-11 Bohr magnetons
Energy: -12.261727391463028 eV
Magnetic moment: 1.8625461199874063e-11 Bohr magnetons
Energy: -12.261727391463028 eV
Magnetic moment: 1.8625461199874063e-11 Bohr magnetons
Energy: -12.261727391463028 eV
Magnetic moment: 1.8625461199874063e-11 Bohr magnetons
Energy: -12.261727391463028 eV
Magnetic moment: 1.8625461199874063e-11 Bohr magnetons
Energy: -12.261727391463028 eV
Magnetic moment: 1.8625461199874063e-11 Bohr magnetons
Energy: -12.261727391463028 eV
Magnetic moment: 1.8625461199874063e-11 Bohr magnetons
Calculating q=[0.16666667 0.16666667 0.        ]
Calculating q=[0.16666667 0.16666667 0.        ]
Calculating q=[0.16666667 0.16666667 0.        ]
Calculating q=[0.16666667 0.16666667 0.        ]
Calculating q=[0.16666667 0.16666667 0.        ]
Calculating q=[0.16666667 0.16666667 0.        ]
Calculating q=[0.16666667 0.16666667 0.        ]
Calculating q=[0.16666667 0.16666667 0.        ]
Calculating q=[0.16666667 0.16666667 0.        ]
Calculating q=[0.16666667 0.16666667 0.        ]
Calculating q=[0.16666667 0.16666667 0.        ]
Calculating q=[0.16666667 0.16666667 0.        ]
Energy: -12.267766713893716 eV
Magnetic moment: -4.4953062342925165e-11 Bohr magnetons
Energy: -12.267766713893716 eV
Magnetic moment: -4.4953062342925165e-11 Bohr magnetons
Energy: -12.267766713893716 eV
Magnetic moment: -4.4953062342925165e-11 Bohr magnetons
Energy: -12.267766713893716 eV
Magnetic moment: -4.4953062342925165e-11 Bohr magnetons
Energy: -12.267766713893716 eV
Magnetic moment: -4.4953062342925165e-11 Bohr magnetons
Energy: -12.267766713893716 eV
Magnetic moment: -4.4953062342925165e-11 Bohr magnetons
Energy: -12.267766713893716 eV
Magnetic moment: -4.4953062342925165e-11 Bohr magnetons
Energy: -12.267766713893716 eV
Magnetic moment: -4.4953062342925165e-11 Bohr magnetons
Energy: -12.267766713893716 eV
Magnetic moment: -4.4953062342925165e-11 Bohr magnetons
Energy: -12.267766713893716 eV
Magnetic moment: -4.4953062342925165e-11 Bohr magnetons
Energy: -12.267766713893716 eV
Magnetic moment: -4.4953062342925165e-11 Bohr magnetons
Energy: -12.267766713893716 eV
Magnetic moment: -4.4953062342925165e-11 Bohr magnetons
Calculating q=[0.14285714 0.14285714 0.        ]
Calculating q=[0.14285714 0.14285714 0.        ]
Calculating q=[0.14285714 0.14285714 0.        ]
Calculating q=[0.14285714 0.14285714 0.        ]
Calculating q=[0.14285714 0.14285714 0.        ]
Calculating q=[0.14285714 0.14285714 0.        ]
Calculating q=[0.14285714 0.14285714 0.        ]
Calculating q=[0.14285714 0.14285714 0.        ]
Calculating q=[0.14285714 0.14285714 0.        ]
Calculating q=[0.14285714 0.14285714 0.        ]
Calculating q=[0.14285714 0.14285714 0.        ]
Calculating q=[0.14285714 0.14285714 0.        ]
Energy: -12.27150562858132 eV
Magnetic moment: 4.4675391060744456e-14 Bohr magnetons
Energy: -12.27150562858132 eV
Magnetic moment: 4.4675391060744456e-14 Bohr magnetons
Energy: -12.27150562858132 eV
Magnetic moment: 4.4675391060744456e-14 Bohr magnetons
Energy: -12.27150562858132 eV
Magnetic moment: 4.4675391060744456e-14 Bohr magnetons
Energy: -12.27150562858132 eV
Magnetic moment: 4.4675391060744456e-14 Bohr magnetons
Energy: -12.27150562858132 eV
Magnetic moment: 4.4675391060744456e-14 Bohr magnetons
Energy: -12.27150562858132 eV
Magnetic moment: 4.4675391060744456e-14 Bohr magnetons
Energy: -12.27150562858132 eV
Magnetic moment: 4.4675391060744456e-14 Bohr magnetons
Energy: -12.27150562858132 eV
Magnetic moment: 4.4675391060744456e-14 Bohr magnetons
Energy: -12.27150562858132 eV
Magnetic moment: 4.4675391060744456e-14 Bohr magnetons
Energy: -12.27150562858132 eV
Magnetic moment: 4.4675391060744456e-14 Bohr magnetons
Energy: -12.27150562858132 eV
Magnetic moment: 4.4675391060744456e-14 Bohr magnetons
Calculating q=[0.11904762 0.11904762 0.        ]
Calculating q=[0.11904762 0.11904762 0.        ]
Calculating q=[0.11904762 0.11904762 0.        ]
Calculating q=[0.11904762 0.11904762 0.        ]
Calculating q=[0.11904762 0.11904762 0.        ]
Calculating q=[0.11904762 0.11904762 0.        ]
Calculating q=[0.11904762 0.11904762 0.        ]
Calculating q=[0.11904762 0.11904762 0.        ]
Calculating q=[0.11904762 0.11904762 0.        ]
Calculating q=[0.11904762 0.11904762 0.        ]
Calculating q=[0.11904762 0.11904762 0.        ]
Calculating q=[0.11904762 0.11904762 0.        ]
Energy: -12.271620169891474 eV
Magnetic moment: -1.705051971615002e-14 Bohr magnetons
Energy: -12.271620169891474 eV
Magnetic moment: -1.705051971615002e-14 Bohr magnetons
Energy: -12.271620169891474 eV
Magnetic moment: -1.705051971615002e-14 Bohr magnetons
Energy: -12.271620169891474 eV
Magnetic moment: -1.705051971615002e-14 Bohr magnetons
Energy: -12.271620169891474 eV
Magnetic moment: -1.705051971615002e-14 Bohr magnetons
Energy: -12.271620169891474 eV
Magnetic moment: -1.705051971615002e-14 Bohr magnetons
Energy: -12.271620169891474 eV
Magnetic moment: -1.705051971615002e-14 Bohr magnetons
Energy: -12.271620169891474 eV
Magnetic moment: -1.705051971615002e-14 Bohr magnetons
Energy: -12.271620169891474 eV
Magnetic moment: -1.705051971615002e-14 Bohr magnetons
Energy: -12.271620169891474 eV
Magnetic moment: -1.705051971615002e-14 Bohr magnetons
Energy: -12.271620169891474 eV
Magnetic moment: -1.705051971615002e-14 Bohr magnetons
Energy: -12.271620169891474 eV
Magnetic moment: -1.705051971615002e-14 Bohr magnetons
Calculating q=[0.0952381 0.0952381 0.       ]
Calculating q=[0.0952381 0.0952381 0.       ]
Calculating q=[0.0952381 0.0952381 0.       ]
Calculating q=[0.0952381 0.0952381 0.       ]
Calculating q=[0.0952381 0.0952381 0.       ]
Calculating q=[0.0952381 0.0952381 0.       ]
Calculating q=[0.0952381 0.0952381 0.       ]
Calculating q=[0.0952381 0.0952381 0.       ]
Calculating q=[0.0952381 0.0952381 0.       ]
Calculating q=[0.0952381 0.0952381 0.       ]
Calculating q=[0.0952381 0.0952381 0.       ]
Calculating q=[0.0952381 0.0952381 0.       ]
Energy: -12.267743656698242 eV
Magnetic moment: 2.0359419567939568e-14 Bohr magnetons
Calculating q=[0.07142857 0.07142857 0.        ]
Energy: -12.267743656698242 eV
Magnetic moment: 2.0359419567939568e-14 Bohr magnetons
Calculating q=[0.07142857 0.07142857 0.        ]
Energy: -12.267743656698242 eV
Magnetic moment: 2.0359419567939568e-14 Bohr magnetons
Calculating q=[0.07142857 0.07142857 0.        ]
Energy: -12.267743656698242 eV
Magnetic moment: 2.0359419567939568e-14 Bohr magnetons
Calculating q=[0.07142857 0.07142857 0.        ]
Energy: -12.267743656698242 eV
Magnetic moment: 2.0359419567939568e-14 Bohr magnetons
Calculating q=[0.07142857 0.07142857 0.        ]
Energy: -12.267743656698242 eV
Magnetic moment: 2.0359419567939568e-14 Bohr magnetons
Calculating q=[0.07142857 0.07142857 0.        ]
Energy: -12.267743656698242 eV
Magnetic moment: 2.0359419567939568e-14 Bohr magnetons
Calculating q=[0.07142857 0.07142857 0.        ]
Energy: -12.267743656698242 eV
Magnetic moment: 2.0359419567939568e-14 Bohr magnetons
Calculating q=[0.07142857 0.07142857 0.        ]
Energy: -12.267743656698242 eV
Magnetic moment: 2.0359419567939568e-14 Bohr magnetons
Calculating q=[0.07142857 0.07142857 0.        ]
Energy: -12.267743656698242 eV
Magnetic moment: 2.0359419567939568e-14 Bohr magnetons
Calculating q=[0.07142857 0.07142857 0.        ]
Energy: -12.267743656698242 eV
Magnetic moment: 2.0359419567939568e-14 Bohr magnetons
Calculating q=[0.07142857 0.07142857 0.        ]
Energy: -12.267743656698242 eV
Magnetic moment: 2.0359419567939568e-14 Bohr magnetons
Calculating q=[0.07142857 0.07142857 0.        ]
Energy: -12.260750734361547 eV
Magnetic moment: -1.3340332630885551e-14 Bohr magnetons
Energy: -12.260750734361547 eV
Magnetic moment: -1.3340332630885551e-14 Bohr magnetons
Energy: -12.260750734361547 eV
Magnetic moment: -1.3340332630885551e-14 Bohr magnetons
Energy: -12.260750734361547 eV
Magnetic moment: -1.3340332630885551e-14 Bohr magnetons
Energy: -12.260750734361547 eV
Magnetic moment: -1.3340332630885551e-14 Bohr magnetons
Energy: -12.260750734361547 eV
Magnetic moment: -1.3340332630885551e-14 Bohr magnetons
Energy: -12.260750734361547 eV
Magnetic moment: -1.3340332630885551e-14 Bohr magnetons
Energy: -12.260750734361547 eV
Magnetic moment: -1.3340332630885551e-14 Bohr magnetons
Energy: -12.260750734361547 eV
Magnetic moment: -1.3340332630885551e-14 Bohr magnetons
Energy: -12.260750734361547 eV
Magnetic moment: -1.3340332630885551e-14 Bohr magnetons
Energy: -12.260750734361547 eV
Magnetic moment: -1.3340332630885551e-14 Bohr magnetons
Energy: -12.260750734361547 eV
Magnetic moment: -1.3340332630885551e-14 Bohr magnetons
Calculating q=[0.04761905 0.04761905 0.        ]
Calculating q=[0.04761905 0.04761905 0.        ]
Calculating q=[0.04761905 0.04761905 0.        ]
Calculating q=[0.04761905 0.04761905 0.        ]
Calculating q=[0.04761905 0.04761905 0.        ]
Calculating q=[0.04761905 0.04761905 0.        ]
Calculating q=[0.04761905 0.04761905 0.        ]
Calculating q=[0.04761905 0.04761905 0.        ]
Calculating q=[0.04761905 0.04761905 0.        ]
Calculating q=[0.04761905 0.04761905 0.        ]
Calculating q=[0.04761905 0.04761905 0.        ]
Calculating q=[0.04761905 0.04761905 0.        ]
Energy: -12.252740866865016 eV
Magnetic moment: -2.6466912391123727e-15 Bohr magnetons
Energy: -12.252740866865016 eV
Magnetic moment: -2.6466912391123727e-15 Bohr magnetons
Energy: -12.252740866865016 eV
Magnetic moment: -2.6466912391123727e-15 Bohr magnetons
Energy: -12.252740866865016 eV
Magnetic moment: -2.6466912391123727e-15 Bohr magnetons
Energy: -12.252740866865016 eV
Magnetic moment: -2.6466912391123727e-15 Bohr magnetons
Energy: -12.252740866865016 eV
Magnetic moment: -2.6466912391123727e-15 Bohr magnetons
Energy: -12.252740866865016 eV
Magnetic moment: -2.6466912391123727e-15 Bohr magnetons
Energy: -12.252740866865016 eV
Magnetic moment: -2.6466912391123727e-15 Bohr magnetons
Energy: -12.252740866865016 eV
Magnetic moment: -2.6466912391123727e-15 Bohr magnetons
Energy: -12.252740866865016 eV
Magnetic moment: -2.6466912391123727e-15 Bohr magnetons
Energy: -12.252740866865016 eV
Magnetic moment: -2.6466912391123727e-15 Bohr magnetons
Energy: -12.252740866865016 eV
Magnetic moment: -2.6466912391123727e-15 Bohr magnetons
Calculating q=[0.02380952 0.02380952 0.        ]
Calculating q=[0.02380952 0.02380952 0.        ]
Calculating q=[0.02380952 0.02380952 0.        ]
Calculating q=[0.02380952 0.02380952 0.        ]
Calculating q=[0.02380952 0.02380952 0.        ]
Calculating q=[0.02380952 0.02380952 0.        ]
Calculating q=[0.02380952 0.02380952 0.        ]
Calculating q=[0.02380952 0.02380952 0.        ]
Calculating q=[0.02380952 0.02380952 0.        ]
Calculating q=[0.02380952 0.02380952 0.        ]
Calculating q=[0.02380952 0.02380952 0.        ]
Calculating q=[0.02380952 0.02380952 0.        ]
Energy: -12.245788067223957 eV
Magnetic moment: -1.9897336068326877e-14 Bohr magnetons
Calculating q=[0. 0. 0.]
Energy: -12.245788067223957 eV
Magnetic moment: -1.9897336068326877e-14 Bohr magnetons
Calculating q=[0. 0. 0.]
Energy: -12.245788067223957 eV
Magnetic moment: -1.9897336068326877e-14 Bohr magnetons
Calculating q=[0. 0. 0.]
Energy: -12.245788067223957 eV
Magnetic moment: -1.9897336068326877e-14 Bohr magnetons
Calculating q=[0. 0. 0.]
Energy: -12.245788067223957 eV
Magnetic moment: -1.9897336068326877e-14 Bohr magnetons
Calculating q=[0. 0. 0.]
Energy: -12.245788067223957 eV
Magnetic moment: -1.9897336068326877e-14 Bohr magnetons
Calculating q=[0. 0. 0.]
Energy: -12.245788067223957 eV
Magnetic moment: -1.9897336068326877e-14 Bohr magnetons
Calculating q=[0. 0. 0.]
Energy: -12.245788067223957 eV
Magnetic moment: -1.9897336068326877e-14 Bohr magnetons
Calculating q=[0. 0. 0.]
Energy: -12.245788067223957 eV
Magnetic moment: -1.9897336068326877e-14 Bohr magnetons
Calculating q=[0. 0. 0.]
Energy: -12.245788067223957 eV
Magnetic moment: -1.9897336068326877e-14 Bohr magnetons
Calculating q=[0. 0. 0.]
Energy: -12.245788067223957 eV
Magnetic moment: -1.9897336068326877e-14 Bohr magnetons
Calculating q=[0. 0. 0.]
Energy: -12.245788067223957 eV
Magnetic moment: -1.9897336068326877e-14 Bohr magnetons
Calculating q=[0. 0. 0.]
Energy: -12.244360187894337 eV
Magnetic moment: 1.0306795672092483e-09 Bohr magnetons
Energy: -12.244360187894337 eV
Magnetic moment: 1.0306795672092483e-09 Bohr magnetons
Energy: -12.244360187894337 eV
Magnetic moment: 1.0306795672092483e-09 Bohr magnetons
Energy: -12.244360187894337 eV
Magnetic moment: 1.0306795672092483e-09 Bohr magnetons
Energy: -12.244360187894337 eV
Magnetic moment: 1.0306795672092483e-09 Bohr magnetons
Energy: -12.244360187894337 eV
Magnetic moment: 1.0306795672092483e-09 Bohr magnetons
Energy: -12.244360187894337 eV
Magnetic moment: 1.0306795672092483e-09 Bohr magnetons
Energy: -12.244360187894337 eV
Magnetic moment: 1.0306795672092483e-09 Bohr magnetons
Energy: -12.244360187894337 eV
Magnetic moment: 1.0306795672092483e-09 Bohr magnetons
Energy: -12.244360187894337 eV
Magnetic moment: 1.0306795672092483e-09 Bohr magnetons
Energy: -12.244360187894337 eV
Magnetic moment: 1.0306795672092483e-09 Bohr magnetons
Energy: -12.244360187894337 eV
Magnetic moment: 1.0306795672092483e-09 Bohr magnetons

------------------------------------------------------------
Sender: LSF System <lsfadmin@hpc.dtu.dk>
Subject: Job 21540920: <plot_4.py> in cluster <dcc> Done

Job <plot_4.py> was submitted from host <n-62-27-22> by user <s194113> in cluster <dcc> at Mon Apr 22 12:38:05 2024
Job was executed on host(s) <12*n-62-29-10>, in queue <hpc>, as user <s194113> in cluster <dcc> at Mon Apr 22 23:39:42 2024
</zhome/87/8/147075> was used as the home directory.
</zhome/87/8/147075/10302/10302_NM/NiI2/E_con> was used as the working directory.
Started at Mon Apr 22 23:39:42 2024
Terminated at Tue Apr 23 02:49:19 2024
Results reported at Tue Apr 23 02:49:19 2024

Your job looked like:

------------------------------------------------------------
# LSBATCH: User input
#!/bin/bash -l
id=$LSB_JOBID
mq=/zhome/87/8/147075/.myqueue/lsf-$id
source /zhome/87/8/147075/venv-name/bin/activate
echo "venv: /zhome/87/8/147075/venv-name/bin/activate"
(touch $mq-0 && \
 cd '/zhome/87/8/147075/10302/10302_NM/NiI2/E_con' && \
 mpiexec python3 plot_4.py && \
 touch $mq-1) || \
(touch $mq-2; exit 1)

------------------------------------------------------------

Successfully completed.

Resource usage summary:

    CPU time :                                   136385.53 sec.
    Max Memory :                                 11111 MB
    Average Memory :                             7508.07 MB
    Total Requested Memory :                     73728.00 MB
    Delta Memory :                               62617.00 MB
    Max Swap :                                   -
    Max Processes :                              17
    Max Threads :                                57
    Run time :                                   11376 sec.
    Turnaround time :                            51074 sec.

The output (if any) is above this job summary.



PS:

Read file </zhome/87/8/147075/10302/10302_NM/NiI2/E_con/plot_4.py.21540920.err> for stderr output of this job.

