venv: /zhome/87/8/147075/venv-name/bin/activate
[1713815864.783300] [n-62-29-8:21009:0]          ib_md.c:1063 UCX  WARN  IB: ibv_fork_init() was disabled or failed, yet a fork() has been issued.
[1713815864.783330] [n-62-29-8:21009:0]          ib_md.c:1064 UCX  WARN  IB: data corruption might occur when using registered memory.
[1713815864.783314] [n-62-29-8:21012:0]          ib_md.c:1063 UCX  WARN  IB: ibv_fork_init() was disabled or failed, yet a fork() has been issued.
[1713815864.783338] [n-62-29-8:21012:0]          ib_md.c:1064 UCX  WARN  IB: data corruption might occur when using registered memory.
[1713815864.783300] [n-62-29-8:21014:0]          ib_md.c:1063 UCX  WARN  IB: ibv_fork_init() was disabled or failed, yet a fork() has been issued.
[1713815864.783330] [n-62-29-8:21014:0]          ib_md.c:1064 UCX  WARN  IB: data corruption might occur when using registered memory.
[1713815864.783374] [n-62-29-8:21011:0]          ib_md.c:1063 UCX  WARN  IB: ibv_fork_init() was disabled or failed, yet a fork() has been issued.
[1713815864.783417] [n-62-29-8:21008:0]          ib_md.c:1063 UCX  WARN  IB: ibv_fork_init() was disabled or failed, yet a fork() has been issued.
[1713815864.783450] [n-62-29-8:21008:0]          ib_md.c:1064 UCX  WARN  IB: data corruption might occur when using registered memory.
[1713815864.783486] [n-62-29-8:21013:0]          ib_md.c:1063 UCX  WARN  IB: ibv_fork_init() was disabled or failed, yet a fork() has been issued.
[1713815864.783520] [n-62-29-8:21013:0]          ib_md.c:1064 UCX  WARN  IB: data corruption might occur when using registered memory.
[1713815864.783521] [n-62-29-8:21015:0]          ib_md.c:1063 UCX  WARN  IB: ibv_fork_init() was disabled or failed, yet a fork() has been issued.
[1713815864.783554] [n-62-29-8:21015:0]          ib_md.c:1064 UCX  WARN  IB: data corruption might occur when using registered memory.
[1713815864.783532] [n-62-29-8:21020:0]          ib_md.c:1063 UCX  WARN  IB: ibv_fork_init() was disabled or failed, yet a fork() has been issued.
[1713815864.783564] [n-62-29-8:21020:0]          ib_md.c:1064 UCX  WARN  IB: data corruption might occur when using registered memory.
[1713815864.783414] [n-62-29-8:21011:0]          ib_md.c:1064 UCX  WARN  IB: data corruption might occur when using registered memory.
[1713815864.783568] [n-62-29-8:21019:0]          ib_md.c:1063 UCX  WARN  IB: ibv_fork_init() was disabled or failed, yet a fork() has been issued.
[1713815864.783596] [n-62-29-8:21019:0]          ib_md.c:1064 UCX  WARN  IB: data corruption might occur when using registered memory.
[1713815864.783656] [n-62-29-8:21018:0]          ib_md.c:1063 UCX  WARN  IB: ibv_fork_init() was disabled or failed, yet a fork() has been issued.
[1713815864.783735] [n-62-29-8:21018:0]          ib_md.c:1064 UCX  WARN  IB: data corruption might occur when using registered memory.
[1713815864.783908] [n-62-29-8:21016:0]          ib_md.c:1063 UCX  WARN  IB: ibv_fork_init() was disabled or failed, yet a fork() has been issued.
[1713815864.783992] [n-62-29-8:21016:0]          ib_md.c:1064 UCX  WARN  IB: data corruption might occur when using registered memory.
[1713815864.784090] [n-62-29-8:21010:0]          ib_md.c:1063 UCX  WARN  IB: ibv_fork_init() was disabled or failed, yet a fork() has been issued.
[1713815864.784163] [n-62-29-8:21010:0]          ib_md.c:1064 UCX  WARN  IB: data corruption might occur when using registered memory.
Calculating ground state
31 q-points in the path
=====================================
Calculating ground state
31 q-points in the path
=====================================
Calculating q=[0. 0. 0.]
Calculating q=[0. 0. 0.]
Calculating ground state
31 q-points in the path
=====================================
Calculating ground state
31 q-points in the path
Calculating ground state
=====================================
Calculating ground state
31 q-points in the path
=====================================
31 q-points in the path
Calculating q=[0. 0. 0.]
Calculating ground state
31 q-points in the path
=====================================
=====================================
Calculating ground state
31 q-points in the path
=====================================
Calculating q=[0. 0. 0.]
Calculating ground state
31 q-points in the path
=====================================
Calculating q=[0. 0. 0.]
Calculating q=[0. 0. 0.]
Calculating q=[0. 0. 0.]
Calculating q=[0. 0. 0.]
Calculating q=[0. 0. 0.]
Calculating ground state
31 q-points in the path
=====================================
Calculating ground state
Calculating q=[0. 0. 0.]
31 q-points in the path
=====================================
Calculating q=[0. 0. 0.]
Calculating ground state
31 q-points in the path
=====================================
Calculating q=[0. 0. 0.]
Energy: -15.148924024464563 eV
Magnetic moment: 3.281273316902021e-11 Bohr magnetons
Energy: -15.148924024464563 eV
Magnetic moment: 3.281273316902021e-11 Bohr magnetons
Energy: -15.148924024464563 eV
Magnetic moment: 3.281273316902021e-11 Bohr magnetons
Energy: -15.148924024464563 eV
Magnetic moment: 3.281273316902021e-11 Bohr magnetons
Energy: -15.148924024464563 eV
Magnetic moment: 3.281273316902021e-11 Bohr magnetons
Energy: -15.148924024464563 eV
Magnetic moment: 3.281273316902021e-11 Bohr magnetons
Energy: -15.148924024464563 eV
Magnetic moment: 3.281273316902021e-11 Bohr magnetons
Energy: -15.148924024464563 eV
Magnetic moment: 3.281273316902021e-11 Bohr magnetons
Energy: -15.148924024464563 eV
Magnetic moment: 3.281273316902021e-11 Bohr magnetons
Energy: -15.148924024464563 eV
Magnetic moment: 3.281273316902021e-11 Bohr magnetons
Energy: -15.148924024464563 eV
Magnetic moment: 3.281273316902021e-11 Bohr magnetons
Energy: -15.148924024464563 eV
Magnetic moment: 3.281273316902021e-11 Bohr magnetons
Calculating q=[0.05 0.   0.  ]
Calculating q=[0.05 0.   0.  ]
Calculating q=[0.05 0.   0.  ]
Calculating q=[0.05 0.   0.  ]
Calculating q=[0.05 0.   0.  ]
Calculating q=[0.05 0.   0.  ]
Calculating q=[0.05 0.   0.  ]
Calculating q=[0.05 0.   0.  ]
Calculating q=[0.05 0.   0.  ]
Calculating q=[0.05 0.   0.  ]
Calculating q=[0.05 0.   0.  ]
Calculating q=[0.05 0.   0.  ]
Energy: -15.150771311710113 eV
Magnetic moment: -1.8718654304708844e-13 Bohr magnetons
Energy: -15.150771311710113 eV
Magnetic moment: -1.8718654304708844e-13 Bohr magnetons
Energy: -15.150771311710113 eV
Magnetic moment: -1.8718654304708844e-13 Bohr magnetons
Energy: -15.150771311710113 eV
Magnetic moment: -1.8718654304708844e-13 Bohr magnetons
Energy: -15.150771311710113 eV
Magnetic moment: -1.8718654304708844e-13 Bohr magnetons
Energy: -15.150771311710113 eV
Magnetic moment: -1.8718654304708844e-13 Bohr magnetons
Energy: -15.150771311710113 eV
Magnetic moment: -1.8718654304708844e-13 Bohr magnetons
Energy: -15.150771311710113 eV
Magnetic moment: -1.8718654304708844e-13 Bohr magnetons
Energy: -15.150771311710113 eV
Magnetic moment: -1.8718654304708844e-13 Bohr magnetons
Energy: -15.150771311710113 eV
Magnetic moment: -1.8718654304708844e-13 Bohr magnetons
Energy: -15.150771311710113 eV
Magnetic moment: -1.8718654304708844e-13 Bohr magnetons
Energy: -15.150771311710113 eV
Magnetic moment: -1.8718654304708844e-13 Bohr magnetons
Calculating q=[0.1 0.  0. ]
Calculating q=[0.1 0.  0. ]
Calculating q=[0.1 0.  0. ]
Calculating q=[0.1 0.  0. ]
Calculating q=[0.1 0.  0. ]
Calculating q=[0.1 0.  0. ]
Calculating q=[0.1 0.  0. ]
Calculating q=[0.1 0.  0. ]
Calculating q=[0.1 0.  0. ]
Calculating q=[0.1 0.  0. ]
Calculating q=[0.1 0.  0. ]
Calculating q=[0.1 0.  0. ]
Energy: -15.155764677959967 eV
Magnetic moment: 6.638661404049178e-13 Bohr magnetons
Energy: -15.155764677959967 eV
Magnetic moment: 6.638661404049178e-13 Bohr magnetons
Energy: -15.155764677959967 eV
Magnetic moment: 6.638661404049178e-13 Bohr magnetons
Energy: -15.155764677959967 eV
Magnetic moment: 6.638661404049178e-13 Bohr magnetons
Energy: -15.155764677959967 eV
Magnetic moment: 6.638661404049178e-13 Bohr magnetons
Energy: -15.155764677959967 eV
Magnetic moment: 6.638661404049178e-13 Bohr magnetons
Energy: -15.155764677959967 eV
Magnetic moment: 6.638661404049178e-13 Bohr magnetons
Energy: -15.155764677959967 eV
Magnetic moment: 6.638661404049178e-13 Bohr magnetons
Energy: -15.155764677959967 eV
Magnetic moment: 6.638661404049178e-13 Bohr magnetons
Energy: -15.155764677959967 eV
Magnetic moment: 6.638661404049178e-13 Bohr magnetons
Energy: -15.155764677959967 eV
Magnetic moment: 6.638661404049178e-13 Bohr magnetons
Energy: -15.155764677959967 eV
Magnetic moment: 6.638661404049178e-13 Bohr magnetons
Calculating q=[0.15 0.   0.  ]
Calculating q=[0.15 0.   0.  ]
Calculating q=[0.15 0.   0.  ]
Calculating q=[0.15 0.   0.  ]
Calculating q=[0.15 0.   0.  ]
Calculating q=[0.15 0.   0.  ]
Calculating q=[0.15 0.   0.  ]
Calculating q=[0.15 0.   0.  ]
Calculating q=[0.15 0.   0.  ]
Calculating q=[0.15 0.   0.  ]
Calculating q=[0.15 0.   0.  ]
Calculating q=[0.15 0.   0.  ]
Energy: -15.162611371386161 eV
Magnetic moment: 2.9503556250406335e-14 Bohr magnetons
Energy: -15.162611371386161 eV
Magnetic moment: 2.9503556250406335e-14 Bohr magnetons
Energy: -15.162611371386161 eV
Magnetic moment: 2.9503556250406335e-14 Bohr magnetons
Energy: -15.162611371386161 eV
Magnetic moment: 2.9503556250406335e-14 Bohr magnetons
Energy: -15.162611371386161 eV
Magnetic moment: 2.9503556250406335e-14 Bohr magnetons
Energy: -15.162611371386161 eV
Magnetic moment: 2.9503556250406335e-14 Bohr magnetons
Energy: -15.162611371386161 eV
Magnetic moment: 2.9503556250406335e-14 Bohr magnetons
Energy: -15.162611371386161 eV
Magnetic moment: 2.9503556250406335e-14 Bohr magnetons
Energy: -15.162611371386161 eV
Magnetic moment: 2.9503556250406335e-14 Bohr magnetons
Energy: -15.162611371386161 eV
Magnetic moment: 2.9503556250406335e-14 Bohr magnetons
Energy: -15.162611371386161 eV
Magnetic moment: 2.9503556250406335e-14 Bohr magnetons
Calculating q=[0.2 0.  0. ]
Energy: -15.162611371386161 eV
Magnetic moment: 2.9503556250406335e-14 Bohr magnetons
Calculating q=[0.2 0.  0. ]
Calculating q=[0.2 0.  0. ]
Calculating q=[0.2 0.  0. ]
Calculating q=[0.2 0.  0. ]
Calculating q=[0.2 0.  0. ]
Calculating q=[0.2 0.  0. ]
Calculating q=[0.2 0.  0. ]
Calculating q=[0.2 0.  0. ]
Calculating q=[0.2 0.  0. ]
Calculating q=[0.2 0.  0. ]
Calculating q=[0.2 0.  0. ]
Energy: -15.169755499808893 eV
Magnetic moment: 4.270978625766863e-14 Bohr magnetons
Energy: -15.169755499808893 eV
Magnetic moment: 4.270978625766863e-14 Bohr magnetons
Energy: -15.169755499808893 eV
Magnetic moment: 4.270978625766863e-14 Bohr magnetons
Energy: -15.169755499808893 eV
Magnetic moment: 4.270978625766863e-14 Bohr magnetons
Energy: -15.169755499808893 eV
Magnetic moment: 4.270978625766863e-14 Bohr magnetons
Energy: -15.169755499808893 eV
Magnetic moment: 4.270978625766863e-14 Bohr magnetons
Energy: -15.169755499808893 eV
Magnetic moment: 4.270978625766863e-14 Bohr magnetons
Energy: -15.169755499808893 eV
Magnetic moment: 4.270978625766863e-14 Bohr magnetons
Energy: -15.169755499808893 eV
Magnetic moment: 4.270978625766863e-14 Bohr magnetons
Energy: -15.169755499808893 eV
Magnetic moment: 4.270978625766863e-14 Bohr magnetons
Energy: -15.169755499808893 eV
Magnetic moment: 4.270978625766863e-14 Bohr magnetons
Energy: -15.169755499808893 eV
Magnetic moment: 4.270978625766863e-14 Bohr magnetons
Calculating q=[0.25 0.   0.  ]
Calculating q=[0.25 0.   0.  ]
Calculating q=[0.25 0.   0.  ]
Calculating q=[0.25 0.   0.  ]
Calculating q=[0.25 0.   0.  ]
Calculating q=[0.25 0.   0.  ]
Calculating q=[0.25 0.   0.  ]
Calculating q=[0.25 0.   0.  ]
Calculating q=[0.25 0.   0.  ]
Calculating q=[0.25 0.   0.  ]
Calculating q=[0.25 0.   0.  ]
Calculating q=[0.25 0.   0.  ]
Energy: -15.176019595454118 eV
Magnetic moment: 1.819665877156732e-14 Bohr magnetons
Energy: -15.176019595454118 eV
Magnetic moment: 1.819665877156732e-14 Bohr magnetons
Energy: -15.176019595454118 eV
Magnetic moment: 1.819665877156732e-14 Bohr magnetons
Energy: -15.176019595454118 eV
Magnetic moment: 1.819665877156732e-14 Bohr magnetons
Energy: -15.176019595454118 eV
Magnetic moment: 1.819665877156732e-14 Bohr magnetons
Energy: -15.176019595454118 eV
Magnetic moment: 1.819665877156732e-14 Bohr magnetons
Energy: -15.176019595454118 eV
Magnetic moment: 1.819665877156732e-14 Bohr magnetons
Energy: -15.176019595454118 eV
Magnetic moment: 1.819665877156732e-14 Bohr magnetons
Energy: -15.176019595454118 eV
Magnetic moment: 1.819665877156732e-14 Bohr magnetons
Energy: -15.176019595454118 eV
Magnetic moment: 1.819665877156732e-14 Bohr magnetons
Energy: -15.176019595454118 eV
Magnetic moment: 1.819665877156732e-14 Bohr magnetons
Energy: -15.176019595454118 eV
Magnetic moment: 1.819665877156732e-14 Bohr magnetons
Calculating q=[0.3 0.  0. ]
Calculating q=[0.3 0.  0. ]
Calculating q=[0.3 0.  0. ]
Calculating q=[0.3 0.  0. ]
Calculating q=[0.3 0.  0. ]
Calculating q=[0.3 0.  0. ]
Calculating q=[0.3 0.  0. ]
Calculating q=[0.3 0.  0. ]
Calculating q=[0.3 0.  0. ]
Calculating q=[0.3 0.  0. ]
Calculating q=[0.3 0.  0. ]
Calculating q=[0.3 0.  0. ]
Energy: -15.180771745318507 eV
Magnetic moment: 3.359851743730282e-14 Bohr magnetons
Energy: -15.180771745318507 eV
Magnetic moment: 3.359851743730282e-14 Bohr magnetons
Energy: -15.180771745318507 eV
Magnetic moment: 3.359851743730282e-14 Bohr magnetons
Energy: -15.180771745318507 eV
Magnetic moment: 3.359851743730282e-14 Bohr magnetons
Energy: -15.180771745318507 eV
Magnetic moment: 3.359851743730282e-14 Bohr magnetons
Energy: -15.180771745318507 eV
Magnetic moment: 3.359851743730282e-14 Bohr magnetons
Energy: -15.180771745318507 eV
Magnetic moment: 3.359851743730282e-14 Bohr magnetons
Energy: -15.180771745318507 eV
Magnetic moment: 3.359851743730282e-14 Bohr magnetons
Energy: -15.180771745318507 eV
Magnetic moment: 3.359851743730282e-14 Bohr magnetons
Energy: -15.180771745318507 eV
Magnetic moment: 3.359851743730282e-14 Bohr magnetons
Energy: -15.180771745318507 eV
Magnetic moment: 3.359851743730282e-14 Bohr magnetons
Calculating q=[0.35 0.   0.  ]
Energy: -15.180771745318507 eV
Magnetic moment: 3.359851743730282e-14 Bohr magnetons
Calculating q=[0.35 0.   0.  ]
Calculating q=[0.35 0.   0.  ]
Calculating q=[0.35 0.   0.  ]
Calculating q=[0.35 0.   0.  ]
Calculating q=[0.35 0.   0.  ]
Calculating q=[0.35 0.   0.  ]
Calculating q=[0.35 0.   0.  ]
Calculating q=[0.35 0.   0.  ]
Calculating q=[0.35 0.   0.  ]
Calculating q=[0.35 0.   0.  ]
Calculating q=[0.35 0.   0.  ]
Energy: -15.183934735628805 eV
Magnetic moment: -1.0544916814282185e-14 Bohr magnetons
Energy: -15.183934735628805 eV
Magnetic moment: -1.0544916814282185e-14 Bohr magnetons
Energy: -15.183934735628805 eV
Magnetic moment: -1.0544916814282185e-14 Bohr magnetons
Energy: -15.183934735628805 eV
Magnetic moment: -1.0544916814282185e-14 Bohr magnetons
Energy: -15.183934735628805 eV
Magnetic moment: -1.0544916814282185e-14 Bohr magnetons
Energy: -15.183934735628805 eV
Magnetic moment: -1.0544916814282185e-14 Bohr magnetons
Energy: -15.183934735628805 eV
Magnetic moment: -1.0544916814282185e-14 Bohr magnetons
Energy: -15.183934735628805 eV
Magnetic moment: -1.0544916814282185e-14 Bohr magnetons
Energy: -15.183934735628805 eV
Magnetic moment: -1.0544916814282185e-14 Bohr magnetons
Energy: -15.183934735628805 eV
Magnetic moment: -1.0544916814282185e-14 Bohr magnetons
Energy: -15.183934735628805 eV
Magnetic moment: -1.0544916814282185e-14 Bohr magnetons
Energy: -15.183934735628805 eV
Magnetic moment: -1.0544916814282185e-14 Bohr magnetons
Calculating q=[0.4 0.  0. ]
Calculating q=[0.4 0.  0. ]
Calculating q=[0.4 0.  0. ]
Calculating q=[0.4 0.  0. ]
Calculating q=[0.4 0.  0. ]
Calculating q=[0.4 0.  0. ]
Calculating q=[0.4 0.  0. ]
Calculating q=[0.4 0.  0. ]
Calculating q=[0.4 0.  0. ]
Calculating q=[0.4 0.  0. ]
Calculating q=[0.4 0.  0. ]
Calculating q=[0.4 0.  0. ]
Energy: -15.185777312267511 eV
Magnetic moment: 3.956484627365876e-14 Bohr magnetons
Energy: -15.185777312267511 eV
Magnetic moment: 3.956484627365876e-14 Bohr magnetons
Energy: -15.185777312267511 eV
Magnetic moment: 3.956484627365876e-14 Bohr magnetons
Energy: -15.185777312267511 eV
Magnetic moment: 3.956484627365876e-14 Bohr magnetons
Energy: -15.185777312267511 eV
Magnetic moment: 3.956484627365876e-14 Bohr magnetons
Energy: -15.185777312267511 eV
Magnetic moment: 3.956484627365876e-14 Bohr magnetons
Energy: -15.185777312267511 eV
Magnetic moment: 3.956484627365876e-14 Bohr magnetons
Energy: -15.185777312267511 eV
Magnetic moment: 3.956484627365876e-14 Bohr magnetons
Energy: -15.185777312267511 eV
Magnetic moment: 3.956484627365876e-14 Bohr magnetons
Energy: -15.185777312267511 eV
Magnetic moment: 3.956484627365876e-14 Bohr magnetons
Energy: -15.185777312267511 eV
Magnetic moment: 3.956484627365876e-14 Bohr magnetons
Energy: -15.185777312267511 eV
Magnetic moment: 3.956484627365876e-14 Bohr magnetons
Calculating q=[0.45 0.   0.  ]
Calculating q=[0.45 0.   0.  ]
Calculating q=[0.45 0.   0.  ]
Calculating q=[0.45 0.   0.  ]
Calculating q=[0.45 0.   0.  ]
Calculating q=[0.45 0.   0.  ]
Calculating q=[0.45 0.   0.  ]
Calculating q=[0.45 0.   0.  ]
Calculating q=[0.45 0.   0.  ]
Calculating q=[0.45 0.   0.  ]
Calculating q=[0.45 0.   0.  ]
Calculating q=[0.45 0.   0.  ]
Energy: -15.186680100007989 eV
Magnetic moment: 4.7625442802407665e-11 Bohr magnetons
Energy: -15.186680100007989 eV
Magnetic moment: 4.7625442802407665e-11 Bohr magnetons
Energy: -15.186680100007989 eV
Magnetic moment: 4.7625442802407665e-11 Bohr magnetons
Energy: -15.186680100007989 eV
Magnetic moment: 4.7625442802407665e-11 Bohr magnetons
Energy: -15.186680100007989 eV
Magnetic moment: 4.7625442802407665e-11 Bohr magnetons
Energy: -15.186680100007989 eV
Magnetic moment: 4.7625442802407665e-11 Bohr magnetons
Energy: -15.186680100007989 eV
Magnetic moment: 4.7625442802407665e-11 Bohr magnetons
Energy: -15.186680100007989 eV
Magnetic moment: 4.7625442802407665e-11 Bohr magnetons
Energy: -15.186680100007989 eV
Magnetic moment: 4.7625442802407665e-11 Bohr magnetons
Energy: -15.186680100007989 eV
Magnetic moment: 4.7625442802407665e-11 Bohr magnetons
Energy: -15.186680100007989 eV
Magnetic moment: 4.7625442802407665e-11 Bohr magnetons
Energy: -15.186680100007989 eV
Magnetic moment: 4.7625442802407665e-11 Bohr magnetons
Calculating q=[0.5 0.  0. ]
Calculating q=[0.5 0.  0. ]
Calculating q=[0.5 0.  0. ]
Calculating q=[0.5 0.  0. ]
Calculating q=[0.5 0.  0. ]
Calculating q=[0.5 0.  0. ]
Calculating q=[0.5 0.  0. ]
Calculating q=[0.5 0.  0. ]
Calculating q=[0.5 0.  0. ]
Calculating q=[0.5 0.  0. ]
Calculating q=[0.5 0.  0. ]
Calculating q=[0.5 0.  0. ]
Energy: -15.18694124548571 eV
Magnetic moment: 5.6725477026340345e-14 Bohr magnetons
Energy: -15.18694124548571 eV
Magnetic moment: 5.6725477026340345e-14 Bohr magnetons
Energy: -15.18694124548571 eV
Magnetic moment: 5.6725477026340345e-14 Bohr magnetons
Energy: -15.18694124548571 eV
Magnetic moment: 5.6725477026340345e-14 Bohr magnetons
Energy: -15.18694124548571 eV
Magnetic moment: 5.6725477026340345e-14 Bohr magnetons
Energy: -15.18694124548571 eV
Magnetic moment: 5.6725477026340345e-14 Bohr magnetons
Energy: -15.18694124548571 eV
Magnetic moment: 5.6725477026340345e-14 Bohr magnetons
Energy: -15.18694124548571 eV
Magnetic moment: 5.6725477026340345e-14 Bohr magnetons
Energy: -15.18694124548571 eV
Magnetic moment: 5.6725477026340345e-14 Bohr magnetons
Energy: -15.18694124548571 eV
Magnetic moment: 5.6725477026340345e-14 Bohr magnetons
Energy: -15.18694124548571 eV
Magnetic moment: 5.6725477026340345e-14 Bohr magnetons
Energy: -15.18694124548571 eV
Magnetic moment: 5.6725477026340345e-14 Bohr magnetons
Calculating q=[0.47222222 0.05555556 0.        ]
Calculating q=[0.47222222 0.05555556 0.        ]
Calculating q=[0.47222222 0.05555556 0.        ]
Calculating q=[0.47222222 0.05555556 0.        ]
Calculating q=[0.47222222 0.05555556 0.        ]
Calculating q=[0.47222222 0.05555556 0.        ]
Calculating q=[0.47222222 0.05555556 0.        ]
Calculating q=[0.47222222 0.05555556 0.        ]
Calculating q=[0.47222222 0.05555556 0.        ]
Calculating q=[0.47222222 0.05555556 0.        ]
Calculating q=[0.47222222 0.05555556 0.        ]
Calculating q=[0.47222222 0.05555556 0.        ]
Energy: -15.187466856699004 eV
Magnetic moment: -5.721366604082455e-16 Bohr magnetons
Energy: -15.187466856699004 eV
Magnetic moment: -5.721366604082455e-16 Bohr magnetons
Energy: -15.187466856699004 eV
Magnetic moment: -5.721366604082455e-16 Bohr magnetons
Energy: -15.187466856699004 eV
Magnetic moment: -5.721366604082455e-16 Bohr magnetons
Energy: -15.187466856699004 eV
Magnetic moment: -5.721366604082455e-16 Bohr magnetons
Energy: -15.187466856699004 eV
Magnetic moment: -5.721366604082455e-16 Bohr magnetons
Energy: -15.187466856699004 eV
Magnetic moment: -5.721366604082455e-16 Bohr magnetons
Energy: -15.187466856699004 eV
Magnetic moment: -5.721366604082455e-16 Bohr magnetons
Energy: -15.187466856699004 eV
Magnetic moment: -5.721366604082455e-16 Bohr magnetons
Energy: -15.187466856699004 eV
Magnetic moment: -5.721366604082455e-16 Bohr magnetons
Energy: -15.187466856699004 eV
Magnetic moment: -5.721366604082455e-16 Bohr magnetons
Energy: -15.187466856699004 eV
Magnetic moment: -5.721366604082455e-16 Bohr magnetons
Calculating q=[0.44444444 0.11111111 0.        ]
Calculating q=[0.44444444 0.11111111 0.        ]
Calculating q=[0.44444444 0.11111111 0.        ]
Calculating q=[0.44444444 0.11111111 0.        ]
Calculating q=[0.44444444 0.11111111 0.        ]
Calculating q=[0.44444444 0.11111111 0.        ]
Calculating q=[0.44444444 0.11111111 0.        ]
Calculating q=[0.44444444 0.11111111 0.        ]
Calculating q=[0.44444444 0.11111111 0.        ]
Calculating q=[0.44444444 0.11111111 0.        ]
Calculating q=[0.44444444 0.11111111 0.        ]
Calculating q=[0.44444444 0.11111111 0.        ]
Energy: -15.188863883927754 eV
Magnetic moment: 1.5903643436117474e-14 Bohr magnetons
Energy: -15.188863883927754 eV
Magnetic moment: 1.5903643436117474e-14 Bohr magnetons
Energy: -15.188863883927754 eV
Magnetic moment: 1.5903643436117474e-14 Bohr magnetons
Energy: -15.188863883927754 eV
Magnetic moment: 1.5903643436117474e-14 Bohr magnetons
Energy: -15.188863883927754 eV
Magnetic moment: 1.5903643436117474e-14 Bohr magnetons
Energy: -15.188863883927754 eV
Magnetic moment: 1.5903643436117474e-14 Bohr magnetons
Energy: -15.188863883927754 eV
Magnetic moment: 1.5903643436117474e-14 Bohr magnetons
Energy: -15.188863883927754 eV
Magnetic moment: 1.5903643436117474e-14 Bohr magnetons
Energy: -15.188863883927754 eV
Magnetic moment: 1.5903643436117474e-14 Bohr magnetons
Energy: -15.188863883927754 eV
Magnetic moment: 1.5903643436117474e-14 Bohr magnetons
Energy: -15.188863883927754 eV
Magnetic moment: 1.5903643436117474e-14 Bohr magnetons
Calculating q=[0.41666667 0.16666667 0.        ]
Energy: -15.188863883927754 eV
Magnetic moment: 1.5903643436117474e-14 Bohr magnetons
Calculating q=[0.41666667 0.16666667 0.        ]
Calculating q=[0.41666667 0.16666667 0.        ]
Calculating q=[0.41666667 0.16666667 0.        ]
Calculating q=[0.41666667 0.16666667 0.        ]
Calculating q=[0.41666667 0.16666667 0.        ]
Calculating q=[0.41666667 0.16666667 0.        ]
Calculating q=[0.41666667 0.16666667 0.        ]
Calculating q=[0.41666667 0.16666667 0.        ]
Calculating q=[0.41666667 0.16666667 0.        ]
Calculating q=[0.41666667 0.16666667 0.        ]
Calculating q=[0.41666667 0.16666667 0.        ]
Energy: -15.19064712836587 eV
Magnetic moment: 2.1554769139982036e-14 Bohr magnetons
Energy: -15.19064712836587 eV
Magnetic moment: 2.1554769139982036e-14 Bohr magnetons
Energy: -15.19064712836587 eV
Magnetic moment: 2.1554769139982036e-14 Bohr magnetons
Energy: -15.19064712836587 eV
Magnetic moment: 2.1554769139982036e-14 Bohr magnetons
Energy: -15.19064712836587 eV
Magnetic moment: 2.1554769139982036e-14 Bohr magnetons
Energy: -15.19064712836587 eV
Magnetic moment: 2.1554769139982036e-14 Bohr magnetons
Energy: -15.19064712836587 eV
Magnetic moment: 2.1554769139982036e-14 Bohr magnetons
Energy: -15.19064712836587 eV
Magnetic moment: 2.1554769139982036e-14 Bohr magnetons
Energy: -15.19064712836587 eV
Magnetic moment: 2.1554769139982036e-14 Bohr magnetons
Energy: -15.19064712836587 eV
Magnetic moment: 2.1554769139982036e-14 Bohr magnetons
Energy: -15.19064712836587 eV
Magnetic moment: 2.1554769139982036e-14 Bohr magnetons
Energy: -15.19064712836587 eV
Magnetic moment: 2.1554769139982036e-14 Bohr magnetons
Calculating q=[0.38888889 0.22222222 0.        ]
Calculating q=[0.38888889 0.22222222 0.        ]
Calculating q=[0.38888889 0.22222222 0.        ]
Calculating q=[0.38888889 0.22222222 0.        ]
Calculating q=[0.38888889 0.22222222 0.        ]
Calculating q=[0.38888889 0.22222222 0.        ]
Calculating q=[0.38888889 0.22222222 0.        ]
Calculating q=[0.38888889 0.22222222 0.        ]
Calculating q=[0.38888889 0.22222222 0.        ]
Calculating q=[0.38888889 0.22222222 0.        ]
Calculating q=[0.38888889 0.22222222 0.        ]
Calculating q=[0.38888889 0.22222222 0.        ]
Energy: -15.192318924459908 eV
Magnetic moment: -2.3878633348888735e-14 Bohr magnetons
Energy: -15.192318924459908 eV
Magnetic moment: -2.3878633348888735e-14 Bohr magnetons
Energy: -15.192318924459908 eV
Magnetic moment: -2.3878633348888735e-14 Bohr magnetons
Energy: -15.192318924459908 eV
Magnetic moment: -2.3878633348888735e-14 Bohr magnetons
Energy: -15.192318924459908 eV
Magnetic moment: -2.3878633348888735e-14 Bohr magnetons
Energy: -15.192318924459908 eV
Magnetic moment: -2.3878633348888735e-14 Bohr magnetons
Energy: -15.192318924459908 eV
Magnetic moment: -2.3878633348888735e-14 Bohr magnetons
Energy: -15.192318924459908 eV
Magnetic moment: -2.3878633348888735e-14 Bohr magnetons
Energy: -15.192318924459908 eV
Magnetic moment: -2.3878633348888735e-14 Bohr magnetons
Energy: -15.192318924459908 eV
Magnetic moment: -2.3878633348888735e-14 Bohr magnetons
Energy: -15.192318924459908 eV
Magnetic moment: -2.3878633348888735e-14 Bohr magnetons
Energy: -15.192318924459908 eV
Magnetic moment: -2.3878633348888735e-14 Bohr magnetons
Calculating q=[0.36111111 0.27777778 0.        ]
Calculating q=[0.36111111 0.27777778 0.        ]
Calculating q=[0.36111111 0.27777778 0.        ]
Calculating q=[0.36111111 0.27777778 0.        ]
Calculating q=[0.36111111 0.27777778 0.        ]
Calculating q=[0.36111111 0.27777778 0.        ]
Calculating q=[0.36111111 0.27777778 0.        ]
Calculating q=[0.36111111 0.27777778 0.        ]
Calculating q=[0.36111111 0.27777778 0.        ]
Calculating q=[0.36111111 0.27777778 0.        ]
Calculating q=[0.36111111 0.27777778 0.        ]
Calculating q=[0.36111111 0.27777778 0.        ]
Energy: -15.193465117157645 eV
Magnetic moment: -4.64504854523861e-13 Bohr magnetons
Energy: -15.193465117157645 eV
Magnetic moment: -4.64504854523861e-13 Bohr magnetons
Energy: -15.193465117157645 eV
Magnetic moment: -4.64504854523861e-13 Bohr magnetons
Energy: -15.193465117157645 eV
Magnetic moment: -4.64504854523861e-13 Bohr magnetons
Energy: -15.193465117157645 eV
Magnetic moment: -4.64504854523861e-13 Bohr magnetons
Energy: -15.193465117157645 eV
Magnetic moment: -4.64504854523861e-13 Bohr magnetons
Energy: -15.193465117157645 eV
Magnetic moment: -4.64504854523861e-13 Bohr magnetons
Energy: -15.193465117157645 eV
Magnetic moment: -4.64504854523861e-13 Bohr magnetons
Energy: -15.193465117157645 eV
Magnetic moment: -4.64504854523861e-13 Bohr magnetons
Energy: -15.193465117157645 eV
Magnetic moment: -4.64504854523861e-13 Bohr magnetons
Energy: -15.193465117157645 eV
Magnetic moment: -4.64504854523861e-13 Bohr magnetons
Energy: -15.193465117157645 eV
Magnetic moment: -4.64504854523861e-13 Bohr magnetons
Calculating q=[0.33333333 0.33333333 0.        ]
Calculating q=[0.33333333 0.33333333 0.        ]
Calculating q=[0.33333333 0.33333333 0.        ]
Calculating q=[0.33333333 0.33333333 0.        ]
Calculating q=[0.33333333 0.33333333 0.        ]
Calculating q=[0.33333333 0.33333333 0.        ]
Calculating q=[0.33333333 0.33333333 0.        ]
Calculating q=[0.33333333 0.33333333 0.        ]
Calculating q=[0.33333333 0.33333333 0.        ]
Calculating q=[0.33333333 0.33333333 0.        ]
Calculating q=[0.33333333 0.33333333 0.        ]
Calculating q=[0.33333333 0.33333333 0.        ]
Energy: -15.193855410912283 eV
Magnetic moment: 5.576007302111458e-15 Bohr magnetons
Energy: -15.193855410912283 eV
Magnetic moment: 5.576007302111458e-15 Bohr magnetons
Energy: -15.193855410912283 eV
Magnetic moment: 5.576007302111458e-15 Bohr magnetons
Energy: -15.193855410912283 eV
Magnetic moment: 5.576007302111458e-15 Bohr magnetons
Energy: -15.193855410912283 eV
Magnetic moment: 5.576007302111458e-15 Bohr magnetons
Energy: -15.193855410912283 eV
Magnetic moment: 5.576007302111458e-15 Bohr magnetons
Energy: -15.193855410912283 eV
Magnetic moment: 5.576007302111458e-15 Bohr magnetons
Energy: -15.193855410912283 eV
Magnetic moment: 5.576007302111458e-15 Bohr magnetons
Energy: -15.193855410912283 eV
Magnetic moment: 5.576007302111458e-15 Bohr magnetons
Energy: -15.193855410912283 eV
Magnetic moment: 5.576007302111458e-15 Bohr magnetons
Energy: -15.193855410912283 eV
Magnetic moment: 5.576007302111458e-15 Bohr magnetons
Energy: -15.193855410912283 eV
Magnetic moment: 5.576007302111458e-15 Bohr magnetons
Calculating q=[0.30952381 0.30952381 0.        ]
Calculating q=[0.30952381 0.30952381 0.        ]
Calculating q=[0.30952381 0.30952381 0.        ]
Calculating q=[0.30952381 0.30952381 0.        ]
Calculating q=[0.30952381 0.30952381 0.        ]
Calculating q=[0.30952381 0.30952381 0.        ]
Calculating q=[0.30952381 0.30952381 0.        ]
Calculating q=[0.30952381 0.30952381 0.        ]
Calculating q=[0.30952381 0.30952381 0.        ]
Calculating q=[0.30952381 0.30952381 0.        ]
Calculating q=[0.30952381 0.30952381 0.        ]
Calculating q=[0.30952381 0.30952381 0.        ]
Energy: -15.193578512517313 eV
Magnetic moment: 3.395204818045046e-14 Bohr magnetons
Energy: -15.193578512517313 eV
Magnetic moment: 3.395204818045046e-14 Bohr magnetons
Energy: -15.193578512517313 eV
Magnetic moment: 3.395204818045046e-14 Bohr magnetons
Energy: -15.193578512517313 eV
Magnetic moment: 3.395204818045046e-14 Bohr magnetons
Energy: -15.193578512517313 eV
Magnetic moment: 3.395204818045046e-14 Bohr magnetons
Energy: -15.193578512517313 eV
Magnetic moment: 3.395204818045046e-14 Bohr magnetons
Energy: -15.193578512517313 eV
Magnetic moment: 3.395204818045046e-14 Bohr magnetons
Energy: -15.193578512517313 eV
Magnetic moment: 3.395204818045046e-14 Bohr magnetons
Energy: -15.193578512517313 eV
Magnetic moment: 3.395204818045046e-14 Bohr magnetons
Energy: -15.193578512517313 eV
Magnetic moment: 3.395204818045046e-14 Bohr magnetons
Energy: -15.193578512517313 eV
Magnetic moment: 3.395204818045046e-14 Bohr magnetons
Energy: -15.193578512517313 eV
Magnetic moment: 3.395204818045046e-14 Bohr magnetons
Calculating q=[0.28571429 0.28571429 0.        ]
Calculating q=[0.28571429 0.28571429 0.        ]
Calculating q=[0.28571429 0.28571429 0.        ]
Calculating q=[0.28571429 0.28571429 0.        ]
Calculating q=[0.28571429 0.28571429 0.        ]
Calculating q=[0.28571429 0.28571429 0.        ]
Calculating q=[0.28571429 0.28571429 0.        ]
Calculating q=[0.28571429 0.28571429 0.        ]
Calculating q=[0.28571429 0.28571429 0.        ]
Calculating q=[0.28571429 0.28571429 0.        ]
Calculating q=[0.28571429 0.28571429 0.        ]
Calculating q=[0.28571429 0.28571429 0.        ]
Energy: -15.192767383948597 eV
Magnetic moment: -2.200509719665711e-13 Bohr magnetons
Energy: -15.192767383948597 eV
Magnetic moment: -2.200509719665711e-13 Bohr magnetons
Energy: -15.192767383948597 eV
Magnetic moment: -2.200509719665711e-13 Bohr magnetons
Energy: -15.192767383948597 eV
Magnetic moment: -2.200509719665711e-13 Bohr magnetons
Energy: -15.192767383948597 eV
Magnetic moment: -2.200509719665711e-13 Bohr magnetons
Energy: -15.192767383948597 eV
Magnetic moment: -2.200509719665711e-13 Bohr magnetons
Energy: -15.192767383948597 eV
Magnetic moment: -2.200509719665711e-13 Bohr magnetons
Energy: -15.192767383948597 eV
Magnetic moment: -2.200509719665711e-13 Bohr magnetons
Energy: -15.192767383948597 eV
Magnetic moment: -2.200509719665711e-13 Bohr magnetons
Energy: -15.192767383948597 eV
Magnetic moment: -2.200509719665711e-13 Bohr magnetons
Energy: -15.192767383948597 eV
Magnetic moment: -2.200509719665711e-13 Bohr magnetons
Calculating q=[0.26190476 0.26190476 0.        ]
Energy: -15.192767383948597 eV
Magnetic moment: -2.200509719665711e-13 Bohr magnetons
Calculating q=[0.26190476 0.26190476 0.        ]
Calculating q=[0.26190476 0.26190476 0.        ]
Calculating q=[0.26190476 0.26190476 0.        ]
Calculating q=[0.26190476 0.26190476 0.        ]
Calculating q=[0.26190476 0.26190476 0.        ]
Calculating q=[0.26190476 0.26190476 0.        ]
Calculating q=[0.26190476 0.26190476 0.        ]
Calculating q=[0.26190476 0.26190476 0.        ]
Calculating q=[0.26190476 0.26190476 0.        ]
Calculating q=[0.26190476 0.26190476 0.        ]
Calculating q=[0.26190476 0.26190476 0.        ]
Energy: -15.19148415161661 eV
Magnetic moment: 3.122469175239833e-08 Bohr magnetons
Energy: -15.19148415161661 eV
Magnetic moment: 3.122469175239833e-08 Bohr magnetons
Energy: -15.19148415161661 eV
Magnetic moment: 3.122469175239833e-08 Bohr magnetons
Energy: -15.19148415161661 eV
Magnetic moment: 3.122469175239833e-08 Bohr magnetons
Energy: -15.19148415161661 eV
Magnetic moment: 3.122469175239833e-08 Bohr magnetons
Energy: -15.19148415161661 eV
Magnetic moment: 3.122469175239833e-08 Bohr magnetons
Energy: -15.19148415161661 eV
Magnetic moment: 3.122469175239833e-08 Bohr magnetons
Energy: -15.19148415161661 eV
Magnetic moment: 3.122469175239833e-08 Bohr magnetons
Energy: -15.19148415161661 eV
Magnetic moment: 3.122469175239833e-08 Bohr magnetons
Energy: -15.19148415161661 eV
Magnetic moment: 3.122469175239833e-08 Bohr magnetons
Energy: -15.19148415161661 eV
Magnetic moment: 3.122469175239833e-08 Bohr magnetons
Energy: -15.19148415161661 eV
Magnetic moment: 3.122469175239833e-08 Bohr magnetons
Calculating q=[0.23809524 0.23809524 0.        ]
Calculating q=[0.23809524 0.23809524 0.        ]
Calculating q=[0.23809524 0.23809524 0.        ]
Calculating q=[0.23809524 0.23809524 0.        ]
Calculating q=[0.23809524 0.23809524 0.        ]
Calculating q=[0.23809524 0.23809524 0.        ]
Calculating q=[0.23809524 0.23809524 0.        ]
Calculating q=[0.23809524 0.23809524 0.        ]
Calculating q=[0.23809524 0.23809524 0.        ]
Calculating q=[0.23809524 0.23809524 0.        ]
Calculating q=[0.23809524 0.23809524 0.        ]
Calculating q=[0.23809524 0.23809524 0.        ]
Energy: -15.189748815689718 eV
Magnetic moment: -4.9923122157053683e-14 Bohr magnetons
Energy: -15.189748815689718 eV
Magnetic moment: -4.9923122157053683e-14 Bohr magnetons
Energy: -15.189748815689718 eV
Magnetic moment: -4.9923122157053683e-14 Bohr magnetons
Energy: -15.189748815689718 eV
Magnetic moment: -4.9923122157053683e-14 Bohr magnetons
Energy: -15.189748815689718 eV
Magnetic moment: -4.9923122157053683e-14 Bohr magnetons
Energy: -15.189748815689718 eV
Magnetic moment: -4.9923122157053683e-14 Bohr magnetons
Energy: -15.189748815689718 eV
Magnetic moment: -4.9923122157053683e-14 Bohr magnetons
Energy: -15.189748815689718 eV
Magnetic moment: -4.9923122157053683e-14 Bohr magnetons
Energy: -15.189748815689718 eV
Magnetic moment: -4.9923122157053683e-14 Bohr magnetons
Energy: -15.189748815689718 eV
Magnetic moment: -4.9923122157053683e-14 Bohr magnetons
Energy: -15.189748815689718 eV
Magnetic moment: -4.9923122157053683e-14 Bohr magnetons
Energy: -15.189748815689718 eV
Magnetic moment: -4.9923122157053683e-14 Bohr magnetons
Calculating q=[0.21428571 0.21428571 0.        ]
Calculating q=[0.21428571 0.21428571 0.        ]
Calculating q=[0.21428571 0.21428571 0.        ]
Calculating q=[0.21428571 0.21428571 0.        ]
Calculating q=[0.21428571 0.21428571 0.        ]
Calculating q=[0.21428571 0.21428571 0.        ]
Calculating q=[0.21428571 0.21428571 0.        ]
Calculating q=[0.21428571 0.21428571 0.        ]
Calculating q=[0.21428571 0.21428571 0.        ]
Calculating q=[0.21428571 0.21428571 0.        ]
Calculating q=[0.21428571 0.21428571 0.        ]
Calculating q=[0.21428571 0.21428571 0.        ]
Energy: -15.187482381580507 eV
Magnetic moment: 4.585309010322781e-15 Bohr magnetons
Energy: -15.187482381580507 eV
Magnetic moment: 4.585309010322781e-15 Bohr magnetons
Energy: -15.187482381580507 eV
Magnetic moment: 4.585309010322781e-15 Bohr magnetons
Energy: -15.187482381580507 eV
Magnetic moment: 4.585309010322781e-15 Bohr magnetons
Energy: -15.187482381580507 eV
Magnetic moment: 4.585309010322781e-15 Bohr magnetons
Energy: -15.187482381580507 eV
Magnetic moment: 4.585309010322781e-15 Bohr magnetons
Energy: -15.187482381580507 eV
Magnetic moment: 4.585309010322781e-15 Bohr magnetons
Energy: -15.187482381580507 eV
Magnetic moment: 4.585309010322781e-15 Bohr magnetons
Energy: -15.187482381580507 eV
Magnetic moment: 4.585309010322781e-15 Bohr magnetons
Energy: -15.187482381580507 eV
Magnetic moment: 4.585309010322781e-15 Bohr magnetons
Energy: -15.187482381580507 eV
Magnetic moment: 4.585309010322781e-15 Bohr magnetons
Energy: -15.187482381580507 eV
Magnetic moment: 4.585309010322781e-15 Bohr magnetons
Calculating q=[0.19047619 0.19047619 0.        ]
Calculating q=[0.19047619 0.19047619 0.        ]
Calculating q=[0.19047619 0.19047619 0.        ]
Calculating q=[0.19047619 0.19047619 0.        ]
Calculating q=[0.19047619 0.19047619 0.        ]
Calculating q=[0.19047619 0.19047619 0.        ]
Calculating q=[0.19047619 0.19047619 0.        ]
Calculating q=[0.19047619 0.19047619 0.        ]
Calculating q=[0.19047619 0.19047619 0.        ]
Calculating q=[0.19047619 0.19047619 0.        ]
Calculating q=[0.19047619 0.19047619 0.        ]
Calculating q=[0.19047619 0.19047619 0.        ]
Energy: -15.184569293084406 eV
Magnetic moment: 3.97328476253457e-15 Bohr magnetons
Energy: -15.184569293084406 eV
Magnetic moment: 3.97328476253457e-15 Bohr magnetons
Energy: -15.184569293084406 eV
Magnetic moment: 3.97328476253457e-15 Bohr magnetons
Energy: -15.184569293084406 eV
Magnetic moment: 3.97328476253457e-15 Bohr magnetons
Energy: -15.184569293084406 eV
Magnetic moment: 3.97328476253457e-15 Bohr magnetons
Energy: -15.184569293084406 eV
Magnetic moment: 3.97328476253457e-15 Bohr magnetons
Energy: -15.184569293084406 eV
Magnetic moment: 3.97328476253457e-15 Bohr magnetons
Energy: -15.184569293084406 eV
Magnetic moment: 3.97328476253457e-15 Bohr magnetons
Energy: -15.184569293084406 eV
Magnetic moment: 3.97328476253457e-15 Bohr magnetons
Energy: -15.184569293084406 eV
Magnetic moment: 3.97328476253457e-15 Bohr magnetons
Energy: -15.184569293084406 eV
Magnetic moment: 3.97328476253457e-15 Bohr magnetons
Energy: -15.184569293084406 eV
Magnetic moment: 3.97328476253457e-15 Bohr magnetons
Calculating q=[0.16666667 0.16666667 0.        ]
Calculating q=[0.16666667 0.16666667 0.        ]
Calculating q=[0.16666667 0.16666667 0.        ]
Calculating q=[0.16666667 0.16666667 0.        ]
Calculating q=[0.16666667 0.16666667 0.        ]
Calculating q=[0.16666667 0.16666667 0.        ]
Calculating q=[0.16666667 0.16666667 0.        ]
Calculating q=[0.16666667 0.16666667 0.        ]
Calculating q=[0.16666667 0.16666667 0.        ]
Calculating q=[0.16666667 0.16666667 0.        ]
Calculating q=[0.16666667 0.16666667 0.        ]
Calculating q=[0.16666667 0.16666667 0.        ]
Energy: -15.180857530970377 eV
Magnetic moment: -8.741062752492924e-15 Bohr magnetons
Energy: -15.180857530970377 eV
Magnetic moment: -8.741062752492924e-15 Bohr magnetons
Energy: -15.180857530970377 eV
Magnetic moment: -8.741062752492924e-15 Bohr magnetons
Energy: -15.180857530970377 eV
Magnetic moment: -8.741062752492924e-15 Bohr magnetons
Energy: -15.180857530970377 eV
Magnetic moment: -8.741062752492924e-15 Bohr magnetons
Energy: -15.180857530970377 eV
Magnetic moment: -8.741062752492924e-15 Bohr magnetons
Energy: -15.180857530970377 eV
Magnetic moment: -8.741062752492924e-15 Bohr magnetons
Energy: -15.180857530970377 eV
Magnetic moment: -8.741062752492924e-15 Bohr magnetons
Energy: -15.180857530970377 eV
Magnetic moment: -8.741062752492924e-15 Bohr magnetons
Energy: -15.180857530970377 eV
Magnetic moment: -8.741062752492924e-15 Bohr magnetons
Energy: -15.180857530970377 eV
Magnetic moment: -8.741062752492924e-15 Bohr magnetons
Energy: -15.180857530970377 eV
Magnetic moment: -8.741062752492924e-15 Bohr magnetons
Calculating q=[0.14285714 0.14285714 0.        ]
Calculating q=[0.14285714 0.14285714 0.        ]
Calculating q=[0.14285714 0.14285714 0.        ]
Calculating q=[0.14285714 0.14285714 0.        ]
Calculating q=[0.14285714 0.14285714 0.        ]
Calculating q=[0.14285714 0.14285714 0.        ]
Calculating q=[0.14285714 0.14285714 0.        ]
Calculating q=[0.14285714 0.14285714 0.        ]
Calculating q=[0.14285714 0.14285714 0.        ]
Calculating q=[0.14285714 0.14285714 0.        ]
Calculating q=[0.14285714 0.14285714 0.        ]
Calculating q=[0.14285714 0.14285714 0.        ]
Energy: -15.1762585316871 eV
Magnetic moment: 6.105655202614724e-15 Bohr magnetons
Energy: -15.1762585316871 eV
Magnetic moment: 6.105655202614724e-15 Bohr magnetons
Energy: -15.1762585316871 eV
Magnetic moment: 6.105655202614724e-15 Bohr magnetons
Energy: -15.1762585316871 eV
Magnetic moment: 6.105655202614724e-15 Bohr magnetons
Energy: -15.1762585316871 eV
Magnetic moment: 6.105655202614724e-15 Bohr magnetons
Energy: -15.1762585316871 eV
Magnetic moment: 6.105655202614724e-15 Bohr magnetons
Energy: -15.1762585316871 eV
Magnetic moment: 6.105655202614724e-15 Bohr magnetons
Energy: -15.1762585316871 eV
Magnetic moment: 6.105655202614724e-15 Bohr magnetons
Energy: -15.1762585316871 eV
Magnetic moment: 6.105655202614724e-15 Bohr magnetons
Energy: -15.1762585316871 eV
Magnetic moment: 6.105655202614724e-15 Bohr magnetons
Energy: -15.1762585316871 eV
Magnetic moment: 6.105655202614724e-15 Bohr magnetons
Energy: -15.1762585316871 eV
Magnetic moment: 6.105655202614724e-15 Bohr magnetons
Calculating q=[0.11904762 0.11904762 0.        ]
Calculating q=[0.11904762 0.11904762 0.        ]
Calculating q=[0.11904762 0.11904762 0.        ]
Calculating q=[0.11904762 0.11904762 0.        ]
Calculating q=[0.11904762 0.11904762 0.        ]
Calculating q=[0.11904762 0.11904762 0.        ]
Calculating q=[0.11904762 0.11904762 0.        ]
Calculating q=[0.11904762 0.11904762 0.        ]
Calculating q=[0.11904762 0.11904762 0.        ]
Calculating q=[0.11904762 0.11904762 0.        ]
Calculating q=[0.11904762 0.11904762 0.        ]
Calculating q=[0.11904762 0.11904762 0.        ]
Energy: -15.170821018013402 eV
Magnetic moment: 1.1412869424613918e-14 Bohr magnetons
Energy: -15.170821018013402 eV
Magnetic moment: 1.1412869424613918e-14 Bohr magnetons
Energy: -15.170821018013402 eV
Magnetic moment: 1.1412869424613918e-14 Bohr magnetons
Energy: -15.170821018013402 eV
Magnetic moment: 1.1412869424613918e-14 Bohr magnetons
Energy: -15.170821018013402 eV
Magnetic moment: 1.1412869424613918e-14 Bohr magnetons
Energy: -15.170821018013402 eV
Magnetic moment: 1.1412869424613918e-14 Bohr magnetons
Energy: -15.170821018013402 eV
Magnetic moment: 1.1412869424613918e-14 Bohr magnetons
Energy: -15.170821018013402 eV
Magnetic moment: 1.1412869424613918e-14 Bohr magnetons
Energy: -15.170821018013402 eV
Magnetic moment: 1.1412869424613918e-14 Bohr magnetons
Energy: -15.170821018013402 eV
Magnetic moment: 1.1412869424613918e-14 Bohr magnetons
Energy: -15.170821018013402 eV
Magnetic moment: 1.1412869424613918e-14 Bohr magnetons
Energy: -15.170821018013402 eV
Magnetic moment: 1.1412869424613918e-14 Bohr magnetons
Calculating q=[0.0952381 0.0952381 0.       ]
Calculating q=[0.0952381 0.0952381 0.       ]
Calculating q=[0.0952381 0.0952381 0.       ]
Calculating q=[0.0952381 0.0952381 0.       ]
Calculating q=[0.0952381 0.0952381 0.       ]
Calculating q=[0.0952381 0.0952381 0.       ]
Calculating q=[0.0952381 0.0952381 0.       ]
Calculating q=[0.0952381 0.0952381 0.       ]
Calculating q=[0.0952381 0.0952381 0.       ]
Calculating q=[0.0952381 0.0952381 0.       ]
Calculating q=[0.0952381 0.0952381 0.       ]
Calculating q=[0.0952381 0.0952381 0.       ]
Energy: -15.164849998320715 eV
Magnetic moment: -4.1021786003369104e-14 Bohr magnetons
Energy: -15.164849998320715 eV
Magnetic moment: -4.1021786003369104e-14 Bohr magnetons
Energy: -15.164849998320715 eV
Magnetic moment: -4.1021786003369104e-14 Bohr magnetons
Energy: -15.164849998320715 eV
Magnetic moment: -4.1021786003369104e-14 Bohr magnetons
Energy: -15.164849998320715 eV
Magnetic moment: -4.1021786003369104e-14 Bohr magnetons
Energy: -15.164849998320715 eV
Magnetic moment: -4.1021786003369104e-14 Bohr magnetons
Energy: -15.164849998320715 eV
Magnetic moment: -4.1021786003369104e-14 Bohr magnetons
Energy: -15.164849998320715 eV
Magnetic moment: -4.1021786003369104e-14 Bohr magnetons
Energy: -15.164849998320715 eV
Magnetic moment: -4.1021786003369104e-14 Bohr magnetons
Energy: -15.164849998320715 eV
Magnetic moment: -4.1021786003369104e-14 Bohr magnetons
Energy: -15.164849998320715 eV
Magnetic moment: -4.1021786003369104e-14 Bohr magnetons
Energy: -15.164849998320715 eV
Magnetic moment: -4.1021786003369104e-14 Bohr magnetons
Calculating q=[0.07142857 0.07142857 0.        ]
Calculating q=[0.07142857 0.07142857 0.        ]
Calculating q=[0.07142857 0.07142857 0.        ]
Calculating q=[0.07142857 0.07142857 0.        ]
Calculating q=[0.07142857 0.07142857 0.        ]
Calculating q=[0.07142857 0.07142857 0.        ]
Calculating q=[0.07142857 0.07142857 0.        ]
Calculating q=[0.07142857 0.07142857 0.        ]
Calculating q=[0.07142857 0.07142857 0.        ]
Calculating q=[0.07142857 0.07142857 0.        ]
Calculating q=[0.07142857 0.07142857 0.        ]
Calculating q=[0.07142857 0.07142857 0.        ]
Energy: -15.158905495191831 eV
Magnetic moment: -1.648123542231743e-14 Bohr magnetons
Energy: -15.158905495191831 eV
Magnetic moment: -1.648123542231743e-14 Bohr magnetons
Energy: -15.158905495191831 eV
Magnetic moment: -1.648123542231743e-14 Bohr magnetons
Energy: -15.158905495191831 eV
Magnetic moment: -1.648123542231743e-14 Bohr magnetons
Energy: -15.158905495191831 eV
Magnetic moment: -1.648123542231743e-14 Bohr magnetons
Energy: -15.158905495191831 eV
Magnetic moment: -1.648123542231743e-14 Bohr magnetons
Energy: -15.158905495191831 eV
Magnetic moment: -1.648123542231743e-14 Bohr magnetons
Energy: -15.158905495191831 eV
Magnetic moment: -1.648123542231743e-14 Bohr magnetons
Energy: -15.158905495191831 eV
Magnetic moment: -1.648123542231743e-14 Bohr magnetons
Energy: -15.158905495191831 eV
Magnetic moment: -1.648123542231743e-14 Bohr magnetons
Energy: -15.158905495191831 eV
Magnetic moment: -1.648123542231743e-14 Bohr magnetons
Energy: -15.158905495191831 eV
Magnetic moment: -1.648123542231743e-14 Bohr magnetons
Calculating q=[0.04761905 0.04761905 0.        ]
Calculating q=[0.04761905 0.04761905 0.        ]
Calculating q=[0.04761905 0.04761905 0.        ]
Calculating q=[0.04761905 0.04761905 0.        ]
Calculating q=[0.04761905 0.04761905 0.        ]
Calculating q=[0.04761905 0.04761905 0.        ]
Calculating q=[0.04761905 0.04761905 0.        ]
Calculating q=[0.04761905 0.04761905 0.        ]
Calculating q=[0.04761905 0.04761905 0.        ]
Calculating q=[0.04761905 0.04761905 0.        ]
Calculating q=[0.04761905 0.04761905 0.        ]
Calculating q=[0.04761905 0.04761905 0.        ]
Energy: -15.153735026249969 eV
Magnetic moment: 3.8175261488182023e-14 Bohr magnetons
Energy: -15.153735026249969 eV
Magnetic moment: 3.8175261488182023e-14 Bohr magnetons
Energy: -15.153735026249969 eV
Magnetic moment: 3.8175261488182023e-14 Bohr magnetons
Energy: -15.153735026249969 eV
Magnetic moment: 3.8175261488182023e-14 Bohr magnetons
Energy: -15.153735026249969 eV
Magnetic moment: 3.8175261488182023e-14 Bohr magnetons
Energy: -15.153735026249969 eV
Magnetic moment: 3.8175261488182023e-14 Bohr magnetons
Energy: -15.153735026249969 eV
Magnetic moment: 3.8175261488182023e-14 Bohr magnetons
Energy: -15.153735026249969 eV
Magnetic moment: 3.8175261488182023e-14 Bohr magnetons
Energy: -15.153735026249969 eV
Magnetic moment: 3.8175261488182023e-14 Bohr magnetons
Energy: -15.153735026249969 eV
Magnetic moment: 3.8175261488182023e-14 Bohr magnetons
Energy: -15.153735026249969 eV
Magnetic moment: 3.8175261488182023e-14 Bohr magnetons
Calculating q=[0.02380952 0.02380952 0.        ]
Energy: -15.153735026249969 eV
Magnetic moment: 3.8175261488182023e-14 Bohr magnetons
Calculating q=[0.02380952 0.02380952 0.        ]
Calculating q=[0.02380952 0.02380952 0.        ]
Calculating q=[0.02380952 0.02380952 0.        ]
Calculating q=[0.02380952 0.02380952 0.        ]
Calculating q=[0.02380952 0.02380952 0.        ]
Calculating q=[0.02380952 0.02380952 0.        ]
Calculating q=[0.02380952 0.02380952 0.        ]
Calculating q=[0.02380952 0.02380952 0.        ]
Calculating q=[0.02380952 0.02380952 0.        ]
Calculating q=[0.02380952 0.02380952 0.        ]
Calculating q=[0.02380952 0.02380952 0.        ]
Energy: -15.15019533350866 eV
Magnetic moment: -1.1518252404845534e-14 Bohr magnetons
Energy: -15.15019533350866 eV
Magnetic moment: -1.1518252404845534e-14 Bohr magnetons
Energy: -15.15019533350866 eV
Magnetic moment: -1.1518252404845534e-14 Bohr magnetons
Energy: -15.15019533350866 eV
Magnetic moment: -1.1518252404845534e-14 Bohr magnetons
Energy: -15.15019533350866 eV
Magnetic moment: -1.1518252404845534e-14 Bohr magnetons
Energy: -15.15019533350866 eV
Magnetic moment: -1.1518252404845534e-14 Bohr magnetons
Energy: -15.15019533350866 eV
Magnetic moment: -1.1518252404845534e-14 Bohr magnetons
Energy: -15.15019533350866 eV
Magnetic moment: -1.1518252404845534e-14 Bohr magnetons
Energy: -15.15019533350866 eV
Magnetic moment: -1.1518252404845534e-14 Bohr magnetons
Energy: -15.15019533350866 eV
Magnetic moment: -1.1518252404845534e-14 Bohr magnetons
Energy: -15.15019533350866 eV
Magnetic moment: -1.1518252404845534e-14 Bohr magnetons
Energy: -15.15019533350866 eV
Magnetic moment: -1.1518252404845534e-14 Bohr magnetons
Calculating q=[0. 0. 0.]
Calculating q=[0. 0. 0.]
Calculating q=[0. 0. 0.]
Calculating q=[0. 0. 0.]
Calculating q=[0. 0. 0.]
Calculating q=[0. 0. 0.]
Calculating q=[0. 0. 0.]
Calculating q=[0. 0. 0.]
Calculating q=[0. 0. 0.]
Calculating q=[0. 0. 0.]
Calculating q=[0. 0. 0.]
Calculating q=[0. 0. 0.]
Energy: -15.148924024464563 eV
Magnetic moment: 3.281273316902021e-11 Bohr magnetons
Energy: -15.148924024464563 eV
Magnetic moment: 3.281273316902021e-11 Bohr magnetons
Energy: -15.148924024464563 eV
Magnetic moment: 3.281273316902021e-11 Bohr magnetons
Energy: -15.148924024464563 eV
Magnetic moment: 3.281273316902021e-11 Bohr magnetons
Energy: -15.148924024464563 eV
Magnetic moment: 3.281273316902021e-11 Bohr magnetons
Energy: -15.148924024464563 eV
Magnetic moment: 3.281273316902021e-11 Bohr magnetons
Energy: -15.148924024464563 eV
Magnetic moment: 3.281273316902021e-11 Bohr magnetons
Energy: -15.148924024464563 eV
Magnetic moment: 3.281273316902021e-11 Bohr magnetons
Energy: -15.148924024464563 eV
Magnetic moment: 3.281273316902021e-11 Bohr magnetons
Energy: -15.148924024464563 eV
Magnetic moment: 3.281273316902021e-11 Bohr magnetons
Energy: -15.148924024464563 eV
Magnetic moment: 3.281273316902021e-11 Bohr magnetons
Energy: -15.148924024464563 eV
Magnetic moment: 3.281273316902021e-11 Bohr magnetons

------------------------------------------------------------
Sender: LSF System <lsfadmin@hpc.dtu.dk>
Subject: Job 21540911: <plot_5.py> in cluster <dcc> Done

Job <plot_5.py> was submitted from host <n-62-27-22> by user <s194113> in cluster <dcc> at Mon Apr 22 12:37:37 2024
Job was executed on host(s) <12*n-62-29-8>, in queue <hpc>, as user <s194113> in cluster <dcc> at Mon Apr 22 21:57:41 2024
</zhome/87/8/147075> was used as the home directory.
</zhome/87/8/147075/10302/10302_NM/MnI2/V_con> was used as the working directory.
Started at Mon Apr 22 21:57:41 2024
Terminated at Tue Apr 23 04:20:01 2024
Results reported at Tue Apr 23 04:20:01 2024

Your job looked like:

------------------------------------------------------------
# LSBATCH: User input
#!/bin/bash -l
id=$LSB_JOBID
mq=/zhome/87/8/147075/.myqueue/lsf-$id
source /zhome/87/8/147075/venv-name/bin/activate
echo "venv: /zhome/87/8/147075/venv-name/bin/activate"
(touch $mq-0 && \
 cd '/zhome/87/8/147075/10302/10302_NM/MnI2/V_con' && \
 mpiexec python3 plot_5.py && \
 touch $mq-1) || \
(touch $mq-2; exit 1)

------------------------------------------------------------

Successfully completed.

Resource usage summary:

    CPU time :                                   275197.31 sec.
    Max Memory :                                 17473 MB
    Average Memory :                             11561.90 MB
    Total Requested Memory :                     73728.00 MB
    Delta Memory :                               56255.00 MB
    Max Swap :                                   -
    Max Processes :                              17
    Max Threads :                                57
    Run time :                                   22940 sec.
    Turnaround time :                            56544 sec.

The output (if any) is above this job summary.



PS:

Read file </zhome/87/8/147075/10302/10302_NM/MnI2/V_con/plot_5.py.21540911.err> for stderr output of this job.

