venv: /zhome/87/8/147075/venv-name/bin/activate
[1714465232.097886] [n-62-28-31:5697 :0]          ib_md.c:1063 UCX  WARN  IB: ibv_fork_init() was disabled or failed, yet a fork() has been issued.
[1714465232.097914] [n-62-28-31:5701 :0]          ib_md.c:1063 UCX  WARN  IB: ibv_fork_init() was disabled or failed, yet a fork() has been issued.
[1714465232.097966] [n-62-28-31:5701 :0]          ib_md.c:1064 UCX  WARN  IB: data corruption might occur when using registered memory.
[1714465232.097920] [n-62-28-31:5703 :0]          ib_md.c:1063 UCX  WARN  IB: ibv_fork_init() was disabled or failed, yet a fork() has been issued.
[1714465232.097955] [n-62-28-31:5703 :0]          ib_md.c:1064 UCX  WARN  IB: data corruption might occur when using registered memory.
[1714465232.097936] [n-62-28-31:5694 :0]          ib_md.c:1063 UCX  WARN  IB: ibv_fork_init() was disabled or failed, yet a fork() has been issued.
[1714465232.097986] [n-62-28-31:5694 :0]          ib_md.c:1064 UCX  WARN  IB: data corruption might occur when using registered memory.
[1714465232.097939] [n-62-28-31:5696 :0]          ib_md.c:1063 UCX  WARN  IB: ibv_fork_init() was disabled or failed, yet a fork() has been issued.
[1714465232.097973] [n-62-28-31:5696 :0]          ib_md.c:1064 UCX  WARN  IB: data corruption might occur when using registered memory.
[1714465232.097973] [n-62-28-31:5699 :0]          ib_md.c:1063 UCX  WARN  IB: ibv_fork_init() was disabled or failed, yet a fork() has been issued.
[1714465232.098029] [n-62-28-31:5699 :0]          ib_md.c:1064 UCX  WARN  IB: data corruption might occur when using registered memory.
[1714465232.098000] [n-62-28-31:5702 :0]          ib_md.c:1063 UCX  WARN  IB: ibv_fork_init() was disabled or failed, yet a fork() has been issued.
[1714465232.097953] [n-62-28-31:5704 :0]          ib_md.c:1063 UCX  WARN  IB: ibv_fork_init() was disabled or failed, yet a fork() has been issued.
[1714465232.098005] [n-62-28-31:5704 :0]          ib_md.c:1064 UCX  WARN  IB: data corruption might occur when using registered memory.
[1714465232.097956] [n-62-28-31:5706 :0]          ib_md.c:1063 UCX  WARN  IB: ibv_fork_init() was disabled or failed, yet a fork() has been issued.
[1714465232.098001] [n-62-28-31:5706 :0]          ib_md.c:1064 UCX  WARN  IB: data corruption might occur when using registered memory.
[1714465232.098040] [n-62-28-31:5695 :0]          ib_md.c:1063 UCX  WARN  IB: ibv_fork_init() was disabled or failed, yet a fork() has been issued.
[1714465232.098075] [n-62-28-31:5695 :0]          ib_md.c:1064 UCX  WARN  IB: data corruption might occur when using registered memory.
[1714465232.098030] [n-62-28-31:5698 :0]          ib_md.c:1063 UCX  WARN  IB: ibv_fork_init() was disabled or failed, yet a fork() has been issued.
[1714465232.098093] [n-62-28-31:5698 :0]          ib_md.c:1064 UCX  WARN  IB: data corruption might occur when using registered memory.
[1714465232.098048] [n-62-28-31:5697 :0]          ib_md.c:1064 UCX  WARN  IB: data corruption might occur when using registered memory.
[1714465232.098185] [n-62-28-31:5702 :0]          ib_md.c:1064 UCX  WARN  IB: data corruption might occur when using registered memory.
[1714465232.098049] [n-62-28-31:5705 :0]          ib_md.c:1063 UCX  WARN  IB: ibv_fork_init() was disabled or failed, yet a fork() has been issued.
[1714465232.098092] [n-62-28-31:5705 :0]          ib_md.c:1064 UCX  WARN  IB: data corruption might occur when using registered memory.
Calculating ground state
26 q-points in the path
=====================================
Calculating ground state
26 q-points in the path
=====================================
Calculating ground state
26 q-points in the path
=====================================
Calculating ground state
Calculating ground state
26 q-points in the path
=====================================
Calculating q=[0.05, 0.05, 0]
Calculating q=[0.05, 0.05, 0]
Calculating q=[0.05, 0.05, 0]
Calculating ground state
26 q-points in the path
=====================================
Calculating q=[0.05, 0.05, 0]
Calculating ground state
26 q-points in the path
=====================================
Calculating q=[0.05, 0.05, 0]
Calculating ground state
26 q-points in the path
=====================================
Calculating q=[0.05, 0.05, 0]
Calculating ground state
26 q-points in the path
=====================================
Calculating q=[0.05, 0.05, 0]
Calculating ground state
26 q-points in the path
=====================================
Calculating q=[0.05, 0.05, 0]
Calculating ground state
26 q-points in the path
=====================================
Calculating q=[0.05, 0.05, 0]
Calculating q=[0.05, 0.05, 0]
26 q-points in the path
=====================================
Calculating q=[0.05, 0.05, 0]
Calculating ground state
26 q-points in the path
=====================================
Calculating q=[0.05, 0.05, 0]
Energy: -12.298841054065083 eV
Magnetic moment: 1.6069850154848994e-14 Bohr magnetons
Energy: -12.298841054065083 eV
Magnetic moment: 1.6069850154848994e-14 Bohr magnetons
Calculating q=[0.06666666666666667, 0.05, 0]
Energy: -12.298841054065083 eV
Magnetic moment: 1.6069850154848994e-14 Bohr magnetons
Calculating q=[0.06666666666666667, 0.05, 0]
Energy: -12.298841054065083 eV
Magnetic moment: 1.6069850154848994e-14 Bohr magnetons
Calculating q=[0.06666666666666667, 0.05, 0]
Energy: -12.298841054065083 eV
Magnetic moment: 1.6069850154848994e-14 Bohr magnetons
Calculating q=[0.06666666666666667, 0.05, 0]
Energy: -12.298841054065083 eV
Magnetic moment: 1.6069850154848994e-14 Bohr magnetons
Calculating q=[0.06666666666666667, 0.05, 0]
Energy: -12.298841054065083 eV
Magnetic moment: 1.6069850154848994e-14 Bohr magnetons
Calculating q=[0.06666666666666667, 0.05, 0]
Energy: -12.298841054065083 eV
Magnetic moment: 1.6069850154848994e-14 Bohr magnetons
Calculating q=[0.06666666666666667, 0.05, 0]
Energy: -12.298841054065083 eV
Magnetic moment: 1.6069850154848994e-14 Bohr magnetons
Calculating q=[0.06666666666666667, 0.05, 0]
Energy: -12.298841054065083 eV
Magnetic moment: 1.6069850154848994e-14 Bohr magnetons
Calculating q=[0.06666666666666667, 0.05, 0]
Energy: -12.298841054065083 eV
Magnetic moment: 1.6069850154848994e-14 Bohr magnetons
Calculating q=[0.06666666666666667, 0.05, 0]
Calculating q=[0.06666666666666667, 0.05, 0]
Energy: -12.298841054065083 eV
Magnetic moment: 1.6069850154848994e-14 Bohr magnetons
Calculating q=[0.06666666666666667, 0.05, 0]
Energy: -12.301770351554302 eV
Magnetic moment: -8.706051453901805e-15 Bohr magnetons
Calculating q=[0.08333333333333333, 0.05, 0]
Energy: -12.301770351554302 eV
Magnetic moment: -8.706051453901805e-15 Bohr magnetons
Calculating q=[0.08333333333333333, 0.05, 0]
Energy: -12.301770351554302 eV
Magnetic moment: -8.706051453901805e-15 Bohr magnetons
Calculating q=[0.08333333333333333, 0.05, 0]
Energy: -12.301770351554302 eV
Magnetic moment: -8.706051453901805e-15 Bohr magnetons
Calculating q=[0.08333333333333333, 0.05, 0]
Energy: -12.301770351554302 eV
Magnetic moment: -8.706051453901805e-15 Bohr magnetons
Calculating q=[0.08333333333333333, 0.05, 0]
Energy: -12.301770351554302 eV
Magnetic moment: -8.706051453901805e-15 Bohr magnetons
Calculating q=[0.08333333333333333, 0.05, 0]
Energy: -12.301770351554302 eV
Magnetic moment: -8.706051453901805e-15 Bohr magnetons
Calculating q=[0.08333333333333333, 0.05, 0]
Energy: -12.301770351554302 eV
Magnetic moment: -8.706051453901805e-15 Bohr magnetons
Calculating q=[0.08333333333333333, 0.05, 0]
Energy: -12.301770351554302 eV
Magnetic moment: -8.706051453901805e-15 Bohr magnetons
Calculating q=[0.08333333333333333, 0.05, 0]
Energy: -12.301770351554302 eV
Magnetic moment: -8.706051453901805e-15 Bohr magnetons
Calculating q=[0.08333333333333333, 0.05, 0]
Energy: -12.301770351554302 eV
Magnetic moment: -8.706051453901805e-15 Bohr magnetons
Calculating q=[0.08333333333333333, 0.05, 0]
Energy: -12.301770351554302 eV
Magnetic moment: -8.706051453901805e-15 Bohr magnetons
Calculating q=[0.08333333333333333, 0.05, 0]
Energy: -12.304814767840528 eV
Magnetic moment: -4.1947783256984056e-15 Bohr magnetons
Calculating q=[0.1, 0.05, 0]
Energy: -12.304814767840528 eV
Magnetic moment: -4.1947783256984056e-15 Bohr magnetons
Calculating q=[0.1, 0.05, 0]
Energy: -12.304814767840528 eV
Magnetic moment: -4.1947783256984056e-15 Bohr magnetons
Calculating q=[0.1, 0.05, 0]
Energy: -12.304814767840528 eV
Magnetic moment: -4.1947783256984056e-15 Bohr magnetons
Calculating q=[0.1, 0.05, 0]
Energy: -12.304814767840528 eV
Magnetic moment: -4.1947783256984056e-15 Bohr magnetons
Calculating q=[0.1, 0.05, 0]
Energy: -12.304814767840528 eV
Magnetic moment: -4.1947783256984056e-15 Bohr magnetons
Calculating q=[0.1, 0.05, 0]
Energy: -12.304814767840528 eV
Magnetic moment: -4.1947783256984056e-15 Bohr magnetons
Calculating q=[0.1, 0.05, 0]
Energy: -12.304814767840528 eV
Magnetic moment: -4.1947783256984056e-15 Bohr magnetons
Calculating q=[0.1, 0.05, 0]
Energy: -12.304814767840528 eV
Magnetic moment: -4.1947783256984056e-15 Bohr magnetons
Calculating q=[0.1, 0.05, 0]
Energy: -12.304814767840528 eV
Magnetic moment: -4.1947783256984056e-15 Bohr magnetons
Calculating q=[0.1, 0.05, 0]
Energy: -12.304814767840528 eV
Magnetic moment: -4.1947783256984056e-15 Bohr magnetons
Calculating q=[0.1, 0.05, 0]
Energy: -12.304814767840528 eV
Magnetic moment: -4.1947783256984056e-15 Bohr magnetons
Calculating q=[0.1, 0.05, 0]
Energy: -12.307839325726414 eV
Magnetic moment: 2.2621830328010836e-16 Bohr magnetons
Calculating q=[0.11666666666666667, 0.05, 0]
Energy: -12.307839325726414 eV
Magnetic moment: 2.2621830328010836e-16 Bohr magnetons
Calculating q=[0.11666666666666667, 0.05, 0]
Energy: -12.307839325726414 eV
Magnetic moment: 2.2621830328010836e-16 Bohr magnetons
Calculating q=[0.11666666666666667, 0.05, 0]
Energy: -12.307839325726414 eV
Magnetic moment: 2.2621830328010836e-16 Bohr magnetons
Calculating q=[0.11666666666666667, 0.05, 0]
Energy: -12.307839325726414 eV
Magnetic moment: 2.2621830328010836e-16 Bohr magnetons
Calculating q=[0.11666666666666667, 0.05, 0]
Energy: -12.307839325726414 eV
Magnetic moment: 2.2621830328010836e-16 Bohr magnetons
Calculating q=[0.11666666666666667, 0.05, 0]
Energy: -12.307839325726414 eV
Magnetic moment: 2.2621830328010836e-16 Bohr magnetons
Calculating q=[0.11666666666666667, 0.05, 0]
Energy: -12.307839325726414 eV
Magnetic moment: 2.2621830328010836e-16 Bohr magnetons
Calculating q=[0.11666666666666667, 0.05, 0]
Energy: -12.307839325726414 eV
Magnetic moment: 2.2621830328010836e-16 Bohr magnetons
Calculating q=[0.11666666666666667, 0.05, 0]
Energy: -12.307839325726414 eV
Magnetic moment: 2.2621830328010836e-16 Bohr magnetons
Calculating q=[0.11666666666666667, 0.05, 0]
Energy: -12.307839325726414 eV
Magnetic moment: 2.2621830328010836e-16 Bohr magnetons
Energy: -12.307839325726414 eV
Magnetic moment: 2.2621830328010836e-16 Bohr magnetons
Calculating q=[0.11666666666666667, 0.05, 0]
Calculating q=[0.11666666666666667, 0.05, 0]
Energy: -12.310642819636138 eV
Magnetic moment: 1.1042110597765695e-14 Bohr magnetons
Calculating q=[0.13333333333333333, 0.05, 0]
Energy: -12.310642819636138 eV
Magnetic moment: 1.1042110597765695e-14 Bohr magnetons
Calculating q=[0.13333333333333333, 0.05, 0]
Energy: -12.310642819636138 eV
Magnetic moment: 1.1042110597765695e-14 Bohr magnetons
Calculating q=[0.13333333333333333, 0.05, 0]
Energy: -12.310642819636138 eV
Magnetic moment: 1.1042110597765695e-14 Bohr magnetons
Calculating q=[0.13333333333333333, 0.05, 0]
Energy: -12.310642819636138 eV
Magnetic moment: 1.1042110597765695e-14 Bohr magnetons
Calculating q=[0.13333333333333333, 0.05, 0]
Energy: -12.310642819636138 eV
Magnetic moment: 1.1042110597765695e-14 Bohr magnetons
Calculating q=[0.13333333333333333, 0.05, 0]
Energy: -12.310642819636138 eV
Magnetic moment: 1.1042110597765695e-14 Bohr magnetons
Calculating q=[0.13333333333333333, 0.05, 0]
Energy: -12.310642819636138 eV
Magnetic moment: 1.1042110597765695e-14 Bohr magnetons
Calculating q=[0.13333333333333333, 0.05, 0]
Energy: -12.310642819636138 eV
Magnetic moment: 1.1042110597765695e-14 Bohr magnetons
Calculating q=[0.13333333333333333, 0.05, 0]
Energy: -12.310642819636138 eV
Magnetic moment: 1.1042110597765695e-14 Bohr magnetons
Calculating q=[0.13333333333333333, 0.05, 0]
Energy: -12.310642819636138 eV
Magnetic moment: 1.1042110597765695e-14 Bohr magnetons
Calculating q=[0.13333333333333333, 0.05, 0]
Energy: -12.310642819636138 eV
Magnetic moment: 1.1042110597765695e-14 Bohr magnetons
Calculating q=[0.13333333333333333, 0.05, 0]
Energy: -12.313074604795496 eV
Magnetic moment: -2.7164993530163026e-14 Bohr magnetons
Calculating q=[0.15, 0.05, 0]
Energy: -12.313074604795496 eV
Magnetic moment: -2.7164993530163026e-14 Bohr magnetons
Calculating q=[0.15, 0.05, 0]
Energy: -12.313074604795496 eV
Magnetic moment: -2.7164993530163026e-14 Bohr magnetons
Calculating q=[0.15, 0.05, 0]
Energy: -12.313074604795496 eV
Magnetic moment: -2.7164993530163026e-14 Bohr magnetons
Calculating q=[0.15, 0.05, 0]
Energy: -12.313074604795496 eV
Magnetic moment: -2.7164993530163026e-14 Bohr magnetons
Calculating q=[0.15, 0.05, 0]
Energy: -12.313074604795496 eV
Magnetic moment: -2.7164993530163026e-14 Bohr magnetons
Calculating q=[0.15, 0.05, 0]
Energy: -12.313074604795496 eV
Magnetic moment: -2.7164993530163026e-14 Bohr magnetons
Calculating q=[0.15, 0.05, 0]
Energy: -12.313074604795496 eV
Magnetic moment: -2.7164993530163026e-14 Bohr magnetons
Calculating q=[0.15, 0.05, 0]
Energy: -12.313074604795496 eV
Magnetic moment: -2.7164993530163026e-14 Bohr magnetons
Calculating q=[0.15, 0.05, 0]
Energy: -12.313074604795496 eV
Magnetic moment: -2.7164993530163026e-14 Bohr magnetons
Calculating q=[0.15, 0.05, 0]
Energy: -12.313074604795496 eV
Magnetic moment: -2.7164993530163026e-14 Bohr magnetons
Calculating q=[0.15, 0.05, 0]
Energy: -12.313074604795496 eV
Magnetic moment: -2.7164993530163026e-14 Bohr magnetons
Calculating q=[0.15, 0.05, 0]
Energy: -12.314950071172573 eV
Magnetic moment: 4.260232238925964e-15 Bohr magnetons
Calculating q=[0.16666666666666666, 0.05, 0]
Energy: -12.314950071172573 eV
Magnetic moment: 4.260232238925964e-15 Bohr magnetons
Calculating q=[0.16666666666666666, 0.05, 0]
Energy: -12.314950071172573 eV
Magnetic moment: 4.260232238925964e-15 Bohr magnetons
Calculating q=[0.16666666666666666, 0.05, 0]
Energy: -12.314950071172573 eV
Magnetic moment: 4.260232238925964e-15 Bohr magnetons
Calculating q=[0.16666666666666666, 0.05, 0]
Energy: -12.314950071172573 eV
Magnetic moment: 4.260232238925964e-15 Bohr magnetons
Calculating q=[0.16666666666666666, 0.05, 0]
Energy: -12.314950071172573 eV
Magnetic moment: 4.260232238925964e-15 Bohr magnetons
Calculating q=[0.16666666666666666, 0.05, 0]
Energy: -12.314950071172573 eV
Magnetic moment: 4.260232238925964e-15 Bohr magnetons
Calculating q=[0.16666666666666666, 0.05, 0]
Energy: -12.314950071172573 eV
Magnetic moment: 4.260232238925964e-15 Bohr magnetons
Calculating q=[0.16666666666666666, 0.05, 0]
Energy: -12.314950071172573 eV
Magnetic moment: 4.260232238925964e-15 Bohr magnetons
Calculating q=[0.16666666666666666, 0.05, 0]
Energy: -12.314950071172573 eV
Magnetic moment: 4.260232238925964e-15 Bohr magnetons
Calculating q=[0.16666666666666666, 0.05, 0]
Energy: -12.314950071172573 eV
Magnetic moment: 4.260232238925964e-15 Bohr magnetons
Calculating q=[0.16666666666666666, 0.05, 0]
Energy: -12.314950071172573 eV
Magnetic moment: 4.260232238925964e-15 Bohr magnetons
Calculating q=[0.16666666666666666, 0.05, 0]
Energy: -12.31614310084014 eV
Magnetic moment: -6.1942746884038444e-15 Bohr magnetons
Calculating q=[0.18333333333333332, 0.05, 0]
Energy: -12.31614310084014 eV
Magnetic moment: -6.1942746884038444e-15 Bohr magnetons
Calculating q=[0.18333333333333332, 0.05, 0]
Energy: -12.31614310084014 eV
Magnetic moment: -6.1942746884038444e-15 Bohr magnetons
Calculating q=[0.18333333333333332, 0.05, 0]
Energy: -12.31614310084014 eV
Magnetic moment: -6.1942746884038444e-15 Bohr magnetons
Calculating q=[0.18333333333333332, 0.05, 0]
Energy: -12.31614310084014 eV
Magnetic moment: -6.1942746884038444e-15 Bohr magnetons
Calculating q=[0.18333333333333332, 0.05, 0]
Energy: -12.31614310084014 eV
Magnetic moment: -6.1942746884038444e-15 Bohr magnetons
Calculating q=[0.18333333333333332, 0.05, 0]
Energy: -12.31614310084014 eV
Magnetic moment: -6.1942746884038444e-15 Bohr magnetons
Calculating q=[0.18333333333333332, 0.05, 0]
Energy: -12.31614310084014 eV
Magnetic moment: -6.1942746884038444e-15 Bohr magnetons
Calculating q=[0.18333333333333332, 0.05, 0]
Energy: -12.31614310084014 eV
Magnetic moment: -6.1942746884038444e-15 Bohr magnetons
Calculating q=[0.18333333333333332, 0.05, 0]
Energy: -12.31614310084014 eV
Magnetic moment: -6.1942746884038444e-15 Bohr magnetons
Calculating q=[0.18333333333333332, 0.05, 0]
Energy: -12.31614310084014 eV
Magnetic moment: -6.1942746884038444e-15 Bohr magnetons
Calculating q=[0.18333333333333332, 0.05, 0]
Energy: -12.31614310084014 eV
Magnetic moment: -6.1942746884038444e-15 Bohr magnetons
Calculating q=[0.18333333333333332, 0.05, 0]
Energy: -12.316512618418532 eV
Magnetic moment: 2.831142794563903e-14 Bohr magnetons
Calculating q=[0.2, 0.05, 0]
Energy: -12.316512618418532 eV
Magnetic moment: 2.831142794563903e-14 Bohr magnetons
Calculating q=[0.2, 0.05, 0]
Energy: -12.316512618418532 eV
Magnetic moment: 2.831142794563903e-14 Bohr magnetons
Calculating q=[0.2, 0.05, 0]
Energy: -12.316512618418532 eV
Magnetic moment: 2.831142794563903e-14 Bohr magnetons
Calculating q=[0.2, 0.05, 0]
Energy: -12.316512618418532 eV
Magnetic moment: 2.831142794563903e-14 Bohr magnetons
Calculating q=[0.2, 0.05, 0]
Energy: -12.316512618418532 eV
Magnetic moment: 2.831142794563903e-14 Bohr magnetons
Calculating q=[0.2, 0.05, 0]
Energy: -12.316512618418532 eV
Magnetic moment: 2.831142794563903e-14 Bohr magnetons
Calculating q=[0.2, 0.05, 0]
Energy: -12.316512618418532 eV
Magnetic moment: 2.831142794563903e-14 Bohr magnetons
Calculating q=[0.2, 0.05, 0]
Energy: -12.316512618418532 eV
Magnetic moment: 2.831142794563903e-14 Bohr magnetons
Calculating q=[0.2, 0.05, 0]
Energy: -12.316512618418532 eV
Magnetic moment: 2.831142794563903e-14 Bohr magnetons
Calculating q=[0.2, 0.05, 0]
Energy: -12.316512618418532 eV
Magnetic moment: 2.831142794563903e-14 Bohr magnetons
Calculating q=[0.2, 0.05, 0]
Energy: -12.316512618418532 eV
Magnetic moment: 2.831142794563903e-14 Bohr magnetons
Calculating q=[0.2, 0.05, 0]
Energy: -12.316020701231688 eV
Magnetic moment: 2.9420207070464555e-14 Bohr magnetons
Calculating q=[0.21666666666666667, 0.05, 0]
Energy: -12.316020701231688 eV
Magnetic moment: 2.9420207070464555e-14 Bohr magnetons
Calculating q=[0.21666666666666667, 0.05, 0]
Energy: -12.316020701231688 eV
Magnetic moment: 2.9420207070464555e-14 Bohr magnetons
Calculating q=[0.21666666666666667, 0.05, 0]
Energy: -12.316020701231688 eV
Magnetic moment: 2.9420207070464555e-14 Bohr magnetons
Calculating q=[0.21666666666666667, 0.05, 0]
Energy: -12.316020701231688 eV
Magnetic moment: 2.9420207070464555e-14 Bohr magnetons
Calculating q=[0.21666666666666667, 0.05, 0]
Energy: -12.316020701231688 eV
Magnetic moment: 2.9420207070464555e-14 Bohr magnetons
Calculating q=[0.21666666666666667, 0.05, 0]
Energy: -12.316020701231688 eV
Magnetic moment: 2.9420207070464555e-14 Bohr magnetons
Calculating q=[0.21666666666666667, 0.05, 0]
Energy: -12.316020701231688 eV
Magnetic moment: 2.9420207070464555e-14 Bohr magnetons
Calculating q=[0.21666666666666667, 0.05, 0]
Energy: -12.316020701231688 eV
Magnetic moment: 2.9420207070464555e-14 Bohr magnetons
Calculating q=[0.21666666666666667, 0.05, 0]
Energy: -12.316020701231688 eV
Magnetic moment: 2.9420207070464555e-14 Bohr magnetons
Calculating q=[0.21666666666666667, 0.05, 0]
Energy: -12.316020701231688 eV
Magnetic moment: 2.9420207070464555e-14 Bohr magnetons
Calculating q=[0.21666666666666667, 0.05, 0]
Energy: -12.316020701231688 eV
Magnetic moment: 2.9420207070464555e-14 Bohr magnetons
Calculating q=[0.21666666666666667, 0.05, 0]
Energy: -12.314626831060009 eV
Magnetic moment: -4.141139818272689e-14 Bohr magnetons
Calculating q=[0.23333333333333334, 0.05, 0]
Energy: -12.314626831060009 eV
Magnetic moment: -4.141139818272689e-14 Bohr magnetons
Calculating q=[0.23333333333333334, 0.05, 0]
Energy: -12.314626831060009 eV
Magnetic moment: -4.141139818272689e-14 Bohr magnetons
Calculating q=[0.23333333333333334, 0.05, 0]
Energy: -12.314626831060009 eV
Magnetic moment: -4.141139818272689e-14 Bohr magnetons
Calculating q=[0.23333333333333334, 0.05, 0]
Energy: -12.314626831060009 eV
Magnetic moment: -4.141139818272689e-14 Bohr magnetons
Calculating q=[0.23333333333333334, 0.05, 0]
Energy: -12.314626831060009 eV
Magnetic moment: -4.141139818272689e-14 Bohr magnetons
Calculating q=[0.23333333333333334, 0.05, 0]
Energy: -12.314626831060009 eV
Magnetic moment: -4.141139818272689e-14 Bohr magnetons
Calculating q=[0.23333333333333334, 0.05, 0]
Energy: -12.314626831060009 eV
Magnetic moment: -4.141139818272689e-14 Bohr magnetons
Calculating q=[0.23333333333333334, 0.05, 0]
Energy: -12.314626831060009 eV
Magnetic moment: -4.141139818272689e-14 Bohr magnetons
Calculating q=[0.23333333333333334, 0.05, 0]
Energy: -12.314626831060009 eV
Magnetic moment: -4.141139818272689e-14 Bohr magnetons
Calculating q=[0.23333333333333334, 0.05, 0]
Energy: -12.314626831060009 eV
Magnetic moment: -4.141139818272689e-14 Bohr magnetons
Calculating q=[0.23333333333333334, 0.05, 0]
Energy: -12.314626831060009 eV
Magnetic moment: -4.141139818272689e-14 Bohr magnetons
Calculating q=[0.23333333333333334, 0.05, 0]
Energy: -12.312335505831962 eV
Magnetic moment: -2.012058563338686e-14 Bohr magnetons
Calculating q=[0.25, 0.05, 0]
Energy: -12.312335505831962 eV
Magnetic moment: -2.012058563338686e-14 Bohr magnetons
Calculating q=[0.25, 0.05, 0]
Energy: -12.312335505831962 eV
Magnetic moment: -2.012058563338686e-14 Bohr magnetons
Calculating q=[0.25, 0.05, 0]
Energy: -12.312335505831962 eV
Magnetic moment: -2.012058563338686e-14 Bohr magnetons
Calculating q=[0.25, 0.05, 0]
Energy: -12.312335505831962 eV
Magnetic moment: -2.012058563338686e-14 Bohr magnetons
Calculating q=[0.25, 0.05, 0]
Energy: -12.312335505831962 eV
Magnetic moment: -2.012058563338686e-14 Bohr magnetons
Calculating q=[0.25, 0.05, 0]
Energy: -12.312335505831962 eV
Magnetic moment: -2.012058563338686e-14 Bohr magnetons
Calculating q=[0.25, 0.05, 0]
Energy: -12.312335505831962 eV
Magnetic moment: -2.012058563338686e-14 Bohr magnetons
Calculating q=[0.25, 0.05, 0]
Energy: -12.312335505831962 eV
Magnetic moment: -2.012058563338686e-14 Bohr magnetons
Calculating q=[0.25, 0.05, 0]
Energy: -12.312335505831962 eV
Magnetic moment: -2.012058563338686e-14 Bohr magnetons
Calculating q=[0.25, 0.05, 0]
Energy: -12.312335505831962 eV
Magnetic moment: -2.012058563338686e-14 Bohr magnetons
Calculating q=[0.25, 0.05, 0]
Energy: -12.312335505831962 eV
Magnetic moment: -2.012058563338686e-14 Bohr magnetons
Calculating q=[0.25, 0.05, 0]
Energy: -12.309190580016468 eV
Magnetic moment: -6.941474556921975e-14 Bohr magnetons
Calculating q=[0.26666666666666666, 0.05, 0]
Energy: -12.309190580016468 eV
Magnetic moment: -6.941474556921975e-14 Bohr magnetons
Calculating q=[0.26666666666666666, 0.05, 0]
Energy: -12.309190580016468 eV
Magnetic moment: -6.941474556921975e-14 Bohr magnetons
Calculating q=[0.26666666666666666, 0.05, 0]
Energy: -12.309190580016468 eV
Magnetic moment: -6.941474556921975e-14 Bohr magnetons
Calculating q=[0.26666666666666666, 0.05, 0]
Energy: -12.309190580016468 eV
Magnetic moment: -6.941474556921975e-14 Bohr magnetons
Calculating q=[0.26666666666666666, 0.05, 0]
Energy: -12.309190580016468 eV
Magnetic moment: -6.941474556921975e-14 Bohr magnetons
Calculating q=[0.26666666666666666, 0.05, 0]
Energy: -12.309190580016468 eV
Magnetic moment: -6.941474556921975e-14 Bohr magnetons
Calculating q=[0.26666666666666666, 0.05, 0]
Energy: -12.309190580016468 eV
Magnetic moment: -6.941474556921975e-14 Bohr magnetons
Calculating q=[0.26666666666666666, 0.05, 0]
Energy: -12.309190580016468 eV
Magnetic moment: -6.941474556921975e-14 Bohr magnetons
Calculating q=[0.26666666666666666, 0.05, 0]
Energy: -12.309190580016468 eV
Magnetic moment: -6.941474556921975e-14 Bohr magnetons
Calculating q=[0.26666666666666666, 0.05, 0]
Energy: -12.309190580016468 eV
Magnetic moment: -6.941474556921975e-14 Bohr magnetons
Calculating q=[0.26666666666666666, 0.05, 0]
Energy: -12.309190580016468 eV
Magnetic moment: -6.941474556921975e-14 Bohr magnetons
Calculating q=[0.26666666666666666, 0.05, 0]
Energy: -12.305263035240662 eV
Magnetic moment: -1.1052733096099224e-14 Bohr magnetons
Calculating q=[0.2833333333333333, 0.05, 0]
Energy: -12.305263035240662 eV
Magnetic moment: -1.1052733096099224e-14 Bohr magnetons
Calculating q=[0.2833333333333333, 0.05, 0]
Energy: -12.305263035240662 eV
Magnetic moment: -1.1052733096099224e-14 Bohr magnetons
Calculating q=[0.2833333333333333, 0.05, 0]
Energy: -12.305263035240662 eV
Magnetic moment: -1.1052733096099224e-14 Bohr magnetons
Calculating q=[0.2833333333333333, 0.05, 0]
Energy: -12.305263035240662 eV
Magnetic moment: -1.1052733096099224e-14 Bohr magnetons
Calculating q=[0.2833333333333333, 0.05, 0]
Energy: -12.305263035240662 eV
Magnetic moment: -1.1052733096099224e-14 Bohr magnetons
Calculating q=[0.2833333333333333, 0.05, 0]
Energy: -12.305263035240662 eV
Magnetic moment: -1.1052733096099224e-14 Bohr magnetons
Calculating q=[0.2833333333333333, 0.05, 0]
Energy: -12.305263035240662 eV
Magnetic moment: -1.1052733096099224e-14 Bohr magnetons
Calculating q=[0.2833333333333333, 0.05, 0]
Energy: -12.305263035240662 eV
Magnetic moment: -1.1052733096099224e-14 Bohr magnetons
Calculating q=[0.2833333333333333, 0.05, 0]
Energy: -12.305263035240662 eV
Magnetic moment: -1.1052733096099224e-14 Bohr magnetons
Calculating q=[0.2833333333333333, 0.05, 0]
Energy: -12.305263035240662 eV
Magnetic moment: -1.1052733096099224e-14 Bohr magnetons
Calculating q=[0.2833333333333333, 0.05, 0]
Energy: -12.305263035240662 eV
Magnetic moment: -1.1052733096099224e-14 Bohr magnetons
Calculating q=[0.2833333333333333, 0.05, 0]
Energy: -12.300660081719597 eV
Magnetic moment: -1.1003503766481656e-13 Bohr magnetons
Calculating q=[0.3, 0.05, 0]
Energy: -12.300660081719597 eV
Magnetic moment: -1.1003503766481656e-13 Bohr magnetons
Calculating q=[0.3, 0.05, 0]
Energy: -12.300660081719597 eV
Magnetic moment: -1.1003503766481656e-13 Bohr magnetons
Calculating q=[0.3, 0.05, 0]
Energy: -12.300660081719597 eV
Magnetic moment: -1.1003503766481656e-13 Bohr magnetons
Calculating q=[0.3, 0.05, 0]
Energy: -12.300660081719597 eV
Magnetic moment: -1.1003503766481656e-13 Bohr magnetons
Calculating q=[0.3, 0.05, 0]
Energy: -12.300660081719597 eV
Magnetic moment: -1.1003503766481656e-13 Bohr magnetons
Calculating q=[0.3, 0.05, 0]
Energy: -12.300660081719597 eV
Magnetic moment: -1.1003503766481656e-13 Bohr magnetons
Calculating q=[0.3, 0.05, 0]
Energy: -12.300660081719597 eV
Magnetic moment: -1.1003503766481656e-13 Bohr magnetons
Calculating q=[0.3, 0.05, 0]
Energy: -12.300660081719597 eV
Magnetic moment: -1.1003503766481656e-13 Bohr magnetons
Calculating q=[0.3, 0.05, 0]
Energy: -12.300660081719597 eV
Magnetic moment: -1.1003503766481656e-13 Bohr magnetons
Calculating q=[0.3, 0.05, 0]
Energy: -12.300660081719597 eV
Magnetic moment: -1.1003503766481656e-13 Bohr magnetons
Calculating q=[0.3, 0.05, 0]
Energy: -12.300660081719597 eV
Magnetic moment: -1.1003503766481656e-13 Bohr magnetons
Calculating q=[0.3, 0.05, 0]
Energy: -12.295516468594807 eV
Magnetic moment: -7.400704546182741e-14 Bohr magnetons
Calculating q=[0.31666666666666665, 0.05, 0]
Energy: -12.295516468594807 eV
Magnetic moment: -7.400704546182741e-14 Bohr magnetons
Calculating q=[0.31666666666666665, 0.05, 0]
Energy: -12.295516468594807 eV
Magnetic moment: -7.400704546182741e-14 Bohr magnetons
Calculating q=[0.31666666666666665, 0.05, 0]
Energy: -12.295516468594807 eV
Magnetic moment: -7.400704546182741e-14 Bohr magnetons
Calculating q=[0.31666666666666665, 0.05, 0]
Energy: -12.295516468594807 eV
Magnetic moment: -7.400704546182741e-14 Bohr magnetons
Calculating q=[0.31666666666666665, 0.05, 0]
Energy: -12.295516468594807 eV
Magnetic moment: -7.400704546182741e-14 Bohr magnetons
Calculating q=[0.31666666666666665, 0.05, 0]
Energy: -12.295516468594807 eV
Magnetic moment: -7.400704546182741e-14 Bohr magnetons
Calculating q=[0.31666666666666665, 0.05, 0]
Energy: -12.295516468594807 eV
Magnetic moment: -7.400704546182741e-14 Bohr magnetons
Calculating q=[0.31666666666666665, 0.05, 0]
Energy: -12.295516468594807 eV
Magnetic moment: -7.400704546182741e-14 Bohr magnetons
Calculating q=[0.31666666666666665, 0.05, 0]
Energy: -12.295516468594807 eV
Magnetic moment: -7.400704546182741e-14 Bohr magnetons
Calculating q=[0.31666666666666665, 0.05, 0]
Energy: -12.295516468594807 eV
Magnetic moment: -7.400704546182741e-14 Bohr magnetons
Calculating q=[0.31666666666666665, 0.05, 0]
Energy: -12.295516468594807 eV
Magnetic moment: -7.400704546182741e-14 Bohr magnetons
Calculating q=[0.31666666666666665, 0.05, 0]
Energy: -12.28998534147322 eV
Magnetic moment: 4.405483139331683e-15 Bohr magnetons
Calculating q=[0.3333333333333333, 0.05, 0]
Energy: -12.28998534147322 eV
Magnetic moment: 4.405483139331683e-15 Bohr magnetons
Calculating q=[0.3333333333333333, 0.05, 0]
Energy: -12.28998534147322 eV
Magnetic moment: 4.405483139331683e-15 Bohr magnetons
Calculating q=[0.3333333333333333, 0.05, 0]
Energy: -12.28998534147322 eV
Magnetic moment: 4.405483139331683e-15 Bohr magnetons
Calculating q=[0.3333333333333333, 0.05, 0]
Energy: -12.28998534147322 eV
Magnetic moment: 4.405483139331683e-15 Bohr magnetons
Calculating q=[0.3333333333333333, 0.05, 0]
Energy: -12.28998534147322 eV
Magnetic moment: 4.405483139331683e-15 Bohr magnetons
Calculating q=[0.3333333333333333, 0.05, 0]
Energy: -12.28998534147322 eV
Magnetic moment: 4.405483139331683e-15 Bohr magnetons
Calculating q=[0.3333333333333333, 0.05, 0]
Energy: -12.28998534147322 eV
Magnetic moment: 4.405483139331683e-15 Bohr magnetons
Calculating q=[0.3333333333333333, 0.05, 0]
Energy: -12.28998534147322 eV
Magnetic moment: 4.405483139331683e-15 Bohr magnetons
Calculating q=[0.3333333333333333, 0.05, 0]
Energy: -12.28998534147322 eV
Magnetic moment: 4.405483139331683e-15 Bohr magnetons
Calculating q=[0.3333333333333333, 0.05, 0]
Energy: -12.28998534147322 eV
Magnetic moment: 4.405483139331683e-15 Bohr magnetons
Calculating q=[0.3333333333333333, 0.05, 0]
Energy: -12.28998534147322 eV
Magnetic moment: 4.405483139331683e-15 Bohr magnetons
Calculating q=[0.3333333333333333, 0.05, 0]
Energy: -12.284235823642389 eV
Magnetic moment: -2.8404469645445198e-14 Bohr magnetons
Calculating q=[0.35, 0.05, 0]
Energy: -12.284235823642389 eV
Magnetic moment: -2.8404469645445198e-14 Bohr magnetons
Calculating q=[0.35, 0.05, 0]
Energy: -12.284235823642389 eV
Magnetic moment: -2.8404469645445198e-14 Bohr magnetons
Calculating q=[0.35, 0.05, 0]
Energy: -12.284235823642389 eV
Magnetic moment: -2.8404469645445198e-14 Bohr magnetons
Calculating q=[0.35, 0.05, 0]
Energy: -12.284235823642389 eV
Magnetic moment: -2.8404469645445198e-14 Bohr magnetons
Calculating q=[0.35, 0.05, 0]
Energy: -12.284235823642389 eV
Magnetic moment: -2.8404469645445198e-14 Bohr magnetons
Calculating q=[0.35, 0.05, 0]
Energy: -12.284235823642389 eV
Magnetic moment: -2.8404469645445198e-14 Bohr magnetons
Calculating q=[0.35, 0.05, 0]
Energy: -12.284235823642389 eV
Magnetic moment: -2.8404469645445198e-14 Bohr magnetons
Calculating q=[0.35, 0.05, 0]
Energy: -12.284235823642389 eV
Magnetic moment: -2.8404469645445198e-14 Bohr magnetons
Calculating q=[0.35, 0.05, 0]
Energy: -12.284235823642389 eV
Magnetic moment: -2.8404469645445198e-14 Bohr magnetons
Calculating q=[0.35, 0.05, 0]
Energy: -12.284235823642389 eV
Magnetic moment: -2.8404469645445198e-14 Bohr magnetons
Calculating q=[0.35, 0.05, 0]
Energy: -12.284235823642389 eV
Magnetic moment: -2.8404469645445198e-14 Bohr magnetons
Calculating q=[0.35, 0.05, 0]
Energy: -12.278470260755045 eV
Magnetic moment: -3.101632092693203e-14 Bohr magnetons
Calculating q=[0.36666666666666664, 0.05, 0]
Energy: -12.278470260755045 eV
Magnetic moment: -3.101632092693203e-14 Bohr magnetons
Calculating q=[0.36666666666666664, 0.05, 0]
Energy: -12.278470260755045 eV
Magnetic moment: -3.101632092693203e-14 Bohr magnetons
Calculating q=[0.36666666666666664, 0.05, 0]
Energy: -12.278470260755045 eV
Magnetic moment: -3.101632092693203e-14 Bohr magnetons
Calculating q=[0.36666666666666664, 0.05, 0]
Energy: -12.278470260755045 eV
Magnetic moment: -3.101632092693203e-14 Bohr magnetons
Calculating q=[0.36666666666666664, 0.05, 0]
Energy: -12.278470260755045 eV
Magnetic moment: -3.101632092693203e-14 Bohr magnetons
Calculating q=[0.36666666666666664, 0.05, 0]
Energy: -12.278470260755045 eV
Magnetic moment: -3.101632092693203e-14 Bohr magnetons
Calculating q=[0.36666666666666664, 0.05, 0]
Energy: -12.278470260755045 eV
Magnetic moment: -3.101632092693203e-14 Bohr magnetons
Calculating q=[0.36666666666666664, 0.05, 0]
Energy: -12.278470260755045 eV
Magnetic moment: -3.101632092693203e-14 Bohr magnetons
Calculating q=[0.36666666666666664, 0.05, 0]
Energy: -12.278470260755045 eV
Magnetic moment: -3.101632092693203e-14 Bohr magnetons
Calculating q=[0.36666666666666664, 0.05, 0]
Energy: -12.278470260755045 eV
Magnetic moment: -3.101632092693203e-14 Bohr magnetons
Calculating q=[0.36666666666666664, 0.05, 0]
Energy: -12.278470260755045 eV
Magnetic moment: -3.101632092693203e-14 Bohr magnetons
Calculating q=[0.36666666666666664, 0.05, 0]
Energy: -12.272885330148371 eV
Magnetic moment: 1.2159762919716219e-14 Bohr magnetons
Calculating q=[0.3833333333333333, 0.05, 0]
Energy: -12.272885330148371 eV
Magnetic moment: 1.2159762919716219e-14 Bohr magnetons
Calculating q=[0.3833333333333333, 0.05, 0]
Energy: -12.272885330148371 eV
Magnetic moment: 1.2159762919716219e-14 Bohr magnetons
Calculating q=[0.3833333333333333, 0.05, 0]
Energy: -12.272885330148371 eV
Magnetic moment: 1.2159762919716219e-14 Bohr magnetons
Calculating q=[0.3833333333333333, 0.05, 0]
Energy: -12.272885330148371 eV
Magnetic moment: 1.2159762919716219e-14 Bohr magnetons
Calculating q=[0.3833333333333333, 0.05, 0]
Energy: -12.272885330148371 eV
Magnetic moment: 1.2159762919716219e-14 Bohr magnetons
Calculating q=[0.3833333333333333, 0.05, 0]
Energy: -12.272885330148371 eV
Magnetic moment: 1.2159762919716219e-14 Bohr magnetons
Calculating q=[0.3833333333333333, 0.05, 0]
Energy: -12.272885330148371 eV
Magnetic moment: 1.2159762919716219e-14 Bohr magnetons
Calculating q=[0.3833333333333333, 0.05, 0]
Energy: -12.272885330148371 eV
Magnetic moment: 1.2159762919716219e-14 Bohr magnetons
Calculating q=[0.3833333333333333, 0.05, 0]
Energy: -12.272885330148371 eV
Magnetic moment: 1.2159762919716219e-14 Bohr magnetons
Calculating q=[0.3833333333333333, 0.05, 0]
Energy: -12.272885330148371 eV
Magnetic moment: 1.2159762919716219e-14 Bohr magnetons
Calculating q=[0.3833333333333333, 0.05, 0]
Energy: -12.272885330148371 eV
Magnetic moment: 1.2159762919716219e-14 Bohr magnetons
Calculating q=[0.3833333333333333, 0.05, 0]
Energy: -12.267644599389568 eV
Magnetic moment: -2.0175603976244528e-14 Bohr magnetons
Calculating q=[0.4, 0.05, 0]
Energy: -12.267644599389568 eV
Magnetic moment: -2.0175603976244528e-14 Bohr magnetons
Calculating q=[0.4, 0.05, 0]
Energy: -12.267644599389568 eV
Magnetic moment: -2.0175603976244528e-14 Bohr magnetons
Calculating q=[0.4, 0.05, 0]
Energy: -12.267644599389568 eV
Magnetic moment: -2.0175603976244528e-14 Bohr magnetons
Calculating q=[0.4, 0.05, 0]
Energy: -12.267644599389568 eV
Magnetic moment: -2.0175603976244528e-14 Bohr magnetons
Calculating q=[0.4, 0.05, 0]
Energy: -12.267644599389568 eV
Magnetic moment: -2.0175603976244528e-14 Bohr magnetons
Calculating q=[0.4, 0.05, 0]
Energy: -12.267644599389568 eV
Magnetic moment: -2.0175603976244528e-14 Bohr magnetons
Calculating q=[0.4, 0.05, 0]
Energy: -12.267644599389568 eV
Magnetic moment: -2.0175603976244528e-14 Bohr magnetons
Calculating q=[0.4, 0.05, 0]
Energy: -12.267644599389568 eV
Magnetic moment: -2.0175603976244528e-14 Bohr magnetons
Calculating q=[0.4, 0.05, 0]
Energy: -12.267644599389568 eV
Magnetic moment: -2.0175603976244528e-14 Bohr magnetons
Calculating q=[0.4, 0.05, 0]
Energy: -12.267644599389568 eV
Magnetic moment: -2.0175603976244528e-14 Bohr magnetons
Calculating q=[0.4, 0.05, 0]
Energy: -12.267644599389568 eV
Magnetic moment: -2.0175603976244528e-14 Bohr magnetons
Calculating q=[0.4, 0.05, 0]
Energy: -12.262972480110102 eV
Magnetic moment: 1.5166874228706392e-13 Bohr magnetons
Calculating q=[0.41666666666666663, 0.05, 0]
Energy: -12.262972480110102 eV
Magnetic moment: 1.5166874228706392e-13 Bohr magnetons
Calculating q=[0.41666666666666663, 0.05, 0]
Energy: -12.262972480110102 eV
Magnetic moment: 1.5166874228706392e-13 Bohr magnetons
Calculating q=[0.41666666666666663, 0.05, 0]
Energy: -12.262972480110102 eV
Magnetic moment: 1.5166874228706392e-13 Bohr magnetons
Calculating q=[0.41666666666666663, 0.05, 0]
Energy: -12.262972480110102 eV
Magnetic moment: 1.5166874228706392e-13 Bohr magnetons
Calculating q=[0.41666666666666663, 0.05, 0]
Energy: -12.262972480110102 eV
Magnetic moment: 1.5166874228706392e-13 Bohr magnetons
Calculating q=[0.41666666666666663, 0.05, 0]
Energy: -12.262972480110102 eV
Magnetic moment: 1.5166874228706392e-13 Bohr magnetons
Calculating q=[0.41666666666666663, 0.05, 0]
Energy: -12.262972480110102 eV
Magnetic moment: 1.5166874228706392e-13 Bohr magnetons
Calculating q=[0.41666666666666663, 0.05, 0]
Energy: -12.262972480110102 eV
Magnetic moment: 1.5166874228706392e-13 Bohr magnetons
Calculating q=[0.41666666666666663, 0.05, 0]
Energy: -12.262972480110102 eV
Magnetic moment: 1.5166874228706392e-13 Bohr magnetons
Calculating q=[0.41666666666666663, 0.05, 0]
Energy: -12.262972480110102 eV
Magnetic moment: 1.5166874228706392e-13 Bohr magnetons
Calculating q=[0.41666666666666663, 0.05, 0]
Energy: -12.262972480110102 eV
Magnetic moment: 1.5166874228706392e-13 Bohr magnetons
Calculating q=[0.41666666666666663, 0.05, 0]
Energy: -12.259005532052486 eV
Magnetic moment: -1.5614370622305646e-14 Bohr magnetons
Calculating q=[0.43333333333333335, 0.05, 0]
Energy: -12.259005532052486 eV
Magnetic moment: -1.5614370622305646e-14 Bohr magnetons
Calculating q=[0.43333333333333335, 0.05, 0]
Energy: -12.259005532052486 eV
Magnetic moment: -1.5614370622305646e-14 Bohr magnetons
Calculating q=[0.43333333333333335, 0.05, 0]
Energy: -12.259005532052486 eV
Magnetic moment: -1.5614370622305646e-14 Bohr magnetons
Calculating q=[0.43333333333333335, 0.05, 0]
Energy: -12.259005532052486 eV
Magnetic moment: -1.5614370622305646e-14 Bohr magnetons
Calculating q=[0.43333333333333335, 0.05, 0]
Energy: -12.259005532052486 eV
Magnetic moment: -1.5614370622305646e-14 Bohr magnetons
Calculating q=[0.43333333333333335, 0.05, 0]
Energy: -12.259005532052486 eV
Magnetic moment: -1.5614370622305646e-14 Bohr magnetons
Calculating q=[0.43333333333333335, 0.05, 0]
Energy: -12.259005532052486 eV
Magnetic moment: -1.5614370622305646e-14 Bohr magnetons
Calculating q=[0.43333333333333335, 0.05, 0]
Energy: -12.259005532052486 eV
Magnetic moment: -1.5614370622305646e-14 Bohr magnetons
Calculating q=[0.43333333333333335, 0.05, 0]
Energy: -12.259005532052486 eV
Magnetic moment: -1.5614370622305646e-14 Bohr magnetons
Calculating q=[0.43333333333333335, 0.05, 0]
Energy: -12.259005532052486 eV
Magnetic moment: -1.5614370622305646e-14 Bohr magnetons
Calculating q=[0.43333333333333335, 0.05, 0]
Energy: -12.259005532052486 eV
Magnetic moment: -1.5614370622305646e-14 Bohr magnetons
Calculating q=[0.43333333333333335, 0.05, 0]
Energy: -12.255902475734619 eV
Magnetic moment: -4.737473637935781e-15 Bohr magnetons
Calculating q=[0.45, 0.05, 0]
Energy: -12.255902475734619 eV
Magnetic moment: -4.737473637935781e-15 Bohr magnetons
Calculating q=[0.45, 0.05, 0]
Energy: -12.255902475734619 eV
Magnetic moment: -4.737473637935781e-15 Bohr magnetons
Calculating q=[0.45, 0.05, 0]
Energy: -12.255902475734619 eV
Magnetic moment: -4.737473637935781e-15 Bohr magnetons
Calculating q=[0.45, 0.05, 0]
Energy: -12.255902475734619 eV
Magnetic moment: -4.737473637935781e-15 Bohr magnetons
Calculating q=[0.45, 0.05, 0]
Energy: -12.255902475734619 eV
Magnetic moment: -4.737473637935781e-15 Bohr magnetons
Calculating q=[0.45, 0.05, 0]
Energy: -12.255902475734619 eV
Magnetic moment: -4.737473637935781e-15 Bohr magnetons
Calculating q=[0.45, 0.05, 0]
Energy: -12.255902475734619 eV
Magnetic moment: -4.737473637935781e-15 Bohr magnetons
Calculating q=[0.45, 0.05, 0]
Energy: -12.255902475734619 eV
Magnetic moment: -4.737473637935781e-15 Bohr magnetons
Calculating q=[0.45, 0.05, 0]
Energy: -12.255902475734619 eV
Magnetic moment: -4.737473637935781e-15 Bohr magnetons
Calculating q=[0.45, 0.05, 0]
Energy: -12.255902475734619 eV
Magnetic moment: -4.737473637935781e-15 Bohr magnetons
Calculating q=[0.45, 0.05, 0]
Energy: -12.255902475734619 eV
Magnetic moment: -4.737473637935781e-15 Bohr magnetons
Calculating q=[0.45, 0.05, 0]
Energy: -12.25377060165377 eV
Magnetic moment: -7.825840190782706e-15 Bohr magnetons
Calculating q=[0.4666666666666667, 0.05, 0]
Energy: -12.25377060165377 eV
Magnetic moment: -7.825840190782706e-15 Bohr magnetons
Calculating q=[0.4666666666666667, 0.05, 0]
Energy: -12.25377060165377 eV
Magnetic moment: -7.825840190782706e-15 Bohr magnetons
Calculating q=[0.4666666666666667, 0.05, 0]
Energy: -12.25377060165377 eV
Magnetic moment: -7.825840190782706e-15 Bohr magnetons
Calculating q=[0.4666666666666667, 0.05, 0]
Energy: -12.25377060165377 eV
Magnetic moment: -7.825840190782706e-15 Bohr magnetons
Calculating q=[0.4666666666666667, 0.05, 0]
Energy: -12.25377060165377 eV
Magnetic moment: -7.825840190782706e-15 Bohr magnetons
Calculating q=[0.4666666666666667, 0.05, 0]
Energy: -12.25377060165377 eV
Magnetic moment: -7.825840190782706e-15 Bohr magnetons
Calculating q=[0.4666666666666667, 0.05, 0]
Energy: -12.25377060165377 eV
Magnetic moment: -7.825840190782706e-15 Bohr magnetons
Calculating q=[0.4666666666666667, 0.05, 0]
Energy: -12.25377060165377 eV
Magnetic moment: -7.825840190782706e-15 Bohr magnetons
Calculating q=[0.4666666666666667, 0.05, 0]
Energy: -12.25377060165377 eV
Magnetic moment: -7.825840190782706e-15 Bohr magnetons
Calculating q=[0.4666666666666667, 0.05, 0]
Energy: -12.25377060165377 eV
Magnetic moment: -7.825840190782706e-15 Bohr magnetons
Calculating q=[0.4666666666666667, 0.05, 0]
Energy: -12.25377060165377 eV
Magnetic moment: -7.825840190782706e-15 Bohr magnetons
Calculating q=[0.4666666666666667, 0.05, 0]
Energy: -12.252668925975456 eV
Magnetic moment: -2.234034911684361e-14 Bohr magnetons
Energy: -12.252668925975456 eV
Magnetic moment: -2.234034911684361e-14 Bohr magnetons
Energy: -12.252668925975456 eV
Magnetic moment: -2.234034911684361e-14 Bohr magnetons
Energy: -12.252668925975456 eV
Magnetic moment: -2.234034911684361e-14 Bohr magnetons
Energy: -12.252668925975456 eV
Magnetic moment: -2.234034911684361e-14 Bohr magnetons
Energy: -12.252668925975456 eV
Magnetic moment: -2.234034911684361e-14 Bohr magnetons
Energy: -12.252668925975456 eV
Magnetic moment: -2.234034911684361e-14 Bohr magnetons
Energy: -12.252668925975456 eV
Magnetic moment: -2.234034911684361e-14 Bohr magnetons
Energy: -12.252668925975456 eV
Magnetic moment: -2.234034911684361e-14 Bohr magnetons
Energy: -12.252668925975456 eV
Magnetic moment: -2.234034911684361e-14 Bohr magnetons
Energy: -12.252668925975456 eV
Magnetic moment: -2.234034911684361e-14 Bohr magnetons
Energy: -12.252668925975456 eV
Magnetic moment: -2.234034911684361e-14 Bohr magnetons

------------------------------------------------------------
Sender: LSF System <lsfadmin@hpc.dtu.dk>
Subject: Job 21660632: <H_3.0.py> in cluster <dcc> Done

Job <H_3.0.py> was submitted from host <n-62-27-23> by user <s194113> in cluster <dcc> at Tue Apr 30 10:20:26 2024
Job was executed on host(s) <12*n-62-28-31>, in queue <hpc>, as user <s194113> in cluster <dcc> at Tue Apr 30 10:20:26 2024
</zhome/87/8/147075> was used as the home directory.
</work3/s194113/10302/10302_NM/NiI2_2D> was used as the working directory.
Started at Tue Apr 30 10:20:26 2024
Terminated at Tue Apr 30 15:36:56 2024
Results reported at Tue Apr 30 15:36:56 2024

Your job looked like:

------------------------------------------------------------
# LSBATCH: User input
#!/bin/bash -l
id=$LSB_JOBID
mq=/work3/s194113/10302/10302_NM/.myqueue/lsf-$id
source /zhome/87/8/147075/venv-name/bin/activate
echo "venv: /zhome/87/8/147075/venv-name/bin/activate"
(touch $mq-0 && \
 cd '/work3/s194113/10302/10302_NM/NiI2_2D' && \
 mpiexec python3 H_3.0.py && \
 touch $mq-1) || \
(touch $mq-2; exit 1)

------------------------------------------------------------

Successfully completed.

Resource usage summary:

    CPU time :                                   227787.97 sec.
    Max Memory :                                 12219 MB
    Average Memory :                             9131.14 MB
    Total Requested Memory :                     73728.00 MB
    Delta Memory :                               61509.00 MB
    Max Swap :                                   -
    Max Processes :                              17
    Max Threads :                                57
    Run time :                                   19021 sec.
    Turnaround time :                            18990 sec.

The output (if any) is above this job summary.



PS:

Read file </work3/s194113/10302/10302_NM/NiI2_2D/H_3.0.py.21660632.err> for stderr output of this job.

