venv: /zhome/87/8/147075/venv-name/bin/activate
[1714465234.108184] [n-62-28-34:4422 :0]          ib_md.c:1063 UCX  WARN  IB: ibv_fork_init() was disabled or failed, yet a fork() has been issued.
[1714465234.108225] [n-62-28-34:4422 :0]          ib_md.c:1064 UCX  WARN  IB: data corruption might occur when using registered memory.
[1714465234.108184] [n-62-28-34:4423 :0]          ib_md.c:1063 UCX  WARN  IB: ibv_fork_init() was disabled or failed, yet a fork() has been issued.
[1714465234.108224] [n-62-28-34:4423 :0]          ib_md.c:1064 UCX  WARN  IB: data corruption might occur when using registered memory.
[1714465234.108184] [n-62-28-34:4424 :0]          ib_md.c:1063 UCX  WARN  IB: ibv_fork_init() was disabled or failed, yet a fork() has been issued.
[1714465234.108224] [n-62-28-34:4424 :0]          ib_md.c:1064 UCX  WARN  IB: data corruption might occur when using registered memory.
[1714465234.108207] [n-62-28-34:4426 :0]          ib_md.c:1063 UCX  WARN  IB: ibv_fork_init() was disabled or failed, yet a fork() has been issued.
[1714465234.108242] [n-62-28-34:4426 :0]          ib_md.c:1064 UCX  WARN  IB: data corruption might occur when using registered memory.
[1714465234.108150] [n-62-28-34:4429 :0]          ib_md.c:1063 UCX  WARN  IB: ibv_fork_init() was disabled or failed, yet a fork() has been issued.
[1714465234.108191] [n-62-28-34:4429 :0]          ib_md.c:1064 UCX  WARN  IB: data corruption might occur when using registered memory.
[1714465234.108191] [n-62-28-34:4418 :0]          ib_md.c:1063 UCX  WARN  IB: ibv_fork_init() was disabled or failed, yet a fork() has been issued.
[1714465234.108226] [n-62-28-34:4418 :0]          ib_md.c:1064 UCX  WARN  IB: data corruption might occur when using registered memory.
[1714465234.108264] [n-62-28-34:4420 :0]          ib_md.c:1063 UCX  WARN  IB: ibv_fork_init() was disabled or failed, yet a fork() has been issued.
[1714465234.108301] [n-62-28-34:4420 :0]          ib_md.c:1064 UCX  WARN  IB: data corruption might occur when using registered memory.
[1714465234.108220] [n-62-28-34:4421 :0]          ib_md.c:1063 UCX  WARN  IB: ibv_fork_init() was disabled or failed, yet a fork() has been issued.
[1714465234.108250] [n-62-28-34:4421 :0]          ib_md.c:1064 UCX  WARN  IB: data corruption might occur when using registered memory.
[1714465234.108258] [n-62-28-34:4427 :0]          ib_md.c:1063 UCX  WARN  IB: ibv_fork_init() was disabled or failed, yet a fork() has been issued.
[1714465234.108317] [n-62-28-34:4427 :0]          ib_md.c:1064 UCX  WARN  IB: data corruption might occur when using registered memory.
[1714465234.108290] [n-62-28-34:4428 :0]          ib_md.c:1063 UCX  WARN  IB: ibv_fork_init() was disabled or failed, yet a fork() has been issued.
[1714465234.108344] [n-62-28-34:4428 :0]          ib_md.c:1064 UCX  WARN  IB: data corruption might occur when using registered memory.
[1714465234.108287] [n-62-28-34:4430 :0]          ib_md.c:1063 UCX  WARN  IB: ibv_fork_init() was disabled or failed, yet a fork() has been issued.
[1714465234.108326] [n-62-28-34:4430 :0]          ib_md.c:1064 UCX  WARN  IB: data corruption might occur when using registered memory.
[1714465234.108488] [n-62-28-34:4419 :0]          ib_md.c:1063 UCX  WARN  IB: ibv_fork_init() was disabled or failed, yet a fork() has been issued.
[1714465234.108532] [n-62-28-34:4419 :0]          ib_md.c:1064 UCX  WARN  IB: data corruption might occur when using registered memory.
Calculating ground state
24 q-points in the path
=====================================
Calculating ground state
24 q-points in the path
=====================================
Calculating ground state
24 q-points in the path
=====================================
Calculating ground state
24 q-points in the path
=====================================
Calculating ground state
24 q-points in the path
=====================================
Calculating ground state
24 q-points in the path
=====================================
Calculating ground state
24 q-points in the path
=====================================
Calculating ground state
24 q-points in the path
=====================================
Calculating ground state
24 q-points in the path
=====================================
Calculating ground state
24 q-points in the path
=====================================
Calculating ground state
24 q-points in the path
=====================================
Calculating ground state
24 q-points in the path
=====================================
Calculating q=[0.06666666666666667, 0.06666666666666667, 0]
Calculating q=[0.06666666666666667, 0.06666666666666667, 0]
Calculating q=[0.06666666666666667, 0.06666666666666667, 0]
Calculating q=[0.06666666666666667, 0.06666666666666667, 0]
Calculating q=[0.06666666666666667, 0.06666666666666667, 0]
Calculating q=[0.06666666666666667, 0.06666666666666667, 0]
Calculating q=[0.06666666666666667, 0.06666666666666667, 0]
Calculating q=[0.06666666666666667, 0.06666666666666667, 0]
Calculating q=[0.06666666666666667, 0.06666666666666667, 0]
Calculating q=[0.06666666666666667, 0.06666666666666667, 0]
Calculating q=[0.06666666666666667, 0.06666666666666667, 0]
Calculating q=[0.06666666666666667, 0.06666666666666667, 0]
Energy: -12.304582807717512 eV
Magnetic moment: -1.191483951592913e-14 Bohr magnetons
Calculating q=[0.08333333333333333, 0.06666666666666667, 0]
Energy: -12.304582807717512 eV
Magnetic moment: -1.191483951592913e-14 Bohr magnetons
Calculating q=[0.08333333333333333, 0.06666666666666667, 0]
Energy: -12.304582807717512 eV
Magnetic moment: -1.191483951592913e-14 Bohr magnetons
Calculating q=[0.08333333333333333, 0.06666666666666667, 0]
Energy: -12.304582807717512 eV
Magnetic moment: -1.191483951592913e-14 Bohr magnetons
Calculating q=[0.08333333333333333, 0.06666666666666667, 0]
Energy: -12.304582807717512 eV
Magnetic moment: -1.191483951592913e-14 Bohr magnetons
Calculating q=[0.08333333333333333, 0.06666666666666667, 0]
Energy: -12.304582807717512 eV
Magnetic moment: -1.191483951592913e-14 Bohr magnetons
Calculating q=[0.08333333333333333, 0.06666666666666667, 0]
Energy: -12.304582807717512 eV
Magnetic moment: -1.191483951592913e-14 Bohr magnetons
Calculating q=[0.08333333333333333, 0.06666666666666667, 0]
Energy: -12.304582807717512 eV
Magnetic moment: -1.191483951592913e-14 Bohr magnetons
Calculating q=[0.08333333333333333, 0.06666666666666667, 0]
Energy: -12.304582807717512 eV
Magnetic moment: -1.191483951592913e-14 Bohr magnetons
Calculating q=[0.08333333333333333, 0.06666666666666667, 0]
Energy: -12.304582807717512 eV
Magnetic moment: -1.191483951592913e-14 Bohr magnetons
Calculating q=[0.08333333333333333, 0.06666666666666667, 0]
Energy: -12.304582807717512 eV
Magnetic moment: -1.191483951592913e-14 Bohr magnetons
Calculating q=[0.08333333333333333, 0.06666666666666667, 0]
Energy: -12.304582807717512 eV
Magnetic moment: -1.191483951592913e-14 Bohr magnetons
Calculating q=[0.08333333333333333, 0.06666666666666667, 0]
Energy: -12.307444745096602 eV
Magnetic moment: -2.2671832632774436e-14 Bohr magnetons
Calculating q=[0.1, 0.06666666666666667, 0]
Energy: -12.307444745096602 eV
Magnetic moment: -2.2671832632774436e-14 Bohr magnetons
Calculating q=[0.1, 0.06666666666666667, 0]
Energy: -12.307444745096602 eV
Magnetic moment: -2.2671832632774436e-14 Bohr magnetons
Calculating q=[0.1, 0.06666666666666667, 0]
Energy: -12.307444745096602 eV
Magnetic moment: -2.2671832632774436e-14 Bohr magnetons
Calculating q=[0.1, 0.06666666666666667, 0]
Energy: -12.307444745096602 eV
Magnetic moment: -2.2671832632774436e-14 Bohr magnetons
Calculating q=[0.1, 0.06666666666666667, 0]
Energy: -12.307444745096602 eV
Magnetic moment: -2.2671832632774436e-14 Bohr magnetons
Calculating q=[0.1, 0.06666666666666667, 0]
Energy: -12.307444745096602 eV
Magnetic moment: -2.2671832632774436e-14 Bohr magnetons
Calculating q=[0.1, 0.06666666666666667, 0]
Energy: -12.307444745096602 eV
Magnetic moment: -2.2671832632774436e-14 Bohr magnetons
Calculating q=[0.1, 0.06666666666666667, 0]
Energy: -12.307444745096602 eV
Magnetic moment: -2.2671832632774436e-14 Bohr magnetons
Calculating q=[0.1, 0.06666666666666667, 0]
Energy: -12.307444745096602 eV
Magnetic moment: -2.2671832632774436e-14 Bohr magnetons
Calculating q=[0.1, 0.06666666666666667, 0]
Energy: -12.307444745096602 eV
Magnetic moment: -2.2671832632774436e-14 Bohr magnetons
Calculating q=[0.1, 0.06666666666666667, 0]
Energy: -12.307444745096602 eV
Magnetic moment: -2.2671832632774436e-14 Bohr magnetons
Calculating q=[0.1, 0.06666666666666667, 0]
Energy: -12.31019794722517 eV
Magnetic moment: 2.998060097723108e-14 Bohr magnetons
Calculating q=[0.11666666666666667, 0.06666666666666667, 0]
Energy: -12.31019794722517 eV
Magnetic moment: 2.998060097723108e-14 Bohr magnetons
Calculating q=[0.11666666666666667, 0.06666666666666667, 0]
Energy: -12.31019794722517 eV
Magnetic moment: 2.998060097723108e-14 Bohr magnetons
Calculating q=[0.11666666666666667, 0.06666666666666667, 0]
Energy: -12.31019794722517 eV
Magnetic moment: 2.998060097723108e-14 Bohr magnetons
Calculating q=[0.11666666666666667, 0.06666666666666667, 0]
Energy: -12.31019794722517 eV
Magnetic moment: 2.998060097723108e-14 Bohr magnetons
Calculating q=[0.11666666666666667, 0.06666666666666667, 0]
Energy: -12.31019794722517 eV
Magnetic moment: 2.998060097723108e-14 Bohr magnetons
Calculating q=[0.11666666666666667, 0.06666666666666667, 0]
Energy: -12.31019794722517 eV
Magnetic moment: 2.998060097723108e-14 Bohr magnetons
Calculating q=[0.11666666666666667, 0.06666666666666667, 0]
Energy: -12.31019794722517 eV
Magnetic moment: 2.998060097723108e-14 Bohr magnetons
Calculating q=[0.11666666666666667, 0.06666666666666667, 0]
Energy: -12.31019794722517 eV
Magnetic moment: 2.998060097723108e-14 Bohr magnetons
Calculating q=[0.11666666666666667, 0.06666666666666667, 0]
Energy: -12.31019794722517 eV
Magnetic moment: 2.998060097723108e-14 Bohr magnetons
Calculating q=[0.11666666666666667, 0.06666666666666667, 0]
Energy: -12.31019794722517 eV
Magnetic moment: 2.998060097723108e-14 Bohr magnetons
Calculating q=[0.11666666666666667, 0.06666666666666667, 0]
Energy: -12.31019794722517 eV
Magnetic moment: 2.998060097723108e-14 Bohr magnetons
Calculating q=[0.11666666666666667, 0.06666666666666667, 0]
Energy: -12.312667853572092 eV
Magnetic moment: -2.4017226424812694e-14 Bohr magnetons
Calculating q=[0.13333333333333333, 0.06666666666666667, 0]
Energy: -12.312667853572092 eV
Magnetic moment: -2.4017226424812694e-14 Bohr magnetons
Calculating q=[0.13333333333333333, 0.06666666666666667, 0]
Energy: -12.312667853572092 eV
Magnetic moment: -2.4017226424812694e-14 Bohr magnetons
Calculating q=[0.13333333333333333, 0.06666666666666667, 0]
Energy: -12.312667853572092 eV
Magnetic moment: -2.4017226424812694e-14 Bohr magnetons
Calculating q=[0.13333333333333333, 0.06666666666666667, 0]
Energy: -12.312667853572092 eV
Magnetic moment: -2.4017226424812694e-14 Bohr magnetons
Calculating q=[0.13333333333333333, 0.06666666666666667, 0]
Energy: -12.312667853572092 eV
Magnetic moment: -2.4017226424812694e-14 Bohr magnetons
Calculating q=[0.13333333333333333, 0.06666666666666667, 0]
Energy: -12.312667853572092 eV
Magnetic moment: -2.4017226424812694e-14 Bohr magnetons
Calculating q=[0.13333333333333333, 0.06666666666666667, 0]
Energy: -12.312667853572092 eV
Magnetic moment: -2.4017226424812694e-14 Bohr magnetons
Calculating q=[0.13333333333333333, 0.06666666666666667, 0]
Energy: -12.312667853572092 eV
Magnetic moment: -2.4017226424812694e-14 Bohr magnetons
Calculating q=[0.13333333333333333, 0.06666666666666667, 0]
Energy: -12.312667853572092 eV
Magnetic moment: -2.4017226424812694e-14 Bohr magnetons
Calculating q=[0.13333333333333333, 0.06666666666666667, 0]
Energy: -12.312667853572092 eV
Magnetic moment: -2.4017226424812694e-14 Bohr magnetons
Calculating q=[0.13333333333333333, 0.06666666666666667, 0]
Energy: -12.312667853572092 eV
Magnetic moment: -2.4017226424812694e-14 Bohr magnetons
Calculating q=[0.13333333333333333, 0.06666666666666667, 0]
Energy: -12.314678660837757 eV
Magnetic moment: -1.342524905812708e-14 Bohr magnetons
Calculating q=[0.15, 0.06666666666666667, 0]
Energy: -12.314678660837757 eV
Magnetic moment: -1.342524905812708e-14 Bohr magnetons
Calculating q=[0.15, 0.06666666666666667, 0]
Energy: -12.314678660837757 eV
Magnetic moment: -1.342524905812708e-14 Bohr magnetons
Calculating q=[0.15, 0.06666666666666667, 0]
Energy: -12.314678660837757 eV
Magnetic moment: -1.342524905812708e-14 Bohr magnetons
Calculating q=[0.15, 0.06666666666666667, 0]
Energy: -12.314678660837757 eV
Magnetic moment: -1.342524905812708e-14 Bohr magnetons
Calculating q=[0.15, 0.06666666666666667, 0]
Energy: -12.314678660837757 eV
Magnetic moment: -1.342524905812708e-14 Bohr magnetons
Calculating q=[0.15, 0.06666666666666667, 0]
Energy: -12.314678660837757 eV
Magnetic moment: -1.342524905812708e-14 Bohr magnetons
Calculating q=[0.15, 0.06666666666666667, 0]
Energy: -12.314678660837757 eV
Magnetic moment: -1.342524905812708e-14 Bohr magnetons
Calculating q=[0.15, 0.06666666666666667, 0]
Energy: -12.314678660837757 eV
Magnetic moment: -1.342524905812708e-14 Bohr magnetons
Calculating q=[0.15, 0.06666666666666667, 0]
Energy: -12.314678660837757 eV
Magnetic moment: -1.342524905812708e-14 Bohr magnetons
Calculating q=[0.15, 0.06666666666666667, 0]
Energy: -12.314678660837757 eV
Magnetic moment: -1.342524905812708e-14 Bohr magnetons
Calculating q=[0.15, 0.06666666666666667, 0]
Energy: -12.314678660837757 eV
Magnetic moment: -1.342524905812708e-14 Bohr magnetons
Calculating q=[0.15, 0.06666666666666667, 0]
Energy: -12.316106927931065 eV
Magnetic moment: -5.228802476674003e-15 Bohr magnetons
Calculating q=[0.16666666666666666, 0.06666666666666667, 0]
Energy: -12.316106927931065 eV
Magnetic moment: -5.228802476674003e-15 Bohr magnetons
Calculating q=[0.16666666666666666, 0.06666666666666667, 0]
Energy: -12.316106927931065 eV
Magnetic moment: -5.228802476674003e-15 Bohr magnetons
Calculating q=[0.16666666666666666, 0.06666666666666667, 0]
Energy: -12.316106927931065 eV
Magnetic moment: -5.228802476674003e-15 Bohr magnetons
Calculating q=[0.16666666666666666, 0.06666666666666667, 0]
Energy: -12.316106927931065 eV
Magnetic moment: -5.228802476674003e-15 Bohr magnetons
Calculating q=[0.16666666666666666, 0.06666666666666667, 0]
Energy: -12.316106927931065 eV
Magnetic moment: -5.228802476674003e-15 Bohr magnetons
Calculating q=[0.16666666666666666, 0.06666666666666667, 0]
Energy: -12.316106927931065 eV
Magnetic moment: -5.228802476674003e-15 Bohr magnetons
Calculating q=[0.16666666666666666, 0.06666666666666667, 0]
Energy: -12.316106927931065 eV
Magnetic moment: -5.228802476674003e-15 Bohr magnetons
Calculating q=[0.16666666666666666, 0.06666666666666667, 0]
Energy: -12.316106927931065 eV
Magnetic moment: -5.228802476674003e-15 Bohr magnetons
Calculating q=[0.16666666666666666, 0.06666666666666667, 0]
Energy: -12.316106927931065 eV
Magnetic moment: -5.228802476674003e-15 Bohr magnetons
Calculating q=[0.16666666666666666, 0.06666666666666667, 0]
Energy: -12.316106927931065 eV
Magnetic moment: -5.228802476674003e-15 Bohr magnetons
Calculating q=[0.16666666666666666, 0.06666666666666667, 0]
Energy: -12.316106927931065 eV
Magnetic moment: -5.228802476674003e-15 Bohr magnetons
Calculating q=[0.16666666666666666, 0.06666666666666667, 0]
Energy: -12.316814319147264 eV
Magnetic moment: -1.7657538829726695e-14 Bohr magnetons
Calculating q=[0.18333333333333332, 0.06666666666666667, 0]
Energy: -12.316814319147264 eV
Magnetic moment: -1.7657538829726695e-14 Bohr magnetons
Calculating q=[0.18333333333333332, 0.06666666666666667, 0]
Energy: -12.316814319147264 eV
Magnetic moment: -1.7657538829726695e-14 Bohr magnetons
Calculating q=[0.18333333333333332, 0.06666666666666667, 0]
Energy: -12.316814319147264 eV
Magnetic moment: -1.7657538829726695e-14 Bohr magnetons
Calculating q=[0.18333333333333332, 0.06666666666666667, 0]
Energy: -12.316814319147264 eV
Magnetic moment: -1.7657538829726695e-14 Bohr magnetons
Calculating q=[0.18333333333333332, 0.06666666666666667, 0]
Energy: -12.316814319147264 eV
Magnetic moment: -1.7657538829726695e-14 Bohr magnetons
Calculating q=[0.18333333333333332, 0.06666666666666667, 0]
Energy: -12.316814319147264 eV
Magnetic moment: -1.7657538829726695e-14 Bohr magnetons
Calculating q=[0.18333333333333332, 0.06666666666666667, 0]
Energy: -12.316814319147264 eV
Magnetic moment: -1.7657538829726695e-14 Bohr magnetons
Calculating q=[0.18333333333333332, 0.06666666666666667, 0]
Energy: -12.316814319147264 eV
Magnetic moment: -1.7657538829726695e-14 Bohr magnetons
Calculating q=[0.18333333333333332, 0.06666666666666667, 0]
Energy: -12.316814319147264 eV
Magnetic moment: -1.7657538829726695e-14 Bohr magnetons
Calculating q=[0.18333333333333332, 0.06666666666666667, 0]
Energy: -12.316814319147264 eV
Magnetic moment: -1.7657538829726695e-14 Bohr magnetons
Calculating q=[0.18333333333333332, 0.06666666666666667, 0]
Energy: -12.316814319147264 eV
Magnetic moment: -1.7657538829726695e-14 Bohr magnetons
Calculating q=[0.18333333333333332, 0.06666666666666667, 0]
Energy: -12.316721115469033 eV
Magnetic moment: 2.565122205495261e-15 Bohr magnetons
Calculating q=[0.2, 0.06666666666666667, 0]
Energy: -12.316721115469033 eV
Magnetic moment: 2.565122205495261e-15 Bohr magnetons
Calculating q=[0.2, 0.06666666666666667, 0]
Energy: -12.316721115469033 eV
Magnetic moment: 2.565122205495261e-15 Bohr magnetons
Calculating q=[0.2, 0.06666666666666667, 0]
Energy: -12.316721115469033 eV
Magnetic moment: 2.565122205495261e-15 Bohr magnetons
Calculating q=[0.2, 0.06666666666666667, 0]
Energy: -12.316721115469033 eV
Magnetic moment: 2.565122205495261e-15 Bohr magnetons
Calculating q=[0.2, 0.06666666666666667, 0]
Energy: -12.316721115469033 eV
Magnetic moment: 2.565122205495261e-15 Bohr magnetons
Calculating q=[0.2, 0.06666666666666667, 0]
Energy: -12.316721115469033 eV
Magnetic moment: 2.565122205495261e-15 Bohr magnetons
Calculating q=[0.2, 0.06666666666666667, 0]
Energy: -12.316721115469033 eV
Magnetic moment: 2.565122205495261e-15 Bohr magnetons
Calculating q=[0.2, 0.06666666666666667, 0]
Energy: -12.316721115469033 eV
Magnetic moment: 2.565122205495261e-15 Bohr magnetons
Calculating q=[0.2, 0.06666666666666667, 0]
Energy: -12.316721115469033 eV
Magnetic moment: 2.565122205495261e-15 Bohr magnetons
Calculating q=[0.2, 0.06666666666666667, 0]
Energy: -12.316721115469033 eV
Magnetic moment: 2.565122205495261e-15 Bohr magnetons
Calculating q=[0.2, 0.06666666666666667, 0]
Energy: -12.316721115469033 eV
Magnetic moment: 2.565122205495261e-15 Bohr magnetons
Calculating q=[0.2, 0.06666666666666667, 0]
Energy: -12.315780126771031 eV
Magnetic moment: -3.0642475997494684e-14 Bohr magnetons
Calculating q=[0.21666666666666667, 0.06666666666666667, 0]
Energy: -12.315780126771031 eV
Magnetic moment: -3.0642475997494684e-14 Bohr magnetons
Calculating q=[0.21666666666666667, 0.06666666666666667, 0]
Energy: -12.315780126771031 eV
Magnetic moment: -3.0642475997494684e-14 Bohr magnetons
Calculating q=[0.21666666666666667, 0.06666666666666667, 0]
Energy: -12.315780126771031 eV
Magnetic moment: -3.0642475997494684e-14 Bohr magnetons
Calculating q=[0.21666666666666667, 0.06666666666666667, 0]
Energy: -12.315780126771031 eV
Magnetic moment: -3.0642475997494684e-14 Bohr magnetons
Calculating q=[0.21666666666666667, 0.06666666666666667, 0]
Energy: -12.315780126771031 eV
Magnetic moment: -3.0642475997494684e-14 Bohr magnetons
Calculating q=[0.21666666666666667, 0.06666666666666667, 0]
Energy: -12.315780126771031 eV
Magnetic moment: -3.0642475997494684e-14 Bohr magnetons
Calculating q=[0.21666666666666667, 0.06666666666666667, 0]
Energy: -12.315780126771031 eV
Magnetic moment: -3.0642475997494684e-14 Bohr magnetons
Calculating q=[0.21666666666666667, 0.06666666666666667, 0]
Energy: -12.315780126771031 eV
Magnetic moment: -3.0642475997494684e-14 Bohr magnetons
Calculating q=[0.21666666666666667, 0.06666666666666667, 0]
Energy: -12.315780126771031 eV
Magnetic moment: -3.0642475997494684e-14 Bohr magnetons
Calculating q=[0.21666666666666667, 0.06666666666666667, 0]
Energy: -12.315780126771031 eV
Magnetic moment: -3.0642475997494684e-14 Bohr magnetons
Calculating q=[0.21666666666666667, 0.06666666666666667, 0]
Energy: -12.315780126771031 eV
Magnetic moment: -3.0642475997494684e-14 Bohr magnetons
Calculating q=[0.21666666666666667, 0.06666666666666667, 0]
Energy: -12.313969336914228 eV
Magnetic moment: -7.600609173216115e-13 Bohr magnetons
Calculating q=[0.23333333333333334, 0.06666666666666667, 0]
Energy: -12.313969336914228 eV
Magnetic moment: -7.600609173216115e-13 Bohr magnetons
Calculating q=[0.23333333333333334, 0.06666666666666667, 0]
Energy: -12.313969336914228 eV
Magnetic moment: -7.600609173216115e-13 Bohr magnetons
Calculating q=[0.23333333333333334, 0.06666666666666667, 0]
Energy: -12.313969336914228 eV
Magnetic moment: -7.600609173216115e-13 Bohr magnetons
Calculating q=[0.23333333333333334, 0.06666666666666667, 0]
Energy: -12.313969336914228 eV
Magnetic moment: -7.600609173216115e-13 Bohr magnetons
Calculating q=[0.23333333333333334, 0.06666666666666667, 0]
Energy: -12.313969336914228 eV
Magnetic moment: -7.600609173216115e-13 Bohr magnetons
Calculating q=[0.23333333333333334, 0.06666666666666667, 0]
Energy: -12.313969336914228 eV
Magnetic moment: -7.600609173216115e-13 Bohr magnetons
Calculating q=[0.23333333333333334, 0.06666666666666667, 0]
Energy: -12.313969336914228 eV
Magnetic moment: -7.600609173216115e-13 Bohr magnetons
Calculating q=[0.23333333333333334, 0.06666666666666667, 0]
Energy: -12.313969336914228 eV
Magnetic moment: -7.600609173216115e-13 Bohr magnetons
Calculating q=[0.23333333333333334, 0.06666666666666667, 0]
Energy: -12.313969336914228 eV
Magnetic moment: -7.600609173216115e-13 Bohr magnetons
Calculating q=[0.23333333333333334, 0.06666666666666667, 0]
Energy: -12.313969336914228 eV
Magnetic moment: -7.600609173216115e-13 Bohr magnetons
Calculating q=[0.23333333333333334, 0.06666666666666667, 0]
Energy: -12.313969336914228 eV
Magnetic moment: -7.600609173216115e-13 Bohr magnetons
Calculating q=[0.23333333333333334, 0.06666666666666667, 0]
Energy: -12.31131208748676 eV
Magnetic moment: -1.2265044034701026e-14 Bohr magnetons
Calculating q=[0.25, 0.06666666666666667, 0]
Energy: -12.31131208748676 eV
Magnetic moment: -1.2265044034701026e-14 Bohr magnetons
Calculating q=[0.25, 0.06666666666666667, 0]
Energy: -12.31131208748676 eV
Magnetic moment: -1.2265044034701026e-14 Bohr magnetons
Calculating q=[0.25, 0.06666666666666667, 0]
Energy: -12.31131208748676 eV
Magnetic moment: -1.2265044034701026e-14 Bohr magnetons
Calculating q=[0.25, 0.06666666666666667, 0]
Energy: -12.31131208748676 eV
Magnetic moment: -1.2265044034701026e-14 Bohr magnetons
Calculating q=[0.25, 0.06666666666666667, 0]
Energy: -12.31131208748676 eV
Magnetic moment: -1.2265044034701026e-14 Bohr magnetons
Calculating q=[0.25, 0.06666666666666667, 0]
Energy: -12.31131208748676 eV
Magnetic moment: -1.2265044034701026e-14 Bohr magnetons
Calculating q=[0.25, 0.06666666666666667, 0]
Energy: -12.31131208748676 eV
Magnetic moment: -1.2265044034701026e-14 Bohr magnetons
Calculating q=[0.25, 0.06666666666666667, 0]
Energy: -12.31131208748676 eV
Magnetic moment: -1.2265044034701026e-14 Bohr magnetons
Calculating q=[0.25, 0.06666666666666667, 0]
Energy: -12.31131208748676 eV
Magnetic moment: -1.2265044034701026e-14 Bohr magnetons
Calculating q=[0.25, 0.06666666666666667, 0]
Energy: -12.31131208748676 eV
Magnetic moment: -1.2265044034701026e-14 Bohr magnetons
Calculating q=[0.25, 0.06666666666666667, 0]
Energy: -12.31131208748676 eV
Magnetic moment: -1.2265044034701026e-14 Bohr magnetons
Calculating q=[0.25, 0.06666666666666667, 0]
Energy: -12.30786482096797 eV
Magnetic moment: -2.0388464624235562e-14 Bohr magnetons
Calculating q=[0.26666666666666666, 0.06666666666666667, 0]
Energy: -12.30786482096797 eV
Magnetic moment: -2.0388464624235562e-14 Bohr magnetons
Calculating q=[0.26666666666666666, 0.06666666666666667, 0]
Energy: -12.30786482096797 eV
Magnetic moment: -2.0388464624235562e-14 Bohr magnetons
Calculating q=[0.26666666666666666, 0.06666666666666667, 0]
Energy: -12.30786482096797 eV
Magnetic moment: -2.0388464624235562e-14 Bohr magnetons
Calculating q=[0.26666666666666666, 0.06666666666666667, 0]
Energy: -12.30786482096797 eV
Magnetic moment: -2.0388464624235562e-14 Bohr magnetons
Calculating q=[0.26666666666666666, 0.06666666666666667, 0]
Energy: -12.30786482096797 eV
Magnetic moment: -2.0388464624235562e-14 Bohr magnetons
Calculating q=[0.26666666666666666, 0.06666666666666667, 0]
Energy: -12.30786482096797 eV
Magnetic moment: -2.0388464624235562e-14 Bohr magnetons
Calculating q=[0.26666666666666666, 0.06666666666666667, 0]
Energy: -12.30786482096797 eV
Magnetic moment: -2.0388464624235562e-14 Bohr magnetons
Calculating q=[0.26666666666666666, 0.06666666666666667, 0]
Energy: -12.30786482096797 eV
Magnetic moment: -2.0388464624235562e-14 Bohr magnetons
Calculating q=[0.26666666666666666, 0.06666666666666667, 0]
Energy: -12.30786482096797 eV
Magnetic moment: -2.0388464624235562e-14 Bohr magnetons
Calculating q=[0.26666666666666666, 0.06666666666666667, 0]
Energy: -12.30786482096797 eV
Magnetic moment: -2.0388464624235562e-14 Bohr magnetons
Calculating q=[0.26666666666666666, 0.06666666666666667, 0]
Energy: -12.30786482096797 eV
Magnetic moment: -2.0388464624235562e-14 Bohr magnetons
Calculating q=[0.26666666666666666, 0.06666666666666667, 0]
Energy: -12.303714530248856 eV
Magnetic moment: 1.165475649379608e-13 Bohr magnetons
Calculating q=[0.2833333333333333, 0.06666666666666667, 0]
Energy: -12.303714530248856 eV
Magnetic moment: 1.165475649379608e-13 Bohr magnetons
Calculating q=[0.2833333333333333, 0.06666666666666667, 0]
Energy: -12.303714530248856 eV
Magnetic moment: 1.165475649379608e-13 Bohr magnetons
Calculating q=[0.2833333333333333, 0.06666666666666667, 0]
Energy: -12.303714530248856 eV
Magnetic moment: 1.165475649379608e-13 Bohr magnetons
Calculating q=[0.2833333333333333, 0.06666666666666667, 0]
Energy: -12.303714530248856 eV
Magnetic moment: 1.165475649379608e-13 Bohr magnetons
Calculating q=[0.2833333333333333, 0.06666666666666667, 0]
Energy: -12.303714530248856 eV
Magnetic moment: 1.165475649379608e-13 Bohr magnetons
Calculating q=[0.2833333333333333, 0.06666666666666667, 0]
Energy: -12.303714530248856 eV
Magnetic moment: 1.165475649379608e-13 Bohr magnetons
Calculating q=[0.2833333333333333, 0.06666666666666667, 0]
Energy: -12.303714530248856 eV
Magnetic moment: 1.165475649379608e-13 Bohr magnetons
Calculating q=[0.2833333333333333, 0.06666666666666667, 0]
Energy: -12.303714530248856 eV
Magnetic moment: 1.165475649379608e-13 Bohr magnetons
Calculating q=[0.2833333333333333, 0.06666666666666667, 0]
Energy: -12.303714530248856 eV
Magnetic moment: 1.165475649379608e-13 Bohr magnetons
Calculating q=[0.2833333333333333, 0.06666666666666667, 0]
Energy: -12.303714530248856 eV
Magnetic moment: 1.165475649379608e-13 Bohr magnetons
Calculating q=[0.2833333333333333, 0.06666666666666667, 0]
Energy: -12.303714530248856 eV
Magnetic moment: 1.165475649379608e-13 Bohr magnetons
Calculating q=[0.2833333333333333, 0.06666666666666667, 0]
Energy: -12.298972770916343 eV
Magnetic moment: 1.4428524896718255e-14 Bohr magnetons
Calculating q=[0.3, 0.06666666666666667, 0]
Energy: -12.298972770916343 eV
Magnetic moment: 1.4428524896718255e-14 Bohr magnetons
Calculating q=[0.3, 0.06666666666666667, 0]
Energy: -12.298972770916343 eV
Magnetic moment: 1.4428524896718255e-14 Bohr magnetons
Calculating q=[0.3, 0.06666666666666667, 0]
Energy: -12.298972770916343 eV
Magnetic moment: 1.4428524896718255e-14 Bohr magnetons
Calculating q=[0.3, 0.06666666666666667, 0]
Energy: -12.298972770916343 eV
Magnetic moment: 1.4428524896718255e-14 Bohr magnetons
Calculating q=[0.3, 0.06666666666666667, 0]
Energy: -12.298972770916343 eV
Magnetic moment: 1.4428524896718255e-14 Bohr magnetons
Calculating q=[0.3, 0.06666666666666667, 0]
Energy: -12.298972770916343 eV
Magnetic moment: 1.4428524896718255e-14 Bohr magnetons
Calculating q=[0.3, 0.06666666666666667, 0]
Energy: -12.298972770916343 eV
Magnetic moment: 1.4428524896718255e-14 Bohr magnetons
Calculating q=[0.3, 0.06666666666666667, 0]
Energy: -12.298972770916343 eV
Magnetic moment: 1.4428524896718255e-14 Bohr magnetons
Calculating q=[0.3, 0.06666666666666667, 0]
Energy: -12.298972770916343 eV
Magnetic moment: 1.4428524896718255e-14 Bohr magnetons
Calculating q=[0.3, 0.06666666666666667, 0]
Energy: -12.298972770916343 eV
Magnetic moment: 1.4428524896718255e-14 Bohr magnetons
Calculating q=[0.3, 0.06666666666666667, 0]
Energy: -12.298972770916343 eV
Magnetic moment: 1.4428524896718255e-14 Bohr magnetons
Calculating q=[0.3, 0.06666666666666667, 0]
Energy: -12.29377778625391 eV
Magnetic moment: 1.1446991063517194e-13 Bohr magnetons
Calculating q=[0.31666666666666665, 0.06666666666666667, 0]
Energy: -12.29377778625391 eV
Magnetic moment: 1.1446991063517194e-13 Bohr magnetons
Calculating q=[0.31666666666666665, 0.06666666666666667, 0]
Energy: -12.29377778625391 eV
Magnetic moment: 1.1446991063517194e-13 Bohr magnetons
Calculating q=[0.31666666666666665, 0.06666666666666667, 0]
Energy: -12.29377778625391 eV
Magnetic moment: 1.1446991063517194e-13 Bohr magnetons
Calculating q=[0.31666666666666665, 0.06666666666666667, 0]
Energy: -12.29377778625391 eV
Magnetic moment: 1.1446991063517194e-13 Bohr magnetons
Calculating q=[0.31666666666666665, 0.06666666666666667, 0]
Energy: -12.29377778625391 eV
Magnetic moment: 1.1446991063517194e-13 Bohr magnetons
Calculating q=[0.31666666666666665, 0.06666666666666667, 0]
Energy: -12.29377778625391 eV
Magnetic moment: 1.1446991063517194e-13 Bohr magnetons
Calculating q=[0.31666666666666665, 0.06666666666666667, 0]
Energy: -12.29377778625391 eV
Magnetic moment: 1.1446991063517194e-13 Bohr magnetons
Calculating q=[0.31666666666666665, 0.06666666666666667, 0]
Energy: -12.29377778625391 eV
Magnetic moment: 1.1446991063517194e-13 Bohr magnetons
Calculating q=[0.31666666666666665, 0.06666666666666667, 0]
Energy: -12.29377778625391 eV
Magnetic moment: 1.1446991063517194e-13 Bohr magnetons
Calculating q=[0.31666666666666665, 0.06666666666666667, 0]
Energy: -12.29377778625391 eV
Magnetic moment: 1.1446991063517194e-13 Bohr magnetons
Calculating q=[0.31666666666666665, 0.06666666666666667, 0]
Energy: -12.29377778625391 eV
Magnetic moment: 1.1446991063517194e-13 Bohr magnetons
Calculating q=[0.31666666666666665, 0.06666666666666667, 0]
Energy: -12.288284423820723 eV
Magnetic moment: -1.4005698059309813e-14 Bohr magnetons
Calculating q=[0.3333333333333333, 0.06666666666666667, 0]
Energy: -12.288284423820723 eV
Magnetic moment: -1.4005698059309813e-14 Bohr magnetons
Calculating q=[0.3333333333333333, 0.06666666666666667, 0]
Energy: -12.288284423820723 eV
Magnetic moment: -1.4005698059309813e-14 Bohr magnetons
Calculating q=[0.3333333333333333, 0.06666666666666667, 0]
Energy: -12.288284423820723 eV
Magnetic moment: -1.4005698059309813e-14 Bohr magnetons
Calculating q=[0.3333333333333333, 0.06666666666666667, 0]
Energy: -12.288284423820723 eV
Magnetic moment: -1.4005698059309813e-14 Bohr magnetons
Calculating q=[0.3333333333333333, 0.06666666666666667, 0]
Energy: -12.288284423820723 eV
Magnetic moment: -1.4005698059309813e-14 Bohr magnetons
Calculating q=[0.3333333333333333, 0.06666666666666667, 0]
Energy: -12.288284423820723 eV
Magnetic moment: -1.4005698059309813e-14 Bohr magnetons
Calculating q=[0.3333333333333333, 0.06666666666666667, 0]
Energy: -12.288284423820723 eV
Magnetic moment: -1.4005698059309813e-14 Bohr magnetons
Calculating q=[0.3333333333333333, 0.06666666666666667, 0]
Energy: -12.288284423820723 eV
Magnetic moment: -1.4005698059309813e-14 Bohr magnetons
Calculating q=[0.3333333333333333, 0.06666666666666667, 0]
Energy: -12.288284423820723 eV
Magnetic moment: -1.4005698059309813e-14 Bohr magnetons
Calculating q=[0.3333333333333333, 0.06666666666666667, 0]
Energy: -12.288284423820723 eV
Magnetic moment: -1.4005698059309813e-14 Bohr magnetons
Calculating q=[0.3333333333333333, 0.06666666666666667, 0]
Energy: -12.288284423820723 eV
Magnetic moment: -1.4005698059309813e-14 Bohr magnetons
Calculating q=[0.3333333333333333, 0.06666666666666667, 0]
Energy: -12.282675014732165 eV
Magnetic moment: -3.238501882260825e-14 Bohr magnetons
Calculating q=[0.35, 0.06666666666666667, 0]
Energy: -12.282675014732165 eV
Magnetic moment: -3.238501882260825e-14 Bohr magnetons
Calculating q=[0.35, 0.06666666666666667, 0]
Energy: -12.282675014732165 eV
Magnetic moment: -3.238501882260825e-14 Bohr magnetons
Calculating q=[0.35, 0.06666666666666667, 0]
Energy: -12.282675014732165 eV
Magnetic moment: -3.238501882260825e-14 Bohr magnetons
Calculating q=[0.35, 0.06666666666666667, 0]
Energy: -12.282675014732165 eV
Magnetic moment: -3.238501882260825e-14 Bohr magnetons
Calculating q=[0.35, 0.06666666666666667, 0]
Energy: -12.282675014732165 eV
Magnetic moment: -3.238501882260825e-14 Bohr magnetons
Calculating q=[0.35, 0.06666666666666667, 0]
Energy: -12.282675014732165 eV
Magnetic moment: -3.238501882260825e-14 Bohr magnetons
Calculating q=[0.35, 0.06666666666666667, 0]
Energy: -12.282675014732165 eV
Magnetic moment: -3.238501882260825e-14 Bohr magnetons
Calculating q=[0.35, 0.06666666666666667, 0]
Energy: -12.282675014732165 eV
Magnetic moment: -3.238501882260825e-14 Bohr magnetons
Calculating q=[0.35, 0.06666666666666667, 0]
Energy: -12.282675014732165 eV
Magnetic moment: -3.238501882260825e-14 Bohr magnetons
Calculating q=[0.35, 0.06666666666666667, 0]
Energy: -12.282675014732165 eV
Magnetic moment: -3.238501882260825e-14 Bohr magnetons
Calculating q=[0.35, 0.06666666666666667, 0]
Energy: -12.282675014732165 eV
Magnetic moment: -3.238501882260825e-14 Bohr magnetons
Calculating q=[0.35, 0.06666666666666667, 0]
Energy: -12.277174022216588 eV
Magnetic moment: -4.335789570168294e-14 Bohr magnetons
Calculating q=[0.36666666666666664, 0.06666666666666667, 0]
Energy: -12.277174022216588 eV
Magnetic moment: -4.335789570168294e-14 Bohr magnetons
Calculating q=[0.36666666666666664, 0.06666666666666667, 0]
Energy: -12.277174022216588 eV
Magnetic moment: -4.335789570168294e-14 Bohr magnetons
Calculating q=[0.36666666666666664, 0.06666666666666667, 0]
Energy: -12.277174022216588 eV
Magnetic moment: -4.335789570168294e-14 Bohr magnetons
Calculating q=[0.36666666666666664, 0.06666666666666667, 0]
Energy: -12.277174022216588 eV
Magnetic moment: -4.335789570168294e-14 Bohr magnetons
Calculating q=[0.36666666666666664, 0.06666666666666667, 0]
Energy: -12.277174022216588 eV
Magnetic moment: -4.335789570168294e-14 Bohr magnetons
Calculating q=[0.36666666666666664, 0.06666666666666667, 0]
Energy: -12.277174022216588 eV
Magnetic moment: -4.335789570168294e-14 Bohr magnetons
Calculating q=[0.36666666666666664, 0.06666666666666667, 0]
Energy: -12.277174022216588 eV
Magnetic moment: -4.335789570168294e-14 Bohr magnetons
Calculating q=[0.36666666666666664, 0.06666666666666667, 0]
Energy: -12.277174022216588 eV
Magnetic moment: -4.335789570168294e-14 Bohr magnetons
Calculating q=[0.36666666666666664, 0.06666666666666667, 0]
Energy: -12.277174022216588 eV
Magnetic moment: -4.335789570168294e-14 Bohr magnetons
Calculating q=[0.36666666666666664, 0.06666666666666667, 0]
Energy: -12.277174022216588 eV
Magnetic moment: -4.335789570168294e-14 Bohr magnetons
Calculating q=[0.36666666666666664, 0.06666666666666667, 0]
Energy: -12.277174022216588 eV
Magnetic moment: -4.335789570168294e-14 Bohr magnetons
Calculating q=[0.36666666666666664, 0.06666666666666667, 0]
Energy: -12.271907473251648 eV
Magnetic moment: -2.2979724708746602e-14 Bohr magnetons
Calculating q=[0.3833333333333333, 0.06666666666666667, 0]
Energy: -12.271907473251648 eV
Magnetic moment: -2.2979724708746602e-14 Bohr magnetons
Calculating q=[0.3833333333333333, 0.06666666666666667, 0]
Energy: -12.271907473251648 eV
Magnetic moment: -2.2979724708746602e-14 Bohr magnetons
Calculating q=[0.3833333333333333, 0.06666666666666667, 0]
Energy: -12.271907473251648 eV
Magnetic moment: -2.2979724708746602e-14 Bohr magnetons
Calculating q=[0.3833333333333333, 0.06666666666666667, 0]
Energy: -12.271907473251648 eV
Magnetic moment: -2.2979724708746602e-14 Bohr magnetons
Calculating q=[0.3833333333333333, 0.06666666666666667, 0]
Energy: -12.271907473251648 eV
Magnetic moment: -2.2979724708746602e-14 Bohr magnetons
Calculating q=[0.3833333333333333, 0.06666666666666667, 0]
Energy: -12.271907473251648 eV
Magnetic moment: -2.2979724708746602e-14 Bohr magnetons
Calculating q=[0.3833333333333333, 0.06666666666666667, 0]
Energy: -12.271907473251648 eV
Magnetic moment: -2.2979724708746602e-14 Bohr magnetons
Calculating q=[0.3833333333333333, 0.06666666666666667, 0]
Energy: -12.271907473251648 eV
Magnetic moment: -2.2979724708746602e-14 Bohr magnetons
Calculating q=[0.3833333333333333, 0.06666666666666667, 0]
Energy: -12.271907473251648 eV
Magnetic moment: -2.2979724708746602e-14 Bohr magnetons
Calculating q=[0.3833333333333333, 0.06666666666666667, 0]
Energy: -12.271907473251648 eV
Magnetic moment: -2.2979724708746602e-14 Bohr magnetons
Calculating q=[0.3833333333333333, 0.06666666666666667, 0]
Energy: -12.271907473251648 eV
Magnetic moment: -2.2979724708746602e-14 Bohr magnetons
Calculating q=[0.3833333333333333, 0.06666666666666667, 0]
Energy: -12.267083670554278 eV
Magnetic moment: -3.31184491596829e-14 Bohr magnetons
Calculating q=[0.4, 0.06666666666666667, 0]
Energy: -12.267083670554278 eV
Magnetic moment: -3.31184491596829e-14 Bohr magnetons
Calculating q=[0.4, 0.06666666666666667, 0]
Energy: -12.267083670554278 eV
Magnetic moment: -3.31184491596829e-14 Bohr magnetons
Calculating q=[0.4, 0.06666666666666667, 0]
Energy: -12.267083670554278 eV
Magnetic moment: -3.31184491596829e-14 Bohr magnetons
Calculating q=[0.4, 0.06666666666666667, 0]
Energy: -12.267083670554278 eV
Magnetic moment: -3.31184491596829e-14 Bohr magnetons
Calculating q=[0.4, 0.06666666666666667, 0]
Energy: -12.267083670554278 eV
Magnetic moment: -3.31184491596829e-14 Bohr magnetons
Calculating q=[0.4, 0.06666666666666667, 0]
Energy: -12.267083670554278 eV
Magnetic moment: -3.31184491596829e-14 Bohr magnetons
Calculating q=[0.4, 0.06666666666666667, 0]
Energy: -12.267083670554278 eV
Magnetic moment: -3.31184491596829e-14 Bohr magnetons
Calculating q=[0.4, 0.06666666666666667, 0]
Energy: -12.267083670554278 eV
Magnetic moment: -3.31184491596829e-14 Bohr magnetons
Calculating q=[0.4, 0.06666666666666667, 0]
Energy: -12.267083670554278 eV
Magnetic moment: -3.31184491596829e-14 Bohr magnetons
Calculating q=[0.4, 0.06666666666666667, 0]
Energy: -12.267083670554278 eV
Magnetic moment: -3.31184491596829e-14 Bohr magnetons
Calculating q=[0.4, 0.06666666666666667, 0]
Energy: -12.267083670554278 eV
Magnetic moment: -3.31184491596829e-14 Bohr magnetons
Calculating q=[0.4, 0.06666666666666667, 0]
Energy: -12.26286291882952 eV
Magnetic moment: 3.083051921964887e-14 Bohr magnetons
Calculating q=[0.41666666666666663, 0.06666666666666667, 0]
Energy: -12.26286291882952 eV
Magnetic moment: 3.083051921964887e-14 Bohr magnetons
Calculating q=[0.41666666666666663, 0.06666666666666667, 0]
Energy: -12.26286291882952 eV
Magnetic moment: 3.083051921964887e-14 Bohr magnetons
Calculating q=[0.41666666666666663, 0.06666666666666667, 0]
Energy: -12.26286291882952 eV
Magnetic moment: 3.083051921964887e-14 Bohr magnetons
Calculating q=[0.41666666666666663, 0.06666666666666667, 0]
Energy: -12.26286291882952 eV
Magnetic moment: 3.083051921964887e-14 Bohr magnetons
Calculating q=[0.41666666666666663, 0.06666666666666667, 0]
Energy: -12.26286291882952 eV
Magnetic moment: 3.083051921964887e-14 Bohr magnetons
Calculating q=[0.41666666666666663, 0.06666666666666667, 0]
Energy: -12.26286291882952 eV
Magnetic moment: 3.083051921964887e-14 Bohr magnetons
Calculating q=[0.41666666666666663, 0.06666666666666667, 0]
Energy: -12.26286291882952 eV
Magnetic moment: 3.083051921964887e-14 Bohr magnetons
Calculating q=[0.41666666666666663, 0.06666666666666667, 0]
Energy: -12.26286291882952 eV
Magnetic moment: 3.083051921964887e-14 Bohr magnetons
Calculating q=[0.41666666666666663, 0.06666666666666667, 0]
Energy: -12.26286291882952 eV
Magnetic moment: 3.083051921964887e-14 Bohr magnetons
Calculating q=[0.41666666666666663, 0.06666666666666667, 0]
Energy: -12.26286291882952 eV
Magnetic moment: 3.083051921964887e-14 Bohr magnetons
Calculating q=[0.41666666666666663, 0.06666666666666667, 0]
Energy: -12.26286291882952 eV
Magnetic moment: 3.083051921964887e-14 Bohr magnetons
Calculating q=[0.41666666666666663, 0.06666666666666667, 0]
Energy: -12.259439472491408 eV
Magnetic moment: -3.3298719349255454e-14 Bohr magnetons
Calculating q=[0.43333333333333335, 0.06666666666666667, 0]
Energy: -12.259439472491408 eV
Magnetic moment: -3.3298719349255454e-14 Bohr magnetons
Calculating q=[0.43333333333333335, 0.06666666666666667, 0]
Energy: -12.259439472491408 eV
Magnetic moment: -3.3298719349255454e-14 Bohr magnetons
Calculating q=[0.43333333333333335, 0.06666666666666667, 0]
Energy: -12.259439472491408 eV
Magnetic moment: -3.3298719349255454e-14 Bohr magnetons
Calculating q=[0.43333333333333335, 0.06666666666666667, 0]
Energy: -12.259439472491408 eV
Magnetic moment: -3.3298719349255454e-14 Bohr magnetons
Calculating q=[0.43333333333333335, 0.06666666666666667, 0]
Energy: -12.259439472491408 eV
Magnetic moment: -3.3298719349255454e-14 Bohr magnetons
Calculating q=[0.43333333333333335, 0.06666666666666667, 0]
Energy: -12.259439472491408 eV
Magnetic moment: -3.3298719349255454e-14 Bohr magnetons
Calculating q=[0.43333333333333335, 0.06666666666666667, 0]
Energy: -12.259439472491408 eV
Magnetic moment: -3.3298719349255454e-14 Bohr magnetons
Calculating q=[0.43333333333333335, 0.06666666666666667, 0]
Energy: -12.259439472491408 eV
Magnetic moment: -3.3298719349255454e-14 Bohr magnetons
Calculating q=[0.43333333333333335, 0.06666666666666667, 0]
Energy: -12.259439472491408 eV
Magnetic moment: -3.3298719349255454e-14 Bohr magnetons
Calculating q=[0.43333333333333335, 0.06666666666666667, 0]
Energy: -12.259439472491408 eV
Magnetic moment: -3.3298719349255454e-14 Bohr magnetons
Calculating q=[0.43333333333333335, 0.06666666666666667, 0]
Energy: -12.259439472491408 eV
Magnetic moment: -3.3298719349255454e-14 Bohr magnetons
Calculating q=[0.43333333333333335, 0.06666666666666667, 0]
Energy: -12.256882648401204 eV
Magnetic moment: 1.1653675045117863e-14 Bohr magnetons
Calculating q=[0.45, 0.06666666666666667, 0]
Energy: -12.256882648401204 eV
Magnetic moment: 1.1653675045117863e-14 Bohr magnetons
Calculating q=[0.45, 0.06666666666666667, 0]
Energy: -12.256882648401204 eV
Magnetic moment: 1.1653675045117863e-14 Bohr magnetons
Calculating q=[0.45, 0.06666666666666667, 0]
Energy: -12.256882648401204 eV
Magnetic moment: 1.1653675045117863e-14 Bohr magnetons
Calculating q=[0.45, 0.06666666666666667, 0]
Energy: -12.256882648401204 eV
Magnetic moment: 1.1653675045117863e-14 Bohr magnetons
Calculating q=[0.45, 0.06666666666666667, 0]
Energy: -12.256882648401204 eV
Magnetic moment: 1.1653675045117863e-14 Bohr magnetons
Calculating q=[0.45, 0.06666666666666667, 0]
Energy: -12.256882648401204 eV
Magnetic moment: 1.1653675045117863e-14 Bohr magnetons
Calculating q=[0.45, 0.06666666666666667, 0]
Energy: -12.256882648401204 eV
Magnetic moment: 1.1653675045117863e-14 Bohr magnetons
Calculating q=[0.45, 0.06666666666666667, 0]
Energy: -12.256882648401204 eV
Magnetic moment: 1.1653675045117863e-14 Bohr magnetons
Calculating q=[0.45, 0.06666666666666667, 0]
Energy: -12.256882648401204 eV
Magnetic moment: 1.1653675045117863e-14 Bohr magnetons
Calculating q=[0.45, 0.06666666666666667, 0]
Energy: -12.256882648401204 eV
Magnetic moment: 1.1653675045117863e-14 Bohr magnetons
Calculating q=[0.45, 0.06666666666666667, 0]
Energy: -12.256882648401204 eV
Magnetic moment: 1.1653675045117863e-14 Bohr magnetons
Calculating q=[0.45, 0.06666666666666667, 0]
Energy: -12.255314970990819 eV
Magnetic moment: -1.3671812470907539e-14 Bohr magnetons
Energy: -12.255314970990819 eV
Magnetic moment: -1.3671812470907539e-14 Bohr magnetons
Energy: -12.255314970990819 eV
Magnetic moment: -1.3671812470907539e-14 Bohr magnetons
Energy: -12.255314970990819 eV
Magnetic moment: -1.3671812470907539e-14 Bohr magnetons
Energy: -12.255314970990819 eV
Magnetic moment: -1.3671812470907539e-14 Bohr magnetons
Energy: -12.255314970990819 eV
Magnetic moment: -1.3671812470907539e-14 Bohr magnetons
Energy: -12.255314970990819 eV
Magnetic moment: -1.3671812470907539e-14 Bohr magnetons
Energy: -12.255314970990819 eV
Magnetic moment: -1.3671812470907539e-14 Bohr magnetons
Energy: -12.255314970990819 eV
Magnetic moment: -1.3671812470907539e-14 Bohr magnetons
Energy: -12.255314970990819 eV
Magnetic moment: -1.3671812470907539e-14 Bohr magnetons
Energy: -12.255314970990819 eV
Magnetic moment: -1.3671812470907539e-14 Bohr magnetons
Energy: -12.255314970990819 eV
Magnetic moment: -1.3671812470907539e-14 Bohr magnetons

------------------------------------------------------------
Sender: LSF System <lsfadmin@hpc.dtu.dk>
Subject: Job 21660634: <H_4.0.py> in cluster <dcc> Done

Job <H_4.0.py> was submitted from host <n-62-27-23> by user <s194113> in cluster <dcc> at Tue Apr 30 10:20:27 2024
Job was executed on host(s) <12*n-62-28-34>, in queue <hpc>, as user <s194113> in cluster <dcc> at Tue Apr 30 10:20:27 2024
</zhome/87/8/147075> was used as the home directory.
</work3/s194113/10302/10302_NM/NiI2_2D> was used as the working directory.
Started at Tue Apr 30 10:20:27 2024
Terminated at Tue Apr 30 15:13:19 2024
Results reported at Tue Apr 30 15:13:19 2024

Your job looked like:

------------------------------------------------------------
# LSBATCH: User input
#!/bin/bash -l
id=$LSB_JOBID
mq=/work3/s194113/10302/10302_NM/.myqueue/lsf-$id
source /zhome/87/8/147075/venv-name/bin/activate
echo "venv: /zhome/87/8/147075/venv-name/bin/activate"
(touch $mq-0 && \
 cd '/work3/s194113/10302/10302_NM/NiI2_2D' && \
 mpiexec python3 H_4.0.py && \
 touch $mq-1) || \
(touch $mq-2; exit 1)

------------------------------------------------------------

Successfully completed.

Resource usage summary:

    CPU time :                                   210769.67 sec.
    Max Memory :                                 12869 MB
    Average Memory :                             8952.97 MB
    Total Requested Memory :                     73728.00 MB
    Delta Memory :                               60859.00 MB
    Max Swap :                                   -
    Max Processes :                              17
    Max Threads :                                57
    Run time :                                   17572 sec.
    Turnaround time :                            17572 sec.

The output (if any) is above this job summary.



PS:

Read file </work3/s194113/10302/10302_NM/NiI2_2D/H_4.0.py.21660634.err> for stderr output of this job.

