venv: /zhome/87/8/147075/venv-name/bin/activate
[1714468934.268857] [n-62-29-27:3371 :0]          ib_md.c:1063 UCX  WARN  IB: ibv_fork_init() was disabled or failed, yet a fork() has been issued.
[1714468934.268891] [n-62-29-27:3371 :0]          ib_md.c:1064 UCX  WARN  IB: data corruption might occur when using registered memory.
[1714468934.269244] [n-62-29-27:3368 :0]          ib_md.c:1063 UCX  WARN  IB: ibv_fork_init() was disabled or failed, yet a fork() has been issued.
[1714468934.269270] [n-62-29-27:3368 :0]          ib_md.c:1064 UCX  WARN  IB: data corruption might occur when using registered memory.
[1714468934.269207] [n-62-29-27:3370 :0]          ib_md.c:1063 UCX  WARN  IB: ibv_fork_init() was disabled or failed, yet a fork() has been issued.
[1714468934.269250] [n-62-29-27:3370 :0]          ib_md.c:1064 UCX  WARN  IB: data corruption might occur when using registered memory.
[1714468934.269239] [n-62-29-27:3373 :0]          ib_md.c:1063 UCX  WARN  IB: ibv_fork_init() was disabled or failed, yet a fork() has been issued.
[1714468934.269279] [n-62-29-27:3373 :0]          ib_md.c:1064 UCX  WARN  IB: data corruption might occur when using registered memory.
[1714468934.270753] [n-62-29-27:3372 :0]          ib_md.c:1063 UCX  WARN  IB: ibv_fork_init() was disabled or failed, yet a fork() has been issued.
[1714468934.270787] [n-62-29-27:3372 :0]          ib_md.c:1064 UCX  WARN  IB: data corruption might occur when using registered memory.
[1714468934.270898] [n-62-29-27:3374 :0]          ib_md.c:1063 UCX  WARN  IB: ibv_fork_init() was disabled or failed, yet a fork() has been issued.
[1714468934.270934] [n-62-29-27:3374 :0]          ib_md.c:1064 UCX  WARN  IB: data corruption might occur when using registered memory.
[1714468934.270341] [n-62-29-27:3376 :0]          ib_md.c:1063 UCX  WARN  IB: ibv_fork_init() was disabled or failed, yet a fork() has been issued.
[1714468934.270380] [n-62-29-27:3376 :0]          ib_md.c:1064 UCX  WARN  IB: data corruption might occur when using registered memory.
[1714468934.269657] [n-62-29-27:3378 :0]          ib_md.c:1063 UCX  WARN  IB: ibv_fork_init() was disabled or failed, yet a fork() has been issued.
[1714468934.269690] [n-62-29-27:3378 :0]          ib_md.c:1064 UCX  WARN  IB: data corruption might occur when using registered memory.
[1714468934.270442] [n-62-29-27:3379 :0]          ib_md.c:1063 UCX  WARN  IB: ibv_fork_init() was disabled or failed, yet a fork() has been issued.
[1714468934.270475] [n-62-29-27:3379 :0]          ib_md.c:1064 UCX  WARN  IB: data corruption might occur when using registered memory.
[1714468934.269640] [n-62-29-27:3380 :0]          ib_md.c:1063 UCX  WARN  IB: ibv_fork_init() was disabled or failed, yet a fork() has been issued.
[1714468934.269675] [n-62-29-27:3380 :0]          ib_md.c:1064 UCX  WARN  IB: data corruption might occur when using registered memory.
[1714468934.271038] [n-62-29-27:3382 :0]          ib_md.c:1063 UCX  WARN  IB: ibv_fork_init() was disabled or failed, yet a fork() has been issued.
[1714468934.271076] [n-62-29-27:3382 :0]          ib_md.c:1064 UCX  WARN  IB: data corruption might occur when using registered memory.
[1714468934.271884] [n-62-29-27:3369 :0]          ib_md.c:1063 UCX  WARN  IB: ibv_fork_init() was disabled or failed, yet a fork() has been issued.
[1714468934.271921] [n-62-29-27:3369 :0]          ib_md.c:1064 UCX  WARN  IB: data corruption might occur when using registered memory.
Calculating ground state
18 q-points in the path
=====================================
Calculating ground state
18 q-points in the path
=====================================
Calculating ground state
18 q-points in the path
=====================================
Calculating ground state
18 q-points in the path
=====================================
Calculating q=[0.13333333333333333, 0.13333333333333333, 0]
Calculating ground state
18 q-points in the path
=====================================
Calculating q=[0.13333333333333333, 0.13333333333333333, 0]
Calculating ground state
18 q-points in the path
=====================================
Calculating q=[0.13333333333333333, 0.13333333333333333, 0]
Calculating ground state
18 q-points in the path
=====================================
Calculating q=[0.13333333333333333, 0.13333333333333333, 0]
Calculating ground state
18 q-points in the path
=====================================
Calculating q=[0.13333333333333333, 0.13333333333333333, 0]
Calculating q=[0.13333333333333333, 0.13333333333333333, 0]
Calculating ground state
18 q-points in the path
=====================================
Calculating q=[0.13333333333333333, 0.13333333333333333, 0]
Calculating q=[0.13333333333333333, 0.13333333333333333, 0]
Calculating ground state
18 q-points in the path
=====================================
Calculating q=[0.13333333333333333, 0.13333333333333333, 0]
Calculating ground state
18 q-points in the path
=====================================
Calculating q=[0.13333333333333333, 0.13333333333333333, 0]
Calculating ground state
18 q-points in the path
=====================================
Calculating q=[0.13333333333333333, 0.13333333333333333, 0]
Calculating q=[0.13333333333333333, 0.13333333333333333, 0]
Energy: -12.317914814562462 eV
Magnetic moment: -5.859645034954661e-15 Bohr magnetons
Energy: -12.317914814562462 eV
Magnetic moment: -5.859645034954661e-15 Bohr magnetons
Calculating q=[0.15, 0.13333333333333333, 0]
Energy: -12.317914814562462 eV
Magnetic moment: -5.859645034954661e-15 Bohr magnetons
Calculating q=[0.15, 0.13333333333333333, 0]
Energy: -12.317914814562462 eV
Magnetic moment: -5.859645034954661e-15 Bohr magnetons
Calculating q=[0.15, 0.13333333333333333, 0]
Energy: -12.317914814562462 eV
Magnetic moment: -5.859645034954661e-15 Bohr magnetons
Calculating q=[0.15, 0.13333333333333333, 0]
Energy: -12.317914814562462 eV
Magnetic moment: -5.859645034954661e-15 Bohr magnetons
Calculating q=[0.15, 0.13333333333333333, 0]
Energy: -12.317914814562462 eV
Magnetic moment: -5.859645034954661e-15 Bohr magnetons
Calculating q=[0.15, 0.13333333333333333, 0]
Energy: -12.317914814562462 eV
Magnetic moment: -5.859645034954661e-15 Bohr magnetons
Calculating q=[0.15, 0.13333333333333333, 0]
Energy: -12.317914814562462 eV
Energy: -12.317914814562462 eV
Magnetic moment: -5.859645034954661e-15 Bohr magnetons
Energy: -12.317914814562462 eV
Magnetic moment: -5.859645034954661e-15 Bohr magnetons
Energy: -12.317914814562462 eV
Calculating q=[0.15, 0.13333333333333333, 0]
Magnetic moment: -5.859645034954661e-15 Bohr magnetons
Calculating q=[0.15, 0.13333333333333333, 0]
Calculating q=[0.15, 0.13333333333333333, 0]
Calculating q=[0.15, 0.13333333333333333, 0]
Magnetic moment: -5.859645034954661e-15 Bohr magnetons
Calculating q=[0.15, 0.13333333333333333, 0]
Energy: -12.317504825292632 eV
Magnetic moment: 2.0998182515928832e-14 Bohr magnetons
Calculating q=[0.16666666666666666, 0.13333333333333333, 0]
Energy: -12.317504825292632 eV
Magnetic moment: 2.0998182515928832e-14 Bohr magnetons
Calculating q=[0.16666666666666666, 0.13333333333333333, 0]
Energy: -12.317504825292632 eV
Magnetic moment: 2.0998182515928832e-14 Bohr magnetons
Calculating q=[0.16666666666666666, 0.13333333333333333, 0]
Energy: -12.317504825292632 eV
Magnetic moment: 2.0998182515928832e-14 Bohr magnetons
Calculating q=[0.16666666666666666, 0.13333333333333333, 0]
Energy: -12.317504825292632 eV
Magnetic moment: 2.0998182515928832e-14 Bohr magnetons
Calculating q=[0.16666666666666666, 0.13333333333333333, 0]
Energy: -12.317504825292632 eV
Magnetic moment: 2.0998182515928832e-14 Bohr magnetons
Calculating q=[0.16666666666666666, 0.13333333333333333, 0]
Energy: -12.317504825292632 eV
Magnetic moment: 2.0998182515928832e-14 Bohr magnetons
Calculating q=[0.16666666666666666, 0.13333333333333333, 0]
Energy: -12.317504825292632 eV
Magnetic moment: 2.0998182515928832e-14 Bohr magnetons
Calculating q=[0.16666666666666666, 0.13333333333333333, 0]
Energy: -12.317504825292632 eV
Magnetic moment: 2.0998182515928832e-14 Bohr magnetons
Calculating q=[0.16666666666666666, 0.13333333333333333, 0]
Energy: -12.317504825292632 eV
Magnetic moment: 2.0998182515928832e-14 Bohr magnetons
Calculating q=[0.16666666666666666, 0.13333333333333333, 0]
Energy: -12.317504825292632 eV
Magnetic moment: 2.0998182515928832e-14 Bohr magnetons
Calculating q=[0.16666666666666666, 0.13333333333333333, 0]
Energy: -12.317504825292632 eV
Magnetic moment: 2.0998182515928832e-14 Bohr magnetons
Calculating q=[0.16666666666666666, 0.13333333333333333, 0]
Energy: -12.31651332290179 eV
Magnetic moment: 1.1047349196664687e-13 Bohr magnetons
Calculating q=[0.18333333333333332, 0.13333333333333333, 0]
Energy: -12.31651332290179 eV
Magnetic moment: 1.1047349196664687e-13 Bohr magnetons
Calculating q=[0.18333333333333332, 0.13333333333333333, 0]
Energy: -12.31651332290179 eV
Magnetic moment: 1.1047349196664687e-13 Bohr magnetons
Calculating q=[0.18333333333333332, 0.13333333333333333, 0]
Energy: -12.31651332290179 eV
Magnetic moment: 1.1047349196664687e-13 Bohr magnetons
Calculating q=[0.18333333333333332, 0.13333333333333333, 0]
Energy: -12.31651332290179 eV
Magnetic moment: 1.1047349196664687e-13 Bohr magnetons
Calculating q=[0.18333333333333332, 0.13333333333333333, 0]
Energy: -12.31651332290179 eV
Magnetic moment: 1.1047349196664687e-13 Bohr magnetons
Calculating q=[0.18333333333333332, 0.13333333333333333, 0]
Energy: -12.31651332290179 eV
Magnetic moment: 1.1047349196664687e-13 Bohr magnetons
Calculating q=[0.18333333333333332, 0.13333333333333333, 0]
Energy: -12.31651332290179 eV
Magnetic moment: 1.1047349196664687e-13 Bohr magnetons
Calculating q=[0.18333333333333332, 0.13333333333333333, 0]
Energy: -12.31651332290179 eV
Magnetic moment: 1.1047349196664687e-13 Bohr magnetons
Calculating q=[0.18333333333333332, 0.13333333333333333, 0]
Energy: -12.31651332290179 eV
Magnetic moment: 1.1047349196664687e-13 Bohr magnetons
Calculating q=[0.18333333333333332, 0.13333333333333333, 0]
Energy: -12.31651332290179 eV
Magnetic moment: 1.1047349196664687e-13 Bohr magnetons
Calculating q=[0.18333333333333332, 0.13333333333333333, 0]
Energy: -12.31651332290179 eV
Magnetic moment: 1.1047349196664687e-13 Bohr magnetons
Calculating q=[0.18333333333333332, 0.13333333333333333, 0]
Energy: -12.314906277835304 eV
Magnetic moment: 1.3304631641940494e-13 Bohr magnetons
Calculating q=[0.2, 0.13333333333333333, 0]
Energy: -12.314906277835304 eV
Magnetic moment: 1.3304631641940494e-13 Bohr magnetons
Calculating q=[0.2, 0.13333333333333333, 0]
Energy: -12.314906277835304 eV
Magnetic moment: 1.3304631641940494e-13 Bohr magnetons
Calculating q=[0.2, 0.13333333333333333, 0]
Energy: -12.314906277835304 eV
Magnetic moment: 1.3304631641940494e-13 Bohr magnetons
Calculating q=[0.2, 0.13333333333333333, 0]
Energy: -12.314906277835304 eV
Magnetic moment: 1.3304631641940494e-13 Bohr magnetons
Calculating q=[0.2, 0.13333333333333333, 0]
Energy: -12.314906277835304 eV
Magnetic moment: 1.3304631641940494e-13 Bohr magnetons
Calculating q=[0.2, 0.13333333333333333, 0]
Energy: -12.314906277835304 eV
Magnetic moment: 1.3304631641940494e-13 Bohr magnetons
Calculating q=[0.2, 0.13333333333333333, 0]
Energy: -12.314906277835304 eV
Magnetic moment: 1.3304631641940494e-13 Bohr magnetons
Calculating q=[0.2, 0.13333333333333333, 0]
Energy: -12.314906277835304 eV
Magnetic moment: 1.3304631641940494e-13 Bohr magnetons
Calculating q=[0.2, 0.13333333333333333, 0]
Energy: -12.314906277835304 eV
Magnetic moment: 1.3304631641940494e-13 Bohr magnetons
Calculating q=[0.2, 0.13333333333333333, 0]
Energy: -12.314906277835304 eV
Magnetic moment: 1.3304631641940494e-13 Bohr magnetons
Calculating q=[0.2, 0.13333333333333333, 0]
Energy: -12.314906277835304 eV
Magnetic moment: 1.3304631641940494e-13 Bohr magnetons
Calculating q=[0.2, 0.13333333333333333, 0]
Energy: -12.312692964619801 eV
Magnetic moment: -1.4696916340091414e-13 Bohr magnetons
Calculating q=[0.21666666666666667, 0.13333333333333333, 0]
Energy: -12.312692964619801 eV
Magnetic moment: -1.4696916340091414e-13 Bohr magnetons
Calculating q=[0.21666666666666667, 0.13333333333333333, 0]
Energy: -12.312692964619801 eV
Magnetic moment: -1.4696916340091414e-13 Bohr magnetons
Calculating q=[0.21666666666666667, 0.13333333333333333, 0]
Energy: -12.312692964619801 eV
Magnetic moment: -1.4696916340091414e-13 Bohr magnetons
Calculating q=[0.21666666666666667, 0.13333333333333333, 0]
Energy: -12.312692964619801 eV
Magnetic moment: -1.4696916340091414e-13 Bohr magnetons
Calculating q=[0.21666666666666667, 0.13333333333333333, 0]
Energy: -12.312692964619801 eV
Magnetic moment: -1.4696916340091414e-13 Bohr magnetons
Calculating q=[0.21666666666666667, 0.13333333333333333, 0]
Energy: -12.312692964619801 eV
Magnetic moment: -1.4696916340091414e-13 Bohr magnetons
Calculating q=[0.21666666666666667, 0.13333333333333333, 0]
Energy: -12.312692964619801 eV
Magnetic moment: -1.4696916340091414e-13 Bohr magnetons
Calculating q=[0.21666666666666667, 0.13333333333333333, 0]
Energy: -12.312692964619801 eV
Magnetic moment: -1.4696916340091414e-13 Bohr magnetons
Calculating q=[0.21666666666666667, 0.13333333333333333, 0]
Energy: -12.312692964619801 eV
Magnetic moment: -1.4696916340091414e-13 Bohr magnetons
Calculating q=[0.21666666666666667, 0.13333333333333333, 0]
Energy: -12.312692964619801 eV
Magnetic moment: -1.4696916340091414e-13 Bohr magnetons
Calculating q=[0.21666666666666667, 0.13333333333333333, 0]
Energy: -12.312692964619801 eV
Magnetic moment: -1.4696916340091414e-13 Bohr magnetons
Calculating q=[0.21666666666666667, 0.13333333333333333, 0]
Energy: -12.309880577507421 eV
Magnetic moment: -4.4823888866383515e-14 Bohr magnetons
Calculating q=[0.23333333333333334, 0.13333333333333333, 0]
Energy: -12.309880577507421 eV
Magnetic moment: -4.4823888866383515e-14 Bohr magnetons
Calculating q=[0.23333333333333334, 0.13333333333333333, 0]
Energy: -12.309880577507421 eV
Magnetic moment: -4.4823888866383515e-14 Bohr magnetons
Calculating q=[0.23333333333333334, 0.13333333333333333, 0]
Energy: -12.309880577507421 eV
Magnetic moment: -4.4823888866383515e-14 Bohr magnetons
Calculating q=[0.23333333333333334, 0.13333333333333333, 0]
Energy: -12.309880577507421 eV
Magnetic moment: -4.4823888866383515e-14 Bohr magnetons
Calculating q=[0.23333333333333334, 0.13333333333333333, 0]
Energy: -12.309880577507421 eV
Magnetic moment: -4.4823888866383515e-14 Bohr magnetons
Calculating q=[0.23333333333333334, 0.13333333333333333, 0]
Energy: -12.309880577507421 eV
Magnetic moment: -4.4823888866383515e-14 Bohr magnetons
Calculating q=[0.23333333333333334, 0.13333333333333333, 0]
Energy: -12.309880577507421 eV
Magnetic moment: -4.4823888866383515e-14 Bohr magnetons
Calculating q=[0.23333333333333334, 0.13333333333333333, 0]
Energy: -12.309880577507421 eV
Magnetic moment: -4.4823888866383515e-14 Bohr magnetons
Calculating q=[0.23333333333333334, 0.13333333333333333, 0]
Energy: -12.309880577507421 eV
Magnetic moment: -4.4823888866383515e-14 Bohr magnetons
Calculating q=[0.23333333333333334, 0.13333333333333333, 0]
Energy: -12.309880577507421 eV
Magnetic moment: -4.4823888866383515e-14 Bohr magnetons
Calculating q=[0.23333333333333334, 0.13333333333333333, 0]
Energy: -12.309880577507421 eV
Magnetic moment: -4.4823888866383515e-14 Bohr magnetons
Calculating q=[0.23333333333333334, 0.13333333333333333, 0]
Energy: -12.306562255593219 eV
Magnetic moment: -1.6695892809246376e-14 Bohr magnetons
Calculating q=[0.25, 0.13333333333333333, 0]
Energy: -12.306562255593219 eV
Magnetic moment: -1.6695892809246376e-14 Bohr magnetons
Calculating q=[0.25, 0.13333333333333333, 0]
Energy: -12.306562255593219 eV
Magnetic moment: -1.6695892809246376e-14 Bohr magnetons
Calculating q=[0.25, 0.13333333333333333, 0]
Energy: -12.306562255593219 eV
Magnetic moment: -1.6695892809246376e-14 Bohr magnetons
Calculating q=[0.25, 0.13333333333333333, 0]
Energy: -12.306562255593219 eV
Magnetic moment: -1.6695892809246376e-14 Bohr magnetons
Calculating q=[0.25, 0.13333333333333333, 0]
Energy: -12.306562255593219 eV
Magnetic moment: -1.6695892809246376e-14 Bohr magnetons
Calculating q=[0.25, 0.13333333333333333, 0]
Energy: -12.306562255593219 eV
Magnetic moment: -1.6695892809246376e-14 Bohr magnetons
Calculating q=[0.25, 0.13333333333333333, 0]
Energy: -12.306562255593219 eV
Magnetic moment: -1.6695892809246376e-14 Bohr magnetons
Calculating q=[0.25, 0.13333333333333333, 0]
Energy: -12.306562255593219 eV
Magnetic moment: -1.6695892809246376e-14 Bohr magnetons
Calculating q=[0.25, 0.13333333333333333, 0]
Energy: -12.306562255593219 eV
Magnetic moment: -1.6695892809246376e-14 Bohr magnetons
Calculating q=[0.25, 0.13333333333333333, 0]
Energy: -12.306562255593219 eV
Magnetic moment: -1.6695892809246376e-14 Bohr magnetons
Calculating q=[0.25, 0.13333333333333333, 0]
Energy: -12.306562255593219 eV
Magnetic moment: -1.6695892809246376e-14 Bohr magnetons
Calculating q=[0.25, 0.13333333333333333, 0]
Energy: -12.302803738538763 eV
Magnetic moment: 4.709056974470328e-14 Bohr magnetons
Calculating q=[0.26666666666666666, 0.13333333333333333, 0]
Energy: -12.302803738538763 eV
Magnetic moment: 4.709056974470328e-14 Bohr magnetons
Calculating q=[0.26666666666666666, 0.13333333333333333, 0]
Energy: -12.302803738538763 eV
Magnetic moment: 4.709056974470328e-14 Bohr magnetons
Calculating q=[0.26666666666666666, 0.13333333333333333, 0]
Energy: -12.302803738538763 eV
Magnetic moment: 4.709056974470328e-14 Bohr magnetons
Calculating q=[0.26666666666666666, 0.13333333333333333, 0]
Energy: -12.302803738538763 eV
Magnetic moment: 4.709056974470328e-14 Bohr magnetons
Calculating q=[0.26666666666666666, 0.13333333333333333, 0]
Energy: -12.302803738538763 eV
Magnetic moment: 4.709056974470328e-14 Bohr magnetons
Calculating q=[0.26666666666666666, 0.13333333333333333, 0]
Energy: -12.302803738538763 eV
Magnetic moment: 4.709056974470328e-14 Bohr magnetons
Calculating q=[0.26666666666666666, 0.13333333333333333, 0]
Energy: -12.302803738538763 eV
Magnetic moment: 4.709056974470328e-14 Bohr magnetons
Calculating q=[0.26666666666666666, 0.13333333333333333, 0]
Energy: -12.302803738538763 eV
Magnetic moment: 4.709056974470328e-14 Bohr magnetons
Calculating q=[0.26666666666666666, 0.13333333333333333, 0]
Energy: -12.302803738538763 eV
Magnetic moment: 4.709056974470328e-14 Bohr magnetons
Calculating q=[0.26666666666666666, 0.13333333333333333, 0]
Energy: -12.302803738538763 eV
Magnetic moment: 4.709056974470328e-14 Bohr magnetons
Calculating q=[0.26666666666666666, 0.13333333333333333, 0]
Energy: -12.302803738538763 eV
Magnetic moment: 4.709056974470328e-14 Bohr magnetons
Calculating q=[0.26666666666666666, 0.13333333333333333, 0]
Energy: -12.298712635054843 eV
Magnetic moment: 3.4312205024857753e-14 Bohr magnetons
Calculating q=[0.2833333333333333, 0.13333333333333333, 0]
Energy: -12.298712635054843 eV
Magnetic moment: 3.4312205024857753e-14 Bohr magnetons
Calculating q=[0.2833333333333333, 0.13333333333333333, 0]
Energy: -12.298712635054843 eV
Magnetic moment: 3.4312205024857753e-14 Bohr magnetons
Calculating q=[0.2833333333333333, 0.13333333333333333, 0]
Energy: -12.298712635054843 eV
Magnetic moment: 3.4312205024857753e-14 Bohr magnetons
Calculating q=[0.2833333333333333, 0.13333333333333333, 0]
Energy: -12.298712635054843 eV
Magnetic moment: 3.4312205024857753e-14 Bohr magnetons
Calculating q=[0.2833333333333333, 0.13333333333333333, 0]
Energy: -12.298712635054843 eV
Magnetic moment: 3.4312205024857753e-14 Bohr magnetons
Calculating q=[0.2833333333333333, 0.13333333333333333, 0]
Energy: -12.298712635054843 eV
Magnetic moment: 3.4312205024857753e-14 Bohr magnetons
Calculating q=[0.2833333333333333, 0.13333333333333333, 0]
Energy: -12.298712635054843 eV
Magnetic moment: 3.4312205024857753e-14 Bohr magnetons
Calculating q=[0.2833333333333333, 0.13333333333333333, 0]
Energy: -12.298712635054843 eV
Magnetic moment: 3.4312205024857753e-14 Bohr magnetons
Calculating q=[0.2833333333333333, 0.13333333333333333, 0]
Energy: -12.298712635054843 eV
Magnetic moment: 3.4312205024857753e-14 Bohr magnetons
Calculating q=[0.2833333333333333, 0.13333333333333333, 0]
Energy: -12.298712635054843 eV
Magnetic moment: 3.4312205024857753e-14 Bohr magnetons
Calculating q=[0.2833333333333333, 0.13333333333333333, 0]
Energy: -12.298712635054843 eV
Magnetic moment: 3.4312205024857753e-14 Bohr magnetons
Calculating q=[0.2833333333333333, 0.13333333333333333, 0]
Energy: -12.294394936146237 eV
Magnetic moment: 1.7217741734450657e-13 Bohr magnetons
Energy: -12.294394936146237 eV
Magnetic moment: 1.7217741734450657e-13 Bohr magnetons
Calculating q=[0.3, 0.13333333333333333, 0]
Energy: -12.294394936146237 eV
Magnetic moment: 1.7217741734450657e-13 Bohr magnetons
Calculating q=[0.3, 0.13333333333333333, 0]
Energy: -12.294394936146237 eV
Magnetic moment: 1.7217741734450657e-13 Bohr magnetons
Calculating q=[0.3, 0.13333333333333333, 0]
Energy: -12.294394936146237 eV
Magnetic moment: 1.7217741734450657e-13 Bohr magnetons
Calculating q=[0.3, 0.13333333333333333, 0]
Energy: -12.294394936146237 eV
Magnetic moment: 1.7217741734450657e-13 Bohr magnetons
Calculating q=[0.3, 0.13333333333333333, 0]
Energy: -12.294394936146237 eV
Magnetic moment: 1.7217741734450657e-13 Bohr magnetons
Calculating q=[0.3, 0.13333333333333333, 0]
Energy: -12.294394936146237 eV
Magnetic moment: 1.7217741734450657e-13 Bohr magnetons
Calculating q=[0.3, 0.13333333333333333, 0]
Energy: -12.294394936146237 eV
Magnetic moment: 1.7217741734450657e-13 Bohr magnetons
Calculating q=[0.3, 0.13333333333333333, 0]
Energy: -12.294394936146237 eV
Magnetic moment: 1.7217741734450657e-13 Bohr magnetons
Calculating q=[0.3, 0.13333333333333333, 0]
Calculating q=[0.3, 0.13333333333333333, 0]
Energy: -12.294394936146237 eV
Magnetic moment: 1.7217741734450657e-13 Bohr magnetons
Calculating q=[0.3, 0.13333333333333333, 0]
Energy: -12.294394936146237 eV
Magnetic moment: 1.7217741734450657e-13 Bohr magnetons
Calculating q=[0.3, 0.13333333333333333, 0]
Energy: -12.290000016893343 eV
Magnetic moment: -2.924326057816664e-14 Bohr magnetons
Calculating q=[0.31666666666666665, 0.13333333333333333, 0]
Energy: -12.290000016893343 eV
Magnetic moment: -2.924326057816664e-14 Bohr magnetons
Calculating q=[0.31666666666666665, 0.13333333333333333, 0]
Energy: -12.290000016893343 eV
Magnetic moment: -2.924326057816664e-14 Bohr magnetons
Calculating q=[0.31666666666666665, 0.13333333333333333, 0]
Energy: -12.290000016893343 eV
Magnetic moment: -2.924326057816664e-14 Bohr magnetons
Calculating q=[0.31666666666666665, 0.13333333333333333, 0]
Energy: -12.290000016893343 eV
Magnetic moment: -2.924326057816664e-14 Bohr magnetons
Calculating q=[0.31666666666666665, 0.13333333333333333, 0]
Energy: -12.290000016893343 eV
Magnetic moment: -2.924326057816664e-14 Bohr magnetons
Calculating q=[0.31666666666666665, 0.13333333333333333, 0]
Energy: -12.290000016893343 eV
Magnetic moment: -2.924326057816664e-14 Bohr magnetons
Calculating q=[0.31666666666666665, 0.13333333333333333, 0]
Energy: -12.290000016893343 eV
Magnetic moment: -2.924326057816664e-14 Bohr magnetons
Calculating q=[0.31666666666666665, 0.13333333333333333, 0]
Energy: -12.290000016893343 eV
Magnetic moment: -2.924326057816664e-14 Bohr magnetons
Calculating q=[0.31666666666666665, 0.13333333333333333, 0]
Energy: -12.290000016893343 eV
Magnetic moment: -2.924326057816664e-14 Bohr magnetons
Calculating q=[0.31666666666666665, 0.13333333333333333, 0]
Energy: -12.290000016893343 eV
Magnetic moment: -2.924326057816664e-14 Bohr magnetons
Calculating q=[0.31666666666666665, 0.13333333333333333, 0]
Energy: -12.290000016893343 eV
Magnetic moment: -2.924326057816664e-14 Bohr magnetons
Calculating q=[0.31666666666666665, 0.13333333333333333, 0]
Energy: -12.285666345731682 eV
Magnetic moment: 7.239591933811547e-14 Bohr magnetons
Calculating q=[0.3333333333333333, 0.13333333333333333, 0]
Energy: -12.285666345731682 eV
Magnetic moment: 7.239591933811547e-14 Bohr magnetons
Calculating q=[0.3333333333333333, 0.13333333333333333, 0]
Energy: -12.285666345731682 eV
Magnetic moment: 7.239591933811547e-14 Bohr magnetons
Calculating q=[0.3333333333333333, 0.13333333333333333, 0]
Energy: -12.285666345731682 eV
Magnetic moment: 7.239591933811547e-14 Bohr magnetons
Calculating q=[0.3333333333333333, 0.13333333333333333, 0]
Energy: -12.285666345731682 eV
Magnetic moment: 7.239591933811547e-14 Bohr magnetons
Calculating q=[0.3333333333333333, 0.13333333333333333, 0]
Energy: -12.285666345731682 eV
Magnetic moment: 7.239591933811547e-14 Bohr magnetons
Calculating q=[0.3333333333333333, 0.13333333333333333, 0]
Energy: -12.285666345731682 eV
Magnetic moment: 7.239591933811547e-14 Bohr magnetons
Calculating q=[0.3333333333333333, 0.13333333333333333, 0]
Energy: -12.285666345731682 eV
Magnetic moment: 7.239591933811547e-14 Bohr magnetons
Calculating q=[0.3333333333333333, 0.13333333333333333, 0]
Energy: -12.285666345731682 eV
Magnetic moment: 7.239591933811547e-14 Bohr magnetons
Calculating q=[0.3333333333333333, 0.13333333333333333, 0]
Energy: -12.285666345731682 eV
Magnetic moment: 7.239591933811547e-14 Bohr magnetons
Calculating q=[0.3333333333333333, 0.13333333333333333, 0]
Energy: -12.285666345731682 eV
Magnetic moment: 7.239591933811547e-14 Bohr magnetons
Calculating q=[0.3333333333333333, 0.13333333333333333, 0]
Energy: -12.285666345731682 eV
Magnetic moment: 7.239591933811547e-14 Bohr magnetons
Calculating q=[0.3333333333333333, 0.13333333333333333, 0]
Energy: -12.281528525883264 eV
Magnetic moment: 6.736386364681491e-14 Bohr magnetons
Calculating q=[0.35, 0.13333333333333333, 0]
Energy: -12.281528525883264 eV
Magnetic moment: 6.736386364681491e-14 Bohr magnetons
Calculating q=[0.35, 0.13333333333333333, 0]
Energy: -12.281528525883264 eV
Magnetic moment: 6.736386364681491e-14 Bohr magnetons
Calculating q=[0.35, 0.13333333333333333, 0]
Energy: -12.281528525883264 eV
Magnetic moment: 6.736386364681491e-14 Bohr magnetons
Calculating q=[0.35, 0.13333333333333333, 0]
Energy: -12.281528525883264 eV
Magnetic moment: 6.736386364681491e-14 Bohr magnetons
Calculating q=[0.35, 0.13333333333333333, 0]
Energy: -12.281528525883264 eV
Magnetic moment: 6.736386364681491e-14 Bohr magnetons
Calculating q=[0.35, 0.13333333333333333, 0]
Energy: -12.281528525883264 eV
Magnetic moment: 6.736386364681491e-14 Bohr magnetons
Calculating q=[0.35, 0.13333333333333333, 0]
Energy: -12.281528525883264 eV
Magnetic moment: 6.736386364681491e-14 Bohr magnetons
Calculating q=[0.35, 0.13333333333333333, 0]
Energy: -12.281528525883264 eV
Magnetic moment: 6.736386364681491e-14 Bohr magnetons
Calculating q=[0.35, 0.13333333333333333, 0]
Energy: -12.281528525883264 eV
Magnetic moment: 6.736386364681491e-14 Bohr magnetons
Calculating q=[0.35, 0.13333333333333333, 0]
Energy: -12.281528525883264 eV
Magnetic moment: 6.736386364681491e-14 Bohr magnetons
Energy: -12.281528525883264 eV
Magnetic moment: 6.736386364681491e-14 Bohr magnetons
Calculating q=[0.35, 0.13333333333333333, 0]
Calculating q=[0.35, 0.13333333333333333, 0]
Energy: -12.277730031727529 eV
Magnetic moment: -1.2604219591772438e-15 Bohr magnetons
Calculating q=[0.36666666666666664, 0.13333333333333333, 0]
Energy: -12.277730031727529 eV
Magnetic moment: -1.2604219591772438e-15 Bohr magnetons
Calculating q=[0.36666666666666664, 0.13333333333333333, 0]
Energy: -12.277730031727529 eV
Magnetic moment: -1.2604219591772438e-15 Bohr magnetons
Calculating q=[0.36666666666666664, 0.13333333333333333, 0]
Energy: -12.277730031727529 eV
Magnetic moment: -1.2604219591772438e-15 Bohr magnetons
Calculating q=[0.36666666666666664, 0.13333333333333333, 0]
Energy: -12.277730031727529 eV
Magnetic moment: -1.2604219591772438e-15 Bohr magnetons
Calculating q=[0.36666666666666664, 0.13333333333333333, 0]
Energy: -12.277730031727529 eV
Magnetic moment: -1.2604219591772438e-15 Bohr magnetons
Calculating q=[0.36666666666666664, 0.13333333333333333, 0]
Energy: -12.277730031727529 eV
Magnetic moment: -1.2604219591772438e-15 Bohr magnetons
Calculating q=[0.36666666666666664, 0.13333333333333333, 0]
Energy: -12.277730031727529 eV
Magnetic moment: -1.2604219591772438e-15 Bohr magnetons
Calculating q=[0.36666666666666664, 0.13333333333333333, 0]
Energy: -12.277730031727529 eV
Magnetic moment: -1.2604219591772438e-15 Bohr magnetons
Calculating q=[0.36666666666666664, 0.13333333333333333, 0]
Energy: -12.277730031727529 eV
Magnetic moment: -1.2604219591772438e-15 Bohr magnetons
Calculating q=[0.36666666666666664, 0.13333333333333333, 0]
Energy: -12.277730031727529 eV
Magnetic moment: -1.2604219591772438e-15 Bohr magnetons
Calculating q=[0.36666666666666664, 0.13333333333333333, 0]
Energy: -12.277730031727529 eV
Magnetic moment: -1.2604219591772438e-15 Bohr magnetons
Calculating q=[0.36666666666666664, 0.13333333333333333, 0]
Energy: -12.27440995660253 eV
Magnetic moment: -3.2459888723091283e-14 Bohr magnetons
Calculating q=[0.3833333333333333, 0.13333333333333333, 0]
Energy: -12.27440995660253 eV
Magnetic moment: -3.2459888723091283e-14 Bohr magnetons
Calculating q=[0.3833333333333333, 0.13333333333333333, 0]
Energy: -12.27440995660253 eV
Magnetic moment: -3.2459888723091283e-14 Bohr magnetons
Calculating q=[0.3833333333333333, 0.13333333333333333, 0]
Energy: -12.27440995660253 eV
Magnetic moment: -3.2459888723091283e-14 Bohr magnetons
Calculating q=[0.3833333333333333, 0.13333333333333333, 0]
Energy: -12.27440995660253 eV
Magnetic moment: -3.2459888723091283e-14 Bohr magnetons
Calculating q=[0.3833333333333333, 0.13333333333333333, 0]
Energy: -12.27440995660253 eV
Magnetic moment: -3.2459888723091283e-14 Bohr magnetons
Calculating q=[0.3833333333333333, 0.13333333333333333, 0]
Energy: -12.27440995660253 eV
Magnetic moment: -3.2459888723091283e-14 Bohr magnetons
Calculating q=[0.3833333333333333, 0.13333333333333333, 0]
Energy: -12.27440995660253 eV
Magnetic moment: -3.2459888723091283e-14 Bohr magnetons
Calculating q=[0.3833333333333333, 0.13333333333333333, 0]
Energy: -12.27440995660253 eV
Magnetic moment: -3.2459888723091283e-14 Bohr magnetons
Calculating q=[0.3833333333333333, 0.13333333333333333, 0]
Energy: -12.27440995660253 eV
Magnetic moment: -3.2459888723091283e-14 Bohr magnetons
Calculating q=[0.3833333333333333, 0.13333333333333333, 0]
Energy: -12.27440995660253 eV
Magnetic moment: -3.2459888723091283e-14 Bohr magnetons
Calculating q=[0.3833333333333333, 0.13333333333333333, 0]
Energy: -12.27440995660253 eV
Magnetic moment: -3.2459888723091283e-14 Bohr magnetons
Calculating q=[0.3833333333333333, 0.13333333333333333, 0]
Energy: -12.271688783523677 eV
Magnetic moment: 6.192164462973679e-14 Bohr magnetons
Calculating q=[0.4, 0.13333333333333333, 0]
Energy: -12.271688783523677 eV
Magnetic moment: 6.192164462973679e-14 Bohr magnetons
Calculating q=[0.4, 0.13333333333333333, 0]
Energy: -12.271688783523677 eV
Magnetic moment: 6.192164462973679e-14 Bohr magnetons
Calculating q=[0.4, 0.13333333333333333, 0]
Energy: -12.271688783523677 eV
Magnetic moment: 6.192164462973679e-14 Bohr magnetons
Calculating q=[0.4, 0.13333333333333333, 0]
Energy: -12.271688783523677 eV
Magnetic moment: 6.192164462973679e-14 Bohr magnetons
Calculating q=[0.4, 0.13333333333333333, 0]
Energy: -12.271688783523677 eV
Magnetic moment: 6.192164462973679e-14 Bohr magnetons
Calculating q=[0.4, 0.13333333333333333, 0]
Energy: -12.271688783523677 eV
Magnetic moment: 6.192164462973679e-14 Bohr magnetons
Calculating q=[0.4, 0.13333333333333333, 0]
Energy: -12.271688783523677 eV
Magnetic moment: 6.192164462973679e-14 Bohr magnetons
Calculating q=[0.4, 0.13333333333333333, 0]
Energy: -12.271688783523677 eV
Magnetic moment: 6.192164462973679e-14 Bohr magnetons
Calculating q=[0.4, 0.13333333333333333, 0]
Energy: -12.271688783523677 eV
Magnetic moment: 6.192164462973679e-14 Bohr magnetons
Calculating q=[0.4, 0.13333333333333333, 0]
Energy: -12.271688783523677 eV
Magnetic moment: 6.192164462973679e-14 Bohr magnetons
Calculating q=[0.4, 0.13333333333333333, 0]
Energy: -12.271688783523677 eV
Magnetic moment: 6.192164462973679e-14 Bohr magnetons
Calculating q=[0.4, 0.13333333333333333, 0]
Energy: -12.269670707940291 eV
Magnetic moment: -1.9682255575252766e-14 Bohr magnetons
Calculating q=[0.41666666666666663, 0.13333333333333333, 0]
Energy: -12.269670707940291 eV
Magnetic moment: -1.9682255575252766e-14 Bohr magnetons
Calculating q=[0.41666666666666663, 0.13333333333333333, 0]
Energy: -12.269670707940291 eV
Magnetic moment: -1.9682255575252766e-14 Bohr magnetons
Calculating q=[0.41666666666666663, 0.13333333333333333, 0]
Energy: -12.269670707940291 eV
Magnetic moment: -1.9682255575252766e-14 Bohr magnetons
Calculating q=[0.41666666666666663, 0.13333333333333333, 0]
Energy: -12.269670707940291 eV
Magnetic moment: -1.9682255575252766e-14 Bohr magnetons
Calculating q=[0.41666666666666663, 0.13333333333333333, 0]
Energy: -12.269670707940291 eV
Magnetic moment: -1.9682255575252766e-14 Bohr magnetons
Calculating q=[0.41666666666666663, 0.13333333333333333, 0]
Energy: -12.269670707940291 eV
Magnetic moment: -1.9682255575252766e-14 Bohr magnetons
Calculating q=[0.41666666666666663, 0.13333333333333333, 0]
Energy: -12.269670707940291 eV
Magnetic moment: -1.9682255575252766e-14 Bohr magnetons
Calculating q=[0.41666666666666663, 0.13333333333333333, 0]
Energy: -12.269670707940291 eV
Magnetic moment: -1.9682255575252766e-14 Bohr magnetons
Calculating q=[0.41666666666666663, 0.13333333333333333, 0]
Energy: -12.269670707940291 eV
Magnetic moment: -1.9682255575252766e-14 Bohr magnetons
Calculating q=[0.41666666666666663, 0.13333333333333333, 0]
Energy: -12.269670707940291 eV
Magnetic moment: -1.9682255575252766e-14 Bohr magnetons
Calculating q=[0.41666666666666663, 0.13333333333333333, 0]
Energy: -12.269670707940291 eV
Magnetic moment: -1.9682255575252766e-14 Bohr magnetons
Calculating q=[0.41666666666666663, 0.13333333333333333, 0]
Energy: -12.268421807100045 eV
Magnetic moment: 3.386024485523177e-14 Bohr magnetons
Energy: -12.268421807100045 eV
Magnetic moment: 3.386024485523177e-14 Bohr magnetons
Energy: -12.268421807100045 eV
Magnetic moment: 3.386024485523177e-14 Bohr magnetons
Energy: -12.268421807100045 eV
Magnetic moment: 3.386024485523177e-14 Bohr magnetons
Energy: -12.268421807100045 eV
Magnetic moment: 3.386024485523177e-14 Bohr magnetons
Energy: -12.268421807100045 eV
Magnetic moment: 3.386024485523177e-14 Bohr magnetons
Energy: -12.268421807100045 eV
Magnetic moment: 3.386024485523177e-14 Bohr magnetons
Energy: -12.268421807100045 eV
Magnetic moment: 3.386024485523177e-14 Bohr magnetons
Energy: -12.268421807100045 eV
Magnetic moment: 3.386024485523177e-14 Bohr magnetons
Energy: -12.268421807100045 eV
Magnetic moment: 3.386024485523177e-14 Bohr magnetons
Energy: -12.268421807100045 eV
Magnetic moment: 3.386024485523177e-14 Bohr magnetons
Energy: -12.268421807100045 eV
Magnetic moment: 3.386024485523177e-14 Bohr magnetons

------------------------------------------------------------
Sender: LSF System <lsfadmin@hpc.dtu.dk>
Subject: Job 21660639: <H_8.0.py> in cluster <dcc> Done

Job <H_8.0.py> was submitted from host <n-62-27-23> by user <s194113> in cluster <dcc> at Tue Apr 30 10:20:31 2024
Job was executed on host(s) <12*n-62-29-27>, in queue <hpc>, as user <s194113> in cluster <dcc> at Tue Apr 30 11:22:09 2024
</zhome/87/8/147075> was used as the home directory.
</work3/s194113/10302/10302_NM/NiI2_2D> was used as the working directory.
Started at Tue Apr 30 11:22:09 2024
Terminated at Tue Apr 30 15:15:26 2024
Results reported at Tue Apr 30 15:15:26 2024

Your job looked like:

------------------------------------------------------------
# LSBATCH: User input
#!/bin/bash -l
id=$LSB_JOBID
mq=/work3/s194113/10302/10302_NM/.myqueue/lsf-$id
source /zhome/87/8/147075/venv-name/bin/activate
echo "venv: /zhome/87/8/147075/venv-name/bin/activate"
(touch $mq-0 && \
 cd '/work3/s194113/10302/10302_NM/NiI2_2D' && \
 mpiexec python3 H_8.0.py && \
 touch $mq-1) || \
(touch $mq-2; exit 1)

------------------------------------------------------------

Successfully completed.

Resource usage summary:

    CPU time :                                   167877.12 sec.
    Max Memory :                                 11368 MB
    Average Memory :                             7936.42 MB
    Total Requested Memory :                     73728.00 MB
    Delta Memory :                               62360.00 MB
    Max Swap :                                   -
    Max Processes :                              17
    Max Threads :                                57
    Run time :                                   13999 sec.
    Turnaround time :                            17695 sec.

The output (if any) is above this job summary.



PS:

Read file </work3/s194113/10302/10302_NM/NiI2_2D/H_8.0.py.21660639.err> for stderr output of this job.

