venv: /zhome/87/8/147075/venv-name/bin/activate
[1713898321.973194] [n-62-28-33:14414:0]          ib_md.c:1063 UCX  WARN  IB: ibv_fork_init() was disabled or failed, yet a fork() has been issued.
[1713898321.973231] [n-62-28-33:14414:0]          ib_md.c:1064 UCX  WARN  IB: data corruption might occur when using registered memory.
[1713898321.973291] [n-62-28-33:14412:0]          ib_md.c:1063 UCX  WARN  IB: ibv_fork_init() was disabled or failed, yet a fork() has been issued.
[1713898321.973326] [n-62-28-33:14412:0]          ib_md.c:1064 UCX  WARN  IB: data corruption might occur when using registered memory.
[1713898321.973328] [n-62-28-33:14413:0]          ib_md.c:1063 UCX  WARN  IB: ibv_fork_init() was disabled or failed, yet a fork() has been issued.
[1713898321.973366] [n-62-28-33:14413:0]          ib_md.c:1064 UCX  WARN  IB: data corruption might occur when using registered memory.
[1713898321.973404] [n-62-28-33:14415:0]          ib_md.c:1063 UCX  WARN  IB: ibv_fork_init() was disabled or failed, yet a fork() has been issued.
[1713898321.973446] [n-62-28-33:14415:0]          ib_md.c:1064 UCX  WARN  IB: data corruption might occur when using registered memory.
[1713898321.973477] [n-62-28-33:14416:0]          ib_md.c:1063 UCX  WARN  IB: ibv_fork_init() was disabled or failed, yet a fork() has been issued.
[1713898321.973515] [n-62-28-33:14416:0]          ib_md.c:1064 UCX  WARN  IB: data corruption might occur when using registered memory.
[1713898321.973435] [n-62-28-33:14417:0]          ib_md.c:1063 UCX  WARN  IB: ibv_fork_init() was disabled or failed, yet a fork() has been issued.
[1713898321.973471] [n-62-28-33:14417:0]          ib_md.c:1064 UCX  WARN  IB: data corruption might occur when using registered memory.
[1713898321.973426] [n-62-28-33:14418:0]          ib_md.c:1063 UCX  WARN  IB: ibv_fork_init() was disabled or failed, yet a fork() has been issued.
[1713898321.973462] [n-62-28-33:14418:0]          ib_md.c:1064 UCX  WARN  IB: data corruption might occur when using registered memory.
[1713898321.973470] [n-62-28-33:14420:0]          ib_md.c:1063 UCX  WARN  IB: ibv_fork_init() was disabled or failed, yet a fork() has been issued.
[1713898321.973510] [n-62-28-33:14420:0]          ib_md.c:1064 UCX  WARN  IB: data corruption might occur when using registered memory.
[1713898321.973300] [n-62-28-33:14422:0]          ib_md.c:1063 UCX  WARN  IB: ibv_fork_init() was disabled or failed, yet a fork() has been issued.
[1713898321.973341] [n-62-28-33:14422:0]          ib_md.c:1064 UCX  WARN  IB: data corruption might occur when using registered memory.
[1713898321.973360] [n-62-28-33:14423:0]          ib_md.c:1063 UCX  WARN  IB: ibv_fork_init() was disabled or failed, yet a fork() has been issued.
[1713898321.973395] [n-62-28-33:14423:0]          ib_md.c:1064 UCX  WARN  IB: data corruption might occur when using registered memory.
[1713898321.973624] [n-62-28-33:14411:0]          ib_md.c:1063 UCX  WARN  IB: ibv_fork_init() was disabled or failed, yet a fork() has been issued.
[1713898321.973669] [n-62-28-33:14411:0]          ib_md.c:1064 UCX  WARN  IB: data corruption might occur when using registered memory.
[1713898321.974473] [n-62-28-33:14421:0]          ib_md.c:1063 UCX  WARN  IB: ibv_fork_init() was disabled or failed, yet a fork() has been issued.
[1713898321.974521] [n-62-28-33:14421:0]          ib_md.c:1064 UCX  WARN  IB: data corruption might occur when using registered memory.
Calculating ground state
31 q-points in the path
=====================================
Calculating ground state
31 q-points in the path
=====================================
Calculating ground state
31 q-points in the path
=====================================
Calculating ground state
31 q-points in the path
=====================================
Calculating ground state
31 q-points in the path
=====================================
Calculating ground state
31 q-points in the path
=====================================
Calculating ground state
31 q-points in the path
=====================================
Calculating q=[0. 0. 0.]
Calculating q=[0. 0. 0.]
Calculating ground state
31 q-points in the path
=====================================
Calculating q=[0. 0. 0.]
Calculating q=[0. 0. 0.]
Calculating q=[0. 0. 0.]
Calculating ground state
31 q-points in the path
=====================================
Calculating q=[0. 0. 0.]
Calculating ground state
31 q-points in the path
=====================================
Calculating ground state
31 q-points in the path
=====================================
Calculating q=[0. 0. 0.]
Calculating q=[0. 0. 0.]
Calculating q=[0. 0. 0.]
Calculating q=[0. 0. 0.]
Calculating ground state
Calculating q=[0. 0. 0.]
31 q-points in the path
=====================================
Calculating q=[0. 0. 0.]
