venv: /zhome/87/8/147075/venv-name/bin/activate
[1713898317.732638] [n-62-28-29:19065:0]          ib_md.c:1063 UCX  WARN  IB: ibv_fork_init() was disabled or failed, yet a fork() has been issued.
[1713898317.732640] [n-62-28-29:19071:0]          ib_md.c:1063 UCX  WARN  IB: ibv_fork_init() was disabled or failed, yet a fork() has been issued.
[1713898317.732670] [n-62-28-29:19071:0]          ib_md.c:1064 UCX  WARN  IB: data corruption might occur when using registered memory.
[1713898317.732682] [n-62-28-29:19066:0]          ib_md.c:1063 UCX  WARN  IB: ibv_fork_init() was disabled or failed, yet a fork() has been issued.
[1713898317.732713] [n-62-28-29:19066:0]          ib_md.c:1064 UCX  WARN  IB: data corruption might occur when using registered memory.
[1713898317.732668] [n-62-28-29:19067:0]          ib_md.c:1063 UCX  WARN  IB: ibv_fork_init() was disabled or failed, yet a fork() has been issued.
[1713898317.732718] [n-62-28-29:19067:0]          ib_md.c:1064 UCX  WARN  IB: data corruption might occur when using registered memory.
[1713898317.732686] [n-62-28-29:19068:0]          ib_md.c:1063 UCX  WARN  IB: ibv_fork_init() was disabled or failed, yet a fork() has been issued.
[1713898317.732747] [n-62-28-29:19068:0]          ib_md.c:1064 UCX  WARN  IB: data corruption might occur when using registered memory.
[1713898317.732680] [n-62-28-29:19069:0]          ib_md.c:1063 UCX  WARN  IB: ibv_fork_init() was disabled or failed, yet a fork() has been issued.
[1713898317.732720] [n-62-28-29:19069:0]          ib_md.c:1064 UCX  WARN  IB: data corruption might occur when using registered memory.
[1713898317.732675] [n-62-28-29:19070:0]          ib_md.c:1063 UCX  WARN  IB: ibv_fork_init() was disabled or failed, yet a fork() has been issued.
[1713898317.732703] [n-62-28-29:19070:0]          ib_md.c:1064 UCX  WARN  IB: data corruption might occur when using registered memory.
[1713898317.732684] [n-62-28-29:19072:0]          ib_md.c:1063 UCX  WARN  IB: ibv_fork_init() was disabled or failed, yet a fork() has been issued.
[1713898317.732715] [n-62-28-29:19072:0]          ib_md.c:1064 UCX  WARN  IB: data corruption might occur when using registered memory.
[1713898317.732700] [n-62-28-29:19073:0]          ib_md.c:1063 UCX  WARN  IB: ibv_fork_init() was disabled or failed, yet a fork() has been issued.
[1713898317.732730] [n-62-28-29:19073:0]          ib_md.c:1064 UCX  WARN  IB: data corruption might occur when using registered memory.
[1713898317.732696] [n-62-28-29:19075:0]          ib_md.c:1063 UCX  WARN  IB: ibv_fork_init() was disabled or failed, yet a fork() has been issued.
[1713898317.732732] [n-62-28-29:19075:0]          ib_md.c:1064 UCX  WARN  IB: data corruption might occur when using registered memory.
[1713898317.732696] [n-62-28-29:19076:0]          ib_md.c:1063 UCX  WARN  IB: ibv_fork_init() was disabled or failed, yet a fork() has been issued.
[1713898317.732729] [n-62-28-29:19076:0]          ib_md.c:1064 UCX  WARN  IB: data corruption might occur when using registered memory.
[1713898317.732687] [n-62-28-29:19077:0]          ib_md.c:1063 UCX  WARN  IB: ibv_fork_init() was disabled or failed, yet a fork() has been issued.
[1713898317.732722] [n-62-28-29:19077:0]          ib_md.c:1064 UCX  WARN  IB: data corruption might occur when using registered memory.
[1713898317.732880] [n-62-28-29:19065:0]          ib_md.c:1064 UCX  WARN  IB: data corruption might occur when using registered memory.
Calculating ground state
31 q-points in the path
=====================================
Calculating ground state
31 q-points in the path
=====================================
Calculating q=[0. 0. 0.]
Calculating ground state
Calculating ground state
31 q-points in the path
Calculating ground state
31 q-points in the path
=====================================
=====================================
31 q-points in the path
Calculating ground state
31 q-points in the path
=====================================
=====================================
Calculating q=[0. 0. 0.]
Calculating ground state
31 q-points in the path
=====================================
Calculating q=[0. 0. 0.]
Calculating q=[0. 0. 0.]
Calculating q=[0. 0. 0.]
Calculating ground state
31 q-points in the path
=====================================
Calculating q=[0. 0. 0.]
Calculating q=[0. 0. 0.]
Calculating ground state
31 q-points in the path
Calculating ground state
31 q-points in the path
=====================================
=====================================
Calculating q=[0. 0. 0.]
Calculating q=[0. 0. 0.]
Calculating ground state
31 q-points in the path
=====================================
Calculating q=[0. 0. 0.]
Calculating q=[0. 0. 0.]
Calculating ground state
31 q-points in the path
=====================================
Calculating q=[0. 0. 0.]
