venv: /zhome/87/8/147075/venv-name/bin/activate
[1713898307.842499] [n-62-29-26:31623:0]          ib_md.c:1063 UCX  WARN  IB: ibv_fork_init() was disabled or failed, yet a fork() has been issued.
[1713898307.842533] [n-62-29-26:31623:0]          ib_md.c:1064 UCX  WARN  IB: data corruption might occur when using registered memory.
[1713898307.842508] [n-62-29-26:31627:0]          ib_md.c:1063 UCX  WARN  IB: ibv_fork_init() was disabled or failed, yet a fork() has been issued.
[1713898307.842536] [n-62-29-26:31627:0]          ib_md.c:1064 UCX  WARN  IB: data corruption might occur when using registered memory.
[1713898307.842470] [n-62-29-26:31628:0]          ib_md.c:1063 UCX  WARN  IB: ibv_fork_init() was disabled or failed, yet a fork() has been issued.
[1713898307.842509] [n-62-29-26:31628:0]          ib_md.c:1064 UCX  WARN  IB: data corruption might occur when using registered memory.
[1713898307.842470] [n-62-29-26:31630:0]          ib_md.c:1063 UCX  WARN  IB: ibv_fork_init() was disabled or failed, yet a fork() has been issued.
[1713898307.842509] [n-62-29-26:31630:0]          ib_md.c:1064 UCX  WARN  IB: data corruption might occur when using registered memory.
[1713898307.842522] [n-62-29-26:31620:0]          ib_md.c:1063 UCX  WARN  IB: ibv_fork_init() was disabled or failed, yet a fork() has been issued.
[1713898307.842586] [n-62-29-26:31620:0]          ib_md.c:1064 UCX  WARN  IB: data corruption might occur when using registered memory.
[1713898307.842552] [n-62-29-26:31626:0]          ib_md.c:1063 UCX  WARN  IB: ibv_fork_init() was disabled or failed, yet a fork() has been issued.
[1713898307.842601] [n-62-29-26:31626:0]          ib_md.c:1064 UCX  WARN  IB: data corruption might occur when using registered memory.
[1713898307.842642] [n-62-29-26:31619:0]          ib_md.c:1063 UCX  WARN  IB: ibv_fork_init() was disabled or failed, yet a fork() has been issued.
[1713898307.842684] [n-62-29-26:31619:0]          ib_md.c:1064 UCX  WARN  IB: data corruption might occur when using registered memory.
[1713898307.842685] [n-62-29-26:31621:0]          ib_md.c:1063 UCX  WARN  IB: ibv_fork_init() was disabled or failed, yet a fork() has been issued.
[1713898307.842718] [n-62-29-26:31621:0]          ib_md.c:1064 UCX  WARN  IB: data corruption might occur when using registered memory.
[1713898307.842815] [n-62-29-26:31618:0]          ib_md.c:1063 UCX  WARN  IB: ibv_fork_init() was disabled or failed, yet a fork() has been issued.
[1713898307.842848] [n-62-29-26:31618:0]          ib_md.c:1064 UCX  WARN  IB: data corruption might occur when using registered memory.
[1713898307.842981] [n-62-29-26:31615:0]          ib_md.c:1063 UCX  WARN  IB: ibv_fork_init() was disabled or failed, yet a fork() has been issued.
[1713898307.843029] [n-62-29-26:31615:0]          ib_md.c:1064 UCX  WARN  IB: data corruption might occur when using registered memory.
[1713898307.843181] [n-62-29-26:31616:0]          ib_md.c:1063 UCX  WARN  IB: ibv_fork_init() was disabled or failed, yet a fork() has been issued.
[1713898307.843232] [n-62-29-26:31616:0]          ib_md.c:1064 UCX  WARN  IB: data corruption might occur when using registered memory.
[1713898307.844310] [n-62-29-26:31617:0]          ib_md.c:1063 UCX  WARN  IB: ibv_fork_init() was disabled or failed, yet a fork() has been issued.
[1713898307.844415] [n-62-29-26:31617:0]          ib_md.c:1064 UCX  WARN  IB: data corruption might occur when using registered memory.
Calculating ground state
Calculating ground state
31 q-points in the path
=====================================
Calculating ground state
31 q-points in the path
=====================================
Calculating ground state
31 q-points in the path
=====================================
Calculating ground state
31 q-points in the path
=====================================
31 q-points in the path
=====================================
Calculating ground state
Calculating q=[0. 0. 0.]
Calculating q=[0. 0. 0.]
Calculating ground state
31 q-points in the path
=====================================
31 q-points in the path
=====================================
Calculating ground state
31 q-points in the path
=====================================
Calculating q=[0. 0. 0.]
Calculating q=[0. 0. 0.]
Calculating ground state
31 q-points in the path
=====================================
Calculating q=[0. 0. 0.]
Calculating ground state
Calculating q=[0. 0. 0.]
31 q-points in the path
=====================================
Calculating q=[0. 0. 0.]
Calculating q=[0. 0. 0.]
Calculating ground state
31 q-points in the path
=====================================
Calculating q=[0. 0. 0.]
Calculating ground state
31 q-points in the path
=====================================
Calculating q=[0. 0. 0.]
Calculating q=[0. 0. 0.]
Calculating q=[0. 0. 0.]
Energy: -14.404128078572645 eV
Magnetic moment: -1.5225712960948674e-12 Bohr magnetons
Energy: -14.404128078572645 eV
Magnetic moment: -1.5225712960948674e-12 Bohr magnetons
Energy: -14.404128078572645 eV
Magnetic moment: -1.5225712960948674e-12 Bohr magnetons
Energy: -14.404128078572645 eV
Magnetic moment: -1.5225712960948674e-12 Bohr magnetons
Energy: -14.404128078572645 eV
Magnetic moment: -1.5225712960948674e-12 Bohr magnetons
Energy: -14.404128078572645 eV
Magnetic moment: -1.5225712960948674e-12 Bohr magnetons
Energy: -14.404128078572645 eV
Magnetic moment: -1.5225712960948674e-12 Bohr magnetons
Energy: -14.404128078572645 eV
Magnetic moment: -1.5225712960948674e-12 Bohr magnetons
Energy: -14.404128078572645 eV
Magnetic moment: -1.5225712960948674e-12 Bohr magnetons
Energy: -14.404128078572645 eV
Magnetic moment: -1.5225712960948674e-12 Bohr magnetons
Energy: -14.404128078572645 eV
Magnetic moment: -1.5225712960948674e-12 Bohr magnetons
Energy: -14.404128078572645 eV
Magnetic moment: -1.5225712960948674e-12 Bohr magnetons
Calculating q=[0.05 0.   0.  ]
Calculating q=[0.05 0.   0.  ]
Calculating q=[0.05 0.   0.  ]
Calculating q=[0.05 0.   0.  ]
Calculating q=[0.05 0.   0.  ]
Calculating q=[0.05 0.   0.  ]
Calculating q=[0.05 0.   0.  ]
Calculating q=[0.05 0.   0.  ]
Calculating q=[0.05 0.   0.  ]
Calculating q=[0.05 0.   0.  ]
Calculating q=[0.05 0.   0.  ]
Calculating q=[0.05 0.   0.  ]
