venv: /zhome/87/8/147075/venv-name/bin/activate
[1713898333.262838] [n-62-28-28:27333:0]          ib_md.c:1063 UCX  WARN  IB: ibv_fork_init() was disabled or failed, yet a fork() has been issued.
[1713898333.262873] [n-62-28-28:27333:0]          ib_md.c:1064 UCX  WARN  IB: data corruption might occur when using registered memory.
[1713898333.262803] [n-62-28-28:27340:0]          ib_md.c:1063 UCX  WARN  IB: ibv_fork_init() was disabled or failed, yet a fork() has been issued.
[1713898333.262844] [n-62-28-28:27340:0]          ib_md.c:1064 UCX  WARN  IB: data corruption might occur when using registered memory.
[1713898333.262910] [n-62-28-28:27330:0]          ib_md.c:1063 UCX  WARN  IB: ibv_fork_init() was disabled or failed, yet a fork() has been issued.
[1713898333.262854] [n-62-28-28:27331:0]          ib_md.c:1063 UCX  WARN  IB: ibv_fork_init() was disabled or failed, yet a fork() has been issued.
[1713898333.262909] [n-62-28-28:27331:0]          ib_md.c:1064 UCX  WARN  IB: data corruption might occur when using registered memory.
[1713898333.262868] [n-62-28-28:27332:0]          ib_md.c:1063 UCX  WARN  IB: ibv_fork_init() was disabled or failed, yet a fork() has been issued.
[1713898333.262909] [n-62-28-28:27332:0]          ib_md.c:1064 UCX  WARN  IB: data corruption might occur when using registered memory.
[1713898333.262915] [n-62-28-28:27334:0]          ib_md.c:1063 UCX  WARN  IB: ibv_fork_init() was disabled or failed, yet a fork() has been issued.
[1713898333.262950] [n-62-28-28:27334:0]          ib_md.c:1064 UCX  WARN  IB: data corruption might occur when using registered memory.
[1713898333.262874] [n-62-28-28:27336:0]          ib_md.c:1063 UCX  WARN  IB: ibv_fork_init() was disabled or failed, yet a fork() has been issued.
[1713898333.262905] [n-62-28-28:27336:0]          ib_md.c:1064 UCX  WARN  IB: data corruption might occur when using registered memory.
[1713898333.262852] [n-62-28-28:27337:0]          ib_md.c:1063 UCX  WARN  IB: ibv_fork_init() was disabled or failed, yet a fork() has been issued.
[1713898333.262969] [n-62-28-28:27337:0]          ib_md.c:1064 UCX  WARN  IB: data corruption might occur when using registered memory.
[1713898333.262911] [n-62-28-28:27338:0]          ib_md.c:1063 UCX  WARN  IB: ibv_fork_init() was disabled or failed, yet a fork() has been issued.
[1713898333.262947] [n-62-28-28:27338:0]          ib_md.c:1064 UCX  WARN  IB: data corruption might occur when using registered memory.
[1713898333.262928] [n-62-28-28:27339:0]          ib_md.c:1063 UCX  WARN  IB: ibv_fork_init() was disabled or failed, yet a fork() has been issued.
[1713898333.262974] [n-62-28-28:27339:0]          ib_md.c:1064 UCX  WARN  IB: data corruption might occur when using registered memory.
[1713898333.262850] [n-62-28-28:27341:0]          ib_md.c:1063 UCX  WARN  IB: ibv_fork_init() was disabled or failed, yet a fork() has been issued.
[1713898333.262906] [n-62-28-28:27341:0]          ib_md.c:1064 UCX  WARN  IB: data corruption might occur when using registered memory.
[1713898333.262973] [n-62-28-28:27330:0]          ib_md.c:1064 UCX  WARN  IB: data corruption might occur when using registered memory.
[1713898333.263180] [n-62-28-28:27335:0]          ib_md.c:1063 UCX  WARN  IB: ibv_fork_init() was disabled or failed, yet a fork() has been issued.
[1713898333.263223] [n-62-28-28:27335:0]          ib_md.c:1064 UCX  WARN  IB: data corruption might occur when using registered memory.
Calculating ground state
Calculating ground state
31 q-points in the path
=====================================
Calculating ground state
31 q-points in the path
=====================================
Calculating ground state
31 q-points in the path
=====================================
31 q-points in the path
=====================================
Calculating ground state
Calculating q=[0. 0. 0.]
Calculating q=[0. 0. 0.]
Calculating ground state
31 q-points in the path
=====================================
31 q-points in the path
Calculating ground state
31 q-points in the path
=====================================
Calculating ground state
31 q-points in the path
=====================================
Calculating ground state
=====================================
Calculating ground state
31 q-points in the path
=====================================
Calculating ground state
31 q-points in the path
=====================================
Calculating q=[0. 0. 0.]
Calculating ground state
31 q-points in the path
=====================================
31 q-points in the path
=====================================
Calculating q=[0. 0. 0.]
Calculating q=[0. 0. 0.]
Calculating q=[0. 0. 0.]
Calculating q=[0. 0. 0.]
Calculating q=[0. 0. 0.]
Calculating q=[0. 0. 0.]
Calculating q=[0. 0. 0.]
Calculating q=[0. 0. 0.]
Calculating q=[0. 0. 0.]
