venv: /zhome/87/8/147075/venv-name/bin/activate
[1713782131.775647] [n-62-28-28:22586:0]          ib_md.c:1063 UCX  WARN  IB: ibv_fork_init() was disabled or failed, yet a fork() has been issued.
[1713782131.775679] [n-62-28-28:22586:0]          ib_md.c:1064 UCX  WARN  IB: data corruption might occur when using registered memory.
[1713782131.775681] [n-62-28-28:22582:0]          ib_md.c:1063 UCX  WARN  IB: ibv_fork_init() was disabled or failed, yet a fork() has been issued.
[1713782131.775709] [n-62-28-28:22582:0]          ib_md.c:1064 UCX  WARN  IB: data corruption might occur when using registered memory.
[1713782131.776086] [n-62-28-28:22589:0]          ib_md.c:1063 UCX  WARN  IB: ibv_fork_init() was disabled or failed, yet a fork() has been issued.
[1713782131.776116] [n-62-28-28:22589:0]          ib_md.c:1064 UCX  WARN  IB: data corruption might occur when using registered memory.
[1713782131.776138] [n-62-28-28:22583:0]          ib_md.c:1063 UCX  WARN  IB: ibv_fork_init() was disabled or failed, yet a fork() has been issued.
[1713782131.776170] [n-62-28-28:22583:0]          ib_md.c:1064 UCX  WARN  IB: data corruption might occur when using registered memory.
[1713782131.776186] [n-62-28-28:22591:0]          ib_md.c:1063 UCX  WARN  IB: ibv_fork_init() was disabled or failed, yet a fork() has been issued.
[1713782131.776213] [n-62-28-28:22591:0]          ib_md.c:1064 UCX  WARN  IB: data corruption might occur when using registered memory.
[1713782131.776312] [n-62-28-28:22592:0]          ib_md.c:1063 UCX  WARN  IB: ibv_fork_init() was disabled or failed, yet a fork() has been issued.
[1713782131.776339] [n-62-28-28:22592:0]          ib_md.c:1064 UCX  WARN  IB: data corruption might occur when using registered memory.
[1713782131.776379] [n-62-28-28:22584:0]          ib_md.c:1063 UCX  WARN  IB: ibv_fork_init() was disabled or failed, yet a fork() has been issued.
[1713782131.776415] [n-62-28-28:22584:0]          ib_md.c:1064 UCX  WARN  IB: data corruption might occur when using registered memory.
[1713782131.776370] [n-62-28-28:22587:0]          ib_md.c:1063 UCX  WARN  IB: ibv_fork_init() was disabled or failed, yet a fork() has been issued.
[1713782131.776398] [n-62-28-28:22587:0]          ib_md.c:1064 UCX  WARN  IB: data corruption might occur when using registered memory.
[1713782131.776541] [n-62-28-28:22585:0]          ib_md.c:1063 UCX  WARN  IB: ibv_fork_init() was disabled or failed, yet a fork() has been issued.
[1713782131.776568] [n-62-28-28:22585:0]          ib_md.c:1064 UCX  WARN  IB: data corruption might occur when using registered memory.
[1713782131.776817] [n-62-28-28:22588:0]          ib_md.c:1063 UCX  WARN  IB: ibv_fork_init() was disabled or failed, yet a fork() has been issued.
[1713782131.776845] [n-62-28-28:22588:0]          ib_md.c:1064 UCX  WARN  IB: data corruption might occur when using registered memory.
[1713782131.777063] [n-62-28-28:22580:0]          ib_md.c:1063 UCX  WARN  IB: ibv_fork_init() was disabled or failed, yet a fork() has been issued.
[1713782131.777088] [n-62-28-28:22580:0]          ib_md.c:1064 UCX  WARN  IB: data corruption might occur when using registered memory.
[1713782131.777054] [n-62-28-28:22581:0]          ib_md.c:1063 UCX  WARN  IB: ibv_fork_init() was disabled or failed, yet a fork() has been issued.
[1713782131.777081] [n-62-28-28:22581:0]          ib_md.c:1064 UCX  WARN  IB: data corruption might occur when using registered memory.
Calculating ground state
31 q-points in the path
=====================================
Calculating ground state
31 q-points in the path
=====================================
Calculating q=[0. 0. 0.]
Calculating q=[0. 0. 0.]
Calculating ground state
31 q-points in the path
=====================================
Calculating q=[0. 0. 0.]
Calculating ground state
31 q-points in the path
=====================================
Calculating q=[0. 0. 0.]
Calculating ground state
31 q-points in the path
=====================================
Calculating ground state
31 q-points in the path
=====================================
Calculating q=[0. 0. 0.]
Calculating ground state
31 q-points in the path
Calculating q=[0. 0. 0.]
=====================================
Calculating ground state
31 q-points in the path
Calculating q=[0. 0. 0.]
=====================================
Calculating ground state
31 q-points in the path
=====================================
Calculating q=[0. 0. 0.]
Calculating q=[0. 0. 0.]
Calculating ground state
31 q-points in the path
=====================================
Calculating ground state
31 q-points in the path
=====================================
Calculating q=[0. 0. 0.]
Calculating q=[0. 0. 0.]
Calculating ground state
31 q-points in the path
=====================================
Calculating q=[0. 0. 0.]
Energy: 38.71977083385978 eV
Magnetic moment: 8.896570231045113e-12 Bohr magnetons
Energy: 38.71977083385978 eV
Magnetic moment: 8.896570231045113e-12 Bohr magnetons
Energy: 38.71977083385978 eV
Magnetic moment: 8.896570231045113e-12 Bohr magnetons
Energy: 38.71977083385978 eV
Magnetic moment: 8.896570231045113e-12 Bohr magnetons
Energy: 38.71977083385978 eV
Magnetic moment: 8.896570231045113e-12 Bohr magnetons
Energy: 38.71977083385978 eV
Magnetic moment: 8.896570231045113e-12 Bohr magnetons
Energy: 38.71977083385978 eV
Magnetic moment: 8.896570231045113e-12 Bohr magnetons
Energy: 38.71977083385978 eV
Magnetic moment: 8.896570231045113e-12 Bohr magnetons
Energy: 38.71977083385978 eV
Magnetic moment: 8.896570231045113e-12 Bohr magnetons
Energy: 38.71977083385978 eV
Magnetic moment: 8.896570231045113e-12 Bohr magnetons
Energy: 38.71977083385978 eV
Magnetic moment: 8.896570231045113e-12 Bohr magnetons
Calculating q=[0.05 0.   0.  ]
Calculating q=[0.05 0.   0.  ]
Calculating q=[0.05 0.   0.  ]
Calculating q=[0.05 0.   0.  ]
Calculating q=[0.05 0.   0.  ]
Energy: 38.71977083385978 eV
Magnetic moment: 8.896570231045113e-12 Bohr magnetons
Calculating q=[0.05 0.   0.  ]
Calculating q=[0.05 0.   0.  ]
Calculating q=[0.05 0.   0.  ]
Calculating q=[0.05 0.   0.  ]
Calculating q=[0.05 0.   0.  ]
Calculating q=[0.05 0.   0.  ]
Calculating q=[0.05 0.   0.  ]
Energy: 38.74468802853804 eV
Magnetic moment: -1.8520976123347923e-15 Bohr magnetons
Energy: 38.74468802853804 eV
Magnetic moment: -1.8520976123347923e-15 Bohr magnetons
Energy: 38.74468802853804 eV
Magnetic moment: -1.8520976123347923e-15 Bohr magnetons
Energy: 38.74468802853804 eV
Magnetic moment: -1.8520976123347923e-15 Bohr magnetons
Energy: 38.74468802853804 eV
Magnetic moment: -1.8520976123347923e-15 Bohr magnetons
Energy: 38.74468802853804 eV
Magnetic moment: -1.8520976123347923e-15 Bohr magnetons
Energy: 38.74468802853804 eV
Magnetic moment: -1.8520976123347923e-15 Bohr magnetons
Energy: 38.74468802853804 eV
Magnetic moment: -1.8520976123347923e-15 Bohr magnetons
Energy: 38.74468802853804 eV
Magnetic moment: -1.8520976123347923e-15 Bohr magnetons
Energy: 38.74468802853804 eV
Magnetic moment: -1.8520976123347923e-15 Bohr magnetons
Energy: 38.74468802853804 eV
Magnetic moment: -1.8520976123347923e-15 Bohr magnetons
Energy: 38.74468802853804 eV
Magnetic moment: -1.8520976123347923e-15 Bohr magnetons
Calculating q=[0.1 0.  0. ]
Calculating q=[0.1 0.  0. ]
Calculating q=[0.1 0.  0. ]
Calculating q=[0.1 0.  0. ]
Calculating q=[0.1 0.  0. ]
Calculating q=[0.1 0.  0. ]
Calculating q=[0.1 0.  0. ]
Calculating q=[0.1 0.  0. ]
Calculating q=[0.1 0.  0. ]
Calculating q=[0.1 0.  0. ]
Calculating q=[0.1 0.  0. ]
Calculating q=[0.1 0.  0. ]
Energy: 38.81944744484046 eV
Magnetic moment: -3.5085057266031435e-15 Bohr magnetons
Energy: 38.81944744484046 eV
Magnetic moment: -3.5085057266031435e-15 Bohr magnetons
Energy: 38.81944744484046 eV
Magnetic moment: -3.5085057266031435e-15 Bohr magnetons
Energy: 38.81944744484046 eV
Magnetic moment: -3.5085057266031435e-15 Bohr magnetons
Energy: 38.81944744484046 eV
Magnetic moment: -3.5085057266031435e-15 Bohr magnetons
Energy: 38.81944744484046 eV
Magnetic moment: -3.5085057266031435e-15 Bohr magnetons
Energy: 38.81944744484046 eV
Magnetic moment: -3.5085057266031435e-15 Bohr magnetons
Energy: 38.81944744484046 eV
Magnetic moment: -3.5085057266031435e-15 Bohr magnetons
Energy: 38.81944744484046 eV
Magnetic moment: -3.5085057266031435e-15 Bohr magnetons
Energy: 38.81944744484046 eV
Magnetic moment: -3.5085057266031435e-15 Bohr magnetons
Energy: 38.81944744484046 eV
Magnetic moment: -3.5085057266031435e-15 Bohr magnetons
Energy: 38.81944744484046 eV
Magnetic moment: -3.5085057266031435e-15 Bohr magnetons
Calculating q=[0.15 0.   0.  ]
Calculating q=[0.15 0.   0.  ]
Calculating q=[0.15 0.   0.  ]
Calculating q=[0.15 0.   0.  ]
Calculating q=[0.15 0.   0.  ]
Calculating q=[0.15 0.   0.  ]
Calculating q=[0.15 0.   0.  ]
Calculating q=[0.15 0.   0.  ]
Calculating q=[0.15 0.   0.  ]
Calculating q=[0.15 0.   0.  ]
Calculating q=[0.15 0.   0.  ]
Calculating q=[0.15 0.   0.  ]
Energy: 38.94401412631063 eV
Magnetic moment: 8.42154653252769e-15 Bohr magnetons
Energy: 38.94401412631063 eV
Magnetic moment: 8.42154653252769e-15 Bohr magnetons
Energy: 38.94401412631063 eV
Magnetic moment: 8.42154653252769e-15 Bohr magnetons
Energy: 38.94401412631063 eV
Magnetic moment: 8.42154653252769e-15 Bohr magnetons
Energy: 38.94401412631063 eV
Magnetic moment: 8.42154653252769e-15 Bohr magnetons
Energy: 38.94401412631063 eV
Magnetic moment: 8.42154653252769e-15 Bohr magnetons
Energy: 38.94401412631063 eV
Magnetic moment: 8.42154653252769e-15 Bohr magnetons
Energy: 38.94401412631063 eV
Magnetic moment: 8.42154653252769e-15 Bohr magnetons
Energy: 38.94401412631063 eV
Magnetic moment: 8.42154653252769e-15 Bohr magnetons
Energy: 38.94401412631063 eV
Magnetic moment: 8.42154653252769e-15 Bohr magnetons
Energy: 38.94401412631063 eV
Magnetic moment: 8.42154653252769e-15 Bohr magnetons
Energy: 38.94401412631063 eV
Magnetic moment: 8.42154653252769e-15 Bohr magnetons
Calculating q=[0.2 0.  0. ]
Calculating q=[0.2 0.  0. ]
Calculating q=[0.2 0.  0. ]
Calculating q=[0.2 0.  0. ]
Calculating q=[0.2 0.  0. ]
Calculating q=[0.2 0.  0. ]
Calculating q=[0.2 0.  0. ]
Calculating q=[0.2 0.  0. ]
Calculating q=[0.2 0.  0. ]
Calculating q=[0.2 0.  0. ]
Calculating q=[0.2 0.  0. ]
Calculating q=[0.2 0.  0. ]
Energy: 39.11884692665762 eV
Magnetic moment: 1.7952306530512692e-14 Bohr magnetons
Energy: 39.11884692665762 eV
Magnetic moment: 1.7952306530512692e-14 Bohr magnetons
Energy: 39.11884692665762 eV
Magnetic moment: 1.7952306530512692e-14 Bohr magnetons
Energy: 39.11884692665762 eV
Magnetic moment: 1.7952306530512692e-14 Bohr magnetons
Energy: 39.11884692665762 eV
Magnetic moment: 1.7952306530512692e-14 Bohr magnetons
Energy: 39.11884692665762 eV
Magnetic moment: 1.7952306530512692e-14 Bohr magnetons
Energy: 39.11884692665762 eV
Magnetic moment: 1.7952306530512692e-14 Bohr magnetons
Energy: 39.11884692665762 eV
Magnetic moment: 1.7952306530512692e-14 Bohr magnetons
Energy: 39.11884692665762 eV
Magnetic moment: 1.7952306530512692e-14 Bohr magnetons
Energy: 39.11884692665762 eV
Magnetic moment: 1.7952306530512692e-14 Bohr magnetons
Energy: 39.11884692665762 eV
Magnetic moment: 1.7952306530512692e-14 Bohr magnetons
Energy: 39.11884692665762 eV
Magnetic moment: 1.7952306530512692e-14 Bohr magnetons
Calculating q=[0.25 0.   0.  ]
Calculating q=[0.25 0.   0.  ]
Calculating q=[0.25 0.   0.  ]
Calculating q=[0.25 0.   0.  ]
Calculating q=[0.25 0.   0.  ]
Calculating q=[0.25 0.   0.  ]
Calculating q=[0.25 0.   0.  ]
Calculating q=[0.25 0.   0.  ]
Calculating q=[0.25 0.   0.  ]
Calculating q=[0.25 0.   0.  ]
Calculating q=[0.25 0.   0.  ]
Calculating q=[0.25 0.   0.  ]
Energy: 39.34428192660623 eV
Magnetic moment: -4.0038746251575214e-15 Bohr magnetons
Energy: 39.34428192660623 eV
Magnetic moment: -4.0038746251575214e-15 Bohr magnetons
Energy: 39.34428192660623 eV
Magnetic moment: -4.0038746251575214e-15 Bohr magnetons
Energy: 39.34428192660623 eV
Magnetic moment: -4.0038746251575214e-15 Bohr magnetons
Energy: 39.34428192660623 eV
Magnetic moment: -4.0038746251575214e-15 Bohr magnetons
Energy: 39.34428192660623 eV
Magnetic moment: -4.0038746251575214e-15 Bohr magnetons
Energy: 39.34428192660623 eV
Magnetic moment: -4.0038746251575214e-15 Bohr magnetons
Energy: 39.34428192660623 eV
Magnetic moment: -4.0038746251575214e-15 Bohr magnetons
Energy: 39.34428192660623 eV
Magnetic moment: -4.0038746251575214e-15 Bohr magnetons
Energy: 39.34428192660623 eV
Magnetic moment: -4.0038746251575214e-15 Bohr magnetons
Energy: 39.34428192660623 eV
Magnetic moment: -4.0038746251575214e-15 Bohr magnetons
Energy: 39.34428192660623 eV
Magnetic moment: -4.0038746251575214e-15 Bohr magnetons
Calculating q=[0.3 0.  0. ]
Calculating q=[0.3 0.  0. ]
Calculating q=[0.3 0.  0. ]
Calculating q=[0.3 0.  0. ]
Calculating q=[0.3 0.  0. ]
Calculating q=[0.3 0.  0. ]
Calculating q=[0.3 0.  0. ]
Calculating q=[0.3 0.  0. ]
Calculating q=[0.3 0.  0. ]
Calculating q=[0.3 0.  0. ]
Calculating q=[0.3 0.  0. ]
Calculating q=[0.3 0.  0. ]
Energy: 39.620749016303655 eV
Magnetic moment: 3.27410606446413e-14 Bohr magnetons
Energy: 39.620749016303655 eV
Magnetic moment: 3.27410606446413e-14 Bohr magnetons
Energy: 39.620749016303655 eV
Magnetic moment: 3.27410606446413e-14 Bohr magnetons
Energy: 39.620749016303655 eV
Magnetic moment: 3.27410606446413e-14 Bohr magnetons
Energy: 39.620749016303655 eV
Magnetic moment: 3.27410606446413e-14 Bohr magnetons
Energy: 39.620749016303655 eV
Magnetic moment: 3.27410606446413e-14 Bohr magnetons
Energy: 39.620749016303655 eV
Magnetic moment: 3.27410606446413e-14 Bohr magnetons
Energy: 39.620749016303655 eV
Magnetic moment: 3.27410606446413e-14 Bohr magnetons
Energy: 39.620749016303655 eV
Magnetic moment: 3.27410606446413e-14 Bohr magnetons
Energy: 39.620749016303655 eV
Magnetic moment: 3.27410606446413e-14 Bohr magnetons
Energy: 39.620749016303655 eV
Magnetic moment: 3.27410606446413e-14 Bohr magnetons
Energy: 39.620749016303655 eV
Magnetic moment: 3.27410606446413e-14 Bohr magnetons
Calculating q=[0.35 0.   0.  ]
Calculating q=[0.35 0.   0.  ]
Calculating q=[0.35 0.   0.  ]
Calculating q=[0.35 0.   0.  ]
Calculating q=[0.35 0.   0.  ]
Calculating q=[0.35 0.   0.  ]
Calculating q=[0.35 0.   0.  ]
Calculating q=[0.35 0.   0.  ]
Calculating q=[0.35 0.   0.  ]
Calculating q=[0.35 0.   0.  ]
Calculating q=[0.35 0.   0.  ]
Calculating q=[0.35 0.   0.  ]
Energy: 39.94861322038402 eV
Magnetic moment: -5.6311392702752994e-15 Bohr magnetons
Energy: 39.94861322038402 eV
Magnetic moment: -5.6311392702752994e-15 Bohr magnetons
Energy: 39.94861322038402 eV
Magnetic moment: -5.6311392702752994e-15 Bohr magnetons
Energy: 39.94861322038402 eV
Magnetic moment: -5.6311392702752994e-15 Bohr magnetons
Energy: 39.94861322038402 eV
Magnetic moment: -5.6311392702752994e-15 Bohr magnetons
Energy: 39.94861322038402 eV
Magnetic moment: -5.6311392702752994e-15 Bohr magnetons
Energy: 39.94861322038402 eV
Magnetic moment: -5.6311392702752994e-15 Bohr magnetons
Energy: 39.94861322038402 eV
Magnetic moment: -5.6311392702752994e-15 Bohr magnetons
Energy: 39.94861322038402 eV
Magnetic moment: -5.6311392702752994e-15 Bohr magnetons
Energy: 39.94861322038402 eV
Magnetic moment: -5.6311392702752994e-15 Bohr magnetons
Energy: 39.94861322038402 eV
Magnetic moment: -5.6311392702752994e-15 Bohr magnetons
Energy: 39.94861322038402 eV
Magnetic moment: -5.6311392702752994e-15 Bohr magnetons
Calculating q=[0.4 0.  0. ]
Calculating q=[0.4 0.  0. ]
Calculating q=[0.4 0.  0. ]
Calculating q=[0.4 0.  0. ]
Calculating q=[0.4 0.  0. ]
Calculating q=[0.4 0.  0. ]
Calculating q=[0.4 0.  0. ]
Calculating q=[0.4 0.  0. ]
Calculating q=[0.4 0.  0. ]
Calculating q=[0.4 0.  0. ]
Calculating q=[0.4 0.  0. ]
Calculating q=[0.4 0.  0. ]
Energy: 40.32795495306377 eV
Magnetic moment: -8.765903718051383e-15 Bohr magnetons
Energy: 40.32795495306377 eV
Magnetic moment: -8.765903718051383e-15 Bohr magnetons
Energy: 40.32795495306377 eV
Magnetic moment: -8.765903718051383e-15 Bohr magnetons
Energy: 40.32795495306377 eV
Magnetic moment: -8.765903718051383e-15 Bohr magnetons
Energy: 40.32795495306377 eV
Magnetic moment: -8.765903718051383e-15 Bohr magnetons
Energy: 40.32795495306377 eV
Magnetic moment: -8.765903718051383e-15 Bohr magnetons
Energy: 40.32795495306377 eV
Magnetic moment: -8.765903718051383e-15 Bohr magnetons
Energy: 40.32795495306377 eV
Magnetic moment: -8.765903718051383e-15 Bohr magnetons
Energy: 40.32795495306377 eV
Magnetic moment: -8.765903718051383e-15 Bohr magnetons
Energy: 40.32795495306377 eV
Magnetic moment: -8.765903718051383e-15 Bohr magnetons
Energy: 40.32795495306377 eV
Magnetic moment: -8.765903718051383e-15 Bohr magnetons
Energy: 40.32795495306377 eV
Magnetic moment: -8.765903718051383e-15 Bohr magnetons
Calculating q=[0.45 0.   0.  ]
Calculating q=[0.45 0.   0.  ]
Calculating q=[0.45 0.   0.  ]
Calculating q=[0.45 0.   0.  ]
Calculating q=[0.45 0.   0.  ]
Calculating q=[0.45 0.   0.  ]
Calculating q=[0.45 0.   0.  ]
Calculating q=[0.45 0.   0.  ]
Calculating q=[0.45 0.   0.  ]
Calculating q=[0.45 0.   0.  ]
Calculating q=[0.45 0.   0.  ]
Calculating q=[0.45 0.   0.  ]
Energy: 40.75919273415393 eV
Magnetic moment: -2.001267908660878e-14 Bohr magnetons
Energy: 40.75919273415393 eV
Magnetic moment: -2.001267908660878e-14 Bohr magnetons
Energy: 40.75919273415393 eV
Magnetic moment: -2.001267908660878e-14 Bohr magnetons
Energy: 40.75919273415393 eV
Magnetic moment: -2.001267908660878e-14 Bohr magnetons
Energy: 40.75919273415393 eV
Magnetic moment: -2.001267908660878e-14 Bohr magnetons
Energy: 40.75919273415393 eV
Magnetic moment: -2.001267908660878e-14 Bohr magnetons
Energy: 40.75919273415393 eV
Magnetic moment: -2.001267908660878e-14 Bohr magnetons
Energy: 40.75919273415393 eV
Magnetic moment: -2.001267908660878e-14 Bohr magnetons
Energy: 40.75919273415393 eV
Magnetic moment: -2.001267908660878e-14 Bohr magnetons
Energy: 40.75919273415393 eV
Magnetic moment: -2.001267908660878e-14 Bohr magnetons
Energy: 40.75919273415393 eV
Magnetic moment: -2.001267908660878e-14 Bohr magnetons
Energy: 40.75919273415393 eV
Magnetic moment: -2.001267908660878e-14 Bohr magnetons
Calculating q=[0.5 0.  0. ]
Calculating q=[0.5 0.  0. ]
Calculating q=[0.5 0.  0. ]
Calculating q=[0.5 0.  0. ]
Calculating q=[0.5 0.  0. ]
Calculating q=[0.5 0.  0. ]
Calculating q=[0.5 0.  0. ]
Calculating q=[0.5 0.  0. ]
Calculating q=[0.5 0.  0. ]
Calculating q=[0.5 0.  0. ]
Calculating q=[0.5 0.  0. ]
Calculating q=[0.5 0.  0. ]
Energy: 41.242397897641474 eV
Magnetic moment: -1.84177655631027e-16 Bohr magnetons
Energy: 41.242397897641474 eV
Magnetic moment: -1.84177655631027e-16 Bohr magnetons
Energy: 41.242397897641474 eV
Magnetic moment: -1.84177655631027e-16 Bohr magnetons
Energy: 41.242397897641474 eV
Magnetic moment: -1.84177655631027e-16 Bohr magnetons
Energy: 41.242397897641474 eV
Magnetic moment: -1.84177655631027e-16 Bohr magnetons
Energy: 41.242397897641474 eV
Magnetic moment: -1.84177655631027e-16 Bohr magnetons
Energy: 41.242397897641474 eV
Magnetic moment: -1.84177655631027e-16 Bohr magnetons
Energy: 41.242397897641474 eV
Magnetic moment: -1.84177655631027e-16 Bohr magnetons
Energy: 41.242397897641474 eV
Magnetic moment: -1.84177655631027e-16 Bohr magnetons
Energy: 41.242397897641474 eV
Magnetic moment: -1.84177655631027e-16 Bohr magnetons
Energy: 41.242397897641474 eV
Magnetic moment: -1.84177655631027e-16 Bohr magnetons
Energy: 41.242397897641474 eV
Magnetic moment: -1.84177655631027e-16 Bohr magnetons
Calculating q=[0.47222222 0.05555556 0.        ]
Calculating q=[0.47222222 0.05555556 0.        ]
Calculating q=[0.47222222 0.05555556 0.        ]
Calculating q=[0.47222222 0.05555556 0.        ]
Calculating q=[0.47222222 0.05555556 0.        ]
Calculating q=[0.47222222 0.05555556 0.        ]
Calculating q=[0.47222222 0.05555556 0.        ]
Calculating q=[0.47222222 0.05555556 0.        ]
Calculating q=[0.47222222 0.05555556 0.        ]
Calculating q=[0.47222222 0.05555556 0.        ]
Calculating q=[0.47222222 0.05555556 0.        ]
Calculating q=[0.47222222 0.05555556 0.        ]
Energy: 41.26573744677569 eV
Magnetic moment: -1.4346615712933526e-14 Bohr magnetons
Energy: 41.26573744677569 eV
Magnetic moment: -1.4346615712933526e-14 Bohr magnetons
Energy: 41.26573744677569 eV
Magnetic moment: -1.4346615712933526e-14 Bohr magnetons
Energy: 41.26573744677569 eV
Magnetic moment: -1.4346615712933526e-14 Bohr magnetons
Energy: 41.26573744677569 eV
Magnetic moment: -1.4346615712933526e-14 Bohr magnetons
Energy: 41.26573744677569 eV
Magnetic moment: -1.4346615712933526e-14 Bohr magnetons
Energy: 41.26573744677569 eV
Magnetic moment: -1.4346615712933526e-14 Bohr magnetons
Energy: 41.26573744677569 eV
Magnetic moment: -1.4346615712933526e-14 Bohr magnetons
Energy: 41.26573744677569 eV
Magnetic moment: -1.4346615712933526e-14 Bohr magnetons
Energy: 41.26573744677569 eV
Magnetic moment: -1.4346615712933526e-14 Bohr magnetons
Energy: 41.26573744677569 eV
Magnetic moment: -1.4346615712933526e-14 Bohr magnetons
Energy: 41.26573744677569 eV
Magnetic moment: -1.4346615712933526e-14 Bohr magnetons
Calculating q=[0.44444444 0.11111111 0.        ]
Calculating q=[0.44444444 0.11111111 0.        ]
Calculating q=[0.44444444 0.11111111 0.        ]
Calculating q=[0.44444444 0.11111111 0.        ]
Calculating q=[0.44444444 0.11111111 0.        ]
Calculating q=[0.44444444 0.11111111 0.        ]
Calculating q=[0.44444444 0.11111111 0.        ]
Calculating q=[0.44444444 0.11111111 0.        ]
Calculating q=[0.44444444 0.11111111 0.        ]
Calculating q=[0.44444444 0.11111111 0.        ]
Calculating q=[0.44444444 0.11111111 0.        ]
Calculating q=[0.44444444 0.11111111 0.        ]
Energy: 41.335439935029356 eV
Magnetic moment: 2.8675230162206114e-14 Bohr magnetons
Energy: 41.335439935029356 eV
Magnetic moment: 2.8675230162206114e-14 Bohr magnetons
Energy: 41.335439935029356 eV
Magnetic moment: 2.8675230162206114e-14 Bohr magnetons
Energy: 41.335439935029356 eV
Magnetic moment: 2.8675230162206114e-14 Bohr magnetons
Energy: 41.335439935029356 eV
Magnetic moment: 2.8675230162206114e-14 Bohr magnetons
Energy: 41.335439935029356 eV
Magnetic moment: 2.8675230162206114e-14 Bohr magnetons
Energy: 41.335439935029356 eV
Magnetic moment: 2.8675230162206114e-14 Bohr magnetons
Energy: 41.335439935029356 eV
Magnetic moment: 2.8675230162206114e-14 Bohr magnetons
Energy: 41.335439935029356 eV
Magnetic moment: 2.8675230162206114e-14 Bohr magnetons
Energy: 41.335439935029356 eV
Magnetic moment: 2.8675230162206114e-14 Bohr magnetons
Energy: 41.335439935029356 eV
Magnetic moment: 2.8675230162206114e-14 Bohr magnetons
Energy: 41.335439935029356 eV
Magnetic moment: 2.8675230162206114e-14 Bohr magnetons
Calculating q=[0.41666667 0.16666667 0.        ]
Calculating q=[0.41666667 0.16666667 0.        ]
Calculating q=[0.41666667 0.16666667 0.        ]
Calculating q=[0.41666667 0.16666667 0.        ]
Calculating q=[0.41666667 0.16666667 0.        ]
Calculating q=[0.41666667 0.16666667 0.        ]
Calculating q=[0.41666667 0.16666667 0.        ]
Calculating q=[0.41666667 0.16666667 0.        ]
Calculating q=[0.41666667 0.16666667 0.        ]
Calculating q=[0.41666667 0.16666667 0.        ]
Calculating q=[0.41666667 0.16666667 0.        ]
Calculating q=[0.41666667 0.16666667 0.        ]
Energy: 41.45220775974927 eV
Magnetic moment: 1.5436497515157888e-14 Bohr magnetons
Energy: 41.45220775974927 eV
Magnetic moment: 1.5436497515157888e-14 Bohr magnetons
Energy: 41.45220775974927 eV
Magnetic moment: 1.5436497515157888e-14 Bohr magnetons
Energy: 41.45220775974927 eV
Magnetic moment: 1.5436497515157888e-14 Bohr magnetons
Energy: 41.45220775974927 eV
Magnetic moment: 1.5436497515157888e-14 Bohr magnetons
Energy: 41.45220775974927 eV
Magnetic moment: 1.5436497515157888e-14 Bohr magnetons
Energy: 41.45220775974927 eV
Magnetic moment: 1.5436497515157888e-14 Bohr magnetons
Energy: 41.45220775974927 eV
Magnetic moment: 1.5436497515157888e-14 Bohr magnetons
Energy: 41.45220775974927 eV
Magnetic moment: 1.5436497515157888e-14 Bohr magnetons
Energy: 41.45220775974927 eV
Magnetic moment: 1.5436497515157888e-14 Bohr magnetons
Energy: 41.45220775974927 eV
Magnetic moment: 1.5436497515157888e-14 Bohr magnetons
Energy: 41.45220775974927 eV
Magnetic moment: 1.5436497515157888e-14 Bohr magnetons
Calculating q=[0.38888889 0.22222222 0.        ]
Calculating q=[0.38888889 0.22222222 0.        ]
Calculating q=[0.38888889 0.22222222 0.        ]
Calculating q=[0.38888889 0.22222222 0.        ]
Calculating q=[0.38888889 0.22222222 0.        ]
Calculating q=[0.38888889 0.22222222 0.        ]
Calculating q=[0.38888889 0.22222222 0.        ]
Calculating q=[0.38888889 0.22222222 0.        ]
Calculating q=[0.38888889 0.22222222 0.        ]
Calculating q=[0.38888889 0.22222222 0.        ]
Calculating q=[0.38888889 0.22222222 0.        ]
Calculating q=[0.38888889 0.22222222 0.        ]
Energy: 41.61594898191656 eV
Magnetic moment: -1.4774547349878e-14 Bohr magnetons
Energy: 41.61594898191656 eV
Magnetic moment: -1.4774547349878e-14 Bohr magnetons
Energy: 41.61594898191656 eV
Magnetic moment: -1.4774547349878e-14 Bohr magnetons
Energy: 41.61594898191656 eV
Magnetic moment: -1.4774547349878e-14 Bohr magnetons
Energy: 41.61594898191656 eV
Magnetic moment: -1.4774547349878e-14 Bohr magnetons
Energy: 41.61594898191656 eV
Magnetic moment: -1.4774547349878e-14 Bohr magnetons
Energy: 41.61594898191656 eV
Magnetic moment: -1.4774547349878e-14 Bohr magnetons
Energy: 41.61594898191656 eV
Magnetic moment: -1.4774547349878e-14 Bohr magnetons
Energy: 41.61594898191656 eV
Magnetic moment: -1.4774547349878e-14 Bohr magnetons
Energy: 41.61594898191656 eV
Magnetic moment: -1.4774547349878e-14 Bohr magnetons
Energy: 41.61594898191656 eV
Magnetic moment: -1.4774547349878e-14 Bohr magnetons
Energy: 41.61594898191656 eV
Magnetic moment: -1.4774547349878e-14 Bohr magnetons
Calculating q=[0.36111111 0.27777778 0.        ]
Calculating q=[0.36111111 0.27777778 0.        ]
Calculating q=[0.36111111 0.27777778 0.        ]
Calculating q=[0.36111111 0.27777778 0.        ]
Calculating q=[0.36111111 0.27777778 0.        ]
Calculating q=[0.36111111 0.27777778 0.        ]
Calculating q=[0.36111111 0.27777778 0.        ]
Calculating q=[0.36111111 0.27777778 0.        ]
Calculating q=[0.36111111 0.27777778 0.        ]
Calculating q=[0.36111111 0.27777778 0.        ]
Calculating q=[0.36111111 0.27777778 0.        ]
Calculating q=[0.36111111 0.27777778 0.        ]
Energy: 41.82689772388848 eV
Magnetic moment: -5.279283605252758e-16 Bohr magnetons
Energy: 41.82689772388848 eV
Magnetic moment: -5.279283605252758e-16 Bohr magnetons
Energy: 41.82689772388848 eV
Magnetic moment: -5.279283605252758e-16 Bohr magnetons
Energy: 41.82689772388848 eV
Magnetic moment: -5.279283605252758e-16 Bohr magnetons
Energy: 41.82689772388848 eV
Magnetic moment: -5.279283605252758e-16 Bohr magnetons
Energy: 41.82689772388848 eV
Magnetic moment: -5.279283605252758e-16 Bohr magnetons
Energy: 41.82689772388848 eV
Magnetic moment: -5.279283605252758e-16 Bohr magnetons
Energy: 41.82689772388848 eV
Magnetic moment: -5.279283605252758e-16 Bohr magnetons
Energy: 41.82689772388848 eV
Magnetic moment: -5.279283605252758e-16 Bohr magnetons
Energy: 41.82689772388848 eV
Magnetic moment: -5.279283605252758e-16 Bohr magnetons
Energy: 41.82689772388848 eV
Magnetic moment: -5.279283605252758e-16 Bohr magnetons
Energy: 41.82689772388848 eV
Magnetic moment: -5.279283605252758e-16 Bohr magnetons
Calculating q=[0.33333333 0.33333333 0.        ]
Calculating q=[0.33333333 0.33333333 0.        ]
Calculating q=[0.33333333 0.33333333 0.        ]
Calculating q=[0.33333333 0.33333333 0.        ]
Calculating q=[0.33333333 0.33333333 0.        ]
Calculating q=[0.33333333 0.33333333 0.        ]
Calculating q=[0.33333333 0.33333333 0.        ]
Calculating q=[0.33333333 0.33333333 0.        ]
Calculating q=[0.33333333 0.33333333 0.        ]
Calculating q=[0.33333333 0.33333333 0.        ]
Calculating q=[0.33333333 0.33333333 0.        ]
Calculating q=[0.33333333 0.33333333 0.        ]
Energy: 42.08542852776656 eV
Magnetic moment: -2.7170235596685208e-14 Bohr magnetons
Energy: 42.08542852776656 eV
Magnetic moment: -2.7170235596685208e-14 Bohr magnetons
Energy: 42.08542852776656 eV
Magnetic moment: -2.7170235596685208e-14 Bohr magnetons
Energy: 42.08542852776656 eV
Magnetic moment: -2.7170235596685208e-14 Bohr magnetons
Energy: 42.08542852776656 eV
Magnetic moment: -2.7170235596685208e-14 Bohr magnetons
Energy: 42.08542852776656 eV
Magnetic moment: -2.7170235596685208e-14 Bohr magnetons
Energy: 42.08542852776656 eV
Magnetic moment: -2.7170235596685208e-14 Bohr magnetons
Energy: 42.08542852776656 eV
Magnetic moment: -2.7170235596685208e-14 Bohr magnetons
Energy: 42.08542852776656 eV
Magnetic moment: -2.7170235596685208e-14 Bohr magnetons
Energy: 42.08542852776656 eV
Magnetic moment: -2.7170235596685208e-14 Bohr magnetons
Energy: 42.08542852776656 eV
Magnetic moment: -2.7170235596685208e-14 Bohr magnetons
Energy: 42.08542852776656 eV
Magnetic moment: -2.7170235596685208e-14 Bohr magnetons
Calculating q=[0.30952381 0.30952381 0.        ]
Calculating q=[0.30952381 0.30952381 0.        ]
Calculating q=[0.30952381 0.30952381 0.        ]
Calculating q=[0.30952381 0.30952381 0.        ]
Calculating q=[0.30952381 0.30952381 0.        ]
Calculating q=[0.30952381 0.30952381 0.        ]
Calculating q=[0.30952381 0.30952381 0.        ]
Calculating q=[0.30952381 0.30952381 0.        ]
Calculating q=[0.30952381 0.30952381 0.        ]
Calculating q=[0.30952381 0.30952381 0.        ]
Calculating q=[0.30952381 0.30952381 0.        ]
Calculating q=[0.30952381 0.30952381 0.        ]
Energy: 41.61886175840871 eV
Magnetic moment: -1.911996949887616e-14 Bohr magnetons
Energy: 41.61886175840871 eV
Magnetic moment: -1.911996949887616e-14 Bohr magnetons
Energy: 41.61886175840871 eV
Magnetic moment: -1.911996949887616e-14 Bohr magnetons
Energy: 41.61886175840871 eV
Magnetic moment: -1.911996949887616e-14 Bohr magnetons
Energy: 41.61886175840871 eV
Magnetic moment: -1.911996949887616e-14 Bohr magnetons
Energy: 41.61886175840871 eV
Magnetic moment: -1.911996949887616e-14 Bohr magnetons
Energy: 41.61886175840871 eV
Magnetic moment: -1.911996949887616e-14 Bohr magnetons
Energy: 41.61886175840871 eV
Magnetic moment: -1.911996949887616e-14 Bohr magnetons
Energy: 41.61886175840871 eV
Magnetic moment: -1.911996949887616e-14 Bohr magnetons
Energy: 41.61886175840871 eV
Magnetic moment: -1.911996949887616e-14 Bohr magnetons
Energy: 41.61886175840871 eV
Magnetic moment: -1.911996949887616e-14 Bohr magnetons
Energy: 41.61886175840871 eV
Magnetic moment: -1.911996949887616e-14 Bohr magnetons
Calculating q=[0.28571429 0.28571429 0.        ]
Calculating q=[0.28571429 0.28571429 0.        ]
Calculating q=[0.28571429 0.28571429 0.        ]
Calculating q=[0.28571429 0.28571429 0.        ]
Calculating q=[0.28571429 0.28571429 0.        ]
Calculating q=[0.28571429 0.28571429 0.        ]
Calculating q=[0.28571429 0.28571429 0.        ]
Calculating q=[0.28571429 0.28571429 0.        ]
Calculating q=[0.28571429 0.28571429 0.        ]
Calculating q=[0.28571429 0.28571429 0.        ]
Calculating q=[0.28571429 0.28571429 0.        ]
Calculating q=[0.28571429 0.28571429 0.        ]
Energy: 41.18713549224805 eV
Magnetic moment: -2.0765158428296734e-14 Bohr magnetons
Energy: 41.18713549224805 eV
Magnetic moment: -2.0765158428296734e-14 Bohr magnetons
Energy: 41.18713549224805 eV
Magnetic moment: -2.0765158428296734e-14 Bohr magnetons
Energy: 41.18713549224805 eV
Magnetic moment: -2.0765158428296734e-14 Bohr magnetons
Energy: 41.18713549224805 eV
Magnetic moment: -2.0765158428296734e-14 Bohr magnetons
Energy: 41.18713549224805 eV
Magnetic moment: -2.0765158428296734e-14 Bohr magnetons
Energy: 41.18713549224805 eV
Magnetic moment: -2.0765158428296734e-14 Bohr magnetons
Energy: 41.18713549224805 eV
Magnetic moment: -2.0765158428296734e-14 Bohr magnetons
Energy: 41.18713549224805 eV
Magnetic moment: -2.0765158428296734e-14 Bohr magnetons
Energy: 41.18713549224805 eV
Magnetic moment: -2.0765158428296734e-14 Bohr magnetons
Energy: 41.18713549224805 eV
Magnetic moment: -2.0765158428296734e-14 Bohr magnetons
Energy: 41.18713549224805 eV
Magnetic moment: -2.0765158428296734e-14 Bohr magnetons
Calculating q=[0.26190476 0.26190476 0.        ]
Calculating q=[0.26190476 0.26190476 0.        ]
Calculating q=[0.26190476 0.26190476 0.        ]
Calculating q=[0.26190476 0.26190476 0.        ]
Calculating q=[0.26190476 0.26190476 0.        ]
Calculating q=[0.26190476 0.26190476 0.        ]
Calculating q=[0.26190476 0.26190476 0.        ]
Calculating q=[0.26190476 0.26190476 0.        ]
Calculating q=[0.26190476 0.26190476 0.        ]
Calculating q=[0.26190476 0.26190476 0.        ]
Calculating q=[0.26190476 0.26190476 0.        ]
Calculating q=[0.26190476 0.26190476 0.        ]
Energy: 40.790494426596894 eV
Magnetic moment: 2.3424774548681696e-14 Bohr magnetons
Energy: 40.790494426596894 eV
Magnetic moment: 2.3424774548681696e-14 Bohr magnetons
Energy: 40.790494426596894 eV
Magnetic moment: 2.3424774548681696e-14 Bohr magnetons
Energy: 40.790494426596894 eV
Magnetic moment: 2.3424774548681696e-14 Bohr magnetons
Energy: 40.790494426596894 eV
Magnetic moment: 2.3424774548681696e-14 Bohr magnetons
Energy: 40.790494426596894 eV
Magnetic moment: 2.3424774548681696e-14 Bohr magnetons
Energy: 40.790494426596894 eV
Magnetic moment: 2.3424774548681696e-14 Bohr magnetons
Energy: 40.790494426596894 eV
Magnetic moment: 2.3424774548681696e-14 Bohr magnetons
Energy: 40.790494426596894 eV
Magnetic moment: 2.3424774548681696e-14 Bohr magnetons
Energy: 40.790494426596894 eV
Magnetic moment: 2.3424774548681696e-14 Bohr magnetons
Energy: 40.790494426596894 eV
Magnetic moment: 2.3424774548681696e-14 Bohr magnetons
Energy: 40.790494426596894 eV
Magnetic moment: 2.3424774548681696e-14 Bohr magnetons
Calculating q=[0.23809524 0.23809524 0.        ]
Calculating q=[0.23809524 0.23809524 0.        ]
Calculating q=[0.23809524 0.23809524 0.        ]
Calculating q=[0.23809524 0.23809524 0.        ]
Calculating q=[0.23809524 0.23809524 0.        ]
Calculating q=[0.23809524 0.23809524 0.        ]
Calculating q=[0.23809524 0.23809524 0.        ]
Calculating q=[0.23809524 0.23809524 0.        ]
Calculating q=[0.23809524 0.23809524 0.        ]
Calculating q=[0.23809524 0.23809524 0.        ]
Calculating q=[0.23809524 0.23809524 0.        ]
Calculating q=[0.23809524 0.23809524 0.        ]
Energy: 40.428841672166406 eV
Magnetic moment: -1.6451391104139198e-14 Bohr magnetons
Energy: 40.428841672166406 eV
Magnetic moment: -1.6451391104139198e-14 Bohr magnetons
Energy: 40.428841672166406 eV
Magnetic moment: -1.6451391104139198e-14 Bohr magnetons
Energy: 40.428841672166406 eV
Magnetic moment: -1.6451391104139198e-14 Bohr magnetons
Energy: 40.428841672166406 eV
Magnetic moment: -1.6451391104139198e-14 Bohr magnetons
Energy: 40.428841672166406 eV
Magnetic moment: -1.6451391104139198e-14 Bohr magnetons
Energy: 40.428841672166406 eV
Magnetic moment: -1.6451391104139198e-14 Bohr magnetons
Energy: 40.428841672166406 eV
Magnetic moment: -1.6451391104139198e-14 Bohr magnetons
Energy: 40.428841672166406 eV
Magnetic moment: -1.6451391104139198e-14 Bohr magnetons
Energy: 40.428841672166406 eV
Magnetic moment: -1.6451391104139198e-14 Bohr magnetons
Energy: 40.428841672166406 eV
Magnetic moment: -1.6451391104139198e-14 Bohr magnetons
Energy: 40.428841672166406 eV
Magnetic moment: -1.6451391104139198e-14 Bohr magnetons
Calculating q=[0.21428571 0.21428571 0.        ]
Calculating q=[0.21428571 0.21428571 0.        ]
Calculating q=[0.21428571 0.21428571 0.        ]
Calculating q=[0.21428571 0.21428571 0.        ]
Calculating q=[0.21428571 0.21428571 0.        ]
Calculating q=[0.21428571 0.21428571 0.        ]
Calculating q=[0.21428571 0.21428571 0.        ]
Calculating q=[0.21428571 0.21428571 0.        ]
Calculating q=[0.21428571 0.21428571 0.        ]
Calculating q=[0.21428571 0.21428571 0.        ]
Calculating q=[0.21428571 0.21428571 0.        ]
Calculating q=[0.21428571 0.21428571 0.        ]
Energy: 40.10223382140063 eV
Magnetic moment: 5.965003183228625e-15 Bohr magnetons
Energy: 40.10223382140063 eV
Magnetic moment: 5.965003183228625e-15 Bohr magnetons
Energy: 40.10223382140063 eV
Magnetic moment: 5.965003183228625e-15 Bohr magnetons
Energy: 40.10223382140063 eV
Magnetic moment: 5.965003183228625e-15 Bohr magnetons
Energy: 40.10223382140063 eV
Magnetic moment: 5.965003183228625e-15 Bohr magnetons
Energy: 40.10223382140063 eV
Magnetic moment: 5.965003183228625e-15 Bohr magnetons
Energy: 40.10223382140063 eV
Magnetic moment: 5.965003183228625e-15 Bohr magnetons
Energy: 40.10223382140063 eV
Magnetic moment: 5.965003183228625e-15 Bohr magnetons
Energy: 40.10223382140063 eV
Magnetic moment: 5.965003183228625e-15 Bohr magnetons
Energy: 40.10223382140063 eV
Magnetic moment: 5.965003183228625e-15 Bohr magnetons
Energy: 40.10223382140063 eV
Magnetic moment: 5.965003183228625e-15 Bohr magnetons
Energy: 40.10223382140063 eV
Magnetic moment: 5.965003183228625e-15 Bohr magnetons
Calculating q=[0.19047619 0.19047619 0.        ]
Calculating q=[0.19047619 0.19047619 0.        ]
Calculating q=[0.19047619 0.19047619 0.        ]
Calculating q=[0.19047619 0.19047619 0.        ]
Calculating q=[0.19047619 0.19047619 0.        ]
Calculating q=[0.19047619 0.19047619 0.        ]
Calculating q=[0.19047619 0.19047619 0.        ]
Calculating q=[0.19047619 0.19047619 0.        ]
Calculating q=[0.19047619 0.19047619 0.        ]
Calculating q=[0.19047619 0.19047619 0.        ]
Calculating q=[0.19047619 0.19047619 0.        ]
Calculating q=[0.19047619 0.19047619 0.        ]
Energy: 39.81051852132416 eV
Magnetic moment: -9.44610770752384e-15 Bohr magnetons
Energy: 39.81051852132416 eV
Magnetic moment: -9.44610770752384e-15 Bohr magnetons
Energy: 39.81051852132416 eV
Magnetic moment: -9.44610770752384e-15 Bohr magnetons
Energy: 39.81051852132416 eV
Magnetic moment: -9.44610770752384e-15 Bohr magnetons
Energy: 39.81051852132416 eV
Magnetic moment: -9.44610770752384e-15 Bohr magnetons
Energy: 39.81051852132416 eV
Magnetic moment: -9.44610770752384e-15 Bohr magnetons
Energy: 39.81051852132416 eV
Magnetic moment: -9.44610770752384e-15 Bohr magnetons
Energy: 39.81051852132416 eV
Magnetic moment: -9.44610770752384e-15 Bohr magnetons
Energy: 39.81051852132416 eV
Magnetic moment: -9.44610770752384e-15 Bohr magnetons
Energy: 39.81051852132416 eV
Magnetic moment: -9.44610770752384e-15 Bohr magnetons
Energy: 39.81051852132416 eV
Magnetic moment: -9.44610770752384e-15 Bohr magnetons
Energy: 39.81051852132416 eV
Magnetic moment: -9.44610770752384e-15 Bohr magnetons
Calculating q=[0.16666667 0.16666667 0.        ]
Calculating q=[0.16666667 0.16666667 0.        ]
Calculating q=[0.16666667 0.16666667 0.        ]
Calculating q=[0.16666667 0.16666667 0.        ]
Calculating q=[0.16666667 0.16666667 0.        ]
Calculating q=[0.16666667 0.16666667 0.        ]
Calculating q=[0.16666667 0.16666667 0.        ]
Calculating q=[0.16666667 0.16666667 0.        ]
Calculating q=[0.16666667 0.16666667 0.        ]
Calculating q=[0.16666667 0.16666667 0.        ]
Calculating q=[0.16666667 0.16666667 0.        ]
Calculating q=[0.16666667 0.16666667 0.        ]
Energy: 39.55359755409698 eV
Magnetic moment: -1.1095447530258091e-15 Bohr magnetons
Energy: 39.55359755409698 eV
Magnetic moment: -1.1095447530258091e-15 Bohr magnetons
Energy: 39.55359755409698 eV
Magnetic moment: -1.1095447530258091e-15 Bohr magnetons
Energy: 39.55359755409698 eV
Magnetic moment: -1.1095447530258091e-15 Bohr magnetons
Energy: 39.55359755409698 eV
Magnetic moment: -1.1095447530258091e-15 Bohr magnetons
Energy: 39.55359755409698 eV
Magnetic moment: -1.1095447530258091e-15 Bohr magnetons
Energy: 39.55359755409698 eV
Magnetic moment: -1.1095447530258091e-15 Bohr magnetons
Energy: 39.55359755409698 eV
Magnetic moment: -1.1095447530258091e-15 Bohr magnetons
Energy: 39.55359755409698 eV
Magnetic moment: -1.1095447530258091e-15 Bohr magnetons
Energy: 39.55359755409698 eV
Magnetic moment: -1.1095447530258091e-15 Bohr magnetons
Energy: 39.55359755409698 eV
Magnetic moment: -1.1095447530258091e-15 Bohr magnetons
Energy: 39.55359755409698 eV
Magnetic moment: -1.1095447530258091e-15 Bohr magnetons
Calculating q=[0.14285714 0.14285714 0.        ]
Calculating q=[0.14285714 0.14285714 0.        ]
Calculating q=[0.14285714 0.14285714 0.        ]
Calculating q=[0.14285714 0.14285714 0.        ]
Calculating q=[0.14285714 0.14285714 0.        ]
Calculating q=[0.14285714 0.14285714 0.        ]
Calculating q=[0.14285714 0.14285714 0.        ]
Calculating q=[0.14285714 0.14285714 0.        ]
Calculating q=[0.14285714 0.14285714 0.        ]
Calculating q=[0.14285714 0.14285714 0.        ]
Calculating q=[0.14285714 0.14285714 0.        ]
Calculating q=[0.14285714 0.14285714 0.        ]
Energy: 39.33153733532043 eV
Magnetic moment: -3.890312955194734e-14 Bohr magnetons
Energy: 39.33153733532043 eV
Magnetic moment: -3.890312955194734e-14 Bohr magnetons
Energy: 39.33153733532043 eV
Magnetic moment: -3.890312955194734e-14 Bohr magnetons
Energy: 39.33153733532043 eV
Magnetic moment: -3.890312955194734e-14 Bohr magnetons
Energy: 39.33153733532043 eV
Magnetic moment: -3.890312955194734e-14 Bohr magnetons
Energy: 39.33153733532043 eV
Magnetic moment: -3.890312955194734e-14 Bohr magnetons
Energy: 39.33153733532043 eV
Magnetic moment: -3.890312955194734e-14 Bohr magnetons
Energy: 39.33153733532043 eV
Magnetic moment: -3.890312955194734e-14 Bohr magnetons
Energy: 39.33153733532043 eV
Magnetic moment: -3.890312955194734e-14 Bohr magnetons
Energy: 39.33153733532043 eV
Magnetic moment: -3.890312955194734e-14 Bohr magnetons
Energy: 39.33153733532043 eV
Magnetic moment: -3.890312955194734e-14 Bohr magnetons
Energy: 39.33153733532043 eV
Magnetic moment: -3.890312955194734e-14 Bohr magnetons
Calculating q=[0.11904762 0.11904762 0.        ]
Calculating q=[0.11904762 0.11904762 0.        ]
Calculating q=[0.11904762 0.11904762 0.        ]
Calculating q=[0.11904762 0.11904762 0.        ]
Calculating q=[0.11904762 0.11904762 0.        ]
Calculating q=[0.11904762 0.11904762 0.        ]
Calculating q=[0.11904762 0.11904762 0.        ]
Calculating q=[0.11904762 0.11904762 0.        ]
Calculating q=[0.11904762 0.11904762 0.        ]
Calculating q=[0.11904762 0.11904762 0.        ]
Calculating q=[0.11904762 0.11904762 0.        ]
Calculating q=[0.11904762 0.11904762 0.        ]
Energy: 39.14413112638118 eV
Magnetic moment: 2.476985948907015e-14 Bohr magnetons
Energy: 39.14413112638118 eV
Magnetic moment: 2.476985948907015e-14 Bohr magnetons
Energy: 39.14413112638118 eV
Magnetic moment: 2.476985948907015e-14 Bohr magnetons
Energy: 39.14413112638118 eV
Magnetic moment: 2.476985948907015e-14 Bohr magnetons
Energy: 39.14413112638118 eV
Magnetic moment: 2.476985948907015e-14 Bohr magnetons
Energy: 39.14413112638118 eV
Magnetic moment: 2.476985948907015e-14 Bohr magnetons
Energy: 39.14413112638118 eV
Magnetic moment: 2.476985948907015e-14 Bohr magnetons
Energy: 39.14413112638118 eV
Magnetic moment: 2.476985948907015e-14 Bohr magnetons
Energy: 39.14413112638118 eV
Magnetic moment: 2.476985948907015e-14 Bohr magnetons
Energy: 39.14413112638118 eV
Magnetic moment: 2.476985948907015e-14 Bohr magnetons
Energy: 39.14413112638118 eV
Magnetic moment: 2.476985948907015e-14 Bohr magnetons
Energy: 39.14413112638118 eV
Magnetic moment: 2.476985948907015e-14 Bohr magnetons
Calculating q=[0.0952381 0.0952381 0.       ]
Calculating q=[0.0952381 0.0952381 0.       ]
Calculating q=[0.0952381 0.0952381 0.       ]
Calculating q=[0.0952381 0.0952381 0.       ]
Calculating q=[0.0952381 0.0952381 0.       ]
Calculating q=[0.0952381 0.0952381 0.       ]
Calculating q=[0.0952381 0.0952381 0.       ]
Calculating q=[0.0952381 0.0952381 0.       ]
Calculating q=[0.0952381 0.0952381 0.       ]
Calculating q=[0.0952381 0.0952381 0.       ]
Calculating q=[0.0952381 0.0952381 0.       ]
Calculating q=[0.0952381 0.0952381 0.       ]
Energy: 38.991154627747704 eV
Magnetic moment: -7.151265262632153e-16 Bohr magnetons
Energy: 38.991154627747704 eV
Magnetic moment: -7.151265262632153e-16 Bohr magnetons
Energy: 38.991154627747704 eV
Magnetic moment: -7.151265262632153e-16 Bohr magnetons
Energy: 38.991154627747704 eV
Magnetic moment: -7.151265262632153e-16 Bohr magnetons
Energy: 38.991154627747704 eV
Magnetic moment: -7.151265262632153e-16 Bohr magnetons
Energy: 38.991154627747704 eV
Magnetic moment: -7.151265262632153e-16 Bohr magnetons
Energy: 38.991154627747704 eV
Magnetic moment: -7.151265262632153e-16 Bohr magnetons
Energy: 38.991154627747704 eV
Energy: 38.991154627747704 eV
Magnetic moment: -7.151265262632153e-16 Bohr magnetons
Energy: 38.991154627747704 eV
Magnetic moment: -7.151265262632153e-16 Bohr magnetons
Energy: 38.991154627747704 eV
Magnetic moment: -7.151265262632153e-16 Bohr magnetons
Energy: 38.991154627747704 eV
Magnetic moment: -7.151265262632153e-16 Bohr magnetons
Calculating q=[0.07142857 0.07142857 0.        ]
Calculating q=[0.07142857 0.07142857 0.        ]
Magnetic moment: -7.151265262632153e-16 Bohr magnetons
Calculating q=[0.07142857 0.07142857 0.        ]
Calculating q=[0.07142857 0.07142857 0.        ]
Calculating q=[0.07142857 0.07142857 0.        ]
Calculating q=[0.07142857 0.07142857 0.        ]
Calculating q=[0.07142857 0.07142857 0.        ]
Calculating q=[0.07142857 0.07142857 0.        ]
Calculating q=[0.07142857 0.07142857 0.        ]
Calculating q=[0.07142857 0.07142857 0.        ]
Calculating q=[0.07142857 0.07142857 0.        ]
Calculating q=[0.07142857 0.07142857 0.        ]
Energy: 38.87225538707127 eV
Magnetic moment: 3.508649532665039e-14 Bohr magnetons
Energy: 38.87225538707127 eV
Magnetic moment: 3.508649532665039e-14 Bohr magnetons
Energy: 38.87225538707127 eV
Magnetic moment: 3.508649532665039e-14 Bohr magnetons
Energy: 38.87225538707127 eV
Magnetic moment: 3.508649532665039e-14 Bohr magnetons
Energy: 38.87225538707127 eV
Magnetic moment: 3.508649532665039e-14 Bohr magnetons
Energy: 38.87225538707127 eV
Magnetic moment: 3.508649532665039e-14 Bohr magnetons
Energy: 38.87225538707127 eV
Magnetic moment: 3.508649532665039e-14 Bohr magnetons
Energy: 38.87225538707127 eV
Magnetic moment: 3.508649532665039e-14 Bohr magnetons
Energy: 38.87225538707127 eV
Magnetic moment: 3.508649532665039e-14 Bohr magnetons
Energy: 38.87225538707127 eV
Magnetic moment: 3.508649532665039e-14 Bohr magnetons
Energy: 38.87225538707127 eV
Magnetic moment: 3.508649532665039e-14 Bohr magnetons
Energy: 38.87225538707127 eV
Magnetic moment: 3.508649532665039e-14 Bohr magnetons
Calculating q=[0.04761905 0.04761905 0.        ]
Calculating q=[0.04761905 0.04761905 0.        ]
Calculating q=[0.04761905 0.04761905 0.        ]
Calculating q=[0.04761905 0.04761905 0.        ]
Calculating q=[0.04761905 0.04761905 0.        ]
Calculating q=[0.04761905 0.04761905 0.        ]
Calculating q=[0.04761905 0.04761905 0.        ]
Calculating q=[0.04761905 0.04761905 0.        ]
Calculating q=[0.04761905 0.04761905 0.        ]
Calculating q=[0.04761905 0.04761905 0.        ]
Calculating q=[0.04761905 0.04761905 0.        ]
Calculating q=[0.04761905 0.04761905 0.        ]
Energy: 38.78757383082877 eV
Magnetic moment: 1.1028034766618212e-14 Bohr magnetons
Energy: 38.78757383082877 eV
Magnetic moment: 1.1028034766618212e-14 Bohr magnetons
Energy: 38.78757383082877 eV
Magnetic moment: 1.1028034766618212e-14 Bohr magnetons
Energy: 38.78757383082877 eV
Magnetic moment: 1.1028034766618212e-14 Bohr magnetons
Energy: 38.78757383082877 eV
Magnetic moment: 1.1028034766618212e-14 Bohr magnetons
Energy: 38.78757383082877 eV
Magnetic moment: 1.1028034766618212e-14 Bohr magnetons
Energy: 38.78757383082877 eV
Magnetic moment: 1.1028034766618212e-14 Bohr magnetons
Energy: 38.78757383082877 eV
Magnetic moment: 1.1028034766618212e-14 Bohr magnetons
Energy: 38.78757383082877 eV
Magnetic moment: 1.1028034766618212e-14 Bohr magnetons
Energy: 38.78757383082877 eV
Magnetic moment: 1.1028034766618212e-14 Bohr magnetons
Energy: 38.78757383082877 eV
Magnetic moment: 1.1028034766618212e-14 Bohr magnetons
Energy: 38.78757383082877 eV
Magnetic moment: 1.1028034766618212e-14 Bohr magnetons
Calculating q=[0.02380952 0.02380952 0.        ]
Calculating q=[0.02380952 0.02380952 0.        ]
Calculating q=[0.02380952 0.02380952 0.        ]
Calculating q=[0.02380952 0.02380952 0.        ]
Calculating q=[0.02380952 0.02380952 0.        ]
Calculating q=[0.02380952 0.02380952 0.        ]
Calculating q=[0.02380952 0.02380952 0.        ]
Calculating q=[0.02380952 0.02380952 0.        ]
Calculating q=[0.02380952 0.02380952 0.        ]
Calculating q=[0.02380952 0.02380952 0.        ]
Calculating q=[0.02380952 0.02380952 0.        ]
Calculating q=[0.02380952 0.02380952 0.        ]
Energy: 38.73666941909935 eV
Magnetic moment: 5.515684195360495e-16 Bohr magnetons
Energy: 38.73666941909935 eV
Magnetic moment: 5.515684195360495e-16 Bohr magnetons
Energy: 38.73666941909935 eV
Magnetic moment: 5.515684195360495e-16 Bohr magnetons
Energy: 38.73666941909935 eV
Magnetic moment: 5.515684195360495e-16 Bohr magnetons
Energy: 38.73666941909935 eV
Magnetic moment: 5.515684195360495e-16 Bohr magnetons
Energy: 38.73666941909935 eV
Magnetic moment: 5.515684195360495e-16 Bohr magnetons
Energy: 38.73666941909935 eV
Magnetic moment: 5.515684195360495e-16 Bohr magnetons
Energy: 38.73666941909935 eV
Magnetic moment: 5.515684195360495e-16 Bohr magnetons
Energy: 38.73666941909935 eV
Magnetic moment: 5.515684195360495e-16 Bohr magnetons
Energy: 38.73666941909935 eV
Magnetic moment: 5.515684195360495e-16 Bohr magnetons
Energy: 38.73666941909935 eV
Magnetic moment: 5.515684195360495e-16 Bohr magnetons
Energy: 38.73666941909935 eV
Magnetic moment: 5.515684195360495e-16 Bohr magnetons
Calculating q=[0. 0. 0.]
Calculating q=[0. 0. 0.]
Calculating q=[0. 0. 0.]
Calculating q=[0. 0. 0.]
Calculating q=[0. 0. 0.]
Calculating q=[0. 0. 0.]
Calculating q=[0. 0. 0.]
Calculating q=[0. 0. 0.]
Calculating q=[0. 0. 0.]
Calculating q=[0. 0. 0.]
Calculating q=[0. 0. 0.]
Calculating q=[0. 0. 0.]
Energy: 38.71977083385978 eV
Magnetic moment: 8.896570231045113e-12 Bohr magnetons
Energy: 38.71977083385978 eV
Magnetic moment: 8.896570231045113e-12 Bohr magnetons
Energy: 38.71977083385978 eV
Magnetic moment: 8.896570231045113e-12 Bohr magnetons
Energy: 38.71977083385978 eV
Magnetic moment: 8.896570231045113e-12 Bohr magnetons
Energy: 38.71977083385978 eV
Magnetic moment: 8.896570231045113e-12 Bohr magnetons
Energy: 38.71977083385978 eV
Magnetic moment: 8.896570231045113e-12 Bohr magnetons
Energy: 38.71977083385978 eV
Magnetic moment: 8.896570231045113e-12 Bohr magnetons
Energy: 38.71977083385978 eV
Magnetic moment: 8.896570231045113e-12 Bohr magnetons
Energy: 38.71977083385978 eV
Magnetic moment: 8.896570231045113e-12 Bohr magnetons
Energy: 38.71977083385978 eV
Magnetic moment: 8.896570231045113e-12 Bohr magnetons
Energy: 38.71977083385978 eV
Magnetic moment: 8.896570231045113e-12 Bohr magnetons
Energy: 38.71977083385978 eV
Magnetic moment: 8.896570231045113e-12 Bohr magnetons

------------------------------------------------------------
Sender: LSF System <lsfadmin@hpc.dtu.dk>
Subject: Job 21540882: <plot_1.py> in cluster <dcc> Done

Job <plot_1.py> was submitted from host <n-62-27-22> by user <s194113> in cluster <dcc> at Mon Apr 22 12:35:27 2024
Job was executed on host(s) <12*n-62-28-28>, in queue <hpc>, as user <s194113> in cluster <dcc> at Mon Apr 22 12:35:27 2024
</zhome/87/8/147075> was used as the home directory.
</zhome/87/8/147075/10302/10302_NM/MnI2/E_con> was used as the working directory.
Started at Mon Apr 22 12:35:27 2024
Terminated at Mon Apr 22 13:25:09 2024
Results reported at Mon Apr 22 13:25:09 2024

Your job looked like:

------------------------------------------------------------
# LSBATCH: User input
#!/bin/bash -l
id=$LSB_JOBID
mq=/zhome/87/8/147075/.myqueue/lsf-$id
source /zhome/87/8/147075/venv-name/bin/activate
echo "venv: /zhome/87/8/147075/venv-name/bin/activate"
(touch $mq-0 && \
 cd '/zhome/87/8/147075/10302/10302_NM/MnI2/E_con' && \
 mpiexec python3 plot_1.py && \
 touch $mq-1) || \
(touch $mq-2; exit 1)

------------------------------------------------------------

Successfully completed.

Resource usage summary:

    CPU time :                                   35725.77 sec.
    Max Memory :                                 7255 MB
    Average Memory :                             4515.96 MB
    Total Requested Memory :                     73728.00 MB
    Delta Memory :                               66473.00 MB
    Max Swap :                                   -
    Max Processes :                              17
    Max Threads :                                57
    Run time :                                   3055 sec.
    Turnaround time :                            2982 sec.

The output (if any) is above this job summary.



PS:

Read file </zhome/87/8/147075/10302/10302_NM/MnI2/E_con/plot_1.py.21540882.err> for stderr output of this job.

