venv: /zhome/87/8/147075/venv-name/bin/activate
[1713782144.179534] [n-62-28-33:16332:0]          ib_md.c:1063 UCX  WARN  IB: ibv_fork_init() was disabled or failed, yet a fork() has been issued.
[1713782144.179569] [n-62-28-33:16332:0]          ib_md.c:1064 UCX  WARN  IB: data corruption might occur when using registered memory.
[1713782144.179640] [n-62-28-33:16331:0]          ib_md.c:1063 UCX  WARN  IB: ibv_fork_init() was disabled or failed, yet a fork() has been issued.
[1713782144.179671] [n-62-28-33:16331:0]          ib_md.c:1064 UCX  WARN  IB: data corruption might occur when using registered memory.
[1713782144.185392] [n-62-28-33:16324:0]          ib_md.c:1063 UCX  WARN  IB: ibv_fork_init() was disabled or failed, yet a fork() has been issued.
[1713782144.185523] [n-62-28-33:16324:0]          ib_md.c:1064 UCX  WARN  IB: data corruption might occur when using registered memory.
[1713782144.185949] [n-62-28-33:16323:0]          ib_md.c:1063 UCX  WARN  IB: ibv_fork_init() was disabled or failed, yet a fork() has been issued.
[1713782144.185978] [n-62-28-33:16323:0]          ib_md.c:1064 UCX  WARN  IB: data corruption might occur when using registered memory.
[1713782144.186347] [n-62-28-33:16329:0]          ib_md.c:1063 UCX  WARN  IB: ibv_fork_init() was disabled or failed, yet a fork() has been issued.
[1713782144.186441] [n-62-28-33:16329:0]          ib_md.c:1064 UCX  WARN  IB: data corruption might occur when using registered memory.
[1713782144.186768] [n-62-28-33:16326:0]          ib_md.c:1063 UCX  WARN  IB: ibv_fork_init() was disabled or failed, yet a fork() has been issued.
[1713782144.186849] [n-62-28-33:16326:0]          ib_md.c:1064 UCX  WARN  IB: data corruption might occur when using registered memory.
[1713782144.187575] [n-62-28-33:16325:0]          ib_md.c:1063 UCX  WARN  IB: ibv_fork_init() was disabled or failed, yet a fork() has been issued.
[1713782144.187653] [n-62-28-33:16325:0]          ib_md.c:1064 UCX  WARN  IB: data corruption might occur when using registered memory.
[1713782144.188478] [n-62-28-33:16327:0]          ib_md.c:1063 UCX  WARN  IB: ibv_fork_init() was disabled or failed, yet a fork() has been issued.
[1713782144.188523] [n-62-28-33:16322:0]          ib_md.c:1063 UCX  WARN  IB: ibv_fork_init() was disabled or failed, yet a fork() has been issued.
[1713782144.188554] [n-62-28-33:16322:0]          ib_md.c:1064 UCX  WARN  IB: data corruption might occur when using registered memory.
[1713782144.188583] [n-62-28-33:16327:0]          ib_md.c:1064 UCX  WARN  IB: data corruption might occur when using registered memory.
[1713782144.188577] [n-62-28-33:16328:0]          ib_md.c:1063 UCX  WARN  IB: ibv_fork_init() was disabled or failed, yet a fork() has been issued.
[1713782144.188660] [n-62-28-33:16328:0]          ib_md.c:1064 UCX  WARN  IB: data corruption might occur when using registered memory.
[1713782144.188760] [n-62-28-33:16321:0]          ib_md.c:1063 UCX  WARN  IB: ibv_fork_init() was disabled or failed, yet a fork() has been issued.
[1713782144.188844] [n-62-28-33:16321:0]          ib_md.c:1064 UCX  WARN  IB: data corruption might occur when using registered memory.
[1713782144.188954] [n-62-28-33:16320:0]          ib_md.c:1063 UCX  WARN  IB: ibv_fork_init() was disabled or failed, yet a fork() has been issued.
[1713782144.188995] [n-62-28-33:16320:0]          ib_md.c:1064 UCX  WARN  IB: data corruption might occur when using registered memory.
Calculating ground state
31 q-points in the path
=====================================
Calculating q=[0. 0. 0.]
Calculating ground state
31 q-points in the path
Calculating ground state
31 q-points in the path
=====================================
=====================================
Calculating ground state
Calculating ground state
31 q-points in the path
=====================================
Calculating ground state
31 q-points in the path
31 q-points in the path
=====================================
Calculating ground state
=====================================
31 q-points in the path
=====================================
Calculating q=[0. 0. 0.]
Calculating ground state
31 q-points in the path
=====================================
Calculating q=[0. 0. 0.]
Calculating q=[0. 0. 0.]
Calculating ground state
31 q-points in the path
=====================================
Calculating q=[0. 0. 0.]
Calculating q=[0. 0. 0.]
Calculating q=[0. 0. 0.]
Calculating q=[0. 0. 0.]
Calculating ground state
Calculating q=[0. 0. 0.]
31 q-points in the path
=====================================
Calculating q=[0. 0. 0.]
Calculating ground state
31 q-points in the path
=====================================
Calculating q=[0. 0. 0.]
Calculating ground state
31 q-points in the path
=====================================
Calculating q=[0. 0. 0.]
Energy: -15.147534955979141 eV
Magnetic moment: 4.8681638397664816e-14 Bohr magnetons
Energy: -15.147534955979141 eV
Magnetic moment: 4.8681638397664816e-14 Bohr magnetons
Energy: -15.147534955979141 eV
Magnetic moment: 4.8681638397664816e-14 Bohr magnetons
Energy: -15.147534955979141 eV
Magnetic moment: 4.8681638397664816e-14 Bohr magnetons
Energy: -15.147534955979141 eV
Magnetic moment: 4.8681638397664816e-14 Bohr magnetons
Energy: -15.147534955979141 eV
Magnetic moment: 4.8681638397664816e-14 Bohr magnetons
Energy: -15.147534955979141 eV
Magnetic moment: 4.8681638397664816e-14 Bohr magnetons
Energy: -15.147534955979141 eV
Magnetic moment: 4.8681638397664816e-14 Bohr magnetons
Energy: -15.147534955979141 eV
Magnetic moment: 4.8681638397664816e-14 Bohr magnetons
Energy: -15.147534955979141 eV
Magnetic moment: 4.8681638397664816e-14 Bohr magnetons
Energy: -15.147534955979141 eV
Magnetic moment: 4.8681638397664816e-14 Bohr magnetons
Calculating q=[0.05 0.   0.  ]
Calculating q=[0.05 0.   0.  ]
Calculating q=[0.05 0.   0.  ]
Calculating q=[0.05 0.   0.  ]
Energy: -15.147534955979141 eV
Magnetic moment: 4.8681638397664816e-14 Bohr magnetons
Calculating q=[0.05 0.   0.  ]
Calculating q=[0.05 0.   0.  ]
Calculating q=[0.05 0.   0.  ]
Calculating q=[0.05 0.   0.  ]
Calculating q=[0.05 0.   0.  ]
Calculating q=[0.05 0.   0.  ]
Calculating q=[0.05 0.   0.  ]
Calculating q=[0.05 0.   0.  ]
Energy: -15.149369994179366 eV
Magnetic moment: 6.214244812239524e-13 Bohr magnetons
Energy: -15.149369994179366 eV
Magnetic moment: 6.214244812239524e-13 Bohr magnetons
Energy: -15.149369994179366 eV
Magnetic moment: 6.214244812239524e-13 Bohr magnetons
Energy: -15.149369994179366 eV
Magnetic moment: 6.214244812239524e-13 Bohr magnetons
Energy: -15.149369994179366 eV
Magnetic moment: 6.214244812239524e-13 Bohr magnetons
Energy: -15.149369994179366 eV
Magnetic moment: 6.214244812239524e-13 Bohr magnetons
Energy: -15.149369994179366 eV
Magnetic moment: 6.214244812239524e-13 Bohr magnetons
Energy: -15.149369994179366 eV
Magnetic moment: 6.214244812239524e-13 Bohr magnetons
Energy: -15.149369994179366 eV
Magnetic moment: 6.214244812239524e-13 Bohr magnetons
Energy: -15.149369994179366 eV
Magnetic moment: 6.214244812239524e-13 Bohr magnetons
Energy: -15.149369994179366 eV
Magnetic moment: 6.214244812239524e-13 Bohr magnetons
Energy: -15.149369994179366 eV
Magnetic moment: 6.214244812239524e-13 Bohr magnetons
Calculating q=[0.1 0.  0. ]
Calculating q=[0.1 0.  0. ]
Calculating q=[0.1 0.  0. ]
Calculating q=[0.1 0.  0. ]
Calculating q=[0.1 0.  0. ]
Calculating q=[0.1 0.  0. ]
Calculating q=[0.1 0.  0. ]
Calculating q=[0.1 0.  0. ]
Calculating q=[0.1 0.  0. ]
Calculating q=[0.1 0.  0. ]
Calculating q=[0.1 0.  0. ]
Calculating q=[0.1 0.  0. ]
Energy: -15.154383434335223 eV
Magnetic moment: 2.0720402613061768e-13 Bohr magnetons
Energy: -15.154383434335223 eV
Magnetic moment: 2.0720402613061768e-13 Bohr magnetons
Energy: -15.154383434335223 eV
Magnetic moment: 2.0720402613061768e-13 Bohr magnetons
Energy: -15.154383434335223 eV
Magnetic moment: 2.0720402613061768e-13 Bohr magnetons
Energy: -15.154383434335223 eV
Magnetic moment: 2.0720402613061768e-13 Bohr magnetons
Energy: -15.154383434335223 eV
Magnetic moment: 2.0720402613061768e-13 Bohr magnetons
Energy: -15.154383434335223 eV
Magnetic moment: 2.0720402613061768e-13 Bohr magnetons
Energy: -15.154383434335223 eV
Magnetic moment: 2.0720402613061768e-13 Bohr magnetons
Energy: -15.154383434335223 eV
Magnetic moment: 2.0720402613061768e-13 Bohr magnetons
Energy: -15.154383434335223 eV
Magnetic moment: 2.0720402613061768e-13 Bohr magnetons
Energy: -15.154383434335223 eV
Magnetic moment: 2.0720402613061768e-13 Bohr magnetons
Energy: -15.154383434335223 eV
Magnetic moment: 2.0720402613061768e-13 Bohr magnetons
Calculating q=[0.15 0.   0.  ]
Calculating q=[0.15 0.   0.  ]
Calculating q=[0.15 0.   0.  ]
Calculating q=[0.15 0.   0.  ]
Calculating q=[0.15 0.   0.  ]
Calculating q=[0.15 0.   0.  ]
Calculating q=[0.15 0.   0.  ]
Calculating q=[0.15 0.   0.  ]
Calculating q=[0.15 0.   0.  ]
Calculating q=[0.15 0.   0.  ]
Calculating q=[0.15 0.   0.  ]
Calculating q=[0.15 0.   0.  ]
Energy: -15.16120418930043 eV
Magnetic moment: 1.4053332668258016e-13 Bohr magnetons
Energy: -15.16120418930043 eV
Magnetic moment: 1.4053332668258016e-13 Bohr magnetons
Energy: -15.16120418930043 eV
Magnetic moment: 1.4053332668258016e-13 Bohr magnetons
Energy: -15.16120418930043 eV
Magnetic moment: 1.4053332668258016e-13 Bohr magnetons
Energy: -15.16120418930043 eV
Magnetic moment: 1.4053332668258016e-13 Bohr magnetons
Energy: -15.16120418930043 eV
Magnetic moment: 1.4053332668258016e-13 Bohr magnetons
Energy: -15.16120418930043 eV
Magnetic moment: 1.4053332668258016e-13 Bohr magnetons
Energy: -15.16120418930043 eV
Magnetic moment: 1.4053332668258016e-13 Bohr magnetons
Energy: -15.16120418930043 eV
Magnetic moment: 1.4053332668258016e-13 Bohr magnetons
Energy: -15.16120418930043 eV
Magnetic moment: 1.4053332668258016e-13 Bohr magnetons
Energy: -15.16120418930043 eV
Magnetic moment: 1.4053332668258016e-13 Bohr magnetons
Energy: -15.16120418930043 eV
Magnetic moment: 1.4053332668258016e-13 Bohr magnetons
Calculating q=[0.2 0.  0. ]
Calculating q=[0.2 0.  0. ]
Calculating q=[0.2 0.  0. ]
Calculating q=[0.2 0.  0. ]
Calculating q=[0.2 0.  0. ]
Calculating q=[0.2 0.  0. ]
Calculating q=[0.2 0.  0. ]
Calculating q=[0.2 0.  0. ]
Calculating q=[0.2 0.  0. ]
Calculating q=[0.2 0.  0. ]
Calculating q=[0.2 0.  0. ]
Calculating q=[0.2 0.  0. ]
Energy: -15.168340774465102 eV
Magnetic moment: -9.727068622959404e-12 Bohr magnetons
Energy: -15.168340774465102 eV
Magnetic moment: -9.727068622959404e-12 Bohr magnetons
Energy: -15.168340774465102 eV
Magnetic moment: -9.727068622959404e-12 Bohr magnetons
Energy: -15.168340774465102 eV
Magnetic moment: -9.727068622959404e-12 Bohr magnetons
Energy: -15.168340774465102 eV
Magnetic moment: -9.727068622959404e-12 Bohr magnetons
Energy: -15.168340774465102 eV
Magnetic moment: -9.727068622959404e-12 Bohr magnetons
Energy: -15.168340774465102 eV
Magnetic moment: -9.727068622959404e-12 Bohr magnetons
Energy: -15.168340774465102 eV
Magnetic moment: -9.727068622959404e-12 Bohr magnetons
Energy: -15.168340774465102 eV
Magnetic moment: -9.727068622959404e-12 Bohr magnetons
Energy: -15.168340774465102 eV
Magnetic moment: -9.727068622959404e-12 Bohr magnetons
Energy: -15.168340774465102 eV
Magnetic moment: -9.727068622959404e-12 Bohr magnetons
Calculating q=[0.25 0.   0.  ]
Energy: -15.168340774465102 eV
Magnetic moment: -9.727068622959404e-12 Bohr magnetons
Calculating q=[0.25 0.   0.  ]
Calculating q=[0.25 0.   0.  ]
Calculating q=[0.25 0.   0.  ]
Calculating q=[0.25 0.   0.  ]
Calculating q=[0.25 0.   0.  ]
Calculating q=[0.25 0.   0.  ]
Calculating q=[0.25 0.   0.  ]
Calculating q=[0.25 0.   0.  ]
Calculating q=[0.25 0.   0.  ]
Calculating q=[0.25 0.   0.  ]
Calculating q=[0.25 0.   0.  ]
Energy: -15.17458391068575 eV
Magnetic moment: 1.1800832893191758e-13 Bohr magnetons
Energy: -15.17458391068575 eV
Magnetic moment: 1.1800832893191758e-13 Bohr magnetons
Energy: -15.17458391068575 eV
Magnetic moment: 1.1800832893191758e-13 Bohr magnetons
Energy: -15.17458391068575 eV
Magnetic moment: 1.1800832893191758e-13 Bohr magnetons
Energy: -15.17458391068575 eV
Magnetic moment: 1.1800832893191758e-13 Bohr magnetons
Energy: -15.17458391068575 eV
Magnetic moment: 1.1800832893191758e-13 Bohr magnetons
Energy: -15.17458391068575 eV
Magnetic moment: 1.1800832893191758e-13 Bohr magnetons
Energy: -15.17458391068575 eV
Magnetic moment: 1.1800832893191758e-13 Bohr magnetons
Energy: -15.17458391068575 eV
Magnetic moment: 1.1800832893191758e-13 Bohr magnetons
Energy: -15.17458391068575 eV
Magnetic moment: 1.1800832893191758e-13 Bohr magnetons
Energy: -15.17458391068575 eV
Magnetic moment: 1.1800832893191758e-13 Bohr magnetons
Energy: -15.17458391068575 eV
Magnetic moment: 1.1800832893191758e-13 Bohr magnetons
Calculating q=[0.3 0.  0. ]
Calculating q=[0.3 0.  0. ]
Calculating q=[0.3 0.  0. ]
Calculating q=[0.3 0.  0. ]
Calculating q=[0.3 0.  0. ]
Calculating q=[0.3 0.  0. ]
Calculating q=[0.3 0.  0. ]
Calculating q=[0.3 0.  0. ]
Calculating q=[0.3 0.  0. ]
Calculating q=[0.3 0.  0. ]
Calculating q=[0.3 0.  0. ]
Calculating q=[0.3 0.  0. ]
Energy: -15.17930648137262 eV
Magnetic moment: 1.317150314324709e-09 Bohr magnetons
Energy: -15.17930648137262 eV
Magnetic moment: 1.317150314324709e-09 Bohr magnetons
Energy: -15.17930648137262 eV
Magnetic moment: 1.317150314324709e-09 Bohr magnetons
Energy: -15.17930648137262 eV
Magnetic moment: 1.317150314324709e-09 Bohr magnetons
Energy: -15.17930648137262 eV
Magnetic moment: 1.317150314324709e-09 Bohr magnetons
Energy: -15.17930648137262 eV
Magnetic moment: 1.317150314324709e-09 Bohr magnetons
Energy: -15.17930648137262 eV
Magnetic moment: 1.317150314324709e-09 Bohr magnetons
Energy: -15.17930648137262 eV
Magnetic moment: 1.317150314324709e-09 Bohr magnetons
Energy: -15.17930648137262 eV
Magnetic moment: 1.317150314324709e-09 Bohr magnetons
Energy: -15.17930648137262 eV
Magnetic moment: 1.317150314324709e-09 Bohr magnetons
Energy: -15.17930648137262 eV
Magnetic moment: 1.317150314324709e-09 Bohr magnetons
Energy: -15.17930648137262 eV
Magnetic moment: 1.317150314324709e-09 Bohr magnetons
Calculating q=[0.35 0.   0.  ]
Calculating q=[0.35 0.   0.  ]
Calculating q=[0.35 0.   0.  ]
Calculating q=[0.35 0.   0.  ]
Calculating q=[0.35 0.   0.  ]
Calculating q=[0.35 0.   0.  ]
Calculating q=[0.35 0.   0.  ]
Calculating q=[0.35 0.   0.  ]
Calculating q=[0.35 0.   0.  ]
Calculating q=[0.35 0.   0.  ]
Calculating q=[0.35 0.   0.  ]
Calculating q=[0.35 0.   0.  ]
Energy: -15.182445752326858 eV
Magnetic moment: -2.7124414459316978e-14 Bohr magnetons
Energy: -15.182445752326858 eV
Magnetic moment: -2.7124414459316978e-14 Bohr magnetons
Energy: -15.182445752326858 eV
Magnetic moment: -2.7124414459316978e-14 Bohr magnetons
Energy: -15.182445752326858 eV
Magnetic moment: -2.7124414459316978e-14 Bohr magnetons
Energy: -15.182445752326858 eV
Magnetic moment: -2.7124414459316978e-14 Bohr magnetons
Energy: -15.182445752326858 eV
Magnetic moment: -2.7124414459316978e-14 Bohr magnetons
Energy: -15.182445752326858 eV
Magnetic moment: -2.7124414459316978e-14 Bohr magnetons
Energy: -15.182445752326858 eV
Magnetic moment: -2.7124414459316978e-14 Bohr magnetons
Energy: -15.182445752326858 eV
Magnetic moment: -2.7124414459316978e-14 Bohr magnetons
Energy: -15.182445752326858 eV
Magnetic moment: -2.7124414459316978e-14 Bohr magnetons
Energy: -15.182445752326858 eV
Magnetic moment: -2.7124414459316978e-14 Bohr magnetons
Energy: -15.182445752326858 eV
Magnetic moment: -2.7124414459316978e-14 Bohr magnetons
Calculating q=[0.4 0.  0. ]
Calculating q=[0.4 0.  0. ]
Calculating q=[0.4 0.  0. ]
Calculating q=[0.4 0.  0. ]
Calculating q=[0.4 0.  0. ]
Calculating q=[0.4 0.  0. ]
Calculating q=[0.4 0.  0. ]
Calculating q=[0.4 0.  0. ]
Calculating q=[0.4 0.  0. ]
Calculating q=[0.4 0.  0. ]
Calculating q=[0.4 0.  0. ]
Calculating q=[0.4 0.  0. ]
Energy: -15.184251159056512 eV
Magnetic moment: 1.860456894535018e-14 Bohr magnetons
Calculating q=[0.45 0.   0.  ]
Energy: -15.184251159056512 eV
Magnetic moment: 1.860456894535018e-14 Bohr magnetons
Calculating q=[0.45 0.   0.  ]
Energy: -15.184251159056512 eV
Magnetic moment: 1.860456894535018e-14 Bohr magnetons
Calculating q=[0.45 0.   0.  ]
Energy: -15.184251159056512 eV
Magnetic moment: 1.860456894535018e-14 Bohr magnetons
Calculating q=[0.45 0.   0.  ]
Energy: -15.184251159056512 eV
Magnetic moment: 1.860456894535018e-14 Bohr magnetons
Calculating q=[0.45 0.   0.  ]
Energy: -15.184251159056512 eV
Magnetic moment: 1.860456894535018e-14 Bohr magnetons
Calculating q=[0.45 0.   0.  ]
Energy: -15.184251159056512 eV
Magnetic moment: 1.860456894535018e-14 Bohr magnetons
Calculating q=[0.45 0.   0.  ]
Energy: -15.184251159056512 eV
Magnetic moment: 1.860456894535018e-14 Bohr magnetons
Calculating q=[0.45 0.   0.  ]
Energy: -15.184251159056512 eV
Magnetic moment: 1.860456894535018e-14 Bohr magnetons
Calculating q=[0.45 0.   0.  ]
Energy: -15.184251159056512 eV
Magnetic moment: 1.860456894535018e-14 Bohr magnetons
Calculating q=[0.45 0.   0.  ]
Energy: -15.184251159056512 eV
Magnetic moment: 1.860456894535018e-14 Bohr magnetons
Calculating q=[0.45 0.   0.  ]
Energy: -15.184251159056512 eV
Magnetic moment: 1.860456894535018e-14 Bohr magnetons
Calculating q=[0.45 0.   0.  ]
Energy: -15.185113856389998 eV
Magnetic moment: 2.1367616832130018e-13 Bohr magnetons
Energy: -15.185113856389998 eV
Magnetic moment: 2.1367616832130018e-13 Bohr magnetons
Energy: -15.185113856389998 eV
Magnetic moment: 2.1367616832130018e-13 Bohr magnetons
Energy: -15.185113856389998 eV
Magnetic moment: 2.1367616832130018e-13 Bohr magnetons
Energy: -15.185113856389998 eV
Magnetic moment: 2.1367616832130018e-13 Bohr magnetons
Energy: -15.185113856389998 eV
Magnetic moment: 2.1367616832130018e-13 Bohr magnetons
Energy: -15.185113856389998 eV
Magnetic moment: 2.1367616832130018e-13 Bohr magnetons
Energy: -15.185113856389998 eV
Magnetic moment: 2.1367616832130018e-13 Bohr magnetons
Energy: -15.185113856389998 eV
Magnetic moment: 2.1367616832130018e-13 Bohr magnetons
Energy: -15.185113856389998 eV
Magnetic moment: 2.1367616832130018e-13 Bohr magnetons
Energy: -15.185113856389998 eV
Magnetic moment: 2.1367616832130018e-13 Bohr magnetons
Energy: -15.185113856389998 eV
Magnetic moment: 2.1367616832130018e-13 Bohr magnetons
Calculating q=[0.5 0.  0. ]
Calculating q=[0.5 0.  0. ]
Calculating q=[0.5 0.  0. ]
Calculating q=[0.5 0.  0. ]
Calculating q=[0.5 0.  0. ]
Calculating q=[0.5 0.  0. ]
Calculating q=[0.5 0.  0. ]
Calculating q=[0.5 0.  0. ]
Calculating q=[0.5 0.  0. ]
Calculating q=[0.5 0.  0. ]
Calculating q=[0.5 0.  0. ]
Calculating q=[0.5 0.  0. ]
Energy: -15.18532796209787 eV
Magnetic moment: 5.462866111562275e-14 Bohr magnetons
Energy: -15.18532796209787 eV
Magnetic moment: 5.462866111562275e-14 Bohr magnetons
Energy: -15.18532796209787 eV
Magnetic moment: 5.462866111562275e-14 Bohr magnetons
Energy: -15.18532796209787 eV
Magnetic moment: 5.462866111562275e-14 Bohr magnetons
Energy: -15.18532796209787 eV
Magnetic moment: 5.462866111562275e-14 Bohr magnetons
Energy: -15.18532796209787 eV
Magnetic moment: 5.462866111562275e-14 Bohr magnetons
Energy: -15.18532796209787 eV
Magnetic moment: 5.462866111562275e-14 Bohr magnetons
Energy: -15.18532796209787 eV
Magnetic moment: 5.462866111562275e-14 Bohr magnetons
Energy: -15.18532796209787 eV
Magnetic moment: 5.462866111562275e-14 Bohr magnetons
Energy: -15.18532796209787 eV
Magnetic moment: 5.462866111562275e-14 Bohr magnetons
Energy: -15.18532796209787 eV
Magnetic moment: 5.462866111562275e-14 Bohr magnetons
Energy: -15.18532796209787 eV
Magnetic moment: 5.462866111562275e-14 Bohr magnetons
Calculating q=[0.47222222 0.05555556 0.        ]
Calculating q=[0.47222222 0.05555556 0.        ]
Calculating q=[0.47222222 0.05555556 0.        ]
Calculating q=[0.47222222 0.05555556 0.        ]
Calculating q=[0.47222222 0.05555556 0.        ]
Calculating q=[0.47222222 0.05555556 0.        ]
Calculating q=[0.47222222 0.05555556 0.        ]
Calculating q=[0.47222222 0.05555556 0.        ]
Calculating q=[0.47222222 0.05555556 0.        ]
Calculating q=[0.47222222 0.05555556 0.        ]
Calculating q=[0.47222222 0.05555556 0.        ]
Calculating q=[0.47222222 0.05555556 0.        ]
Energy: -15.185856058370327 eV
Magnetic moment: 2.959425837510012e-16 Bohr magnetons
Energy: -15.185856058370327 eV
Magnetic moment: 2.959425837510012e-16 Bohr magnetons
Energy: -15.185856058370327 eV
Magnetic moment: 2.959425837510012e-16 Bohr magnetons
Energy: -15.185856058370327 eV
Magnetic moment: 2.959425837510012e-16 Bohr magnetons
Energy: -15.185856058370327 eV
Magnetic moment: 2.959425837510012e-16 Bohr magnetons
Energy: -15.185856058370327 eV
Magnetic moment: 2.959425837510012e-16 Bohr magnetons
Energy: -15.185856058370327 eV
Magnetic moment: 2.959425837510012e-16 Bohr magnetons
Energy: -15.185856058370327 eV
Magnetic moment: 2.959425837510012e-16 Bohr magnetons
Energy: -15.185856058370327 eV
Magnetic moment: 2.959425837510012e-16 Bohr magnetons
Energy: -15.185856058370327 eV
Magnetic moment: 2.959425837510012e-16 Bohr magnetons
Energy: -15.185856058370327 eV
Magnetic moment: 2.959425837510012e-16 Bohr magnetons
Energy: -15.185856058370327 eV
Magnetic moment: 2.959425837510012e-16 Bohr magnetons
Calculating q=[0.44444444 0.11111111 0.        ]
Calculating q=[0.44444444 0.11111111 0.        ]
Calculating q=[0.44444444 0.11111111 0.        ]
Calculating q=[0.44444444 0.11111111 0.        ]
Calculating q=[0.44444444 0.11111111 0.        ]
Calculating q=[0.44444444 0.11111111 0.        ]
Calculating q=[0.44444444 0.11111111 0.        ]
Calculating q=[0.44444444 0.11111111 0.        ]
Calculating q=[0.44444444 0.11111111 0.        ]
Calculating q=[0.44444444 0.11111111 0.        ]
Calculating q=[0.44444444 0.11111111 0.        ]
Calculating q=[0.44444444 0.11111111 0.        ]
Energy: -15.187240442178947 eV
Magnetic moment: 2.3934143857773535e-14 Bohr magnetons
Energy: -15.187240442178947 eV
Magnetic moment: 2.3934143857773535e-14 Bohr magnetons
Energy: -15.187240442178947 eV
Magnetic moment: 2.3934143857773535e-14 Bohr magnetons
Energy: -15.187240442178947 eV
Magnetic moment: 2.3934143857773535e-14 Bohr magnetons
Energy: -15.187240442178947 eV
Magnetic moment: 2.3934143857773535e-14 Bohr magnetons
Energy: -15.187240442178947 eV
Magnetic moment: 2.3934143857773535e-14 Bohr magnetons
Energy: -15.187240442178947 eV
Magnetic moment: 2.3934143857773535e-14 Bohr magnetons
Energy: -15.187240442178947 eV
Magnetic moment: 2.3934143857773535e-14 Bohr magnetons
Energy: -15.187240442178947 eV
Magnetic moment: 2.3934143857773535e-14 Bohr magnetons
Energy: -15.187240442178947 eV
Magnetic moment: 2.3934143857773535e-14 Bohr magnetons
Energy: -15.187240442178947 eV
Magnetic moment: 2.3934143857773535e-14 Bohr magnetons
Energy: -15.187240442178947 eV
Magnetic moment: 2.3934143857773535e-14 Bohr magnetons
Calculating q=[0.41666667 0.16666667 0.        ]
Calculating q=[0.41666667 0.16666667 0.        ]
Calculating q=[0.41666667 0.16666667 0.        ]
Calculating q=[0.41666667 0.16666667 0.        ]
Calculating q=[0.41666667 0.16666667 0.        ]
Calculating q=[0.41666667 0.16666667 0.        ]
Calculating q=[0.41666667 0.16666667 0.        ]
Calculating q=[0.41666667 0.16666667 0.        ]
Calculating q=[0.41666667 0.16666667 0.        ]
Calculating q=[0.41666667 0.16666667 0.        ]
Calculating q=[0.41666667 0.16666667 0.        ]
Calculating q=[0.41666667 0.16666667 0.        ]

------------------------------------------------------------
Sender: LSF System <lsfadmin@hpc.dtu.dk>
Subject: Job 21540886: <plot_5.py> in cluster <dcc> Exited

Job <plot_5.py> was submitted from host <n-62-27-22> by user <s194113> in cluster <dcc> at Mon Apr 22 12:35:39 2024
Job was executed on host(s) <12*n-62-28-33>, in queue <hpc>, as user <s194113> in cluster <dcc> at Mon Apr 22 12:35:39 2024
</zhome/87/8/147075> was used as the home directory.
</zhome/87/8/147075/10302/10302_NM/MnI2/E_con> was used as the working directory.
Started at Mon Apr 22 12:35:39 2024
Terminated at Mon Apr 22 16:12:37 2024
Results reported at Mon Apr 22 16:12:37 2024

Your job looked like:

------------------------------------------------------------
# LSBATCH: User input
#!/bin/bash -l
id=$LSB_JOBID
mq=/zhome/87/8/147075/.myqueue/lsf-$id
source /zhome/87/8/147075/venv-name/bin/activate
echo "venv: /zhome/87/8/147075/venv-name/bin/activate"
(touch $mq-0 && \
 cd '/zhome/87/8/147075/10302/10302_NM/MnI2/E_con' && \
 mpiexec python3 plot_5.py && \
 touch $mq-1) || \
(touch $mq-2; exit 1)

------------------------------------------------------------

Exited with exit code 1.

Resource usage summary:

    CPU time :                                   155990.00 sec.
    Max Memory :                                 10735 MB
    Average Memory :                             7189.14 MB
    Total Requested Memory :                     73728.00 MB
    Delta Memory :                               62993.00 MB
    Max Swap :                                   -
    Max Processes :                              17
    Max Threads :                                57
    Run time :                                   13081 sec.
    Turnaround time :                            13018 sec.

The output (if any) is above this job summary.



PS:

Read file </zhome/87/8/147075/10302/10302_NM/MnI2/E_con/plot_5.py.21540886.err> for stderr output of this job.

