venv: /zhome/87/8/147075/venv-name/bin/activate
[1713898323.930757] [n-62-29-16:19029:0]          ib_md.c:1063 UCX  WARN  IB: ibv_fork_init() was disabled or failed, yet a fork() has been issued.
[1713898323.930791] [n-62-29-16:19029:0]          ib_md.c:1064 UCX  WARN  IB: data corruption might occur when using registered memory.
[1713898323.930780] [n-62-29-16:19032:0]          ib_md.c:1063 UCX  WARN  IB: ibv_fork_init() was disabled or failed, yet a fork() has been issued.
[1713898323.930810] [n-62-29-16:19032:0]          ib_md.c:1064 UCX  WARN  IB: data corruption might occur when using registered memory.
[1713898323.930996] [n-62-29-16:19030:0]          ib_md.c:1063 UCX  WARN  IB: ibv_fork_init() was disabled or failed, yet a fork() has been issued.
[1713898323.931026] [n-62-29-16:19030:0]          ib_md.c:1064 UCX  WARN  IB: data corruption might occur when using registered memory.
[1713898323.930879] [n-62-29-16:19036:0]          ib_md.c:1063 UCX  WARN  IB: ibv_fork_init() was disabled or failed, yet a fork() has been issued.
[1713898323.930916] [n-62-29-16:19036:0]          ib_md.c:1064 UCX  WARN  IB: data corruption might occur when using registered memory.
[1713898323.930929] [n-62-29-16:19037:0]          ib_md.c:1063 UCX  WARN  IB: ibv_fork_init() was disabled or failed, yet a fork() has been issued.
[1713898323.930959] [n-62-29-16:19037:0]          ib_md.c:1064 UCX  WARN  IB: data corruption might occur when using registered memory.
[1713898323.931430] [n-62-29-16:19034:0]          ib_md.c:1063 UCX  WARN  IB: ibv_fork_init() was disabled or failed, yet a fork() has been issued.
[1713898323.931459] [n-62-29-16:19034:0]          ib_md.c:1064 UCX  WARN  IB: data corruption might occur when using registered memory.
[1713898323.931535] [n-62-29-16:19033:0]          ib_md.c:1063 UCX  WARN  IB: ibv_fork_init() was disabled or failed, yet a fork() has been issued.
[1713898323.931564] [n-62-29-16:19033:0]          ib_md.c:1064 UCX  WARN  IB: data corruption might occur when using registered memory.
[1713898323.931528] [n-62-29-16:19040:0]          ib_md.c:1063 UCX  WARN  IB: ibv_fork_init() was disabled or failed, yet a fork() has been issued.
[1713898323.931558] [n-62-29-16:19040:0]          ib_md.c:1064 UCX  WARN  IB: data corruption might occur when using registered memory.
[1713898323.931521] [n-62-29-16:19042:0]          ib_md.c:1063 UCX  WARN  IB: ibv_fork_init() was disabled or failed, yet a fork() has been issued.
[1713898323.931556] [n-62-29-16:19042:0]          ib_md.c:1064 UCX  WARN  IB: data corruption might occur when using registered memory.
[1713898323.931618] [n-62-29-16:19035:0]          ib_md.c:1063 UCX  WARN  IB: ibv_fork_init() was disabled or failed, yet a fork() has been issued.
[1713898323.931647] [n-62-29-16:19035:0]          ib_md.c:1064 UCX  WARN  IB: data corruption might occur when using registered memory.
[1713898323.931854] [n-62-29-16:19028:0]          ib_md.c:1063 UCX  WARN  IB: ibv_fork_init() was disabled or failed, yet a fork() has been issued.
[1713898323.931883] [n-62-29-16:19028:0]          ib_md.c:1064 UCX  WARN  IB: data corruption might occur when using registered memory.
[1713898323.931931] [n-62-29-16:19031:0]          ib_md.c:1063 UCX  WARN  IB: ibv_fork_init() was disabled or failed, yet a fork() has been issued.
[1713898323.931961] [n-62-29-16:19031:0]          ib_md.c:1064 UCX  WARN  IB: data corruption might occur when using registered memory.
Calculating ground state
31 q-points in the path
=====================================
Calculating ground state
31 q-points in the path
=====================================
Calculating ground state
31 q-points in the path
=====================================
Calculating ground state
31 q-points in the path
Calculating ground state
31 q-points in the path
=====================================
Calculating ground state
31 q-points in the path
=====================================
Calculating ground state
31 q-points in the path
=====================================
=====================================
Calculating ground state
Calculating ground state
31 q-points in the path
=====================================
Calculating q=[0. 0. 0.]
31 q-points in the path
=====================================
Calculating q=[0. 0. 0.]
Calculating ground state
Calculating q=[0. 0. 0.]
Calculating q=[0. 0. 0.]
31 q-points in the path
=====================================
Calculating q=[0. 0. 0.]
Calculating ground state
31 q-points in the path
=====================================
Calculating q=[0. 0. 0.]
Calculating q=[0. 0. 0.]
Calculating q=[0. 0. 0.]
Calculating q=[0. 0. 0.]
Calculating q=[0. 0. 0.]
Calculating q=[0. 0. 0.]
Calculating ground state
31 q-points in the path
=====================================
Calculating q=[0. 0. 0.]
