venv: /zhome/87/8/147075/venv-name/bin/activate
[1713782142.406297] [n-62-28-31:1807 :0]          ib_md.c:1063 UCX  WARN  IB: ibv_fork_init() was disabled or failed, yet a fork() has been issued.
[1713782142.406335] [n-62-28-31:1807 :0]          ib_md.c:1064 UCX  WARN  IB: data corruption might occur when using registered memory.
[1713782142.406296] [n-62-28-31:1808 :0]          ib_md.c:1063 UCX  WARN  IB: ibv_fork_init() was disabled or failed, yet a fork() has been issued.
[1713782142.406335] [n-62-28-31:1808 :0]          ib_md.c:1064 UCX  WARN  IB: data corruption might occur when using registered memory.
[1713782142.406331] [n-62-28-31:1809 :0]          ib_md.c:1063 UCX  WARN  IB: ibv_fork_init() was disabled or failed, yet a fork() has been issued.
[1713782142.406370] [n-62-28-31:1809 :0]          ib_md.c:1064 UCX  WARN  IB: data corruption might occur when using registered memory.
[1713782142.406293] [n-62-28-31:1810 :0]          ib_md.c:1063 UCX  WARN  IB: ibv_fork_init() was disabled or failed, yet a fork() has been issued.
[1713782142.406334] [n-62-28-31:1810 :0]          ib_md.c:1064 UCX  WARN  IB: data corruption might occur when using registered memory.
[1713782142.406303] [n-62-28-31:1811 :0]          ib_md.c:1063 UCX  WARN  IB: ibv_fork_init() was disabled or failed, yet a fork() has been issued.
[1713782142.406339] [n-62-28-31:1811 :0]          ib_md.c:1064 UCX  WARN  IB: data corruption might occur when using registered memory.
[1713782142.406293] [n-62-28-31:1814 :0]          ib_md.c:1063 UCX  WARN  IB: ibv_fork_init() was disabled or failed, yet a fork() has been issued.
[1713782142.406362] [n-62-28-31:1814 :0]          ib_md.c:1064 UCX  WARN  IB: data corruption might occur when using registered memory.
[1713782142.406324] [n-62-28-31:1816 :0]          ib_md.c:1063 UCX  WARN  IB: ibv_fork_init() was disabled or failed, yet a fork() has been issued.
[1713782142.406358] [n-62-28-31:1816 :0]          ib_md.c:1064 UCX  WARN  IB: data corruption might occur when using registered memory.
[1713782142.406311] [n-62-28-31:1818 :0]          ib_md.c:1063 UCX  WARN  IB: ibv_fork_init() was disabled or failed, yet a fork() has been issued.
[1713782142.406353] [n-62-28-31:1818 :0]          ib_md.c:1064 UCX  WARN  IB: data corruption might occur when using registered memory.
[1713782142.406349] [n-62-28-31:1806 :0]          ib_md.c:1063 UCX  WARN  IB: ibv_fork_init() was disabled or failed, yet a fork() has been issued.
[1713782142.406382] [n-62-28-31:1806 :0]          ib_md.c:1064 UCX  WARN  IB: data corruption might occur when using registered memory.
[1713782142.406376] [n-62-28-31:1815 :0]          ib_md.c:1063 UCX  WARN  IB: ibv_fork_init() was disabled or failed, yet a fork() has been issued.
[1713782142.406412] [n-62-28-31:1815 :0]          ib_md.c:1064 UCX  WARN  IB: data corruption might occur when using registered memory.
[1713782142.406372] [n-62-28-31:1817 :0]          ib_md.c:1063 UCX  WARN  IB: ibv_fork_init() was disabled or failed, yet a fork() has been issued.
[1713782142.406425] [n-62-28-31:1817 :0]          ib_md.c:1064 UCX  WARN  IB: data corruption might occur when using registered memory.
[1713782142.406655] [n-62-28-31:1819 :0]          ib_md.c:1063 UCX  WARN  IB: ibv_fork_init() was disabled or failed, yet a fork() has been issued.
[1713782142.406695] [n-62-28-31:1819 :0]          ib_md.c:1064 UCX  WARN  IB: data corruption might occur when using registered memory.
Calculating ground state
31 q-points in the path
=====================================
Calculating ground state
Calculating ground state
Calculating ground state
31 q-points in the path
Calculating ground state
Calculating q=[0. 0. 0.]
Calculating ground state
31 q-points in the path
31 q-points in the path
=====================================
Calculating ground state
31 q-points in the path
=====================================
Calculating ground state
31 q-points in the path
31 q-points in the path
Calculating ground state
31 q-points in the path
=====================================
=====================================
=====================================
Calculating ground state
31 q-points in the path
=====================================
=====================================
=====================================
Calculating ground state
31 q-points in the path
=====================================
31 q-points in the path
=====================================
Calculating ground state
31 q-points in the path
=====================================
Calculating q=[0. 0. 0.]
Calculating q=[0. 0. 0.]
Calculating q=[0. 0. 0.]
Calculating q=[0. 0. 0.]
Calculating q=[0. 0. 0.]
Calculating q=[0. 0. 0.]
Calculating q=[0. 0. 0.]
Calculating q=[0. 0. 0.]
Calculating q=[0. 0. 0.]
Calculating q=[0. 0. 0.]
Calculating q=[0. 0. 0.]
