venv: /zhome/87/8/147075/venv-name/bin/activate
[1714554742.692559] [n-62-28-28:1167 :0]          ib_md.c:1063 UCX  WARN  IB: ibv_fork_init() was disabled or failed, yet a fork() has been issued.
[1714554742.692563] [n-62-28-28:1168 :0]          ib_md.c:1063 UCX  WARN  IB: ibv_fork_init() was disabled or failed, yet a fork() has been issued.
[1714554742.692594] [n-62-28-28:1168 :0]          ib_md.c:1064 UCX  WARN  IB: data corruption might occur when using registered memory.
[1714554742.692588] [n-62-28-28:1172 :0]          ib_md.c:1063 UCX  WARN  IB: ibv_fork_init() was disabled or failed, yet a fork() has been issued.
[1714554742.692618] [n-62-28-28:1172 :0]          ib_md.c:1064 UCX  WARN  IB: data corruption might occur when using registered memory.
[1714554742.692575] [n-62-28-28:1173 :0]          ib_md.c:1063 UCX  WARN  IB: ibv_fork_init() was disabled or failed, yet a fork() has been issued.
[1714554742.692604] [n-62-28-28:1173 :0]          ib_md.c:1064 UCX  WARN  IB: data corruption might occur when using registered memory.
[1714554742.692592] [n-62-28-28:1175 :0]          ib_md.c:1063 UCX  WARN  IB: ibv_fork_init() was disabled or failed, yet a fork() has been issued.
[1714554742.692624] [n-62-28-28:1175 :0]          ib_md.c:1064 UCX  WARN  IB: data corruption might occur when using registered memory.
[1714554742.692596] [n-62-28-28:1176 :0]          ib_md.c:1063 UCX  WARN  IB: ibv_fork_init() was disabled or failed, yet a fork() has been issued.
[1714554742.692626] [n-62-28-28:1176 :0]          ib_md.c:1064 UCX  WARN  IB: data corruption might occur when using registered memory.
[1714554742.692613] [n-62-28-28:1170 :0]          ib_md.c:1063 UCX  WARN  IB: ibv_fork_init() was disabled or failed, yet a fork() has been issued.
[1714554742.692654] [n-62-28-28:1170 :0]          ib_md.c:1064 UCX  WARN  IB: data corruption might occur when using registered memory.
[1714554742.692656] [n-62-28-28:1171 :0]          ib_md.c:1063 UCX  WARN  IB: ibv_fork_init() was disabled or failed, yet a fork() has been issued.
[1714554742.692691] [n-62-28-28:1171 :0]          ib_md.c:1064 UCX  WARN  IB: data corruption might occur when using registered memory.
[1714554742.692627] [n-62-28-28:1167 :0]          ib_md.c:1064 UCX  WARN  IB: data corruption might occur when using registered memory.
[1714554742.692770] [n-62-28-28:1169 :0]          ib_md.c:1063 UCX  WARN  IB: ibv_fork_init() was disabled or failed, yet a fork() has been issued.
[1714554742.692803] [n-62-28-28:1169 :0]          ib_md.c:1064 UCX  WARN  IB: data corruption might occur when using registered memory.
[1714554742.692797] [n-62-28-28:1174 :0]          ib_md.c:1063 UCX  WARN  IB: ibv_fork_init() was disabled or failed, yet a fork() has been issued.
[1714554742.692830] [n-62-28-28:1174 :0]          ib_md.c:1064 UCX  WARN  IB: data corruption might occur when using registered memory.
[1714554742.692786] [n-62-28-28:1178 :0]          ib_md.c:1063 UCX  WARN  IB: ibv_fork_init() was disabled or failed, yet a fork() has been issued.
[1714554742.692824] [n-62-28-28:1178 :0]          ib_md.c:1064 UCX  WARN  IB: data corruption might occur when using registered memory.
[1714554742.694074] [n-62-28-28:1179 :0]          ib_md.c:1063 UCX  WARN  IB: ibv_fork_init() was disabled or failed, yet a fork() has been issued.
[1714554742.694111] [n-62-28-28:1179 :0]          ib_md.c:1064 UCX  WARN  IB: data corruption might occur when using registered memory.
Calculating ground state
14 q-points in the path
=====================================
Calculating ground state
14 q-points in the path
=====================================
Calculating ground state
14 q-points in the path
=====================================
Calculating ground state
14 q-points in the path
=====================================
Calculating ground state
14 q-points in the path
=====================================
Calculating ground state
14 q-points in the path
=====================================
Calculating ground state
14 q-points in the path
=====================================
Calculating ground state
14 q-points in the path
=====================================
Calculating ground state
14 q-points in the path
=====================================
Calculating q=[0.18333333333333332, 0.18333333333333332, 0]
Calculating q=[0.18333333333333332, 0.18333333333333332, 0]
Calculating q=[0.18333333333333332, 0.18333333333333332, 0]
Calculating q=[0.18333333333333332, 0.18333333333333332, 0]
Calculating ground state
14 q-points in the path
=====================================
Calculating q=[0.18333333333333332, 0.18333333333333332, 0]
Calculating q=[0.18333333333333332, 0.18333333333333332, 0]
Calculating ground state
14 q-points in the path
=====================================
Calculating q=[0.18333333333333332, 0.18333333333333332, 0]
Calculating q=[0.18333333333333332, 0.18333333333333332, 0]
Calculating q=[0.18333333333333332, 0.18333333333333332, 0]
Calculating q=[0.18333333333333332, 0.18333333333333332, 0]
Calculating ground state
14 q-points in the path
=====================================
Calculating q=[0.18333333333333332, 0.18333333333333332, 0]
Calculating q=[0.18333333333333332, 0.18333333333333332, 0]
Energy: -15.663697751310762 eV
Magnetic moment: -2.046773966100259e-15 Bohr magnetons
Calculating q=[0.2, 0.18333333333333332, 0]
Energy: -15.663697751310762 eV
Magnetic moment: -2.046773966100259e-15 Bohr magnetons
Calculating q=[0.2, 0.18333333333333332, 0]
Energy: -15.663697751310762 eV
Magnetic moment: -2.046773966100259e-15 Bohr magnetons
Calculating q=[0.2, 0.18333333333333332, 0]
Energy: -15.663697751310762 eV
Magnetic moment: -2.046773966100259e-15 Bohr magnetons
Calculating q=[0.2, 0.18333333333333332, 0]
Energy: -15.663697751310762 eV
Magnetic moment: -2.046773966100259e-15 Bohr magnetons
Calculating q=[0.2, 0.18333333333333332, 0]
Energy: -15.663697751310762 eV
Magnetic moment: -2.046773966100259e-15 Bohr magnetons
Calculating q=[0.2, 0.18333333333333332, 0]
Energy: -15.663697751310762 eV
Magnetic moment: -2.046773966100259e-15 Bohr magnetons
Calculating q=[0.2, 0.18333333333333332, 0]
Energy: -15.663697751310762 eV
Magnetic moment: -2.046773966100259e-15 Bohr magnetons
Calculating q=[0.2, 0.18333333333333332, 0]
Energy: -15.663697751310762 eV
Magnetic moment: -2.046773966100259e-15 Bohr magnetons
Calculating q=[0.2, 0.18333333333333332, 0]
Energy: -15.663697751310762 eV
Magnetic moment: -2.046773966100259e-15 Bohr magnetons
Energy: -15.663697751310762 eV
Magnetic moment: -2.046773966100259e-15 Bohr magnetons
Calculating q=[0.2, 0.18333333333333332, 0]
Calculating q=[0.2, 0.18333333333333332, 0]
Energy: -15.663697751310762 eV
Magnetic moment: -2.046773966100259e-15 Bohr magnetons
Calculating q=[0.2, 0.18333333333333332, 0]
Energy: -15.664822716955122 eV
Magnetic moment: 5.5517404812302756e-15 Bohr magnetons
Energy: -15.664822716955122 eV
Magnetic moment: 5.5517404812302756e-15 Bohr magnetons
Calculating q=[0.21666666666666667, 0.18333333333333332, 0]
Energy: -15.664822716955122 eV
Magnetic moment: 5.5517404812302756e-15 Bohr magnetons
Calculating q=[0.21666666666666667, 0.18333333333333332, 0]
Energy: -15.664822716955122 eV
Magnetic moment: 5.5517404812302756e-15 Bohr magnetons
Calculating q=[0.21666666666666667, 0.18333333333333332, 0]
Energy: -15.664822716955122 eV
Magnetic moment: 5.5517404812302756e-15 Bohr magnetons
Calculating q=[0.21666666666666667, 0.18333333333333332, 0]
Energy: -15.664822716955122 eV
Magnetic moment: 5.5517404812302756e-15 Bohr magnetons
Calculating q=[0.21666666666666667, 0.18333333333333332, 0]
Energy: -15.664822716955122 eV
Magnetic moment: 5.5517404812302756e-15 Bohr magnetons
Calculating q=[0.21666666666666667, 0.18333333333333332, 0]
Energy: -15.664822716955122 eV
Magnetic moment: 5.5517404812302756e-15 Bohr magnetons
Calculating q=[0.21666666666666667, 0.18333333333333332, 0]
Energy: -15.664822716955122 eV
Magnetic moment: 5.5517404812302756e-15 Bohr magnetons
Calculating q=[0.21666666666666667, 0.18333333333333332, 0]
Energy: -15.664822716955122 eV
Magnetic moment: 5.5517404812302756e-15 Bohr magnetons
Calculating q=[0.21666666666666667, 0.18333333333333332, 0]
Energy: -15.664822716955122 eV
Magnetic moment: 5.5517404812302756e-15 Bohr magnetons
Calculating q=[0.21666666666666667, 0.18333333333333332, 0]
Calculating q=[0.21666666666666667, 0.18333333333333332, 0]
Energy: -15.664822716955122 eV
Magnetic moment: 5.5517404812302756e-15 Bohr magnetons
Calculating q=[0.21666666666666667, 0.18333333333333332, 0]
Energy: -15.665872810183075 eV
Magnetic moment: 1.5865810142719601e-15 Bohr magnetons
Energy: -15.665872810183075 eV
Magnetic moment: 1.5865810142719601e-15 Bohr magnetons
Calculating q=[0.23333333333333334, 0.18333333333333332, 0]
Energy: -15.665872810183075 eV
Magnetic moment: 1.5865810142719601e-15 Bohr magnetons
Calculating q=[0.23333333333333334, 0.18333333333333332, 0]
Energy: -15.665872810183075 eV
Magnetic moment: 1.5865810142719601e-15 Bohr magnetons
Calculating q=[0.23333333333333334, 0.18333333333333332, 0]
Energy: -15.665872810183075 eV
Magnetic moment: 1.5865810142719601e-15 Bohr magnetons
Calculating q=[0.23333333333333334, 0.18333333333333332, 0]
Energy: -15.665872810183075 eV
Magnetic moment: 1.5865810142719601e-15 Bohr magnetons
Calculating q=[0.23333333333333334, 0.18333333333333332, 0]
Energy: -15.665872810183075 eV
Magnetic moment: 1.5865810142719601e-15 Bohr magnetons
Calculating q=[0.23333333333333334, 0.18333333333333332, 0]
Energy: -15.665872810183075 eV
Magnetic moment: 1.5865810142719601e-15 Bohr magnetons
Calculating q=[0.23333333333333334, 0.18333333333333332, 0]
Energy: -15.665872810183075 eV
Magnetic moment: 1.5865810142719601e-15 Bohr magnetons
Calculating q=[0.23333333333333334, 0.18333333333333332, 0]
Calculating q=[0.23333333333333334, 0.18333333333333332, 0]
Energy: -15.665872810183075 eV
Magnetic moment: 1.5865810142719601e-15 Bohr magnetons
Calculating q=[0.23333333333333334, 0.18333333333333332, 0]
Energy: -15.665872810183075 eV
Magnetic moment: 1.5865810142719601e-15 Bohr magnetons
Calculating q=[0.23333333333333334, 0.18333333333333332, 0]
Energy: -15.665872810183075 eV
Magnetic moment: 1.5865810142719601e-15 Bohr magnetons
Calculating q=[0.23333333333333334, 0.18333333333333332, 0]
Energy: -15.666843405678053 eV
Magnetic moment: -9.609485652103456e-16 Bohr magnetons
Calculating q=[0.25, 0.18333333333333332, 0]
Energy: -15.666843405678053 eV
Magnetic moment: -9.609485652103456e-16 Bohr magnetons
Calculating q=[0.25, 0.18333333333333332, 0]
Energy: -15.666843405678053 eV
Magnetic moment: -9.609485652103456e-16 Bohr magnetons
Calculating q=[0.25, 0.18333333333333332, 0]
Energy: -15.666843405678053 eV
Magnetic moment: -9.609485652103456e-16 Bohr magnetons
Calculating q=[0.25, 0.18333333333333332, 0]
Energy: -15.666843405678053 eV
Magnetic moment: -9.609485652103456e-16 Bohr magnetons
Calculating q=[0.25, 0.18333333333333332, 0]
Energy: -15.666843405678053 eV
Magnetic moment: -9.609485652103456e-16 Bohr magnetons
Calculating q=[0.25, 0.18333333333333332, 0]
Energy: -15.666843405678053 eV
Magnetic moment: -9.609485652103456e-16 Bohr magnetons
Calculating q=[0.25, 0.18333333333333332, 0]
Energy: -15.666843405678053 eV
Magnetic moment: -9.609485652103456e-16 Bohr magnetons
Calculating q=[0.25, 0.18333333333333332, 0]
Energy: -15.666843405678053 eV
Magnetic moment: -9.609485652103456e-16 Bohr magnetons
Calculating q=[0.25, 0.18333333333333332, 0]
Energy: -15.666843405678053 eV
Magnetic moment: -9.609485652103456e-16 Bohr magnetons
Calculating q=[0.25, 0.18333333333333332, 0]
Energy: -15.666843405678053 eV
Magnetic moment: -9.609485652103456e-16 Bohr magnetons
Calculating q=[0.25, 0.18333333333333332, 0]
Energy: -15.666843405678053 eV
Magnetic moment: -9.609485652103456e-16 Bohr magnetons
Calculating q=[0.25, 0.18333333333333332, 0]
Energy: -15.667725730536723 eV
Magnetic moment: 1.6063619814852505e-15 Bohr magnetons
Calculating q=[0.26666666666666666, 0.18333333333333332, 0]
Energy: -15.667725730536723 eV
Magnetic moment: 1.6063619814852505e-15 Bohr magnetons
Calculating q=[0.26666666666666666, 0.18333333333333332, 0]
Energy: -15.667725730536723 eV
Magnetic moment: 1.6063619814852505e-15 Bohr magnetons
Calculating q=[0.26666666666666666, 0.18333333333333332, 0]
Energy: -15.667725730536723 eV
Magnetic moment: 1.6063619814852505e-15 Bohr magnetons
Calculating q=[0.26666666666666666, 0.18333333333333332, 0]
Energy: -15.667725730536723 eV
Magnetic moment: 1.6063619814852505e-15 Bohr magnetons
Calculating q=[0.26666666666666666, 0.18333333333333332, 0]
Energy: -15.667725730536723 eV
Magnetic moment: 1.6063619814852505e-15 Bohr magnetons
Calculating q=[0.26666666666666666, 0.18333333333333332, 0]
Energy: -15.667725730536723 eV
Magnetic moment: 1.6063619814852505e-15 Bohr magnetons
Calculating q=[0.26666666666666666, 0.18333333333333332, 0]
Energy: -15.667725730536723 eV
Magnetic moment: 1.6063619814852505e-15 Bohr magnetons
Calculating q=[0.26666666666666666, 0.18333333333333332, 0]
Energy: -15.667725730536723 eV
Magnetic moment: 1.6063619814852505e-15 Bohr magnetons
Calculating q=[0.26666666666666666, 0.18333333333333332, 0]
Energy: -15.667725730536723 eV
Magnetic moment: 1.6063619814852505e-15 Bohr magnetons
Calculating q=[0.26666666666666666, 0.18333333333333332, 0]
Energy: -15.667725730536723 eV
Magnetic moment: 1.6063619814852505e-15 Bohr magnetons
Calculating q=[0.26666666666666666, 0.18333333333333332, 0]
Energy: -15.667725730536723 eV
Magnetic moment: 1.6063619814852505e-15 Bohr magnetons
Calculating q=[0.26666666666666666, 0.18333333333333332, 0]
Energy: -15.668519129384642 eV
Magnetic moment: 1.0548767077447858e-15 Bohr magnetons
Calculating q=[0.2833333333333333, 0.18333333333333332, 0]
Energy: -15.668519129384642 eV
Magnetic moment: 1.0548767077447858e-15 Bohr magnetons
Calculating q=[0.2833333333333333, 0.18333333333333332, 0]
Energy: -15.668519129384642 eV
Magnetic moment: 1.0548767077447858e-15 Bohr magnetons
Calculating q=[0.2833333333333333, 0.18333333333333332, 0]
Energy: -15.668519129384642 eV
Magnetic moment: 1.0548767077447858e-15 Bohr magnetons
Calculating q=[0.2833333333333333, 0.18333333333333332, 0]
Energy: -15.668519129384642 eV
Magnetic moment: 1.0548767077447858e-15 Bohr magnetons
Calculating q=[0.2833333333333333, 0.18333333333333332, 0]
Energy: -15.668519129384642 eV
Magnetic moment: 1.0548767077447858e-15 Bohr magnetons
Calculating q=[0.2833333333333333, 0.18333333333333332, 0]
Energy: -15.668519129384642 eV
Magnetic moment: 1.0548767077447858e-15 Bohr magnetons
Calculating q=[0.2833333333333333, 0.18333333333333332, 0]
Energy: -15.668519129384642 eV
Magnetic moment: 1.0548767077447858e-15 Bohr magnetons
Calculating q=[0.2833333333333333, 0.18333333333333332, 0]
Energy: -15.668519129384642 eV
Magnetic moment: 1.0548767077447858e-15 Bohr magnetons
Calculating q=[0.2833333333333333, 0.18333333333333332, 0]
Energy: -15.668519129384642 eV
Magnetic moment: 1.0548767077447858e-15 Bohr magnetons
Calculating q=[0.2833333333333333, 0.18333333333333332, 0]
Energy: -15.668519129384642 eV
Magnetic moment: 1.0548767077447858e-15 Bohr magnetons
Calculating q=[0.2833333333333333, 0.18333333333333332, 0]
Energy: -15.668519129384642 eV
Magnetic moment: 1.0548767077447858e-15 Bohr magnetons
Calculating q=[0.2833333333333333, 0.18333333333333332, 0]
Energy: -15.669220298245909 eV
Magnetic moment: -7.081336421811494e-16 Bohr magnetons
Calculating q=[0.3, 0.18333333333333332, 0]
Energy: -15.669220298245909 eV
Magnetic moment: -7.081336421811494e-16 Bohr magnetons
Calculating q=[0.3, 0.18333333333333332, 0]
Energy: -15.669220298245909 eV
Magnetic moment: -7.081336421811494e-16 Bohr magnetons
Calculating q=[0.3, 0.18333333333333332, 0]
Energy: -15.669220298245909 eV
Magnetic moment: -7.081336421811494e-16 Bohr magnetons
Calculating q=[0.3, 0.18333333333333332, 0]
Energy: -15.669220298245909 eV
Magnetic moment: -7.081336421811494e-16 Bohr magnetons
Calculating q=[0.3, 0.18333333333333332, 0]
Energy: -15.669220298245909 eV
Magnetic moment: -7.081336421811494e-16 Bohr magnetons
Calculating q=[0.3, 0.18333333333333332, 0]
Energy: -15.669220298245909 eV
Magnetic moment: -7.081336421811494e-16 Bohr magnetons
Calculating q=[0.3, 0.18333333333333332, 0]
Energy: -15.669220298245909 eV
Magnetic moment: -7.081336421811494e-16 Bohr magnetons
Calculating q=[0.3, 0.18333333333333332, 0]
Energy: -15.669220298245909 eV
Magnetic moment: -7.081336421811494e-16 Bohr magnetons
Calculating q=[0.3, 0.18333333333333332, 0]
Energy: -15.669220298245909 eV
Magnetic moment: -7.081336421811494e-16 Bohr magnetons
Calculating q=[0.3, 0.18333333333333332, 0]
Energy: -15.669220298245909 eV
Magnetic moment: -7.081336421811494e-16 Bohr magnetons
Calculating q=[0.3, 0.18333333333333332, 0]
Energy: -15.669220298245909 eV
Magnetic moment: -7.081336421811494e-16 Bohr magnetons
Calculating q=[0.3, 0.18333333333333332, 0]
Energy: -15.669828952526894 eV
Magnetic moment: -7.507647954060848e-15 Bohr magnetons
Energy: -15.669828952526894 eV
Magnetic moment: -7.507647954060848e-15 Bohr magnetons
Calculating q=[0.31666666666666665, 0.18333333333333332, 0]
Energy: -15.669828952526894 eV
Magnetic moment: -7.507647954060848e-15 Bohr magnetons
Calculating q=[0.31666666666666665, 0.18333333333333332, 0]
Energy: -15.669828952526894 eV
Magnetic moment: -7.507647954060848e-15 Bohr magnetons
Calculating q=[0.31666666666666665, 0.18333333333333332, 0]
Energy: -15.669828952526894 eV
Magnetic moment: -7.507647954060848e-15 Bohr magnetons
Calculating q=[0.31666666666666665, 0.18333333333333332, 0]
Energy: -15.669828952526894 eV
Magnetic moment: -7.507647954060848e-15 Bohr magnetons
Calculating q=[0.31666666666666665, 0.18333333333333332, 0]
Energy: -15.669828952526894 eV
Magnetic moment: -7.507647954060848e-15 Bohr magnetons
Calculating q=[0.31666666666666665, 0.18333333333333332, 0]
Energy: -15.669828952526894 eV
Magnetic moment: -7.507647954060848e-15 Bohr magnetons
Calculating q=[0.31666666666666665, 0.18333333333333332, 0]
Energy: -15.669828952526894 eV
Magnetic moment: -7.507647954060848e-15 Bohr magnetons
Calculating q=[0.31666666666666665, 0.18333333333333332, 0]
Energy: -15.669828952526894 eV
Magnetic moment: -7.507647954060848e-15 Bohr magnetons
Calculating q=[0.31666666666666665, 0.18333333333333332, 0]
Energy: -15.669828952526894 eV
Magnetic moment: -7.507647954060848e-15 Bohr magnetons
Calculating q=[0.31666666666666665, 0.18333333333333332, 0]
Calculating q=[0.31666666666666665, 0.18333333333333332, 0]
Energy: -15.669828952526894 eV
Magnetic moment: -7.507647954060848e-15 Bohr magnetons
Calculating q=[0.31666666666666665, 0.18333333333333332, 0]
Energy: -15.67034355421347 eV
Magnetic moment: -1.7507760160081025e-15 Bohr magnetons
Energy: -15.67034355421347 eV
Magnetic moment: -1.7507760160081025e-15 Bohr magnetons
Calculating q=[0.3333333333333333, 0.18333333333333332, 0]
Energy: -15.67034355421347 eV
Magnetic moment: -1.7507760160081025e-15 Bohr magnetons
Calculating q=[0.3333333333333333, 0.18333333333333332, 0]
Energy: -15.67034355421347 eV
Magnetic moment: -1.7507760160081025e-15 Bohr magnetons
Calculating q=[0.3333333333333333, 0.18333333333333332, 0]
Energy: -15.67034355421347 eV
Magnetic moment: -1.7507760160081025e-15 Bohr magnetons
Calculating q=[0.3333333333333333, 0.18333333333333332, 0]
Energy: -15.67034355421347 eV
Magnetic moment: -1.7507760160081025e-15 Bohr magnetons
Calculating q=[0.3333333333333333, 0.18333333333333332, 0]
Energy: -15.67034355421347 eV
Magnetic moment: -1.7507760160081025e-15 Bohr magnetons
Calculating q=[0.3333333333333333, 0.18333333333333332, 0]
Energy: -15.67034355421347 eV
Magnetic moment: -1.7507760160081025e-15 Bohr magnetons
Calculating q=[0.3333333333333333, 0.18333333333333332, 0]
Energy: -15.67034355421347 eV
Magnetic moment: -1.7507760160081025e-15 Bohr magnetons
Calculating q=[0.3333333333333333, 0.18333333333333332, 0]
Energy: -15.67034355421347 eV
Magnetic moment: -1.7507760160081025e-15 Bohr magnetons
Calculating q=[0.3333333333333333, 0.18333333333333332, 0]
Energy: -15.67034355421347 eV
Magnetic moment: -1.7507760160081025e-15 Bohr magnetons
Calculating q=[0.3333333333333333, 0.18333333333333332, 0]
Calculating q=[0.3333333333333333, 0.18333333333333332, 0]
Energy: -15.67034355421347 eV
Magnetic moment: -1.7507760160081025e-15 Bohr magnetons
Calculating q=[0.3333333333333333, 0.18333333333333332, 0]
Energy: -15.6707699475448 eV
Magnetic moment: -7.512427387302179e-15 Bohr magnetons
Energy: -15.6707699475448 eV
Magnetic moment: -7.512427387302179e-15 Bohr magnetons
Calculating q=[0.35, 0.18333333333333332, 0]
Energy: -15.6707699475448 eV
Magnetic moment: -7.512427387302179e-15 Bohr magnetons
Calculating q=[0.35, 0.18333333333333332, 0]
Energy: -15.6707699475448 eV
Magnetic moment: -7.512427387302179e-15 Bohr magnetons
Calculating q=[0.35, 0.18333333333333332, 0]
Energy: -15.6707699475448 eV
Magnetic moment: -7.512427387302179e-15 Bohr magnetons
Calculating q=[0.35, 0.18333333333333332, 0]
Energy: -15.6707699475448 eV
Magnetic moment: -7.512427387302179e-15 Bohr magnetons
Calculating q=[0.35, 0.18333333333333332, 0]
Energy: -15.6707699475448 eV
Magnetic moment: -7.512427387302179e-15 Bohr magnetons
Calculating q=[0.35, 0.18333333333333332, 0]
Energy: -15.6707699475448 eV
Magnetic moment: -7.512427387302179e-15 Bohr magnetons
Calculating q=[0.35, 0.18333333333333332, 0]
Energy: -15.6707699475448 eV
Magnetic moment: -7.512427387302179e-15 Bohr magnetons
Calculating q=[0.35, 0.18333333333333332, 0]
Energy: -15.6707699475448 eV
Magnetic moment: -7.512427387302179e-15 Bohr magnetons
Calculating q=[0.35, 0.18333333333333332, 0]
Energy: -15.6707699475448 eV
Magnetic moment: -7.512427387302179e-15 Bohr magnetons
Calculating q=[0.35, 0.18333333333333332, 0]
Calculating q=[0.35, 0.18333333333333332, 0]
Energy: -15.6707699475448 eV
Magnetic moment: -7.512427387302179e-15 Bohr magnetons
Calculating q=[0.35, 0.18333333333333332, 0]
Energy: -15.671104244615407 eV
Magnetic moment: 2.4678912181468605e-15 Bohr magnetons
Energy: -15.671104244615407 eV
Magnetic moment: 2.4678912181468605e-15 Bohr magnetons
Calculating q=[0.36666666666666664, 0.18333333333333332, 0]
Energy: -15.671104244615407 eV
Magnetic moment: 2.4678912181468605e-15 Bohr magnetons
Calculating q=[0.36666666666666664, 0.18333333333333332, 0]
Energy: -15.671104244615407 eV
Magnetic moment: 2.4678912181468605e-15 Bohr magnetons
Calculating q=[0.36666666666666664, 0.18333333333333332, 0]
Energy: -15.671104244615407 eV
Magnetic moment: 2.4678912181468605e-15 Bohr magnetons
Calculating q=[0.36666666666666664, 0.18333333333333332, 0]
Energy: -15.671104244615407 eV
Magnetic moment: 2.4678912181468605e-15 Bohr magnetons
Calculating q=[0.36666666666666664, 0.18333333333333332, 0]
Energy: -15.671104244615407 eV
Magnetic moment: 2.4678912181468605e-15 Bohr magnetons
Calculating q=[0.36666666666666664, 0.18333333333333332, 0]
Energy: -15.671104244615407 eV
Magnetic moment: 2.4678912181468605e-15 Bohr magnetons
Calculating q=[0.36666666666666664, 0.18333333333333332, 0]
Energy: -15.671104244615407 eV
Magnetic moment: 2.4678912181468605e-15 Bohr magnetons
Calculating q=[0.36666666666666664, 0.18333333333333332, 0]
Energy: -15.671104244615407 eV
Magnetic moment: 2.4678912181468605e-15 Bohr magnetons
Calculating q=[0.36666666666666664, 0.18333333333333332, 0]
Energy: -15.671104244615407 eV
Magnetic moment: 2.4678912181468605e-15 Bohr magnetons
Calculating q=[0.36666666666666664, 0.18333333333333332, 0]
Calculating q=[0.36666666666666664, 0.18333333333333332, 0]
Energy: -15.671104244615407 eV
Magnetic moment: 2.4678912181468605e-15 Bohr magnetons
Calculating q=[0.36666666666666664, 0.18333333333333332, 0]
Energy: -15.671352581740377 eV
Magnetic moment: 8.680492459038505e-15 Bohr magnetons
Energy: -15.671352581740377 eV
Magnetic moment: 8.680492459038505e-15 Bohr magnetons
Calculating q=[0.3833333333333333, 0.18333333333333332, 0]
Energy: -15.671352581740377 eV
Magnetic moment: 8.680492459038505e-15 Bohr magnetons
Calculating q=[0.3833333333333333, 0.18333333333333332, 0]
Energy: -15.671352581740377 eV
Magnetic moment: 8.680492459038505e-15 Bohr magnetons
Calculating q=[0.3833333333333333, 0.18333333333333332, 0]
Energy: -15.671352581740377 eV
Magnetic moment: 8.680492459038505e-15 Bohr magnetons
Calculating q=[0.3833333333333333, 0.18333333333333332, 0]
Energy: -15.671352581740377 eV
Magnetic moment: 8.680492459038505e-15 Bohr magnetons
Calculating q=[0.3833333333333333, 0.18333333333333332, 0]
Energy: -15.671352581740377 eV
Magnetic moment: 8.680492459038505e-15 Bohr magnetons
Calculating q=[0.3833333333333333, 0.18333333333333332, 0]
Energy: -15.671352581740377 eV
Magnetic moment: 8.680492459038505e-15 Bohr magnetons
Calculating q=[0.3833333333333333, 0.18333333333333332, 0]
Energy: -15.671352581740377 eV
Magnetic moment: 8.680492459038505e-15 Bohr magnetons
Calculating q=[0.3833333333333333, 0.18333333333333332, 0]
Energy: -15.671352581740377 eV
Magnetic moment: 8.680492459038505e-15 Bohr magnetons
Calculating q=[0.3833333333333333, 0.18333333333333332, 0]
Energy: -15.671352581740377 eV
Magnetic moment: 8.680492459038505e-15 Bohr magnetons
Calculating q=[0.3833333333333333, 0.18333333333333332, 0]
Calculating q=[0.3833333333333333, 0.18333333333333332, 0]
Energy: -15.671352581740377 eV
Magnetic moment: 8.680492459038505e-15 Bohr magnetons
Calculating q=[0.3833333333333333, 0.18333333333333332, 0]
Energy: -15.67151475638231 eV
Magnetic moment: 4.783642258325499e-16 Bohr magnetons
Calculating q=[0.4, 0.18333333333333332, 0]
Energy: -15.67151475638231 eV
Magnetic moment: 4.783642258325499e-16 Bohr magnetons
Calculating q=[0.4, 0.18333333333333332, 0]
Energy: -15.67151475638231 eV
Magnetic moment: 4.783642258325499e-16 Bohr magnetons
Calculating q=[0.4, 0.18333333333333332, 0]
Energy: -15.67151475638231 eV
Magnetic moment: 4.783642258325499e-16 Bohr magnetons
Calculating q=[0.4, 0.18333333333333332, 0]
Energy: -15.67151475638231 eV
Magnetic moment: 4.783642258325499e-16 Bohr magnetons
Calculating q=[0.4, 0.18333333333333332, 0]
Energy: -15.67151475638231 eV
Magnetic moment: 4.783642258325499e-16 Bohr magnetons
Calculating q=[0.4, 0.18333333333333332, 0]
Energy: -15.67151475638231 eV
Magnetic moment: 4.783642258325499e-16 Bohr magnetons
Calculating q=[0.4, 0.18333333333333332, 0]
Energy: -15.67151475638231 eV
Magnetic moment: 4.783642258325499e-16 Bohr magnetons
Calculating q=[0.4, 0.18333333333333332, 0]
Energy: -15.67151475638231 eV
Magnetic moment: 4.783642258325499e-16 Bohr magnetons
Calculating q=[0.4, 0.18333333333333332, 0]
Energy: -15.67151475638231 eV
Magnetic moment: 4.783642258325499e-16 Bohr magnetons
Calculating q=[0.4, 0.18333333333333332, 0]
Energy: -15.67151475638231 eV
Magnetic moment: 4.783642258325499e-16 Bohr magnetons
Calculating q=[0.4, 0.18333333333333332, 0]
Energy: -15.67151475638231 eV
Magnetic moment: 4.783642258325499e-16 Bohr magnetons
Calculating q=[0.4, 0.18333333333333332, 0]
Energy: -15.671592075462796 eV
Magnetic moment: 6.843091395116901e-15 Bohr magnetons
Energy: -15.671592075462796 eV
Magnetic moment: 6.843091395116901e-15 Bohr magnetons
Energy: -15.671592075462796 eV
Magnetic moment: 6.843091395116901e-15 Bohr magnetons
Energy: -15.671592075462796 eV
Magnetic moment: 6.843091395116901e-15 Bohr magnetons
Energy: -15.671592075462796 eV
Magnetic moment: 6.843091395116901e-15 Bohr magnetons
Energy: -15.671592075462796 eV
Magnetic moment: 6.843091395116901e-15 Bohr magnetons
Energy: -15.671592075462796 eV
Magnetic moment: 6.843091395116901e-15 Bohr magnetons
Energy: -15.671592075462796 eV
Magnetic moment: 6.843091395116901e-15 Bohr magnetons
Energy: -15.671592075462796 eV
Magnetic moment: 6.843091395116901e-15 Bohr magnetons
Energy: -15.671592075462796 eV
Magnetic moment: 6.843091395116901e-15 Bohr magnetons
Energy: -15.671592075462796 eV
Magnetic moment: 6.843091395116901e-15 Bohr magnetons
Energy: -15.671592075462796 eV
Magnetic moment: 6.843091395116901e-15 Bohr magnetons

------------------------------------------------------------
Sender: LSF System <lsfadmin@hpc.dtu.dk>
Subject: Job 21664607: <H_11.0.py> in cluster <dcc> Done

Job <H_11.0.py> was submitted from host <n-62-27-18> by user <s194113> in cluster <dcc> at Wed May  1 11:12:16 2024
Job was executed on host(s) <12*n-62-28-28>, in queue <hpc>, as user <s194113> in cluster <dcc> at Wed May  1 11:12:16 2024
</zhome/87/8/147075> was used as the home directory.
</work3/s194113/10302/10302_NM/VBr2_2D_rough> was used as the working directory.
Started at Wed May  1 11:12:16 2024
Terminated at Wed May  1 13:11:46 2024
Results reported at Wed May  1 13:11:46 2024

Your job looked like:

------------------------------------------------------------
# LSBATCH: User input
#!/bin/bash -l
id=$LSB_JOBID
mq=/work3/s194113/10302/10302_NM/.myqueue/lsf-$id
source /zhome/87/8/147075/venv-name/bin/activate
echo "venv: /zhome/87/8/147075/venv-name/bin/activate"
(touch $mq-0 && \
 cd '/work3/s194113/10302/10302_NM/VBr2_2D_rough' && \
 mpiexec python3 H_11.0.py && \
 touch $mq-1) || \
(touch $mq-2; exit 1)

------------------------------------------------------------

Successfully completed.

Resource usage summary:

    CPU time :                                   85934.77 sec.
    Max Memory :                                 9058 MB
    Average Memory :                             6683.23 MB
    Total Requested Memory :                     73728.00 MB
    Delta Memory :                               64670.00 MB
    Max Swap :                                   -
    Max Processes :                              17
    Max Threads :                                57
    Run time :                                   7196 sec.
    Turnaround time :                            7170 sec.

The output (if any) is above this job summary.



PS:

Read file </work3/s194113/10302/10302_NM/VBr2_2D_rough/H_11.0.py.21664607.err> for stderr output of this job.

