venv: /zhome/87/8/147075/venv-name/bin/activate
[1714562784.083101] [n-62-28-28:13647:0]          ib_md.c:1063 UCX  WARN  IB: ibv_fork_init() was disabled or failed, yet a fork() has been issued.
[1714562784.083117] [n-62-28-28:13650:0]          ib_md.c:1063 UCX  WARN  IB: ibv_fork_init() was disabled or failed, yet a fork() has been issued.
[1714562784.083146] [n-62-28-28:13650:0]          ib_md.c:1064 UCX  WARN  IB: data corruption might occur when using registered memory.
[1714562784.083127] [n-62-28-28:13653:0]          ib_md.c:1063 UCX  WARN  IB: ibv_fork_init() was disabled or failed, yet a fork() has been issued.
[1714562784.083172] [n-62-28-28:13653:0]          ib_md.c:1064 UCX  WARN  IB: data corruption might occur when using registered memory.
[1714562784.083137] [n-62-28-28:13645:0]          ib_md.c:1063 UCX  WARN  IB: ibv_fork_init() was disabled or failed, yet a fork() has been issued.
[1714562784.083174] [n-62-28-28:13645:0]          ib_md.c:1064 UCX  WARN  IB: data corruption might occur when using registered memory.
[1714562784.083181] [n-62-28-28:13649:0]          ib_md.c:1063 UCX  WARN  IB: ibv_fork_init() was disabled or failed, yet a fork() has been issued.
[1714562784.084512] [n-62-28-28:13646:0]          ib_md.c:1063 UCX  WARN  IB: ibv_fork_init() was disabled or failed, yet a fork() has been issued.
[1714562784.084550] [n-62-28-28:13646:0]          ib_md.c:1064 UCX  WARN  IB: data corruption might occur when using registered memory.
[1714562784.083358] [n-62-28-28:13648:0]          ib_md.c:1063 UCX  WARN  IB: ibv_fork_init() was disabled or failed, yet a fork() has been issued.
[1714562784.083392] [n-62-28-28:13648:0]          ib_md.c:1064 UCX  WARN  IB: data corruption might occur when using registered memory.
[1714562784.083219] [n-62-28-28:13647:0]          ib_md.c:1064 UCX  WARN  IB: data corruption might occur when using registered memory.
[1714562784.083367] [n-62-28-28:13651:0]          ib_md.c:1063 UCX  WARN  IB: ibv_fork_init() was disabled or failed, yet a fork() has been issued.
[1714562784.083406] [n-62-28-28:13651:0]          ib_md.c:1064 UCX  WARN  IB: data corruption might occur when using registered memory.
[1714562784.083291] [n-62-28-28:13652:0]          ib_md.c:1063 UCX  WARN  IB: ibv_fork_init() was disabled or failed, yet a fork() has been issued.
[1714562784.083325] [n-62-28-28:13652:0]          ib_md.c:1064 UCX  WARN  IB: data corruption might occur when using registered memory.
[1714562784.083261] [n-62-28-28:13654:0]          ib_md.c:1063 UCX  WARN  IB: ibv_fork_init() was disabled or failed, yet a fork() has been issued.
[1714562784.083295] [n-62-28-28:13654:0]          ib_md.c:1064 UCX  WARN  IB: data corruption might occur when using registered memory.
[1714562784.083275] [n-62-28-28:13649:0]          ib_md.c:1064 UCX  WARN  IB: data corruption might occur when using registered memory.
[1714562784.087361] [n-62-28-28:13655:0]          ib_md.c:1063 UCX  WARN  IB: ibv_fork_init() was disabled or failed, yet a fork() has been issued.
[1714562784.087425] [n-62-28-28:13655:0]          ib_md.c:1064 UCX  WARN  IB: data corruption might occur when using registered memory.
[1714562784.091120] [n-62-28-28:13656:0]          ib_md.c:1063 UCX  WARN  IB: ibv_fork_init() was disabled or failed, yet a fork() has been issued.
[1714562784.091177] [n-62-28-28:13656:0]          ib_md.c:1064 UCX  WARN  IB: data corruption might occur when using registered memory.
Calculating ground state
4 q-points in the path
=====================================
Calculating q=[0.3, 0.3, 0]
Calculating ground state
Calculating ground state
4 q-points in the path
=====================================
4 q-points in the path
=====================================
Calculating q=[0.3, 0.3, 0]
Calculating ground state
4 q-points in the path
=====================================
Calculating q=[0.3, 0.3, 0]
Calculating ground state
4 q-points in the path
=====================================
Calculating q=[0.3, 0.3, 0]
Calculating ground state
4 q-points in the path
=====================================
Calculating q=[0.3, 0.3, 0]
Calculating q=[0.3, 0.3, 0]
Calculating ground state
4 q-points in the path
=====================================
Calculating q=[0.3, 0.3, 0]
Calculating ground state
4 q-points in the path
=====================================
Calculating q=[0.3, 0.3, 0]
Calculating ground state
4 q-points in the path
=====================================
Calculating q=[0.3, 0.3, 0]
Calculating ground state
4 q-points in the path
=====================================
Calculating q=[0.3, 0.3, 0]
Calculating ground state
4 q-points in the path
=====================================
Calculating q=[0.3, 0.3, 0]
Calculating ground state
4 q-points in the path
=====================================
Calculating q=[0.3, 0.3, 0]
Energy: -15.673827558047313 eV
Magnetic moment: -5.093957261649326e-16 Bohr magnetons
Energy: -15.673827558047313 eV
Magnetic moment: -5.093957261649326e-16 Bohr magnetons
Calculating q=[0.31666666666666665, 0.3, 0]
Energy: -15.673827558047313 eV
Energy: -15.673827558047313 eV
Magnetic moment: -5.093957261649326e-16 Bohr magnetons
Calculating q=[0.31666666666666665, 0.3, 0]
Energy: -15.673827558047313 eV
Magnetic moment: -5.093957261649326e-16 Bohr magnetons
Calculating q=[0.31666666666666665, 0.3, 0]
Energy: -15.673827558047313 eV
Magnetic moment: -5.093957261649326e-16 Bohr magnetons
Calculating q=[0.31666666666666665, 0.3, 0]
Energy: -15.673827558047313 eV
Magnetic moment: -5.093957261649326e-16 Bohr magnetons
Calculating q=[0.31666666666666665, 0.3, 0]
Energy: -15.673827558047313 eV
Magnetic moment: -5.093957261649326e-16 Bohr magnetons
Calculating q=[0.31666666666666665, 0.3, 0]
Energy: -15.673827558047313 eV
Magnetic moment: -5.093957261649326e-16 Bohr magnetons
Calculating q=[0.31666666666666665, 0.3, 0]
Energy: -15.673827558047313 eV
Magnetic moment: -5.093957261649326e-16 Bohr magnetons
Calculating q=[0.31666666666666665, 0.3, 0]
Energy: -15.673827558047313 eV
Magnetic moment: -5.093957261649326e-16 Bohr magnetons
Energy: -15.673827558047313 eV
Magnetic moment: -5.093957261649326e-16 Bohr magnetons
Calculating q=[0.31666666666666665, 0.3, 0]
Magnetic moment: -5.093957261649326e-16 Bohr magnetons
Calculating q=[0.31666666666666665, 0.3, 0]
Calculating q=[0.31666666666666665, 0.3, 0]
Calculating q=[0.31666666666666665, 0.3, 0]
Energy: -15.674072334805892 eV
Magnetic moment: 8.277939374804993e-16 Bohr magnetons
Calculating q=[0.3333333333333333, 0.3, 0]
Energy: -15.674072334805892 eV
Magnetic moment: 8.277939374804993e-16 Bohr magnetons
Calculating q=[0.3333333333333333, 0.3, 0]
Energy: -15.674072334805892 eV
Magnetic moment: 8.277939374804993e-16 Bohr magnetons
Calculating q=[0.3333333333333333, 0.3, 0]
Energy: -15.674072334805892 eV
Magnetic moment: 8.277939374804993e-16 Bohr magnetons
Energy: -15.674072334805892 eV
Magnetic moment: 8.277939374804993e-16 Bohr magnetons
Calculating q=[0.3333333333333333, 0.3, 0]
Energy: -15.674072334805892 eV
Magnetic moment: 8.277939374804993e-16 Bohr magnetons
Calculating q=[0.3333333333333333, 0.3, 0]
Energy: -15.674072334805892 eV
Magnetic moment: 8.277939374804993e-16 Bohr magnetons
Calculating q=[0.3333333333333333, 0.3, 0]
Energy: -15.674072334805892 eV
Magnetic moment: 8.277939374804993e-16 Bohr magnetons
Calculating q=[0.3333333333333333, 0.3, 0]
Energy: -15.674072334805892 eV
Magnetic moment: 8.277939374804993e-16 Bohr magnetons
Calculating q=[0.3333333333333333, 0.3, 0]
Energy: -15.674072334805892 eV
Magnetic moment: 8.277939374804993e-16 Bohr magnetons
Calculating q=[0.3333333333333333, 0.3, 0]
Energy: -15.674072334805892 eV
Magnetic moment: 8.277939374804993e-16 Bohr magnetons
Calculating q=[0.3333333333333333, 0.3, 0]
Calculating q=[0.3333333333333333, 0.3, 0]
Energy: -15.674072334805892 eV
Magnetic moment: 8.277939374804993e-16 Bohr magnetons
Calculating q=[0.3333333333333333, 0.3, 0]
Energy: -15.674217604702365 eV
Magnetic moment: -1.0336176812598119e-15 Bohr magnetons
Calculating q=[0.35, 0.3, 0]
Energy: -15.674217604702365 eV
Magnetic moment: -1.0336176812598119e-15 Bohr magnetons
Calculating q=[0.35, 0.3, 0]
Energy: -15.674217604702365 eV
Magnetic moment: -1.0336176812598119e-15 Bohr magnetons
Calculating q=[0.35, 0.3, 0]
Energy: -15.674217604702365 eV
Magnetic moment: -1.0336176812598119e-15 Bohr magnetons
Calculating q=[0.35, 0.3, 0]
Energy: -15.674217604702365 eV
Magnetic moment: -1.0336176812598119e-15 Bohr magnetons
Calculating q=[0.35, 0.3, 0]
Energy: -15.674217604702365 eV
Magnetic moment: -1.0336176812598119e-15 Bohr magnetons
Calculating q=[0.35, 0.3, 0]
Energy: -15.674217604702365 eV
Magnetic moment: -1.0336176812598119e-15 Bohr magnetons
Calculating q=[0.35, 0.3, 0]
Energy: -15.674217604702365 eV
Magnetic moment: -1.0336176812598119e-15 Bohr magnetons
Calculating q=[0.35, 0.3, 0]
Energy: -15.674217604702365 eV
Magnetic moment: -1.0336176812598119e-15 Bohr magnetons
Calculating q=[0.35, 0.3, 0]
Energy: -15.674217604702365 eV
Magnetic moment: -1.0336176812598119e-15 Bohr magnetons
Calculating q=[0.35, 0.3, 0]
Energy: -15.674217604702365 eV
Magnetic moment: -1.0336176812598119e-15 Bohr magnetons
Calculating q=[0.35, 0.3, 0]
Energy: -15.674217604702365 eV
Magnetic moment: -1.0336176812598119e-15 Bohr magnetons
Calculating q=[0.35, 0.3, 0]
Energy: -15.674264111169542 eV
Magnetic moment: 4.701119384198425e-16 Bohr magnetons
Energy: -15.674264111169542 eV
Magnetic moment: 4.701119384198425e-16 Bohr magnetons
Energy: -15.674264111169542 eV
Magnetic moment: 4.701119384198425e-16 Bohr magnetons
Energy: -15.674264111169542 eV
Magnetic moment: 4.701119384198425e-16 Bohr magnetons
Energy: -15.674264111169542 eV
Magnetic moment: 4.701119384198425e-16 Bohr magnetons
Energy: -15.674264111169542 eV
Magnetic moment: 4.701119384198425e-16 Bohr magnetons
Energy: -15.674264111169542 eV
Magnetic moment: 4.701119384198425e-16 Bohr magnetons
Energy: -15.674264111169542 eV
Magnetic moment: 4.701119384198425e-16 Bohr magnetons
Energy: -15.674264111169542 eV
Magnetic moment: 4.701119384198425e-16 Bohr magnetons
Energy: -15.674264111169542 eV
Magnetic moment: 4.701119384198425e-16 Bohr magnetons
Energy: -15.674264111169542 eV
Magnetic moment: 4.701119384198425e-16 Bohr magnetons
Energy: -15.674264111169542 eV
Magnetic moment: 4.701119384198425e-16 Bohr magnetons

------------------------------------------------------------
Sender: LSF System <lsfadmin@hpc.dtu.dk>
Subject: Job 21664614: <H_18.0.py> in cluster <dcc> Done

Job <H_18.0.py> was submitted from host <n-62-27-18> by user <s194113> in cluster <dcc> at Wed May  1 11:12:24 2024
Job was executed on host(s) <12*n-62-28-28>, in queue <hpc>, as user <s194113> in cluster <dcc> at Wed May  1 13:26:20 2024
</zhome/87/8/147075> was used as the home directory.
</work3/s194113/10302/10302_NM/VBr2_2D_rough> was used as the working directory.
Started at Wed May  1 13:26:20 2024
Terminated at Wed May  1 14:02:01 2024
Results reported at Wed May  1 14:02:01 2024

Your job looked like:

------------------------------------------------------------
# LSBATCH: User input
#!/bin/bash -l
id=$LSB_JOBID
mq=/work3/s194113/10302/10302_NM/.myqueue/lsf-$id
source /zhome/87/8/147075/venv-name/bin/activate
echo "venv: /zhome/87/8/147075/venv-name/bin/activate"
(touch $mq-0 && \
 cd '/work3/s194113/10302/10302_NM/VBr2_2D_rough' && \
 mpiexec python3 H_18.0.py && \
 touch $mq-1) || \
(touch $mq-2; exit 1)

------------------------------------------------------------

Successfully completed.

Resource usage summary:

    CPU time :                                   25640.73 sec.
    Max Memory :                                 4559 MB
    Average Memory :                             4033.65 MB
    Total Requested Memory :                     73728.00 MB
    Delta Memory :                               69169.00 MB
    Max Swap :                                   -
    Max Processes :                              17
    Max Threads :                                57
    Run time :                                   2160 sec.
    Turnaround time :                            10177 sec.

The output (if any) is above this job summary.



PS:

Read file </work3/s194113/10302/10302_NM/VBr2_2D_rough/H_18.0.py.21664614.err> for stderr output of this job.

