venv: /zhome/87/8/147075/venv-name/bin/activate
[1714554737.553290] [n-62-29-34:2206 :0]          ib_md.c:1063 UCX  WARN  IB: ibv_fork_init() was disabled or failed, yet a fork() has been issued.
[1714554737.553332] [n-62-29-34:2206 :0]          ib_md.c:1064 UCX  WARN  IB: data corruption might occur when using registered memory.
[1714554737.553337] [n-62-29-34:2208 :0]          ib_md.c:1063 UCX  WARN  IB: ibv_fork_init() was disabled or failed, yet a fork() has been issued.
[1714554737.553371] [n-62-29-34:2208 :0]          ib_md.c:1064 UCX  WARN  IB: data corruption might occur when using registered memory.
[1714554737.553328] [n-62-29-34:2209 :0]          ib_md.c:1063 UCX  WARN  IB: ibv_fork_init() was disabled or failed, yet a fork() has been issued.
[1714554737.553309] [n-62-29-34:2211 :0]          ib_md.c:1063 UCX  WARN  IB: ibv_fork_init() was disabled or failed, yet a fork() has been issued.
[1714554737.553344] [n-62-29-34:2211 :0]          ib_md.c:1064 UCX  WARN  IB: data corruption might occur when using registered memory.
[1714554737.553289] [n-62-29-34:2212 :0]          ib_md.c:1063 UCX  WARN  IB: ibv_fork_init() was disabled or failed, yet a fork() has been issued.
[1714554737.553332] [n-62-29-34:2212 :0]          ib_md.c:1064 UCX  WARN  IB: data corruption might occur when using registered memory.
[1714554737.553303] [n-62-29-34:2214 :0]          ib_md.c:1063 UCX  WARN  IB: ibv_fork_init() was disabled or failed, yet a fork() has been issued.
[1714554737.553341] [n-62-29-34:2214 :0]          ib_md.c:1064 UCX  WARN  IB: data corruption might occur when using registered memory.
[1714554737.553320] [n-62-29-34:2215 :0]          ib_md.c:1063 UCX  WARN  IB: ibv_fork_init() was disabled or failed, yet a fork() has been issued.
[1714554737.553376] [n-62-29-34:2215 :0]          ib_md.c:1064 UCX  WARN  IB: data corruption might occur when using registered memory.
[1714554737.553304] [n-62-29-34:2217 :0]          ib_md.c:1063 UCX  WARN  IB: ibv_fork_init() was disabled or failed, yet a fork() has been issued.
[1714554737.553349] [n-62-29-34:2217 :0]          ib_md.c:1064 UCX  WARN  IB: data corruption might occur when using registered memory.
[1714554737.553315] [n-62-29-34:2203 :0]          ib_md.c:1063 UCX  WARN  IB: ibv_fork_init() was disabled or failed, yet a fork() has been issued.
[1714554737.553411] [n-62-29-34:2203 :0]          ib_md.c:1064 UCX  WARN  IB: data corruption might occur when using registered memory.
[1714554737.553379] [n-62-29-34:2204 :0]          ib_md.c:1063 UCX  WARN  IB: ibv_fork_init() was disabled or failed, yet a fork() has been issued.
[1714554737.553421] [n-62-29-34:2204 :0]          ib_md.c:1064 UCX  WARN  IB: data corruption might occur when using registered memory.
[1714554737.553328] [n-62-29-34:2205 :0]          ib_md.c:1063 UCX  WARN  IB: ibv_fork_init() was disabled or failed, yet a fork() has been issued.
[1714554737.553383] [n-62-29-34:2205 :0]          ib_md.c:1064 UCX  WARN  IB: data corruption might occur when using registered memory.
[1714554737.553390] [n-62-29-34:2207 :0]          ib_md.c:1063 UCX  WARN  IB: ibv_fork_init() was disabled or failed, yet a fork() has been issued.
[1714554737.553426] [n-62-29-34:2207 :0]          ib_md.c:1064 UCX  WARN  IB: data corruption might occur when using registered memory.
[1714554737.553597] [n-62-29-34:2209 :0]          ib_md.c:1064 UCX  WARN  IB: data corruption might occur when using registered memory.
Calculating ground state
20 q-points in the path
=====================================
Calculating ground state
20 q-points in the path
=====================================
Calculating ground state
Calculating ground state
20 q-points in the path
=====================================
Calculating ground state
20 q-points in the path
=====================================
Calculating ground state
20 q-points in the path
=====================================
Calculating ground state
20 q-points in the path
=====================================
Calculating ground state
20 q-points in the path
=====================================
Calculating ground state
20 q-points in the path
=====================================
Calculating ground state
20 q-points in the path
=====================================
Calculating q=[0.11666666666666667, 0.11666666666666667, 0]
Calculating q=[0.11666666666666667, 0.11666666666666667, 0]
Calculating q=[0.11666666666666667, 0.11666666666666667, 0]
20 q-points in the path
=====================================
Calculating q=[0.11666666666666667, 0.11666666666666667, 0]
Calculating q=[0.11666666666666667, 0.11666666666666667, 0]
Calculating q=[0.11666666666666667, 0.11666666666666667, 0]
Calculating q=[0.11666666666666667, 0.11666666666666667, 0]
Calculating ground state
20 q-points in the path
=====================================
Calculating q=[0.11666666666666667, 0.11666666666666667, 0]
Calculating q=[0.11666666666666667, 0.11666666666666667, 0]
Calculating q=[0.11666666666666667, 0.11666666666666667, 0]
Calculating ground state
20 q-points in the path
=====================================
Calculating q=[0.11666666666666667, 0.11666666666666667, 0]
Calculating q=[0.11666666666666667, 0.11666666666666667, 0]
Energy: -15.652694469540876 eV
Magnetic moment: 1.1247155356833986e-15 Bohr magnetons
Calculating q=[0.13333333333333333, 0.11666666666666667, 0]
Energy: -15.652694469540876 eV
Magnetic moment: 1.1247155356833986e-15 Bohr magnetons
Calculating q=[0.13333333333333333, 0.11666666666666667, 0]
Energy: -15.652694469540876 eV
Magnetic moment: 1.1247155356833986e-15 Bohr magnetons
Calculating q=[0.13333333333333333, 0.11666666666666667, 0]
Energy: -15.652694469540876 eV
Magnetic moment: 1.1247155356833986e-15 Bohr magnetons
Calculating q=[0.13333333333333333, 0.11666666666666667, 0]
Energy: -15.652694469540876 eV
Magnetic moment: 1.1247155356833986e-15 Bohr magnetons
Calculating q=[0.13333333333333333, 0.11666666666666667, 0]
Energy: -15.652694469540876 eV
Magnetic moment: 1.1247155356833986e-15 Bohr magnetons
Calculating q=[0.13333333333333333, 0.11666666666666667, 0]
Energy: -15.652694469540876 eV
Magnetic moment: 1.1247155356833986e-15 Bohr magnetons
Calculating q=[0.13333333333333333, 0.11666666666666667, 0]
Energy: -15.652694469540876 eV
Magnetic moment: 1.1247155356833986e-15 Bohr magnetons
Calculating q=[0.13333333333333333, 0.11666666666666667, 0]
Energy: -15.652694469540876 eV
Magnetic moment: 1.1247155356833986e-15 Bohr magnetons
Calculating q=[0.13333333333333333, 0.11666666666666667, 0]
Energy: -15.652694469540876 eV
Magnetic moment: 1.1247155356833986e-15 Bohr magnetons
Calculating q=[0.13333333333333333, 0.11666666666666667, 0]
Energy: -15.652694469540876 eV
Magnetic moment: 1.1247155356833986e-15 Bohr magnetons
Energy: -15.652694469540876 eV
Magnetic moment: 1.1247155356833986e-15 Bohr magnetons
Calculating q=[0.13333333333333333, 0.11666666666666667, 0]
Calculating q=[0.13333333333333333, 0.11666666666666667, 0]
Energy: -15.654228871019475 eV
Magnetic moment: 3.4647661348916807e-15 Bohr magnetons
Calculating q=[0.15, 0.11666666666666667, 0]
Energy: -15.654228871019475 eV
Magnetic moment: 3.4647661348916807e-15 Bohr magnetons
Calculating q=[0.15, 0.11666666666666667, 0]
Energy: -15.654228871019475 eV
Magnetic moment: 3.4647661348916807e-15 Bohr magnetons
Calculating q=[0.15, 0.11666666666666667, 0]
Energy: -15.654228871019475 eV
Magnetic moment: 3.4647661348916807e-15 Bohr magnetons
Calculating q=[0.15, 0.11666666666666667, 0]
Energy: -15.654228871019475 eV
Magnetic moment: 3.4647661348916807e-15 Bohr magnetons
Calculating q=[0.15, 0.11666666666666667, 0]
Energy: -15.654228871019475 eV
Magnetic moment: 3.4647661348916807e-15 Bohr magnetons
Calculating q=[0.15, 0.11666666666666667, 0]
Energy: -15.654228871019475 eV
Magnetic moment: 3.4647661348916807e-15 Bohr magnetons
Calculating q=[0.15, 0.11666666666666667, 0]
Energy: -15.654228871019475 eV
Magnetic moment: 3.4647661348916807e-15 Bohr magnetons
Calculating q=[0.15, 0.11666666666666667, 0]
Energy: -15.654228871019475 eV
Magnetic moment: 3.4647661348916807e-15 Bohr magnetons
Calculating q=[0.15, 0.11666666666666667, 0]
Energy: -15.654228871019475 eV
Magnetic moment: 3.4647661348916807e-15 Bohr magnetons
Calculating q=[0.15, 0.11666666666666667, 0]
Energy: -15.654228871019475 eV
Magnetic moment: 3.4647661348916807e-15 Bohr magnetons
Calculating q=[0.15, 0.11666666666666667, 0]
Energy: -15.654228871019475 eV
Magnetic moment: 3.4647661348916807e-15 Bohr magnetons
Calculating q=[0.15, 0.11666666666666667, 0]
Energy: -15.655757509093972 eV
Magnetic moment: 1.0736686197492225e-15 Bohr magnetons
Calculating q=[0.16666666666666666, 0.11666666666666667, 0]
Energy: -15.655757509093972 eV
Magnetic moment: 1.0736686197492225e-15 Bohr magnetons
Calculating q=[0.16666666666666666, 0.11666666666666667, 0]
Energy: -15.655757509093972 eV
Magnetic moment: 1.0736686197492225e-15 Bohr magnetons
Calculating q=[0.16666666666666666, 0.11666666666666667, 0]
Energy: -15.655757509093972 eV
Magnetic moment: 1.0736686197492225e-15 Bohr magnetons
Calculating q=[0.16666666666666666, 0.11666666666666667, 0]
Energy: -15.655757509093972 eV
Magnetic moment: 1.0736686197492225e-15 Bohr magnetons
Calculating q=[0.16666666666666666, 0.11666666666666667, 0]
Energy: -15.655757509093972 eV
Magnetic moment: 1.0736686197492225e-15 Bohr magnetons
Calculating q=[0.16666666666666666, 0.11666666666666667, 0]
Energy: -15.655757509093972 eV
Magnetic moment: 1.0736686197492225e-15 Bohr magnetons
Calculating q=[0.16666666666666666, 0.11666666666666667, 0]
Energy: -15.655757509093972 eV
Magnetic moment: 1.0736686197492225e-15 Bohr magnetons
Calculating q=[0.16666666666666666, 0.11666666666666667, 0]
Energy: -15.655757509093972 eV
Magnetic moment: 1.0736686197492225e-15 Bohr magnetons
Calculating q=[0.16666666666666666, 0.11666666666666667, 0]
Energy: -15.655757509093972 eV
Magnetic moment: 1.0736686197492225e-15 Bohr magnetons
Calculating q=[0.16666666666666666, 0.11666666666666667, 0]
Energy: -15.655757509093972 eV
Magnetic moment: 1.0736686197492225e-15 Bohr magnetons
Calculating q=[0.16666666666666666, 0.11666666666666667, 0]
Energy: -15.655757509093972 eV
Magnetic moment: 1.0736686197492225e-15 Bohr magnetons
Calculating q=[0.16666666666666666, 0.11666666666666667, 0]
Energy: -15.657261114735958 eV
Magnetic moment: -3.3629013515312043e-15 Bohr magnetons
Calculating q=[0.18333333333333332, 0.11666666666666667, 0]
Energy: -15.657261114735958 eV
Magnetic moment: -3.3629013515312043e-15 Bohr magnetons
Calculating q=[0.18333333333333332, 0.11666666666666667, 0]
Energy: -15.657261114735958 eV
Magnetic moment: -3.3629013515312043e-15 Bohr magnetons
Calculating q=[0.18333333333333332, 0.11666666666666667, 0]
Energy: -15.657261114735958 eV
Magnetic moment: -3.3629013515312043e-15 Bohr magnetons
Calculating q=[0.18333333333333332, 0.11666666666666667, 0]
Energy: -15.657261114735958 eV
Magnetic moment: -3.3629013515312043e-15 Bohr magnetons
Calculating q=[0.18333333333333332, 0.11666666666666667, 0]
Energy: -15.657261114735958 eV
Magnetic moment: -3.3629013515312043e-15 Bohr magnetons
Calculating q=[0.18333333333333332, 0.11666666666666667, 0]
Energy: -15.657261114735958 eV
Magnetic moment: -3.3629013515312043e-15 Bohr magnetons
Calculating q=[0.18333333333333332, 0.11666666666666667, 0]
Energy: -15.657261114735958 eV
Magnetic moment: -3.3629013515312043e-15 Bohr magnetons
Calculating q=[0.18333333333333332, 0.11666666666666667, 0]
Energy: -15.657261114735958 eV
Magnetic moment: -3.3629013515312043e-15 Bohr magnetons
Calculating q=[0.18333333333333332, 0.11666666666666667, 0]
Energy: -15.657261114735958 eV
Magnetic moment: -3.3629013515312043e-15 Bohr magnetons
Calculating q=[0.18333333333333332, 0.11666666666666667, 0]
Energy: -15.657261114735958 eV
Magnetic moment: -3.3629013515312043e-15 Bohr magnetons
Calculating q=[0.18333333333333332, 0.11666666666666667, 0]
Energy: -15.657261114735958 eV
Magnetic moment: -3.3629013515312043e-15 Bohr magnetons
Calculating q=[0.18333333333333332, 0.11666666666666667, 0]
Energy: -15.658718064625612 eV
Magnetic moment: -1.6801381429337905e-15 Bohr magnetons
Calculating q=[0.2, 0.11666666666666667, 0]
Energy: -15.658718064625612 eV
Magnetic moment: -1.6801381429337905e-15 Bohr magnetons
Calculating q=[0.2, 0.11666666666666667, 0]
Energy: -15.658718064625612 eV
Magnetic moment: -1.6801381429337905e-15 Bohr magnetons
Calculating q=[0.2, 0.11666666666666667, 0]
Energy: -15.658718064625612 eV
Magnetic moment: -1.6801381429337905e-15 Bohr magnetons
Calculating q=[0.2, 0.11666666666666667, 0]
Energy: -15.658718064625612 eV
Magnetic moment: -1.6801381429337905e-15 Bohr magnetons
Calculating q=[0.2, 0.11666666666666667, 0]
Energy: -15.658718064625612 eV
Magnetic moment: -1.6801381429337905e-15 Bohr magnetons
Calculating q=[0.2, 0.11666666666666667, 0]
Energy: -15.658718064625612 eV
Magnetic moment: -1.6801381429337905e-15 Bohr magnetons
Calculating q=[0.2, 0.11666666666666667, 0]
Energy: -15.658718064625612 eV
Magnetic moment: -1.6801381429337905e-15 Bohr magnetons
Calculating q=[0.2, 0.11666666666666667, 0]
Energy: -15.658718064625612 eV
Magnetic moment: -1.6801381429337905e-15 Bohr magnetons
Calculating q=[0.2, 0.11666666666666667, 0]
Energy: -15.658718064625612 eV
Magnetic moment: -1.6801381429337905e-15 Bohr magnetons
Calculating q=[0.2, 0.11666666666666667, 0]
Energy: -15.658718064625612 eV
Magnetic moment: -1.6801381429337905e-15 Bohr magnetons
Calculating q=[0.2, 0.11666666666666667, 0]
Energy: -15.658718064625612 eV
Magnetic moment: -1.6801381429337905e-15 Bohr magnetons
Calculating q=[0.2, 0.11666666666666667, 0]
Energy: -15.66010936712927 eV
Magnetic moment: 1.257202859732257e-15 Bohr magnetons
Calculating q=[0.21666666666666667, 0.11666666666666667, 0]
Energy: -15.66010936712927 eV
Magnetic moment: 1.257202859732257e-15 Bohr magnetons
Calculating q=[0.21666666666666667, 0.11666666666666667, 0]
Energy: -15.66010936712927 eV
Magnetic moment: 1.257202859732257e-15 Bohr magnetons
Calculating q=[0.21666666666666667, 0.11666666666666667, 0]
Energy: -15.66010936712927 eV
Magnetic moment: 1.257202859732257e-15 Bohr magnetons
Calculating q=[0.21666666666666667, 0.11666666666666667, 0]
Energy: -15.66010936712927 eV
Magnetic moment: 1.257202859732257e-15 Bohr magnetons
Calculating q=[0.21666666666666667, 0.11666666666666667, 0]
Energy: -15.66010936712927 eV
Magnetic moment: 1.257202859732257e-15 Bohr magnetons
Calculating q=[0.21666666666666667, 0.11666666666666667, 0]
Energy: -15.66010936712927 eV
Magnetic moment: 1.257202859732257e-15 Bohr magnetons
Calculating q=[0.21666666666666667, 0.11666666666666667, 0]
Energy: -15.66010936712927 eV
Magnetic moment: 1.257202859732257e-15 Bohr magnetons
Calculating q=[0.21666666666666667, 0.11666666666666667, 0]
Energy: -15.66010936712927 eV
Magnetic moment: 1.257202859732257e-15 Bohr magnetons
Calculating q=[0.21666666666666667, 0.11666666666666667, 0]
Energy: -15.66010936712927 eV
Magnetic moment: 1.257202859732257e-15 Bohr magnetons
Calculating q=[0.21666666666666667, 0.11666666666666667, 0]
Energy: -15.66010936712927 eV
Magnetic moment: 1.257202859732257e-15 Bohr magnetons
Calculating q=[0.21666666666666667, 0.11666666666666667, 0]
Energy: -15.66010936712927 eV
Magnetic moment: 1.257202859732257e-15 Bohr magnetons
Calculating q=[0.21666666666666667, 0.11666666666666667, 0]
Energy: -15.661421472809788 eV
Magnetic moment: 2.5706338480346286e-15 Bohr magnetons
Calculating q=[0.23333333333333334, 0.11666666666666667, 0]
Energy: -15.661421472809788 eV
Magnetic moment: 2.5706338480346286e-15 Bohr magnetons
Calculating q=[0.23333333333333334, 0.11666666666666667, 0]
Energy: -15.661421472809788 eV
Magnetic moment: 2.5706338480346286e-15 Bohr magnetons
Calculating q=[0.23333333333333334, 0.11666666666666667, 0]
Energy: -15.661421472809788 eV
Magnetic moment: 2.5706338480346286e-15 Bohr magnetons
Calculating q=[0.23333333333333334, 0.11666666666666667, 0]
Energy: -15.661421472809788 eV
Magnetic moment: 2.5706338480346286e-15 Bohr magnetons
Calculating q=[0.23333333333333334, 0.11666666666666667, 0]
Energy: -15.661421472809788 eV
Magnetic moment: 2.5706338480346286e-15 Bohr magnetons
Calculating q=[0.23333333333333334, 0.11666666666666667, 0]
Energy: -15.661421472809788 eV
Magnetic moment: 2.5706338480346286e-15 Bohr magnetons
Calculating q=[0.23333333333333334, 0.11666666666666667, 0]
Energy: -15.661421472809788 eV
Magnetic moment: 2.5706338480346286e-15 Bohr magnetons
Calculating q=[0.23333333333333334, 0.11666666666666667, 0]
Energy: -15.661421472809788 eV
Magnetic moment: 2.5706338480346286e-15 Bohr magnetons
Calculating q=[0.23333333333333334, 0.11666666666666667, 0]
Energy: -15.661421472809788 eV
Magnetic moment: 2.5706338480346286e-15 Bohr magnetons
Calculating q=[0.23333333333333334, 0.11666666666666667, 0]
Energy: -15.661421472809788 eV
Magnetic moment: 2.5706338480346286e-15 Bohr magnetons
Calculating q=[0.23333333333333334, 0.11666666666666667, 0]
Energy: -15.661421472809788 eV
Magnetic moment: 2.5706338480346286e-15 Bohr magnetons
Calculating q=[0.23333333333333334, 0.11666666666666667, 0]
Energy: -15.662640905278819 eV
Magnetic moment: 3.111278723402504e-15 Bohr magnetons
Calculating q=[0.25, 0.11666666666666667, 0]
Energy: -15.662640905278819 eV
Magnetic moment: 3.111278723402504e-15 Bohr magnetons
Calculating q=[0.25, 0.11666666666666667, 0]
Energy: -15.662640905278819 eV
Magnetic moment: 3.111278723402504e-15 Bohr magnetons
Calculating q=[0.25, 0.11666666666666667, 0]
Energy: -15.662640905278819 eV
Magnetic moment: 3.111278723402504e-15 Bohr magnetons
Calculating q=[0.25, 0.11666666666666667, 0]
Energy: -15.662640905278819 eV
Magnetic moment: 3.111278723402504e-15 Bohr magnetons
Calculating q=[0.25, 0.11666666666666667, 0]
Energy: -15.662640905278819 eV
Magnetic moment: 3.111278723402504e-15 Bohr magnetons
Calculating q=[0.25, 0.11666666666666667, 0]
Energy: -15.662640905278819 eV
Magnetic moment: 3.111278723402504e-15 Bohr magnetons
Calculating q=[0.25, 0.11666666666666667, 0]
Energy: -15.662640905278819 eV
Magnetic moment: 3.111278723402504e-15 Bohr magnetons
Calculating q=[0.25, 0.11666666666666667, 0]
Energy: -15.662640905278819 eV
Magnetic moment: 3.111278723402504e-15 Bohr magnetons
Calculating q=[0.25, 0.11666666666666667, 0]
Energy: -15.662640905278819 eV
Magnetic moment: 3.111278723402504e-15 Bohr magnetons
Calculating q=[0.25, 0.11666666666666667, 0]
Energy: -15.662640905278819 eV
Magnetic moment: 3.111278723402504e-15 Bohr magnetons
Calculating q=[0.25, 0.11666666666666667, 0]
Energy: -15.662640905278819 eV
Magnetic moment: 3.111278723402504e-15 Bohr magnetons
Calculating q=[0.25, 0.11666666666666667, 0]
Energy: -15.663759690645472 eV
Magnetic moment: -2.308553502804231e-15 Bohr magnetons
Calculating q=[0.26666666666666666, 0.11666666666666667, 0]
Energy: -15.663759690645472 eV
Magnetic moment: -2.308553502804231e-15 Bohr magnetons
Calculating q=[0.26666666666666666, 0.11666666666666667, 0]
Energy: -15.663759690645472 eV
Magnetic moment: -2.308553502804231e-15 Bohr magnetons
Calculating q=[0.26666666666666666, 0.11666666666666667, 0]
Energy: -15.663759690645472 eV
Magnetic moment: -2.308553502804231e-15 Bohr magnetons
Calculating q=[0.26666666666666666, 0.11666666666666667, 0]
Energy: -15.663759690645472 eV
Magnetic moment: -2.308553502804231e-15 Bohr magnetons
Calculating q=[0.26666666666666666, 0.11666666666666667, 0]
Energy: -15.663759690645472 eV
Magnetic moment: -2.308553502804231e-15 Bohr magnetons
Calculating q=[0.26666666666666666, 0.11666666666666667, 0]
Energy: -15.663759690645472 eV
Magnetic moment: -2.308553502804231e-15 Bohr magnetons
Calculating q=[0.26666666666666666, 0.11666666666666667, 0]
Energy: -15.663759690645472 eV
Magnetic moment: -2.308553502804231e-15 Bohr magnetons
Calculating q=[0.26666666666666666, 0.11666666666666667, 0]
Energy: -15.663759690645472 eV
Magnetic moment: -2.308553502804231e-15 Bohr magnetons
Calculating q=[0.26666666666666666, 0.11666666666666667, 0]
Energy: -15.663759690645472 eV
Magnetic moment: -2.308553502804231e-15 Bohr magnetons
Calculating q=[0.26666666666666666, 0.11666666666666667, 0]
Energy: -15.663759690645472 eV
Magnetic moment: -2.308553502804231e-15 Bohr magnetons
Calculating q=[0.26666666666666666, 0.11666666666666667, 0]
Energy: -15.663759690645472 eV
Magnetic moment: -2.308553502804231e-15 Bohr magnetons
Calculating q=[0.26666666666666666, 0.11666666666666667, 0]
Energy: -15.66477282651083 eV
Magnetic moment: 2.7066177059443906e-15 Bohr magnetons
Calculating q=[0.2833333333333333, 0.11666666666666667, 0]
Energy: -15.66477282651083 eV
Magnetic moment: 2.7066177059443906e-15 Bohr magnetons
Calculating q=[0.2833333333333333, 0.11666666666666667, 0]
Energy: -15.66477282651083 eV
Magnetic moment: 2.7066177059443906e-15 Bohr magnetons
Calculating q=[0.2833333333333333, 0.11666666666666667, 0]
Energy: -15.66477282651083 eV
Magnetic moment: 2.7066177059443906e-15 Bohr magnetons
Calculating q=[0.2833333333333333, 0.11666666666666667, 0]
Energy: -15.66477282651083 eV
Magnetic moment: 2.7066177059443906e-15 Bohr magnetons
Calculating q=[0.2833333333333333, 0.11666666666666667, 0]
Energy: -15.66477282651083 eV
Magnetic moment: 2.7066177059443906e-15 Bohr magnetons
Calculating q=[0.2833333333333333, 0.11666666666666667, 0]
Energy: -15.66477282651083 eV
Magnetic moment: 2.7066177059443906e-15 Bohr magnetons
Calculating q=[0.2833333333333333, 0.11666666666666667, 0]
Energy: -15.66477282651083 eV
Magnetic moment: 2.7066177059443906e-15 Bohr magnetons
Calculating q=[0.2833333333333333, 0.11666666666666667, 0]
Energy: -15.66477282651083 eV
Magnetic moment: 2.7066177059443906e-15 Bohr magnetons
Calculating q=[0.2833333333333333, 0.11666666666666667, 0]
Energy: -15.66477282651083 eV
Magnetic moment: 2.7066177059443906e-15 Bohr magnetons
Calculating q=[0.2833333333333333, 0.11666666666666667, 0]
Energy: -15.66477282651083 eV
Magnetic moment: 2.7066177059443906e-15 Bohr magnetons
Calculating q=[0.2833333333333333, 0.11666666666666667, 0]
Energy: -15.66477282651083 eV
Magnetic moment: 2.7066177059443906e-15 Bohr magnetons
Calculating q=[0.2833333333333333, 0.11666666666666667, 0]
Energy: -15.665676964030474 eV
Magnetic moment: -1.0577226487735002e-14 Bohr magnetons
Calculating q=[0.3, 0.11666666666666667, 0]
Energy: -15.665676964030474 eV
Magnetic moment: -1.0577226487735002e-14 Bohr magnetons
Calculating q=[0.3, 0.11666666666666667, 0]
Energy: -15.665676964030474 eV
Magnetic moment: -1.0577226487735002e-14 Bohr magnetons
Calculating q=[0.3, 0.11666666666666667, 0]
Energy: -15.665676964030474 eV
Magnetic moment: -1.0577226487735002e-14 Bohr magnetons
Calculating q=[0.3, 0.11666666666666667, 0]
Energy: -15.665676964030474 eV
Magnetic moment: -1.0577226487735002e-14 Bohr magnetons
Calculating q=[0.3, 0.11666666666666667, 0]
Energy: -15.665676964030474 eV
Magnetic moment: -1.0577226487735002e-14 Bohr magnetons
Calculating q=[0.3, 0.11666666666666667, 0]
Energy: -15.665676964030474 eV
Magnetic moment: -1.0577226487735002e-14 Bohr magnetons
Calculating q=[0.3, 0.11666666666666667, 0]
Energy: -15.665676964030474 eV
Magnetic moment: -1.0577226487735002e-14 Bohr magnetons
Calculating q=[0.3, 0.11666666666666667, 0]
Energy: -15.665676964030474 eV
Magnetic moment: -1.0577226487735002e-14 Bohr magnetons
Calculating q=[0.3, 0.11666666666666667, 0]
Energy: -15.665676964030474 eV
Magnetic moment: -1.0577226487735002e-14 Bohr magnetons
Calculating q=[0.3, 0.11666666666666667, 0]
Energy: -15.665676964030474 eV
Magnetic moment: -1.0577226487735002e-14 Bohr magnetons
Calculating q=[0.3, 0.11666666666666667, 0]
Energy: -15.665676964030474 eV
Magnetic moment: -1.0577226487735002e-14 Bohr magnetons
Calculating q=[0.3, 0.11666666666666667, 0]
Energy: -15.666471829695487 eV
Magnetic moment: -6.022589894173349e-16 Bohr magnetons
Calculating q=[0.31666666666666665, 0.11666666666666667, 0]
Energy: -15.666471829695487 eV
Magnetic moment: -6.022589894173349e-16 Bohr magnetons
Calculating q=[0.31666666666666665, 0.11666666666666667, 0]
Energy: -15.666471829695487 eV
Magnetic moment: -6.022589894173349e-16 Bohr magnetons
Calculating q=[0.31666666666666665, 0.11666666666666667, 0]
Energy: -15.666471829695487 eV
Magnetic moment: -6.022589894173349e-16 Bohr magnetons
Calculating q=[0.31666666666666665, 0.11666666666666667, 0]
Energy: -15.666471829695487 eV
Magnetic moment: -6.022589894173349e-16 Bohr magnetons
Calculating q=[0.31666666666666665, 0.11666666666666667, 0]
Energy: -15.666471829695487 eV
Magnetic moment: -6.022589894173349e-16 Bohr magnetons
Calculating q=[0.31666666666666665, 0.11666666666666667, 0]
Energy: -15.666471829695487 eV
Magnetic moment: -6.022589894173349e-16 Bohr magnetons
Calculating q=[0.31666666666666665, 0.11666666666666667, 0]
Energy: -15.666471829695487 eV
Magnetic moment: -6.022589894173349e-16 Bohr magnetons
Calculating q=[0.31666666666666665, 0.11666666666666667, 0]
Energy: -15.666471829695487 eV
Magnetic moment: -6.022589894173349e-16 Bohr magnetons
Calculating q=[0.31666666666666665, 0.11666666666666667, 0]
Energy: -15.666471829695487 eV
Magnetic moment: -6.022589894173349e-16 Bohr magnetons
Calculating q=[0.31666666666666665, 0.11666666666666667, 0]
Energy: -15.666471829695487 eV
Magnetic moment: -6.022589894173349e-16 Bohr magnetons
Calculating q=[0.31666666666666665, 0.11666666666666667, 0]
Energy: -15.666471829695487 eV
Magnetic moment: -6.022589894173349e-16 Bohr magnetons
Calculating q=[0.31666666666666665, 0.11666666666666667, 0]
Energy: -15.667159011117612 eV
Magnetic moment: -4.4755507079131385e-15 Bohr magnetons
Calculating q=[0.3333333333333333, 0.11666666666666667, 0]
Energy: -15.667159011117612 eV
Magnetic moment: -4.4755507079131385e-15 Bohr magnetons
Calculating q=[0.3333333333333333, 0.11666666666666667, 0]
Energy: -15.667159011117612 eV
Magnetic moment: -4.4755507079131385e-15 Bohr magnetons
Calculating q=[0.3333333333333333, 0.11666666666666667, 0]
Energy: -15.667159011117612 eV
Magnetic moment: -4.4755507079131385e-15 Bohr magnetons
Calculating q=[0.3333333333333333, 0.11666666666666667, 0]
Energy: -15.667159011117612 eV
Magnetic moment: -4.4755507079131385e-15 Bohr magnetons
Calculating q=[0.3333333333333333, 0.11666666666666667, 0]
Energy: -15.667159011117612 eV
Magnetic moment: -4.4755507079131385e-15 Bohr magnetons
Calculating q=[0.3333333333333333, 0.11666666666666667, 0]
Energy: -15.667159011117612 eV
Magnetic moment: -4.4755507079131385e-15 Bohr magnetons
Calculating q=[0.3333333333333333, 0.11666666666666667, 0]
Energy: -15.667159011117612 eV
Magnetic moment: -4.4755507079131385e-15 Bohr magnetons
Calculating q=[0.3333333333333333, 0.11666666666666667, 0]
Energy: -15.667159011117612 eV
Magnetic moment: -4.4755507079131385e-15 Bohr magnetons
Calculating q=[0.3333333333333333, 0.11666666666666667, 0]
Energy: -15.667159011117612 eV
Magnetic moment: -4.4755507079131385e-15 Bohr magnetons
Calculating q=[0.3333333333333333, 0.11666666666666667, 0]
Energy: -15.667159011117612 eV
Magnetic moment: -4.4755507079131385e-15 Bohr magnetons
Calculating q=[0.3333333333333333, 0.11666666666666667, 0]
Energy: -15.667159011117612 eV
Magnetic moment: -4.4755507079131385e-15 Bohr magnetons
Calculating q=[0.3333333333333333, 0.11666666666666667, 0]
Energy: -15.667745282914218 eV
Magnetic moment: -1.2091885800201703e-15 Bohr magnetons
Calculating q=[0.35, 0.11666666666666667, 0]
Energy: -15.667745282914218 eV
Magnetic moment: -1.2091885800201703e-15 Bohr magnetons
Calculating q=[0.35, 0.11666666666666667, 0]
Energy: -15.667745282914218 eV
Magnetic moment: -1.2091885800201703e-15 Bohr magnetons
Calculating q=[0.35, 0.11666666666666667, 0]
Energy: -15.667745282914218 eV
Magnetic moment: -1.2091885800201703e-15 Bohr magnetons
Calculating q=[0.35, 0.11666666666666667, 0]
Energy: -15.667745282914218 eV
Magnetic moment: -1.2091885800201703e-15 Bohr magnetons
Calculating q=[0.35, 0.11666666666666667, 0]
Energy: -15.667745282914218 eV
Magnetic moment: -1.2091885800201703e-15 Bohr magnetons
Calculating q=[0.35, 0.11666666666666667, 0]
Energy: -15.667745282914218 eV
Magnetic moment: -1.2091885800201703e-15 Bohr magnetons
Calculating q=[0.35, 0.11666666666666667, 0]
Energy: -15.667745282914218 eV
Magnetic moment: -1.2091885800201703e-15 Bohr magnetons
Calculating q=[0.35, 0.11666666666666667, 0]
Energy: -15.667745282914218 eV
Magnetic moment: -1.2091885800201703e-15 Bohr magnetons
Calculating q=[0.35, 0.11666666666666667, 0]
Energy: -15.667745282914218 eV
Magnetic moment: -1.2091885800201703e-15 Bohr magnetons
Calculating q=[0.35, 0.11666666666666667, 0]
Energy: -15.667745282914218 eV
Magnetic moment: -1.2091885800201703e-15 Bohr magnetons
Calculating q=[0.35, 0.11666666666666667, 0]
Energy: -15.667745282914218 eV
Magnetic moment: -1.2091885800201703e-15 Bohr magnetons
Calculating q=[0.35, 0.11666666666666667, 0]
Energy: -15.668230225894865 eV
Magnetic moment: -2.7177574887680192e-15 Bohr magnetons
Calculating q=[0.36666666666666664, 0.11666666666666667, 0]
Energy: -15.668230225894865 eV
Magnetic moment: -2.7177574887680192e-15 Bohr magnetons
Calculating q=[0.36666666666666664, 0.11666666666666667, 0]
Energy: -15.668230225894865 eV
Magnetic moment: -2.7177574887680192e-15 Bohr magnetons
Calculating q=[0.36666666666666664, 0.11666666666666667, 0]
Energy: -15.668230225894865 eV
Magnetic moment: -2.7177574887680192e-15 Bohr magnetons
Calculating q=[0.36666666666666664, 0.11666666666666667, 0]
Energy: -15.668230225894865 eV
Magnetic moment: -2.7177574887680192e-15 Bohr magnetons
Calculating q=[0.36666666666666664, 0.11666666666666667, 0]
Energy: -15.668230225894865 eV
Magnetic moment: -2.7177574887680192e-15 Bohr magnetons
Calculating q=[0.36666666666666664, 0.11666666666666667, 0]
Energy: -15.668230225894865 eV
Magnetic moment: -2.7177574887680192e-15 Bohr magnetons
Calculating q=[0.36666666666666664, 0.11666666666666667, 0]
Energy: -15.668230225894865 eV
Magnetic moment: -2.7177574887680192e-15 Bohr magnetons
Calculating q=[0.36666666666666664, 0.11666666666666667, 0]
Energy: -15.668230225894865 eV
Magnetic moment: -2.7177574887680192e-15 Bohr magnetons
Calculating q=[0.36666666666666664, 0.11666666666666667, 0]
Energy: -15.668230225894865 eV
Magnetic moment: -2.7177574887680192e-15 Bohr magnetons
Calculating q=[0.36666666666666664, 0.11666666666666667, 0]
Energy: -15.668230225894865 eV
Magnetic moment: -2.7177574887680192e-15 Bohr magnetons
Calculating q=[0.36666666666666664, 0.11666666666666667, 0]
Energy: -15.668230225894865 eV
Magnetic moment: -2.7177574887680192e-15 Bohr magnetons
Calculating q=[0.36666666666666664, 0.11666666666666667, 0]
Energy: -15.668624123709677 eV
Magnetic moment: 1.2998765905002719e-15 Bohr magnetons
Calculating q=[0.3833333333333333, 0.11666666666666667, 0]
Energy: -15.668624123709677 eV
Magnetic moment: 1.2998765905002719e-15 Bohr magnetons
Calculating q=[0.3833333333333333, 0.11666666666666667, 0]
Energy: -15.668624123709677 eV
Magnetic moment: 1.2998765905002719e-15 Bohr magnetons
Calculating q=[0.3833333333333333, 0.11666666666666667, 0]
Energy: -15.668624123709677 eV
Magnetic moment: 1.2998765905002719e-15 Bohr magnetons
Calculating q=[0.3833333333333333, 0.11666666666666667, 0]
Energy: -15.668624123709677 eV
Magnetic moment: 1.2998765905002719e-15 Bohr magnetons
Calculating q=[0.3833333333333333, 0.11666666666666667, 0]
Energy: -15.668624123709677 eV
Magnetic moment: 1.2998765905002719e-15 Bohr magnetons
Calculating q=[0.3833333333333333, 0.11666666666666667, 0]
Energy: -15.668624123709677 eV
Magnetic moment: 1.2998765905002719e-15 Bohr magnetons
Calculating q=[0.3833333333333333, 0.11666666666666667, 0]
Energy: -15.668624123709677 eV
Magnetic moment: 1.2998765905002719e-15 Bohr magnetons
Calculating q=[0.3833333333333333, 0.11666666666666667, 0]
Energy: -15.668624123709677 eV
Magnetic moment: 1.2998765905002719e-15 Bohr magnetons
Calculating q=[0.3833333333333333, 0.11666666666666667, 0]
Energy: -15.668624123709677 eV
Magnetic moment: 1.2998765905002719e-15 Bohr magnetons
Calculating q=[0.3833333333333333, 0.11666666666666667, 0]
Energy: -15.668624123709677 eV
Magnetic moment: 1.2998765905002719e-15 Bohr magnetons
Calculating q=[0.3833333333333333, 0.11666666666666667, 0]
Energy: -15.668624123709677 eV
Magnetic moment: 1.2998765905002719e-15 Bohr magnetons
Calculating q=[0.3833333333333333, 0.11666666666666667, 0]
Energy: -15.668929025482171 eV
Magnetic moment: -1.4004327013351657e-15 Bohr magnetons
Calculating q=[0.4, 0.11666666666666667, 0]
Energy: -15.668929025482171 eV
Magnetic moment: -1.4004327013351657e-15 Bohr magnetons
Calculating q=[0.4, 0.11666666666666667, 0]
Energy: -15.668929025482171 eV
Magnetic moment: -1.4004327013351657e-15 Bohr magnetons
Calculating q=[0.4, 0.11666666666666667, 0]
Energy: -15.668929025482171 eV
Magnetic moment: -1.4004327013351657e-15 Bohr magnetons
Calculating q=[0.4, 0.11666666666666667, 0]
Energy: -15.668929025482171 eV
Magnetic moment: -1.4004327013351657e-15 Bohr magnetons
Calculating q=[0.4, 0.11666666666666667, 0]
Energy: -15.668929025482171 eV
Magnetic moment: -1.4004327013351657e-15 Bohr magnetons
Calculating q=[0.4, 0.11666666666666667, 0]
Energy: -15.668929025482171 eV
Magnetic moment: -1.4004327013351657e-15 Bohr magnetons
Calculating q=[0.4, 0.11666666666666667, 0]
Energy: -15.668929025482171 eV
Magnetic moment: -1.4004327013351657e-15 Bohr magnetons
Calculating q=[0.4, 0.11666666666666667, 0]
Energy: -15.668929025482171 eV
Magnetic moment: -1.4004327013351657e-15 Bohr magnetons
Calculating q=[0.4, 0.11666666666666667, 0]
Energy: -15.668929025482171 eV
Magnetic moment: -1.4004327013351657e-15 Bohr magnetons
Calculating q=[0.4, 0.11666666666666667, 0]
Energy: -15.668929025482171 eV
Magnetic moment: -1.4004327013351657e-15 Bohr magnetons
Calculating q=[0.4, 0.11666666666666667, 0]
Energy: -15.668929025482171 eV
Magnetic moment: -1.4004327013351657e-15 Bohr magnetons
Calculating q=[0.4, 0.11666666666666667, 0]
Energy: -15.669151247635188 eV
Magnetic moment: -2.7394679071808796e-15 Bohr magnetons
Calculating q=[0.41666666666666663, 0.11666666666666667, 0]
Energy: -15.669151247635188 eV
Magnetic moment: -2.7394679071808796e-15 Bohr magnetons
Calculating q=[0.41666666666666663, 0.11666666666666667, 0]
Energy: -15.669151247635188 eV
Magnetic moment: -2.7394679071808796e-15 Bohr magnetons
Calculating q=[0.41666666666666663, 0.11666666666666667, 0]
Energy: -15.669151247635188 eV
Magnetic moment: -2.7394679071808796e-15 Bohr magnetons
Calculating q=[0.41666666666666663, 0.11666666666666667, 0]
Energy: -15.669151247635188 eV
Magnetic moment: -2.7394679071808796e-15 Bohr magnetons
Calculating q=[0.41666666666666663, 0.11666666666666667, 0]
Energy: -15.669151247635188 eV
Magnetic moment: -2.7394679071808796e-15 Bohr magnetons
Calculating q=[0.41666666666666663, 0.11666666666666667, 0]
Energy: -15.669151247635188 eV
Magnetic moment: -2.7394679071808796e-15 Bohr magnetons
Calculating q=[0.41666666666666663, 0.11666666666666667, 0]
Energy: -15.669151247635188 eV
Magnetic moment: -2.7394679071808796e-15 Bohr magnetons
Calculating q=[0.41666666666666663, 0.11666666666666667, 0]
Energy: -15.669151247635188 eV
Magnetic moment: -2.7394679071808796e-15 Bohr magnetons
Calculating q=[0.41666666666666663, 0.11666666666666667, 0]
Energy: -15.669151247635188 eV
Magnetic moment: -2.7394679071808796e-15 Bohr magnetons
Calculating q=[0.41666666666666663, 0.11666666666666667, 0]
Energy: -15.669151247635188 eV
Magnetic moment: -2.7394679071808796e-15 Bohr magnetons
Calculating q=[0.41666666666666663, 0.11666666666666667, 0]
Energy: -15.669151247635188 eV
Magnetic moment: -2.7394679071808796e-15 Bohr magnetons
Calculating q=[0.41666666666666663, 0.11666666666666667, 0]
Energy: -15.669294746258956 eV
Magnetic moment: -1.6411300776148655e-15 Bohr magnetons
Calculating q=[0.43333333333333335, 0.11666666666666667, 0]
Energy: -15.669294746258956 eV
Magnetic moment: -1.6411300776148655e-15 Bohr magnetons
Calculating q=[0.43333333333333335, 0.11666666666666667, 0]
Energy: -15.669294746258956 eV
Magnetic moment: -1.6411300776148655e-15 Bohr magnetons
Calculating q=[0.43333333333333335, 0.11666666666666667, 0]
Energy: -15.669294746258956 eV
Magnetic moment: -1.6411300776148655e-15 Bohr magnetons
Calculating q=[0.43333333333333335, 0.11666666666666667, 0]
Energy: -15.669294746258956 eV
Magnetic moment: -1.6411300776148655e-15 Bohr magnetons
Calculating q=[0.43333333333333335, 0.11666666666666667, 0]
Energy: -15.669294746258956 eV
Magnetic moment: -1.6411300776148655e-15 Bohr magnetons
Calculating q=[0.43333333333333335, 0.11666666666666667, 0]
Energy: -15.669294746258956 eV
Magnetic moment: -1.6411300776148655e-15 Bohr magnetons
Calculating q=[0.43333333333333335, 0.11666666666666667, 0]
Energy: -15.669294746258956 eV
Magnetic moment: -1.6411300776148655e-15 Bohr magnetons
Calculating q=[0.43333333333333335, 0.11666666666666667, 0]
Energy: -15.669294746258956 eV
Magnetic moment: -1.6411300776148655e-15 Bohr magnetons
Calculating q=[0.43333333333333335, 0.11666666666666667, 0]
Energy: -15.669294746258956 eV
Magnetic moment: -1.6411300776148655e-15 Bohr magnetons
Calculating q=[0.43333333333333335, 0.11666666666666667, 0]
Energy: -15.669294746258956 eV
Magnetic moment: -1.6411300776148655e-15 Bohr magnetons
Calculating q=[0.43333333333333335, 0.11666666666666667, 0]
Energy: -15.669294746258956 eV
Magnetic moment: -1.6411300776148655e-15 Bohr magnetons
Calculating q=[0.43333333333333335, 0.11666666666666667, 0]
Energy: -15.669360370872898 eV
Magnetic moment: 3.802813076225345e-15 Bohr magnetons
Energy: -15.669360370872898 eV
Magnetic moment: 3.802813076225345e-15 Bohr magnetons
Energy: -15.669360370872898 eV
Magnetic moment: 3.802813076225345e-15 Bohr magnetons
Energy: -15.669360370872898 eV
Magnetic moment: 3.802813076225345e-15 Bohr magnetons
Energy: -15.669360370872898 eV
Magnetic moment: 3.802813076225345e-15 Bohr magnetons
Energy: -15.669360370872898 eV
Magnetic moment: 3.802813076225345e-15 Bohr magnetons
Energy: -15.669360370872898 eV
Magnetic moment: 3.802813076225345e-15 Bohr magnetons
Energy: -15.669360370872898 eV
Magnetic moment: 3.802813076225345e-15 Bohr magnetons
Energy: -15.669360370872898 eV
Magnetic moment: 3.802813076225345e-15 Bohr magnetons
Energy: -15.669360370872898 eV
Magnetic moment: 3.802813076225345e-15 Bohr magnetons
Energy: -15.669360370872898 eV
Magnetic moment: 3.802813076225345e-15 Bohr magnetons
Energy: -15.669360370872898 eV
Magnetic moment: 3.802813076225345e-15 Bohr magnetons

------------------------------------------------------------
Sender: LSF System <lsfadmin@hpc.dtu.dk>
Subject: Job 21664603: <H_7.0.py> in cluster <dcc> Done

Job <H_7.0.py> was submitted from host <n-62-27-18> by user <s194113> in cluster <dcc> at Wed May  1 11:12:11 2024
Job was executed on host(s) <12*n-62-29-34>, in queue <hpc>, as user <s194113> in cluster <dcc> at Wed May  1 11:12:11 2024
</zhome/87/8/147075> was used as the home directory.
</work3/s194113/10302/10302_NM/VBr2_2D_rough> was used as the working directory.
Started at Wed May  1 11:12:11 2024
Terminated at Wed May  1 13:53:13 2024
Results reported at Wed May  1 13:53:13 2024

Your job looked like:

------------------------------------------------------------
# LSBATCH: User input
#!/bin/bash -l
id=$LSB_JOBID
mq=/work3/s194113/10302/10302_NM/.myqueue/lsf-$id
source /zhome/87/8/147075/venv-name/bin/activate
echo "venv: /zhome/87/8/147075/venv-name/bin/activate"
(touch $mq-0 && \
 cd '/work3/s194113/10302/10302_NM/VBr2_2D_rough' && \
 mpiexec python3 H_7.0.py && \
 touch $mq-1) || \
(touch $mq-2; exit 1)

------------------------------------------------------------

Successfully completed.

Resource usage summary:

    CPU time :                                   115857.51 sec.
    Max Memory :                                 7301 MB
    Average Memory :                             5686.50 MB
    Total Requested Memory :                     73728.00 MB
    Delta Memory :                               66427.00 MB
    Max Swap :                                   -
    Max Processes :                              17
    Max Threads :                                57
    Run time :                                   9662 sec.
    Turnaround time :                            9662 sec.

The output (if any) is above this job summary.



PS:

Read file </work3/s194113/10302/10302_NM/VBr2_2D_rough/H_7.0.py.21664603.err> for stderr output of this job.

