venv: /zhome/87/8/147075/venv-name/bin/activate
[1714554738.320172] [n-62-28-29:17119:0]          ib_md.c:1063 UCX  WARN  IB: ibv_fork_init() was disabled or failed, yet a fork() has been issued.
[1714554738.320210] [n-62-28-29:17117:0]          ib_md.c:1063 UCX  WARN  IB: ibv_fork_init() was disabled or failed, yet a fork() has been issued.
[1714554738.320244] [n-62-28-29:17117:0]          ib_md.c:1064 UCX  WARN  IB: data corruption might occur when using registered memory.
[1714554738.321392] [n-62-28-29:17114:0]          ib_md.c:1063 UCX  WARN  IB: ibv_fork_init() was disabled or failed, yet a fork() has been issued.
[1714554738.321422] [n-62-28-29:17114:0]          ib_md.c:1064 UCX  WARN  IB: data corruption might occur when using registered memory.
[1714554738.321274] [n-62-28-29:17115:0]          ib_md.c:1063 UCX  WARN  IB: ibv_fork_init() was disabled or failed, yet a fork() has been issued.
[1714554738.321314] [n-62-28-29:17115:0]          ib_md.c:1064 UCX  WARN  IB: data corruption might occur when using registered memory.
[1714554738.320316] [n-62-28-29:17119:0]          ib_md.c:1064 UCX  WARN  IB: data corruption might occur when using registered memory.
[1714554738.321099] [n-62-28-29:17118:0]          ib_md.c:1063 UCX  WARN  IB: ibv_fork_init() was disabled or failed, yet a fork() has been issued.
[1714554738.321128] [n-62-28-29:17118:0]          ib_md.c:1064 UCX  WARN  IB: data corruption might occur when using registered memory.
[1714554738.321311] [n-62-28-29:17121:0]          ib_md.c:1063 UCX  WARN  IB: ibv_fork_init() was disabled or failed, yet a fork() has been issued.
[1714554738.321340] [n-62-28-29:17121:0]          ib_md.c:1064 UCX  WARN  IB: data corruption might occur when using registered memory.
[1714554738.321158] [n-62-28-29:17125:0]          ib_md.c:1063 UCX  WARN  IB: ibv_fork_init() was disabled or failed, yet a fork() has been issued.
[1714554738.321190] [n-62-28-29:17125:0]          ib_md.c:1064 UCX  WARN  IB: data corruption might occur when using registered memory.
[1714554738.321547] [n-62-28-29:17113:0]          ib_md.c:1063 UCX  WARN  IB: ibv_fork_init() was disabled or failed, yet a fork() has been issued.
[1714554738.321581] [n-62-28-29:17113:0]          ib_md.c:1064 UCX  WARN  IB: data corruption might occur when using registered memory.
[1714554738.321786] [n-62-28-29:17116:0]          ib_md.c:1063 UCX  WARN  IB: ibv_fork_init() was disabled or failed, yet a fork() has been issued.
[1714554738.321823] [n-62-28-29:17116:0]          ib_md.c:1064 UCX  WARN  IB: data corruption might occur when using registered memory.
[1714554738.321514] [n-62-28-29:17120:0]          ib_md.c:1063 UCX  WARN  IB: ibv_fork_init() was disabled or failed, yet a fork() has been issued.
[1714554738.321552] [n-62-28-29:17120:0]          ib_md.c:1064 UCX  WARN  IB: data corruption might occur when using registered memory.
[1714554738.321689] [n-62-28-29:17122:0]          ib_md.c:1063 UCX  WARN  IB: ibv_fork_init() was disabled or failed, yet a fork() has been issued.
[1714554738.321718] [n-62-28-29:17122:0]          ib_md.c:1064 UCX  WARN  IB: data corruption might occur when using registered memory.
[1714554738.321961] [n-62-28-29:17123:0]          ib_md.c:1063 UCX  WARN  IB: ibv_fork_init() was disabled or failed, yet a fork() has been issued.
[1714554738.321991] [n-62-28-29:17123:0]          ib_md.c:1064 UCX  WARN  IB: data corruption might occur when using registered memory.
Calculating ground state
17 q-points in the path
=====================================
Calculating ground state
17 q-points in the path
=====================================
Calculating ground state
17 q-points in the path
=====================================
Calculating ground state
17 q-points in the path
=====================================
Calculating ground state
17 q-points in the path
=====================================
Calculating ground state
Calculating ground state
17 q-points in the path
=====================================
Calculating ground state
17 q-points in the path
=====================================
Calculating ground state
17 q-points in the path
=====================================
Calculating q=[0.15, 0.15, 0]
Calculating q=[0.15, 0.15, 0]
Calculating q=[0.15, 0.15, 0]
Calculating ground state
17 q-points in the path
=====================================
Calculating q=[0.15, 0.15, 0]
Calculating q=[0.15, 0.15, 0]
Calculating q=[0.15, 0.15, 0]
Calculating q=[0.15, 0.15, 0]
17 q-points in the path
=====================================
Calculating q=[0.15, 0.15, 0]
Calculating q=[0.15, 0.15, 0]
Calculating ground state
17 q-points in the path
=====================================
Calculating q=[0.15, 0.15, 0]
Calculating q=[0.15, 0.15, 0]
Calculating ground state
17 q-points in the path
=====================================
Calculating q=[0.15, 0.15, 0]
Energy: -15.658584505797842 eV
Magnetic moment: -9.286629662685702e-16 Bohr magnetons
Calculating q=[0.16666666666666666, 0.15, 0]
Energy: -15.658584505797842 eV
Magnetic moment: -9.286629662685702e-16 Bohr magnetons
Calculating q=[0.16666666666666666, 0.15, 0]
Energy: -15.658584505797842 eV
Magnetic moment: -9.286629662685702e-16 Bohr magnetons
Calculating q=[0.16666666666666666, 0.15, 0]
Energy: -15.658584505797842 eV
Magnetic moment: -9.286629662685702e-16 Bohr magnetons
Calculating q=[0.16666666666666666, 0.15, 0]
Energy: -15.658584505797842 eV
Magnetic moment: -9.286629662685702e-16 Bohr magnetons
Calculating q=[0.16666666666666666, 0.15, 0]
Energy: -15.658584505797842 eV
Magnetic moment: -9.286629662685702e-16 Bohr magnetons
Calculating q=[0.16666666666666666, 0.15, 0]
Energy: -15.658584505797842 eV
Magnetic moment: -9.286629662685702e-16 Bohr magnetons
Calculating q=[0.16666666666666666, 0.15, 0]
Energy: -15.658584505797842 eV
Magnetic moment: -9.286629662685702e-16 Bohr magnetons
Calculating q=[0.16666666666666666, 0.15, 0]
Energy: -15.658584505797842 eV
Magnetic moment: -9.286629662685702e-16 Bohr magnetons
Calculating q=[0.16666666666666666, 0.15, 0]
Energy: -15.658584505797842 eV
Magnetic moment: -9.286629662685702e-16 Bohr magnetons
Calculating q=[0.16666666666666666, 0.15, 0]
Energy: -15.658584505797842 eV
Magnetic moment: -9.286629662685702e-16 Bohr magnetons
Calculating q=[0.16666666666666666, 0.15, 0]
Energy: -15.658584505797842 eV
Magnetic moment: -9.286629662685702e-16 Bohr magnetons
Calculating q=[0.16666666666666666, 0.15, 0]
Energy: -15.659960331864266 eV
Magnetic moment: -1.307199178057853e-15 Bohr magnetons
Calculating q=[0.18333333333333332, 0.15, 0]
Energy: -15.659960331864266 eV
Magnetic moment: -1.307199178057853e-15 Bohr magnetons
Calculating q=[0.18333333333333332, 0.15, 0]
Energy: -15.659960331864266 eV
Magnetic moment: -1.307199178057853e-15 Bohr magnetons
Calculating q=[0.18333333333333332, 0.15, 0]
Energy: -15.659960331864266 eV
Magnetic moment: -1.307199178057853e-15 Bohr magnetons
Calculating q=[0.18333333333333332, 0.15, 0]
Energy: -15.659960331864266 eV
Magnetic moment: -1.307199178057853e-15 Bohr magnetons
Calculating q=[0.18333333333333332, 0.15, 0]
Energy: -15.659960331864266 eV
Magnetic moment: -1.307199178057853e-15 Bohr magnetons
Calculating q=[0.18333333333333332, 0.15, 0]
Energy: -15.659960331864266 eV
Magnetic moment: -1.307199178057853e-15 Bohr magnetons
Calculating q=[0.18333333333333332, 0.15, 0]
Energy: -15.659960331864266 eV
Magnetic moment: -1.307199178057853e-15 Bohr magnetons
Calculating q=[0.18333333333333332, 0.15, 0]
Energy: -15.659960331864266 eV
Magnetic moment: -1.307199178057853e-15 Bohr magnetons
Calculating q=[0.18333333333333332, 0.15, 0]
Energy: -15.659960331864266 eV
Magnetic moment: -1.307199178057853e-15 Bohr magnetons
Calculating q=[0.18333333333333332, 0.15, 0]
Energy: -15.659960331864266 eV
Magnetic moment: -1.307199178057853e-15 Bohr magnetons
Calculating q=[0.18333333333333332, 0.15, 0]
Energy: -15.659960331864266 eV
Magnetic moment: -1.307199178057853e-15 Bohr magnetons
Calculating q=[0.18333333333333332, 0.15, 0]
Energy: -15.661282222688191 eV
Magnetic moment: -2.7958113623642683e-15 Bohr magnetons
Calculating q=[0.2, 0.15, 0]
Energy: -15.661282222688191 eV
Magnetic moment: -2.7958113623642683e-15 Bohr magnetons
Calculating q=[0.2, 0.15, 0]
Energy: -15.661282222688191 eV
Magnetic moment: -2.7958113623642683e-15 Bohr magnetons
Calculating q=[0.2, 0.15, 0]
Energy: -15.661282222688191 eV
Magnetic moment: -2.7958113623642683e-15 Bohr magnetons
Calculating q=[0.2, 0.15, 0]
Energy: -15.661282222688191 eV
Magnetic moment: -2.7958113623642683e-15 Bohr magnetons
Calculating q=[0.2, 0.15, 0]
Energy: -15.661282222688191 eV
Magnetic moment: -2.7958113623642683e-15 Bohr magnetons
Calculating q=[0.2, 0.15, 0]
Energy: -15.661282222688191 eV
Magnetic moment: -2.7958113623642683e-15 Bohr magnetons
Calculating q=[0.2, 0.15, 0]
Energy: -15.661282222688191 eV
Magnetic moment: -2.7958113623642683e-15 Bohr magnetons
Calculating q=[0.2, 0.15, 0]
Energy: -15.661282222688191 eV
Magnetic moment: -2.7958113623642683e-15 Bohr magnetons
Calculating q=[0.2, 0.15, 0]
Energy: -15.661282222688191 eV
Magnetic moment: -2.7958113623642683e-15 Bohr magnetons
Calculating q=[0.2, 0.15, 0]
Energy: -15.661282222688191 eV
Magnetic moment: -2.7958113623642683e-15 Bohr magnetons
Calculating q=[0.2, 0.15, 0]
Energy: -15.661282222688191 eV
Magnetic moment: -2.7958113623642683e-15 Bohr magnetons
Calculating q=[0.2, 0.15, 0]
Energy: -15.66253800473847 eV
Magnetic moment: -1.756876705973739e-14 Bohr magnetons
Calculating q=[0.21666666666666667, 0.15, 0]
Energy: -15.66253800473847 eV
Magnetic moment: -1.756876705973739e-14 Bohr magnetons
Calculating q=[0.21666666666666667, 0.15, 0]
Energy: -15.66253800473847 eV
Magnetic moment: -1.756876705973739e-14 Bohr magnetons
Calculating q=[0.21666666666666667, 0.15, 0]
Energy: -15.66253800473847 eV
Magnetic moment: -1.756876705973739e-14 Bohr magnetons
Calculating q=[0.21666666666666667, 0.15, 0]
Energy: -15.66253800473847 eV
Magnetic moment: -1.756876705973739e-14 Bohr magnetons
Calculating q=[0.21666666666666667, 0.15, 0]
Energy: -15.66253800473847 eV
Magnetic moment: -1.756876705973739e-14 Bohr magnetons
Calculating q=[0.21666666666666667, 0.15, 0]
Energy: -15.66253800473847 eV
Magnetic moment: -1.756876705973739e-14 Bohr magnetons
Calculating q=[0.21666666666666667, 0.15, 0]
Energy: -15.66253800473847 eV
Magnetic moment: -1.756876705973739e-14 Bohr magnetons
Calculating q=[0.21666666666666667, 0.15, 0]
Energy: -15.66253800473847 eV
Magnetic moment: -1.756876705973739e-14 Bohr magnetons
Calculating q=[0.21666666666666667, 0.15, 0]
Energy: -15.66253800473847 eV
Magnetic moment: -1.756876705973739e-14 Bohr magnetons
Calculating q=[0.21666666666666667, 0.15, 0]
Energy: -15.66253800473847 eV
Magnetic moment: -1.756876705973739e-14 Bohr magnetons
Calculating q=[0.21666666666666667, 0.15, 0]
Energy: -15.66253800473847 eV
Magnetic moment: -1.756876705973739e-14 Bohr magnetons
Calculating q=[0.21666666666666667, 0.15, 0]
Energy: -15.663715734286704 eV
Magnetic moment: -1.7522696872021054e-15 Bohr magnetons
Calculating q=[0.23333333333333334, 0.15, 0]
Energy: -15.663715734286704 eV
Magnetic moment: -1.7522696872021054e-15 Bohr magnetons
Calculating q=[0.23333333333333334, 0.15, 0]
Energy: -15.663715734286704 eV
Magnetic moment: -1.7522696872021054e-15 Bohr magnetons
Calculating q=[0.23333333333333334, 0.15, 0]
Energy: -15.663715734286704 eV
Magnetic moment: -1.7522696872021054e-15 Bohr magnetons
Calculating q=[0.23333333333333334, 0.15, 0]
Energy: -15.663715734286704 eV
Magnetic moment: -1.7522696872021054e-15 Bohr magnetons
Calculating q=[0.23333333333333334, 0.15, 0]
Energy: -15.663715734286704 eV
Magnetic moment: -1.7522696872021054e-15 Bohr magnetons
Calculating q=[0.23333333333333334, 0.15, 0]
Energy: -15.663715734286704 eV
Magnetic moment: -1.7522696872021054e-15 Bohr magnetons
Calculating q=[0.23333333333333334, 0.15, 0]
Energy: -15.663715734286704 eV
Magnetic moment: -1.7522696872021054e-15 Bohr magnetons
Calculating q=[0.23333333333333334, 0.15, 0]
Energy: -15.663715734286704 eV
Magnetic moment: -1.7522696872021054e-15 Bohr magnetons
Calculating q=[0.23333333333333334, 0.15, 0]
Energy: -15.663715734286704 eV
Magnetic moment: -1.7522696872021054e-15 Bohr magnetons
Calculating q=[0.23333333333333334, 0.15, 0]
Energy: -15.663715734286704 eV
Magnetic moment: -1.7522696872021054e-15 Bohr magnetons
Calculating q=[0.23333333333333334, 0.15, 0]
Energy: -15.663715734286704 eV
Magnetic moment: -1.7522696872021054e-15 Bohr magnetons
Calculating q=[0.23333333333333334, 0.15, 0]
Energy: -15.664803581252915 eV
Magnetic moment: 1.7628122132501441e-16 Bohr magnetons
Calculating q=[0.25, 0.15, 0]
Energy: -15.664803581252915 eV
Magnetic moment: 1.7628122132501441e-16 Bohr magnetons
Calculating q=[0.25, 0.15, 0]
Energy: -15.664803581252915 eV
Magnetic moment: 1.7628122132501441e-16 Bohr magnetons
Calculating q=[0.25, 0.15, 0]
Energy: -15.664803581252915 eV
Magnetic moment: 1.7628122132501441e-16 Bohr magnetons
Calculating q=[0.25, 0.15, 0]
Energy: -15.664803581252915 eV
Magnetic moment: 1.7628122132501441e-16 Bohr magnetons
Calculating q=[0.25, 0.15, 0]
Energy: -15.664803581252915 eV
Magnetic moment: 1.7628122132501441e-16 Bohr magnetons
Calculating q=[0.25, 0.15, 0]
Energy: -15.664803581252915 eV
Magnetic moment: 1.7628122132501441e-16 Bohr magnetons
Calculating q=[0.25, 0.15, 0]
Energy: -15.664803581252915 eV
Magnetic moment: 1.7628122132501441e-16 Bohr magnetons
Calculating q=[0.25, 0.15, 0]
Energy: -15.664803581252915 eV
Magnetic moment: 1.7628122132501441e-16 Bohr magnetons
Calculating q=[0.25, 0.15, 0]
Energy: -15.664803581252915 eV
Magnetic moment: 1.7628122132501441e-16 Bohr magnetons
Calculating q=[0.25, 0.15, 0]
Energy: -15.664803581252915 eV
Magnetic moment: 1.7628122132501441e-16 Bohr magnetons
Calculating q=[0.25, 0.15, 0]
Energy: -15.664803581252915 eV
Magnetic moment: 1.7628122132501441e-16 Bohr magnetons
Calculating q=[0.25, 0.15, 0]
Energy: -15.665797533552384 eV
Magnetic moment: 1.3472791573614454e-16 Bohr magnetons
Calculating q=[0.26666666666666666, 0.15, 0]
Energy: -15.665797533552384 eV
Magnetic moment: 1.3472791573614454e-16 Bohr magnetons
Calculating q=[0.26666666666666666, 0.15, 0]
Energy: -15.665797533552384 eV
Magnetic moment: 1.3472791573614454e-16 Bohr magnetons
Calculating q=[0.26666666666666666, 0.15, 0]
Energy: -15.665797533552384 eV
Magnetic moment: 1.3472791573614454e-16 Bohr magnetons
Calculating q=[0.26666666666666666, 0.15, 0]
Energy: -15.665797533552384 eV
Magnetic moment: 1.3472791573614454e-16 Bohr magnetons
Calculating q=[0.26666666666666666, 0.15, 0]
Energy: -15.665797533552384 eV
Magnetic moment: 1.3472791573614454e-16 Bohr magnetons
Calculating q=[0.26666666666666666, 0.15, 0]
Energy: -15.665797533552384 eV
Magnetic moment: 1.3472791573614454e-16 Bohr magnetons
Calculating q=[0.26666666666666666, 0.15, 0]
Energy: -15.665797533552384 eV
Magnetic moment: 1.3472791573614454e-16 Bohr magnetons
Calculating q=[0.26666666666666666, 0.15, 0]
Energy: -15.665797533552384 eV
Magnetic moment: 1.3472791573614454e-16 Bohr magnetons
Calculating q=[0.26666666666666666, 0.15, 0]
Energy: -15.665797533552384 eV
Magnetic moment: 1.3472791573614454e-16 Bohr magnetons
Calculating q=[0.26666666666666666, 0.15, 0]
Energy: -15.665797533552384 eV
Magnetic moment: 1.3472791573614454e-16 Bohr magnetons
Calculating q=[0.26666666666666666, 0.15, 0]
Energy: -15.665797533552384 eV
Magnetic moment: 1.3472791573614454e-16 Bohr magnetons
Calculating q=[0.26666666666666666, 0.15, 0]
Energy: -15.666693660586793 eV
Magnetic moment: -1.1624498055977923e-15 Bohr magnetons
Calculating q=[0.2833333333333333, 0.15, 0]
Energy: -15.666693660586793 eV
Magnetic moment: -1.1624498055977923e-15 Bohr magnetons
Calculating q=[0.2833333333333333, 0.15, 0]
Energy: -15.666693660586793 eV
Magnetic moment: -1.1624498055977923e-15 Bohr magnetons
Calculating q=[0.2833333333333333, 0.15, 0]
Energy: -15.666693660586793 eV
Magnetic moment: -1.1624498055977923e-15 Bohr magnetons
Calculating q=[0.2833333333333333, 0.15, 0]
Energy: -15.666693660586793 eV
Magnetic moment: -1.1624498055977923e-15 Bohr magnetons
Calculating q=[0.2833333333333333, 0.15, 0]
Energy: -15.666693660586793 eV
Magnetic moment: -1.1624498055977923e-15 Bohr magnetons
Calculating q=[0.2833333333333333, 0.15, 0]
Energy: -15.666693660586793 eV
Magnetic moment: -1.1624498055977923e-15 Bohr magnetons
Calculating q=[0.2833333333333333, 0.15, 0]
Energy: -15.666693660586793 eV
Magnetic moment: -1.1624498055977923e-15 Bohr magnetons
Calculating q=[0.2833333333333333, 0.15, 0]
Energy: -15.666693660586793 eV
Magnetic moment: -1.1624498055977923e-15 Bohr magnetons
Calculating q=[0.2833333333333333, 0.15, 0]
Energy: -15.666693660586793 eV
Magnetic moment: -1.1624498055977923e-15 Bohr magnetons
Calculating q=[0.2833333333333333, 0.15, 0]
Energy: -15.666693660586793 eV
Magnetic moment: -1.1624498055977923e-15 Bohr magnetons
Calculating q=[0.2833333333333333, 0.15, 0]
Energy: -15.666693660586793 eV
Magnetic moment: -1.1624498055977923e-15 Bohr magnetons
Calculating q=[0.2833333333333333, 0.15, 0]
Energy: -15.667488309354498 eV
Magnetic moment: -5.070187728690679e-15 Bohr magnetons
Calculating q=[0.3, 0.15, 0]
Energy: -15.667488309354498 eV
Magnetic moment: -5.070187728690679e-15 Bohr magnetons
Calculating q=[0.3, 0.15, 0]
Energy: -15.667488309354498 eV
Magnetic moment: -5.070187728690679e-15 Bohr magnetons
Calculating q=[0.3, 0.15, 0]
Energy: -15.667488309354498 eV
Magnetic moment: -5.070187728690679e-15 Bohr magnetons
Calculating q=[0.3, 0.15, 0]
Energy: -15.667488309354498 eV
Magnetic moment: -5.070187728690679e-15 Bohr magnetons
Calculating q=[0.3, 0.15, 0]
Energy: -15.667488309354498 eV
Magnetic moment: -5.070187728690679e-15 Bohr magnetons
Calculating q=[0.3, 0.15, 0]
Energy: -15.667488309354498 eV
Magnetic moment: -5.070187728690679e-15 Bohr magnetons
Calculating q=[0.3, 0.15, 0]
Energy: -15.667488309354498 eV
Magnetic moment: -5.070187728690679e-15 Bohr magnetons
Calculating q=[0.3, 0.15, 0]
Energy: -15.667488309354498 eV
Magnetic moment: -5.070187728690679e-15 Bohr magnetons
Calculating q=[0.3, 0.15, 0]
Energy: -15.667488309354498 eV
Magnetic moment: -5.070187728690679e-15 Bohr magnetons
Calculating q=[0.3, 0.15, 0]
Energy: -15.667488309354498 eV
Magnetic moment: -5.070187728690679e-15 Bohr magnetons
Calculating q=[0.3, 0.15, 0]
Energy: -15.667488309354498 eV
Magnetic moment: -5.070187728690679e-15 Bohr magnetons
Calculating q=[0.3, 0.15, 0]
Energy: -15.668183984634538 eV
Magnetic moment: 1.5180538119551361e-16 Bohr magnetons
Calculating q=[0.31666666666666665, 0.15, 0]
Energy: -15.668183984634538 eV
Magnetic moment: 1.5180538119551361e-16 Bohr magnetons
Calculating q=[0.31666666666666665, 0.15, 0]
Energy: -15.668183984634538 eV
Magnetic moment: 1.5180538119551361e-16 Bohr magnetons
Calculating q=[0.31666666666666665, 0.15, 0]
Energy: -15.668183984634538 eV
Magnetic moment: 1.5180538119551361e-16 Bohr magnetons
Calculating q=[0.31666666666666665, 0.15, 0]
Energy: -15.668183984634538 eV
Magnetic moment: 1.5180538119551361e-16 Bohr magnetons
Calculating q=[0.31666666666666665, 0.15, 0]
Energy: -15.668183984634538 eV
Magnetic moment: 1.5180538119551361e-16 Bohr magnetons
Calculating q=[0.31666666666666665, 0.15, 0]
Energy: -15.668183984634538 eV
Magnetic moment: 1.5180538119551361e-16 Bohr magnetons
Calculating q=[0.31666666666666665, 0.15, 0]
Energy: -15.668183984634538 eV
Magnetic moment: 1.5180538119551361e-16 Bohr magnetons
Calculating q=[0.31666666666666665, 0.15, 0]
Energy: -15.668183984634538 eV
Magnetic moment: 1.5180538119551361e-16 Bohr magnetons
Calculating q=[0.31666666666666665, 0.15, 0]
Energy: -15.668183984634538 eV
Magnetic moment: 1.5180538119551361e-16 Bohr magnetons
Calculating q=[0.31666666666666665, 0.15, 0]
Energy: -15.668183984634538 eV
Magnetic moment: 1.5180538119551361e-16 Bohr magnetons
Calculating q=[0.31666666666666665, 0.15, 0]
Energy: -15.668183984634538 eV
Magnetic moment: 1.5180538119551361e-16 Bohr magnetons
Calculating q=[0.31666666666666665, 0.15, 0]
Energy: -15.66877855214278 eV
Magnetic moment: -3.880042917024152e-15 Bohr magnetons
Calculating q=[0.3333333333333333, 0.15, 0]
Energy: -15.66877855214278 eV
Magnetic moment: -3.880042917024152e-15 Bohr magnetons
Calculating q=[0.3333333333333333, 0.15, 0]
Energy: -15.66877855214278 eV
Magnetic moment: -3.880042917024152e-15 Bohr magnetons
Calculating q=[0.3333333333333333, 0.15, 0]
Energy: -15.66877855214278 eV
Magnetic moment: -3.880042917024152e-15 Bohr magnetons
Calculating q=[0.3333333333333333, 0.15, 0]
Energy: -15.66877855214278 eV
Magnetic moment: -3.880042917024152e-15 Bohr magnetons
Calculating q=[0.3333333333333333, 0.15, 0]
Energy: -15.66877855214278 eV
Magnetic moment: -3.880042917024152e-15 Bohr magnetons
Calculating q=[0.3333333333333333, 0.15, 0]
Energy: -15.66877855214278 eV
Magnetic moment: -3.880042917024152e-15 Bohr magnetons
Calculating q=[0.3333333333333333, 0.15, 0]
Energy: -15.66877855214278 eV
Magnetic moment: -3.880042917024152e-15 Bohr magnetons
Calculating q=[0.3333333333333333, 0.15, 0]
Energy: -15.66877855214278 eV
Magnetic moment: -3.880042917024152e-15 Bohr magnetons
Calculating q=[0.3333333333333333, 0.15, 0]
Energy: -15.66877855214278 eV
Magnetic moment: -3.880042917024152e-15 Bohr magnetons
Calculating q=[0.3333333333333333, 0.15, 0]
Energy: -15.66877855214278 eV
Magnetic moment: -3.880042917024152e-15 Bohr magnetons
Calculating q=[0.3333333333333333, 0.15, 0]
Energy: -15.66877855214278 eV
Magnetic moment: -3.880042917024152e-15 Bohr magnetons
Calculating q=[0.3333333333333333, 0.15, 0]
Energy: -15.66928078949029 eV
Magnetic moment: 1.4058352733663194e-15 Bohr magnetons
Calculating q=[0.35, 0.15, 0]
Energy: -15.66928078949029 eV
Magnetic moment: 1.4058352733663194e-15 Bohr magnetons
Calculating q=[0.35, 0.15, 0]
Energy: -15.66928078949029 eV
Magnetic moment: 1.4058352733663194e-15 Bohr magnetons
Calculating q=[0.35, 0.15, 0]
Energy: -15.66928078949029 eV
Magnetic moment: 1.4058352733663194e-15 Bohr magnetons
Calculating q=[0.35, 0.15, 0]
Energy: -15.66928078949029 eV
Magnetic moment: 1.4058352733663194e-15 Bohr magnetons
Calculating q=[0.35, 0.15, 0]
Energy: -15.66928078949029 eV
Magnetic moment: 1.4058352733663194e-15 Bohr magnetons
Calculating q=[0.35, 0.15, 0]
Energy: -15.66928078949029 eV
Magnetic moment: 1.4058352733663194e-15 Bohr magnetons
Calculating q=[0.35, 0.15, 0]
Energy: -15.66928078949029 eV
Magnetic moment: 1.4058352733663194e-15 Bohr magnetons
Calculating q=[0.35, 0.15, 0]
Energy: -15.66928078949029 eV
Magnetic moment: 1.4058352733663194e-15 Bohr magnetons
Calculating q=[0.35, 0.15, 0]
Energy: -15.66928078949029 eV
Magnetic moment: 1.4058352733663194e-15 Bohr magnetons
Calculating q=[0.35, 0.15, 0]
Energy: -15.66928078949029 eV
Magnetic moment: 1.4058352733663194e-15 Bohr magnetons
Calculating q=[0.35, 0.15, 0]
Energy: -15.66928078949029 eV
Magnetic moment: 1.4058352733663194e-15 Bohr magnetons
Calculating q=[0.35, 0.15, 0]
Energy: -15.669688704746063 eV
Magnetic moment: 3.3909797931541467e-16 Bohr magnetons
Calculating q=[0.36666666666666664, 0.15, 0]
Energy: -15.669688704746063 eV
Magnetic moment: 3.3909797931541467e-16 Bohr magnetons
Calculating q=[0.36666666666666664, 0.15, 0]
Energy: -15.669688704746063 eV
Magnetic moment: 3.3909797931541467e-16 Bohr magnetons
Calculating q=[0.36666666666666664, 0.15, 0]
Energy: -15.669688704746063 eV
Magnetic moment: 3.3909797931541467e-16 Bohr magnetons
Calculating q=[0.36666666666666664, 0.15, 0]
Energy: -15.669688704746063 eV
Magnetic moment: 3.3909797931541467e-16 Bohr magnetons
Calculating q=[0.36666666666666664, 0.15, 0]
Energy: -15.669688704746063 eV
Magnetic moment: 3.3909797931541467e-16 Bohr magnetons
Calculating q=[0.36666666666666664, 0.15, 0]
Energy: -15.669688704746063 eV
Magnetic moment: 3.3909797931541467e-16 Bohr magnetons
Calculating q=[0.36666666666666664, 0.15, 0]
Energy: -15.669688704746063 eV
Magnetic moment: 3.3909797931541467e-16 Bohr magnetons
Calculating q=[0.36666666666666664, 0.15, 0]
Energy: -15.669688704746063 eV
Magnetic moment: 3.3909797931541467e-16 Bohr magnetons
Calculating q=[0.36666666666666664, 0.15, 0]
Energy: -15.669688704746063 eV
Magnetic moment: 3.3909797931541467e-16 Bohr magnetons
Calculating q=[0.36666666666666664, 0.15, 0]
Energy: -15.669688704746063 eV
Magnetic moment: 3.3909797931541467e-16 Bohr magnetons
Calculating q=[0.36666666666666664, 0.15, 0]
Energy: -15.669688704746063 eV
Magnetic moment: 3.3909797931541467e-16 Bohr magnetons
Calculating q=[0.36666666666666664, 0.15, 0]
Energy: -15.670007730912243 eV
Magnetic moment: -3.5724855520848984e-15 Bohr magnetons
Calculating q=[0.3833333333333333, 0.15, 0]
Energy: -15.670007730912243 eV
Magnetic moment: -3.5724855520848984e-15 Bohr magnetons
Calculating q=[0.3833333333333333, 0.15, 0]
Energy: -15.670007730912243 eV
Magnetic moment: -3.5724855520848984e-15 Bohr magnetons
Calculating q=[0.3833333333333333, 0.15, 0]
Energy: -15.670007730912243 eV
Magnetic moment: -3.5724855520848984e-15 Bohr magnetons
Calculating q=[0.3833333333333333, 0.15, 0]
Energy: -15.670007730912243 eV
Magnetic moment: -3.5724855520848984e-15 Bohr magnetons
Calculating q=[0.3833333333333333, 0.15, 0]
Energy: -15.670007730912243 eV
Magnetic moment: -3.5724855520848984e-15 Bohr magnetons
Calculating q=[0.3833333333333333, 0.15, 0]
Energy: -15.670007730912243 eV
Magnetic moment: -3.5724855520848984e-15 Bohr magnetons
Calculating q=[0.3833333333333333, 0.15, 0]
Energy: -15.670007730912243 eV
Magnetic moment: -3.5724855520848984e-15 Bohr magnetons
Calculating q=[0.3833333333333333, 0.15, 0]
Energy: -15.670007730912243 eV
Magnetic moment: -3.5724855520848984e-15 Bohr magnetons
Calculating q=[0.3833333333333333, 0.15, 0]
Energy: -15.670007730912243 eV
Magnetic moment: -3.5724855520848984e-15 Bohr magnetons
Calculating q=[0.3833333333333333, 0.15, 0]
Energy: -15.670007730912243 eV
Magnetic moment: -3.5724855520848984e-15 Bohr magnetons
Calculating q=[0.3833333333333333, 0.15, 0]
Energy: -15.670007730912243 eV
Magnetic moment: -3.5724855520848984e-15 Bohr magnetons
Calculating q=[0.3833333333333333, 0.15, 0]
Energy: -15.670242409431877 eV
Magnetic moment: 8.672026797450904e-16 Bohr magnetons
Calculating q=[0.4, 0.15, 0]
Energy: -15.670242409431877 eV
Magnetic moment: 8.672026797450904e-16 Bohr magnetons
Calculating q=[0.4, 0.15, 0]
Energy: -15.670242409431877 eV
Magnetic moment: 8.672026797450904e-16 Bohr magnetons
Calculating q=[0.4, 0.15, 0]
Energy: -15.670242409431877 eV
Magnetic moment: 8.672026797450904e-16 Bohr magnetons
Calculating q=[0.4, 0.15, 0]
Energy: -15.670242409431877 eV
Magnetic moment: 8.672026797450904e-16 Bohr magnetons
Calculating q=[0.4, 0.15, 0]
Energy: -15.670242409431877 eV
Magnetic moment: 8.672026797450904e-16 Bohr magnetons
Calculating q=[0.4, 0.15, 0]
Energy: -15.670242409431877 eV
Magnetic moment: 8.672026797450904e-16 Bohr magnetons
Calculating q=[0.4, 0.15, 0]
Energy: -15.670242409431877 eV
Magnetic moment: 8.672026797450904e-16 Bohr magnetons
Energy: -15.670242409431877 eV
Magnetic moment: 8.672026797450904e-16 Bohr magnetons
Calculating q=[0.4, 0.15, 0]
Energy: -15.670242409431877 eV
Magnetic moment: 8.672026797450904e-16 Bohr magnetons
Calculating q=[0.4, 0.15, 0]
Energy: -15.670242409431877 eV
Magnetic moment: 8.672026797450904e-16 Bohr magnetons
Calculating q=[0.4, 0.15, 0]
Calculating q=[0.4, 0.15, 0]
Energy: -15.670242409431877 eV
Magnetic moment: 8.672026797450904e-16 Bohr magnetons
Calculating q=[0.4, 0.15, 0]
Energy: -15.670394418209225 eV
Magnetic moment: -3.1198853665615197e-15 Bohr magnetons
Calculating q=[0.41666666666666663, 0.15, 0]
Energy: -15.670394418209225 eV
Magnetic moment: -3.1198853665615197e-15 Bohr magnetons
Calculating q=[0.41666666666666663, 0.15, 0]
Energy: -15.670394418209225 eV
Magnetic moment: -3.1198853665615197e-15 Bohr magnetons
Calculating q=[0.41666666666666663, 0.15, 0]
Energy: -15.670394418209225 eV
Magnetic moment: -3.1198853665615197e-15 Bohr magnetons
Calculating q=[0.41666666666666663, 0.15, 0]
Energy: -15.670394418209225 eV
Magnetic moment: -3.1198853665615197e-15 Bohr magnetons
Calculating q=[0.41666666666666663, 0.15, 0]
Energy: -15.670394418209225 eV
Magnetic moment: -3.1198853665615197e-15 Bohr magnetons
Calculating q=[0.41666666666666663, 0.15, 0]
Energy: -15.670394418209225 eV
Magnetic moment: -3.1198853665615197e-15 Bohr magnetons
Calculating q=[0.41666666666666663, 0.15, 0]
Energy: -15.670394418209225 eV
Magnetic moment: -3.1198853665615197e-15 Bohr magnetons
Calculating q=[0.41666666666666663, 0.15, 0]
Energy: -15.670394418209225 eV
Magnetic moment: -3.1198853665615197e-15 Bohr magnetons
Calculating q=[0.41666666666666663, 0.15, 0]
Energy: -15.670394418209225 eV
Magnetic moment: -3.1198853665615197e-15 Bohr magnetons
Calculating q=[0.41666666666666663, 0.15, 0]
Energy: -15.670394418209225 eV
Magnetic moment: -3.1198853665615197e-15 Bohr magnetons
Calculating q=[0.41666666666666663, 0.15, 0]
Energy: -15.670394418209225 eV
Magnetic moment: -3.1198853665615197e-15 Bohr magnetons
Calculating q=[0.41666666666666663, 0.15, 0]
Energy: -15.670465812528578 eV
Magnetic moment: -2.2656947310544403e-15 Bohr magnetons
Energy: -15.670465812528578 eV
Magnetic moment: -2.2656947310544403e-15 Bohr magnetons
Energy: -15.670465812528578 eV
Magnetic moment: -2.2656947310544403e-15 Bohr magnetons
Energy: -15.670465812528578 eV
Magnetic moment: -2.2656947310544403e-15 Bohr magnetons
Energy: -15.670465812528578 eV
Magnetic moment: -2.2656947310544403e-15 Bohr magnetons
Energy: -15.670465812528578 eV
Magnetic moment: -2.2656947310544403e-15 Bohr magnetons
Energy: -15.670465812528578 eV
Magnetic moment: -2.2656947310544403e-15 Bohr magnetons
Energy: -15.670465812528578 eV
Magnetic moment: -2.2656947310544403e-15 Bohr magnetons
Energy: -15.670465812528578 eV
Magnetic moment: -2.2656947310544403e-15 Bohr magnetons
Energy: -15.670465812528578 eV
Magnetic moment: -2.2656947310544403e-15 Bohr magnetons
Energy: -15.670465812528578 eV
Magnetic moment: -2.2656947310544403e-15 Bohr magnetons
Energy: -15.670465812528578 eV
Magnetic moment: -2.2656947310544403e-15 Bohr magnetons

------------------------------------------------------------
Sender: LSF System <lsfadmin@hpc.dtu.dk>
Subject: Job 21664605: <H_9.0.py> in cluster <dcc> Done

Job <H_9.0.py> was submitted from host <n-62-27-18> by user <s194113> in cluster <dcc> at Wed May  1 11:12:13 2024
Job was executed on host(s) <12*n-62-28-29>, in queue <hpc>, as user <s194113> in cluster <dcc> at Wed May  1 11:12:14 2024
</zhome/87/8/147075> was used as the home directory.
</work3/s194113/10302/10302_NM/VBr2_2D_rough> was used as the working directory.
Started at Wed May  1 11:12:14 2024
Terminated at Wed May  1 13:24:20 2024
Results reported at Wed May  1 13:24:20 2024

Your job looked like:

------------------------------------------------------------
# LSBATCH: User input
#!/bin/bash -l
id=$LSB_JOBID
mq=/work3/s194113/10302/10302_NM/.myqueue/lsf-$id
source /zhome/87/8/147075/venv-name/bin/activate
echo "venv: /zhome/87/8/147075/venv-name/bin/activate"
(touch $mq-0 && \
 cd '/work3/s194113/10302/10302_NM/VBr2_2D_rough' && \
 mpiexec python3 H_9.0.py && \
 touch $mq-1) || \
(touch $mq-2; exit 1)

------------------------------------------------------------

Successfully completed.

Resource usage summary:

    CPU time :                                   95037.32 sec.
    Max Memory :                                 8927 MB
    Average Memory :                             7091.93 MB
    Total Requested Memory :                     73728.00 MB
    Delta Memory :                               64801.00 MB
    Max Swap :                                   -
    Max Processes :                              17
    Max Threads :                                57
    Run time :                                   7967 sec.
    Turnaround time :                            7927 sec.

The output (if any) is above this job summary.



PS:

Read file </work3/s194113/10302/10302_NM/VBr2_2D_rough/H_9.0.py.21664605.err> for stderr output of this job.

