venv: /zhome/87/8/147075/venv-name/bin/activate
[1713848313.827327] [n-62-29-21:10127:0]          ib_md.c:1063 UCX  WARN  IB: ibv_fork_init() was disabled or failed, yet a fork() has been issued.
[1713848313.827373] [n-62-29-21:10127:0]          ib_md.c:1064 UCX  WARN  IB: data corruption might occur when using registered memory.
[1713848313.827327] [n-62-29-21:10128:0]          ib_md.c:1063 UCX  WARN  IB: ibv_fork_init() was disabled or failed, yet a fork() has been issued.
[1713848313.827396] [n-62-29-21:10121:0]          ib_md.c:1063 UCX  WARN  IB: ibv_fork_init() was disabled or failed, yet a fork() has been issued.
[1713848313.827448] [n-62-29-21:10121:0]          ib_md.c:1064 UCX  WARN  IB: data corruption might occur when using registered memory.
[1713848313.827403] [n-62-29-21:10123:0]          ib_md.c:1063 UCX  WARN  IB: ibv_fork_init() was disabled or failed, yet a fork() has been issued.
[1713848313.827433] [n-62-29-21:10123:0]          ib_md.c:1064 UCX  WARN  IB: data corruption might occur when using registered memory.
[1713848313.827506] [n-62-29-21:10128:0]          ib_md.c:1064 UCX  WARN  IB: data corruption might occur when using registered memory.
[1713848313.827597] [n-62-29-21:10122:0]          ib_md.c:1063 UCX  WARN  IB: ibv_fork_init() was disabled or failed, yet a fork() has been issued.
[1713848313.827637] [n-62-29-21:10122:0]          ib_md.c:1064 UCX  WARN  IB: data corruption might occur when using registered memory.
[1713848313.827603] [n-62-29-21:10125:0]          ib_md.c:1063 UCX  WARN  IB: ibv_fork_init() was disabled or failed, yet a fork() has been issued.
[1713848313.827637] [n-62-29-21:10125:0]          ib_md.c:1064 UCX  WARN  IB: data corruption might occur when using registered memory.
[1713848313.827505] [n-62-29-21:10126:0]          ib_md.c:1063 UCX  WARN  IB: ibv_fork_init() was disabled or failed, yet a fork() has been issued.
[1713848313.827542] [n-62-29-21:10126:0]          ib_md.c:1064 UCX  WARN  IB: data corruption might occur when using registered memory.
[1713848313.827436] [n-62-29-21:10130:0]          ib_md.c:1063 UCX  WARN  IB: ibv_fork_init() was disabled or failed, yet a fork() has been issued.
[1713848313.827478] [n-62-29-21:10130:0]          ib_md.c:1064 UCX  WARN  IB: data corruption might occur when using registered memory.
[1713848313.827594] [n-62-29-21:10132:0]          ib_md.c:1063 UCX  WARN  IB: ibv_fork_init() was disabled or failed, yet a fork() has been issued.
[1713848313.827635] [n-62-29-21:10132:0]          ib_md.c:1064 UCX  WARN  IB: data corruption might occur when using registered memory.
[1713848313.827792] [n-62-29-21:10124:0]          ib_md.c:1063 UCX  WARN  IB: ibv_fork_init() was disabled or failed, yet a fork() has been issued.
[1713848313.827829] [n-62-29-21:10124:0]          ib_md.c:1064 UCX  WARN  IB: data corruption might occur when using registered memory.
[1713848313.828002] [n-62-29-21:10131:0]          ib_md.c:1063 UCX  WARN  IB: ibv_fork_init() was disabled or failed, yet a fork() has been issued.
[1713848313.828038] [n-62-29-21:10131:0]          ib_md.c:1064 UCX  WARN  IB: data corruption might occur when using registered memory.
[1713848313.828060] [n-62-29-21:10129:0]          ib_md.c:1063 UCX  WARN  IB: ibv_fork_init() was disabled or failed, yet a fork() has been issued.
[1713848313.828098] [n-62-29-21:10129:0]          ib_md.c:1064 UCX  WARN  IB: data corruption might occur when using registered memory.
Calculating ground state
31 q-points in the path
=====================================
Calculating ground state
31 q-points in the path
=====================================
Calculating ground state
31 q-points in the path
=====================================
Calculating ground state
31 q-points in the path
=====================================
Calculating q=[0. 0. 0.]
Calculating ground state
31 q-points in the path
=====================================
Calculating ground state
31 q-points in the path
=====================================
Calculating q=[0. 0. 0.]
Calculating ground state
31 q-points in the path
Calculating q=[0. 0. 0.]
=====================================
Calculating q=[0. 0. 0.]
Calculating ground state
31 q-points in the path
=====================================
Calculating ground state
31 q-points in the path
=====================================
Calculating q=[0. 0. 0.]
Calculating q=[0. 0. 0.]
Calculating ground state
31 q-points in the path
=====================================
Calculating ground state
31 q-points in the path
Calculating q=[0. 0. 0.]
Calculating ground state
31 q-points in the path
=====================================
Calculating q=[0. 0. 0.]
=====================================
Calculating q=[0. 0. 0.]
Calculating q=[0. 0. 0.]
Calculating q=[0. 0. 0.]
Calculating q=[0. 0. 0.]
Energy: -12.289151902196686 eV
Magnetic moment: 8.969174000324701e-09 Bohr magnetons
Energy: -12.289151902196686 eV
Magnetic moment: 8.969174000324701e-09 Bohr magnetons
Energy: -12.289151902196686 eV
Magnetic moment: 8.969174000324701e-09 Bohr magnetons
Energy: -12.289151902196686 eV
Magnetic moment: 8.969174000324701e-09 Bohr magnetons
Energy: -12.289151902196686 eV
Magnetic moment: 8.969174000324701e-09 Bohr magnetons
Energy: -12.289151902196686 eV
Magnetic moment: 8.969174000324701e-09 Bohr magnetons
Energy: -12.289151902196686 eV
Magnetic moment: 8.969174000324701e-09 Bohr magnetons
Energy: -12.289151902196686 eV
Magnetic moment: 8.969174000324701e-09 Bohr magnetons
Energy: -12.289151902196686 eV
Magnetic moment: 8.969174000324701e-09 Bohr magnetons
Energy: -12.289151902196686 eV
Magnetic moment: 8.969174000324701e-09 Bohr magnetons
Energy: -12.289151902196686 eV
Energy: -12.289151902196686 eV
Magnetic moment: 8.969174000324701e-09 Bohr magnetons
Magnetic moment: 8.969174000324701e-09 Bohr magnetons
Calculating q=[0.05 0.   0.  ]
Calculating q=[0.05 0.   0.  ]
Calculating q=[0.05 0.   0.  ]
Calculating q=[0.05 0.   0.  ]
Calculating q=[0.05 0.   0.  ]
Calculating q=[0.05 0.   0.  ]
Calculating q=[0.05 0.   0.  ]
Calculating q=[0.05 0.   0.  ]
Calculating q=[0.05 0.   0.  ]
Calculating q=[0.05 0.   0.  ]
Calculating q=[0.05 0.   0.  ]
Calculating q=[0.05 0.   0.  ]
Energy: -12.292332626916476 eV
Magnetic moment: 6.929986624298152e-12 Bohr magnetons
Energy: -12.292332626916476 eV
Magnetic moment: 6.929986624298152e-12 Bohr magnetons
Energy: -12.292332626916476 eV
Magnetic moment: 6.929986624298152e-12 Bohr magnetons
Energy: -12.292332626916476 eV
Magnetic moment: 6.929986624298152e-12 Bohr magnetons
Energy: -12.292332626916476 eV
Magnetic moment: 6.929986624298152e-12 Bohr magnetons
Energy: -12.292332626916476 eV
Magnetic moment: 6.929986624298152e-12 Bohr magnetons
Energy: -12.292332626916476 eV
Magnetic moment: 6.929986624298152e-12 Bohr magnetons
Energy: -12.292332626916476 eV
Magnetic moment: 6.929986624298152e-12 Bohr magnetons
Energy: -12.292332626916476 eV
Magnetic moment: 6.929986624298152e-12 Bohr magnetons
Energy: -12.292332626916476 eV
Magnetic moment: 6.929986624298152e-12 Bohr magnetons
Energy: -12.292332626916476 eV
Magnetic moment: 6.929986624298152e-12 Bohr magnetons
Calculating q=[0.1 0.  0. ]
Calculating q=[0.1 0.  0. ]
Energy: -12.292332626916476 eV
Magnetic moment: 6.929986624298152e-12 Bohr magnetons
Calculating q=[0.1 0.  0. ]
Calculating q=[0.1 0.  0. ]
Calculating q=[0.1 0.  0. ]
Calculating q=[0.1 0.  0. ]
Calculating q=[0.1 0.  0. ]
Calculating q=[0.1 0.  0. ]
Calculating q=[0.1 0.  0. ]
Calculating q=[0.1 0.  0. ]
Calculating q=[0.1 0.  0. ]
Calculating q=[0.1 0.  0. ]
Energy: -12.300942322516686 eV
Magnetic moment: -4.0478121369806773e-13 Bohr magnetons
Energy: -12.300942322516686 eV
Magnetic moment: -4.0478121369806773e-13 Bohr magnetons
Energy: -12.300942322516686 eV
Magnetic moment: -4.0478121369806773e-13 Bohr magnetons
Energy: -12.300942322516686 eV
Magnetic moment: -4.0478121369806773e-13 Bohr magnetons
Energy: -12.300942322516686 eV
Magnetic moment: -4.0478121369806773e-13 Bohr magnetons
Energy: -12.300942322516686 eV
Magnetic moment: -4.0478121369806773e-13 Bohr magnetons
Energy: -12.300942322516686 eV
Magnetic moment: -4.0478121369806773e-13 Bohr magnetons
Energy: -12.300942322516686 eV
Magnetic moment: -4.0478121369806773e-13 Bohr magnetons
Energy: -12.300942322516686 eV
Magnetic moment: -4.0478121369806773e-13 Bohr magnetons
Energy: -12.300942322516686 eV
Magnetic moment: -4.0478121369806773e-13 Bohr magnetons
Energy: -12.300942322516686 eV
Magnetic moment: -4.0478121369806773e-13 Bohr magnetons
Energy: -12.300942322516686 eV
Magnetic moment: -4.0478121369806773e-13 Bohr magnetons
Calculating q=[0.15 0.   0.  ]
Calculating q=[0.15 0.   0.  ]
Calculating q=[0.15 0.   0.  ]
Calculating q=[0.15 0.   0.  ]
Calculating q=[0.15 0.   0.  ]
Calculating q=[0.15 0.   0.  ]
Calculating q=[0.15 0.   0.  ]
Calculating q=[0.15 0.   0.  ]
Calculating q=[0.15 0.   0.  ]
Calculating q=[0.15 0.   0.  ]
Calculating q=[0.15 0.   0.  ]
Calculating q=[0.15 0.   0.  ]
Energy: -12.3102721565525 eV
Magnetic moment: 7.978159148420617e-13 Bohr magnetons
Energy: -12.3102721565525 eV
Magnetic moment: 7.978159148420617e-13 Bohr magnetons
Energy: -12.3102721565525 eV
Magnetic moment: 7.978159148420617e-13 Bohr magnetons
Energy: -12.3102721565525 eV
Magnetic moment: 7.978159148420617e-13 Bohr magnetons
Energy: -12.3102721565525 eV
Magnetic moment: 7.978159148420617e-13 Bohr magnetons
Energy: -12.3102721565525 eV
Magnetic moment: 7.978159148420617e-13 Bohr magnetons
Energy: -12.3102721565525 eV
Magnetic moment: 7.978159148420617e-13 Bohr magnetons
Energy: -12.3102721565525 eV
Magnetic moment: 7.978159148420617e-13 Bohr magnetons
Energy: -12.3102721565525 eV
Magnetic moment: 7.978159148420617e-13 Bohr magnetons
Energy: -12.3102721565525 eV
Magnetic moment: 7.978159148420617e-13 Bohr magnetons
Energy: -12.3102721565525 eV
Magnetic moment: 7.978159148420617e-13 Bohr magnetons
Energy: -12.3102721565525 eV
Magnetic moment: 7.978159148420617e-13 Bohr magnetons
Calculating q=[0.2 0.  0. ]
Calculating q=[0.2 0.  0. ]
Calculating q=[0.2 0.  0. ]
Calculating q=[0.2 0.  0. ]
Calculating q=[0.2 0.  0. ]
Calculating q=[0.2 0.  0. ]
Calculating q=[0.2 0.  0. ]
Calculating q=[0.2 0.  0. ]
Calculating q=[0.2 0.  0. ]
Calculating q=[0.2 0.  0. ]
Calculating q=[0.2 0.  0. ]
Calculating q=[0.2 0.  0. ]
Energy: -12.31524942810086 eV
Magnetic moment: 9.595676915366628e-13 Bohr magnetons
Energy: -12.31524942810086 eV
Magnetic moment: 9.595676915366628e-13 Bohr magnetons
Energy: -12.31524942810086 eV
Magnetic moment: 9.595676915366628e-13 Bohr magnetons
Energy: -12.31524942810086 eV
Magnetic moment: 9.595676915366628e-13 Bohr magnetons
Energy: -12.31524942810086 eV
Magnetic moment: 9.595676915366628e-13 Bohr magnetons
Energy: -12.31524942810086 eV
Magnetic moment: 9.595676915366628e-13 Bohr magnetons
Energy: -12.31524942810086 eV
Magnetic moment: 9.595676915366628e-13 Bohr magnetons
Energy: -12.31524942810086 eV
Magnetic moment: 9.595676915366628e-13 Bohr magnetons
Energy: -12.31524942810086 eV
Magnetic moment: 9.595676915366628e-13 Bohr magnetons
Energy: -12.31524942810086 eV
Magnetic moment: 9.595676915366628e-13 Bohr magnetons
Energy: -12.31524942810086 eV
Magnetic moment: 9.595676915366628e-13 Bohr magnetons
Energy: -12.31524942810086 eV
Magnetic moment: 9.595676915366628e-13 Bohr magnetons
Calculating q=[0.25 0.   0.  ]
Calculating q=[0.25 0.   0.  ]
Calculating q=[0.25 0.   0.  ]
Calculating q=[0.25 0.   0.  ]
Calculating q=[0.25 0.   0.  ]
Calculating q=[0.25 0.   0.  ]
Calculating q=[0.25 0.   0.  ]
Calculating q=[0.25 0.   0.  ]
Calculating q=[0.25 0.   0.  ]
Calculating q=[0.25 0.   0.  ]
Calculating q=[0.25 0.   0.  ]
Calculating q=[0.25 0.   0.  ]
Energy: -12.312388491509934 eV
Magnetic moment: 9.576516480571e-10 Bohr magnetons
Energy: -12.312388491509934 eV
Magnetic moment: 9.576516480571e-10 Bohr magnetons
Energy: -12.312388491509934 eV
Magnetic moment: 9.576516480571e-10 Bohr magnetons
Energy: -12.312388491509934 eV
Magnetic moment: 9.576516480571e-10 Bohr magnetons
Energy: -12.312388491509934 eV
Magnetic moment: 9.576516480571e-10 Bohr magnetons
Energy: -12.312388491509934 eV
Magnetic moment: 9.576516480571e-10 Bohr magnetons
Energy: -12.312388491509934 eV
Magnetic moment: 9.576516480571e-10 Bohr magnetons
Energy: -12.312388491509934 eV
Magnetic moment: 9.576516480571e-10 Bohr magnetons
Energy: -12.312388491509934 eV
Magnetic moment: 9.576516480571e-10 Bohr magnetons
Energy: -12.312388491509934 eV
Magnetic moment: 9.576516480571e-10 Bohr magnetons
Energy: -12.312388491509934 eV
Magnetic moment: 9.576516480571e-10 Bohr magnetons
Energy: -12.312388491509934 eV
Magnetic moment: 9.576516480571e-10 Bohr magnetons
Calculating q=[0.3 0.  0. ]
Calculating q=[0.3 0.  0. ]
Calculating q=[0.3 0.  0. ]
Calculating q=[0.3 0.  0. ]
Calculating q=[0.3 0.  0. ]
Calculating q=[0.3 0.  0. ]
Calculating q=[0.3 0.  0. ]
Calculating q=[0.3 0.  0. ]
Calculating q=[0.3 0.  0. ]
Calculating q=[0.3 0.  0. ]
Calculating q=[0.3 0.  0. ]
Calculating q=[0.3 0.  0. ]
Energy: -12.301490195848798 eV
Magnetic moment: -1.3178786791945655e-12 Bohr magnetons
Energy: -12.301490195848798 eV
Magnetic moment: -1.3178786791945655e-12 Bohr magnetons
Energy: -12.301490195848798 eV
Magnetic moment: -1.3178786791945655e-12 Bohr magnetons
Energy: -12.301490195848798 eV
Magnetic moment: -1.3178786791945655e-12 Bohr magnetons
Energy: -12.301490195848798 eV
Magnetic moment: -1.3178786791945655e-12 Bohr magnetons
Energy: -12.301490195848798 eV
Magnetic moment: -1.3178786791945655e-12 Bohr magnetons
Energy: -12.301490195848798 eV
Magnetic moment: -1.3178786791945655e-12 Bohr magnetons
Energy: -12.301490195848798 eV
Magnetic moment: -1.3178786791945655e-12 Bohr magnetons
Energy: -12.301490195848798 eV
Magnetic moment: -1.3178786791945655e-12 Bohr magnetons
Energy: -12.301490195848798 eV
Magnetic moment: -1.3178786791945655e-12 Bohr magnetons
Energy: -12.301490195848798 eV
Magnetic moment: -1.3178786791945655e-12 Bohr magnetons
Energy: -12.301490195848798 eV
Magnetic moment: -1.3178786791945655e-12 Bohr magnetons
Calculating q=[0.35 0.   0.  ]
Calculating q=[0.35 0.   0.  ]
Calculating q=[0.35 0.   0.  ]
Calculating q=[0.35 0.   0.  ]
Calculating q=[0.35 0.   0.  ]
Calculating q=[0.35 0.   0.  ]
Calculating q=[0.35 0.   0.  ]
Calculating q=[0.35 0.   0.  ]
Calculating q=[0.35 0.   0.  ]
Calculating q=[0.35 0.   0.  ]
Calculating q=[0.35 0.   0.  ]
Calculating q=[0.35 0.   0.  ]
Energy: -12.284827985020616 eV
Magnetic moment: -2.461928602334233e-08 Bohr magnetons
Energy: -12.284827985020616 eV
Magnetic moment: -2.461928602334233e-08 Bohr magnetons
Energy: -12.284827985020616 eV
Magnetic moment: -2.461928602334233e-08 Bohr magnetons
Energy: -12.284827985020616 eV
Magnetic moment: -2.461928602334233e-08 Bohr magnetons
Energy: -12.284827985020616 eV
Magnetic moment: -2.461928602334233e-08 Bohr magnetons
Energy: -12.284827985020616 eV
Magnetic moment: -2.461928602334233e-08 Bohr magnetons
Energy: -12.284827985020616 eV
Magnetic moment: -2.461928602334233e-08 Bohr magnetons
Energy: -12.284827985020616 eV
Magnetic moment: -2.461928602334233e-08 Bohr magnetons
Energy: -12.284827985020616 eV
Magnetic moment: -2.461928602334233e-08 Bohr magnetons
Energy: -12.284827985020616 eV
Magnetic moment: -2.461928602334233e-08 Bohr magnetons
Energy: -12.284827985020616 eV
Magnetic moment: -2.461928602334233e-08 Bohr magnetons
Energy: -12.284827985020616 eV
Magnetic moment: -2.461928602334233e-08 Bohr magnetons
Calculating q=[0.4 0.  0. ]
Calculating q=[0.4 0.  0. ]
Calculating q=[0.4 0.  0. ]
Calculating q=[0.4 0.  0. ]
Calculating q=[0.4 0.  0. ]
Calculating q=[0.4 0.  0. ]
Calculating q=[0.4 0.  0. ]
Calculating q=[0.4 0.  0. ]
Calculating q=[0.4 0.  0. ]
Calculating q=[0.4 0.  0. ]
Calculating q=[0.4 0.  0. ]
Calculating q=[0.4 0.  0. ]
Energy: -12.267338810335561 eV
Magnetic moment: -1.5695005698072083e-08 Bohr magnetons
Energy: -12.267338810335561 eV
Magnetic moment: -1.5695005698072083e-08 Bohr magnetons
Energy: -12.267338810335561 eV
Magnetic moment: -1.5695005698072083e-08 Bohr magnetons
Energy: -12.267338810335561 eV
Magnetic moment: -1.5695005698072083e-08 Bohr magnetons
Energy: -12.267338810335561 eV
Magnetic moment: -1.5695005698072083e-08 Bohr magnetons
Energy: -12.267338810335561 eV
Magnetic moment: -1.5695005698072083e-08 Bohr magnetons
Energy: -12.267338810335561 eV
Magnetic moment: -1.5695005698072083e-08 Bohr magnetons
Energy: -12.267338810335561 eV
Magnetic moment: -1.5695005698072083e-08 Bohr magnetons
Energy: -12.267338810335561 eV
Magnetic moment: -1.5695005698072083e-08 Bohr magnetons
Energy: -12.267338810335561 eV
Magnetic moment: -1.5695005698072083e-08 Bohr magnetons
Energy: -12.267338810335561 eV
Magnetic moment: -1.5695005698072083e-08 Bohr magnetons
Energy: -12.267338810335561 eV
Magnetic moment: -1.5695005698072083e-08 Bohr magnetons
Calculating q=[0.45 0.   0.  ]
Calculating q=[0.45 0.   0.  ]
Calculating q=[0.45 0.   0.  ]
Calculating q=[0.45 0.   0.  ]
Calculating q=[0.45 0.   0.  ]
Calculating q=[0.45 0.   0.  ]
Calculating q=[0.45 0.   0.  ]
Calculating q=[0.45 0.   0.  ]
Calculating q=[0.45 0.   0.  ]
Calculating q=[0.45 0.   0.  ]
Calculating q=[0.45 0.   0.  ]
Calculating q=[0.45 0.   0.  ]
Energy: -12.253982171860697 eV
Magnetic moment: 3.8424864170347284e-08 Bohr magnetons
Energy: -12.253982171860697 eV
Magnetic moment: 3.8424864170347284e-08 Bohr magnetons
Energy: -12.253982171860697 eV
Magnetic moment: 3.8424864170347284e-08 Bohr magnetons
Energy: -12.253982171860697 eV
Magnetic moment: 3.8424864170347284e-08 Bohr magnetons
Energy: -12.253982171860697 eV
Magnetic moment: 3.8424864170347284e-08 Bohr magnetons
Energy: -12.253982171860697 eV
Magnetic moment: 3.8424864170347284e-08 Bohr magnetons
Energy: -12.253982171860697 eV
Magnetic moment: 3.8424864170347284e-08 Bohr magnetons
Energy: -12.253982171860697 eV
Magnetic moment: 3.8424864170347284e-08 Bohr magnetons
Energy: -12.253982171860697 eV
Magnetic moment: 3.8424864170347284e-08 Bohr magnetons
Energy: -12.253982171860697 eV
Magnetic moment: 3.8424864170347284e-08 Bohr magnetons
Energy: -12.253982171860697 eV
Magnetic moment: 3.8424864170347284e-08 Bohr magnetons
Energy: -12.253982171860697 eV
Magnetic moment: 3.8424864170347284e-08 Bohr magnetons
Calculating q=[0.5 0.  0. ]
Calculating q=[0.5 0.  0. ]
Calculating q=[0.5 0.  0. ]
Calculating q=[0.5 0.  0. ]
Calculating q=[0.5 0.  0. ]
Calculating q=[0.5 0.  0. ]
Calculating q=[0.5 0.  0. ]
Calculating q=[0.5 0.  0. ]
Calculating q=[0.5 0.  0. ]
Calculating q=[0.5 0.  0. ]
Calculating q=[0.5 0.  0. ]
Calculating q=[0.5 0.  0. ]
Energy: -12.24898556738578 eV
Magnetic moment: -4.994225324538135e-09 Bohr magnetons
Energy: -12.24898556738578 eV
Magnetic moment: -4.994225324538135e-09 Bohr magnetons
Energy: -12.24898556738578 eV
Magnetic moment: -4.994225324538135e-09 Bohr magnetons
Energy: -12.24898556738578 eV
Magnetic moment: -4.994225324538135e-09 Bohr magnetons
Energy: -12.24898556738578 eV
Magnetic moment: -4.994225324538135e-09 Bohr magnetons
Energy: -12.24898556738578 eV
Magnetic moment: -4.994225324538135e-09 Bohr magnetons
Energy: -12.24898556738578 eV
Magnetic moment: -4.994225324538135e-09 Bohr magnetons
Energy: -12.24898556738578 eV
Magnetic moment: -4.994225324538135e-09 Bohr magnetons
Energy: -12.24898556738578 eV
Magnetic moment: -4.994225324538135e-09 Bohr magnetons
Energy: -12.24898556738578 eV
Magnetic moment: -4.994225324538135e-09 Bohr magnetons
Energy: -12.24898556738578 eV
Magnetic moment: -4.994225324538135e-09 Bohr magnetons
Energy: -12.24898556738578 eV
Magnetic moment: -4.994225324538135e-09 Bohr magnetons
Calculating q=[0.47222222 0.05555556 0.        ]
Calculating q=[0.47222222 0.05555556 0.        ]
Calculating q=[0.47222222 0.05555556 0.        ]
Calculating q=[0.47222222 0.05555556 0.        ]
Calculating q=[0.47222222 0.05555556 0.        ]
Calculating q=[0.47222222 0.05555556 0.        ]
Calculating q=[0.47222222 0.05555556 0.        ]
Calculating q=[0.47222222 0.05555556 0.        ]
Calculating q=[0.47222222 0.05555556 0.        ]
Calculating q=[0.47222222 0.05555556 0.        ]
Calculating q=[0.47222222 0.05555556 0.        ]
Calculating q=[0.47222222 0.05555556 0.        ]
Energy: -12.25267542727977 eV
Magnetic moment: -5.1423424407068597e-14 Bohr magnetons
Energy: -12.25267542727977 eV
Magnetic moment: -5.1423424407068597e-14 Bohr magnetons
Energy: -12.25267542727977 eV
Magnetic moment: -5.1423424407068597e-14 Bohr magnetons
Energy: -12.25267542727977 eV
Magnetic moment: -5.1423424407068597e-14 Bohr magnetons
Energy: -12.25267542727977 eV
Magnetic moment: -5.1423424407068597e-14 Bohr magnetons
Energy: -12.25267542727977 eV
Magnetic moment: -5.1423424407068597e-14 Bohr magnetons
Energy: -12.25267542727977 eV
Magnetic moment: -5.1423424407068597e-14 Bohr magnetons
Energy: -12.25267542727977 eV
Magnetic moment: -5.1423424407068597e-14 Bohr magnetons
Energy: -12.25267542727977 eV
Magnetic moment: -5.1423424407068597e-14 Bohr magnetons
Energy: -12.25267542727977 eV
Magnetic moment: -5.1423424407068597e-14 Bohr magnetons
Energy: -12.25267542727977 eV
Magnetic moment: -5.1423424407068597e-14 Bohr magnetons
Energy: -12.25267542727977 eV
Magnetic moment: -5.1423424407068597e-14 Bohr magnetons
Calculating q=[0.44444444 0.11111111 0.        ]
Calculating q=[0.44444444 0.11111111 0.        ]
Calculating q=[0.44444444 0.11111111 0.        ]
Calculating q=[0.44444444 0.11111111 0.        ]
Calculating q=[0.44444444 0.11111111 0.        ]
Calculating q=[0.44444444 0.11111111 0.        ]
Calculating q=[0.44444444 0.11111111 0.        ]
Calculating q=[0.44444444 0.11111111 0.        ]
Calculating q=[0.44444444 0.11111111 0.        ]
Calculating q=[0.44444444 0.11111111 0.        ]
Calculating q=[0.44444444 0.11111111 0.        ]
Calculating q=[0.44444444 0.11111111 0.        ]
Energy: -12.26250113399321 eV
Magnetic moment: -2.5781601787784888e-15 Bohr magnetons
Calculating q=[0.41666667 0.16666667 0.        ]
Energy: -12.26250113399321 eV
Magnetic moment: -2.5781601787784888e-15 Bohr magnetons
Calculating q=[0.41666667 0.16666667 0.        ]
Energy: -12.26250113399321 eV
Magnetic moment: -2.5781601787784888e-15 Bohr magnetons
Calculating q=[0.41666667 0.16666667 0.        ]
Energy: -12.26250113399321 eV
Magnetic moment: -2.5781601787784888e-15 Bohr magnetons
Calculating q=[0.41666667 0.16666667 0.        ]
Energy: -12.26250113399321 eV
Magnetic moment: -2.5781601787784888e-15 Bohr magnetons
Calculating q=[0.41666667 0.16666667 0.        ]
Energy: -12.26250113399321 eV
Magnetic moment: -2.5781601787784888e-15 Bohr magnetons
Calculating q=[0.41666667 0.16666667 0.        ]
Energy: -12.26250113399321 eV
Magnetic moment: -2.5781601787784888e-15 Bohr magnetons
Calculating q=[0.41666667 0.16666667 0.        ]
Energy: -12.26250113399321 eV
Magnetic moment: -2.5781601787784888e-15 Bohr magnetons
Calculating q=[0.41666667 0.16666667 0.        ]
Energy: -12.26250113399321 eV
Magnetic moment: -2.5781601787784888e-15 Bohr magnetons
Calculating q=[0.41666667 0.16666667 0.        ]
Energy: -12.26250113399321 eV
Magnetic moment: -2.5781601787784888e-15 Bohr magnetons
Calculating q=[0.41666667 0.16666667 0.        ]
Energy: -12.26250113399321 eV
Magnetic moment: -2.5781601787784888e-15 Bohr magnetons
Calculating q=[0.41666667 0.16666667 0.        ]
Energy: -12.26250113399321 eV
Magnetic moment: -2.5781601787784888e-15 Bohr magnetons
Calculating q=[0.41666667 0.16666667 0.        ]
Energy: -12.275007750151659 eV
Magnetic moment: -2.022435914901333e-14 Bohr magnetons
Energy: -12.275007750151659 eV
Magnetic moment: -2.022435914901333e-14 Bohr magnetons
Energy: -12.275007750151659 eV
Magnetic moment: -2.022435914901333e-14 Bohr magnetons
Energy: -12.275007750151659 eV
Magnetic moment: -2.022435914901333e-14 Bohr magnetons
Energy: -12.275007750151659 eV
Magnetic moment: -2.022435914901333e-14 Bohr magnetons
Energy: -12.275007750151659 eV
Magnetic moment: -2.022435914901333e-14 Bohr magnetons
Energy: -12.275007750151659 eV
Magnetic moment: -2.022435914901333e-14 Bohr magnetons
Energy: -12.275007750151659 eV
Magnetic moment: -2.022435914901333e-14 Bohr magnetons
Energy: -12.275007750151659 eV
Magnetic moment: -2.022435914901333e-14 Bohr magnetons
Energy: -12.275007750151659 eV
Magnetic moment: -2.022435914901333e-14 Bohr magnetons
Energy: -12.275007750151659 eV
Magnetic moment: -2.022435914901333e-14 Bohr magnetons
Energy: -12.275007750151659 eV
Magnetic moment: -2.022435914901333e-14 Bohr magnetons
Calculating q=[0.38888889 0.22222222 0.        ]
Calculating q=[0.38888889 0.22222222 0.        ]
Calculating q=[0.38888889 0.22222222 0.        ]
Calculating q=[0.38888889 0.22222222 0.        ]
Calculating q=[0.38888889 0.22222222 0.        ]
Calculating q=[0.38888889 0.22222222 0.        ]
Calculating q=[0.38888889 0.22222222 0.        ]
Calculating q=[0.38888889 0.22222222 0.        ]
Calculating q=[0.38888889 0.22222222 0.        ]
Calculating q=[0.38888889 0.22222222 0.        ]
Calculating q=[0.38888889 0.22222222 0.        ]
Calculating q=[0.38888889 0.22222222 0.        ]
Energy: -12.2857494798005 eV
Magnetic moment: 1.9105285810713094e-14 Bohr magnetons
Energy: -12.2857494798005 eV
Magnetic moment: 1.9105285810713094e-14 Bohr magnetons
Energy: -12.2857494798005 eV
Magnetic moment: 1.9105285810713094e-14 Bohr magnetons
Energy: -12.2857494798005 eV
Magnetic moment: 1.9105285810713094e-14 Bohr magnetons
Energy: -12.2857494798005 eV
Magnetic moment: 1.9105285810713094e-14 Bohr magnetons
Energy: -12.2857494798005 eV
Magnetic moment: 1.9105285810713094e-14 Bohr magnetons
Energy: -12.2857494798005 eV
Magnetic moment: 1.9105285810713094e-14 Bohr magnetons
Energy: -12.2857494798005 eV
Magnetic moment: 1.9105285810713094e-14 Bohr magnetons
Energy: -12.2857494798005 eV
Magnetic moment: 1.9105285810713094e-14 Bohr magnetons
Energy: -12.2857494798005 eV
Magnetic moment: 1.9105285810713094e-14 Bohr magnetons
Energy: -12.2857494798005 eV
Magnetic moment: 1.9105285810713094e-14 Bohr magnetons
Energy: -12.2857494798005 eV
Magnetic moment: 1.9105285810713094e-14 Bohr magnetons
Calculating q=[0.36111111 0.27777778 0.        ]
Calculating q=[0.36111111 0.27777778 0.        ]
Calculating q=[0.36111111 0.27777778 0.        ]
Calculating q=[0.36111111 0.27777778 0.        ]
Calculating q=[0.36111111 0.27777778 0.        ]
Calculating q=[0.36111111 0.27777778 0.        ]
Calculating q=[0.36111111 0.27777778 0.        ]
Calculating q=[0.36111111 0.27777778 0.        ]
Calculating q=[0.36111111 0.27777778 0.        ]
Calculating q=[0.36111111 0.27777778 0.        ]
Calculating q=[0.36111111 0.27777778 0.        ]
Calculating q=[0.36111111 0.27777778 0.        ]
Energy: -12.291949405916938 eV
Magnetic moment: -1.9084701911655365e-14 Bohr magnetons
Energy: -12.291949405916938 eV
Magnetic moment: -1.9084701911655365e-14 Bohr magnetons
Energy: -12.291949405916938 eV
Magnetic moment: -1.9084701911655365e-14 Bohr magnetons
Energy: -12.291949405916938 eV
Magnetic moment: -1.9084701911655365e-14 Bohr magnetons
Energy: -12.291949405916938 eV
Magnetic moment: -1.9084701911655365e-14 Bohr magnetons
Energy: -12.291949405916938 eV
Magnetic moment: -1.9084701911655365e-14 Bohr magnetons
Energy: -12.291949405916938 eV
Magnetic moment: -1.9084701911655365e-14 Bohr magnetons
Energy: -12.291949405916938 eV
Magnetic moment: -1.9084701911655365e-14 Bohr magnetons
Energy: -12.291949405916938 eV
Magnetic moment: -1.9084701911655365e-14 Bohr magnetons
Energy: -12.291949405916938 eV
Magnetic moment: -1.9084701911655365e-14 Bohr magnetons
Energy: -12.291949405916938 eV
Magnetic moment: -1.9084701911655365e-14 Bohr magnetons
Energy: -12.291949405916938 eV
Magnetic moment: -1.9084701911655365e-14 Bohr magnetons
Calculating q=[0.33333333 0.33333333 0.        ]
Calculating q=[0.33333333 0.33333333 0.        ]
Calculating q=[0.33333333 0.33333333 0.        ]
Calculating q=[0.33333333 0.33333333 0.        ]
Calculating q=[0.33333333 0.33333333 0.        ]
Calculating q=[0.33333333 0.33333333 0.        ]
Calculating q=[0.33333333 0.33333333 0.        ]
Calculating q=[0.33333333 0.33333333 0.        ]
Calculating q=[0.33333333 0.33333333 0.        ]
Calculating q=[0.33333333 0.33333333 0.        ]
Calculating q=[0.33333333 0.33333333 0.        ]
Calculating q=[0.33333333 0.33333333 0.        ]
Energy: -12.293608038545813 eV
Magnetic moment: -5.3141129856577464e-14 Bohr magnetons
Energy: -12.293608038545813 eV
Magnetic moment: -5.3141129856577464e-14 Bohr magnetons
Energy: -12.293608038545813 eV
Magnetic moment: -5.3141129856577464e-14 Bohr magnetons
Energy: -12.293608038545813 eV
Magnetic moment: -5.3141129856577464e-14 Bohr magnetons
Energy: -12.293608038545813 eV
Magnetic moment: -5.3141129856577464e-14 Bohr magnetons
Energy: -12.293608038545813 eV
Magnetic moment: -5.3141129856577464e-14 Bohr magnetons
Energy: -12.293608038545813 eV
Magnetic moment: -5.3141129856577464e-14 Bohr magnetons
Energy: -12.293608038545813 eV
Magnetic moment: -5.3141129856577464e-14 Bohr magnetons
Energy: -12.293608038545813 eV
Magnetic moment: -5.3141129856577464e-14 Bohr magnetons
Energy: -12.293608038545813 eV
Magnetic moment: -5.3141129856577464e-14 Bohr magnetons
Energy: -12.293608038545813 eV
Magnetic moment: -5.3141129856577464e-14 Bohr magnetons
Energy: -12.293608038545813 eV
Magnetic moment: -5.3141129856577464e-14 Bohr magnetons
Calculating q=[0.30952381 0.30952381 0.        ]
Calculating q=[0.30952381 0.30952381 0.        ]
Calculating q=[0.30952381 0.30952381 0.        ]
Calculating q=[0.30952381 0.30952381 0.        ]
Calculating q=[0.30952381 0.30952381 0.        ]
Calculating q=[0.30952381 0.30952381 0.        ]
Calculating q=[0.30952381 0.30952381 0.        ]
Calculating q=[0.30952381 0.30952381 0.        ]
Calculating q=[0.30952381 0.30952381 0.        ]
Calculating q=[0.30952381 0.30952381 0.        ]
Calculating q=[0.30952381 0.30952381 0.        ]
Calculating q=[0.30952381 0.30952381 0.        ]
Energy: -12.293031781459769 eV
Magnetic moment: 1.603389342302198e-14 Bohr magnetons
Energy: -12.293031781459769 eV
Magnetic moment: 1.603389342302198e-14 Bohr magnetons
Energy: -12.293031781459769 eV
Magnetic moment: 1.603389342302198e-14 Bohr magnetons
Energy: -12.293031781459769 eV
Magnetic moment: 1.603389342302198e-14 Bohr magnetons
Energy: -12.293031781459769 eV
Magnetic moment: 1.603389342302198e-14 Bohr magnetons
Energy: -12.293031781459769 eV
Magnetic moment: 1.603389342302198e-14 Bohr magnetons
Energy: -12.293031781459769 eV
Magnetic moment: 1.603389342302198e-14 Bohr magnetons
Energy: -12.293031781459769 eV
Magnetic moment: 1.603389342302198e-14 Bohr magnetons
Energy: -12.293031781459769 eV
Magnetic moment: 1.603389342302198e-14 Bohr magnetons
Energy: -12.293031781459769 eV
Magnetic moment: 1.603389342302198e-14 Bohr magnetons
Energy: -12.293031781459769 eV
Magnetic moment: 1.603389342302198e-14 Bohr magnetons
Energy: -12.293031781459769 eV
Magnetic moment: 1.603389342302198e-14 Bohr magnetons
Calculating q=[0.28571429 0.28571429 0.        ]
Calculating q=[0.28571429 0.28571429 0.        ]
Calculating q=[0.28571429 0.28571429 0.        ]
Calculating q=[0.28571429 0.28571429 0.        ]
Calculating q=[0.28571429 0.28571429 0.        ]
Calculating q=[0.28571429 0.28571429 0.        ]
Calculating q=[0.28571429 0.28571429 0.        ]
Calculating q=[0.28571429 0.28571429 0.        ]
Calculating q=[0.28571429 0.28571429 0.        ]
Calculating q=[0.28571429 0.28571429 0.        ]
Calculating q=[0.28571429 0.28571429 0.        ]
Calculating q=[0.28571429 0.28571429 0.        ]
Energy: -12.292374327374931 eV
Magnetic moment: -4.8866705853459025e-14 Bohr magnetons
Energy: -12.292374327374931 eV
Magnetic moment: -4.8866705853459025e-14 Bohr magnetons
Energy: -12.292374327374931 eV
Magnetic moment: -4.8866705853459025e-14 Bohr magnetons
Energy: -12.292374327374931 eV
Magnetic moment: -4.8866705853459025e-14 Bohr magnetons
Energy: -12.292374327374931 eV
Magnetic moment: -4.8866705853459025e-14 Bohr magnetons
Energy: -12.292374327374931 eV
Magnetic moment: -4.8866705853459025e-14 Bohr magnetons
Energy: -12.292374327374931 eV
Magnetic moment: -4.8866705853459025e-14 Bohr magnetons
Energy: -12.292374327374931 eV
Magnetic moment: -4.8866705853459025e-14 Bohr magnetons
Energy: -12.292374327374931 eV
Magnetic moment: -4.8866705853459025e-14 Bohr magnetons
Energy: -12.292374327374931 eV
Magnetic moment: -4.8866705853459025e-14 Bohr magnetons
Energy: -12.292374327374931 eV
Magnetic moment: -4.8866705853459025e-14 Bohr magnetons
Energy: -12.292374327374931 eV
Magnetic moment: -4.8866705853459025e-14 Bohr magnetons
Calculating q=[0.26190476 0.26190476 0.        ]
Calculating q=[0.26190476 0.26190476 0.        ]
Calculating q=[0.26190476 0.26190476 0.        ]
Calculating q=[0.26190476 0.26190476 0.        ]
Calculating q=[0.26190476 0.26190476 0.        ]
Calculating q=[0.26190476 0.26190476 0.        ]
Calculating q=[0.26190476 0.26190476 0.        ]
Calculating q=[0.26190476 0.26190476 0.        ]
Calculating q=[0.26190476 0.26190476 0.        ]
Calculating q=[0.26190476 0.26190476 0.        ]
Calculating q=[0.26190476 0.26190476 0.        ]
Calculating q=[0.26190476 0.26190476 0.        ]
Energy: -12.29313038894465 eV
Magnetic moment: -1.5721299784224985e-13 Bohr magnetons
Energy: -12.29313038894465 eV
Magnetic moment: -1.5721299784224985e-13 Bohr magnetons
Energy: -12.29313038894465 eV
Magnetic moment: -1.5721299784224985e-13 Bohr magnetons
Energy: -12.29313038894465 eV
Magnetic moment: -1.5721299784224985e-13 Bohr magnetons
Energy: -12.29313038894465 eV
Magnetic moment: -1.5721299784224985e-13 Bohr magnetons
Energy: -12.29313038894465 eV
Magnetic moment: -1.5721299784224985e-13 Bohr magnetons
Energy: -12.29313038894465 eV
Magnetic moment: -1.5721299784224985e-13 Bohr magnetons
Energy: -12.29313038894465 eV
Magnetic moment: -1.5721299784224985e-13 Bohr magnetons
Energy: -12.29313038894465 eV
Magnetic moment: -1.5721299784224985e-13 Bohr magnetons
Energy: -12.29313038894465 eV
Magnetic moment: -1.5721299784224985e-13 Bohr magnetons
Energy: -12.29313038894465 eV
Magnetic moment: -1.5721299784224985e-13 Bohr magnetons
Energy: -12.29313038894465 eV
Magnetic moment: -1.5721299784224985e-13 Bohr magnetons
Calculating q=[0.23809524 0.23809524 0.        ]
Calculating q=[0.23809524 0.23809524 0.        ]
Calculating q=[0.23809524 0.23809524 0.        ]
Calculating q=[0.23809524 0.23809524 0.        ]
Calculating q=[0.23809524 0.23809524 0.        ]
Calculating q=[0.23809524 0.23809524 0.        ]
Calculating q=[0.23809524 0.23809524 0.        ]
Calculating q=[0.23809524 0.23809524 0.        ]
Calculating q=[0.23809524 0.23809524 0.        ]
Calculating q=[0.23809524 0.23809524 0.        ]
Calculating q=[0.23809524 0.23809524 0.        ]
Calculating q=[0.23809524 0.23809524 0.        ]
Energy: -12.2961501952787 eV
Magnetic moment: -1.7953975054046785e-15 Bohr magnetons
Energy: -12.2961501952787 eV
Magnetic moment: -1.7953975054046785e-15 Bohr magnetons
Energy: -12.2961501952787 eV
Magnetic moment: -1.7953975054046785e-15 Bohr magnetons
Energy: -12.2961501952787 eV
Magnetic moment: -1.7953975054046785e-15 Bohr magnetons
Energy: -12.2961501952787 eV
Magnetic moment: -1.7953975054046785e-15 Bohr magnetons
Energy: -12.2961501952787 eV
Magnetic moment: -1.7953975054046785e-15 Bohr magnetons
Energy: -12.2961501952787 eV
Magnetic moment: -1.7953975054046785e-15 Bohr magnetons
Energy: -12.2961501952787 eV
Magnetic moment: -1.7953975054046785e-15 Bohr magnetons
Energy: -12.2961501952787 eV
Magnetic moment: -1.7953975054046785e-15 Bohr magnetons
Energy: -12.2961501952787 eV
Magnetic moment: -1.7953975054046785e-15 Bohr magnetons
Energy: -12.2961501952787 eV
Magnetic moment: -1.7953975054046785e-15 Bohr magnetons
Energy: -12.2961501952787 eV
Magnetic moment: -1.7953975054046785e-15 Bohr magnetons
Calculating q=[0.21428571 0.21428571 0.        ]
Calculating q=[0.21428571 0.21428571 0.        ]
Calculating q=[0.21428571 0.21428571 0.        ]
Calculating q=[0.21428571 0.21428571 0.        ]
Calculating q=[0.21428571 0.21428571 0.        ]
Calculating q=[0.21428571 0.21428571 0.        ]
Calculating q=[0.21428571 0.21428571 0.        ]
Calculating q=[0.21428571 0.21428571 0.        ]
Calculating q=[0.21428571 0.21428571 0.        ]
Calculating q=[0.21428571 0.21428571 0.        ]
Calculating q=[0.21428571 0.21428571 0.        ]
Calculating q=[0.21428571 0.21428571 0.        ]
Energy: -12.301318893767109 eV
Magnetic moment: -2.77131932715439e-14 Bohr magnetons
Calculating q=[0.19047619 0.19047619 0.        ]
Energy: -12.301318893767109 eV
Magnetic moment: -2.77131932715439e-14 Bohr magnetons
Calculating q=[0.19047619 0.19047619 0.        ]
Energy: -12.301318893767109 eV
Magnetic moment: -2.77131932715439e-14 Bohr magnetons
Calculating q=[0.19047619 0.19047619 0.        ]
Energy: -12.301318893767109 eV
Magnetic moment: -2.77131932715439e-14 Bohr magnetons
Calculating q=[0.19047619 0.19047619 0.        ]
Energy: -12.301318893767109 eV
Magnetic moment: -2.77131932715439e-14 Bohr magnetons
Calculating q=[0.19047619 0.19047619 0.        ]
Energy: -12.301318893767109 eV
Magnetic moment: -2.77131932715439e-14 Bohr magnetons
Calculating q=[0.19047619 0.19047619 0.        ]
Energy: -12.301318893767109 eV
Magnetic moment: -2.77131932715439e-14 Bohr magnetons
Calculating q=[0.19047619 0.19047619 0.        ]
Energy: -12.301318893767109 eV
Magnetic moment: -2.77131932715439e-14 Bohr magnetons
Calculating q=[0.19047619 0.19047619 0.        ]
Energy: -12.301318893767109 eV
Magnetic moment: -2.77131932715439e-14 Bohr magnetons
Calculating q=[0.19047619 0.19047619 0.        ]
Energy: -12.301318893767109 eV
Magnetic moment: -2.77131932715439e-14 Bohr magnetons
Calculating q=[0.19047619 0.19047619 0.        ]
Energy: -12.301318893767109 eV
Magnetic moment: -2.77131932715439e-14 Bohr magnetons
Calculating q=[0.19047619 0.19047619 0.        ]
Energy: -12.301318893767109 eV
Magnetic moment: -2.77131932715439e-14 Bohr magnetons
Calculating q=[0.19047619 0.19047619 0.        ]
Energy: -12.307596103122794 eV
Magnetic moment: 4.7361857298961067e-14 Bohr magnetons
Energy: -12.307596103122794 eV
Magnetic moment: 4.7361857298961067e-14 Bohr magnetons
Energy: -12.307596103122794 eV
Magnetic moment: 4.7361857298961067e-14 Bohr magnetons
Energy: -12.307596103122794 eV
Magnetic moment: 4.7361857298961067e-14 Bohr magnetons
Energy: -12.307596103122794 eV
Magnetic moment: 4.7361857298961067e-14 Bohr magnetons
Energy: -12.307596103122794 eV
Magnetic moment: 4.7361857298961067e-14 Bohr magnetons
Energy: -12.307596103122794 eV
Magnetic moment: 4.7361857298961067e-14 Bohr magnetons
Energy: -12.307596103122794 eV
Magnetic moment: 4.7361857298961067e-14 Bohr magnetons
Energy: -12.307596103122794 eV
Magnetic moment: 4.7361857298961067e-14 Bohr magnetons
Energy: -12.307596103122794 eV
Magnetic moment: 4.7361857298961067e-14 Bohr magnetons
Energy: -12.307596103122794 eV
Magnetic moment: 4.7361857298961067e-14 Bohr magnetons
Energy: -12.307596103122794 eV
Magnetic moment: 4.7361857298961067e-14 Bohr magnetons
Calculating q=[0.16666667 0.16666667 0.        ]
Calculating q=[0.16666667 0.16666667 0.        ]
Calculating q=[0.16666667 0.16666667 0.        ]
Calculating q=[0.16666667 0.16666667 0.        ]
Calculating q=[0.16666667 0.16666667 0.        ]
Calculating q=[0.16666667 0.16666667 0.        ]
Calculating q=[0.16666667 0.16666667 0.        ]
Calculating q=[0.16666667 0.16666667 0.        ]
Calculating q=[0.16666667 0.16666667 0.        ]
Calculating q=[0.16666667 0.16666667 0.        ]
Calculating q=[0.16666667 0.16666667 0.        ]
Calculating q=[0.16666667 0.16666667 0.        ]
Energy: -12.313421015761524 eV
Magnetic moment: 3.0732457425235734e-14 Bohr magnetons
Energy: -12.313421015761524 eV
Magnetic moment: 3.0732457425235734e-14 Bohr magnetons
Energy: -12.313421015761524 eV
Magnetic moment: 3.0732457425235734e-14 Bohr magnetons
Energy: -12.313421015761524 eV
Magnetic moment: 3.0732457425235734e-14 Bohr magnetons
Energy: -12.313421015761524 eV
Magnetic moment: 3.0732457425235734e-14 Bohr magnetons
Energy: -12.313421015761524 eV
Magnetic moment: 3.0732457425235734e-14 Bohr magnetons
Energy: -12.313421015761524 eV
Magnetic moment: 3.0732457425235734e-14 Bohr magnetons
Energy: -12.313421015761524 eV
Magnetic moment: 3.0732457425235734e-14 Bohr magnetons
Energy: -12.313421015761524 eV
Magnetic moment: 3.0732457425235734e-14 Bohr magnetons
Energy: -12.313421015761524 eV
Magnetic moment: 3.0732457425235734e-14 Bohr magnetons
Energy: -12.313421015761524 eV
Magnetic moment: 3.0732457425235734e-14 Bohr magnetons
Energy: -12.313421015761524 eV
Magnetic moment: 3.0732457425235734e-14 Bohr magnetons
Calculating q=[0.14285714 0.14285714 0.        ]
Calculating q=[0.14285714 0.14285714 0.        ]
Calculating q=[0.14285714 0.14285714 0.        ]
Calculating q=[0.14285714 0.14285714 0.        ]
Calculating q=[0.14285714 0.14285714 0.        ]
Calculating q=[0.14285714 0.14285714 0.        ]
Calculating q=[0.14285714 0.14285714 0.        ]
Calculating q=[0.14285714 0.14285714 0.        ]
Calculating q=[0.14285714 0.14285714 0.        ]
Calculating q=[0.14285714 0.14285714 0.        ]
Calculating q=[0.14285714 0.14285714 0.        ]
Calculating q=[0.14285714 0.14285714 0.        ]
Energy: -12.316876608223986 eV
Magnetic moment: 6.959063002284643e-15 Bohr magnetons
Energy: -12.316876608223986 eV
Magnetic moment: 6.959063002284643e-15 Bohr magnetons
Energy: -12.316876608223986 eV
Magnetic moment: 6.959063002284643e-15 Bohr magnetons
Energy: -12.316876608223986 eV
Magnetic moment: 6.959063002284643e-15 Bohr magnetons
Energy: -12.316876608223986 eV
Magnetic moment: 6.959063002284643e-15 Bohr magnetons
Energy: -12.316876608223986 eV
Magnetic moment: 6.959063002284643e-15 Bohr magnetons
Energy: -12.316876608223986 eV
Magnetic moment: 6.959063002284643e-15 Bohr magnetons
Energy: -12.316876608223986 eV
Magnetic moment: 6.959063002284643e-15 Bohr magnetons
Energy: -12.316876608223986 eV
Magnetic moment: 6.959063002284643e-15 Bohr magnetons
Energy: -12.316876608223986 eV
Magnetic moment: 6.959063002284643e-15 Bohr magnetons
Energy: -12.316876608223986 eV
Magnetic moment: 6.959063002284643e-15 Bohr magnetons
Energy: -12.316876608223986 eV
Magnetic moment: 6.959063002284643e-15 Bohr magnetons
Calculating q=[0.11904762 0.11904762 0.        ]
Calculating q=[0.11904762 0.11904762 0.        ]
Calculating q=[0.11904762 0.11904762 0.        ]
Calculating q=[0.11904762 0.11904762 0.        ]
Calculating q=[0.11904762 0.11904762 0.        ]
Calculating q=[0.11904762 0.11904762 0.        ]
Calculating q=[0.11904762 0.11904762 0.        ]
Calculating q=[0.11904762 0.11904762 0.        ]
Calculating q=[0.11904762 0.11904762 0.        ]
Calculating q=[0.11904762 0.11904762 0.        ]
Calculating q=[0.11904762 0.11904762 0.        ]
Calculating q=[0.11904762 0.11904762 0.        ]
Energy: -12.31680646691289 eV
Magnetic moment: 2.136645037737755e-14 Bohr magnetons
Energy: -12.31680646691289 eV
Magnetic moment: 2.136645037737755e-14 Bohr magnetons
Energy: -12.31680646691289 eV
Magnetic moment: 2.136645037737755e-14 Bohr magnetons
Energy: -12.31680646691289 eV
Magnetic moment: 2.136645037737755e-14 Bohr magnetons
Energy: -12.31680646691289 eV
Magnetic moment: 2.136645037737755e-14 Bohr magnetons
Energy: -12.31680646691289 eV
Magnetic moment: 2.136645037737755e-14 Bohr magnetons
Energy: -12.31680646691289 eV
Magnetic moment: 2.136645037737755e-14 Bohr magnetons
Energy: -12.31680646691289 eV
Magnetic moment: 2.136645037737755e-14 Bohr magnetons
Energy: -12.31680646691289 eV
Magnetic moment: 2.136645037737755e-14 Bohr magnetons
Energy: -12.31680646691289 eV
Magnetic moment: 2.136645037737755e-14 Bohr magnetons
Energy: -12.31680646691289 eV
Magnetic moment: 2.136645037737755e-14 Bohr magnetons
Energy: -12.31680646691289 eV
Magnetic moment: 2.136645037737755e-14 Bohr magnetons
Calculating q=[0.0952381 0.0952381 0.       ]
Calculating q=[0.0952381 0.0952381 0.       ]
Calculating q=[0.0952381 0.0952381 0.       ]
Calculating q=[0.0952381 0.0952381 0.       ]
Calculating q=[0.0952381 0.0952381 0.       ]
Calculating q=[0.0952381 0.0952381 0.       ]
Calculating q=[0.0952381 0.0952381 0.       ]
Calculating q=[0.0952381 0.0952381 0.       ]
Calculating q=[0.0952381 0.0952381 0.       ]
Calculating q=[0.0952381 0.0952381 0.       ]
Calculating q=[0.0952381 0.0952381 0.       ]
Calculating q=[0.0952381 0.0952381 0.       ]
Energy: -12.31274173161318 eV
Magnetic moment: -2.4638378832825472e-14 Bohr magnetons
Energy: -12.31274173161318 eV
Magnetic moment: -2.4638378832825472e-14 Bohr magnetons
Energy: -12.31274173161318 eV
Magnetic moment: -2.4638378832825472e-14 Bohr magnetons
Energy: -12.31274173161318 eV
Magnetic moment: -2.4638378832825472e-14 Bohr magnetons
Energy: -12.31274173161318 eV
Magnetic moment: -2.4638378832825472e-14 Bohr magnetons
Energy: -12.31274173161318 eV
Magnetic moment: -2.4638378832825472e-14 Bohr magnetons
Energy: -12.31274173161318 eV
Magnetic moment: -2.4638378832825472e-14 Bohr magnetons
Energy: -12.31274173161318 eV
Magnetic moment: -2.4638378832825472e-14 Bohr magnetons
Energy: -12.31274173161318 eV
Magnetic moment: -2.4638378832825472e-14 Bohr magnetons
Energy: -12.31274173161318 eV
Magnetic moment: -2.4638378832825472e-14 Bohr magnetons
Energy: -12.31274173161318 eV
Magnetic moment: -2.4638378832825472e-14 Bohr magnetons
Energy: -12.31274173161318 eV
Magnetic moment: -2.4638378832825472e-14 Bohr magnetons
Calculating q=[0.07142857 0.07142857 0.        ]
Calculating q=[0.07142857 0.07142857 0.        ]
Calculating q=[0.07142857 0.07142857 0.        ]
Calculating q=[0.07142857 0.07142857 0.        ]
Calculating q=[0.07142857 0.07142857 0.        ]
Calculating q=[0.07142857 0.07142857 0.        ]
Calculating q=[0.07142857 0.07142857 0.        ]
Calculating q=[0.07142857 0.07142857 0.        ]
Calculating q=[0.07142857 0.07142857 0.        ]
Calculating q=[0.07142857 0.07142857 0.        ]
Calculating q=[0.07142857 0.07142857 0.        ]
Calculating q=[0.07142857 0.07142857 0.        ]
Energy: -12.30564752700254 eV
Magnetic moment: 2.118127465998642e-14 Bohr magnetons
Energy: -12.30564752700254 eV
Magnetic moment: 2.118127465998642e-14 Bohr magnetons
Energy: -12.30564752700254 eV
Magnetic moment: 2.118127465998642e-14 Bohr magnetons
Energy: -12.30564752700254 eV
Magnetic moment: 2.118127465998642e-14 Bohr magnetons
Energy: -12.30564752700254 eV
Magnetic moment: 2.118127465998642e-14 Bohr magnetons
Energy: -12.30564752700254 eV
Magnetic moment: 2.118127465998642e-14 Bohr magnetons
Energy: -12.30564752700254 eV
Magnetic moment: 2.118127465998642e-14 Bohr magnetons
Energy: -12.30564752700254 eV
Magnetic moment: 2.118127465998642e-14 Bohr magnetons
Energy: -12.30564752700254 eV
Magnetic moment: 2.118127465998642e-14 Bohr magnetons
Energy: -12.30564752700254 eV
Magnetic moment: 2.118127465998642e-14 Bohr magnetons
Energy: -12.30564752700254 eV
Magnetic moment: 2.118127465998642e-14 Bohr magnetons
Energy: -12.30564752700254 eV
Magnetic moment: 2.118127465998642e-14 Bohr magnetons
Calculating q=[0.04761905 0.04761905 0.        ]
Calculating q=[0.04761905 0.04761905 0.        ]
Calculating q=[0.04761905 0.04761905 0.        ]
Calculating q=[0.04761905 0.04761905 0.        ]
Calculating q=[0.04761905 0.04761905 0.        ]
Calculating q=[0.04761905 0.04761905 0.        ]
Calculating q=[0.04761905 0.04761905 0.        ]
Calculating q=[0.04761905 0.04761905 0.        ]
Calculating q=[0.04761905 0.04761905 0.        ]
Calculating q=[0.04761905 0.04761905 0.        ]
Calculating q=[0.04761905 0.04761905 0.        ]
Calculating q=[0.04761905 0.04761905 0.        ]
Energy: -12.297549635840129 eV
Magnetic moment: 4.610196625529217e-15 Bohr magnetons
Energy: -12.297549635840129 eV
Magnetic moment: 4.610196625529217e-15 Bohr magnetons
Energy: -12.297549635840129 eV
Magnetic moment: 4.610196625529217e-15 Bohr magnetons
Energy: -12.297549635840129 eV
Magnetic moment: 4.610196625529217e-15 Bohr magnetons
Energy: -12.297549635840129 eV
Magnetic moment: 4.610196625529217e-15 Bohr magnetons
Energy: -12.297549635840129 eV
Magnetic moment: 4.610196625529217e-15 Bohr magnetons
Energy: -12.297549635840129 eV
Magnetic moment: 4.610196625529217e-15 Bohr magnetons
Energy: -12.297549635840129 eV
Magnetic moment: 4.610196625529217e-15 Bohr magnetons
Energy: -12.297549635840129 eV
Magnetic moment: 4.610196625529217e-15 Bohr magnetons
Energy: -12.297549635840129 eV
Magnetic moment: 4.610196625529217e-15 Bohr magnetons
Energy: -12.297549635840129 eV
Magnetic moment: 4.610196625529217e-15 Bohr magnetons
Energy: -12.297549635840129 eV
Magnetic moment: 4.610196625529217e-15 Bohr magnetons
Calculating q=[0.02380952 0.02380952 0.        ]
Calculating q=[0.02380952 0.02380952 0.        ]
Calculating q=[0.02380952 0.02380952 0.        ]
Calculating q=[0.02380952 0.02380952 0.        ]
Calculating q=[0.02380952 0.02380952 0.        ]
Calculating q=[0.02380952 0.02380952 0.        ]
Calculating q=[0.02380952 0.02380952 0.        ]
Calculating q=[0.02380952 0.02380952 0.        ]
Calculating q=[0.02380952 0.02380952 0.        ]
Calculating q=[0.02380952 0.02380952 0.        ]
Calculating q=[0.02380952 0.02380952 0.        ]
Calculating q=[0.02380952 0.02380952 0.        ]
Energy: -12.291451689339823 eV
Magnetic moment: -6.517945571097738e-15 Bohr magnetons
Energy: -12.291451689339823 eV
Magnetic moment: -6.517945571097738e-15 Bohr magnetons
Energy: -12.291451689339823 eV
Magnetic moment: -6.517945571097738e-15 Bohr magnetons
Energy: -12.291451689339823 eV
Magnetic moment: -6.517945571097738e-15 Bohr magnetons
Energy: -12.291451689339823 eV
Magnetic moment: -6.517945571097738e-15 Bohr magnetons
Energy: -12.291451689339823 eV
Magnetic moment: -6.517945571097738e-15 Bohr magnetons
Energy: -12.291451689339823 eV
Magnetic moment: -6.517945571097738e-15 Bohr magnetons
Energy: -12.291451689339823 eV
Magnetic moment: -6.517945571097738e-15 Bohr magnetons
Energy: -12.291451689339823 eV
Magnetic moment: -6.517945571097738e-15 Bohr magnetons
Energy: -12.291451689339823 eV
Magnetic moment: -6.517945571097738e-15 Bohr magnetons
Energy: -12.291451689339823 eV
Magnetic moment: -6.517945571097738e-15 Bohr magnetons
Energy: -12.291451689339823 eV
Magnetic moment: -6.517945571097738e-15 Bohr magnetons
Calculating q=[0. 0. 0.]
Calculating q=[0. 0. 0.]
Calculating q=[0. 0. 0.]
Calculating q=[0. 0. 0.]
Calculating q=[0. 0. 0.]
Calculating q=[0. 0. 0.]
Calculating q=[0. 0. 0.]
Calculating q=[0. 0. 0.]
Calculating q=[0. 0. 0.]
Calculating q=[0. 0. 0.]
Calculating q=[0. 0. 0.]
Calculating q=[0. 0. 0.]
Energy: -12.289151902196686 eV
Magnetic moment: 8.969174000324701e-09 Bohr magnetons
Energy: -12.289151902196686 eV
Magnetic moment: 8.969174000324701e-09 Bohr magnetons
Energy: -12.289151902196686 eV
Magnetic moment: 8.969174000324701e-09 Bohr magnetons
Energy: -12.289151902196686 eV
Magnetic moment: 8.969174000324701e-09 Bohr magnetons
Energy: -12.289151902196686 eV
Magnetic moment: 8.969174000324701e-09 Bohr magnetons
Energy: -12.289151902196686 eV
Magnetic moment: 8.969174000324701e-09 Bohr magnetons
Energy: -12.289151902196686 eV
Magnetic moment: 8.969174000324701e-09 Bohr magnetons
Energy: -12.289151902196686 eV
Magnetic moment: 8.969174000324701e-09 Bohr magnetons
Energy: -12.289151902196686 eV
Magnetic moment: 8.969174000324701e-09 Bohr magnetons
Energy: -12.289151902196686 eV
Magnetic moment: 8.969174000324701e-09 Bohr magnetons
Energy: -12.289151902196686 eV
Magnetic moment: 8.969174000324701e-09 Bohr magnetons
Energy: -12.289151902196686 eV
Magnetic moment: 8.969174000324701e-09 Bohr magnetons

------------------------------------------------------------
Sender: LSF System <lsfadmin@hpc.dtu.dk>
Subject: Job 21540945: <plot_5.py> in cluster <dcc> Done

Job <plot_5.py> was submitted from host <n-62-27-22> by user <s194113> in cluster <dcc> at Mon Apr 22 12:39:49 2024
Job was executed on host(s) <12*n-62-29-21>, in queue <hpc>, as user <s194113> in cluster <dcc> at Tue Apr 23 06:58:28 2024
</zhome/87/8/147075> was used as the home directory.
</zhome/87/8/147075/10302/10302_NM/NiI2/V_con> was used as the working directory.
Started at Tue Apr 23 06:58:28 2024
Terminated at Tue Apr 23 11:51:28 2024
Results reported at Tue Apr 23 11:51:28 2024

Your job looked like:

------------------------------------------------------------
# LSBATCH: User input
#!/bin/bash -l
id=$LSB_JOBID
mq=/zhome/87/8/147075/.myqueue/lsf-$id
source /zhome/87/8/147075/venv-name/bin/activate
echo "venv: /zhome/87/8/147075/venv-name/bin/activate"
(touch $mq-0 && \
 cd '/zhome/87/8/147075/10302/10302_NM/NiI2/V_con' && \
 mpiexec python3 plot_5.py && \
 touch $mq-1) || \
(touch $mq-2; exit 1)

------------------------------------------------------------

Successfully completed.

Resource usage summary:

    CPU time :                                   210869.80 sec.
    Max Memory :                                 14661 MB
    Average Memory :                             9031.84 MB
    Total Requested Memory :                     73728.00 MB
    Delta Memory :                               59067.00 MB
    Max Swap :                                   -
    Max Processes :                              17
    Max Threads :                                57
    Run time :                                   17642 sec.
    Turnaround time :                            83499 sec.

The output (if any) is above this job summary.



PS:

Read file </zhome/87/8/147075/10302/10302_NM/NiI2/V_con/plot_5.py.21540945.err> for stderr output of this job.

