venv: /zhome/87/8/147075/venv-name/bin/activate
[1713841493.063836] [n-62-29-9:1196 :0]          ib_md.c:1063 UCX  WARN  IB: ibv_fork_init() was disabled or failed, yet a fork() has been issued.
[1713841493.063871] [n-62-29-9:1196 :0]          ib_md.c:1064 UCX  WARN  IB: data corruption might occur when using registered memory.
[1713841493.063836] [n-62-29-9:1198 :0]          ib_md.c:1063 UCX  WARN  IB: ibv_fork_init() was disabled or failed, yet a fork() has been issued.
[1713841493.063871] [n-62-29-9:1198 :0]          ib_md.c:1064 UCX  WARN  IB: data corruption might occur when using registered memory.
[1713841493.063850] [n-62-29-9:1205 :0]          ib_md.c:1063 UCX  WARN  IB: ibv_fork_init() was disabled or failed, yet a fork() has been issued.
[1713841493.063880] [n-62-29-9:1205 :0]          ib_md.c:1064 UCX  WARN  IB: data corruption might occur when using registered memory.
[1713841493.063894] [n-62-29-9:1199 :0]          ib_md.c:1063 UCX  WARN  IB: ibv_fork_init() was disabled or failed, yet a fork() has been issued.
[1713841493.063940] [n-62-29-9:1199 :0]          ib_md.c:1064 UCX  WARN  IB: data corruption might occur when using registered memory.
[1713841493.064009] [n-62-29-9:1195 :0]          ib_md.c:1063 UCX  WARN  IB: ibv_fork_init() was disabled or failed, yet a fork() has been issued.
[1713841493.064050] [n-62-29-9:1195 :0]          ib_md.c:1064 UCX  WARN  IB: data corruption might occur when using registered memory.
[1713841493.063996] [n-62-29-9:1197 :0]          ib_md.c:1063 UCX  WARN  IB: ibv_fork_init() was disabled or failed, yet a fork() has been issued.
[1713841493.064033] [n-62-29-9:1197 :0]          ib_md.c:1064 UCX  WARN  IB: data corruption might occur when using registered memory.
[1713841493.063963] [n-62-29-9:1200 :0]          ib_md.c:1063 UCX  WARN  IB: ibv_fork_init() was disabled or failed, yet a fork() has been issued.
[1713841493.064005] [n-62-29-9:1200 :0]          ib_md.c:1064 UCX  WARN  IB: data corruption might occur when using registered memory.
[1713841493.063993] [n-62-29-9:1201 :0]          ib_md.c:1063 UCX  WARN  IB: ibv_fork_init() was disabled or failed, yet a fork() has been issued.
[1713841493.064044] [n-62-29-9:1201 :0]          ib_md.c:1064 UCX  WARN  IB: data corruption might occur when using registered memory.
[1713841493.064008] [n-62-29-9:1203 :0]          ib_md.c:1063 UCX  WARN  IB: ibv_fork_init() was disabled or failed, yet a fork() has been issued.
[1713841493.064063] [n-62-29-9:1203 :0]          ib_md.c:1064 UCX  WARN  IB: data corruption might occur when using registered memory.
[1713841493.064066] [n-62-29-9:1207 :0]          ib_md.c:1063 UCX  WARN  IB: ibv_fork_init() was disabled or failed, yet a fork() has been issued.
[1713841493.064107] [n-62-29-9:1207 :0]          ib_md.c:1064 UCX  WARN  IB: data corruption might occur when using registered memory.
[1713841493.063994] [n-62-29-9:1208 :0]          ib_md.c:1063 UCX  WARN  IB: ibv_fork_init() was disabled or failed, yet a fork() has been issued.
[1713841493.064034] [n-62-29-9:1208 :0]          ib_md.c:1064 UCX  WARN  IB: data corruption might occur when using registered memory.
[1713841493.063986] [n-62-29-9:1209 :0]          ib_md.c:1063 UCX  WARN  IB: ibv_fork_init() was disabled or failed, yet a fork() has been issued.
[1713841493.064051] [n-62-29-9:1209 :0]          ib_md.c:1064 UCX  WARN  IB: data corruption might occur when using registered memory.
Calculating ground state
Calculating ground state
31 q-points in the path
Calculating ground state
Calculating ground state
31 q-points in the path
=====================================
=====================================
31 q-points in the path
=====================================
Calculating ground state
31 q-points in the path
=====================================
31 q-points in the path
=====================================
Calculating ground state
31 q-points in the path
Calculating ground state
=====================================
Calculating q=[0. 0. 0.]
Calculating q=[0. 0. 0.]
Calculating q=[0. 0. 0.]
Calculating ground state
31 q-points in the path
=====================================
Calculating q=[0. 0. 0.]
31 q-points in the path
=====================================
Calculating ground state
Calculating q=[0. 0. 0.]
Calculating ground state
31 q-points in the path
31 q-points in the path
=====================================
Calculating ground state
=====================================
31 q-points in the path
=====================================
Calculating ground state
31 q-points in the path
=====================================
Calculating q=[0. 0. 0.]
Calculating q=[0. 0. 0.]
Calculating q=[0. 0. 0.]
Calculating q=[0. 0. 0.]
Calculating q=[0. 0. 0.]
Calculating q=[0. 0. 0.]
Calculating q=[0. 0. 0.]
Energy: -11.94404206182729 eV
Magnetic moment: -3.7352031835185065e-15 Bohr magnetons
Energy: -11.94404206182729 eV
Magnetic moment: -3.7352031835185065e-15 Bohr magnetons
Energy: -11.94404206182729 eV
Magnetic moment: -3.7352031835185065e-15 Bohr magnetons
Energy: -11.94404206182729 eV
Magnetic moment: -3.7352031835185065e-15 Bohr magnetons
Energy: -11.94404206182729 eV
Magnetic moment: -3.7352031835185065e-15 Bohr magnetons
Energy: -11.94404206182729 eV
Magnetic moment: -3.7352031835185065e-15 Bohr magnetons
Energy: -11.94404206182729 eV
Magnetic moment: -3.7352031835185065e-15 Bohr magnetons
Energy: -11.94404206182729 eV
Magnetic moment: -3.7352031835185065e-15 Bohr magnetons
Energy: -11.94404206182729 eV
Magnetic moment: -3.7352031835185065e-15 Bohr magnetons
Energy: -11.94404206182729 eV
Magnetic moment: -3.7352031835185065e-15 Bohr magnetons
Energy: -11.94404206182729 eV
Magnetic moment: -3.7352031835185065e-15 Bohr magnetons
Calculating q=[0.05 0.   0.  ]
Calculating q=[0.05 0.   0.  ]
Calculating q=[0.05 0.   0.  ]
Calculating q=[0.05 0.   0.  ]
Calculating q=[0.05 0.   0.  ]
Calculating q=[0.05 0.   0.  ]
Calculating q=[0.05 0.   0.  ]
Calculating q=[0.05 0.   0.  ]
Calculating q=[0.05 0.   0.  ]
Energy: -11.94404206182729 eV
Magnetic moment: -3.7352031835185065e-15 Bohr magnetons
Calculating q=[0.05 0.   0.  ]
Calculating q=[0.05 0.   0.  ]
Calculating q=[0.05 0.   0.  ]
Energy: -11.94864258387107 eV
Magnetic moment: 2.7244868016251343e-14 Bohr magnetons
Energy: -11.94864258387107 eV
Magnetic moment: 2.7244868016251343e-14 Bohr magnetons
Energy: -11.94864258387107 eV
Magnetic moment: 2.7244868016251343e-14 Bohr magnetons
Energy: -11.94864258387107 eV
Magnetic moment: 2.7244868016251343e-14 Bohr magnetons
Energy: -11.94864258387107 eV
Magnetic moment: 2.7244868016251343e-14 Bohr magnetons
Energy: -11.94864258387107 eV
Magnetic moment: 2.7244868016251343e-14 Bohr magnetons
Energy: -11.94864258387107 eV
Magnetic moment: 2.7244868016251343e-14 Bohr magnetons
Energy: -11.94864258387107 eV
Magnetic moment: 2.7244868016251343e-14 Bohr magnetons
Energy: -11.94864258387107 eV
Magnetic moment: 2.7244868016251343e-14 Bohr magnetons
Energy: -11.94864258387107 eV
Magnetic moment: 2.7244868016251343e-14 Bohr magnetons
Energy: -11.94864258387107 eV
Magnetic moment: 2.7244868016251343e-14 Bohr magnetons
Energy: -11.94864258387107 eV
Magnetic moment: 2.7244868016251343e-14 Bohr magnetons
Calculating q=[0.1 0.  0. ]
Calculating q=[0.1 0.  0. ]
Calculating q=[0.1 0.  0. ]
Calculating q=[0.1 0.  0. ]
Calculating q=[0.1 0.  0. ]
Calculating q=[0.1 0.  0. ]
Calculating q=[0.1 0.  0. ]
Calculating q=[0.1 0.  0. ]
Calculating q=[0.1 0.  0. ]
Calculating q=[0.1 0.  0. ]
Calculating q=[0.1 0.  0. ]
Calculating q=[0.1 0.  0. ]
Energy: -11.94752807952189 eV
Magnetic moment: 4.048946410814347e-15 Bohr magnetons
Energy: -11.94752807952189 eV
Magnetic moment: 4.048946410814347e-15 Bohr magnetons
Energy: -11.94752807952189 eV
Magnetic moment: 4.048946410814347e-15 Bohr magnetons
Energy: -11.94752807952189 eV
Magnetic moment: 4.048946410814347e-15 Bohr magnetons
Energy: -11.94752807952189 eV
Magnetic moment: 4.048946410814347e-15 Bohr magnetons
Energy: -11.94752807952189 eV
Magnetic moment: 4.048946410814347e-15 Bohr magnetons
Energy: -11.94752807952189 eV
Magnetic moment: 4.048946410814347e-15 Bohr magnetons
Energy: -11.94752807952189 eV
Magnetic moment: 4.048946410814347e-15 Bohr magnetons
Energy: -11.94752807952189 eV
Magnetic moment: 4.048946410814347e-15 Bohr magnetons
Energy: -11.94752807952189 eV
Magnetic moment: 4.048946410814347e-15 Bohr magnetons
Energy: -11.94752807952189 eV
Magnetic moment: 4.048946410814347e-15 Bohr magnetons
Energy: -11.94752807952189 eV
Magnetic moment: 4.048946410814347e-15 Bohr magnetons
Calculating q=[0.15 0.   0.  ]
Calculating q=[0.15 0.   0.  ]
Calculating q=[0.15 0.   0.  ]
Calculating q=[0.15 0.   0.  ]
Calculating q=[0.15 0.   0.  ]
Calculating q=[0.15 0.   0.  ]
Calculating q=[0.15 0.   0.  ]
Calculating q=[0.15 0.   0.  ]
Calculating q=[0.15 0.   0.  ]
Calculating q=[0.15 0.   0.  ]
Calculating q=[0.15 0.   0.  ]
Calculating q=[0.15 0.   0.  ]
Energy: -11.943770691869158 eV
Magnetic moment: -1.0203696656169548e-15 Bohr magnetons
Energy: -11.943770691869158 eV
Magnetic moment: -1.0203696656169548e-15 Bohr magnetons
Energy: -11.943770691869158 eV
Magnetic moment: -1.0203696656169548e-15 Bohr magnetons
Energy: -11.943770691869158 eV
Magnetic moment: -1.0203696656169548e-15 Bohr magnetons
Energy: -11.943770691869158 eV
Magnetic moment: -1.0203696656169548e-15 Bohr magnetons
Energy: -11.943770691869158 eV
Magnetic moment: -1.0203696656169548e-15 Bohr magnetons
Energy: -11.943770691869158 eV
Magnetic moment: -1.0203696656169548e-15 Bohr magnetons
Energy: -11.943770691869158 eV
Magnetic moment: -1.0203696656169548e-15 Bohr magnetons
Energy: -11.943770691869158 eV
Magnetic moment: -1.0203696656169548e-15 Bohr magnetons
Energy: -11.943770691869158 eV
Magnetic moment: -1.0203696656169548e-15 Bohr magnetons
Energy: -11.943770691869158 eV
Magnetic moment: -1.0203696656169548e-15 Bohr magnetons
Energy: -11.943770691869158 eV
Magnetic moment: -1.0203696656169548e-15 Bohr magnetons
Calculating q=[0.2 0.  0. ]
Calculating q=[0.2 0.  0. ]
Calculating q=[0.2 0.  0. ]
Calculating q=[0.2 0.  0. ]
Calculating q=[0.2 0.  0. ]
Calculating q=[0.2 0.  0. ]
Calculating q=[0.2 0.  0. ]
Calculating q=[0.2 0.  0. ]
Calculating q=[0.2 0.  0. ]
Calculating q=[0.2 0.  0. ]
Calculating q=[0.2 0.  0. ]
Calculating q=[0.2 0.  0. ]
Energy: -11.945456538979853 eV
Magnetic moment: -1.695685894671524e-14 Bohr magnetons
Energy: -11.945456538979853 eV
Magnetic moment: -1.695685894671524e-14 Bohr magnetons
Energy: -11.945456538979853 eV
Magnetic moment: -1.695685894671524e-14 Bohr magnetons
Energy: -11.945456538979853 eV
Magnetic moment: -1.695685894671524e-14 Bohr magnetons
Energy: -11.945456538979853 eV
Magnetic moment: -1.695685894671524e-14 Bohr magnetons
Energy: -11.945456538979853 eV
Magnetic moment: -1.695685894671524e-14 Bohr magnetons
Energy: -11.945456538979853 eV
Magnetic moment: -1.695685894671524e-14 Bohr magnetons
Energy: -11.945456538979853 eV
Magnetic moment: -1.695685894671524e-14 Bohr magnetons
Energy: -11.945456538979853 eV
Magnetic moment: -1.695685894671524e-14 Bohr magnetons
Energy: -11.945456538979853 eV
Magnetic moment: -1.695685894671524e-14 Bohr magnetons
Energy: -11.945456538979853 eV
Magnetic moment: -1.695685894671524e-14 Bohr magnetons
Energy: -11.945456538979853 eV
Magnetic moment: -1.695685894671524e-14 Bohr magnetons
Calculating q=[0.25 0.   0.  ]
Calculating q=[0.25 0.   0.  ]
Calculating q=[0.25 0.   0.  ]
Calculating q=[0.25 0.   0.  ]
Calculating q=[0.25 0.   0.  ]
Calculating q=[0.25 0.   0.  ]
Calculating q=[0.25 0.   0.  ]
Calculating q=[0.25 0.   0.  ]
Calculating q=[0.25 0.   0.  ]
Calculating q=[0.25 0.   0.  ]
Calculating q=[0.25 0.   0.  ]
Calculating q=[0.25 0.   0.  ]
Energy: -11.946793686933365 eV
Magnetic moment: -8.087010771744528e-15 Bohr magnetons
Energy: -11.946793686933365 eV
Magnetic moment: -8.087010771744528e-15 Bohr magnetons
Energy: -11.946793686933365 eV
Magnetic moment: -8.087010771744528e-15 Bohr magnetons
Energy: -11.946793686933365 eV
Magnetic moment: -8.087010771744528e-15 Bohr magnetons
Energy: -11.946793686933365 eV
Magnetic moment: -8.087010771744528e-15 Bohr magnetons
Energy: -11.946793686933365 eV
Magnetic moment: -8.087010771744528e-15 Bohr magnetons
Energy: -11.946793686933365 eV
Magnetic moment: -8.087010771744528e-15 Bohr magnetons
Energy: -11.946793686933365 eV
Magnetic moment: -8.087010771744528e-15 Bohr magnetons
Energy: -11.946793686933365 eV
Magnetic moment: -8.087010771744528e-15 Bohr magnetons
Energy: -11.946793686933365 eV
Magnetic moment: -8.087010771744528e-15 Bohr magnetons
Energy: -11.946793686933365 eV
Magnetic moment: -8.087010771744528e-15 Bohr magnetons
Energy: -11.946793686933365 eV
Magnetic moment: -8.087010771744528e-15 Bohr magnetons
Calculating q=[0.3 0.  0. ]
Calculating q=[0.3 0.  0. ]
Calculating q=[0.3 0.  0. ]
Calculating q=[0.3 0.  0. ]
Calculating q=[0.3 0.  0. ]
Calculating q=[0.3 0.  0. ]
Calculating q=[0.3 0.  0. ]
Calculating q=[0.3 0.  0. ]
Calculating q=[0.3 0.  0. ]
Calculating q=[0.3 0.  0. ]
Calculating q=[0.3 0.  0. ]
Calculating q=[0.3 0.  0. ]
Energy: -11.948486971952882 eV
Magnetic moment: -2.1905871375718707e-14 Bohr magnetons
Energy: -11.948486971952882 eV
Magnetic moment: -2.1905871375718707e-14 Bohr magnetons
Energy: -11.948486971952882 eV
Magnetic moment: -2.1905871375718707e-14 Bohr magnetons
Energy: -11.948486971952882 eV
Magnetic moment: -2.1905871375718707e-14 Bohr magnetons
Energy: -11.948486971952882 eV
Magnetic moment: -2.1905871375718707e-14 Bohr magnetons
Energy: -11.948486971952882 eV
Magnetic moment: -2.1905871375718707e-14 Bohr magnetons
Energy: -11.948486971952882 eV
Magnetic moment: -2.1905871375718707e-14 Bohr magnetons
Energy: -11.948486971952882 eV
Magnetic moment: -2.1905871375718707e-14 Bohr magnetons
Energy: -11.948486971952882 eV
Magnetic moment: -2.1905871375718707e-14 Bohr magnetons
Energy: -11.948486971952882 eV
Magnetic moment: -2.1905871375718707e-14 Bohr magnetons
Energy: -11.948486971952882 eV
Magnetic moment: -2.1905871375718707e-14 Bohr magnetons
Energy: -11.948486971952882 eV
Magnetic moment: -2.1905871375718707e-14 Bohr magnetons
Calculating q=[0.35 0.   0.  ]
Calculating q=[0.35 0.   0.  ]
Calculating q=[0.35 0.   0.  ]
Calculating q=[0.35 0.   0.  ]
Calculating q=[0.35 0.   0.  ]
Calculating q=[0.35 0.   0.  ]
Calculating q=[0.35 0.   0.  ]
Calculating q=[0.35 0.   0.  ]
Calculating q=[0.35 0.   0.  ]
Calculating q=[0.35 0.   0.  ]
Calculating q=[0.35 0.   0.  ]
Calculating q=[0.35 0.   0.  ]
Energy: -11.94465196042579 eV
Magnetic moment: -3.821636293323982e-15 Bohr magnetons
Energy: -11.94465196042579 eV
Magnetic moment: -3.821636293323982e-15 Bohr magnetons
Energy: -11.94465196042579 eV
Magnetic moment: -3.821636293323982e-15 Bohr magnetons
Energy: -11.94465196042579 eV
Magnetic moment: -3.821636293323982e-15 Bohr magnetons
Energy: -11.94465196042579 eV
Magnetic moment: -3.821636293323982e-15 Bohr magnetons
Energy: -11.94465196042579 eV
Magnetic moment: -3.821636293323982e-15 Bohr magnetons
Energy: -11.94465196042579 eV
Magnetic moment: -3.821636293323982e-15 Bohr magnetons
Energy: -11.94465196042579 eV
Magnetic moment: -3.821636293323982e-15 Bohr magnetons
Energy: -11.94465196042579 eV
Magnetic moment: -3.821636293323982e-15 Bohr magnetons
Energy: -11.94465196042579 eV
Magnetic moment: -3.821636293323982e-15 Bohr magnetons
Energy: -11.94465196042579 eV
Magnetic moment: -3.821636293323982e-15 Bohr magnetons
Energy: -11.94465196042579 eV
Magnetic moment: -3.821636293323982e-15 Bohr magnetons
Calculating q=[0.4 0.  0. ]
Calculating q=[0.4 0.  0. ]
Calculating q=[0.4 0.  0. ]
Calculating q=[0.4 0.  0. ]
Calculating q=[0.4 0.  0. ]
Calculating q=[0.4 0.  0. ]
Calculating q=[0.4 0.  0. ]
Calculating q=[0.4 0.  0. ]
Calculating q=[0.4 0.  0. ]
Calculating q=[0.4 0.  0. ]
Calculating q=[0.4 0.  0. ]
Calculating q=[0.4 0.  0. ]
Energy: -11.945751821308772 eV
Magnetic moment: 6.636255586390724e-15 Bohr magnetons
Energy: -11.945751821308772 eV
Magnetic moment: 6.636255586390724e-15 Bohr magnetons
Energy: -11.945751821308772 eV
Magnetic moment: 6.636255586390724e-15 Bohr magnetons
Energy: -11.945751821308772 eV
Magnetic moment: 6.636255586390724e-15 Bohr magnetons
Energy: -11.945751821308772 eV
Magnetic moment: 6.636255586390724e-15 Bohr magnetons
Energy: -11.945751821308772 eV
Magnetic moment: 6.636255586390724e-15 Bohr magnetons
Energy: -11.945751821308772 eV
Magnetic moment: 6.636255586390724e-15 Bohr magnetons
Energy: -11.945751821308772 eV
Magnetic moment: 6.636255586390724e-15 Bohr magnetons
Energy: -11.945751821308772 eV
Magnetic moment: 6.636255586390724e-15 Bohr magnetons
Energy: -11.945751821308772 eV
Magnetic moment: 6.636255586390724e-15 Bohr magnetons
Energy: -11.945751821308772 eV
Magnetic moment: 6.636255586390724e-15 Bohr magnetons
Energy: -11.945751821308772 eV
Magnetic moment: 6.636255586390724e-15 Bohr magnetons
Calculating q=[0.45 0.   0.  ]
Calculating q=[0.45 0.   0.  ]
Calculating q=[0.45 0.   0.  ]
Calculating q=[0.45 0.   0.  ]
Calculating q=[0.45 0.   0.  ]
Calculating q=[0.45 0.   0.  ]
Calculating q=[0.45 0.   0.  ]
Calculating q=[0.45 0.   0.  ]
Calculating q=[0.45 0.   0.  ]
Calculating q=[0.45 0.   0.  ]
Calculating q=[0.45 0.   0.  ]
Calculating q=[0.45 0.   0.  ]
Energy: -11.94834360349857 eV
Magnetic moment: 2.1735487103650515e-15 Bohr magnetons
Energy: -11.94834360349857 eV
Magnetic moment: 2.1735487103650515e-15 Bohr magnetons
Energy: -11.94834360349857 eV
Magnetic moment: 2.1735487103650515e-15 Bohr magnetons
Energy: -11.94834360349857 eV
Magnetic moment: 2.1735487103650515e-15 Bohr magnetons
Energy: -11.94834360349857 eV
Magnetic moment: 2.1735487103650515e-15 Bohr magnetons
Energy: -11.94834360349857 eV
Magnetic moment: 2.1735487103650515e-15 Bohr magnetons
Energy: -11.94834360349857 eV
Magnetic moment: 2.1735487103650515e-15 Bohr magnetons
Energy: -11.94834360349857 eV
Magnetic moment: 2.1735487103650515e-15 Bohr magnetons
Energy: -11.94834360349857 eV
Magnetic moment: 2.1735487103650515e-15 Bohr magnetons
Energy: -11.94834360349857 eV
Magnetic moment: 2.1735487103650515e-15 Bohr magnetons
Energy: -11.94834360349857 eV
Magnetic moment: 2.1735487103650515e-15 Bohr magnetons
Energy: -11.94834360349857 eV
Magnetic moment: 2.1735487103650515e-15 Bohr magnetons
Calculating q=[0.5 0.  0. ]
Calculating q=[0.5 0.  0. ]
Calculating q=[0.5 0.  0. ]
Calculating q=[0.5 0.  0. ]
Calculating q=[0.5 0.  0. ]
Calculating q=[0.5 0.  0. ]
Calculating q=[0.5 0.  0. ]
Calculating q=[0.5 0.  0. ]
Calculating q=[0.5 0.  0. ]
Calculating q=[0.5 0.  0. ]
Calculating q=[0.5 0.  0. ]
Calculating q=[0.5 0.  0. ]
Energy: -11.94736116003713 eV
Magnetic moment: 4.2988734669306674e-15 Bohr magnetons
Energy: -11.94736116003713 eV
Magnetic moment: 4.2988734669306674e-15 Bohr magnetons
Energy: -11.94736116003713 eV
Magnetic moment: 4.2988734669306674e-15 Bohr magnetons
Energy: -11.94736116003713 eV
Magnetic moment: 4.2988734669306674e-15 Bohr magnetons
Energy: -11.94736116003713 eV
Magnetic moment: 4.2988734669306674e-15 Bohr magnetons
Energy: -11.94736116003713 eV
Magnetic moment: 4.2988734669306674e-15 Bohr magnetons
Energy: -11.94736116003713 eV
Magnetic moment: 4.2988734669306674e-15 Bohr magnetons
Energy: -11.94736116003713 eV
Magnetic moment: 4.2988734669306674e-15 Bohr magnetons
Energy: -11.94736116003713 eV
Magnetic moment: 4.2988734669306674e-15 Bohr magnetons
Energy: -11.94736116003713 eV
Magnetic moment: 4.2988734669306674e-15 Bohr magnetons
Energy: -11.94736116003713 eV
Magnetic moment: 4.2988734669306674e-15 Bohr magnetons
Energy: -11.94736116003713 eV
Magnetic moment: 4.2988734669306674e-15 Bohr magnetons
Calculating q=[0.47222222 0.05555556 0.        ]
Calculating q=[0.47222222 0.05555556 0.        ]
Calculating q=[0.47222222 0.05555556 0.        ]
Calculating q=[0.47222222 0.05555556 0.        ]
Calculating q=[0.47222222 0.05555556 0.        ]
Calculating q=[0.47222222 0.05555556 0.        ]
Calculating q=[0.47222222 0.05555556 0.        ]
Calculating q=[0.47222222 0.05555556 0.        ]
Calculating q=[0.47222222 0.05555556 0.        ]
Calculating q=[0.47222222 0.05555556 0.        ]
Calculating q=[0.47222222 0.05555556 0.        ]
Calculating q=[0.47222222 0.05555556 0.        ]
Energy: -11.948020825093028 eV
Magnetic moment: 3.2022086725903556e-15 Bohr magnetons
Energy: -11.948020825093028 eV
Magnetic moment: 3.2022086725903556e-15 Bohr magnetons
Energy: -11.948020825093028 eV
Magnetic moment: 3.2022086725903556e-15 Bohr magnetons
Energy: -11.948020825093028 eV
Magnetic moment: 3.2022086725903556e-15 Bohr magnetons
Energy: -11.948020825093028 eV
Magnetic moment: 3.2022086725903556e-15 Bohr magnetons
Energy: -11.948020825093028 eV
Magnetic moment: 3.2022086725903556e-15 Bohr magnetons
Energy: -11.948020825093028 eV
Magnetic moment: 3.2022086725903556e-15 Bohr magnetons
Energy: -11.948020825093028 eV
Magnetic moment: 3.2022086725903556e-15 Bohr magnetons
Energy: -11.948020825093028 eV
Magnetic moment: 3.2022086725903556e-15 Bohr magnetons
Energy: -11.948020825093028 eV
Magnetic moment: 3.2022086725903556e-15 Bohr magnetons
Energy: -11.948020825093028 eV
Magnetic moment: 3.2022086725903556e-15 Bohr magnetons
Energy: -11.948020825093028 eV
Magnetic moment: 3.2022086725903556e-15 Bohr magnetons
Calculating q=[0.44444444 0.11111111 0.        ]
Calculating q=[0.44444444 0.11111111 0.        ]
Calculating q=[0.44444444 0.11111111 0.        ]
Calculating q=[0.44444444 0.11111111 0.        ]
Calculating q=[0.44444444 0.11111111 0.        ]
Calculating q=[0.44444444 0.11111111 0.        ]
Calculating q=[0.44444444 0.11111111 0.        ]
Calculating q=[0.44444444 0.11111111 0.        ]
Calculating q=[0.44444444 0.11111111 0.        ]
Calculating q=[0.44444444 0.11111111 0.        ]
Calculating q=[0.44444444 0.11111111 0.        ]
Calculating q=[0.44444444 0.11111111 0.        ]
Energy: -11.947988546869334 eV
Magnetic moment: 1.9282674667457414e-14 Bohr magnetons
Energy: -11.947988546869334 eV
Magnetic moment: 1.9282674667457414e-14 Bohr magnetons
Energy: -11.947988546869334 eV
Magnetic moment: 1.9282674667457414e-14 Bohr magnetons
Energy: -11.947988546869334 eV
Magnetic moment: 1.9282674667457414e-14 Bohr magnetons
Energy: -11.947988546869334 eV
Magnetic moment: 1.9282674667457414e-14 Bohr magnetons
Energy: -11.947988546869334 eV
Magnetic moment: 1.9282674667457414e-14 Bohr magnetons
Energy: -11.947988546869334 eV
Magnetic moment: 1.9282674667457414e-14 Bohr magnetons
Energy: -11.947988546869334 eV
Magnetic moment: 1.9282674667457414e-14 Bohr magnetons
Energy: -11.947988546869334 eV
Magnetic moment: 1.9282674667457414e-14 Bohr magnetons
Energy: -11.947988546869334 eV
Magnetic moment: 1.9282674667457414e-14 Bohr magnetons
Energy: -11.947988546869334 eV
Magnetic moment: 1.9282674667457414e-14 Bohr magnetons
Energy: -11.947988546869334 eV
Magnetic moment: 1.9282674667457414e-14 Bohr magnetons
Calculating q=[0.41666667 0.16666667 0.        ]
Calculating q=[0.41666667 0.16666667 0.        ]
Calculating q=[0.41666667 0.16666667 0.        ]
Calculating q=[0.41666667 0.16666667 0.        ]
Calculating q=[0.41666667 0.16666667 0.        ]
Calculating q=[0.41666667 0.16666667 0.        ]
Calculating q=[0.41666667 0.16666667 0.        ]
Calculating q=[0.41666667 0.16666667 0.        ]
Calculating q=[0.41666667 0.16666667 0.        ]
Calculating q=[0.41666667 0.16666667 0.        ]
Calculating q=[0.41666667 0.16666667 0.        ]
Calculating q=[0.41666667 0.16666667 0.        ]
Energy: -11.943581414080118 eV
Magnetic moment: 2.9593941612211683e-15 Bohr magnetons
Energy: -11.943581414080118 eV
Magnetic moment: 2.9593941612211683e-15 Bohr magnetons
Energy: -11.943581414080118 eV
Magnetic moment: 2.9593941612211683e-15 Bohr magnetons
Energy: -11.943581414080118 eV
Magnetic moment: 2.9593941612211683e-15 Bohr magnetons
Energy: -11.943581414080118 eV
Magnetic moment: 2.9593941612211683e-15 Bohr magnetons
Energy: -11.943581414080118 eV
Magnetic moment: 2.9593941612211683e-15 Bohr magnetons
Energy: -11.943581414080118 eV
Magnetic moment: 2.9593941612211683e-15 Bohr magnetons
Energy: -11.943581414080118 eV
Magnetic moment: 2.9593941612211683e-15 Bohr magnetons
Energy: -11.943581414080118 eV
Magnetic moment: 2.9593941612211683e-15 Bohr magnetons
Energy: -11.943581414080118 eV
Magnetic moment: 2.9593941612211683e-15 Bohr magnetons
Energy: -11.943581414080118 eV
Magnetic moment: 2.9593941612211683e-15 Bohr magnetons
Energy: -11.943581414080118 eV
Magnetic moment: 2.9593941612211683e-15 Bohr magnetons
Calculating q=[0.38888889 0.22222222 0.        ]
Calculating q=[0.38888889 0.22222222 0.        ]
Calculating q=[0.38888889 0.22222222 0.        ]
Calculating q=[0.38888889 0.22222222 0.        ]
Calculating q=[0.38888889 0.22222222 0.        ]
Calculating q=[0.38888889 0.22222222 0.        ]
Calculating q=[0.38888889 0.22222222 0.        ]
Calculating q=[0.38888889 0.22222222 0.        ]
Calculating q=[0.38888889 0.22222222 0.        ]
Calculating q=[0.38888889 0.22222222 0.        ]
Calculating q=[0.38888889 0.22222222 0.        ]
Calculating q=[0.38888889 0.22222222 0.        ]
Energy: -11.945292849770324 eV
Magnetic moment: 5.3165090460861844e-15 Bohr magnetons
Energy: -11.945292849770324 eV
Magnetic moment: 5.3165090460861844e-15 Bohr magnetons
Energy: -11.945292849770324 eV
Magnetic moment: 5.3165090460861844e-15 Bohr magnetons
Energy: -11.945292849770324 eV
Magnetic moment: 5.3165090460861844e-15 Bohr magnetons
Energy: -11.945292849770324 eV
Magnetic moment: 5.3165090460861844e-15 Bohr magnetons
Energy: -11.945292849770324 eV
Magnetic moment: 5.3165090460861844e-15 Bohr magnetons
Energy: -11.945292849770324 eV
Magnetic moment: 5.3165090460861844e-15 Bohr magnetons
Energy: -11.945292849770324 eV
Magnetic moment: 5.3165090460861844e-15 Bohr magnetons
Energy: -11.945292849770324 eV
Magnetic moment: 5.3165090460861844e-15 Bohr magnetons
Energy: -11.945292849770324 eV
Magnetic moment: 5.3165090460861844e-15 Bohr magnetons
Energy: -11.945292849770324 eV
Magnetic moment: 5.3165090460861844e-15 Bohr magnetons
Energy: -11.945292849770324 eV
Magnetic moment: 5.3165090460861844e-15 Bohr magnetons
Calculating q=[0.36111111 0.27777778 0.        ]
Calculating q=[0.36111111 0.27777778 0.        ]
Calculating q=[0.36111111 0.27777778 0.        ]
Calculating q=[0.36111111 0.27777778 0.        ]
Calculating q=[0.36111111 0.27777778 0.        ]
Calculating q=[0.36111111 0.27777778 0.        ]
Calculating q=[0.36111111 0.27777778 0.        ]
Calculating q=[0.36111111 0.27777778 0.        ]
Calculating q=[0.36111111 0.27777778 0.        ]
Calculating q=[0.36111111 0.27777778 0.        ]
Calculating q=[0.36111111 0.27777778 0.        ]
Calculating q=[0.36111111 0.27777778 0.        ]
Energy: -11.950517042630409 eV
Magnetic moment: -2.1279447510178155e-14 Bohr magnetons
Energy: -11.950517042630409 eV
Magnetic moment: -2.1279447510178155e-14 Bohr magnetons
Energy: -11.950517042630409 eV
Magnetic moment: -2.1279447510178155e-14 Bohr magnetons
Energy: -11.950517042630409 eV
Magnetic moment: -2.1279447510178155e-14 Bohr magnetons
Energy: -11.950517042630409 eV
Magnetic moment: -2.1279447510178155e-14 Bohr magnetons
Energy: -11.950517042630409 eV
Magnetic moment: -2.1279447510178155e-14 Bohr magnetons
Energy: -11.950517042630409 eV
Magnetic moment: -2.1279447510178155e-14 Bohr magnetons
Energy: -11.950517042630409 eV
Magnetic moment: -2.1279447510178155e-14 Bohr magnetons
Energy: -11.950517042630409 eV
Magnetic moment: -2.1279447510178155e-14 Bohr magnetons
Energy: -11.950517042630409 eV
Magnetic moment: -2.1279447510178155e-14 Bohr magnetons
Energy: -11.950517042630409 eV
Magnetic moment: -2.1279447510178155e-14 Bohr magnetons
Energy: -11.950517042630409 eV
Magnetic moment: -2.1279447510178155e-14 Bohr magnetons
Calculating q=[0.33333333 0.33333333 0.        ]
Calculating q=[0.33333333 0.33333333 0.        ]
Calculating q=[0.33333333 0.33333333 0.        ]
Calculating q=[0.33333333 0.33333333 0.        ]
Calculating q=[0.33333333 0.33333333 0.        ]
Calculating q=[0.33333333 0.33333333 0.        ]
Calculating q=[0.33333333 0.33333333 0.        ]
Calculating q=[0.33333333 0.33333333 0.        ]
Calculating q=[0.33333333 0.33333333 0.        ]
Calculating q=[0.33333333 0.33333333 0.        ]
Calculating q=[0.33333333 0.33333333 0.        ]
Calculating q=[0.33333333 0.33333333 0.        ]
Energy: -11.94818080988765 eV
Magnetic moment: 3.326330941275873e-14 Bohr magnetons
Energy: -11.94818080988765 eV
Magnetic moment: 3.326330941275873e-14 Bohr magnetons
Energy: -11.94818080988765 eV
Magnetic moment: 3.326330941275873e-14 Bohr magnetons
Energy: -11.94818080988765 eV
Magnetic moment: 3.326330941275873e-14 Bohr magnetons
Energy: -11.94818080988765 eV
Magnetic moment: 3.326330941275873e-14 Bohr magnetons
Energy: -11.94818080988765 eV
Magnetic moment: 3.326330941275873e-14 Bohr magnetons
Energy: -11.94818080988765 eV
Magnetic moment: 3.326330941275873e-14 Bohr magnetons
Energy: -11.94818080988765 eV
Magnetic moment: 3.326330941275873e-14 Bohr magnetons
Energy: -11.94818080988765 eV
Magnetic moment: 3.326330941275873e-14 Bohr magnetons
Energy: -11.94818080988765 eV
Magnetic moment: 3.326330941275873e-14 Bohr magnetons
Energy: -11.94818080988765 eV
Magnetic moment: 3.326330941275873e-14 Bohr magnetons
Energy: -11.94818080988765 eV
Magnetic moment: 3.326330941275873e-14 Bohr magnetons
Calculating q=[0.30952381 0.30952381 0.        ]
Calculating q=[0.30952381 0.30952381 0.        ]
Calculating q=[0.30952381 0.30952381 0.        ]
Calculating q=[0.30952381 0.30952381 0.        ]
Calculating q=[0.30952381 0.30952381 0.        ]
Calculating q=[0.30952381 0.30952381 0.        ]
Calculating q=[0.30952381 0.30952381 0.        ]
Calculating q=[0.30952381 0.30952381 0.        ]
Calculating q=[0.30952381 0.30952381 0.        ]
Calculating q=[0.30952381 0.30952381 0.        ]
Calculating q=[0.30952381 0.30952381 0.        ]
Calculating q=[0.30952381 0.30952381 0.        ]
Energy: -11.947519351072508 eV
Magnetic moment: -1.1268165567303457e-14 Bohr magnetons
Energy: -11.947519351072508 eV
Magnetic moment: -1.1268165567303457e-14 Bohr magnetons
Energy: -11.947519351072508 eV
Magnetic moment: -1.1268165567303457e-14 Bohr magnetons
Energy: -11.947519351072508 eV
Magnetic moment: -1.1268165567303457e-14 Bohr magnetons
Energy: -11.947519351072508 eV
Magnetic moment: -1.1268165567303457e-14 Bohr magnetons
Energy: -11.947519351072508 eV
Magnetic moment: -1.1268165567303457e-14 Bohr magnetons
Energy: -11.947519351072508 eV
Magnetic moment: -1.1268165567303457e-14 Bohr magnetons
Energy: -11.947519351072508 eV
Magnetic moment: -1.1268165567303457e-14 Bohr magnetons
Energy: -11.947519351072508 eV
Magnetic moment: -1.1268165567303457e-14 Bohr magnetons
Energy: -11.947519351072508 eV
Magnetic moment: -1.1268165567303457e-14 Bohr magnetons
Energy: -11.947519351072508 eV
Magnetic moment: -1.1268165567303457e-14 Bohr magnetons
Energy: -11.947519351072508 eV
Magnetic moment: -1.1268165567303457e-14 Bohr magnetons
Calculating q=[0.28571429 0.28571429 0.        ]
Calculating q=[0.28571429 0.28571429 0.        ]
Calculating q=[0.28571429 0.28571429 0.        ]
Calculating q=[0.28571429 0.28571429 0.        ]
Calculating q=[0.28571429 0.28571429 0.        ]
Calculating q=[0.28571429 0.28571429 0.        ]
Calculating q=[0.28571429 0.28571429 0.        ]
Calculating q=[0.28571429 0.28571429 0.        ]
Calculating q=[0.28571429 0.28571429 0.        ]
Calculating q=[0.28571429 0.28571429 0.        ]
Calculating q=[0.28571429 0.28571429 0.        ]
Calculating q=[0.28571429 0.28571429 0.        ]
Energy: -11.946287149093509 eV
Magnetic moment: 9.420115733500219e-15 Bohr magnetons
Energy: -11.946287149093509 eV
Magnetic moment: 9.420115733500219e-15 Bohr magnetons
Energy: -11.946287149093509 eV
Magnetic moment: 9.420115733500219e-15 Bohr magnetons
Energy: -11.946287149093509 eV
Magnetic moment: 9.420115733500219e-15 Bohr magnetons
Energy: -11.946287149093509 eV
Magnetic moment: 9.420115733500219e-15 Bohr magnetons
Energy: -11.946287149093509 eV
Magnetic moment: 9.420115733500219e-15 Bohr magnetons
Energy: -11.946287149093509 eV
Magnetic moment: 9.420115733500219e-15 Bohr magnetons
Energy: -11.946287149093509 eV
Magnetic moment: 9.420115733500219e-15 Bohr magnetons
Energy: -11.946287149093509 eV
Magnetic moment: 9.420115733500219e-15 Bohr magnetons
Energy: -11.946287149093509 eV
Magnetic moment: 9.420115733500219e-15 Bohr magnetons
Energy: -11.946287149093509 eV
Magnetic moment: 9.420115733500219e-15 Bohr magnetons
Energy: -11.946287149093509 eV
Magnetic moment: 9.420115733500219e-15 Bohr magnetons
Calculating q=[0.26190476 0.26190476 0.        ]
Calculating q=[0.26190476 0.26190476 0.        ]
Calculating q=[0.26190476 0.26190476 0.        ]
Calculating q=[0.26190476 0.26190476 0.        ]
Calculating q=[0.26190476 0.26190476 0.        ]
Calculating q=[0.26190476 0.26190476 0.        ]
Calculating q=[0.26190476 0.26190476 0.        ]
Calculating q=[0.26190476 0.26190476 0.        ]
Calculating q=[0.26190476 0.26190476 0.        ]
Calculating q=[0.26190476 0.26190476 0.        ]
Calculating q=[0.26190476 0.26190476 0.        ]
Calculating q=[0.26190476 0.26190476 0.        ]
Energy: -11.949920161661659 eV
Magnetic moment: -5.055941997155218e-15 Bohr magnetons
Energy: -11.949920161661659 eV
Magnetic moment: -5.055941997155218e-15 Bohr magnetons
Energy: -11.949920161661659 eV
Magnetic moment: -5.055941997155218e-15 Bohr magnetons
Energy: -11.949920161661659 eV
Magnetic moment: -5.055941997155218e-15 Bohr magnetons
Energy: -11.949920161661659 eV
Magnetic moment: -5.055941997155218e-15 Bohr magnetons
Energy: -11.949920161661659 eV
Magnetic moment: -5.055941997155218e-15 Bohr magnetons
Energy: -11.949920161661659 eV
Magnetic moment: -5.055941997155218e-15 Bohr magnetons
Energy: -11.949920161661659 eV
Magnetic moment: -5.055941997155218e-15 Bohr magnetons
Energy: -11.949920161661659 eV
Magnetic moment: -5.055941997155218e-15 Bohr magnetons
Energy: -11.949920161661659 eV
Magnetic moment: -5.055941997155218e-15 Bohr magnetons
Energy: -11.949920161661659 eV
Magnetic moment: -5.055941997155218e-15 Bohr magnetons
Energy: -11.949920161661659 eV
Magnetic moment: -5.055941997155218e-15 Bohr magnetons
Calculating q=[0.23809524 0.23809524 0.        ]
Calculating q=[0.23809524 0.23809524 0.        ]
Calculating q=[0.23809524 0.23809524 0.        ]
Calculating q=[0.23809524 0.23809524 0.        ]
Calculating q=[0.23809524 0.23809524 0.        ]
Calculating q=[0.23809524 0.23809524 0.        ]
Calculating q=[0.23809524 0.23809524 0.        ]
Calculating q=[0.23809524 0.23809524 0.        ]
Calculating q=[0.23809524 0.23809524 0.        ]
Calculating q=[0.23809524 0.23809524 0.        ]
Calculating q=[0.23809524 0.23809524 0.        ]
Calculating q=[0.23809524 0.23809524 0.        ]
Energy: -11.947556812525766 eV
Magnetic moment: 2.4331842667074683e-14 Bohr magnetons
Energy: -11.947556812525766 eV
Magnetic moment: 2.4331842667074683e-14 Bohr magnetons
Energy: -11.947556812525766 eV
Magnetic moment: 2.4331842667074683e-14 Bohr magnetons
Energy: -11.947556812525766 eV
Magnetic moment: 2.4331842667074683e-14 Bohr magnetons
Energy: -11.947556812525766 eV
Magnetic moment: 2.4331842667074683e-14 Bohr magnetons
Energy: -11.947556812525766 eV
Magnetic moment: 2.4331842667074683e-14 Bohr magnetons
Energy: -11.947556812525766 eV
Magnetic moment: 2.4331842667074683e-14 Bohr magnetons
Energy: -11.947556812525766 eV
Magnetic moment: 2.4331842667074683e-14 Bohr magnetons
Energy: -11.947556812525766 eV
Magnetic moment: 2.4331842667074683e-14 Bohr magnetons
Energy: -11.947556812525766 eV
Magnetic moment: 2.4331842667074683e-14 Bohr magnetons
Energy: -11.947556812525766 eV
Magnetic moment: 2.4331842667074683e-14 Bohr magnetons
Energy: -11.947556812525766 eV
Magnetic moment: 2.4331842667074683e-14 Bohr magnetons
Calculating q=[0.21428571 0.21428571 0.        ]
Calculating q=[0.21428571 0.21428571 0.        ]
Calculating q=[0.21428571 0.21428571 0.        ]
Calculating q=[0.21428571 0.21428571 0.        ]
Calculating q=[0.21428571 0.21428571 0.        ]
Calculating q=[0.21428571 0.21428571 0.        ]
Calculating q=[0.21428571 0.21428571 0.        ]
Calculating q=[0.21428571 0.21428571 0.        ]
Calculating q=[0.21428571 0.21428571 0.        ]
Calculating q=[0.21428571 0.21428571 0.        ]
Calculating q=[0.21428571 0.21428571 0.        ]
Calculating q=[0.21428571 0.21428571 0.        ]
Energy: -11.94641199799594 eV
Magnetic moment: 1.0589696044313955e-13 Bohr magnetons
Energy: -11.94641199799594 eV
Magnetic moment: 1.0589696044313955e-13 Bohr magnetons
Energy: -11.94641199799594 eV
Magnetic moment: 1.0589696044313955e-13 Bohr magnetons
Energy: -11.94641199799594 eV
Magnetic moment: 1.0589696044313955e-13 Bohr magnetons
Energy: -11.94641199799594 eV
Magnetic moment: 1.0589696044313955e-13 Bohr magnetons
Energy: -11.94641199799594 eV
Magnetic moment: 1.0589696044313955e-13 Bohr magnetons
Energy: -11.94641199799594 eV
Magnetic moment: 1.0589696044313955e-13 Bohr magnetons
Energy: -11.94641199799594 eV
Magnetic moment: 1.0589696044313955e-13 Bohr magnetons
Energy: -11.94641199799594 eV
Magnetic moment: 1.0589696044313955e-13 Bohr magnetons
Energy: -11.94641199799594 eV
Magnetic moment: 1.0589696044313955e-13 Bohr magnetons
Energy: -11.94641199799594 eV
Magnetic moment: 1.0589696044313955e-13 Bohr magnetons
Energy: -11.94641199799594 eV
Magnetic moment: 1.0589696044313955e-13 Bohr magnetons
Calculating q=[0.19047619 0.19047619 0.        ]
Calculating q=[0.19047619 0.19047619 0.        ]
Calculating q=[0.19047619 0.19047619 0.        ]
Calculating q=[0.19047619 0.19047619 0.        ]
Calculating q=[0.19047619 0.19047619 0.        ]
Calculating q=[0.19047619 0.19047619 0.        ]
Calculating q=[0.19047619 0.19047619 0.        ]
Calculating q=[0.19047619 0.19047619 0.        ]
Calculating q=[0.19047619 0.19047619 0.        ]
Calculating q=[0.19047619 0.19047619 0.        ]
Calculating q=[0.19047619 0.19047619 0.        ]
Calculating q=[0.19047619 0.19047619 0.        ]
Energy: -11.947994224006946 eV
Magnetic moment: 4.837963747711916e-15 Bohr magnetons
Energy: -11.947994224006946 eV
Magnetic moment: 4.837963747711916e-15 Bohr magnetons
Energy: -11.947994224006946 eV
Magnetic moment: 4.837963747711916e-15 Bohr magnetons
Energy: -11.947994224006946 eV
Magnetic moment: 4.837963747711916e-15 Bohr magnetons
Energy: -11.947994224006946 eV
Magnetic moment: 4.837963747711916e-15 Bohr magnetons
Energy: -11.947994224006946 eV
Magnetic moment: 4.837963747711916e-15 Bohr magnetons
Energy: -11.947994224006946 eV
Magnetic moment: 4.837963747711916e-15 Bohr magnetons
Energy: -11.947994224006946 eV
Magnetic moment: 4.837963747711916e-15 Bohr magnetons
Energy: -11.947994224006946 eV
Magnetic moment: 4.837963747711916e-15 Bohr magnetons
Energy: -11.947994224006946 eV
Magnetic moment: 4.837963747711916e-15 Bohr magnetons
Energy: -11.947994224006946 eV
Magnetic moment: 4.837963747711916e-15 Bohr magnetons
Energy: -11.947994224006946 eV
Magnetic moment: 4.837963747711916e-15 Bohr magnetons
Calculating q=[0.16666667 0.16666667 0.        ]
Calculating q=[0.16666667 0.16666667 0.        ]
Calculating q=[0.16666667 0.16666667 0.        ]
Calculating q=[0.16666667 0.16666667 0.        ]
Calculating q=[0.16666667 0.16666667 0.        ]
Calculating q=[0.16666667 0.16666667 0.        ]
Calculating q=[0.16666667 0.16666667 0.        ]
Calculating q=[0.16666667 0.16666667 0.        ]
Calculating q=[0.16666667 0.16666667 0.        ]
Calculating q=[0.16666667 0.16666667 0.        ]
Calculating q=[0.16666667 0.16666667 0.        ]
Calculating q=[0.16666667 0.16666667 0.        ]
Energy: -11.946327849820962 eV
Magnetic moment: -7.340719764516249e-15 Bohr magnetons
Energy: -11.946327849820962 eV
Magnetic moment: -7.340719764516249e-15 Bohr magnetons
Energy: -11.946327849820962 eV
Magnetic moment: -7.340719764516249e-15 Bohr magnetons
Energy: -11.946327849820962 eV
Magnetic moment: -7.340719764516249e-15 Bohr magnetons
Energy: -11.946327849820962 eV
Magnetic moment: -7.340719764516249e-15 Bohr magnetons
Energy: -11.946327849820962 eV
Magnetic moment: -7.340719764516249e-15 Bohr magnetons
Energy: -11.946327849820962 eV
Magnetic moment: -7.340719764516249e-15 Bohr magnetons
Energy: -11.946327849820962 eV
Magnetic moment: -7.340719764516249e-15 Bohr magnetons
Energy: -11.946327849820962 eV
Magnetic moment: -7.340719764516249e-15 Bohr magnetons
Energy: -11.946327849820962 eV
Magnetic moment: -7.340719764516249e-15 Bohr magnetons
Energy: -11.946327849820962 eV
Magnetic moment: -7.340719764516249e-15 Bohr magnetons
Energy: -11.946327849820962 eV
Magnetic moment: -7.340719764516249e-15 Bohr magnetons
Calculating q=[0.14285714 0.14285714 0.        ]
Calculating q=[0.14285714 0.14285714 0.        ]
Calculating q=[0.14285714 0.14285714 0.        ]
Calculating q=[0.14285714 0.14285714 0.        ]
Calculating q=[0.14285714 0.14285714 0.        ]
Calculating q=[0.14285714 0.14285714 0.        ]
Calculating q=[0.14285714 0.14285714 0.        ]
Calculating q=[0.14285714 0.14285714 0.        ]
Calculating q=[0.14285714 0.14285714 0.        ]
Calculating q=[0.14285714 0.14285714 0.        ]
Calculating q=[0.14285714 0.14285714 0.        ]
Calculating q=[0.14285714 0.14285714 0.        ]
Energy: -11.946821654689563 eV
Magnetic moment: -1.5956425752149438e-14 Bohr magnetons
Energy: -11.946821654689563 eV
Magnetic moment: -1.5956425752149438e-14 Bohr magnetons
Energy: -11.946821654689563 eV
Magnetic moment: -1.5956425752149438e-14 Bohr magnetons
Energy: -11.946821654689563 eV
Magnetic moment: -1.5956425752149438e-14 Bohr magnetons
Energy: -11.946821654689563 eV
Magnetic moment: -1.5956425752149438e-14 Bohr magnetons
Energy: -11.946821654689563 eV
Magnetic moment: -1.5956425752149438e-14 Bohr magnetons
Energy: -11.946821654689563 eV
Magnetic moment: -1.5956425752149438e-14 Bohr magnetons
Energy: -11.946821654689563 eV
Magnetic moment: -1.5956425752149438e-14 Bohr magnetons
Energy: -11.946821654689563 eV
Magnetic moment: -1.5956425752149438e-14 Bohr magnetons
Energy: -11.946821654689563 eV
Magnetic moment: -1.5956425752149438e-14 Bohr magnetons
Energy: -11.946821654689563 eV
Magnetic moment: -1.5956425752149438e-14 Bohr magnetons
Energy: -11.946821654689563 eV
Magnetic moment: -1.5956425752149438e-14 Bohr magnetons
Calculating q=[0.11904762 0.11904762 0.        ]
Calculating q=[0.11904762 0.11904762 0.        ]
Calculating q=[0.11904762 0.11904762 0.        ]
Calculating q=[0.11904762 0.11904762 0.        ]
Calculating q=[0.11904762 0.11904762 0.        ]
Calculating q=[0.11904762 0.11904762 0.        ]
Calculating q=[0.11904762 0.11904762 0.        ]
Calculating q=[0.11904762 0.11904762 0.        ]
Calculating q=[0.11904762 0.11904762 0.        ]
Calculating q=[0.11904762 0.11904762 0.        ]
Calculating q=[0.11904762 0.11904762 0.        ]
Calculating q=[0.11904762 0.11904762 0.        ]
Energy: -11.94640511252779 eV
Magnetic moment: -4.491377966520836e-15 Bohr magnetons
Energy: -11.94640511252779 eV
Magnetic moment: -4.491377966520836e-15 Bohr magnetons
Energy: -11.94640511252779 eV
Magnetic moment: -4.491377966520836e-15 Bohr magnetons
Energy: -11.94640511252779 eV
Magnetic moment: -4.491377966520836e-15 Bohr magnetons
Energy: -11.94640511252779 eV
Magnetic moment: -4.491377966520836e-15 Bohr magnetons
Energy: -11.94640511252779 eV
Magnetic moment: -4.491377966520836e-15 Bohr magnetons
Energy: -11.94640511252779 eV
Magnetic moment: -4.491377966520836e-15 Bohr magnetons
Energy: -11.94640511252779 eV
Magnetic moment: -4.491377966520836e-15 Bohr magnetons
Energy: -11.94640511252779 eV
Magnetic moment: -4.491377966520836e-15 Bohr magnetons
Energy: -11.94640511252779 eV
Magnetic moment: -4.491377966520836e-15 Bohr magnetons
Energy: -11.94640511252779 eV
Magnetic moment: -4.491377966520836e-15 Bohr magnetons
Energy: -11.94640511252779 eV
Magnetic moment: -4.491377966520836e-15 Bohr magnetons
Calculating q=[0.0952381 0.0952381 0.       ]
Calculating q=[0.0952381 0.0952381 0.       ]
Calculating q=[0.0952381 0.0952381 0.       ]
Calculating q=[0.0952381 0.0952381 0.       ]
Calculating q=[0.0952381 0.0952381 0.       ]
Calculating q=[0.0952381 0.0952381 0.       ]
Calculating q=[0.0952381 0.0952381 0.       ]
Calculating q=[0.0952381 0.0952381 0.       ]
Calculating q=[0.0952381 0.0952381 0.       ]
Calculating q=[0.0952381 0.0952381 0.       ]
Calculating q=[0.0952381 0.0952381 0.       ]
Calculating q=[0.0952381 0.0952381 0.       ]
Energy: -11.946524618404021 eV
Magnetic moment: -5.761287109042953e-15 Bohr magnetons
Energy: -11.946524618404021 eV
Magnetic moment: -5.761287109042953e-15 Bohr magnetons
Energy: -11.946524618404021 eV
Magnetic moment: -5.761287109042953e-15 Bohr magnetons
Energy: -11.946524618404021 eV
Magnetic moment: -5.761287109042953e-15 Bohr magnetons
Energy: -11.946524618404021 eV
Magnetic moment: -5.761287109042953e-15 Bohr magnetons
Energy: -11.946524618404021 eV
Magnetic moment: -5.761287109042953e-15 Bohr magnetons
Energy: -11.946524618404021 eV
Magnetic moment: -5.761287109042953e-15 Bohr magnetons
Energy: -11.946524618404021 eV
Magnetic moment: -5.761287109042953e-15 Bohr magnetons
Energy: -11.946524618404021 eV
Magnetic moment: -5.761287109042953e-15 Bohr magnetons
Energy: -11.946524618404021 eV
Magnetic moment: -5.761287109042953e-15 Bohr magnetons
Energy: -11.946524618404021 eV
Magnetic moment: -5.761287109042953e-15 Bohr magnetons
Energy: -11.946524618404021 eV
Magnetic moment: -5.761287109042953e-15 Bohr magnetons
Calculating q=[0.07142857 0.07142857 0.        ]
Calculating q=[0.07142857 0.07142857 0.        ]
Calculating q=[0.07142857 0.07142857 0.        ]
Calculating q=[0.07142857 0.07142857 0.        ]
Calculating q=[0.07142857 0.07142857 0.        ]
Calculating q=[0.07142857 0.07142857 0.        ]
Calculating q=[0.07142857 0.07142857 0.        ]
Calculating q=[0.07142857 0.07142857 0.        ]
Calculating q=[0.07142857 0.07142857 0.        ]
Calculating q=[0.07142857 0.07142857 0.        ]
Calculating q=[0.07142857 0.07142857 0.        ]
Calculating q=[0.07142857 0.07142857 0.        ]
Energy: -11.94808294700516 eV
Magnetic moment: -2.2090381719683873e-14 Bohr magnetons
Energy: -11.94808294700516 eV
Magnetic moment: -2.2090381719683873e-14 Bohr magnetons
Energy: -11.94808294700516 eV
Magnetic moment: -2.2090381719683873e-14 Bohr magnetons
Energy: -11.94808294700516 eV
Magnetic moment: -2.2090381719683873e-14 Bohr magnetons
Energy: -11.94808294700516 eV
Magnetic moment: -2.2090381719683873e-14 Bohr magnetons
Energy: -11.94808294700516 eV
Magnetic moment: -2.2090381719683873e-14 Bohr magnetons
Energy: -11.94808294700516 eV
Magnetic moment: -2.2090381719683873e-14 Bohr magnetons
Energy: -11.94808294700516 eV
Magnetic moment: -2.2090381719683873e-14 Bohr magnetons
Energy: -11.94808294700516 eV
Magnetic moment: -2.2090381719683873e-14 Bohr magnetons
Energy: -11.94808294700516 eV
Magnetic moment: -2.2090381719683873e-14 Bohr magnetons
Energy: -11.94808294700516 eV
Magnetic moment: -2.2090381719683873e-14 Bohr magnetons
Energy: -11.94808294700516 eV
Magnetic moment: -2.2090381719683873e-14 Bohr magnetons
Calculating q=[0.04761905 0.04761905 0.        ]
Calculating q=[0.04761905 0.04761905 0.        ]
Calculating q=[0.04761905 0.04761905 0.        ]
Calculating q=[0.04761905 0.04761905 0.        ]
Calculating q=[0.04761905 0.04761905 0.        ]
Calculating q=[0.04761905 0.04761905 0.        ]
Calculating q=[0.04761905 0.04761905 0.        ]
Calculating q=[0.04761905 0.04761905 0.        ]
Calculating q=[0.04761905 0.04761905 0.        ]
Calculating q=[0.04761905 0.04761905 0.        ]
Calculating q=[0.04761905 0.04761905 0.        ]
Calculating q=[0.04761905 0.04761905 0.        ]
Energy: -11.947543351670282 eV
Magnetic moment: -4.327737979589419e-15 Bohr magnetons
Energy: -11.947543351670282 eV
Magnetic moment: -4.327737979589419e-15 Bohr magnetons
Energy: -11.947543351670282 eV
Magnetic moment: -4.327737979589419e-15 Bohr magnetons
Energy: -11.947543351670282 eV
Magnetic moment: -4.327737979589419e-15 Bohr magnetons
Energy: -11.947543351670282 eV
Magnetic moment: -4.327737979589419e-15 Bohr magnetons
Energy: -11.947543351670282 eV
Magnetic moment: -4.327737979589419e-15 Bohr magnetons
Energy: -11.947543351670282 eV
Magnetic moment: -4.327737979589419e-15 Bohr magnetons
Energy: -11.947543351670282 eV
Magnetic moment: -4.327737979589419e-15 Bohr magnetons
Energy: -11.947543351670282 eV
Magnetic moment: -4.327737979589419e-15 Bohr magnetons
Energy: -11.947543351670282 eV
Magnetic moment: -4.327737979589419e-15 Bohr magnetons
Energy: -11.947543351670282 eV
Magnetic moment: -4.327737979589419e-15 Bohr magnetons
Energy: -11.947543351670282 eV
Magnetic moment: -4.327737979589419e-15 Bohr magnetons
Calculating q=[0.02380952 0.02380952 0.        ]
Calculating q=[0.02380952 0.02380952 0.        ]
Calculating q=[0.02380952 0.02380952 0.        ]
Calculating q=[0.02380952 0.02380952 0.        ]
Calculating q=[0.02380952 0.02380952 0.        ]
Calculating q=[0.02380952 0.02380952 0.        ]
Calculating q=[0.02380952 0.02380952 0.        ]
Calculating q=[0.02380952 0.02380952 0.        ]
Calculating q=[0.02380952 0.02380952 0.        ]
Calculating q=[0.02380952 0.02380952 0.        ]
Calculating q=[0.02380952 0.02380952 0.        ]
Calculating q=[0.02380952 0.02380952 0.        ]
Energy: -11.946781058855954 eV
Magnetic moment: -1.500885058831811e-14 Bohr magnetons
Energy: -11.946781058855954 eV
Magnetic moment: -1.500885058831811e-14 Bohr magnetons
Energy: -11.946781058855954 eV
Magnetic moment: -1.500885058831811e-14 Bohr magnetons
Energy: -11.946781058855954 eV
Magnetic moment: -1.500885058831811e-14 Bohr magnetons
Energy: -11.946781058855954 eV
Magnetic moment: -1.500885058831811e-14 Bohr magnetons
Energy: -11.946781058855954 eV
Magnetic moment: -1.500885058831811e-14 Bohr magnetons
Energy: -11.946781058855954 eV
Magnetic moment: -1.500885058831811e-14 Bohr magnetons
Energy: -11.946781058855954 eV
Magnetic moment: -1.500885058831811e-14 Bohr magnetons
Energy: -11.946781058855954 eV
Magnetic moment: -1.500885058831811e-14 Bohr magnetons
Energy: -11.946781058855954 eV
Magnetic moment: -1.500885058831811e-14 Bohr magnetons
Energy: -11.946781058855954 eV
Magnetic moment: -1.500885058831811e-14 Bohr magnetons
Energy: -11.946781058855954 eV
Magnetic moment: -1.500885058831811e-14 Bohr magnetons
Calculating q=[0. 0. 0.]
Calculating q=[0. 0. 0.]
Calculating q=[0. 0. 0.]
Calculating q=[0. 0. 0.]
Calculating q=[0. 0. 0.]
Calculating q=[0. 0. 0.]
Calculating q=[0. 0. 0.]
Calculating q=[0. 0. 0.]
Calculating q=[0. 0. 0.]
Calculating q=[0. 0. 0.]
Calculating q=[0. 0. 0.]
Calculating q=[0. 0. 0.]
Energy: -11.94404206182729 eV
Magnetic moment: -3.7352031835185065e-15 Bohr magnetons
Energy: -11.94404206182729 eV
Magnetic moment: -3.7352031835185065e-15 Bohr magnetons
Energy: -11.94404206182729 eV
Magnetic moment: -3.7352031835185065e-15 Bohr magnetons
Energy: -11.94404206182729 eV
Magnetic moment: -3.7352031835185065e-15 Bohr magnetons
Energy: -11.94404206182729 eV
Magnetic moment: -3.7352031835185065e-15 Bohr magnetons
Energy: -11.94404206182729 eV
Magnetic moment: -3.7352031835185065e-15 Bohr magnetons
Energy: -11.94404206182729 eV
Magnetic moment: -3.7352031835185065e-15 Bohr magnetons
Energy: -11.94404206182729 eV
Magnetic moment: -3.7352031835185065e-15 Bohr magnetons
Energy: -11.94404206182729 eV
Magnetic moment: -3.7352031835185065e-15 Bohr magnetons
Energy: -11.94404206182729 eV
Magnetic moment: -3.7352031835185065e-15 Bohr magnetons
Energy: -11.94404206182729 eV
Magnetic moment: -3.7352031835185065e-15 Bohr magnetons
Energy: -11.94404206182729 eV
Magnetic moment: -3.7352031835185065e-15 Bohr magnetons

------------------------------------------------------------
Sender: LSF System <lsfadmin@hpc.dtu.dk>
Subject: Job 21540941: <plot_1.py> in cluster <dcc> Done

Job <plot_1.py> was submitted from host <n-62-27-22> by user <s194113> in cluster <dcc> at Mon Apr 22 12:39:40 2024
Job was executed on host(s) <12*n-62-29-9>, in queue <hpc>, as user <s194113> in cluster <dcc> at Tue Apr 23 05:04:46 2024
</zhome/87/8/147075> was used as the home directory.
</zhome/87/8/147075/10302/10302_NM/NiI2/V_con> was used as the working directory.
Started at Tue Apr 23 05:04:46 2024
Terminated at Tue Apr 23 06:58:27 2024
Results reported at Tue Apr 23 06:58:27 2024

Your job looked like:

------------------------------------------------------------
# LSBATCH: User input
#!/bin/bash -l
id=$LSB_JOBID
mq=/zhome/87/8/147075/.myqueue/lsf-$id
source /zhome/87/8/147075/venv-name/bin/activate
echo "venv: /zhome/87/8/147075/venv-name/bin/activate"
(touch $mq-0 && \
 cd '/zhome/87/8/147075/10302/10302_NM/NiI2/V_con' && \
 mpiexec python3 plot_1.py && \
 touch $mq-1) || \
(touch $mq-2; exit 1)

------------------------------------------------------------

Successfully completed.

Resource usage summary:

    CPU time :                                   81755.55 sec.
    Max Memory :                                 6563 MB
    Average Memory :                             4541.44 MB
    Total Requested Memory :                     73728.00 MB
    Delta Memory :                               67165.00 MB
    Max Swap :                                   -
    Max Processes :                              17
    Max Threads :                                57
    Run time :                                   6894 sec.
    Turnaround time :                            65927 sec.

The output (if any) is above this job summary.



PS:

Read file </zhome/87/8/147075/10302/10302_NM/NiI2/V_con/plot_1.py.21540941.err> for stderr output of this job.

