venv: /zhome/87/8/147075/venv-name/bin/activate
[1715040787.436802] [n-62-29-13:24250:0]          ib_md.c:1063 UCX  WARN  IB: ibv_fork_init() was disabled or failed, yet a fork() has been issued.
[1715040787.437215] [n-62-29-13:24236:0]          ib_md.c:1063 UCX  WARN  IB: ibv_fork_init() was disabled or failed, yet a fork() has been issued.
[1715040787.437246] [n-62-29-13:24236:0]          ib_md.c:1064 UCX  WARN  IB: data corruption might occur when using registered memory.
[1715040787.437303] [n-62-29-13:24237:0]          ib_md.c:1063 UCX  WARN  IB: ibv_fork_init() was disabled or failed, yet a fork() has been issued.
[1715040787.437330] [n-62-29-13:24237:0]          ib_md.c:1064 UCX  WARN  IB: data corruption might occur when using registered memory.
[1715040787.437367] [n-62-29-13:24238:0]          ib_md.c:1063 UCX  WARN  IB: ibv_fork_init() was disabled or failed, yet a fork() has been issued.
[1715040787.437394] [n-62-29-13:24238:0]          ib_md.c:1064 UCX  WARN  IB: data corruption might occur when using registered memory.
[1715040787.437546] [n-62-29-13:24240:0]          ib_md.c:1063 UCX  WARN  IB: ibv_fork_init() was disabled or failed, yet a fork() has been issued.
[1715040787.437574] [n-62-29-13:24240:0]          ib_md.c:1064 UCX  WARN  IB: data corruption might occur when using registered memory.
[1715040787.437233] [n-62-29-13:24246:0]          ib_md.c:1063 UCX  WARN  IB: ibv_fork_init() was disabled or failed, yet a fork() has been issued.
[1715040787.437269] [n-62-29-13:24246:0]          ib_md.c:1064 UCX  WARN  IB: data corruption might occur when using registered memory.
[1715040787.436948] [n-62-29-13:24250:0]          ib_md.c:1064 UCX  WARN  IB: data corruption might occur when using registered memory.
[1715040787.437823] [n-62-29-13:24235:0]          ib_md.c:1063 UCX  WARN  IB: ibv_fork_init() was disabled or failed, yet a fork() has been issued.
[1715040787.437851] [n-62-29-13:24235:0]          ib_md.c:1064 UCX  WARN  IB: data corruption might occur when using registered memory.
[1715040787.437998] [n-62-29-13:24239:0]          ib_md.c:1063 UCX  WARN  IB: ibv_fork_init() was disabled or failed, yet a fork() has been issued.
[1715040787.438032] [n-62-29-13:24239:0]          ib_md.c:1064 UCX  WARN  IB: data corruption might occur when using registered memory.
[1715040787.437941] [n-62-29-13:24241:0]          ib_md.c:1063 UCX  WARN  IB: ibv_fork_init() was disabled or failed, yet a fork() has been issued.
[1715040787.437969] [n-62-29-13:24241:0]          ib_md.c:1064 UCX  WARN  IB: data corruption might occur when using registered memory.
[1715040787.437938] [n-62-29-13:24242:0]          ib_md.c:1063 UCX  WARN  IB: ibv_fork_init() was disabled or failed, yet a fork() has been issued.
[1715040787.437967] [n-62-29-13:24242:0]          ib_md.c:1064 UCX  WARN  IB: data corruption might occur when using registered memory.
[1715040787.438197] [n-62-29-13:24244:0]          ib_md.c:1063 UCX  WARN  IB: ibv_fork_init() was disabled or failed, yet a fork() has been issued.
[1715040787.438225] [n-62-29-13:24244:0]          ib_md.c:1064 UCX  WARN  IB: data corruption might occur when using registered memory.
[1715040787.438104] [n-62-29-13:24249:0]          ib_md.c:1063 UCX  WARN  IB: ibv_fork_init() was disabled or failed, yet a fork() has been issued.
[1715040787.438134] [n-62-29-13:24249:0]          ib_md.c:1064 UCX  WARN  IB: data corruption might occur when using registered memory.
[2.525535, -0.0, -0.0]
[2.525535, -0.0, -0.0]
[2.525535, -0.0, -0.0]
[2.525535, -0.0, -0.0]
[2.525535, -0.0, -0.0]
[2.525535, -0.0, -0.0]
[2.525535, -0.0, -0.0]
[2.525535, -0.0, -0.0]
[2.525535, -0.0, -0.0]
[2.525535, -0.0, -0.0]
[2.525535, -0.0, -0.0]
[2.525535, -0.0, -0.0]
Energy: -46.915091129923795 eV
Magnetic moment: -4.081710900283677e-12 Bohr magnetons
Energy: -46.915091129923795 eV
Magnetic moment: -4.081710900283677e-12 Bohr magnetons
Energy: -46.915091129923795 eV
Magnetic moment: -4.081710900283677e-12 Bohr magnetons
Energy: -46.915091129923795 eV
Magnetic moment: -4.081710900283677e-12 Bohr magnetons
Energy: -46.915091129923795 eV
Magnetic moment: -4.081710900283677e-12 Bohr magnetons
Energy: -46.915091129923795 eV
Magnetic moment: -4.081710900283677e-12 Bohr magnetons
Energy: -46.915091129923795 eV
Magnetic moment: -4.081710900283677e-12 Bohr magnetons
Energy: -46.915091129923795 eV
Magnetic moment: -4.081710900283677e-12 Bohr magnetons
Energy: -46.915091129923795 eV
Magnetic moment: -4.081710900283677e-12 Bohr magnetons
Energy: -46.915091129923795 eV
Magnetic moment: -4.081710900283677e-12 Bohr magnetons
Energy: -46.915091129923795 eV
Magnetic moment: -4.081710900283677e-12 Bohr magnetons
Energy: -46.915091129923795 eV
Magnetic moment: -4.081710900283677e-12 Bohr magnetons

------------------------------------------------------------
Sender: LSF System <lsfadmin@hpc.dtu.dk>
Subject: Job 21688301: <SC.py> in cluster <dcc> Done

Job <SC.py> was submitted from host <gbarlogin2> by user <s194113> in cluster <dcc> at Mon May  6 16:46:12 2024
Job was executed on host(s) <12*n-62-29-13>, in queue <hpc>, as user <s194113> in cluster <dcc> at Tue May  7 02:13:03 2024
</zhome/87/8/147075> was used as the home directory.
</work3/s194113/10302/10302_NM/VBr2_Supercell> was used as the working directory.
Started at Tue May  7 02:13:03 2024
Terminated at Tue May  7 02:36:16 2024
Results reported at Tue May  7 02:36:16 2024

Your job looked like:

------------------------------------------------------------
# LSBATCH: User input
#!/bin/bash -l
id=$LSB_JOBID
mq=/work3/s194113/10302/10302_NM/.myqueue/lsf-$id
source /zhome/87/8/147075/venv-name/bin/activate
echo "venv: /zhome/87/8/147075/venv-name/bin/activate"
(touch $mq-0 && \
 cd '/work3/s194113/10302/10302_NM/VBr2_Supercell' && \
 mpiexec python3 SC.py && \
 touch $mq-1) || \
(touch $mq-2; exit 1)

------------------------------------------------------------

Successfully completed.

Resource usage summary:

    CPU time :                                   16658.95 sec.
    Max Memory :                                 9511 MB
    Average Memory :                             7835.46 MB
    Total Requested Memory :                     73728.00 MB
    Delta Memory :                               64217.00 MB
    Max Swap :                                   -
    Max Processes :                              17
    Max Threads :                                57
    Run time :                                   1407 sec.
    Turnaround time :                            35404 sec.

The output (if any) is above this job summary.



PS:

Read file </work3/s194113/10302/10302_NM/VBr2_Supercell/SC.py.21688301.err> for stderr output of this job.

