venv: /zhome/87/8/147075/venv-name/bin/activate
[1714720574.055683] [n-62-28-31:5975 :0]          ib_md.c:1063 UCX  WARN  IB: ibv_fork_init() was disabled or failed, yet a fork() has been issued.
[1714720574.055694] [n-62-28-31:5976 :0]          ib_md.c:1063 UCX  WARN  IB: ibv_fork_init() was disabled or failed, yet a fork() has been issued.
[1714720574.055721] [n-62-28-31:5976 :0]          ib_md.c:1064 UCX  WARN  IB: data corruption might occur when using registered memory.
[1714720574.055716] [n-62-28-31:5981 :0]          ib_md.c:1063 UCX  WARN  IB: ibv_fork_init() was disabled or failed, yet a fork() has been issued.
[1714720574.055750] [n-62-28-31:5981 :0]          ib_md.c:1064 UCX  WARN  IB: data corruption might occur when using registered memory.
[1714720574.055688] [n-62-28-31:5982 :0]          ib_md.c:1063 UCX  WARN  IB: ibv_fork_init() was disabled or failed, yet a fork() has been issued.
[1714720574.055720] [n-62-28-31:5982 :0]          ib_md.c:1064 UCX  WARN  IB: data corruption might occur when using registered memory.
[1714720574.055689] [n-62-28-31:5983 :0]          ib_md.c:1063 UCX  WARN  IB: ibv_fork_init() was disabled or failed, yet a fork() has been issued.
[1714720574.055726] [n-62-28-31:5983 :0]          ib_md.c:1064 UCX  WARN  IB: data corruption might occur when using registered memory.
[1714720574.055717] [n-62-28-31:5986 :0]          ib_md.c:1063 UCX  WARN  IB: ibv_fork_init() was disabled or failed, yet a fork() has been issued.
[1714720574.055752] [n-62-28-31:5986 :0]          ib_md.c:1064 UCX  WARN  IB: data corruption might occur when using registered memory.
[1714720574.055754] [n-62-28-31:5977 :0]          ib_md.c:1063 UCX  WARN  IB: ibv_fork_init() was disabled or failed, yet a fork() has been issued.
[1714720574.055781] [n-62-28-31:5977 :0]          ib_md.c:1064 UCX  WARN  IB: data corruption might occur when using registered memory.
[1714720574.055735] [n-62-28-31:5978 :0]          ib_md.c:1063 UCX  WARN  IB: ibv_fork_init() was disabled or failed, yet a fork() has been issued.
[1714720574.055768] [n-62-28-31:5978 :0]          ib_md.c:1064 UCX  WARN  IB: data corruption might occur when using registered memory.
[1714720574.055753] [n-62-28-31:5979 :0]          ib_md.c:1063 UCX  WARN  IB: ibv_fork_init() was disabled or failed, yet a fork() has been issued.
[1714720574.055778] [n-62-28-31:5979 :0]          ib_md.c:1064 UCX  WARN  IB: data corruption might occur when using registered memory.
[1714720574.055745] [n-62-28-31:5980 :0]          ib_md.c:1063 UCX  WARN  IB: ibv_fork_init() was disabled or failed, yet a fork() has been issued.
[1714720574.055770] [n-62-28-31:5980 :0]          ib_md.c:1064 UCX  WARN  IB: data corruption might occur when using registered memory.
[1714720574.055741] [n-62-28-31:5984 :0]          ib_md.c:1063 UCX  WARN  IB: ibv_fork_init() was disabled or failed, yet a fork() has been issued.
[1714720574.055770] [n-62-28-31:5984 :0]          ib_md.c:1064 UCX  WARN  IB: data corruption might occur when using registered memory.
[1714720574.055727] [n-62-28-31:5985 :0]          ib_md.c:1063 UCX  WARN  IB: ibv_fork_init() was disabled or failed, yet a fork() has been issued.
[1714720574.055756] [n-62-28-31:5985 :0]          ib_md.c:1064 UCX  WARN  IB: data corruption might occur when using registered memory.
[1714720574.055760] [n-62-28-31:5975 :0]          ib_md.c:1064 UCX  WARN  IB: data corruption might occur when using registered memory.

------------------------------------------------------------
Sender: LSF System <lsfadmin@hpc.dtu.dk>
Subject: Job 21673008: <soc.py> in cluster <dcc> Exited

Job <soc.py> was submitted from host <n-62-30-1> by user <s194113> in cluster <dcc> at Fri May  3 09:06:30 2024
Job was executed on host(s) <12*n-62-28-31>, in queue <hpc>, as user <s194113> in cluster <dcc> at Fri May  3 09:16:08 2024
</zhome/87/8/147075> was used as the home directory.
</work3/s194113/10302/10302_NM/VBr2_Supercell> was used as the working directory.
Started at Fri May  3 09:16:08 2024
Terminated at Fri May  3 09:16:31 2024
Results reported at Fri May  3 09:16:31 2024

Your job looked like:

------------------------------------------------------------
# LSBATCH: User input
#!/bin/bash -l
id=$LSB_JOBID
mq=/work3/s194113/10302/10302_NM/.myqueue/lsf-$id
source /zhome/87/8/147075/venv-name/bin/activate
echo "venv: /zhome/87/8/147075/venv-name/bin/activate"
(touch $mq-0 && \
 cd '/work3/s194113/10302/10302_NM/VBr2_Supercell' && \
 mpiexec python3 soc.py && \
 touch $mq-1) || \
(touch $mq-2; exit 1)

------------------------------------------------------------

Exited with exit code 1.

Resource usage summary:

    CPU time :                                   120.00 sec.
    Max Memory :                                 1428 MB
    Average Memory :                             1428.00 MB
    Total Requested Memory :                     73728.00 MB
    Delta Memory :                               72300.00 MB
    Max Swap :                                   -
    Max Processes :                              17
    Max Threads :                                57
    Run time :                                   23 sec.
    Turnaround time :                            601 sec.

The output (if any) is above this job summary.



PS:

Read file </work3/s194113/10302/10302_NM/VBr2_Supercell/soc.py.21673008.err> for stderr output of this job.

