venv: /zhome/87/8/147075/venv-name/bin/activate
[1714639289.223867] [n-62-28-18:25698:0]          ib_md.c:1063 UCX  WARN  IB: ibv_fork_init() was disabled or failed, yet a fork() has been issued.
[1714639289.223901] [n-62-28-18:25698:0]          ib_md.c:1064 UCX  WARN  IB: data corruption might occur when using registered memory.
[1714639289.223833] [n-62-28-18:25700:0]          ib_md.c:1063 UCX  WARN  IB: ibv_fork_init() was disabled or failed, yet a fork() has been issued.
[1714639289.223868] [n-62-28-18:25700:0]          ib_md.c:1064 UCX  WARN  IB: data corruption might occur when using registered memory.
[1714639289.223844] [n-62-28-18:25701:0]          ib_md.c:1063 UCX  WARN  IB: ibv_fork_init() was disabled or failed, yet a fork() has been issued.
[1714639289.223884] [n-62-28-18:25701:0]          ib_md.c:1064 UCX  WARN  IB: data corruption might occur when using registered memory.
[1714639289.223824] [n-62-28-18:25702:0]          ib_md.c:1063 UCX  WARN  IB: ibv_fork_init() was disabled or failed, yet a fork() has been issued.
[1714639289.223846] [n-62-28-18:25703:0]          ib_md.c:1063 UCX  WARN  IB: ibv_fork_init() was disabled or failed, yet a fork() has been issued.
[1714639289.223885] [n-62-28-18:25703:0]          ib_md.c:1064 UCX  WARN  IB: data corruption might occur when using registered memory.
[1714639289.223857] [n-62-28-18:25706:0]          ib_md.c:1063 UCX  WARN  IB: ibv_fork_init() was disabled or failed, yet a fork() has been issued.
[1714639289.223898] [n-62-28-18:25706:0]          ib_md.c:1064 UCX  WARN  IB: data corruption might occur when using registered memory.
[1714639289.223824] [n-62-28-18:25709:0]          ib_md.c:1063 UCX  WARN  IB: ibv_fork_init() was disabled or failed, yet a fork() has been issued.
[1714639289.223867] [n-62-28-18:25709:0]          ib_md.c:1064 UCX  WARN  IB: data corruption might occur when using registered memory.
[1714639289.223862] [n-62-28-18:25711:0]          ib_md.c:1063 UCX  WARN  IB: ibv_fork_init() was disabled or failed, yet a fork() has been issued.
[1714639289.223910] [n-62-28-18:25711:0]          ib_md.c:1064 UCX  WARN  IB: data corruption might occur when using registered memory.
[1714639289.223895] [n-62-28-18:25699:0]          ib_md.c:1063 UCX  WARN  IB: ibv_fork_init() was disabled or failed, yet a fork() has been issued.
[1714639289.223933] [n-62-28-18:25699:0]          ib_md.c:1064 UCX  WARN  IB: data corruption might occur when using registered memory.
[1714639289.223893] [n-62-28-18:25704:0]          ib_md.c:1063 UCX  WARN  IB: ibv_fork_init() was disabled or failed, yet a fork() has been issued.
[1714639289.223933] [n-62-28-18:25704:0]          ib_md.c:1064 UCX  WARN  IB: data corruption might occur when using registered memory.
[1714639289.223899] [n-62-28-18:25710:0]          ib_md.c:1063 UCX  WARN  IB: ibv_fork_init() was disabled or failed, yet a fork() has been issued.
[1714639289.223938] [n-62-28-18:25710:0]          ib_md.c:1064 UCX  WARN  IB: data corruption might occur when using registered memory.
[1714639289.223898] [n-62-28-18:25713:0]          ib_md.c:1063 UCX  WARN  IB: ibv_fork_init() was disabled or failed, yet a fork() has been issued.
[1714639289.223937] [n-62-28-18:25713:0]          ib_md.c:1064 UCX  WARN  IB: data corruption might occur when using registered memory.
[1714639289.224112] [n-62-28-18:25702:0]          ib_md.c:1064 UCX  WARN  IB: data corruption might occur when using registered memory.

------------------------------------------------------------
Sender: LSF System <lsfadmin@hpc.dtu.dk>
Subject: Job 21668570: <soc.py> in cluster <dcc> Exited

Job <soc.py> was submitted from host <n-62-30-5> by user <s194113> in cluster <dcc> at Thu May  2 10:41:23 2024
Job was executed on host(s) <12*n-62-28-18>, in queue <hpc>, as user <s194113> in cluster <dcc> at Thu May  2 10:41:23 2024
</zhome/87/8/147075> was used as the home directory.
</work3/s194113/10302/10302_NM/VBr2_Supercell> was used as the working directory.
Started at Thu May  2 10:41:23 2024
Terminated at Thu May  2 10:41:46 2024
Results reported at Thu May  2 10:41:46 2024

Your job looked like:

------------------------------------------------------------
# LSBATCH: User input
#!/bin/bash -l
id=$LSB_JOBID
mq=/work3/s194113/10302/10302_NM/.myqueue/lsf-$id
source /zhome/87/8/147075/venv-name/bin/activate
echo "venv: /zhome/87/8/147075/venv-name/bin/activate"
(touch $mq-0 && \
 cd '/work3/s194113/10302/10302_NM/VBr2_Supercell' && \
 mpiexec python3 soc.py && \
 touch $mq-1) || \
(touch $mq-2; exit 1)

------------------------------------------------------------

Exited with exit code 1.

Resource usage summary:

    CPU time :                                   123.00 sec.
    Max Memory :                                 1404 MB
    Average Memory :                             1404.00 MB
    Total Requested Memory :                     73728.00 MB
    Delta Memory :                               72324.00 MB
    Max Swap :                                   -
    Max Processes :                              17
    Max Threads :                                57
    Run time :                                   102 sec.
    Turnaround time :                            23 sec.

The output (if any) is above this job summary.



PS:

Read file </work3/s194113/10302/10302_NM/VBr2_Supercell/soc.py.21668570.err> for stderr output of this job.

