venv: /zhome/87/8/147075/venv-name/bin/activate
[1714726455.255079] [n-62-28-22:18442:0]          ib_md.c:1063 UCX  WARN  IB: ibv_fork_init() was disabled or failed, yet a fork() has been issued.
[1714726455.255113] [n-62-28-22:18442:0]          ib_md.c:1064 UCX  WARN  IB: data corruption might occur when using registered memory.
[1714726455.255165] [n-62-28-22:18432:0]          ib_md.c:1063 UCX  WARN  IB: ibv_fork_init() was disabled or failed, yet a fork() has been issued.
[1714726455.255163] [n-62-28-22:18439:0]          ib_md.c:1063 UCX  WARN  IB: ibv_fork_init() was disabled or failed, yet a fork() has been issued.
[1714726455.255199] [n-62-28-22:18439:0]          ib_md.c:1064 UCX  WARN  IB: data corruption might occur when using registered memory.
[1714726455.255747] [n-62-28-22:18431:0]          ib_md.c:1063 UCX  WARN  IB: ibv_fork_init() was disabled or failed, yet a fork() has been issued.
[1714726455.255787] [n-62-28-22:18431:0]          ib_md.c:1064 UCX  WARN  IB: data corruption might occur when using registered memory.
[1714726455.255533] [n-62-28-22:18433:0]          ib_md.c:1063 UCX  WARN  IB: ibv_fork_init() was disabled or failed, yet a fork() has been issued.
[1714726455.255562] [n-62-28-22:18433:0]          ib_md.c:1064 UCX  WARN  IB: data corruption might occur when using registered memory.
[1714726455.255680] [n-62-28-22:18434:0]          ib_md.c:1063 UCX  WARN  IB: ibv_fork_init() was disabled or failed, yet a fork() has been issued.
[1714726455.255716] [n-62-28-22:18434:0]          ib_md.c:1064 UCX  WARN  IB: data corruption might occur when using registered memory.
[1714726455.255294] [n-62-28-22:18435:0]          ib_md.c:1063 UCX  WARN  IB: ibv_fork_init() was disabled or failed, yet a fork() has been issued.
[1714726455.255332] [n-62-28-22:18435:0]          ib_md.c:1064 UCX  WARN  IB: data corruption might occur when using registered memory.
[1714726455.255525] [n-62-28-22:18436:0]          ib_md.c:1063 UCX  WARN  IB: ibv_fork_init() was disabled or failed, yet a fork() has been issued.
[1714726455.255554] [n-62-28-22:18436:0]          ib_md.c:1064 UCX  WARN  IB: data corruption might occur when using registered memory.
[1714726455.255361] [n-62-28-22:18437:0]          ib_md.c:1063 UCX  WARN  IB: ibv_fork_init() was disabled or failed, yet a fork() has been issued.
[1714726455.255392] [n-62-28-22:18437:0]          ib_md.c:1064 UCX  WARN  IB: data corruption might occur when using registered memory.
[1714726455.256233] [n-62-28-22:18438:0]          ib_md.c:1063 UCX  WARN  IB: ibv_fork_init() was disabled or failed, yet a fork() has been issued.
[1714726455.256274] [n-62-28-22:18438:0]          ib_md.c:1064 UCX  WARN  IB: data corruption might occur when using registered memory.
[1714726455.255301] [n-62-28-22:18432:0]          ib_md.c:1064 UCX  WARN  IB: data corruption might occur when using registered memory.
[1714726455.255215] [n-62-28-22:18440:0]          ib_md.c:1063 UCX  WARN  IB: ibv_fork_init() was disabled or failed, yet a fork() has been issued.
[1714726455.255255] [n-62-28-22:18440:0]          ib_md.c:1064 UCX  WARN  IB: data corruption might occur when using registered memory.
[1714726455.255748] [n-62-28-22:18441:0]          ib_md.c:1063 UCX  WARN  IB: ibv_fork_init() was disabled or failed, yet a fork() has been issued.
[1714726455.255787] [n-62-28-22:18441:0]          ib_md.c:1064 UCX  WARN  IB: data corruption might occur when using registered memory.
0.0 0.0
0.0 0.0
0.0 0.0
0.0 0.0
0.0 0.0
0.0 0.0
0.0 0.0
0.0 0.0
0.0 0.0
0.0 0.0
0.0 0.0
0.0 0.0

------------------------------------------------------------
Sender: LSF System <lsfadmin@hpc.dtu.dk>
Subject: Job 21673532: <soc.py> in cluster <dcc> Exited

Job <soc.py> was submitted from host <n-62-27-19> by user <s194113> in cluster <dcc> at Fri May  3 10:54:11 2024
Job was executed on host(s) <12*n-62-28-22>, in queue <hpc>, as user <s194113> in cluster <dcc> at Fri May  3 10:54:12 2024
</zhome/87/8/147075> was used as the home directory.
</work3/s194113/10302/10302_NM/VBr2_Supercell> was used as the working directory.
Started at Fri May  3 10:54:12 2024
Terminated at Fri May  3 10:54:31 2024
Results reported at Fri May  3 10:54:31 2024

Your job looked like:

------------------------------------------------------------
# LSBATCH: User input
#!/bin/bash -l
id=$LSB_JOBID
mq=/work3/s194113/10302/10302_NM/.myqueue/lsf-$id
source /zhome/87/8/147075/venv-name/bin/activate
echo "venv: /zhome/87/8/147075/venv-name/bin/activate"
(touch $mq-0 && \
 cd '/work3/s194113/10302/10302_NM/VBr2_Supercell' && \
 mpiexec python3 soc.py && \
 touch $mq-1) || \
(touch $mq-2; exit 1)

------------------------------------------------------------

Exited with exit code 1.

Resource usage summary:

    CPU time :                                   116.00 sec.
    Max Memory :                                 1408 MB
    Average Memory :                             1408.00 MB
    Total Requested Memory :                     73728.00 MB
    Delta Memory :                               72320.00 MB
    Max Swap :                                   -
    Max Processes :                              17
    Max Threads :                                57
    Run time :                                   40 sec.
    Turnaround time :                            20 sec.

The output (if any) is above this job summary.



PS:

Read file </work3/s194113/10302/10302_NM/VBr2_Supercell/soc.py.21673532.err> for stderr output of this job.

