venv: /zhome/87/8/147075/venv-name/bin/activate
[1715681750.732534] [n-62-28-17:29911:0]          ib_md.c:1063 UCX  WARN  IB: ibv_fork_init() was disabled or failed, yet a fork() has been issued.
[1715681750.732570] [n-62-28-17:29911:0]          ib_md.c:1064 UCX  WARN  IB: data corruption might occur when using registered memory.
[1715681750.732546] [n-62-28-17:29915:0]          ib_md.c:1063 UCX  WARN  IB: ibv_fork_init() was disabled or failed, yet a fork() has been issued.
[1715681750.732579] [n-62-28-17:29915:0]          ib_md.c:1064 UCX  WARN  IB: data corruption might occur when using registered memory.
[1715681750.732541] [n-62-28-17:29920:0]          ib_md.c:1063 UCX  WARN  IB: ibv_fork_init() was disabled or failed, yet a fork() has been issued.
[1715681750.732572] [n-62-28-17:29920:0]          ib_md.c:1064 UCX  WARN  IB: data corruption might occur when using registered memory.
[1715681750.732519] [n-62-28-17:29922:0]          ib_md.c:1063 UCX  WARN  IB: ibv_fork_init() was disabled or failed, yet a fork() has been issued.
[1715681750.732555] [n-62-28-17:29922:0]          ib_md.c:1064 UCX  WARN  IB: data corruption might occur when using registered memory.
[1715681750.732532] [n-62-28-17:29923:0]          ib_md.c:1063 UCX  WARN  IB: ibv_fork_init() was disabled or failed, yet a fork() has been issued.
[1715681750.732564] [n-62-28-17:29923:0]          ib_md.c:1064 UCX  WARN  IB: data corruption might occur when using registered memory.
[1715681750.732546] [n-62-28-17:29926:0]          ib_md.c:1063 UCX  WARN  IB: ibv_fork_init() was disabled or failed, yet a fork() has been issued.
[1715681750.732580] [n-62-28-17:29926:0]          ib_md.c:1064 UCX  WARN  IB: data corruption might occur when using registered memory.
[1715681750.732566] [n-62-28-17:29912:0]          ib_md.c:1063 UCX  WARN  IB: ibv_fork_init() was disabled or failed, yet a fork() has been issued.
[1715681750.732603] [n-62-28-17:29912:0]          ib_md.c:1064 UCX  WARN  IB: data corruption might occur when using registered memory.
[1715681750.732591] [n-62-28-17:29913:0]          ib_md.c:1063 UCX  WARN  IB: ibv_fork_init() was disabled or failed, yet a fork() has been issued.
[1715681750.732646] [n-62-28-17:29913:0]          ib_md.c:1064 UCX  WARN  IB: data corruption might occur when using registered memory.
[1715681750.732586] [n-62-28-17:29916:0]          ib_md.c:1063 UCX  WARN  IB: ibv_fork_init() was disabled or failed, yet a fork() has been issued.
[1715681750.732634] [n-62-28-17:29916:0]          ib_md.c:1064 UCX  WARN  IB: data corruption might occur when using registered memory.
[1715681750.732557] [n-62-28-17:29918:0]          ib_md.c:1063 UCX  WARN  IB: ibv_fork_init() was disabled or failed, yet a fork() has been issued.
[1715681750.732590] [n-62-28-17:29918:0]          ib_md.c:1064 UCX  WARN  IB: data corruption might occur when using registered memory.
[1715681750.732572] [n-62-28-17:29925:0]          ib_md.c:1063 UCX  WARN  IB: ibv_fork_init() was disabled or failed, yet a fork() has been issued.
[1715681750.732602] [n-62-28-17:29925:0]          ib_md.c:1064 UCX  WARN  IB: data corruption might occur when using registered memory.
[1715681750.732724] [n-62-28-17:29914:0]          ib_md.c:1063 UCX  WARN  IB: ibv_fork_init() was disabled or failed, yet a fork() has been issued.
[1715681750.732756] [n-62-28-17:29914:0]          ib_md.c:1064 UCX  WARN  IB: data corruption might occur when using registered memory.

------------------------------------------------------------
Sender: LSF System <lsfadmin@hpc.dtu.dk>
Subject: Job 21742710: <soc.py> in cluster <dcc> Exited

Job <soc.py> was submitted from host <gbarlogin2> by user <s194113> in cluster <dcc> at Tue May 14 12:15:44 2024
Job was executed on host(s) <12*n-62-28-17>, in queue <hpc>, as user <s194113> in cluster <dcc> at Tue May 14 12:15:44 2024
</zhome/87/8/147075> was used as the home directory.
</work3/s194113/10302/10302_NM/MnI2_Supercell_Ferro> was used as the working directory.
Started at Tue May 14 12:15:44 2024
Terminated at Tue May 14 12:16:07 2024
Results reported at Tue May 14 12:16:07 2024

Your job looked like:

------------------------------------------------------------
# LSBATCH: User input
#!/bin/bash -l
id=$LSB_JOBID
mq=/work3/s194113/10302/10302_NM/.myqueue/lsf-$id
source /zhome/87/8/147075/venv-name/bin/activate
echo "venv: /zhome/87/8/147075/venv-name/bin/activate"
(touch $mq-0 && \
 cd '/work3/s194113/10302/10302_NM/MnI2_Supercell_Ferro' && \
 mpiexec python3 soc.py && \
 touch $mq-1) || \
(touch $mq-2; exit 1)

------------------------------------------------------------

Exited with exit code 1.

Resource usage summary:

    CPU time :                                   117.00 sec.
    Max Memory :                                 1524 MB
    Average Memory :                             1524.00 MB
    Total Requested Memory :                     73728.00 MB
    Delta Memory :                               72204.00 MB
    Max Swap :                                   -
    Max Processes :                              17
    Max Threads :                                57
    Run time :                                   85 sec.
    Turnaround time :                            23 sec.

The output (if any) is above this job summary.



PS:

Read file </work3/s194113/10302/10302_NM/MnI2_Supercell_Ferro/soc.py.21742710.err> for stderr output of this job.

