venv: /zhome/84/5/147090/venv1/bin/activate
Calculating ground state
31 q-points in the path
=====================================
Calculating q=[0. 0. 0.]
Calculating ground state
31 q-points in the path
=====================================
Calculating q=[0. 0. 0.]
Calculating ground state
31 q-points in the path
=====================================
Calculating ground state
31 q-points in the path
=====================================
Calculating q=[0. 0. 0.]
Calculating q=[0. 0. 0.]
Calculating ground state
31 q-points in the path
=====================================
Calculating ground state
31 q-points in the path
=====================================
Calculating q=[0. 0. 0.]
Calculating ground state
Calculating q=[0. 0. 0.]
31 q-points in the path
=====================================
Calculating ground state
31 q-points in the path
=====================================
Calculating q=[0. 0. 0.]
Calculating q=[0. 0. 0.]
Calculating ground state
31 q-points in the path
=====================================
Calculating q=[0. 0. 0.]
Calculating ground state
31 q-points in the path
=====================================
Calculating q=[0. 0. 0.]
Calculating ground state
31 q-points in the path
=====================================
Calculating q=[0. 0. 0.]
Calculating ground state
31 q-points in the path
=====================================
Calculating q=[0. 0. 0.]
Energy: -12.288629009178216 eV
Magnetic moment: -5.1932315848789845e-09 Bohr magnetons
Energy: -12.288629009178216 eV
Magnetic moment: -5.1932315848789845e-09 Bohr magnetons
Energy: -12.288629009178216 eV
Magnetic moment: -5.1932315848789845e-09 Bohr magnetons
Energy: -12.288629009178216 eV
Magnetic moment: -5.1932315848789845e-09 Bohr magnetons
Energy: -12.288629009178216 eV
Magnetic moment: -5.1932315848789845e-09 Bohr magnetons
Energy: -12.288629009178216 eV
Magnetic moment: -5.1932315848789845e-09 Bohr magnetons
Energy: -12.288629009178216 eV
Magnetic moment: -5.1932315848789845e-09 Bohr magnetons
Energy: -12.288629009178216 eV
Magnetic moment: -5.1932315848789845e-09 Bohr magnetons
Energy: -12.288629009178216 eV
Magnetic moment: -5.1932315848789845e-09 Bohr magnetons
Energy: -12.288629009178216 eV
Magnetic moment: -5.1932315848789845e-09 Bohr magnetons
Energy: -12.288629009178216 eV
Magnetic moment: -5.1932315848789845e-09 Bohr magnetons
Calculating q=[0.05 0.   0.  ]
Calculating q=[0.05 0.   0.  ]
Calculating q=[0.05 0.   0.  ]
Energy: -12.288629009178216 eV
Magnetic moment: -5.1932315848789845e-09 Bohr magnetons
Calculating q=[0.05 0.   0.  ]
Calculating q=[0.05 0.   0.  ]
Calculating q=[0.05 0.   0.  ]
Calculating q=[0.05 0.   0.  ]
Calculating q=[0.05 0.   0.  ]
Calculating q=[0.05 0.   0.  ]
Calculating q=[0.05 0.   0.  ]
Calculating q=[0.05 0.   0.  ]
Calculating q=[0.05 0.   0.  ]
Energy: -12.291968317987463 eV
Magnetic moment: -1.687268233794952e-14 Bohr magnetons
Energy: -12.291968317987463 eV
Magnetic moment: -1.687268233794952e-14 Bohr magnetons
Energy: -12.291968317987463 eV
Magnetic moment: -1.687268233794952e-14 Bohr magnetons
Energy: -12.291968317987463 eV
Magnetic moment: -1.687268233794952e-14 Bohr magnetons
Energy: -12.291968317987463 eV
Magnetic moment: -1.687268233794952e-14 Bohr magnetons
Energy: -12.291968317987463 eV
Magnetic moment: -1.687268233794952e-14 Bohr magnetons
Energy: -12.291968317987463 eV
Magnetic moment: -1.687268233794952e-14 Bohr magnetons
Energy: -12.291968317987463 eV
Magnetic moment: -1.687268233794952e-14 Bohr magnetons
Energy: -12.291968317987463 eV
Magnetic moment: -1.687268233794952e-14 Bohr magnetons
Energy: -12.291968317987463 eV
Magnetic moment: -1.687268233794952e-14 Bohr magnetons
Energy: -12.291968317987463 eV
Magnetic moment: -1.687268233794952e-14 Bohr magnetons
Energy: -12.291968317987463 eV
Magnetic moment: -1.687268233794952e-14 Bohr magnetons
Calculating q=[0.1 0.  0. ]
Calculating q=[0.1 0.  0. ]
Calculating q=[0.1 0.  0. ]
Calculating q=[0.1 0.  0. ]
Calculating q=[0.1 0.  0. ]
Calculating q=[0.1 0.  0. ]
Calculating q=[0.1 0.  0. ]
Calculating q=[0.1 0.  0. ]
Calculating q=[0.1 0.  0. ]
Calculating q=[0.1 0.  0. ]
Calculating q=[0.1 0.  0. ]
Calculating q=[0.1 0.  0. ]
Energy: -12.300507671840013 eV
Magnetic moment: -2.0867609719894536e-12 Bohr magnetons
Energy: -12.300507671840013 eV
Magnetic moment: -2.0867609719894536e-12 Bohr magnetons
Energy: -12.300507671840013 eV
Magnetic moment: -2.0867609719894536e-12 Bohr magnetons
Energy: -12.300507671840013 eV
Magnetic moment: -2.0867609719894536e-12 Bohr magnetons
Energy: -12.300507671840013 eV
Magnetic moment: -2.0867609719894536e-12 Bohr magnetons
Energy: -12.300507671840013 eV
Magnetic moment: -2.0867609719894536e-12 Bohr magnetons
Energy: -12.300507671840013 eV
Magnetic moment: -2.0867609719894536e-12 Bohr magnetons
Energy: -12.300507671840013 eV
Magnetic moment: -2.0867609719894536e-12 Bohr magnetons
Energy: -12.300507671840013 eV
Magnetic moment: -2.0867609719894536e-12 Bohr magnetons
Energy: -12.300507671840013 eV
Magnetic moment: -2.0867609719894536e-12 Bohr magnetons
Energy: -12.300507671840013 eV
Magnetic moment: -2.0867609719894536e-12 Bohr magnetons
Energy: -12.300507671840013 eV
Magnetic moment: -2.0867609719894536e-12 Bohr magnetons
Calculating q=[0.15 0.   0.  ]
Calculating q=[0.15 0.   0.  ]
Calculating q=[0.15 0.   0.  ]
Calculating q=[0.15 0.   0.  ]
Calculating q=[0.15 0.   0.  ]
Calculating q=[0.15 0.   0.  ]
Calculating q=[0.15 0.   0.  ]
Calculating q=[0.15 0.   0.  ]
Calculating q=[0.15 0.   0.  ]
Calculating q=[0.15 0.   0.  ]
Calculating q=[0.15 0.   0.  ]
Calculating q=[0.15 0.   0.  ]
Energy: -12.309785112981137 eV
Magnetic moment: 1.3828690083151633e-13 Bohr magnetons
Energy: -12.309785112981137 eV
Magnetic moment: 1.3828690083151633e-13 Bohr magnetons
Energy: -12.309785112981137 eV
Magnetic moment: 1.3828690083151633e-13 Bohr magnetons
Energy: -12.309785112981137 eV
Magnetic moment: 1.3828690083151633e-13 Bohr magnetons
Energy: -12.309785112981137 eV
Magnetic moment: 1.3828690083151633e-13 Bohr magnetons
Energy: -12.309785112981137 eV
Magnetic moment: 1.3828690083151633e-13 Bohr magnetons
Energy: -12.309785112981137 eV
Magnetic moment: 1.3828690083151633e-13 Bohr magnetons
Energy: -12.309785112981137 eV
Magnetic moment: 1.3828690083151633e-13 Bohr magnetons
Energy: -12.309785112981137 eV
Magnetic moment: 1.3828690083151633e-13 Bohr magnetons
Energy: -12.309785112981137 eV
Magnetic moment: 1.3828690083151633e-13 Bohr magnetons
Energy: -12.309785112981137 eV
Magnetic moment: 1.3828690083151633e-13 Bohr magnetons
Energy: -12.309785112981137 eV
Magnetic moment: 1.3828690083151633e-13 Bohr magnetons
Calculating q=[0.2 0.  0. ]
Calculating q=[0.2 0.  0. ]
Calculating q=[0.2 0.  0. ]
Calculating q=[0.2 0.  0. ]
Calculating q=[0.2 0.  0. ]
Calculating q=[0.2 0.  0. ]
Calculating q=[0.2 0.  0. ]
Calculating q=[0.2 0.  0. ]
Calculating q=[0.2 0.  0. ]
Calculating q=[0.2 0.  0. ]
Calculating q=[0.2 0.  0. ]
Calculating q=[0.2 0.  0. ]
Energy: -12.314745062237208 eV
Magnetic moment: -3.2979863672313714e-13 Bohr magnetons
Energy: -12.314745062237208 eV
Magnetic moment: -3.2979863672313714e-13 Bohr magnetons
Energy: -12.314745062237208 eV
Magnetic moment: -3.2979863672313714e-13 Bohr magnetons
Energy: -12.314745062237208 eV
Magnetic moment: -3.2979863672313714e-13 Bohr magnetons
Energy: -12.314745062237208 eV
Magnetic moment: -3.2979863672313714e-13 Bohr magnetons
Energy: -12.314745062237208 eV
Magnetic moment: -3.2979863672313714e-13 Bohr magnetons
Energy: -12.314745062237208 eV
Magnetic moment: -3.2979863672313714e-13 Bohr magnetons
Energy: -12.314745062237208 eV
Magnetic moment: -3.2979863672313714e-13 Bohr magnetons
Energy: -12.314745062237208 eV
Magnetic moment: -3.2979863672313714e-13 Bohr magnetons
Energy: -12.314745062237208 eV
Magnetic moment: -3.2979863672313714e-13 Bohr magnetons
Energy: -12.314745062237208 eV
Magnetic moment: -3.2979863672313714e-13 Bohr magnetons
Energy: -12.314745062237208 eV
Magnetic moment: -3.2979863672313714e-13 Bohr magnetons
Calculating q=[0.25 0.   0.  ]
Calculating q=[0.25 0.   0.  ]
Calculating q=[0.25 0.   0.  ]
Calculating q=[0.25 0.   0.  ]
Calculating q=[0.25 0.   0.  ]
Calculating q=[0.25 0.   0.  ]
Calculating q=[0.25 0.   0.  ]
Calculating q=[0.25 0.   0.  ]
Calculating q=[0.25 0.   0.  ]
Calculating q=[0.25 0.   0.  ]
Calculating q=[0.25 0.   0.  ]
Calculating q=[0.25 0.   0.  ]
Energy: -12.311951173523143 eV
Magnetic moment: -3.671356384903542e-13 Bohr magnetons
Energy: -12.311951173523143 eV
Magnetic moment: -3.671356384903542e-13 Bohr magnetons
Energy: -12.311951173523143 eV
Magnetic moment: -3.671356384903542e-13 Bohr magnetons
Energy: -12.311951173523143 eV
Magnetic moment: -3.671356384903542e-13 Bohr magnetons
Energy: -12.311951173523143 eV
Magnetic moment: -3.671356384903542e-13 Bohr magnetons
Energy: -12.311951173523143 eV
Magnetic moment: -3.671356384903542e-13 Bohr magnetons
Energy: -12.311951173523143 eV
Magnetic moment: -3.671356384903542e-13 Bohr magnetons
Energy: -12.311951173523143 eV
Magnetic moment: -3.671356384903542e-13 Bohr magnetons
Energy: -12.311951173523143 eV
Magnetic moment: -3.671356384903542e-13 Bohr magnetons
Energy: -12.311951173523143 eV
Magnetic moment: -3.671356384903542e-13 Bohr magnetons
Energy: -12.311951173523143 eV
Magnetic moment: -3.671356384903542e-13 Bohr magnetons
Energy: -12.311951173523143 eV
Magnetic moment: -3.671356384903542e-13 Bohr magnetons
Calculating q=[0.3 0.  0. ]
Calculating q=[0.3 0.  0. ]
Calculating q=[0.3 0.  0. ]
Calculating q=[0.3 0.  0. ]
Calculating q=[0.3 0.  0. ]
Calculating q=[0.3 0.  0. ]
Calculating q=[0.3 0.  0. ]
Calculating q=[0.3 0.  0. ]
Calculating q=[0.3 0.  0. ]
Calculating q=[0.3 0.  0. ]
Calculating q=[0.3 0.  0. ]
Calculating q=[0.3 0.  0. ]
