venv: /zhome/87/8/147075/venv-name/bin/activate
[1715163792.723247] [n-62-28-21:26800:0]          ib_md.c:1063 UCX  WARN  IB: ibv_fork_init() was disabled or failed, yet a fork() has been issued.
[1715163792.723293] [n-62-28-21:26800:0]          ib_md.c:1064 UCX  WARN  IB: data corruption might occur when using registered memory.
[1715163792.723320] [n-62-28-21:26789:0]          ib_md.c:1063 UCX  WARN  IB: ibv_fork_init() was disabled or failed, yet a fork() has been issued.
[1715163792.723355] [n-62-28-21:26789:0]          ib_md.c:1064 UCX  WARN  IB: data corruption might occur when using registered memory.
[1715163792.723305] [n-62-28-21:26790:0]          ib_md.c:1063 UCX  WARN  IB: ibv_fork_init() was disabled or failed, yet a fork() has been issued.
[1715163792.723340] [n-62-28-21:26790:0]          ib_md.c:1064 UCX  WARN  IB: data corruption might occur when using registered memory.
[1715163792.723321] [n-62-28-21:26791:0]          ib_md.c:1063 UCX  WARN  IB: ibv_fork_init() was disabled or failed, yet a fork() has been issued.
[1715163792.723356] [n-62-28-21:26791:0]          ib_md.c:1064 UCX  WARN  IB: data corruption might occur when using registered memory.
[1715163792.723296] [n-62-28-21:26792:0]          ib_md.c:1063 UCX  WARN  IB: ibv_fork_init() was disabled or failed, yet a fork() has been issued.
[1715163792.723380] [n-62-28-21:26792:0]          ib_md.c:1064 UCX  WARN  IB: data corruption might occur when using registered memory.
[1715163792.723323] [n-62-28-21:26793:0]          ib_md.c:1063 UCX  WARN  IB: ibv_fork_init() was disabled or failed, yet a fork() has been issued.
[1715163792.723356] [n-62-28-21:26793:0]          ib_md.c:1064 UCX  WARN  IB: data corruption might occur when using registered memory.
[1715163792.723304] [n-62-28-21:26794:0]          ib_md.c:1063 UCX  WARN  IB: ibv_fork_init() was disabled or failed, yet a fork() has been issued.
[1715163792.723339] [n-62-28-21:26794:0]          ib_md.c:1064 UCX  WARN  IB: data corruption might occur when using registered memory.
[1715163792.723350] [n-62-28-21:26795:0]          ib_md.c:1063 UCX  WARN  IB: ibv_fork_init() was disabled or failed, yet a fork() has been issued.
[1715163792.723390] [n-62-28-21:26795:0]          ib_md.c:1064 UCX  WARN  IB: data corruption might occur when using registered memory.
[1715163792.723296] [n-62-28-21:26796:0]          ib_md.c:1063 UCX  WARN  IB: ibv_fork_init() was disabled or failed, yet a fork() has been issued.
[1715163792.723339] [n-62-28-21:26796:0]          ib_md.c:1064 UCX  WARN  IB: data corruption might occur when using registered memory.
[1715163792.723296] [n-62-28-21:26797:0]          ib_md.c:1063 UCX  WARN  IB: ibv_fork_init() was disabled or failed, yet a fork() has been issued.
[1715163792.723338] [n-62-28-21:26797:0]          ib_md.c:1064 UCX  WARN  IB: data corruption might occur when using registered memory.
[1715163792.723356] [n-62-28-21:26798:0]          ib_md.c:1063 UCX  WARN  IB: ibv_fork_init() was disabled or failed, yet a fork() has been issued.
[1715163792.723402] [n-62-28-21:26798:0]          ib_md.c:1064 UCX  WARN  IB: data corruption might occur when using registered memory.
[1715163792.723294] [n-62-28-21:26799:0]          ib_md.c:1063 UCX  WARN  IB: ibv_fork_init() was disabled or failed, yet a fork() has been issued.
[1715163792.723561] [n-62-28-21:26799:0]          ib_md.c:1064 UCX  WARN  IB: data corruption might occur when using registered memory.

------------------------------------------------------------
Sender: LSF System <lsfadmin@hpc.dtu.dk>
Subject: Job 21701761: <soc.py> in cluster <dcc> Done

Job <soc.py> was submitted from host <gbarlogin2> by user <s194113> in cluster <dcc> at Wed May  8 12:14:41 2024
Job was executed on host(s) <12*n-62-28-21>, in queue <hpc>, as user <s194113> in cluster <dcc> at Wed May  8 12:23:07 2024
</zhome/87/8/147075> was used as the home directory.
</work3/s194113/10302/10302_NM/NiI2> was used as the working directory.
Started at Wed May  8 12:23:07 2024
Terminated at Wed May  8 13:29:58 2024
Results reported at Wed May  8 13:29:58 2024

Your job looked like:

------------------------------------------------------------
# LSBATCH: User input
#!/bin/bash -l
id=$LSB_JOBID
mq=/work3/s194113/10302/10302_NM/.myqueue/lsf-$id
source /zhome/87/8/147075/venv-name/bin/activate
echo "venv: /zhome/87/8/147075/venv-name/bin/activate"
(touch $mq-0 && \
 cd '/work3/s194113/10302/10302_NM/NiI2' && \
 mpiexec python3 soc.py && \
 touch $mq-1) || \
(touch $mq-2; exit 1)

------------------------------------------------------------

Successfully completed.

Resource usage summary:

    CPU time :                                   48057.68 sec.
    Max Memory :                                 1398 MB
    Average Memory :                             1379.07 MB
    Total Requested Memory :                     73728.00 MB
    Delta Memory :                               72330.00 MB
    Max Swap :                                   -
    Max Processes :                              17
    Max Threads :                                57
    Run time :                                   4011 sec.
    Turnaround time :                            4517 sec.

The output (if any) is above this job summary.



PS:

Read file </work3/s194113/10302/10302_NM/NiI2/soc.py.21701761.err> for stderr output of this job.

