venv: /zhome/87/8/147075/venv-name/bin/activate
[1713954929.372989] [n-62-28-20:32110:0]          ib_md.c:1063 UCX  WARN  IB: ibv_fork_init() was disabled or failed, yet a fork() has been issued.
[1713954929.373024] [n-62-28-20:32110:0]          ib_md.c:1064 UCX  WARN  IB: data corruption might occur when using registered memory.
[1713954929.373135] [n-62-28-20:32109:0]          ib_md.c:1063 UCX  WARN  IB: ibv_fork_init() was disabled or failed, yet a fork() has been issued.
[1713954929.373165] [n-62-28-20:32109:0]          ib_md.c:1064 UCX  WARN  IB: data corruption might occur when using registered memory.
[1713954929.379461] [n-62-28-20:32105:0]          ib_md.c:1063 UCX  WARN  IB: ibv_fork_init() was disabled or failed, yet a fork() has been issued.
[1713954929.379495] [n-62-28-20:32105:0]          ib_md.c:1064 UCX  WARN  IB: data corruption might occur when using registered memory.
[1713954929.385384] [n-62-28-20:32103:0]          ib_md.c:1063 UCX  WARN  IB: ibv_fork_init() was disabled or failed, yet a fork() has been issued.
[1713954929.385415] [n-62-28-20:32103:0]          ib_md.c:1064 UCX  WARN  IB: data corruption might occur when using registered memory.
[1713954929.385934] [n-62-28-20:32104:0]          ib_md.c:1063 UCX  WARN  IB: ibv_fork_init() was disabled or failed, yet a fork() has been issued.
[1713954929.385963] [n-62-28-20:32104:0]          ib_md.c:1064 UCX  WARN  IB: data corruption might occur when using registered memory.
[1713954929.387343] [n-62-28-20:32101:0]          ib_md.c:1063 UCX  WARN  IB: ibv_fork_init() was disabled or failed, yet a fork() has been issued.
[1713954929.387371] [n-62-28-20:32101:0]          ib_md.c:1064 UCX  WARN  IB: data corruption might occur when using registered memory.
[1713954929.388010] [n-62-28-20:32108:0]          ib_md.c:1063 UCX  WARN  IB: ibv_fork_init() was disabled or failed, yet a fork() has been issued.
[1713954929.388040] [n-62-28-20:32108:0]          ib_md.c:1064 UCX  WARN  IB: data corruption might occur when using registered memory.
[1713954929.388168] [n-62-28-20:32106:0]          ib_md.c:1063 UCX  WARN  IB: ibv_fork_init() was disabled or failed, yet a fork() has been issued.
[1713954929.388209] [n-62-28-20:32106:0]          ib_md.c:1064 UCX  WARN  IB: data corruption might occur when using registered memory.
[1713954929.388434] [n-62-28-20:32107:0]          ib_md.c:1063 UCX  WARN  IB: ibv_fork_init() was disabled or failed, yet a fork() has been issued.
[1713954929.388479] [n-62-28-20:32099:0]          ib_md.c:1063 UCX  WARN  IB: ibv_fork_init() was disabled or failed, yet a fork() has been issued.
[1713954929.388512] [n-62-28-20:32107:0]          ib_md.c:1064 UCX  WARN  IB: data corruption might occur when using registered memory.
[1713954929.388570] [n-62-28-20:32099:0]          ib_md.c:1064 UCX  WARN  IB: data corruption might occur when using registered memory.
[1713954929.388661] [n-62-28-20:32100:0]          ib_md.c:1063 UCX  WARN  IB: ibv_fork_init() was disabled or failed, yet a fork() has been issued.
[1713954929.388690] [n-62-28-20:32100:0]          ib_md.c:1064 UCX  WARN  IB: data corruption might occur when using registered memory.
[1713954929.388846] [n-62-28-20:32102:0]          ib_md.c:1063 UCX  WARN  IB: ibv_fork_init() was disabled or failed, yet a fork() has been issued.
[1713954929.388924] [n-62-28-20:32102:0]          ib_md.c:1064 UCX  WARN  IB: data corruption might occur when using registered memory.
Calculating ground state
31 q-points in the path
=====================================
Calculating ground state
Calculating ground state
31 q-points in the path
=====================================
31 q-points in the path
=====================================
Calculating ground state
31 q-points in the path
=====================================
Calculating ground state
31 q-points in the path
=====================================
Calculating ground state
31 q-points in the path
=====================================
Calculating ground state
31 q-points in the path
Calculating ground state
=====================================
31 q-points in the path
=====================================
Calculating ground state
31 q-points in the path
=====================================
Calculating ground state
31 q-points in the path
=====================================
Calculating q=[0. 0. 0.]
Calculating q=[0. 0. 0.]
Calculating q=[0. 0. 0.]
Calculating q=[0. 0. 0.]
Calculating q=[0. 0. 0.]
Calculating q=[0. 0. 0.]
Calculating q=[0. 0. 0.]
Calculating ground state
31 q-points in the path
=====================================
Calculating q=[0. 0. 0.]
Calculating q=[0. 0. 0.]
Calculating q=[0. 0. 0.]
Calculating q=[0. 0. 0.]
Calculating ground state
31 q-points in the path
=====================================
Calculating q=[0. 0. 0.]
