venv: /zhome/87/8/147075/venv-name/bin/activate
[1713954907.332194] [n-62-29-25:17120:0]          ib_md.c:1063 UCX  WARN  IB: ibv_fork_init() was disabled or failed, yet a fork() has been issued.
[1713954907.332228] [n-62-29-25:17120:0]          ib_md.c:1064 UCX  WARN  IB: data corruption might occur when using registered memory.
[1713954907.332236] [n-62-29-25:17119:0]          ib_md.c:1063 UCX  WARN  IB: ibv_fork_init() was disabled or failed, yet a fork() has been issued.
[1713954907.332368] [n-62-29-25:17119:0]          ib_md.c:1064 UCX  WARN  IB: data corruption might occur when using registered memory.
[1713954907.335019] [n-62-29-25:17109:0]          ib_md.c:1063 UCX  WARN  IB: ibv_fork_init() was disabled or failed, yet a fork() has been issued.
[1713954907.335054] [n-62-29-25:17109:0]          ib_md.c:1064 UCX  WARN  IB: data corruption might occur when using registered memory.
[1713954907.337761] [n-62-29-25:17117:0]          ib_md.c:1063 UCX  WARN  IB: ibv_fork_init() was disabled or failed, yet a fork() has been issued.
[1713954907.337794] [n-62-29-25:17117:0]          ib_md.c:1064 UCX  WARN  IB: data corruption might occur when using registered memory.
[1713954907.338274] [n-62-29-25:17114:0]          ib_md.c:1063 UCX  WARN  IB: ibv_fork_init() was disabled or failed, yet a fork() has been issued.
[1713954907.338302] [n-62-29-25:17114:0]          ib_md.c:1064 UCX  WARN  IB: data corruption might occur when using registered memory.
[1713954907.339053] [n-62-29-25:17112:0]          ib_md.c:1063 UCX  WARN  IB: ibv_fork_init() was disabled or failed, yet a fork() has been issued.
[1713954907.339087] [n-62-29-25:17112:0]          ib_md.c:1064 UCX  WARN  IB: data corruption might occur when using registered memory.
[1713954907.339167] [n-62-29-25:17115:0]          ib_md.c:1063 UCX  WARN  IB: ibv_fork_init() was disabled or failed, yet a fork() has been issued.
[1713954907.339195] [n-62-29-25:17115:0]          ib_md.c:1064 UCX  WARN  IB: data corruption might occur when using registered memory.
[1713954907.340331] [n-62-29-25:17113:0]          ib_md.c:1063 UCX  WARN  IB: ibv_fork_init() was disabled or failed, yet a fork() has been issued.
[1713954907.340384] [n-62-29-25:17111:0]          ib_md.c:1063 UCX  WARN  IB: ibv_fork_init() was disabled or failed, yet a fork() has been issued.
[1713954907.340414] [n-62-29-25:17113:0]          ib_md.c:1064 UCX  WARN  IB: data corruption might occur when using registered memory.
[1713954907.340427] [n-62-29-25:17111:0]          ib_md.c:1064 UCX  WARN  IB: data corruption might occur when using registered memory.
[1713954907.340450] [n-62-29-25:17118:0]          ib_md.c:1063 UCX  WARN  IB: ibv_fork_init() was disabled or failed, yet a fork() has been issued.
[1713954907.340482] [n-62-29-25:17118:0]          ib_md.c:1064 UCX  WARN  IB: data corruption might occur when using registered memory.
[1713954907.341077] [n-62-29-25:17110:0]          ib_md.c:1063 UCX  WARN  IB: ibv_fork_init() was disabled or failed, yet a fork() has been issued.
[1713954907.341119] [n-62-29-25:17110:0]          ib_md.c:1064 UCX  WARN  IB: data corruption might occur when using registered memory.
[1713954907.341111] [n-62-29-25:17116:0]          ib_md.c:1063 UCX  WARN  IB: ibv_fork_init() was disabled or failed, yet a fork() has been issued.
[1713954907.341152] [n-62-29-25:17116:0]          ib_md.c:1064 UCX  WARN  IB: data corruption might occur when using registered memory.
Calculating ground state
31 q-points in the path
=====================================
Calculating ground state
Calculating ground state
31 q-points in the path
=====================================
Calculating ground state
31 q-points in the path
Calculating ground state
31 q-points in the path
=====================================
=====================================
Calculating ground state
31 q-points in the path
=====================================
Calculating ground state
31 q-points in the path
=====================================
31 q-points in the path
=====================================
Calculating ground state
31 q-points in the path
=====================================
Calculating ground state
31 q-points in the path
=====================================
Calculating ground state
31 q-points in the path
=====================================
Calculating ground state
31 q-points in the path
=====================================
Calculating ground state
31 q-points in the path
=====================================
Calculating q=[0. 0. 0.]
Calculating q=[0. 0. 0.]
Calculating q=[0. 0. 0.]
Calculating q=[0. 0. 0.]
Calculating q=[0. 0. 0.]
Calculating q=[0. 0. 0.]
Calculating q=[0. 0. 0.]
Calculating q=[0. 0. 0.]
Calculating q=[0. 0. 0.]
Calculating q=[0. 0. 0.]
Calculating q=[0. 0. 0.]
Calculating q=[0. 0. 0.]
