venv: /zhome/87/8/147075/venv-name/bin/activate
[1713954907.207002] [n-62-28-16:15213:0]          ib_md.c:1063 UCX  WARN  IB: ibv_fork_init() was disabled or failed, yet a fork() has been issued.
[1713954907.207037] [n-62-28-16:15213:0]          ib_md.c:1064 UCX  WARN  IB: data corruption might occur when using registered memory.
[1713954907.207243] [n-62-28-16:15212:0]          ib_md.c:1063 UCX  WARN  IB: ibv_fork_init() was disabled or failed, yet a fork() has been issued.
[1713954907.207274] [n-62-28-16:15212:0]          ib_md.c:1064 UCX  WARN  IB: data corruption might occur when using registered memory.
[1713954907.208202] [n-62-28-16:15206:0]          ib_md.c:1063 UCX  WARN  IB: ibv_fork_init() was disabled or failed, yet a fork() has been issued.
[1713954907.208329] [n-62-28-16:15206:0]          ib_md.c:1064 UCX  WARN  IB: data corruption might occur when using registered memory.
[1713954907.218107] [n-62-28-16:15207:0]          ib_md.c:1063 UCX  WARN  IB: ibv_fork_init() was disabled or failed, yet a fork() has been issued.
[1713954907.218216] [n-62-28-16:15207:0]          ib_md.c:1064 UCX  WARN  IB: data corruption might occur when using registered memory.
[1713954907.218403] [n-62-28-16:15211:0]          ib_md.c:1063 UCX  WARN  IB: ibv_fork_init() was disabled or failed, yet a fork() has been issued.
[1713954907.218486] [n-62-28-16:15211:0]          ib_md.c:1064 UCX  WARN  IB: data corruption might occur when using registered memory.
[1713954907.219326] [n-62-28-16:15204:0]          ib_md.c:1063 UCX  WARN  IB: ibv_fork_init() was disabled or failed, yet a fork() has been issued.
[1713954907.219409] [n-62-28-16:15204:0]          ib_md.c:1064 UCX  WARN  IB: data corruption might occur when using registered memory.
[1713954907.219796] [n-62-28-16:15208:0]          ib_md.c:1063 UCX  WARN  IB: ibv_fork_init() was disabled or failed, yet a fork() has been issued.
[1713954907.219823] [n-62-28-16:15208:0]          ib_md.c:1064 UCX  WARN  IB: data corruption might occur when using registered memory.
[1713954907.220079] [n-62-28-16:15202:0]          ib_md.c:1063 UCX  WARN  IB: ibv_fork_init() was disabled or failed, yet a fork() has been issued.
[1713954907.220110] [n-62-28-16:15202:0]          ib_md.c:1064 UCX  WARN  IB: data corruption might occur when using registered memory.
[1713954907.220503] [n-62-28-16:15209:0]          ib_md.c:1063 UCX  WARN  IB: ibv_fork_init() was disabled or failed, yet a fork() has been issued.
[1713954907.220534] [n-62-28-16:15205:0]          ib_md.c:1063 UCX  WARN  IB: ibv_fork_init() was disabled or failed, yet a fork() has been issued.
[1713954907.220569] [n-62-28-16:15209:0]          ib_md.c:1064 UCX  WARN  IB: data corruption might occur when using registered memory.
[1713954907.220619] [n-62-28-16:15205:0]          ib_md.c:1064 UCX  WARN  IB: data corruption might occur when using registered memory.
[1713954907.220865] [n-62-28-16:15203:0]          ib_md.c:1063 UCX  WARN  IB: ibv_fork_init() was disabled or failed, yet a fork() has been issued.
[1713954907.220895] [n-62-28-16:15203:0]          ib_md.c:1064 UCX  WARN  IB: data corruption might occur when using registered memory.
[1713954907.221080] [n-62-28-16:15210:0]          ib_md.c:1063 UCX  WARN  IB: ibv_fork_init() was disabled or failed, yet a fork() has been issued.
[1713954907.221108] [n-62-28-16:15210:0]          ib_md.c:1064 UCX  WARN  IB: data corruption might occur when using registered memory.
Calculating ground state
Calculating ground state
31 q-points in the path
=====================================
Calculating ground state
31 q-points in the path
=====================================
31 q-points in the path
=====================================
Calculating ground state
31 q-points in the path
=====================================
Calculating ground state
31 q-points in the path
=====================================
Calculating ground state
Calculating ground state
31 q-points in the path
31 q-points in the path
=====================================
=====================================
Calculating ground state
31 q-points in the path
=====================================
Calculating ground state
31 q-points in the path
=====================================
Calculating ground state
31 q-points in the path
=====================================
Calculating ground state
31 q-points in the path
=====================================
Calculating ground state
31 q-points in the path
=====================================
Calculating q=[0. 0. 0.]
Calculating q=[0. 0. 0.]
Calculating q=[0. 0. 0.]
Calculating q=[0. 0. 0.]
Calculating q=[0. 0. 0.]
Calculating q=[0. 0. 0.]
Calculating q=[0. 0. 0.]
Calculating q=[0. 0. 0.]
Calculating q=[0. 0. 0.]
Calculating q=[0. 0. 0.]
Calculating q=[0. 0. 0.]
Calculating q=[0. 0. 0.]
