venv: /zhome/87/8/147075/venv-name/bin/activate
[1713954909.409151] [n-62-28-19:26354:0]          ib_md.c:1063 UCX  WARN  IB: ibv_fork_init() was disabled or failed, yet a fork() has been issued.
[1713954909.409187] [n-62-28-19:26354:0]          ib_md.c:1064 UCX  WARN  IB: data corruption might occur when using registered memory.
[1713954909.409249] [n-62-28-19:26353:0]          ib_md.c:1063 UCX  WARN  IB: ibv_fork_init() was disabled or failed, yet a fork() has been issued.
[1713954909.409279] [n-62-28-19:26353:0]          ib_md.c:1064 UCX  WARN  IB: data corruption might occur when using registered memory.
[1713954909.416006] [n-62-28-19:26349:0]          ib_md.c:1063 UCX  WARN  IB: ibv_fork_init() was disabled or failed, yet a fork() has been issued.
[1713954909.416041] [n-62-28-19:26349:0]          ib_md.c:1064 UCX  WARN  IB: data corruption might occur when using registered memory.
[1713954909.420163] [n-62-28-19:26346:0]          ib_md.c:1063 UCX  WARN  IB: ibv_fork_init() was disabled or failed, yet a fork() has been issued.
[1713954909.420215] [n-62-28-19:26346:0]          ib_md.c:1064 UCX  WARN  IB: data corruption might occur when using registered memory.
[1713954909.421725] [n-62-28-19:26347:0]          ib_md.c:1063 UCX  WARN  IB: ibv_fork_init() was disabled or failed, yet a fork() has been issued.
[1713954909.421812] [n-62-28-19:26347:0]          ib_md.c:1064 UCX  WARN  IB: data corruption might occur when using registered memory.
[1713954909.423173] [n-62-28-19:26351:0]          ib_md.c:1063 UCX  WARN  IB: ibv_fork_init() was disabled or failed, yet a fork() has been issued.
[1713954909.423203] [n-62-28-19:26351:0]          ib_md.c:1064 UCX  WARN  IB: data corruption might occur when using registered memory.
[1713954909.423241] [n-62-28-19:26352:0]          ib_md.c:1063 UCX  WARN  IB: ibv_fork_init() was disabled or failed, yet a fork() has been issued.
[1713954909.423271] [n-62-28-19:26352:0]          ib_md.c:1064 UCX  WARN  IB: data corruption might occur when using registered memory.
[1713954909.423265] [n-62-28-19:26344:0]          ib_md.c:1063 UCX  WARN  IB: ibv_fork_init() was disabled or failed, yet a fork() has been issued.
[1713954909.423300] [n-62-28-19:26344:0]          ib_md.c:1064 UCX  WARN  IB: data corruption might occur when using registered memory.
[1713954909.423334] [n-62-28-19:26348:0]          ib_md.c:1063 UCX  WARN  IB: ibv_fork_init() was disabled or failed, yet a fork() has been issued.
[1713954909.423366] [n-62-28-19:26350:0]          ib_md.c:1063 UCX  WARN  IB: ibv_fork_init() was disabled or failed, yet a fork() has been issued.
[1713954909.423401] [n-62-28-19:26350:0]          ib_md.c:1064 UCX  WARN  IB: data corruption might occur when using registered memory.
[1713954909.423439] [n-62-28-19:26348:0]          ib_md.c:1064 UCX  WARN  IB: data corruption might occur when using registered memory.
[1713954909.423659] [n-62-28-19:26345:0]          ib_md.c:1063 UCX  WARN  IB: ibv_fork_init() was disabled or failed, yet a fork() has been issued.
[1713954909.423701] [n-62-28-19:26343:0]          ib_md.c:1063 UCX  WARN  IB: ibv_fork_init() was disabled or failed, yet a fork() has been issued.
[1713954909.423741] [n-62-28-19:26343:0]          ib_md.c:1064 UCX  WARN  IB: data corruption might occur when using registered memory.
[1713954909.423736] [n-62-28-19:26345:0]          ib_md.c:1064 UCX  WARN  IB: data corruption might occur when using registered memory.
Calculating ground state
31 q-points in the path
=====================================
Calculating ground state
Calculating ground state
31 q-points in the path
Calculating ground state
=====================================
Calculating ground state
31 q-points in the path
=====================================
31 q-points in the path
=====================================
31 q-points in the path
=====================================
Calculating ground state
31 q-points in the path
=====================================
Calculating ground state
31 q-points in the path
=====================================
Calculating ground state
31 q-points in the path
=====================================
Calculating ground state
31 q-points in the path
=====================================
Calculating ground state
31 q-points in the path
=====================================
Calculating ground state
31 q-points in the path
=====================================
Calculating ground state
31 q-points in the path
=====================================
Calculating q=[0. 0. 0.]
Calculating q=[0. 0. 0.]
Calculating q=[0. 0. 0.]
Calculating q=[0. 0. 0.]
Calculating q=[0. 0. 0.]
Calculating q=[0. 0. 0.]
Calculating q=[0. 0. 0.]
Calculating q=[0. 0. 0.]
Calculating q=[0. 0. 0.]
Calculating q=[0. 0. 0.]
Calculating q=[0. 0. 0.]
Calculating q=[0. 0. 0.]
