venv: /zhome/87/8/147075/venv-name/bin/activate
[1713954915.849373] [n-62-29-31:3564 :0]          ib_md.c:1063 UCX  WARN  IB: ibv_fork_init() was disabled or failed, yet a fork() has been issued.
[1713954915.849398] [n-62-29-31:3564 :0]          ib_md.c:1064 UCX  WARN  IB: data corruption might occur when using registered memory.
[1713954915.849354] [n-62-29-31:3565 :0]          ib_md.c:1063 UCX  WARN  IB: ibv_fork_init() was disabled or failed, yet a fork() has been issued.
[1713954915.849389] [n-62-29-31:3565 :0]          ib_md.c:1064 UCX  WARN  IB: data corruption might occur when using registered memory.
[1713954915.849464] [n-62-29-31:3560 :0]          ib_md.c:1063 UCX  WARN  IB: ibv_fork_init() was disabled or failed, yet a fork() has been issued.
[1713954915.849495] [n-62-29-31:3560 :0]          ib_md.c:1064 UCX  WARN  IB: data corruption might occur when using registered memory.
[1713954915.859301] [n-62-29-31:3558 :0]          ib_md.c:1063 UCX  WARN  IB: ibv_fork_init() was disabled or failed, yet a fork() has been issued.
[1713954915.859339] [n-62-29-31:3558 :0]          ib_md.c:1064 UCX  WARN  IB: data corruption might occur when using registered memory.
[1713954915.860643] [n-62-29-31:3554 :0]          ib_md.c:1063 UCX  WARN  IB: ibv_fork_init() was disabled or failed, yet a fork() has been issued.
[1713954915.860670] [n-62-29-31:3554 :0]          ib_md.c:1064 UCX  WARN  IB: data corruption might occur when using registered memory.
[1713954915.860939] [n-62-29-31:3561 :0]          ib_md.c:1063 UCX  WARN  IB: ibv_fork_init() was disabled or failed, yet a fork() has been issued.
[1713954915.860967] [n-62-29-31:3561 :0]          ib_md.c:1064 UCX  WARN  IB: data corruption might occur when using registered memory.
[1713954915.861265] [n-62-29-31:3556 :0]          ib_md.c:1063 UCX  WARN  IB: ibv_fork_init() was disabled or failed, yet a fork() has been issued.
[1713954915.861299] [n-62-29-31:3556 :0]          ib_md.c:1064 UCX  WARN  IB: data corruption might occur when using registered memory.
[1713954915.861562] [n-62-29-31:3562 :0]          ib_md.c:1063 UCX  WARN  IB: ibv_fork_init() was disabled or failed, yet a fork() has been issued.
[1713954915.861638] [n-62-29-31:3562 :0]          ib_md.c:1064 UCX  WARN  IB: data corruption might occur when using registered memory.
[1713954915.861672] [n-62-29-31:3559 :0]          ib_md.c:1063 UCX  WARN  IB: ibv_fork_init() was disabled or failed, yet a fork() has been issued.
[1713954915.861752] [n-62-29-31:3559 :0]          ib_md.c:1064 UCX  WARN  IB: data corruption might occur when using registered memory.
[1713954915.861841] [n-62-29-31:3557 :0]          ib_md.c:1063 UCX  WARN  IB: ibv_fork_init() was disabled or failed, yet a fork() has been issued.
[1713954915.861869] [n-62-29-31:3557 :0]          ib_md.c:1064 UCX  WARN  IB: data corruption might occur when using registered memory.
[1713954915.862037] [n-62-29-31:3563 :0]          ib_md.c:1063 UCX  WARN  IB: ibv_fork_init() was disabled or failed, yet a fork() has been issued.
[1713954915.862113] [n-62-29-31:3563 :0]          ib_md.c:1064 UCX  WARN  IB: data corruption might occur when using registered memory.
[1713954915.862379] [n-62-29-31:3555 :0]          ib_md.c:1063 UCX  WARN  IB: ibv_fork_init() was disabled or failed, yet a fork() has been issued.
[1713954915.862408] [n-62-29-31:3555 :0]          ib_md.c:1064 UCX  WARN  IB: data corruption might occur when using registered memory.
Calculating ground state
31 q-points in the path
=====================================
Calculating ground state
Calculating ground state
31 q-points in the path
=====================================
Calculating ground state
Calculating ground state
31 q-points in the path
=====================================
31 q-points in the path
=====================================
31 q-points in the path
=====================================
Calculating ground state
31 q-points in the path
=====================================
Calculating ground state
31 q-points in the path
=====================================
Calculating ground state
31 q-points in the path
=====================================
Calculating ground state
31 q-points in the path
=====================================
Calculating ground state
31 q-points in the path
=====================================
Calculating ground state
31 q-points in the path
=====================================
Calculating ground state
31 q-points in the path
=====================================
Calculating q=[0. 0. 0.]
Calculating q=[0. 0. 0.]
Calculating q=[0. 0. 0.]
Calculating q=[0. 0. 0.]
Calculating q=[0. 0. 0.]
Calculating q=[0. 0. 0.]
Calculating q=[0. 0. 0.]
Calculating q=[0. 0. 0.]
Calculating q=[0. 0. 0.]
Calculating q=[0. 0. 0.]
Calculating q=[0. 0. 0.]
Calculating q=[0. 0. 0.]
Energy: -15.64211288552981 eV
Magnetic moment: -8.718410372193364e-13 Bohr magnetons
Energy: -15.64211288552981 eV
Magnetic moment: -8.718410372193364e-13 Bohr magnetons
Energy: -15.64211288552981 eV
Magnetic moment: -8.718410372193364e-13 Bohr magnetons
Energy: -15.64211288552981 eV
Magnetic moment: -8.718410372193364e-13 Bohr magnetons
Energy: -15.64211288552981 eV
Magnetic moment: -8.718410372193364e-13 Bohr magnetons
Energy: -15.64211288552981 eV
Magnetic moment: -8.718410372193364e-13 Bohr magnetons
Energy: -15.64211288552981 eV
Magnetic moment: -8.718410372193364e-13 Bohr magnetons
Energy: -15.64211288552981 eV
Magnetic moment: -8.718410372193364e-13 Bohr magnetons
Energy: -15.64211288552981 eV
Magnetic moment: -8.718410372193364e-13 Bohr magnetons
Energy: -15.64211288552981 eV
Magnetic moment: -8.718410372193364e-13 Bohr magnetons
Energy: -15.64211288552981 eV
Magnetic moment: -8.718410372193364e-13 Bohr magnetons
Calculating q=[0.05 0.   0.  ]
Calculating q=[0.05 0.   0.  ]
Calculating q=[0.05 0.   0.  ]
Calculating q=[0.05 0.   0.  ]
Calculating q=[0.05 0.   0.  ]
Calculating q=[0.05 0.   0.  ]
Calculating q=[0.05 0.   0.  ]
Energy: -15.64211288552981 eV
Magnetic moment: -8.718410372193364e-13 Bohr magnetons
Calculating q=[0.05 0.   0.  ]
Calculating q=[0.05 0.   0.  ]
Calculating q=[0.05 0.   0.  ]
Calculating q=[0.05 0.   0.  ]
Calculating q=[0.05 0.   0.  ]
Energy: -15.643206249206521 eV
Magnetic moment: 3.245785690644647e-15 Bohr magnetons
Energy: -15.643206249206521 eV
Magnetic moment: 3.245785690644647e-15 Bohr magnetons
Energy: -15.643206249206521 eV
Magnetic moment: 3.245785690644647e-15 Bohr magnetons
Energy: -15.643206249206521 eV
Magnetic moment: 3.245785690644647e-15 Bohr magnetons
Energy: -15.643206249206521 eV
Magnetic moment: 3.245785690644647e-15 Bohr magnetons
Energy: -15.643206249206521 eV
Magnetic moment: 3.245785690644647e-15 Bohr magnetons
Energy: -15.643206249206521 eV
Magnetic moment: 3.245785690644647e-15 Bohr magnetons
Energy: -15.643206249206521 eV
Magnetic moment: 3.245785690644647e-15 Bohr magnetons
Energy: -15.643206249206521 eV
Magnetic moment: 3.245785690644647e-15 Bohr magnetons
Energy: -15.643206249206521 eV
Magnetic moment: 3.245785690644647e-15 Bohr magnetons
Energy: -15.643206249206521 eV
Magnetic moment: 3.245785690644647e-15 Bohr magnetons
Energy: -15.643206249206521 eV
Magnetic moment: 3.245785690644647e-15 Bohr magnetons
Calculating q=[0.1 0.  0. ]
Calculating q=[0.1 0.  0. ]
Calculating q=[0.1 0.  0. ]
Calculating q=[0.1 0.  0. ]
Calculating q=[0.1 0.  0. ]
Calculating q=[0.1 0.  0. ]
Calculating q=[0.1 0.  0. ]
Calculating q=[0.1 0.  0. ]
Calculating q=[0.1 0.  0. ]
Calculating q=[0.1 0.  0. ]
Calculating q=[0.1 0.  0. ]
Calculating q=[0.1 0.  0. ]
Energy: -15.646248452308141 eV
Magnetic moment: -2.986659007631319e-15 Bohr magnetons
Energy: -15.646248452308141 eV
Magnetic moment: -2.986659007631319e-15 Bohr magnetons
Energy: -15.646248452308141 eV
Magnetic moment: -2.986659007631319e-15 Bohr magnetons
Energy: -15.646248452308141 eV
Magnetic moment: -2.986659007631319e-15 Bohr magnetons
Energy: -15.646248452308141 eV
Magnetic moment: -2.986659007631319e-15 Bohr magnetons
Energy: -15.646248452308141 eV
Magnetic moment: -2.986659007631319e-15 Bohr magnetons
Energy: -15.646248452308141 eV
Magnetic moment: -2.986659007631319e-15 Bohr magnetons
Energy: -15.646248452308141 eV
Magnetic moment: -2.986659007631319e-15 Bohr magnetons
Energy: -15.646248452308141 eV
Magnetic moment: -2.986659007631319e-15 Bohr magnetons
Energy: -15.646248452308141 eV
Magnetic moment: -2.986659007631319e-15 Bohr magnetons
Energy: -15.646248452308141 eV
Magnetic moment: -2.986659007631319e-15 Bohr magnetons
Energy: -15.646248452308141 eV
Magnetic moment: -2.986659007631319e-15 Bohr magnetons
Calculating q=[0.15 0.   0.  ]
Calculating q=[0.15 0.   0.  ]
Calculating q=[0.15 0.   0.  ]
Calculating q=[0.15 0.   0.  ]
Calculating q=[0.15 0.   0.  ]
Calculating q=[0.15 0.   0.  ]
Calculating q=[0.15 0.   0.  ]
Calculating q=[0.15 0.   0.  ]
Calculating q=[0.15 0.   0.  ]
Calculating q=[0.15 0.   0.  ]
Calculating q=[0.15 0.   0.  ]
Calculating q=[0.15 0.   0.  ]
Energy: -15.650607087117312 eV
Magnetic moment: -3.4343069035655543e-16 Bohr magnetons
Energy: -15.650607087117312 eV
Magnetic moment: -3.4343069035655543e-16 Bohr magnetons
Energy: -15.650607087117312 eV
Magnetic moment: -3.4343069035655543e-16 Bohr magnetons
Energy: -15.650607087117312 eV
Magnetic moment: -3.4343069035655543e-16 Bohr magnetons
Energy: -15.650607087117312 eV
Magnetic moment: -3.4343069035655543e-16 Bohr magnetons
Energy: -15.650607087117312 eV
Magnetic moment: -3.4343069035655543e-16 Bohr magnetons
Energy: -15.650607087117312 eV
Magnetic moment: -3.4343069035655543e-16 Bohr magnetons
Energy: -15.650607087117312 eV
Magnetic moment: -3.4343069035655543e-16 Bohr magnetons
Energy: -15.650607087117312 eV
Magnetic moment: -3.4343069035655543e-16 Bohr magnetons
Energy: -15.650607087117312 eV
Magnetic moment: -3.4343069035655543e-16 Bohr magnetons
Energy: -15.650607087117312 eV
Magnetic moment: -3.4343069035655543e-16 Bohr magnetons
Calculating q=[0.2 0.  0. ]
Energy: -15.650607087117312 eV
Magnetic moment: -3.4343069035655543e-16 Bohr magnetons
Calculating q=[0.2 0.  0. ]
Calculating q=[0.2 0.  0. ]
Calculating q=[0.2 0.  0. ]
Calculating q=[0.2 0.  0. ]
Calculating q=[0.2 0.  0. ]
Calculating q=[0.2 0.  0. ]
Calculating q=[0.2 0.  0. ]
Calculating q=[0.2 0.  0. ]
Calculating q=[0.2 0.  0. ]
Calculating q=[0.2 0.  0. ]
Calculating q=[0.2 0.  0. ]
