venv: /zhome/87/8/147075/venv-name/bin/activate
[1713955010.881487] [n-62-29-9:9981 :0]          ib_md.c:1063 UCX  WARN  IB: ibv_fork_init() was disabled or failed, yet a fork() has been issued.
[1713955010.881525] [n-62-29-9:9981 :0]          ib_md.c:1064 UCX  WARN  IB: data corruption might occur when using registered memory.
[1713955010.881487] [n-62-29-9:9982 :0]          ib_md.c:1063 UCX  WARN  IB: ibv_fork_init() was disabled or failed, yet a fork() has been issued.
[1713955010.881520] [n-62-29-9:9982 :0]          ib_md.c:1064 UCX  WARN  IB: data corruption might occur when using registered memory.
[1713955010.881846] [n-62-29-9:9975 :0]          ib_md.c:1063 UCX  WARN  IB: ibv_fork_init() was disabled or failed, yet a fork() has been issued.
[1713955010.881880] [n-62-29-9:9975 :0]          ib_md.c:1064 UCX  WARN  IB: data corruption might occur when using registered memory.
[1713955010.887772] [n-62-29-9:9977 :0]          ib_md.c:1063 UCX  WARN  IB: ibv_fork_init() was disabled or failed, yet a fork() has been issued.
[1713955010.887879] [n-62-29-9:9977 :0]          ib_md.c:1064 UCX  WARN  IB: data corruption might occur when using registered memory.
[1713955010.889903] [n-62-29-9:9971 :0]          ib_md.c:1063 UCX  WARN  IB: ibv_fork_init() was disabled or failed, yet a fork() has been issued.
[1713955010.889992] [n-62-29-9:9971 :0]          ib_md.c:1064 UCX  WARN  IB: data corruption might occur when using registered memory.
[1713955010.891150] [n-62-29-9:9974 :0]          ib_md.c:1063 UCX  WARN  IB: ibv_fork_init() was disabled or failed, yet a fork() has been issued.
[1713955010.891187] [n-62-29-9:9972 :0]          ib_md.c:1063 UCX  WARN  IB: ibv_fork_init() was disabled or failed, yet a fork() has been issued.
[1713955010.891220] [n-62-29-9:9972 :0]          ib_md.c:1064 UCX  WARN  IB: data corruption might occur when using registered memory.
[1713955010.891250] [n-62-29-9:9974 :0]          ib_md.c:1064 UCX  WARN  IB: data corruption might occur when using registered memory.
[1713955010.891429] [n-62-29-9:9980 :0]          ib_md.c:1063 UCX  WARN  IB: ibv_fork_init() was disabled or failed, yet a fork() has been issued.
[1713955010.891486] [n-62-29-9:9978 :0]          ib_md.c:1063 UCX  WARN  IB: ibv_fork_init() was disabled or failed, yet a fork() has been issued.
[1713955010.891512] [n-62-29-9:9980 :0]          ib_md.c:1064 UCX  WARN  IB: data corruption might occur when using registered memory.
[1713955010.891579] [n-62-29-9:9978 :0]          ib_md.c:1064 UCX  WARN  IB: data corruption might occur when using registered memory.
[1713955010.891660] [n-62-29-9:9979 :0]          ib_md.c:1063 UCX  WARN  IB: ibv_fork_init() was disabled or failed, yet a fork() has been issued.
[1713955010.891689] [n-62-29-9:9979 :0]          ib_md.c:1064 UCX  WARN  IB: data corruption might occur when using registered memory.
[1713955010.891701] [n-62-29-9:9976 :0]          ib_md.c:1063 UCX  WARN  IB: ibv_fork_init() was disabled or failed, yet a fork() has been issued.
[1713955010.891743] [n-62-29-9:9976 :0]          ib_md.c:1064 UCX  WARN  IB: data corruption might occur when using registered memory.
[1713955010.891985] [n-62-29-9:9973 :0]          ib_md.c:1063 UCX  WARN  IB: ibv_fork_init() was disabled or failed, yet a fork() has been issued.
[1713955010.892023] [n-62-29-9:9973 :0]          ib_md.c:1064 UCX  WARN  IB: data corruption might occur when using registered memory.
Calculating ground state
31 q-points in the path
=====================================
Calculating ground state
31 q-points in the path
=====================================
Calculating ground state
Calculating ground state
31 q-points in the path
=====================================
Calculating ground state
31 q-points in the path
=====================================
31 q-points in the path
=====================================
Calculating ground state
31 q-points in the path
=====================================
Calculating ground state
31 q-points in the path
=====================================
Calculating ground state
31 q-points in the path
=====================================
Calculating ground state
31 q-points in the path
=====================================
Calculating ground state
31 q-points in the path
=====================================
Calculating q=[0. 0. 0.]
Calculating ground state
31 q-points in the path
=====================================
Calculating q=[0. 0. 0.]
Calculating ground state
31 q-points in the path
=====================================
Calculating q=[0. 0. 0.]
Calculating q=[0. 0. 0.]
Calculating q=[0. 0. 0.]
Calculating q=[0. 0. 0.]
Calculating q=[0. 0. 0.]
Calculating q=[0. 0. 0.]
Calculating q=[0. 0. 0.]
Calculating q=[0. 0. 0.]
Calculating q=[0. 0. 0.]
Calculating q=[0. 0. 0.]
Energy: -15.638340144234787 eV
Magnetic moment: -4.5452727084060665e-10 Bohr magnetons
Energy: -15.638340144234787 eV
Magnetic moment: -4.5452727084060665e-10 Bohr magnetons
Energy: -15.638340144234787 eV
Magnetic moment: -4.5452727084060665e-10 Bohr magnetons
Energy: -15.638340144234787 eV
Magnetic moment: -4.5452727084060665e-10 Bohr magnetons
Energy: -15.638340144234787 eV
Magnetic moment: -4.5452727084060665e-10 Bohr magnetons
Energy: -15.638340144234787 eV
Magnetic moment: -4.5452727084060665e-10 Bohr magnetons
Energy: -15.638340144234787 eV
Magnetic moment: -4.5452727084060665e-10 Bohr magnetons
Energy: -15.638340144234787 eV
Magnetic moment: -4.5452727084060665e-10 Bohr magnetons
Energy: -15.638340144234787 eV
Magnetic moment: -4.5452727084060665e-10 Bohr magnetons
Energy: -15.638340144234787 eV
Magnetic moment: -4.5452727084060665e-10 Bohr magnetons
Energy: -15.638340144234787 eV
Magnetic moment: -4.5452727084060665e-10 Bohr magnetons
Calculating q=[0.05 0.   0.  ]
Calculating q=[0.05 0.   0.  ]
Calculating q=[0.05 0.   0.  ]
Calculating q=[0.05 0.   0.  ]
Calculating q=[0.05 0.   0.  ]
Calculating q=[0.05 0.   0.  ]
Energy: -15.638340144234787 eV
Magnetic moment: -4.5452727084060665e-10 Bohr magnetons
Calculating q=[0.05 0.   0.  ]
Calculating q=[0.05 0.   0.  ]
Calculating q=[0.05 0.   0.  ]
Calculating q=[0.05 0.   0.  ]
Calculating q=[0.05 0.   0.  ]
Calculating q=[0.05 0.   0.  ]
Energy: -15.63948143685527 eV
Magnetic moment: 3.611823634104053e-15 Bohr magnetons
Energy: -15.63948143685527 eV
Magnetic moment: 3.611823634104053e-15 Bohr magnetons
Energy: -15.63948143685527 eV
Magnetic moment: 3.611823634104053e-15 Bohr magnetons
Energy: -15.63948143685527 eV
Magnetic moment: 3.611823634104053e-15 Bohr magnetons
Energy: -15.63948143685527 eV
Magnetic moment: 3.611823634104053e-15 Bohr magnetons
Energy: -15.63948143685527 eV
Magnetic moment: 3.611823634104053e-15 Bohr magnetons
Energy: -15.63948143685527 eV
Magnetic moment: 3.611823634104053e-15 Bohr magnetons
Energy: -15.63948143685527 eV
Magnetic moment: 3.611823634104053e-15 Bohr magnetons
Energy: -15.63948143685527 eV
Magnetic moment: 3.611823634104053e-15 Bohr magnetons
Energy: -15.63948143685527 eV
Magnetic moment: 3.611823634104053e-15 Bohr magnetons
Energy: -15.63948143685527 eV
Magnetic moment: 3.611823634104053e-15 Bohr magnetons
Energy: -15.63948143685527 eV
Magnetic moment: 3.611823634104053e-15 Bohr magnetons
Calculating q=[0.1 0.  0. ]
Calculating q=[0.1 0.  0. ]
Calculating q=[0.1 0.  0. ]
Calculating q=[0.1 0.  0. ]
Calculating q=[0.1 0.  0. ]
Calculating q=[0.1 0.  0. ]
Calculating q=[0.1 0.  0. ]
Calculating q=[0.1 0.  0. ]
Calculating q=[0.1 0.  0. ]
Calculating q=[0.1 0.  0. ]
Calculating q=[0.1 0.  0. ]
Calculating q=[0.1 0.  0. ]
