venv: /zhome/84/5/147090/venv1/bin/activate
Calculating ground state
31 q-points in the path
=====================================
Calculating q=[0. 0. 0.]
Calculating ground state
31 q-points in the path
=====================================
Calculating ground state
31 q-points in the path
=====================================
Calculating q=[0. 0. 0.]
Calculating q=[0. 0. 0.]
Calculating ground state
31 q-points in the path
=====================================
Calculating q=[0. 0. 0.]
Calculating ground state
31 q-points in the path
=====================================
Calculating ground state
31 q-points in the path
=====================================
Calculating ground state
Calculating ground state
31 q-points in the path
=====================================
Calculating ground state
31 q-points in the path
=====================================
31 q-points in the path
Calculating q=[0. 0. 0.]
=====================================
Calculating q=[0. 0. 0.]
Calculating ground state
Calculating q=[0. 0. 0.]
Calculating q=[0. 0. 0.]
31 q-points in the path
Calculating q=[0. 0. 0.]
=====================================
Calculating q=[0. 0. 0.]
Calculating ground state
31 q-points in the path
=====================================
Calculating q=[0. 0. 0.]
Calculating ground state
31 q-points in the path
=====================================
Calculating q=[0. 0. 0.]
Energy: -15.292651496992585 eV
Magnetic moment: 3.1961646252333134e-10 Bohr magnetons
Energy: -15.292651496992585 eV
Magnetic moment: 3.1961646252333134e-10 Bohr magnetons
Energy: -15.292651496992585 eV
Magnetic moment: 3.1961646252333134e-10 Bohr magnetons
Energy: -15.292651496992585 eV
Energy: -15.292651496992585 eV
Magnetic moment: 3.1961646252333134e-10 Bohr magnetons
Energy: -15.292651496992585 eV
Magnetic moment: 3.1961646252333134e-10 Bohr magnetons
Energy: -15.292651496992585 eV
Magnetic moment: 3.1961646252333134e-10 Bohr magnetons
Energy: -15.292651496992585 eV
Magnetic moment: 3.1961646252333134e-10 Bohr magnetons
Energy: -15.292651496992585 eV
Magnetic moment: 3.1961646252333134e-10 Bohr magnetons
Energy: -15.292651496992585 eV
Magnetic moment: 3.1961646252333134e-10 Bohr magnetons
Energy: -15.292651496992585 eV
Magnetic moment: 3.1961646252333134e-10 Bohr magnetons
Energy: -15.292651496992585 eV
Magnetic moment: 3.1961646252333134e-10 Bohr magnetons
Magnetic moment: 3.1961646252333134e-10 Bohr magnetons
Calculating q=[0.05 0.   0.  ]
Calculating q=[0.05 0.   0.  ]
Calculating q=[0.05 0.   0.  ]
Calculating q=[0.05 0.   0.  ]
Calculating q=[0.05 0.   0.  ]
Calculating q=[0.05 0.   0.  ]
Calculating q=[0.05 0.   0.  ]
Calculating q=[0.05 0.   0.  ]
Calculating q=[0.05 0.   0.  ]
Calculating q=[0.05 0.   0.  ]
Calculating q=[0.05 0.   0.  ]
Calculating q=[0.05 0.   0.  ]
Energy: -15.29316198443785 eV
Magnetic moment: -4.09901882707588e-15 Bohr magnetons
Energy: -15.29316198443785 eV
Magnetic moment: -4.09901882707588e-15 Bohr magnetons
Energy: -15.29316198443785 eV
Magnetic moment: -4.09901882707588e-15 Bohr magnetons
Energy: -15.29316198443785 eV
Magnetic moment: -4.09901882707588e-15 Bohr magnetons
Energy: -15.29316198443785 eV
Magnetic moment: -4.09901882707588e-15 Bohr magnetons
Energy: -15.29316198443785 eV
Magnetic moment: -4.09901882707588e-15 Bohr magnetons
Energy: -15.29316198443785 eV
Magnetic moment: -4.09901882707588e-15 Bohr magnetons
Energy: -15.29316198443785 eV
Magnetic moment: -4.09901882707588e-15 Bohr magnetons
Energy: -15.29316198443785 eV
Magnetic moment: -4.09901882707588e-15 Bohr magnetons
Energy: -15.29316198443785 eV
Magnetic moment: -4.09901882707588e-15 Bohr magnetons
Energy: -15.29316198443785 eV
Magnetic moment: -4.09901882707588e-15 Bohr magnetons
Energy: -15.29316198443785 eV
Magnetic moment: -4.09901882707588e-15 Bohr magnetons
Calculating q=[0.1 0.  0. ]
Calculating q=[0.1 0.  0. ]
Calculating q=[0.1 0.  0. ]
Calculating q=[0.1 0.  0. ]
Calculating q=[0.1 0.  0. ]
Calculating q=[0.1 0.  0. ]
Calculating q=[0.1 0.  0. ]
Calculating q=[0.1 0.  0. ]
Calculating q=[0.1 0.  0. ]
Calculating q=[0.1 0.  0. ]
Calculating q=[0.1 0.  0. ]
Calculating q=[0.1 0.  0. ]
Energy: -15.294580795904212 eV
Magnetic moment: -3.606126046794941e-15 Bohr magnetons
Energy: -15.294580795904212 eV
Magnetic moment: -3.606126046794941e-15 Bohr magnetons
Energy: -15.294580795904212 eV
Magnetic moment: -3.606126046794941e-15 Bohr magnetons
Energy: -15.294580795904212 eV
Magnetic moment: -3.606126046794941e-15 Bohr magnetons
Energy: -15.294580795904212 eV
Magnetic moment: -3.606126046794941e-15 Bohr magnetons
Energy: -15.294580795904212 eV
Magnetic moment: -3.606126046794941e-15 Bohr magnetons
Energy: -15.294580795904212 eV
Magnetic moment: -3.606126046794941e-15 Bohr magnetons
Energy: -15.294580795904212 eV
Magnetic moment: -3.606126046794941e-15 Bohr magnetons
Energy: -15.294580795904212 eV
Magnetic moment: -3.606126046794941e-15 Bohr magnetons
Energy: -15.294580795904212 eV
Magnetic moment: -3.606126046794941e-15 Bohr magnetons
Energy: -15.294580795904212 eV
Magnetic moment: -3.606126046794941e-15 Bohr magnetons
Energy: -15.294580795904212 eV
Calculating q=[0.15 0.   0.  ]
Calculating q=[0.15 0.   0.  ]
Calculating q=[0.15 0.   0.  ]
Calculating q=[0.15 0.   0.  ]
Calculating q=[0.15 0.   0.  ]
Calculating q=[0.15 0.   0.  ]
Calculating q=[0.15 0.   0.  ]
Calculating q=[0.15 0.   0.  ]
Calculating q=[0.15 0.   0.  ]
Calculating q=[0.15 0.   0.  ]
Calculating q=[0.15 0.   0.  ]
Magnetic moment: -3.606126046794941e-15 Bohr magnetons
Calculating q=[0.15 0.   0.  ]
Energy: -15.296586140391643 eV
Magnetic moment: -1.6929824607193424e-14 Bohr magnetons
Energy: -15.296586140391643 eV
Magnetic moment: -1.6929824607193424e-14 Bohr magnetons
Energy: -15.296586140391643 eV
Magnetic moment: -1.6929824607193424e-14 Bohr magnetons
Energy: -15.296586140391643 eV
Magnetic moment: -1.6929824607193424e-14 Bohr magnetons
Energy: -15.296586140391643 eV
Magnetic moment: -1.6929824607193424e-14 Bohr magnetons
Energy: -15.296586140391643 eV
Magnetic moment: -1.6929824607193424e-14 Bohr magnetons
Energy: -15.296586140391643 eV
Magnetic moment: -1.6929824607193424e-14 Bohr magnetons
Energy: -15.296586140391643 eV
Magnetic moment: -1.6929824607193424e-14 Bohr magnetons
Energy: -15.296586140391643 eV
Magnetic moment: -1.6929824607193424e-14 Bohr magnetons
Energy: -15.296586140391643 eV
Magnetic moment: -1.6929824607193424e-14 Bohr magnetons
Energy: -15.296586140391643 eV
Magnetic moment: -1.6929824607193424e-14 Bohr magnetons
Energy: -15.296586140391643 eV
Magnetic moment: -1.6929824607193424e-14 Bohr magnetons
Calculating q=[0.2 0.  0. ]
Calculating q=[0.2 0.  0. ]
Calculating q=[0.2 0.  0. ]
Calculating q=[0.2 0.  0. ]
Calculating q=[0.2 0.  0. ]
Calculating q=[0.2 0.  0. ]
Calculating q=[0.2 0.  0. ]
Calculating q=[0.2 0.  0. ]
Calculating q=[0.2 0.  0. ]
Calculating q=[0.2 0.  0. ]
Calculating q=[0.2 0.  0. ]
Calculating q=[0.2 0.  0. ]
Energy: -15.298764275078295 eV
Magnetic moment: -2.2875318219948052e-10 Bohr magnetons
Energy: -15.298764275078295 eV
Magnetic moment: -2.2875318219948052e-10 Bohr magnetons
Energy: -15.298764275078295 eV
Magnetic moment: -2.2875318219948052e-10 Bohr magnetons
Energy: -15.298764275078295 eV
Magnetic moment: -2.2875318219948052e-10 Bohr magnetons
Energy: -15.298764275078295 eV
Magnetic moment: -2.2875318219948052e-10 Bohr magnetons
Energy: -15.298764275078295 eV
Magnetic moment: -2.2875318219948052e-10 Bohr magnetons
Energy: -15.298764275078295 eV
Magnetic moment: -2.2875318219948052e-10 Bohr magnetons
Energy: -15.298764275078295 eV
Magnetic moment: -2.2875318219948052e-10 Bohr magnetons
Energy: -15.298764275078295 eV
Magnetic moment: -2.2875318219948052e-10 Bohr magnetons
Energy: -15.298764275078295 eV
Magnetic moment: -2.2875318219948052e-10 Bohr magnetons
Energy: -15.298764275078295 eV
Magnetic moment: -2.2875318219948052e-10 Bohr magnetons
Energy: -15.298764275078295 eV
Magnetic moment: -2.2875318219948052e-10 Bohr magnetons
Calculating q=[0.25 0.   0.  ]
Calculating q=[0.25 0.   0.  ]
Calculating q=[0.25 0.   0.  ]
Calculating q=[0.25 0.   0.  ]
Calculating q=[0.25 0.   0.  ]
Calculating q=[0.25 0.   0.  ]
Calculating q=[0.25 0.   0.  ]
Calculating q=[0.25 0.   0.  ]
Calculating q=[0.25 0.   0.  ]
Calculating q=[0.25 0.   0.  ]
Calculating q=[0.25 0.   0.  ]
Calculating q=[0.25 0.   0.  ]
Energy: -15.300721611637389 eV
Magnetic moment: -7.355314324083146e-13 Bohr magnetons
Energy: -15.300721611637389 eV
Magnetic moment: -7.355314324083146e-13 Bohr magnetons
Energy: -15.300721611637389 eV
Magnetic moment: -7.355314324083146e-13 Bohr magnetons
Energy: -15.300721611637389 eV
Magnetic moment: -7.355314324083146e-13 Bohr magnetons
Energy: -15.300721611637389 eV
Magnetic moment: -7.355314324083146e-13 Bohr magnetons
Energy: -15.300721611637389 eV
Magnetic moment: -7.355314324083146e-13 Bohr magnetons
Energy: -15.300721611637389 eV
Magnetic moment: -7.355314324083146e-13 Bohr magnetons
Energy: -15.300721611637389 eV
Magnetic moment: -7.355314324083146e-13 Bohr magnetons
Energy: -15.300721611637389 eV
Magnetic moment: -7.355314324083146e-13 Bohr magnetons
Energy: -15.300721611637389 eV
Magnetic moment: -7.355314324083146e-13 Bohr magnetons
Energy: -15.300721611637389 eV
Magnetic moment: -7.355314324083146e-13 Bohr magnetons
Energy: -15.300721611637389 eV
Magnetic moment: -7.355314324083146e-13 Bohr magnetons
Calculating q=[0.3 0.  0. ]
Calculating q=[0.3 0.  0. ]
Calculating q=[0.3 0.  0. ]
Calculating q=[0.3 0.  0. ]
Calculating q=[0.3 0.  0. ]
Calculating q=[0.3 0.  0. ]
Calculating q=[0.3 0.  0. ]
Calculating q=[0.3 0.  0. ]
Calculating q=[0.3 0.  0. ]
Calculating q=[0.3 0.  0. ]
Calculating q=[0.3 0.  0. ]
Calculating q=[0.3 0.  0. ]
Energy: -15.302208052504048 eV
Magnetic moment: -6.533980190062948e-15 Bohr magnetons
Energy: -15.302208052504048 eV
Magnetic moment: -6.533980190062948e-15 Bohr magnetons
Energy: -15.302208052504048 eV
Magnetic moment: -6.533980190062948e-15 Bohr magnetons
Energy: -15.302208052504048 eV
Magnetic moment: -6.533980190062948e-15 Bohr magnetons
Energy: -15.302208052504048 eV
Magnetic moment: -6.533980190062948e-15 Bohr magnetons
Energy: -15.302208052504048 eV
Magnetic moment: -6.533980190062948e-15 Bohr magnetons
Energy: -15.302208052504048 eV
Magnetic moment: -6.533980190062948e-15 Bohr magnetons
Energy: -15.302208052504048 eV
Magnetic moment: -6.533980190062948e-15 Bohr magnetons
Energy: -15.302208052504048 eV
Magnetic moment: -6.533980190062948e-15 Bohr magnetons
Energy: -15.302208052504048 eV
Magnetic moment: -6.533980190062948e-15 Bohr magnetons
Energy: -15.302208052504048 eV
Magnetic moment: -6.533980190062948e-15 Bohr magnetons
Energy: -15.302208052504048 eV
Calculating q=[0.35 0.   0.  ]
Calculating q=[0.35 0.   0.  ]
Calculating q=[0.35 0.   0.  ]
Calculating q=[0.35 0.   0.  ]
Calculating q=[0.35 0.   0.  ]
Calculating q=[0.35 0.   0.  ]
Calculating q=[0.35 0.   0.  ]
Calculating q=[0.35 0.   0.  ]
Calculating q=[0.35 0.   0.  ]
Calculating q=[0.35 0.   0.  ]
Calculating q=[0.35 0.   0.  ]
Magnetic moment: -6.533980190062948e-15 Bohr magnetons
Calculating q=[0.35 0.   0.  ]
Energy: -15.303146113001954 eV
Magnetic moment: -2.5750948976496383e-15 Bohr magnetons
Energy: -15.303146113001954 eV
Magnetic moment: -2.5750948976496383e-15 Bohr magnetons
Energy: -15.303146113001954 eV
Magnetic moment: -2.5750948976496383e-15 Bohr magnetons
Energy: -15.303146113001954 eV
Magnetic moment: -2.5750948976496383e-15 Bohr magnetons
Energy: -15.303146113001954 eV
Magnetic moment: -2.5750948976496383e-15 Bohr magnetons
Energy: -15.303146113001954 eV
Magnetic moment: -2.5750948976496383e-15 Bohr magnetons
Energy: -15.303146113001954 eV
Magnetic moment: -2.5750948976496383e-15 Bohr magnetons
Energy: -15.303146113001954 eV
Magnetic moment: -2.5750948976496383e-15 Bohr magnetons
Energy: -15.303146113001954 eV
Magnetic moment: -2.5750948976496383e-15 Bohr magnetons
Energy: -15.303146113001954 eV
Magnetic moment: -2.5750948976496383e-15 Bohr magnetons
Energy: -15.303146113001954 eV
Magnetic moment: -2.5750948976496383e-15 Bohr magnetons
Energy: -15.303146113001954 eV
Magnetic moment: -2.5750948976496383e-15 Bohr magnetons
Calculating q=[0.4 0.  0. ]
Calculating q=[0.4 0.  0. ]
Calculating q=[0.4 0.  0. ]
Calculating q=[0.4 0.  0. ]
Calculating q=[0.4 0.  0. ]
Calculating q=[0.4 0.  0. ]
Calculating q=[0.4 0.  0. ]
Calculating q=[0.4 0.  0. ]
Calculating q=[0.4 0.  0. ]
Calculating q=[0.4 0.  0. ]
Calculating q=[0.4 0.  0. ]
Calculating q=[0.4 0.  0. ]
Energy: -15.303617844467077 eV
Magnetic moment: 2.456374201436289e-15 Bohr magnetons
Calculating q=[0.45 0.   0.  ]
Energy: -15.303617844467077 eV
Magnetic moment: 2.456374201436289e-15 Bohr magnetons
Calculating q=[0.45 0.   0.  ]
Energy: -15.303617844467077 eV
Magnetic moment: 2.456374201436289e-15 Bohr magnetons
Calculating q=[0.45 0.   0.  ]
Energy: -15.303617844467077 eV
Magnetic moment: 2.456374201436289e-15 Bohr magnetons
Calculating q=[0.45 0.   0.  ]
Energy: -15.303617844467077 eV
Magnetic moment: 2.456374201436289e-15 Bohr magnetons
Calculating q=[0.45 0.   0.  ]
Energy: -15.303617844467077 eV
Magnetic moment: 2.456374201436289e-15 Bohr magnetons
Calculating q=[0.45 0.   0.  ]
Energy: -15.303617844467077 eV
Magnetic moment: 2.456374201436289e-15 Bohr magnetons
Calculating q=[0.45 0.   0.  ]
Energy: -15.303617844467077 eV
Magnetic moment: 2.456374201436289e-15 Bohr magnetons
Calculating q=[0.45 0.   0.  ]
Energy: -15.303617844467077 eV
Magnetic moment: 2.456374201436289e-15 Bohr magnetons
Calculating q=[0.45 0.   0.  ]
Energy: -15.303617844467077 eV
Magnetic moment: 2.456374201436289e-15 Bohr magnetons
Calculating q=[0.45 0.   0.  ]
Energy: -15.303617844467077 eV
Magnetic moment: 2.456374201436289e-15 Bohr magnetons
Calculating q=[0.45 0.   0.  ]
Energy: -15.303617844467077 eV
Magnetic moment: 2.456374201436289e-15 Bohr magnetons
Calculating q=[0.45 0.   0.  ]
Energy: -15.303781082206703 eV
Magnetic moment: -2.373836265950016e-14 Bohr magnetons
Energy: -15.303781082206703 eV
Magnetic moment: -2.373836265950016e-14 Bohr magnetons
Energy: -15.303781082206703 eV
Magnetic moment: -2.373836265950016e-14 Bohr magnetons
Energy: -15.303781082206703 eV
Magnetic moment: -2.373836265950016e-14 Bohr magnetons
Energy: -15.303781082206703 eV
Magnetic moment: -2.373836265950016e-14 Bohr magnetons
Energy: -15.303781082206703 eV
Magnetic moment: -2.373836265950016e-14 Bohr magnetons
Energy: -15.303781082206703 eV
Magnetic moment: -2.373836265950016e-14 Bohr magnetons
Energy: -15.303781082206703 eV
Magnetic moment: -2.373836265950016e-14 Bohr magnetons
Energy: -15.303781082206703 eV
Magnetic moment: -2.373836265950016e-14 Bohr magnetons
Energy: -15.303781082206703 eV
Magnetic moment: -2.373836265950016e-14 Bohr magnetons
Energy: -15.303781082206703 eV
Magnetic moment: -2.373836265950016e-14 Bohr magnetons
Energy: -15.303781082206703 eV
Magnetic moment: -2.373836265950016e-14 Bohr magnetons
Calculating q=[0.5 0.  0. ]
Calculating q=[0.5 0.  0. ]
Calculating q=[0.5 0.  0. ]
Calculating q=[0.5 0.  0. ]
Calculating q=[0.5 0.  0. ]
Calculating q=[0.5 0.  0. ]
Calculating q=[0.5 0.  0. ]
Calculating q=[0.5 0.  0. ]
Calculating q=[0.5 0.  0. ]
Calculating q=[0.5 0.  0. ]
Calculating q=[0.5 0.  0. ]
Calculating q=[0.5 0.  0. ]
Energy: -15.30380486491789 eV
Magnetic moment: -1.4889033215470304e-16 Bohr magnetons
Energy: -15.30380486491789 eV
Magnetic moment: -1.4889033215470304e-16 Bohr magnetons
Energy: -15.30380486491789 eV
Magnetic moment: -1.4889033215470304e-16 Bohr magnetons
Energy: -15.30380486491789 eV
Magnetic moment: -1.4889033215470304e-16 Bohr magnetons
Energy: -15.30380486491789 eV
Magnetic moment: -1.4889033215470304e-16 Bohr magnetons
Energy: -15.30380486491789 eV
Magnetic moment: -1.4889033215470304e-16 Bohr magnetons
Energy: -15.30380486491789 eV
Magnetic moment: -1.4889033215470304e-16 Bohr magnetons
Energy: -15.30380486491789 eV
Magnetic moment: -1.4889033215470304e-16 Bohr magnetons
Energy: -15.30380486491789 eV
Magnetic moment: -1.4889033215470304e-16 Bohr magnetons
Energy: -15.30380486491789 eV
Magnetic moment: -1.4889033215470304e-16 Bohr magnetons
Energy: -15.30380486491789 eV
Magnetic moment: -1.4889033215470304e-16 Bohr magnetons
Energy: -15.30380486491789 eV
Magnetic moment: -1.4889033215470304e-16 Bohr magnetons
Calculating q=[0.47222222 0.05555556 0.        ]
Calculating q=[0.47222222 0.05555556 0.        ]
Calculating q=[0.47222222 0.05555556 0.        ]
Calculating q=[0.47222222 0.05555556 0.        ]
Calculating q=[0.47222222 0.05555556 0.        ]
Calculating q=[0.47222222 0.05555556 0.        ]
Calculating q=[0.47222222 0.05555556 0.        ]
Calculating q=[0.47222222 0.05555556 0.        ]
Calculating q=[0.47222222 0.05555556 0.        ]
Calculating q=[0.47222222 0.05555556 0.        ]
Calculating q=[0.47222222 0.05555556 0.        ]
Calculating q=[0.47222222 0.05555556 0.        ]
Energy: -15.304082338444232 eV
Magnetic moment: 1.3964293842630753e-15 Bohr magnetons
Energy: -15.304082338444232 eV
Magnetic moment: 1.3964293842630753e-15 Bohr magnetons
Energy: -15.304082338444232 eV
Magnetic moment: 1.3964293842630753e-15 Bohr magnetons
Energy: -15.304082338444232 eV
Magnetic moment: 1.3964293842630753e-15 Bohr magnetons
Energy: -15.304082338444232 eV
Magnetic moment: 1.3964293842630753e-15 Bohr magnetons
Energy: -15.304082338444232 eV
Magnetic moment: 1.3964293842630753e-15 Bohr magnetons
Energy: -15.304082338444232 eV
Magnetic moment: 1.3964293842630753e-15 Bohr magnetons
Energy: -15.304082338444232 eV
Magnetic moment: 1.3964293842630753e-15 Bohr magnetons
Energy: -15.304082338444232 eV
Magnetic moment: 1.3964293842630753e-15 Bohr magnetons
Energy: -15.304082338444232 eV
Magnetic moment: 1.3964293842630753e-15 Bohr magnetons
Energy: -15.304082338444232 eV
Magnetic moment: 1.3964293842630753e-15 Bohr magnetons
Energy: -15.304082338444232 eV
Calculating q=[0.44444444 0.11111111 0.        ]
Calculating q=[0.44444444 0.11111111 0.        ]
Calculating q=[0.44444444 0.11111111 0.        ]
Calculating q=[0.44444444 0.11111111 0.        ]
Calculating q=[0.44444444 0.11111111 0.        ]
Calculating q=[0.44444444 0.11111111 0.        ]
Calculating q=[0.44444444 0.11111111 0.        ]
Calculating q=[0.44444444 0.11111111 0.        ]
Calculating q=[0.44444444 0.11111111 0.        ]
Calculating q=[0.44444444 0.11111111 0.        ]
Calculating q=[0.44444444 0.11111111 0.        ]
Magnetic moment: 1.3964293842630753e-15 Bohr magnetons
Calculating q=[0.44444444 0.11111111 0.        ]
Energy: -15.304826925673753 eV
Magnetic moment: 5.268580040036e-15 Bohr magnetons
Energy: -15.304826925673753 eV
Magnetic moment: 5.268580040036e-15 Bohr magnetons
Energy: -15.304826925673753 eV
Magnetic moment: 5.268580040036e-15 Bohr magnetons
Energy: -15.304826925673753 eV
Magnetic moment: 5.268580040036e-15 Bohr magnetons
Energy: -15.304826925673753 eV
Magnetic moment: 5.268580040036e-15 Bohr magnetons
Energy: -15.304826925673753 eV
Magnetic moment: 5.268580040036e-15 Bohr magnetons
Energy: -15.304826925673753 eV
Magnetic moment: 5.268580040036e-15 Bohr magnetons
Energy: -15.304826925673753 eV
Magnetic moment: 5.268580040036e-15 Bohr magnetons
Energy: -15.304826925673753 eV
Magnetic moment: 5.268580040036e-15 Bohr magnetons
Energy: -15.304826925673753 eV
Magnetic moment: 5.268580040036e-15 Bohr magnetons
Energy: -15.304826925673753 eV
Magnetic moment: 5.268580040036e-15 Bohr magnetons
Energy: -15.304826925673753 eV
Calculating q=[0.41666667 0.16666667 0.        ]
Calculating q=[0.41666667 0.16666667 0.        ]
Calculating q=[0.41666667 0.16666667 0.        ]
Calculating q=[0.41666667 0.16666667 0.        ]
Calculating q=[0.41666667 0.16666667 0.        ]
Calculating q=[0.41666667 0.16666667 0.        ]
Calculating q=[0.41666667 0.16666667 0.        ]
Calculating q=[0.41666667 0.16666667 0.        ]
Calculating q=[0.41666667 0.16666667 0.        ]
Calculating q=[0.41666667 0.16666667 0.        ]
Calculating q=[0.41666667 0.16666667 0.        ]
Magnetic moment: 5.268580040036e-15 Bohr magnetons
Calculating q=[0.41666667 0.16666667 0.        ]
Energy: -15.305791363587169 eV
Magnetic moment: -4.887735238039877e-15 Bohr magnetons
Energy: -15.305791363587169 eV
Magnetic moment: -4.887735238039877e-15 Bohr magnetons
Energy: -15.305791363587169 eV
Magnetic moment: -4.887735238039877e-15 Bohr magnetons
Energy: -15.305791363587169 eV
Magnetic moment: -4.887735238039877e-15 Bohr magnetons
Energy: -15.305791363587169 eV
Magnetic moment: -4.887735238039877e-15 Bohr magnetons
Energy: -15.305791363587169 eV
Magnetic moment: -4.887735238039877e-15 Bohr magnetons
Energy: -15.305791363587169 eV
Magnetic moment: -4.887735238039877e-15 Bohr magnetons
Energy: -15.305791363587169 eV
Magnetic moment: -4.887735238039877e-15 Bohr magnetons
Energy: -15.305791363587169 eV
Magnetic moment: -4.887735238039877e-15 Bohr magnetons
Energy: -15.305791363587169 eV
Magnetic moment: -4.887735238039877e-15 Bohr magnetons
Energy: -15.305791363587169 eV
Magnetic moment: -4.887735238039877e-15 Bohr magnetons
Energy: -15.305791363587169 eV
Magnetic moment: -4.887735238039877e-15 Bohr magnetons
Calculating q=[0.38888889 0.22222222 0.        ]
Calculating q=[0.38888889 0.22222222 0.        ]
Calculating q=[0.38888889 0.22222222 0.        ]
Calculating q=[0.38888889 0.22222222 0.        ]
Calculating q=[0.38888889 0.22222222 0.        ]
Calculating q=[0.38888889 0.22222222 0.        ]
Calculating q=[0.38888889 0.22222222 0.        ]
Calculating q=[0.38888889 0.22222222 0.        ]
Calculating q=[0.38888889 0.22222222 0.        ]
Calculating q=[0.38888889 0.22222222 0.        ]
Calculating q=[0.38888889 0.22222222 0.        ]
Calculating q=[0.38888889 0.22222222 0.        ]
Energy: -15.306690779287795 eV
Magnetic moment: 5.438230637999519e-15 Bohr magnetons
Energy: -15.306690779287795 eV
Magnetic moment: 5.438230637999519e-15 Bohr magnetons
Energy: -15.306690779287795 eV
Magnetic moment: 5.438230637999519e-15 Bohr magnetons
Energy: -15.306690779287795 eV
Magnetic moment: 5.438230637999519e-15 Bohr magnetons
Energy: -15.306690779287795 eV
Magnetic moment: 5.438230637999519e-15 Bohr magnetons
Energy: -15.306690779287795 eV
Magnetic moment: 5.438230637999519e-15 Bohr magnetons
Energy: -15.306690779287795 eV
Magnetic moment: 5.438230637999519e-15 Bohr magnetons
Energy: -15.306690779287795 eV
Magnetic moment: 5.438230637999519e-15 Bohr magnetons
Energy: -15.306690779287795 eV
Magnetic moment: 5.438230637999519e-15 Bohr magnetons
Energy: -15.306690779287795 eV
Magnetic moment: 5.438230637999519e-15 Bohr magnetons
Energy: -15.306690779287795 eV
Magnetic moment: 5.438230637999519e-15 Bohr magnetons
Energy: -15.306690779287795 eV
Magnetic moment: 5.438230637999519e-15 Bohr magnetons
Calculating q=[0.36111111 0.27777778 0.        ]
Calculating q=[0.36111111 0.27777778 0.        ]
Calculating q=[0.36111111 0.27777778 0.        ]
Calculating q=[0.36111111 0.27777778 0.        ]
Calculating q=[0.36111111 0.27777778 0.        ]
Calculating q=[0.36111111 0.27777778 0.        ]
Calculating q=[0.36111111 0.27777778 0.        ]
Calculating q=[0.36111111 0.27777778 0.        ]
Calculating q=[0.36111111 0.27777778 0.        ]
Calculating q=[0.36111111 0.27777778 0.        ]
Calculating q=[0.36111111 0.27777778 0.        ]
Calculating q=[0.36111111 0.27777778 0.        ]
Energy: -15.307291668040875 eV
Magnetic moment: -1.0241974588603981e-14 Bohr magnetons
Energy: -15.307291668040875 eV
Magnetic moment: -1.0241974588603981e-14 Bohr magnetons
Energy: -15.307291668040875 eV
Magnetic moment: -1.0241974588603981e-14 Bohr magnetons
Energy: -15.307291668040875 eV
Magnetic moment: -1.0241974588603981e-14 Bohr magnetons
Energy: -15.307291668040875 eV
Magnetic moment: -1.0241974588603981e-14 Bohr magnetons
Energy: -15.307291668040875 eV
Magnetic moment: -1.0241974588603981e-14 Bohr magnetons
Energy: -15.307291668040875 eV
Magnetic moment: -1.0241974588603981e-14 Bohr magnetons
Energy: -15.307291668040875 eV
Magnetic moment: -1.0241974588603981e-14 Bohr magnetons
Energy: -15.307291668040875 eV
Magnetic moment: -1.0241974588603981e-14 Bohr magnetons
Energy: -15.307291668040875 eV
Magnetic moment: -1.0241974588603981e-14 Bohr magnetons
Energy: -15.307291668040875 eV
Magnetic moment: -1.0241974588603981e-14 Bohr magnetons
Energy: -15.307291668040875 eV
Magnetic moment: -1.0241974588603981e-14 Bohr magnetons
Calculating q=[0.33333333 0.33333333 0.        ]
Calculating q=[0.33333333 0.33333333 0.        ]
Calculating q=[0.33333333 0.33333333 0.        ]
Calculating q=[0.33333333 0.33333333 0.        ]
Calculating q=[0.33333333 0.33333333 0.        ]
Calculating q=[0.33333333 0.33333333 0.        ]
Calculating q=[0.33333333 0.33333333 0.        ]
Calculating q=[0.33333333 0.33333333 0.        ]
Calculating q=[0.33333333 0.33333333 0.        ]
Calculating q=[0.33333333 0.33333333 0.        ]
Calculating q=[0.33333333 0.33333333 0.        ]
Calculating q=[0.33333333 0.33333333 0.        ]
Energy: -15.307484104200544 eV
Magnetic moment: 3.9118849958699785e-15 Bohr magnetons
Energy: -15.307484104200544 eV
Magnetic moment: 3.9118849958699785e-15 Bohr magnetons
Energy: -15.307484104200544 eV
Magnetic moment: 3.9118849958699785e-15 Bohr magnetons
Energy: -15.307484104200544 eV
Magnetic moment: 3.9118849958699785e-15 Bohr magnetons
Energy: -15.307484104200544 eV
Magnetic moment: 3.9118849958699785e-15 Bohr magnetons
Energy: -15.307484104200544 eV
Magnetic moment: 3.9118849958699785e-15 Bohr magnetons
Energy: -15.307484104200544 eV
Magnetic moment: 3.9118849958699785e-15 Bohr magnetons
Energy: -15.307484104200544 eV
Magnetic moment: 3.9118849958699785e-15 Bohr magnetons
Energy: -15.307484104200544 eV
Magnetic moment: 3.9118849958699785e-15 Bohr magnetons
Energy: -15.307484104200544 eV
Magnetic moment: 3.9118849958699785e-15 Bohr magnetons
Energy: -15.307484104200544 eV
Magnetic moment: 3.9118849958699785e-15 Bohr magnetons
Energy: -15.307484104200544 eV
Magnetic moment: 3.9118849958699785e-15 Bohr magnetons
Calculating q=[0.30952381 0.30952381 0.        ]
Calculating q=[0.30952381 0.30952381 0.        ]
Calculating q=[0.30952381 0.30952381 0.        ]
Calculating q=[0.30952381 0.30952381 0.        ]
Calculating q=[0.30952381 0.30952381 0.        ]
Calculating q=[0.30952381 0.30952381 0.        ]
Calculating q=[0.30952381 0.30952381 0.        ]
Calculating q=[0.30952381 0.30952381 0.        ]
Calculating q=[0.30952381 0.30952381 0.        ]
Calculating q=[0.30952381 0.30952381 0.        ]
Calculating q=[0.30952381 0.30952381 0.        ]
Calculating q=[0.30952381 0.30952381 0.        ]
Energy: -15.307359195847567 eV
Magnetic moment: 2.194897393968964e-16 Bohr magnetons
Energy: -15.307359195847567 eV
Magnetic moment: 2.194897393968964e-16 Bohr magnetons
Energy: -15.307359195847567 eV
Magnetic moment: 2.194897393968964e-16 Bohr magnetons
Energy: -15.307359195847567 eV
Magnetic moment: 2.194897393968964e-16 Bohr magnetons
Energy: -15.307359195847567 eV
Magnetic moment: 2.194897393968964e-16 Bohr magnetons
Energy: -15.307359195847567 eV
Magnetic moment: 2.194897393968964e-16 Bohr magnetons
Energy: -15.307359195847567 eV
Magnetic moment: 2.194897393968964e-16 Bohr magnetons
Energy: -15.307359195847567 eV
Magnetic moment: 2.194897393968964e-16 Bohr magnetons
Energy: -15.307359195847567 eV
Magnetic moment: 2.194897393968964e-16 Bohr magnetons
Energy: -15.307359195847567 eV
Magnetic moment: 2.194897393968964e-16 Bohr magnetons
Energy: -15.307359195847567 eV
Magnetic moment: 2.194897393968964e-16 Bohr magnetons
Energy: -15.307359195847567 eV
Calculating q=[0.28571429 0.28571429 0.        ]
Calculating q=[0.28571429 0.28571429 0.        ]
Calculating q=[0.28571429 0.28571429 0.        ]
Calculating q=[0.28571429 0.28571429 0.        ]
Calculating q=[0.28571429 0.28571429 0.        ]
Calculating q=[0.28571429 0.28571429 0.        ]
Calculating q=[0.28571429 0.28571429 0.        ]
Calculating q=[0.28571429 0.28571429 0.        ]
Calculating q=[0.28571429 0.28571429 0.        ]
Calculating q=[0.28571429 0.28571429 0.        ]
Calculating q=[0.28571429 0.28571429 0.        ]
Magnetic moment: 2.194897393968964e-16 Bohr magnetons
Calculating q=[0.28571429 0.28571429 0.        ]
Energy: -15.306983955655681 eV
Magnetic moment: 1.2420451480973768e-14 Bohr magnetons
Energy: -15.306983955655681 eV
Magnetic moment: 1.2420451480973768e-14 Bohr magnetons
Energy: -15.306983955655681 eV
Magnetic moment: 1.2420451480973768e-14 Bohr magnetons
Energy: -15.306983955655681 eV
Magnetic moment: 1.2420451480973768e-14 Bohr magnetons
Energy: -15.306983955655681 eV
Magnetic moment: 1.2420451480973768e-14 Bohr magnetons
Energy: -15.306983955655681 eV
Magnetic moment: 1.2420451480973768e-14 Bohr magnetons
Energy: -15.306983955655681 eV
Magnetic moment: 1.2420451480973768e-14 Bohr magnetons
Energy: -15.306983955655681 eV
Magnetic moment: 1.2420451480973768e-14 Bohr magnetons
Energy: -15.306983955655681 eV
Magnetic moment: 1.2420451480973768e-14 Bohr magnetons
Energy: -15.306983955655681 eV
Magnetic moment: 1.2420451480973768e-14 Bohr magnetons
Energy: -15.306983955655681 eV
Magnetic moment: 1.2420451480973768e-14 Bohr magnetons
Energy: -15.306983955655681 eV
Magnetic moment: 1.2420451480973768e-14 Bohr magnetons
Calculating q=[0.26190476 0.26190476 0.        ]
Calculating q=[0.26190476 0.26190476 0.        ]
Calculating q=[0.26190476 0.26190476 0.        ]
Calculating q=[0.26190476 0.26190476 0.        ]
Calculating q=[0.26190476 0.26190476 0.        ]
Calculating q=[0.26190476 0.26190476 0.        ]
Calculating q=[0.26190476 0.26190476 0.        ]
Calculating q=[0.26190476 0.26190476 0.        ]
Calculating q=[0.26190476 0.26190476 0.        ]
Calculating q=[0.26190476 0.26190476 0.        ]
Calculating q=[0.26190476 0.26190476 0.        ]
Calculating q=[0.26190476 0.26190476 0.        ]
Energy: -15.306411569867974 eV
Magnetic moment: -3.5156566873519515e-15 Bohr magnetons
Energy: -15.306411569867974 eV
Magnetic moment: -3.5156566873519515e-15 Bohr magnetons
Energy: -15.306411569867974 eV
Magnetic moment: -3.5156566873519515e-15 Bohr magnetons
Energy: -15.306411569867974 eV
Magnetic moment: -3.5156566873519515e-15 Bohr magnetons
Energy: -15.306411569867974 eV
Magnetic moment: -3.5156566873519515e-15 Bohr magnetons
Energy: -15.306411569867974 eV
Magnetic moment: -3.5156566873519515e-15 Bohr magnetons
Energy: -15.306411569867974 eV
Magnetic moment: -3.5156566873519515e-15 Bohr magnetons
Energy: -15.306411569867974 eV
Magnetic moment: -3.5156566873519515e-15 Bohr magnetons
Energy: -15.306411569867974 eV
Magnetic moment: -3.5156566873519515e-15 Bohr magnetons
Energy: -15.306411569867974 eV
Magnetic moment: -3.5156566873519515e-15 Bohr magnetons
Energy: -15.306411569867974 eV
Magnetic moment: -3.5156566873519515e-15 Bohr magnetons
Energy: -15.306411569867974 eV
Magnetic moment: -3.5156566873519515e-15 Bohr magnetons
Calculating q=[0.23809524 0.23809524 0.        ]
Calculating q=[0.23809524 0.23809524 0.        ]
Calculating q=[0.23809524 0.23809524 0.        ]
Calculating q=[0.23809524 0.23809524 0.        ]
Calculating q=[0.23809524 0.23809524 0.        ]
Calculating q=[0.23809524 0.23809524 0.        ]
Calculating q=[0.23809524 0.23809524 0.        ]
Calculating q=[0.23809524 0.23809524 0.        ]
Calculating q=[0.23809524 0.23809524 0.        ]
Calculating q=[0.23809524 0.23809524 0.        ]
Calculating q=[0.23809524 0.23809524 0.        ]
Calculating q=[0.23809524 0.23809524 0.        ]
Energy: -15.305678116606652 eV
Magnetic moment: 2.827647583745762e-15 Bohr magnetons
Energy: -15.305678116606652 eV
Magnetic moment: 2.827647583745762e-15 Bohr magnetons
Energy: -15.305678116606652 eV
Magnetic moment: 2.827647583745762e-15 Bohr magnetons
Energy: -15.305678116606652 eV
Magnetic moment: 2.827647583745762e-15 Bohr magnetons
Energy: -15.305678116606652 eV
Magnetic moment: 2.827647583745762e-15 Bohr magnetons
Energy: -15.305678116606652 eV
Magnetic moment: 2.827647583745762e-15 Bohr magnetons
Energy: -15.305678116606652 eV
Magnetic moment: 2.827647583745762e-15 Bohr magnetons
Energy: -15.305678116606652 eV
Magnetic moment: 2.827647583745762e-15 Bohr magnetons
Energy: -15.305678116606652 eV
Magnetic moment: 2.827647583745762e-15 Bohr magnetons
Energy: -15.305678116606652 eV
Magnetic moment: 2.827647583745762e-15 Bohr magnetons
Energy: -15.305678116606652 eV
Magnetic moment: 2.827647583745762e-15 Bohr magnetons
Energy: -15.305678116606652 eV
Calculating q=[0.21428571 0.21428571 0.        ]
Calculating q=[0.21428571 0.21428571 0.        ]
Calculating q=[0.21428571 0.21428571 0.        ]
Calculating q=[0.21428571 0.21428571 0.        ]
Calculating q=[0.21428571 0.21428571 0.        ]
Calculating q=[0.21428571 0.21428571 0.        ]
Calculating q=[0.21428571 0.21428571 0.        ]
Calculating q=[0.21428571 0.21428571 0.        ]
Calculating q=[0.21428571 0.21428571 0.        ]
Calculating q=[0.21428571 0.21428571 0.        ]
Calculating q=[0.21428571 0.21428571 0.        ]
Magnetic moment: 2.827647583745762e-15 Bohr magnetons
Calculating q=[0.21428571 0.21428571 0.        ]
Energy: -15.304785095462044 eV
Magnetic moment: -4.23952703981047e-15 Bohr magnetons
Energy: -15.304785095462044 eV
Magnetic moment: -4.23952703981047e-15 Bohr magnetons
Energy: -15.304785095462044 eV
Magnetic moment: -4.23952703981047e-15 Bohr magnetons
Energy: -15.304785095462044 eV
Magnetic moment: -4.23952703981047e-15 Bohr magnetons
Energy: -15.304785095462044 eV
Magnetic moment: -4.23952703981047e-15 Bohr magnetons
Energy: -15.304785095462044 eV
Magnetic moment: -4.23952703981047e-15 Bohr magnetons
Energy: -15.304785095462044 eV
Magnetic moment: -4.23952703981047e-15 Bohr magnetons
Energy: -15.304785095462044 eV
Magnetic moment: -4.23952703981047e-15 Bohr magnetons
Energy: -15.304785095462044 eV
Magnetic moment: -4.23952703981047e-15 Bohr magnetons
Energy: -15.304785095462044 eV
Magnetic moment: -4.23952703981047e-15 Bohr magnetons
Energy: -15.304785095462044 eV
Magnetic moment: -4.23952703981047e-15 Bohr magnetons
Energy: -15.304785095462044 eV
Magnetic moment: -4.23952703981047e-15 Bohr magnetons
Calculating q=[0.19047619 0.19047619 0.        ]
Calculating q=[0.19047619 0.19047619 0.        ]
Calculating q=[0.19047619 0.19047619 0.        ]
Calculating q=[0.19047619 0.19047619 0.        ]
Calculating q=[0.19047619 0.19047619 0.        ]
Calculating q=[0.19047619 0.19047619 0.        ]
Calculating q=[0.19047619 0.19047619 0.        ]
Calculating q=[0.19047619 0.19047619 0.        ]
Calculating q=[0.19047619 0.19047619 0.        ]
Calculating q=[0.19047619 0.19047619 0.        ]
Calculating q=[0.19047619 0.19047619 0.        ]
Calculating q=[0.19047619 0.19047619 0.        ]
Energy: -15.303703885549323 eV
Magnetic moment: 2.3689618737402335e-15 Bohr magnetons
Energy: -15.303703885549323 eV
Magnetic moment: 2.3689618737402335e-15 Bohr magnetons
Energy: -15.303703885549323 eV
Magnetic moment: 2.3689618737402335e-15 Bohr magnetons
Energy: -15.303703885549323 eV
Magnetic moment: 2.3689618737402335e-15 Bohr magnetons
Energy: -15.303703885549323 eV
Magnetic moment: 2.3689618737402335e-15 Bohr magnetons
Energy: -15.303703885549323 eV
Magnetic moment: 2.3689618737402335e-15 Bohr magnetons
Energy: -15.303703885549323 eV
Magnetic moment: 2.3689618737402335e-15 Bohr magnetons
Energy: -15.303703885549323 eV
Magnetic moment: 2.3689618737402335e-15 Bohr magnetons
Energy: -15.303703885549323 eV
Magnetic moment: 2.3689618737402335e-15 Bohr magnetons
Energy: -15.303703885549323 eV
Magnetic moment: 2.3689618737402335e-15 Bohr magnetons
Energy: -15.303703885549323 eV
Magnetic moment: 2.3689618737402335e-15 Bohr magnetons
Energy: -15.303703885549323 eV
Calculating q=[0.16666667 0.16666667 0.        ]
Calculating q=[0.16666667 0.16666667 0.        ]
Calculating q=[0.16666667 0.16666667 0.        ]
Calculating q=[0.16666667 0.16666667 0.        ]
Calculating q=[0.16666667 0.16666667 0.        ]
Calculating q=[0.16666667 0.16666667 0.        ]
Calculating q=[0.16666667 0.16666667 0.        ]
Calculating q=[0.16666667 0.16666667 0.        ]
Calculating q=[0.16666667 0.16666667 0.        ]
Calculating q=[0.16666667 0.16666667 0.        ]
Calculating q=[0.16666667 0.16666667 0.        ]
Magnetic moment: 2.3689618737402335e-15 Bohr magnetons
Calculating q=[0.16666667 0.16666667 0.        ]
Energy: -15.302397607951091 eV
Magnetic moment: -1.3712920231234647e-15 Bohr magnetons
Energy: -15.302397607951091 eV
Magnetic moment: -1.3712920231234647e-15 Bohr magnetons
Energy: -15.302397607951091 eV
Magnetic moment: -1.3712920231234647e-15 Bohr magnetons
Energy: -15.302397607951091 eV
Magnetic moment: -1.3712920231234647e-15 Bohr magnetons
Energy: -15.302397607951091 eV
Magnetic moment: -1.3712920231234647e-15 Bohr magnetons
Energy: -15.302397607951091 eV
Energy: -15.302397607951091 eV
Energy: -15.302397607951091 eV
Magnetic moment: -1.3712920231234647e-15 Bohr magnetons
Energy: -15.302397607951091 eV
Magnetic moment: -1.3712920231234647e-15 Bohr magnetons
Energy: -15.302397607951091 eV
Magnetic moment: -1.3712920231234647e-15 Bohr magnetons
Energy: -15.302397607951091 eV
Magnetic moment: -1.3712920231234647e-15 Bohr magnetons
Magnetic moment: -1.3712920231234647e-15 Bohr magnetons
Energy: -15.302397607951091 eV
Magnetic moment: -1.3712920231234647e-15 Bohr magnetons
Magnetic moment: -1.3712920231234647e-15 Bohr magnetons
Calculating q=[0.14285714 0.14285714 0.        ]
Calculating q=[0.14285714 0.14285714 0.        ]
Calculating q=[0.14285714 0.14285714 0.        ]
Calculating q=[0.14285714 0.14285714 0.        ]
Calculating q=[0.14285714 0.14285714 0.        ]
Calculating q=[0.14285714 0.14285714 0.        ]
Calculating q=[0.14285714 0.14285714 0.        ]
Calculating q=[0.14285714 0.14285714 0.        ]
Calculating q=[0.14285714 0.14285714 0.        ]
Calculating q=[0.14285714 0.14285714 0.        ]
Calculating q=[0.14285714 0.14285714 0.        ]
Calculating q=[0.14285714 0.14285714 0.        ]
Energy: -15.300852085370641 eV
Magnetic moment: 1.0453446660614791e-14 Bohr magnetons
Energy: -15.300852085370641 eV
Magnetic moment: 1.0453446660614791e-14 Bohr magnetons
Energy: -15.300852085370641 eV
Magnetic moment: 1.0453446660614791e-14 Bohr magnetons
Energy: -15.300852085370641 eV
Magnetic moment: 1.0453446660614791e-14 Bohr magnetons
Energy: -15.300852085370641 eV
Magnetic moment: 1.0453446660614791e-14 Bohr magnetons
Energy: -15.300852085370641 eV
Magnetic moment: 1.0453446660614791e-14 Bohr magnetons
Energy: -15.300852085370641 eV
Magnetic moment: 1.0453446660614791e-14 Bohr magnetons
Energy: -15.300852085370641 eV
Magnetic moment: 1.0453446660614791e-14 Bohr magnetons
Energy: -15.300852085370641 eV
Magnetic moment: 1.0453446660614791e-14 Bohr magnetons
Energy: -15.300852085370641 eV
Magnetic moment: 1.0453446660614791e-14 Bohr magnetons
Energy: -15.300852085370641 eV
Magnetic moment: 1.0453446660614791e-14 Bohr magnetons
Energy: -15.300852085370641 eV
Magnetic moment: 1.0453446660614791e-14 Bohr magnetons
Calculating q=[0.11904762 0.11904762 0.        ]
Calculating q=[0.11904762 0.11904762 0.        ]
Calculating q=[0.11904762 0.11904762 0.        ]
Calculating q=[0.11904762 0.11904762 0.        ]
Calculating q=[0.11904762 0.11904762 0.        ]
Calculating q=[0.11904762 0.11904762 0.        ]
Calculating q=[0.11904762 0.11904762 0.        ]
Calculating q=[0.11904762 0.11904762 0.        ]
Calculating q=[0.11904762 0.11904762 0.        ]
Calculating q=[0.11904762 0.11904762 0.        ]
Calculating q=[0.11904762 0.11904762 0.        ]
Calculating q=[0.11904762 0.11904762 0.        ]
Energy: -15.299104585016964 eV
Magnetic moment: 1.188823745228503e-15 Bohr magnetons
Energy: -15.299104585016964 eV
Magnetic moment: 1.188823745228503e-15 Bohr magnetons
Energy: -15.299104585016964 eV
Magnetic moment: 1.188823745228503e-15 Bohr magnetons
Energy: -15.299104585016964 eV
Magnetic moment: 1.188823745228503e-15 Bohr magnetons
Energy: -15.299104585016964 eV
Magnetic moment: 1.188823745228503e-15 Bohr magnetons
Energy: -15.299104585016964 eV
Magnetic moment: 1.188823745228503e-15 Bohr magnetons
Energy: -15.299104585016964 eV
Magnetic moment: 1.188823745228503e-15 Bohr magnetons
Energy: -15.299104585016964 eV
Magnetic moment: 1.188823745228503e-15 Bohr magnetons
Energy: -15.299104585016964 eV
Magnetic moment: 1.188823745228503e-15 Bohr magnetons
Energy: -15.299104585016964 eV
Magnetic moment: 1.188823745228503e-15 Bohr magnetons
Energy: -15.299104585016964 eV
Magnetic moment: 1.188823745228503e-15 Bohr magnetons
Energy: -15.299104585016964 eV
Magnetic moment: 1.188823745228503e-15 Bohr magnetons
Calculating q=[0.0952381 0.0952381 0.       ]
Calculating q=[0.0952381 0.0952381 0.       ]
Calculating q=[0.0952381 0.0952381 0.       ]
Calculating q=[0.0952381 0.0952381 0.       ]
Calculating q=[0.0952381 0.0952381 0.       ]
Calculating q=[0.0952381 0.0952381 0.       ]
Calculating q=[0.0952381 0.0952381 0.       ]
Calculating q=[0.0952381 0.0952381 0.       ]
Calculating q=[0.0952381 0.0952381 0.       ]
Calculating q=[0.0952381 0.0952381 0.       ]
Calculating q=[0.0952381 0.0952381 0.       ]
Calculating q=[0.0952381 0.0952381 0.       ]
Energy: -15.29725961983537 eV
Magnetic moment: -3.512549313735296e-15 Bohr magnetons
Energy: -15.29725961983537 eV
Magnetic moment: -3.512549313735296e-15 Bohr magnetons
Energy: -15.29725961983537 eV
Magnetic moment: -3.512549313735296e-15 Bohr magnetons
Energy: -15.29725961983537 eV
Magnetic moment: -3.512549313735296e-15 Bohr magnetons
Energy: -15.29725961983537 eV
Magnetic moment: -3.512549313735296e-15 Bohr magnetons
Energy: -15.29725961983537 eV
Magnetic moment: -3.512549313735296e-15 Bohr magnetons
Energy: -15.29725961983537 eV
Magnetic moment: -3.512549313735296e-15 Bohr magnetons
Energy: -15.29725961983537 eV
Magnetic moment: -3.512549313735296e-15 Bohr magnetons
Energy: -15.29725961983537 eV
Magnetic moment: -3.512549313735296e-15 Bohr magnetons
Energy: -15.29725961983537 eV
Magnetic moment: -3.512549313735296e-15 Bohr magnetons
Energy: -15.29725961983537 eV
Magnetic moment: -3.512549313735296e-15 Bohr magnetons
Energy: -15.29725961983537 eV
Magnetic moment: -3.512549313735296e-15 Bohr magnetons
Calculating q=[0.07142857 0.07142857 0.        ]
Calculating q=[0.07142857 0.07142857 0.        ]
Calculating q=[0.07142857 0.07142857 0.        ]
Calculating q=[0.07142857 0.07142857 0.        ]
Calculating q=[0.07142857 0.07142857 0.        ]
Calculating q=[0.07142857 0.07142857 0.        ]
Calculating q=[0.07142857 0.07142857 0.        ]
Calculating q=[0.07142857 0.07142857 0.        ]
Calculating q=[0.07142857 0.07142857 0.        ]
Calculating q=[0.07142857 0.07142857 0.        ]
Calculating q=[0.07142857 0.07142857 0.        ]
Calculating q=[0.07142857 0.07142857 0.        ]
Energy: -15.295484667778814 eV
Magnetic moment: -1.4943795144249828e-15 Bohr magnetons
Energy: -15.295484667778814 eV
Magnetic moment: -1.4943795144249828e-15 Bohr magnetons
Energy: -15.295484667778814 eV
Magnetic moment: -1.4943795144249828e-15 Bohr magnetons
Energy: -15.295484667778814 eV
Magnetic moment: -1.4943795144249828e-15 Bohr magnetons
Energy: -15.295484667778814 eV
Magnetic moment: -1.4943795144249828e-15 Bohr magnetons
Energy: -15.295484667778814 eV
Magnetic moment: -1.4943795144249828e-15 Bohr magnetons
Energy: -15.295484667778814 eV
Magnetic moment: -1.4943795144249828e-15 Bohr magnetons
Energy: -15.295484667778814 eV
Magnetic moment: -1.4943795144249828e-15 Bohr magnetons
Energy: -15.295484667778814 eV
Magnetic moment: -1.4943795144249828e-15 Bohr magnetons
Energy: -15.295484667778814 eV
Magnetic moment: -1.4943795144249828e-15 Bohr magnetons
Energy: -15.295484667778814 eV
Magnetic moment: -1.4943795144249828e-15 Bohr magnetons
Energy: -15.295484667778814 eV
Calculating q=[0.04761905 0.04761905 0.        ]
Calculating q=[0.04761905 0.04761905 0.        ]
Calculating q=[0.04761905 0.04761905 0.        ]
Calculating q=[0.04761905 0.04761905 0.        ]
Calculating q=[0.04761905 0.04761905 0.        ]
Calculating q=[0.04761905 0.04761905 0.        ]
Calculating q=[0.04761905 0.04761905 0.        ]
Calculating q=[0.04761905 0.04761905 0.        ]
Calculating q=[0.04761905 0.04761905 0.        ]
Calculating q=[0.04761905 0.04761905 0.        ]
Calculating q=[0.04761905 0.04761905 0.        ]
Magnetic moment: -1.4943795144249828e-15 Bohr magnetons
Calculating q=[0.04761905 0.04761905 0.        ]
Energy: -15.293994247085891 eV
Magnetic moment: 2.509173689510852e-16 Bohr magnetons
Energy: -15.293994247085891 eV
Magnetic moment: 2.509173689510852e-16 Bohr magnetons
Energy: -15.293994247085891 eV
Magnetic moment: 2.509173689510852e-16 Bohr magnetons
Energy: -15.293994247085891 eV
Magnetic moment: 2.509173689510852e-16 Bohr magnetons
Energy: -15.293994247085891 eV
Magnetic moment: 2.509173689510852e-16 Bohr magnetons
Energy: -15.293994247085891 eV
Magnetic moment: 2.509173689510852e-16 Bohr magnetons
Energy: -15.293994247085891 eV
Magnetic moment: 2.509173689510852e-16 Bohr magnetons
Energy: -15.293994247085891 eV
Magnetic moment: 2.509173689510852e-16 Bohr magnetons
Energy: -15.293994247085891 eV
Magnetic moment: 2.509173689510852e-16 Bohr magnetons
Energy: -15.293994247085891 eV
Magnetic moment: 2.509173689510852e-16 Bohr magnetons
Energy: -15.293994247085891 eV
Magnetic moment: 2.509173689510852e-16 Bohr magnetons
Energy: -15.293994247085891 eV
Magnetic moment: 2.509173689510852e-16 Bohr magnetons
Calculating q=[0.02380952 0.02380952 0.        ]
Calculating q=[0.02380952 0.02380952 0.        ]
Calculating q=[0.02380952 0.02380952 0.        ]
Calculating q=[0.02380952 0.02380952 0.        ]
Calculating q=[0.02380952 0.02380952 0.        ]
Calculating q=[0.02380952 0.02380952 0.        ]
Calculating q=[0.02380952 0.02380952 0.        ]
Calculating q=[0.02380952 0.02380952 0.        ]
Calculating q=[0.02380952 0.02380952 0.        ]
Calculating q=[0.02380952 0.02380952 0.        ]
Calculating q=[0.02380952 0.02380952 0.        ]
Calculating q=[0.02380952 0.02380952 0.        ]
Energy: -15.292998123161416 eV
Magnetic moment: 2.963515346972833e-11 Bohr magnetons
Energy: -15.292998123161416 eV
Magnetic moment: 2.963515346972833e-11 Bohr magnetons
Energy: -15.292998123161416 eV
Magnetic moment: 2.963515346972833e-11 Bohr magnetons
Energy: -15.292998123161416 eV
Magnetic moment: 2.963515346972833e-11 Bohr magnetons
Energy: -15.292998123161416 eV
Magnetic moment: 2.963515346972833e-11 Bohr magnetons
Energy: -15.292998123161416 eV
Magnetic moment: 2.963515346972833e-11 Bohr magnetons
Energy: -15.292998123161416 eV
Magnetic moment: 2.963515346972833e-11 Bohr magnetons
Energy: -15.292998123161416 eV
Magnetic moment: 2.963515346972833e-11 Bohr magnetons
Energy: -15.292998123161416 eV
Magnetic moment: 2.963515346972833e-11 Bohr magnetons
Energy: -15.292998123161416 eV
Magnetic moment: 2.963515346972833e-11 Bohr magnetons
Energy: -15.292998123161416 eV
Magnetic moment: 2.963515346972833e-11 Bohr magnetons
Energy: -15.292998123161416 eV
Calculating q=[0. 0. 0.]
Calculating q=[0. 0. 0.]
Calculating q=[0. 0. 0.]
Calculating q=[0. 0. 0.]
Calculating q=[0. 0. 0.]
Calculating q=[0. 0. 0.]
Calculating q=[0. 0. 0.]
Calculating q=[0. 0. 0.]
Calculating q=[0. 0. 0.]
Calculating q=[0. 0. 0.]
Calculating q=[0. 0. 0.]
Magnetic moment: 2.963515346972833e-11 Bohr magnetons
Calculating q=[0. 0. 0.]
Energy: -15.292651496992585 eV
Magnetic moment: 3.1961646252333134e-10 Bohr magnetons
Energy: -15.292651496992585 eV
Magnetic moment: 3.1961646252333134e-10 Bohr magnetons
Energy: -15.292651496992585 eV
Magnetic moment: 3.1961646252333134e-10 Bohr magnetons
Energy: -15.292651496992585 eV
Magnetic moment: 3.1961646252333134e-10 Bohr magnetons
Energy: -15.292651496992585 eV
Magnetic moment: 3.1961646252333134e-10 Bohr magnetons
Energy: -15.292651496992585 eV
Magnetic moment: 3.1961646252333134e-10 Bohr magnetons
Energy: -15.292651496992585 eV
Magnetic moment: 3.1961646252333134e-10 Bohr magnetons
Energy: -15.292651496992585 eV
Magnetic moment: 3.1961646252333134e-10 Bohr magnetons
Energy: -15.292651496992585 eV
Magnetic moment: 3.1961646252333134e-10 Bohr magnetons
Energy: -15.292651496992585 eV
Magnetic moment: 3.1961646252333134e-10 Bohr magnetons
Energy: -15.292651496992585 eV
Magnetic moment: 3.1961646252333134e-10 Bohr magnetons
Energy: -15.292651496992585 eV
Magnetic moment: 3.1961646252333134e-10 Bohr magnetons

------------------------------------------------------------
Sender: LSF System <lsfadmin@hpc.dtu.dk>
Subject: Job 21442237: <plot.py> in cluster <dcc> Done

Job <plot.py> was submitted from host <n-62-27-20> by user <s194099> in cluster <dcc> at Wed Apr 17 13:44:20 2024
Job was executed on host(s) <12*n-62-29-15>, in queue <hpc>, as user <s194099> in cluster <dcc> at Wed Apr 17 13:44:22 2024
</zhome/84/5/147090> was used as the home directory.
</zhome/84/5/147090/10302_NM/VBr2> was used as the working directory.
Started at Wed Apr 17 13:44:22 2024
Terminated at Wed Apr 17 17:16:19 2024
Results reported at Wed Apr 17 17:16:19 2024

Your job looked like:

------------------------------------------------------------
# LSBATCH: User input
#!/bin/bash -l
id=$LSB_JOBID
mq=/zhome/84/5/147090/.myqueue/lsf-$id
source /zhome/84/5/147090/venv1/bin/activate
echo "venv: /zhome/84/5/147090/venv1/bin/activate"
(touch $mq-0 && \
 cd '/zhome/84/5/147090/10302_NM/VBr2' && \
 mpiexec gpaw python plot.py && \
 touch $mq-1) || \
(touch $mq-2; exit 1)

------------------------------------------------------------

Successfully completed.

Resource usage summary:

    CPU time :                                   152536.89 sec.
    Max Memory :                                 8945 MB
    Average Memory :                             6598.35 MB
    Total Requested Memory :                     73728.00 MB
    Delta Memory :                               64783.00 MB
    Max Swap :                                   -
    Max Processes :                              17
    Max Threads :                                57
    Run time :                                   12808 sec.
    Turnaround time :                            12719 sec.

The output (if any) is above this job summary.



PS:

Read file </zhome/84/5/147090/10302_NM/VBr2/plot.py.21442237.err> for stderr output of this job.

