venv: /zhome/87/8/147075/venv-name/bin/activate
[1713435678.121872] [n-62-28-31:11581:0]          ib_md.c:1063 UCX  WARN  IB: ibv_fork_init() was disabled or failed, yet a fork() has been issued.
[1713435678.121912] [n-62-28-31:11581:0]          ib_md.c:1064 UCX  WARN  IB: data corruption might occur when using registered memory.
[1713435678.121879] [n-62-28-31:11583:0]          ib_md.c:1063 UCX  WARN  IB: ibv_fork_init() was disabled or failed, yet a fork() has been issued.
[1713435678.121914] [n-62-28-31:11583:0]          ib_md.c:1064 UCX  WARN  IB: data corruption might occur when using registered memory.
[1713435678.121855] [n-62-28-31:11584:0]          ib_md.c:1063 UCX  WARN  IB: ibv_fork_init() was disabled or failed, yet a fork() has been issued.
[1713435678.121956] [n-62-28-31:11584:0]          ib_md.c:1064 UCX  WARN  IB: data corruption might occur when using registered memory.
[1713435678.121855] [n-62-28-31:11585:0]          ib_md.c:1063 UCX  WARN  IB: ibv_fork_init() was disabled or failed, yet a fork() has been issued.
[1713435678.121895] [n-62-28-31:11585:0]          ib_md.c:1064 UCX  WARN  IB: data corruption might occur when using registered memory.
[1713435678.121910] [n-62-28-31:11592:0]          ib_md.c:1063 UCX  WARN  IB: ibv_fork_init() was disabled or failed, yet a fork() has been issued.
[1713435678.121870] [n-62-28-31:11593:0]          ib_md.c:1063 UCX  WARN  IB: ibv_fork_init() was disabled or failed, yet a fork() has been issued.
[1713435678.121914] [n-62-28-31:11593:0]          ib_md.c:1064 UCX  WARN  IB: data corruption might occur when using registered memory.
[1713435678.121874] [n-62-28-31:11594:0]          ib_md.c:1063 UCX  WARN  IB: ibv_fork_init() was disabled or failed, yet a fork() has been issued.
[1713435678.121915] [n-62-28-31:11594:0]          ib_md.c:1064 UCX  WARN  IB: data corruption might occur when using registered memory.
[1713435678.122004] [n-62-28-31:11580:0]          ib_md.c:1063 UCX  WARN  IB: ibv_fork_init() was disabled or failed, yet a fork() has been issued.
[1713435678.122060] [n-62-28-31:11580:0]          ib_md.c:1064 UCX  WARN  IB: data corruption might occur when using registered memory.
[1713435678.121928] [n-62-28-31:11582:0]          ib_md.c:1063 UCX  WARN  IB: ibv_fork_init() was disabled or failed, yet a fork() has been issued.
[1713435678.121963] [n-62-28-31:11582:0]          ib_md.c:1064 UCX  WARN  IB: data corruption might occur when using registered memory.
[1713435678.121921] [n-62-28-31:11586:0]          ib_md.c:1063 UCX  WARN  IB: ibv_fork_init() was disabled or failed, yet a fork() has been issued.
[1713435678.121958] [n-62-28-31:11586:0]          ib_md.c:1064 UCX  WARN  IB: data corruption might occur when using registered memory.
[1713435678.121929] [n-62-28-31:11588:0]          ib_md.c:1063 UCX  WARN  IB: ibv_fork_init() was disabled or failed, yet a fork() has been issued.
[1713435678.121966] [n-62-28-31:11588:0]          ib_md.c:1064 UCX  WARN  IB: data corruption might occur when using registered memory.
[1713435678.121905] [n-62-28-31:11591:0]          ib_md.c:1063 UCX  WARN  IB: ibv_fork_init() was disabled or failed, yet a fork() has been issued.
[1713435678.121951] [n-62-28-31:11591:0]          ib_md.c:1064 UCX  WARN  IB: data corruption might occur when using registered memory.
[1713435678.122188] [n-62-28-31:11592:0]          ib_md.c:1064 UCX  WARN  IB: data corruption might occur when using registered memory.
Calculating ground state
31 q-points in the path
=====================================
Calculating ground state
31 q-points in the path
=====================================
Calculating ground state
31 q-points in the path
=====================================
Calculating ground state
31 q-points in the path
=====================================
Calculating ground state
31 q-points in the path
=====================================
Calculating ground state
31 q-points in the path
=====================================
Calculating ground state
31 q-points in the path
=====================================
Calculating ground state
31 q-points in the path
=====================================
Calculating ground state
31 q-points in the path
=====================================
Calculating ground state
31 q-points in the path
=====================================
Calculating ground state
31 q-points in the path
=====================================
Calculating q=[0. 0. 0.]
Calculating ground state
31 q-points in the path
=====================================
Calculating q=[0. 0. 0.]
Calculating q=[0. 0. 0.]
Calculating q=[0. 0. 0.]
Calculating q=[0. 0. 0.]
Calculating q=[0. 0. 0.]
Calculating q=[0. 0. 0.]
Calculating q=[0. 0. 0.]
Calculating q=[0. 0. 0.]
Calculating q=[0. 0. 0.]
Calculating q=[0. 0. 0.]
Calculating q=[0. 0. 0.]

------------------------------------------------------------
Sender: LSF System <lsfadmin@hpc.dtu.dk>
Subject: Job 21469485: <plot.py> in cluster <dcc> Exited

Job <plot.py> was submitted from host <n-62-27-19> by user <s194113> in cluster <dcc> at Thu Apr 18 12:21:09 2024
Job was executed on host(s) <12*n-62-28-31>, in queue <hpc>, as user <s194113> in cluster <dcc> at Thu Apr 18 12:21:10 2024
</zhome/87/8/147075> was used as the home directory.
</zhome/87/8/147075/10302/10302_NM/VBr2> was used as the working directory.
Started at Thu Apr 18 12:21:10 2024
Terminated at Thu Apr 18 12:28:05 2024
Results reported at Thu Apr 18 12:28:05 2024

Your job looked like:

------------------------------------------------------------
# LSBATCH: User input
#!/bin/bash -l
id=$LSB_JOBID
mq=/zhome/87/8/147075/.myqueue/lsf-$id
source /zhome/87/8/147075/venv-name/bin/activate
echo "venv: /zhome/87/8/147075/venv-name/bin/activate"
(touch $mq-0 && \
 cd '/zhome/87/8/147075/10302/10302_NM/VBr2' && \
 mpiexec python3 plot.py && \
 touch $mq-1) || \
(touch $mq-2; exit 1)

------------------------------------------------------------

TERM_OWNER: job killed by owner.
Exited with exit code 1.

Resource usage summary:

    CPU time :                                   4861.00 sec.
    Max Memory :                                 3515 MB
    Average Memory :                             3077.80 MB
    Total Requested Memory :                     73728.00 MB
    Delta Memory :                               70213.00 MB
    Max Swap :                                   -
    Max Processes :                              17
    Max Threads :                                57
    Run time :                                   463 sec.
    Turnaround time :                            416 sec.

The output (if any) is above this job summary.



PS:

Read file </zhome/87/8/147075/10302/10302_NM/VBr2/plot.py.21469485.err> for stderr output of this job.

