Modules Release 4.8.0 (2021-07-14)
DCC-SW: Added modules (2023-aug/XeonE5-2660v3)
DCC-SW: Removed standard modules: /apps/dcc/etc/ModulesSL73/modulefiles
DCC-SW: Using gnu/12.3.0 compiler (requested)
DCC-SW: Released modules (2023-aug/XeonE5-2660v3)
DCC-SW: Added modules (2020-aug/XeonE5-2660v3)
DCC-SW: Removed standard modules: /apps/dcc/etc/ModulesSL73/modulefiles
DCC-SW: Using gnu/9.3.0 compiler
Loading python/3.8.5
  Loading requirement: build-tools/1.0 gcc/9.3.0 zlib/1.2.11 expat/2.2.0
    libffi/3.3
Loading scalapack/2.1.0
  Loading requirement: numactl/2.0.12 libxml2/2.9.10 hwloc/2.2.0 knem/1.1.4
    ucx/1.8.1 openmpi/4.0.4
rank=02 L00: Traceback (most recent call last):
rank=02 L01:   File "plot.py", line 46, in <module>
rank=02 L02:     energy = atoms.get_potential_energy()
rank=02 L03:   File "/zhome/87/8/147075/venv-name/ase/ase/atoms.py", line 755, in get_potential_energy
rank=02 L04:     energy = self._calc.get_potential_energy(self)
rank=02 L05:   File "/zhome/87/8/147075/venv-name/gpaw/gpaw/new/ase_interface.py", line 253, in get_potential_energy
rank=02 L06:     return self.calculate_property(atoms,
rank=02 L07:   File "/zhome/87/8/147075/venv-name/gpaw/gpaw/new/ase_interface.py", line 165, in calculate_property
rank=02 L08:     self.create_new_calculation(atoms)
rank=02 L09:   File "/zhome/87/8/147075/venv-name/gpaw/gpaw/new/ase_interface.py", line 204, in create_new_calculation
rank=02 L10:     self.calculation = DFTCalculation.from_parameters(
rank=02 L11:   File "/zhome/87/8/147075/venv-name/gpaw/gpaw/new/calculation.py", line 108, in from_parameters
rank=02 L12:     builder = builder or create_builder(atoms, params, log.comm)
rank=02 L13:   File "/zhome/87/8/147075/venv-name/gpaw/gpaw/new/builder.py", line 59, in builder
rank=02 L14:     return getattr(mod, f'{name}DFTComponentsBuilder')(
rank=02 L15:   File "/zhome/87/8/147075/venv-name/gpaw/gpaw/new/pw/builder.py", line 24, in __init__
rank=02 L16:     super().__init__(atoms, params, comm=comm, qspiral=qspiral)
rank=02 L17:   File "/zhome/87/8/147075/venv-name/gpaw/gpaw/new/pwfd/builder.py", line 17, in __init__
rank=02 L18:     super().__init__(atoms, params, comm=comm)
rank=02 L19:   File "/zhome/87/8/147075/venv-name/gpaw/gpaw/new/builder.py", line 114, in __init__
rank=02 L20:     self.communicators = create_communicators(comm, len(self.ibz),
rank=02 L21:   File "/zhome/87/8/147075/venv-name/gpaw/gpaw/new/builder.py", line 318, in create_communicators
rank=02 L22:     comms = parallelization.build_communicators()
rank=02 L23:   File "/zhome/87/8/147075/venv-name/gpaw/gpaw/mpi.py", line 1088, in build_communicators
rank=02 L24:     self.autofinalize()
rank=02 L25:   File "/zhome/87/8/147075/venv-name/gpaw/gpaw/mpi.py", line 1149, in autofinalize
rank=02 L26:     raise gpaw.BadParallelization(
rank=02 L27: gpaw.BadParallelization: All the CPUs must be used.  Have {'kpt': 4, 'domain': 1, 'band': 1} but 3 times more are available.
rank=03 L00: Traceback (most recent call last):
rank=03 L01:   File "plot.py", line 46, in <module>
rank=03 L02:     energy = atoms.get_potential_energy()
rank=03 L03:   File "/zhome/87/8/147075/venv-name/ase/ase/atoms.py", line 755, in get_potential_energy
rank=03 L04:     energy = self._calc.get_potential_energy(self)
rank=03 L05:   File "/zhome/87/8/147075/venv-name/gpaw/gpaw/new/ase_interface.py", line 253, in get_potential_energy
rank=03 L06:     return self.calculate_property(atoms,
rank=03 L07:   File "/zhome/87/8/147075/venv-name/gpaw/gpaw/new/ase_interface.py", line 165, in calculate_property
rank=03 L08:     self.create_new_calculation(atoms)
rank=03 L09:   File "/zhome/87/8/147075/venv-name/gpaw/gpaw/new/ase_interface.py", line 204, in create_new_calculation
rank=03 L10:     self.calculation = DFTCalculation.from_parameters(
rank=03 L11:   File "/zhome/87/8/147075/venv-name/gpaw/gpaw/new/calculation.py", line 108, in from_parameters
rank=03 L12:     builder = builder or create_builder(atoms, params, log.comm)
rank=03 L13:   File "/zhome/87/8/147075/venv-name/gpaw/gpaw/new/builder.py", line 59, in builder
rank=03 L14:     return getattr(mod, f'{name}DFTComponentsBuilder')(
rank=03 L15:   File "/zhome/87/8/147075/venv-name/gpaw/gpaw/new/pw/builder.py", line 24, in __init__
rank=03 L16:     super().__init__(atoms, params, comm=comm, qspiral=qspiral)
rank=03 L17:   File "/zhome/87/8/147075/venv-name/gpaw/gpaw/new/pwfd/builder.py", line 17, in __init__
rank=03 L18:     super().__init__(atoms, params, comm=comm)
rank=03 L19:   File "/zhome/87/8/147075/venv-name/gpaw/gpaw/new/builder.py", line 114, in __init__
rank=03 L20:     self.communicators = create_communicators(comm, len(self.ibz),
rank=03 L21:   File "/zhome/87/8/147075/venv-name/gpaw/gpaw/new/builder.py", line 318, in create_communicators
rank=03 L22:     comms = parallelization.build_communicators()
rank=03 L23:   File "/zhome/87/8/147075/venv-name/gpaw/gpaw/mpi.py", line 1088, in build_communicators
rank=03 L24:     self.autofinalize()
rank=03 L25:   File "/zhome/87/8/147075/venv-name/gpaw/gpaw/mpi.py", line 1149, in autofinalize
rank=03 L26:     raise gpaw.BadParallelization(
rank=03 L27: gpaw.BadParallelization: All the CPUs must be used.  Have {'kpt': 4, 'domain': 1, 'band': 1} but 3 times more are available.
rank=11 L00: Traceback (most recent call last):
rank=11 L01:   File "plot.py", line 46, in <module>
rank=11 L02:     energy = atoms.get_potential_energy()
rank=11 L03:   File "/zhome/87/8/147075/venv-name/ase/ase/atoms.py", line 755, in get_potential_energy
rank=11 L04:     energy = self._calc.get_potential_energy(self)
rank=11 L05:   File "/zhome/87/8/147075/venv-name/gpaw/gpaw/new/ase_interface.py", line 253, in get_potential_energy
rank=11 L06:     return self.calculate_property(atoms,
rank=11 L07:   File "/zhome/87/8/147075/venv-name/gpaw/gpaw/new/ase_interface.py", line 165, in calculate_property
rank=11 L08:     self.create_new_calculation(atoms)
rank=11 L09:   File "/zhome/87/8/147075/venv-name/gpaw/gpaw/new/ase_interface.py", line 204, in create_new_calculation
rank=11 L10:     self.calculation = DFTCalculation.from_parameters(
rank=11 L11:   File "/zhome/87/8/147075/venv-name/gpaw/gpaw/new/calculation.py", line 108, in from_parameters
rank=11 L12:     builder = builder or create_builder(atoms, params, log.comm)
rank=11 L13:   File "/zhome/87/8/147075/venv-name/gpaw/gpaw/new/builder.py", line 59, in builder
rank=11 L14:     return getattr(mod, f'{name}DFTComponentsBuilder')(
rank=11 L15:   File "/zhome/87/8/147075/venv-name/gpaw/gpaw/new/pw/builder.py", line 24, in __init__
rank=11 L16:     super().__init__(atoms, params, comm=comm, qspiral=qspiral)
rank=11 L17:   File "/zhome/87/8/147075/venv-name/gpaw/gpaw/new/pwfd/builder.py", line 17, in __init__
rank=11 L18:     super().__init__(atoms, params, comm=comm)
rank=11 L19:   File "/zhome/87/8/147075/venv-name/gpaw/gpaw/new/builder.py", line 114, in __init__
rank=11 L20:     self.communicators = create_communicators(comm, len(self.ibz),
rank=11 L21:   File "/zhome/87/8/147075/venv-name/gpaw/gpaw/new/builder.py", line 318, in create_communicators
rank=11 L22:     comms = parallelization.build_communicators()
rank=11 L23:   File "/zhome/87/8/147075/venv-name/gpaw/gpaw/mpi.py", line 1088, in build_communicators
rank=11 L24:     self.autofinalize()
rank=11 L25:   File "/zhome/87/8/147075/venv-name/gpaw/gpaw/mpi.py", line 1149, in autofinalize
rank=11 L26:     raise gpaw.BadParallelization(
rank=11 L27: gpaw.BadParallelization: All the CPUs must be used.  Have {'kpt': 4, 'domain': 1, 'band': 1} but 3 times more are available.
rank=05 L00: Traceback (most recent call last):
rank=05 L01:   File "plot.py", line 46, in <module>
rank=05 L02:     energy = atoms.get_potential_energy()
rank=05 L03:   File "/zhome/87/8/147075/venv-name/ase/ase/atoms.py", line 755, in get_potential_energy
rank=05 L04:     energy = self._calc.get_potential_energy(self)
rank=05 L05:   File "/zhome/87/8/147075/venv-name/gpaw/gpaw/new/ase_interface.py", line 253, in get_potential_energy
rank=05 L06:     return self.calculate_property(atoms,
rank=05 L07:   File "/zhome/87/8/147075/venv-name/gpaw/gpaw/new/ase_interface.py", line 165, in calculate_property
rank=05 L08:     self.create_new_calculation(atoms)
rank=05 L09:   File "/zhome/87/8/147075/venv-name/gpaw/gpaw/new/ase_interface.py", line 204, in create_new_calculation
rank=05 L10:     self.calculation = DFTCalculation.from_parameters(
rank=05 L11:   File "/zhome/87/8/147075/venv-name/gpaw/gpaw/new/calculation.py", line 108, in from_parameters
rank=05 L12:     builder = builder or create_builder(atoms, params, log.comm)
rank=05 L13:   File "/zhome/87/8/147075/venv-name/gpaw/gpaw/new/builder.py", line 59, in builder
rank=05 L14:     return getattr(mod, f'{name}DFTComponentsBuilder')(
rank=05 L15:   File "/zhome/87/8/147075/venv-name/gpaw/gpaw/new/pw/builder.py", line 24, in __init__
rank=05 L16:     super().__init__(atoms, params, comm=comm, qspiral=qspiral)
rank=05 L17:   File "/zhome/87/8/147075/venv-name/gpaw/gpaw/new/pwfd/builder.py", line 17, in __init__
rank=05 L18:     super().__init__(atoms, params, comm=comm)
rank=05 L19:   File "/zhome/87/8/147075/venv-name/gpaw/gpaw/new/builder.py", line 114, in __init__
rank=05 L20:     self.communicators = create_communicators(comm, len(self.ibz),
rank=05 L21:   File "/zhome/87/8/147075/venv-name/gpaw/gpaw/new/builder.py", line 318, in create_communicators
rank=05 L22:     comms = parallelization.build_communicators()
rank=05 L23:   File "/zhome/87/8/147075/venv-name/gpaw/gpaw/mpi.py", line 1088, in build_communicators
rank=05 L24:     self.autofinalize()
rank=05 L25:   File "/zhome/87/8/147075/venv-name/gpaw/gpaw/mpi.py", line 1149, in autofinalize
rank=05 L26:     raise gpaw.BadParallelization(
rank=05 L27: gpaw.BadParallelization: All the CPUs must be used.  Have {'kpt': 4, 'domain': 1, 'band': 1} but 3 times more are available.
GPAW CLEANUP (node 5): <class 'gpaw.BadParallelization'> occurred.  Calling MPI_Abort!
rank=06 L00: Traceback (most recent call last):
rank=06 L01:   File "plot.py", line 46, in <module>
rank=06 L02:     energy = atoms.get_potential_energy()
rank=06 L03:   File "/zhome/87/8/147075/venv-name/ase/ase/atoms.py", line 755, in get_potential_energy
rank=06 L04:     energy = self._calc.get_potential_energy(self)
rank=06 L05:   File "/zhome/87/8/147075/venv-name/gpaw/gpaw/new/ase_interface.py", line 253, in get_potential_energy
rank=06 L06:     return self.calculate_property(atoms,
rank=06 L07:   File "/zhome/87/8/147075/venv-name/gpaw/gpaw/new/ase_interface.py", line 165, in calculate_property
rank=06 L08:     self.create_new_calculation(atoms)
rank=06 L09:   File "/zhome/87/8/147075/venv-name/gpaw/gpaw/new/ase_interface.py", line 204, in create_new_calculation
rank=06 L10:     self.calculation = DFTCalculation.from_parameters(
rank=06 L11:   File "/zhome/87/8/147075/venv-name/gpaw/gpaw/new/calculation.py", line 108, in from_parameters
rank=06 L12:     builder = builder or create_builder(atoms, params, log.comm)
rank=06 L13:   File "/zhome/87/8/147075/venv-name/gpaw/gpaw/new/builder.py", line 59, in builder
rank=06 L14:     return getattr(mod, f'{name}DFTComponentsBuilder')(
rank=06 L15:   File "/zhome/87/8/147075/venv-name/gpaw/gpaw/new/pw/builder.py", line 24, in __init__
rank=06 L16:     super().__init__(atoms, params, comm=comm, qspiral=qspiral)
rank=06 L17:   File "/zhome/87/8/147075/venv-name/gpaw/gpaw/new/pwfd/builder.py", line 17, in __init__
rank=06 L18:     super().__init__(atoms, params, comm=comm)
rank=06 L19:   File "/zhome/87/8/147075/venv-name/gpaw/gpaw/new/builder.py", line 114, in __init__
rank=06 L20:     self.communicators = create_communicators(comm, len(self.ibz),
rank=06 L21:   File "/zhome/87/8/147075/venv-name/gpaw/gpaw/new/builder.py", line 318, in create_communicators
rank=06 L22:     comms = parallelization.build_communicators()
rank=06 L23:   File "/zhome/87/8/147075/venv-name/gpaw/gpaw/mpi.py", line 1088, in build_communicators
rank=06 L24:     self.autofinalize()
rank=06 L25:   File "/zhome/87/8/147075/venv-name/gpaw/gpaw/mpi.py", line 1149, in autofinalize
rank=06 L26:     raise gpaw.BadParallelization(
rank=06 L27: gpaw.BadParallelization: All the CPUs must be used.  Have {'kpt': 4, 'domain': 1, 'band': 1} but 3 times more are available.
GPAW CLEANUP (node 6): <class 'gpaw.BadParallelization'> occurred.  Calling MPI_Abort!
rank=08 L00: Traceback (most recent call last):
rank=08 L01:   File "plot.py", line 46, in <module>
rank=08 L02:     energy = atoms.get_potential_energy()
rank=08 L03:   File "/zhome/87/8/147075/venv-name/ase/ase/atoms.py", line 755, in get_potential_energy
rank=08 L04:     energy = self._calc.get_potential_energy(self)
rank=08 L05:   File "/zhome/87/8/147075/venv-name/gpaw/gpaw/new/ase_interface.py", line 253, in get_potential_energy
rank=08 L06:     return self.calculate_property(atoms,
rank=08 L07:   File "/zhome/87/8/147075/venv-name/gpaw/gpaw/new/ase_interface.py", line 165, in calculate_property
rank=08 L08:     self.create_new_calculation(atoms)
rank=08 L09:   File "/zhome/87/8/147075/venv-name/gpaw/gpaw/new/ase_interface.py", line 204, in create_new_calculation
rank=08 L10:     self.calculation = DFTCalculation.from_parameters(
rank=08 L11:   File "/zhome/87/8/147075/venv-name/gpaw/gpaw/new/calculation.py", line 108, in from_parameters
rank=08 L12:     builder = builder or create_builder(atoms, params, log.comm)
rank=08 L13:   File "/zhome/87/8/147075/venv-name/gpaw/gpaw/new/builder.py", line 59, in builder
rank=08 L14:     return getattr(mod, f'{name}DFTComponentsBuilder')(
rank=08 L15:   File "/zhome/87/8/147075/venv-name/gpaw/gpaw/new/pw/builder.py", line 24, in __init__
rank=08 L16:     super().__init__(atoms, params, comm=comm, qspiral=qspiral)
rank=08 L17:   File "/zhome/87/8/147075/venv-name/gpaw/gpaw/new/pwfd/builder.py", line 17, in __init__
rank=08 L18:     super().__init__(atoms, params, comm=comm)
rank=08 L19:   File "/zhome/87/8/147075/venv-name/gpaw/gpaw/new/builder.py", line 114, in __init__
rank=08 L20:     self.communicators = create_communicators(comm, len(self.ibz),
rank=08 L21:   File "/zhome/87/8/147075/venv-name/gpaw/gpaw/new/builder.py", line 318, in create_communicators
rank=08 L22:     comms = parallelization.build_communicators()
rank=08 L23:   File "/zhome/87/8/147075/venv-name/gpaw/gpaw/mpi.py", line 1088, in build_communicators
rank=08 L24:     self.autofinalize()
rank=08 L25:   File "/zhome/87/8/147075/venv-name/gpaw/gpaw/mpi.py", line 1149, in autofinalize
rank=08 L26:     raise gpaw.BadParallelization(
rank=08 L27: gpaw.BadParallelization: All the CPUs must be used.  Have {'kpt': 4, 'domain': 1, 'band': 1} but 3 times more are available.
GPAW CLEANUP (node 8): <class 'gpaw.BadParallelization'> occurred.  Calling MPI_Abort!
rank=09 L00: Traceback (most recent call last):
rank=09 L01:   File "plot.py", line 46, in <module>
rank=09 L02:     energy = atoms.get_potential_energy()
rank=09 L03:   File "/zhome/87/8/147075/venv-name/ase/ase/atoms.py", line 755, in get_potential_energy
rank=09 L04:     energy = self._calc.get_potential_energy(self)
rank=09 L05:   File "/zhome/87/8/147075/venv-name/gpaw/gpaw/new/ase_interface.py", line 253, in get_potential_energy
rank=09 L06:     return self.calculate_property(atoms,
rank=09 L07:   File "/zhome/87/8/147075/venv-name/gpaw/gpaw/new/ase_interface.py", line 165, in calculate_property
rank=09 L08:     self.create_new_calculation(atoms)
rank=09 L09:   File "/zhome/87/8/147075/venv-name/gpaw/gpaw/new/ase_interface.py", line 204, in create_new_calculation
rank=09 L10:     self.calculation = DFTCalculation.from_parameters(
rank=09 L11:   File "/zhome/87/8/147075/venv-name/gpaw/gpaw/new/calculation.py", line 108, in from_parameters
rank=09 L12:     builder = builder or create_builder(atoms, params, log.comm)
rank=09 L13:   File "/zhome/87/8/147075/venv-name/gpaw/gpaw/new/builder.py", line 59, in builder
rank=09 L14:     return getattr(mod, f'{name}DFTComponentsBuilder')(
rank=09 L15:   File "/zhome/87/8/147075/venv-name/gpaw/gpaw/new/pw/builder.py", line 24, in __init__
rank=09 L16:     super().__init__(atoms, params, comm=comm, qspiral=qspiral)
rank=09 L17:   File "/zhome/87/8/147075/venv-name/gpaw/gpaw/new/pwfd/builder.py", line 17, in __init__
rank=09 L18:     super().__init__(atoms, params, comm=comm)
rank=09 L19:   File "/zhome/87/8/147075/venv-name/gpaw/gpaw/new/builder.py", line 114, in __init__
rank=09 L20:     self.communicators = create_communicators(comm, len(self.ibz),
rank=09 L21:   File "/zhome/87/8/147075/venv-name/gpaw/gpaw/new/builder.py", line 318, in create_communicators
rank=09 L22:     comms = parallelization.build_communicators()
rank=09 L23:   File "/zhome/87/8/147075/venv-name/gpaw/gpaw/mpi.py", line 1088, in build_communicators
rank=09 L24:     self.autofinalize()
rank=09 L25:   File "/zhome/87/8/147075/venv-name/gpaw/gpaw/mpi.py", line 1149, in autofinalize
rank=09 L26:     raise gpaw.BadParallelization(
rank=09 L27: gpaw.BadParallelization: All the CPUs must be used.  Have {'kpt': 4, 'domain': 1, 'band': 1} but 3 times more are available.
GPAW CLEANUP (node 9): <class 'gpaw.BadParallelization'> occurred.  Calling MPI_Abort!
rank=10 L00: Traceback (most recent call last):
rank=10 L01:   File "plot.py", line 46, in <module>
rank=10 L02:     energy = atoms.get_potential_energy()
rank=10 L03:   File "/zhome/87/8/147075/venv-name/ase/ase/atoms.py", line 755, in get_potential_energy
rank=10 L04:     energy = self._calc.get_potential_energy(self)
rank=10 L05:   File "/zhome/87/8/147075/venv-name/gpaw/gpaw/new/ase_interface.py", line 253, in get_potential_energy
rank=10 L06:     return self.calculate_property(atoms,
rank=10 L07:   File "/zhome/87/8/147075/venv-name/gpaw/gpaw/new/ase_interface.py", line 165, in calculate_property
rank=10 L08:     self.create_new_calculation(atoms)
rank=10 L09:   File "/zhome/87/8/147075/venv-name/gpaw/gpaw/new/ase_interface.py", line 204, in create_new_calculation
rank=10 L10:     self.calculation = DFTCalculation.from_parameters(
rank=10 L11:   File "/zhome/87/8/147075/venv-name/gpaw/gpaw/new/calculation.py", line 108, in from_parameters
rank=10 L12:     builder = builder or create_builder(atoms, params, log.comm)
rank=10 L13:   File "/zhome/87/8/147075/venv-name/gpaw/gpaw/new/builder.py", line 59, in builder
rank=10 L14:     return getattr(mod, f'{name}DFTComponentsBuilder')(
rank=10 L15:   File "/zhome/87/8/147075/venv-name/gpaw/gpaw/new/pw/builder.py", line 24, in __init__
rank=10 L16:     super().__init__(atoms, params, comm=comm, qspiral=qspiral)
rank=10 L17:   File "/zhome/87/8/147075/venv-name/gpaw/gpaw/new/pwfd/builder.py", line 17, in __init__
rank=10 L18:     super().__init__(atoms, params, comm=comm)
rank=10 L19:   File "/zhome/87/8/147075/venv-name/gpaw/gpaw/new/builder.py", line 114, in __init__
rank=10 L20:     self.communicators = create_communicators(comm, len(self.ibz),
rank=10 L21:   File "/zhome/87/8/147075/venv-name/gpaw/gpaw/new/builder.py", line 318, in create_communicators
rank=10 L22:     comms = parallelization.build_communicators()
rank=10 L23:   File "/zhome/87/8/147075/venv-name/gpaw/gpaw/mpi.py", line 1088, in build_communicators
rank=10 L24:     self.autofinalize()
rank=10 L25:   File "/zhome/87/8/147075/venv-name/gpaw/gpaw/mpi.py", line 1149, in autofinalize
rank=10 L26:     raise gpaw.BadParallelization(
rank=10 L27: gpaw.BadParallelization: All the CPUs must be used.  Have {'kpt': 4, 'domain': 1, 'band': 1} but 3 times more are available.
GPAW CLEANUP (node 10): <class 'gpaw.BadParallelization'> occurred.  Calling MPI_Abort!
rank=01 L00: Traceback (most recent call last):
rank=01 L01:   File "plot.py", line 46, in <module>
rank=01 L02:     energy = atoms.get_potential_energy()
rank=01 L03:   File "/zhome/87/8/147075/venv-name/ase/ase/atoms.py", line 755, in get_potential_energy
rank=01 L04:     energy = self._calc.get_potential_energy(self)
rank=01 L05:   File "/zhome/87/8/147075/venv-name/gpaw/gpaw/new/ase_interface.py", line 253, in get_potential_energy
rank=01 L06:     return self.calculate_property(atoms,
rank=01 L07:   File "/zhome/87/8/147075/venv-name/gpaw/gpaw/new/ase_interface.py", line 165, in calculate_property
rank=01 L08:     self.create_new_calculation(atoms)
rank=01 L09:   File "/zhome/87/8/147075/venv-name/gpaw/gpaw/new/ase_interface.py", line 204, in create_new_calculation
rank=01 L10:     self.calculation = DFTCalculation.from_parameters(
rank=01 L11:   File "/zhome/87/8/147075/venv-name/gpaw/gpaw/new/calculation.py", line 108, in from_parameters
rank=01 L12:     builder = builder or create_builder(atoms, params, log.comm)
rank=01 L13:   File "/zhome/87/8/147075/venv-name/gpaw/gpaw/new/builder.py", line 59, in builder
rank=01 L14:     return getattr(mod, f'{name}DFTComponentsBuilder')(
rank=01 L15:   File "/zhome/87/8/147075/venv-name/gpaw/gpaw/new/pw/builder.py", line 24, in __init__
rank=01 L16:     super().__init__(atoms, params, comm=comm, qspiral=qspiral)
rank=01 L17:   File "/zhome/87/8/147075/venv-name/gpaw/gpaw/new/pwfd/builder.py", line 17, in __init__
rank=01 L18:     super().__init__(atoms, params, comm=comm)
rank=01 L19:   File "/zhome/87/8/147075/venv-name/gpaw/gpaw/new/builder.py", line 114, in __init__
rank=01 L20:     self.communicators = create_communicators(comm, len(self.ibz),
rank=01 L21:   File "/zhome/87/8/147075/venv-name/gpaw/gpaw/new/builder.py", line 318, in create_communicators
rank=01 L22:     comms = parallelization.build_communicators()
rank=01 L23:   File "/zhome/87/8/147075/venv-name/gpaw/gpaw/mpi.py", line 1088, in build_communicators
rank=01 L24:     self.autofinalize()
rank=01 L25:   File "/zhome/87/8/147075/venv-name/gpaw/gpaw/mpi.py", line 1149, in autofinalize
rank=01 L26:     raise gpaw.BadParallelization(
rank=01 L27: gpaw.BadParallelization: All the CPUs must be used.  Have {'kpt': 4, 'domain': 1, 'band': 1} but 3 times more are available.
GPAW CLEANUP (node 2): <class 'gpaw.BadParallelization'> occurred.  Calling MPI_Abort!
GPAW CLEANUP (node 3): <class 'gpaw.BadParallelization'> occurred.  Calling MPI_Abort!
rank=04 L00: Traceback (most recent call last):
rank=04 L01:   File "plot.py", line 46, in <module>
rank=04 L02:     energy = atoms.get_potential_energy()
rank=04 L03:   File "/zhome/87/8/147075/venv-name/ase/ase/atoms.py", line 755, in get_potential_energy
rank=04 L04:     energy = self._calc.get_potential_energy(self)
rank=04 L05:   File "/zhome/87/8/147075/venv-name/gpaw/gpaw/new/ase_interface.py", line 253, in get_potential_energy
rank=04 L06:     return self.calculate_property(atoms,
rank=04 L07:   File "/zhome/87/8/147075/venv-name/gpaw/gpaw/new/ase_interface.py", line 165, in calculate_property
rank=04 L08:     self.create_new_calculation(atoms)
rank=04 L09:   File "/zhome/87/8/147075/venv-name/gpaw/gpaw/new/ase_interface.py", line 204, in create_new_calculation
rank=04 L10:     self.calculation = DFTCalculation.from_parameters(
rank=04 L11:   File "/zhome/87/8/147075/venv-name/gpaw/gpaw/new/calculation.py", line 108, in from_parameters
rank=04 L12:     builder = builder or create_builder(atoms, params, log.comm)
rank=04 L13:   File "/zhome/87/8/147075/venv-name/gpaw/gpaw/new/builder.py", line 59, in builder
rank=04 L14:     return getattr(mod, f'{name}DFTComponentsBuilder')(
rank=04 L15:   File "/zhome/87/8/147075/venv-name/gpaw/gpaw/new/pw/builder.py", line 24, in __init__
rank=04 L16:     super().__init__(atoms, params, comm=comm, qspiral=qspiral)
rank=04 L17:   File "/zhome/87/8/147075/venv-name/gpaw/gpaw/new/pwfd/builder.py", line 17, in __init__
rank=04 L18:     super().__init__(atoms, params, comm=comm)
rank=04 L19:   File "/zhome/87/8/147075/venv-name/gpaw/gpaw/new/builder.py", line 114, in __init__
rank=04 L20:     self.communicators = create_communicators(comm, len(self.ibz),
rank=04 L21:   File "/zhome/87/8/147075/venv-name/gpaw/gpaw/new/builder.py", line 318, in create_communicators
rank=04 L22:     comms = parallelization.build_communicators()
rank=04 L23:   File "/zhome/87/8/147075/venv-name/gpaw/gpaw/mpi.py", line 1088, in build_communicators
rank=04 L24:     self.autofinalize()
rank=04 L25:   File "/zhome/87/8/147075/venv-name/gpaw/gpaw/mpi.py", line 1149, in autofinalize
rank=04 L26:     raise gpaw.BadParallelization(
rank=04 L27: gpaw.BadParallelization: All the CPUs must be used.  Have {'kpt': 4, 'domain': 1, 'band': 1} but 3 times more are available.
rank=00 L00: Traceback (most recent call last):
rank=00 L01:   File "plot.py", line 46, in <module>
rank=00 L02:     energy = atoms.get_potential_energy()
rank=00 L03:   File "/zhome/87/8/147075/venv-name/ase/ase/atoms.py", line 755, in get_potential_energy
rank=00 L04:     energy = self._calc.get_potential_energy(self)
rank=00 L05:   File "/zhome/87/8/147075/venv-name/gpaw/gpaw/new/ase_interface.py", line 253, in get_potential_energy
rank=00 L06:     return self.calculate_property(atoms,
rank=00 L07:   File "/zhome/87/8/147075/venv-name/gpaw/gpaw/new/ase_interface.py", line 165, in calculate_property
rank=00 L08:     self.create_new_calculation(atoms)
rank=00 L09:   File "/zhome/87/8/147075/venv-name/gpaw/gpaw/new/ase_interface.py", line 204, in create_new_calculation
rank=00 L10:     self.calculation = DFTCalculation.from_parameters(
rank=00 L11:   File "/zhome/87/8/147075/venv-name/gpaw/gpaw/new/calculation.py", line 108, in from_parameters
rank=00 L12:     builder = builder or create_builder(atoms, params, log.comm)
rank=00 L13:   File "/zhome/87/8/147075/venv-name/gpaw/gpaw/new/builder.py", line 59, in builder
rank=00 L14:     return getattr(mod, f'{name}DFTComponentsBuilder')(
rank=00 L15:   File "/zhome/87/8/147075/venv-name/gpaw/gpaw/new/pw/builder.py", line 24, in __init__
rank=00 L16:     super().__init__(atoms, params, comm=comm, qspiral=qspiral)
rank=00 L17:   File "/zhome/87/8/147075/venv-name/gpaw/gpaw/new/pwfd/builder.py", line 17, in __init__
rank=00 L18:     super().__init__(atoms, params, comm=comm)
rank=00 L19:   File "/zhome/87/8/147075/venv-name/gpaw/gpaw/new/builder.py", line 114, in __init__
rank=00 L20:     self.communicators = create_communicators(comm, len(self.ibz),
rank=00 L21:   File "/zhome/87/8/147075/venv-name/gpaw/gpaw/new/builder.py", line 318, in create_communicators
rank=00 L22:     comms = parallelization.build_communicators()
rank=00 L23:   File "/zhome/87/8/147075/venv-name/gpaw/gpaw/mpi.py", line 1088, in build_communicators
rank=00 L24:     self.autofinalize()
rank=00 L25:   File "/zhome/87/8/147075/venv-name/gpaw/gpaw/mpi.py", line 1149, in autofinalize
rank=00 L26:     raise gpaw.BadParallelization(
rank=00 L27: gpaw.BadParallelization: All the CPUs must be used.  Have {'kpt': 4, 'domain': 1, 'band': 1} but 3 times more are available.
GPAW CLEANUP (node 0): <class 'gpaw.BadParallelization'> occurred.  Calling MPI_Abort!
GPAW CLEANUP (node 1): <class 'gpaw.BadParallelization'> occurred.  Calling MPI_Abort!
GPAW CLEANUP (node 11): <class 'gpaw.BadParallelization'> occurred.  Calling MPI_Abort!
rank=07 L00: Traceback (most recent call last):
rank=07 L01:   File "plot.py", line 46, in <module>
rank=07 L02:     energy = atoms.get_potential_energy()
rank=07 L03:   File "/zhome/87/8/147075/venv-name/ase/ase/atoms.py", line 755, in get_potential_energy
rank=07 L04:     energy = self._calc.get_potential_energy(self)
rank=07 L05:   File "/zhome/87/8/147075/venv-name/gpaw/gpaw/new/ase_interface.py", line 253, in get_potential_energy
rank=07 L06:     return self.calculate_property(atoms,
rank=07 L07:   File "/zhome/87/8/147075/venv-name/gpaw/gpaw/new/ase_interface.py", line 165, in calculate_property
rank=07 L08:     self.create_new_calculation(atoms)
rank=07 L09:   File "/zhome/87/8/147075/venv-name/gpaw/gpaw/new/ase_interface.py", line 204, in create_new_calculation
rank=07 L10:     self.calculation = DFTCalculation.from_parameters(
rank=07 L11:   File "/zhome/87/8/147075/venv-name/gpaw/gpaw/new/calculation.py", line 108, in from_parameters
rank=07 L12:     builder = builder or create_builder(atoms, params, log.comm)
rank=07 L13:   File "/zhome/87/8/147075/venv-name/gpaw/gpaw/new/builder.py", line 59, in builder
rank=07 L14:     return getattr(mod, f'{name}DFTComponentsBuilder')(
rank=07 L15:   File "/zhome/87/8/147075/venv-name/gpaw/gpaw/new/pw/builder.py", line 24, in __init__
rank=07 L16:     super().__init__(atoms, params, comm=comm, qspiral=qspiral)
rank=07 L17:   File "/zhome/87/8/147075/venv-name/gpaw/gpaw/new/pwfd/builder.py", line 17, in __init__
rank=07 L18:     super().__init__(atoms, params, comm=comm)
rank=07 L19:   File "/zhome/87/8/147075/venv-name/gpaw/gpaw/new/builder.py", line 114, in __init__
rank=07 L20:     self.communicators = create_communicators(comm, len(self.ibz),
rank=07 L21:   File "/zhome/87/8/147075/venv-name/gpaw/gpaw/new/builder.py", line 318, in create_communicators
rank=07 L22:     comms = parallelization.build_communicators()
rank=07 L23:   File "/zhome/87/8/147075/venv-name/gpaw/gpaw/mpi.py", line 1088, in build_communicators
rank=07 L24:     self.autofinalize()
rank=07 L25:   File "/zhome/87/8/147075/venv-name/gpaw/gpaw/mpi.py", line 1149, in autofinalize
rank=07 L26:     raise gpaw.BadParallelization(
rank=07 L27: gpaw.BadParallelization: All the CPUs must be used.  Have {'kpt': 4, 'domain': 1, 'band': 1} but 3 times more are available.
GPAW CLEANUP (node 7): <class 'gpaw.BadParallelization'> occurred.  Calling MPI_Abort!
GPAW CLEANUP (node 4): <class 'gpaw.BadParallelization'> occurred.  Calling MPI_Abort!
--------------------------------------------------------------------------
MPI_ABORT was invoked on rank 11 in communicator MPI_COMM_WORLD
with errorcode 42.

NOTE: invoking MPI_ABORT causes Open MPI to kill all MPI processes.
You may or may not see output from other processes, depending on
exactly when Open MPI kills them.
--------------------------------------------------------------------------
[n-62-28-23:26597] PMIX ERROR: UNREACHABLE in file ../../../../../../../opal/mca/pmix/pmix3x/pmix/src/server/pmix_server.c at line 2193
[n-62-28-23:26597] PMIX ERROR: UNREACHABLE in file ../../../../../../../opal/mca/pmix/pmix3x/pmix/src/server/pmix_server.c at line 2193
[n-62-28-23:26597] PMIX ERROR: UNREACHABLE in file ../../../../../../../opal/mca/pmix/pmix3x/pmix/src/server/pmix_server.c at line 2193
[n-62-28-23:26597] PMIX ERROR: UNREACHABLE in file ../../../../../../../opal/mca/pmix/pmix3x/pmix/src/server/pmix_server.c at line 2193
[n-62-28-23:26597] PMIX ERROR: UNREACHABLE in file ../../../../../../../opal/mca/pmix/pmix3x/pmix/src/server/pmix_server.c at line 2193
[n-62-28-23:26597] PMIX ERROR: UNREACHABLE in file ../../../../../../../opal/mca/pmix/pmix3x/pmix/src/server/pmix_server.c at line 2193
[n-62-28-23:26597] PMIX ERROR: UNREACHABLE in file ../../../../../../../opal/mca/pmix/pmix3x/pmix/src/server/pmix_server.c at line 2193
[n-62-28-23:26597] PMIX ERROR: UNREACHABLE in file ../../../../../../../opal/mca/pmix/pmix3x/pmix/src/server/pmix_server.c at line 2193
[n-62-28-23:26597] PMIX ERROR: UNREACHABLE in file ../../../../../../../opal/mca/pmix/pmix3x/pmix/src/server/pmix_server.c at line 2193
[n-62-28-23:26597] PMIX ERROR: UNREACHABLE in file ../../../../../../../opal/mca/pmix/pmix3x/pmix/src/server/pmix_server.c at line 2193
[n-62-28-23:26597] 11 more processes have sent help message help-mpi-api.txt / mpi-abort
[n-62-28-23:26597] Set MCA parameter "orte_base_help_aggregate" to 0 to see all help / error messages
