venv: /zhome/87/8/147075/venv-name/bin/activate
[1714726049.174947] [n-62-28-31:14715:0]          ib_md.c:1063 UCX  WARN  IB: ibv_fork_init() was disabled or failed, yet a fork() has been issued.
[1714726049.175006] [n-62-28-31:14720:0]          ib_md.c:1063 UCX  WARN  IB: ibv_fork_init() was disabled or failed, yet a fork() has been issued.
[1714726049.175042] [n-62-28-31:14720:0]          ib_md.c:1064 UCX  WARN  IB: data corruption might occur when using registered memory.
[1714726049.175222] [n-62-28-31:14710:0]          ib_md.c:1063 UCX  WARN  IB: ibv_fork_init() was disabled or failed, yet a fork() has been issued.
[1714726049.175251] [n-62-28-31:14710:0]          ib_md.c:1064 UCX  WARN  IB: data corruption might occur when using registered memory.
[1714726049.175025] [n-62-28-31:14711:0]          ib_md.c:1063 UCX  WARN  IB: ibv_fork_init() was disabled or failed, yet a fork() has been issued.
[1714726049.175062] [n-62-28-31:14711:0]          ib_md.c:1064 UCX  WARN  IB: data corruption might occur when using registered memory.
[1714726049.175204] [n-62-28-31:14712:0]          ib_md.c:1063 UCX  WARN  IB: ibv_fork_init() was disabled or failed, yet a fork() has been issued.
[1714726049.175240] [n-62-28-31:14712:0]          ib_md.c:1064 UCX  WARN  IB: data corruption might occur when using registered memory.
[1714726049.175186] [n-62-28-31:14713:0]          ib_md.c:1063 UCX  WARN  IB: ibv_fork_init() was disabled or failed, yet a fork() has been issued.
[1714726049.175216] [n-62-28-31:14713:0]          ib_md.c:1064 UCX  WARN  IB: data corruption might occur when using registered memory.
[1714726049.175101] [n-62-28-31:14714:0]          ib_md.c:1063 UCX  WARN  IB: ibv_fork_init() was disabled or failed, yet a fork() has been issued.
[1714726049.175129] [n-62-28-31:14714:0]          ib_md.c:1064 UCX  WARN  IB: data corruption might occur when using registered memory.
[1714726049.175203] [n-62-28-31:14718:0]          ib_md.c:1063 UCX  WARN  IB: ibv_fork_init() was disabled or failed, yet a fork() has been issued.
[1714726049.175234] [n-62-28-31:14718:0]          ib_md.c:1064 UCX  WARN  IB: data corruption might occur when using registered memory.
[1714726049.175079] [n-62-28-31:14719:0]          ib_md.c:1063 UCX  WARN  IB: ibv_fork_init() was disabled or failed, yet a fork() has been issued.
[1714726049.175108] [n-62-28-31:14719:0]          ib_md.c:1064 UCX  WARN  IB: data corruption might occur when using registered memory.
[1714726049.175082] [n-62-28-31:14715:0]          ib_md.c:1064 UCX  WARN  IB: data corruption might occur when using registered memory.
[1714726049.175125] [n-62-28-31:14721:0]          ib_md.c:1063 UCX  WARN  IB: ibv_fork_init() was disabled or failed, yet a fork() has been issued.
[1714726049.175158] [n-62-28-31:14721:0]          ib_md.c:1064 UCX  WARN  IB: data corruption might occur when using registered memory.
[1714726049.175094] [n-62-28-31:14722:0]          ib_md.c:1063 UCX  WARN  IB: ibv_fork_init() was disabled or failed, yet a fork() has been issued.
[1714726049.175127] [n-62-28-31:14722:0]          ib_md.c:1064 UCX  WARN  IB: data corruption might occur when using registered memory.
[1714726049.176018] [n-62-28-31:14716:0]          ib_md.c:1063 UCX  WARN  IB: ibv_fork_init() was disabled or failed, yet a fork() has been issued.
[1714726049.176058] [n-62-28-31:14716:0]          ib_md.c:1064 UCX  WARN  IB: data corruption might occur when using registered memory.

------------------------------------------------------------
Sender: LSF System <lsfadmin@hpc.dtu.dk>
Subject: Job 21673488: <soc.py> in cluster <dcc> Exited

Job <soc.py> was submitted from host <n-62-30-1> by user <s194113> in cluster <dcc> at Fri May  3 10:44:58 2024
Job was executed on host(s) <12*n-62-28-31>, in queue <hpc>, as user <s194113> in cluster <dcc> at Fri May  3 10:47:24 2024
</zhome/87/8/147075> was used as the home directory.
</work3/s194113/10302/10302_NM/NiI2_Supercell> was used as the working directory.
Started at Fri May  3 10:47:24 2024
Terminated at Fri May  3 10:47:42 2024
Results reported at Fri May  3 10:47:42 2024

Your job looked like:

------------------------------------------------------------
# LSBATCH: User input
#!/bin/bash -l
id=$LSB_JOBID
mq=/work3/s194113/10302/10302_NM/.myqueue/lsf-$id
source /zhome/87/8/147075/venv-name/bin/activate
echo "venv: /zhome/87/8/147075/venv-name/bin/activate"
(touch $mq-0 && \
 cd '/work3/s194113/10302/10302_NM/NiI2_Supercell' && \
 mpiexec python3 soc.py && \
 touch $mq-1) || \
(touch $mq-2; exit 1)

------------------------------------------------------------

Exited with exit code 1.

Resource usage summary:

    CPU time :                                   14.00 sec.
    Max Memory :                                 601 MB
    Average Memory :                             601.00 MB
    Total Requested Memory :                     73728.00 MB
    Delta Memory :                               73127.00 MB
    Max Swap :                                   -
    Max Processes :                              17
    Max Threads :                                57
    Run time :                                   19 sec.
    Turnaround time :                            164 sec.

The output (if any) is above this job summary.



PS:

Read file </work3/s194113/10302/10302_NM/NiI2_Supercell/soc.py.21673488.err> for stderr output of this job.

